#-----------------------------------------------------------
# xsim v2023.2 (64-bit)
# SW Build 4029153 on Fri Oct 13 20:13:54 MDT 2023
# IP Build 4028589 on Sat Oct 14 00:45:43 MDT 2023
# SharedData Build 4025554 on Tue Oct 10 17:18:54 MDT 2023
# Start of session at: Tue Jan 14 08:14:22 2025
# Process ID: 208841
# Current directory: /data/hlssynt-users/rflynn/transformer-synthesis/hls4ml_projects/keras_mha_Vitis/myproject_prj/solution1/sim/verilog
# Command line: xsim -mode tcl -source {xsim.dir/myproject/xsim_script.tcl}
# Log file: /data/hlssynt-users/rflynn/transformer-synthesis/hls4ml_projects/keras_mha_Vitis/myproject_prj/solution1/sim/verilog/xsim.log
# Journal file: /data/hlssynt-users/rflynn/transformer-synthesis/hls4ml_projects/keras_mha_Vitis/myproject_prj/solution1/sim/verilog/xsim.jou
# Running On: olhsw-01.cern.ch, OS: Linux, CPU Frequency: 3600.000 MHz, CPU Physical cores: 26, Host memory: 134520 MB
#-----------------------------------------------------------
source xsim.dir/myproject/xsim_script.tcl
# xsim {myproject} -view {{myproject_dataflow_ana.wcfg}} -tclbatch {myproject.tcl} -protoinst {myproject.protoinst}
INFO: [Wavedata 42-565] Reading protoinst file myproject.protoinst
INFO: [Wavedata 42-564]   Found protocol instance at /apatb_myproject_top/AESL_inst_myproject//AESL_inst_myproject_activity
INFO: [Wavedata 42-564]   Found protocol instance at /apatb_myproject_top/AESL_inst_myproject/grp_multiheadattention_ap_fixed_16_6_5_3_0_ap_fixed_33_13_5_3_0_config3_s_fu_206/data_prep_ap_fixed_16_6_5_3_0_ap_fixed_33_13_5_3_0_config3_6_U0/data_prep_ap_fixed_16_6_5_3_0_ap_fixed_33_13_5_3_0_config3_6_U0_activity
INFO: [Wavedata 42-564]   Found protocol instance at /apatb_myproject_top/AESL_inst_myproject/grp_multiheadattention_ap_fixed_16_6_5_3_0_ap_fixed_33_13_5_3_0_config3_s_fu_206/data_prep_ap_fixed_16_6_5_3_0_ap_fixed_33_13_5_3_0_config3_7_U0/data_prep_ap_fixed_16_6_5_3_0_ap_fixed_33_13_5_3_0_config3_7_U0_activity
INFO: [Wavedata 42-564]   Found protocol instance at /apatb_myproject_top/AESL_inst_myproject/grp_multiheadattention_ap_fixed_16_6_5_3_0_ap_fixed_33_13_5_3_0_config3_s_fu_206/data_prep_ap_fixed_16_6_5_3_0_ap_fixed_33_13_5_3_0_config3_8_U0/data_prep_ap_fixed_16_6_5_3_0_ap_fixed_33_13_5_3_0_config3_8_U0_activity
INFO: [Wavedata 42-564]   Found protocol instance at /apatb_myproject_top/AESL_inst_myproject/grp_multiheadattention_ap_fixed_16_6_5_3_0_ap_fixed_33_13_5_3_0_config3_s_fu_206/data_prep_ap_fixed_16_6_5_3_0_ap_fixed_33_13_5_3_0_config3_U0/data_prep_ap_fixed_16_6_5_3_0_ap_fixed_33_13_5_3_0_config3_U0_activity
INFO: [Wavedata 42-564]   Found protocol instance at /apatb_myproject_top/AESL_inst_myproject/grp_multiheadattention_ap_fixed_16_6_5_3_0_ap_fixed_33_13_5_3_0_config3_s_fu_206/dense_out_ap_fixed_33_13_5_3_0_ap_fixed_33_13_5_3_0_config3_U0/dense_out_ap_fixed_33_13_5_3_0_ap_fixed_33_13_5_3_0_config3_U0_activity
INFO: [Wavedata 42-564]   Found protocol instance at /apatb_myproject_top/AESL_inst_myproject/grp_multiheadattention_ap_fixed_16_6_5_3_0_ap_fixed_33_13_5_3_0_config3_s_fu_206/grp_multiheadattention_ap_fixed_16_6_5_3_0_ap_fixed_33_13_5_3_0_config3_s_fu_206_activity
INFO: [Wavedata 42-564]   Found protocol instance at /apatb_myproject_top/AESL_inst_myproject/grp_multiheadattention_ap_fixed_16_6_5_3_0_ap_fixed_33_13_5_3_0_config3_s_fu_206/lin_projection_ap_fixed_16_6_5_3_0_ap_fixed_33_13_5_3_0_config3_3_U0/grp_dense_latency_ap_fixed_16_6_5_3_0_ap_fixed_33_13_5_3_0_config3_1_1_fu_109/grp_dense_latency_ap_fixed_16_6_5_3_0_ap_fixed_33_13_5_3_0_config3_1_1_fu_109_activity
INFO: [Wavedata 42-564]   Found protocol instance at /apatb_myproject_top/AESL_inst_myproject/grp_multiheadattention_ap_fixed_16_6_5_3_0_ap_fixed_33_13_5_3_0_config3_s_fu_206/lin_projection_ap_fixed_16_6_5_3_0_ap_fixed_33_13_5_3_0_config3_3_U0/grp_dense_latency_ap_fixed_16_6_5_3_0_ap_fixed_33_13_5_3_0_config3_1_2_fu_121/grp_dense_latency_ap_fixed_16_6_5_3_0_ap_fixed_33_13_5_3_0_config3_1_2_fu_121_activity
INFO: [Wavedata 42-564]   Found protocol instance at /apatb_myproject_top/AESL_inst_myproject/grp_multiheadattention_ap_fixed_16_6_5_3_0_ap_fixed_33_13_5_3_0_config3_s_fu_206/lin_projection_ap_fixed_16_6_5_3_0_ap_fixed_33_13_5_3_0_config3_3_U0/grp_dense_latency_ap_fixed_16_6_5_3_0_ap_fixed_33_13_5_3_0_config3_1_s_fu_97/grp_dense_latency_ap_fixed_16_6_5_3_0_ap_fixed_33_13_5_3_0_config3_1_s_fu_97_activity
INFO: [Wavedata 42-564]   Found protocol instance at /apatb_myproject_top/AESL_inst_myproject/grp_multiheadattention_ap_fixed_16_6_5_3_0_ap_fixed_33_13_5_3_0_config3_s_fu_206/lin_projection_ap_fixed_16_6_5_3_0_ap_fixed_33_13_5_3_0_config3_3_U0/grp_read_stream_array_ap_fixed_16_6_5_3_0_4_s_fu_73/grp_read_stream_array_ap_fixed_16_6_5_3_0_4_s_fu_73_activity
INFO: [Wavedata 42-564]   Found protocol instance at /apatb_myproject_top/AESL_inst_myproject/grp_multiheadattention_ap_fixed_16_6_5_3_0_ap_fixed_33_13_5_3_0_config3_s_fu_206/lin_projection_ap_fixed_16_6_5_3_0_ap_fixed_33_13_5_3_0_config3_3_U0/grp_read_stream_array_ap_fixed_16_6_5_3_0_4_s_fu_85/grp_read_stream_array_ap_fixed_16_6_5_3_0_4_s_fu_85_activity
INFO: [Wavedata 42-564]   Found protocol instance at /apatb_myproject_top/AESL_inst_myproject/grp_multiheadattention_ap_fixed_16_6_5_3_0_ap_fixed_33_13_5_3_0_config3_s_fu_206/lin_projection_ap_fixed_16_6_5_3_0_ap_fixed_33_13_5_3_0_config3_3_U0/lin_projection_ap_fixed_16_6_5_3_0_ap_fixed_33_13_5_3_0_config3_3_U0_activity
INFO: [Wavedata 42-564]   Found protocol instance at /apatb_myproject_top/AESL_inst_myproject/grp_multiheadattention_ap_fixed_16_6_5_3_0_ap_fixed_33_13_5_3_0_config3_s_fu_206/lin_projection_ap_fixed_16_6_5_3_0_ap_fixed_33_13_5_3_0_config3_U0/grp_dense_latency_ap_fixed_16_6_5_3_0_ap_fixed_33_13_5_3_0_config3_1_1_fu_109/grp_dense_latency_ap_fixed_16_6_5_3_0_ap_fixed_33_13_5_3_0_config3_1_1_fu_109_activity
INFO: [Wavedata 42-564]   Found protocol instance at /apatb_myproject_top/AESL_inst_myproject/grp_multiheadattention_ap_fixed_16_6_5_3_0_ap_fixed_33_13_5_3_0_config3_s_fu_206/lin_projection_ap_fixed_16_6_5_3_0_ap_fixed_33_13_5_3_0_config3_U0/grp_dense_latency_ap_fixed_16_6_5_3_0_ap_fixed_33_13_5_3_0_config3_1_2_fu_121/grp_dense_latency_ap_fixed_16_6_5_3_0_ap_fixed_33_13_5_3_0_config3_1_2_fu_121_activity
INFO: [Wavedata 42-564]   Found protocol instance at /apatb_myproject_top/AESL_inst_myproject/grp_multiheadattention_ap_fixed_16_6_5_3_0_ap_fixed_33_13_5_3_0_config3_s_fu_206/lin_projection_ap_fixed_16_6_5_3_0_ap_fixed_33_13_5_3_0_config3_U0/grp_dense_latency_ap_fixed_16_6_5_3_0_ap_fixed_33_13_5_3_0_config3_1_s_fu_97/grp_dense_latency_ap_fixed_16_6_5_3_0_ap_fixed_33_13_5_3_0_config3_1_s_fu_97_activity
INFO: [Wavedata 42-564]   Found protocol instance at /apatb_myproject_top/AESL_inst_myproject/grp_multiheadattention_ap_fixed_16_6_5_3_0_ap_fixed_33_13_5_3_0_config3_s_fu_206/lin_projection_ap_fixed_16_6_5_3_0_ap_fixed_33_13_5_3_0_config3_U0/grp_read_stream_array_ap_fixed_16_6_5_3_0_4_s_fu_73/grp_read_stream_array_ap_fixed_16_6_5_3_0_4_s_fu_73_activity
INFO: [Wavedata 42-564]   Found protocol instance at /apatb_myproject_top/AESL_inst_myproject/grp_multiheadattention_ap_fixed_16_6_5_3_0_ap_fixed_33_13_5_3_0_config3_s_fu_206/lin_projection_ap_fixed_16_6_5_3_0_ap_fixed_33_13_5_3_0_config3_U0/grp_read_stream_array_ap_fixed_16_6_5_3_0_4_s_fu_85/grp_read_stream_array_ap_fixed_16_6_5_3_0_4_s_fu_85_activity
INFO: [Wavedata 42-564]   Found protocol instance at /apatb_myproject_top/AESL_inst_myproject/grp_multiheadattention_ap_fixed_16_6_5_3_0_ap_fixed_33_13_5_3_0_config3_s_fu_206/lin_projection_ap_fixed_16_6_5_3_0_ap_fixed_33_13_5_3_0_config3_U0/lin_projection_ap_fixed_16_6_5_3_0_ap_fixed_33_13_5_3_0_config3_U0_activity
INFO: [Wavedata 42-564]   Found protocol instance at /apatb_myproject_top/AESL_inst_myproject/grp_multiheadattention_ap_fixed_16_6_5_3_0_ap_fixed_33_13_5_3_0_config3_s_fu_206/matrixmul_ap_fixed_33_13_5_3_0_ap_fixed_33_13_5_3_0_config3_5_U0/matrixmul_ap_fixed_33_13_5_3_0_ap_fixed_33_13_5_3_0_config3_5_U0_activity
INFO: [Wavedata 42-564]   Found protocol instance at /apatb_myproject_top/AESL_inst_myproject/grp_multiheadattention_ap_fixed_16_6_5_3_0_ap_fixed_33_13_5_3_0_config3_s_fu_206/matrixmul_ap_fixed_33_13_5_3_0_ap_fixed_33_13_5_3_0_config3_U0/matrixmul_ap_fixed_33_13_5_3_0_ap_fixed_33_13_5_3_0_config3_U0_activity
INFO: [Wavedata 42-564]   Found protocol instance at /apatb_myproject_top/AESL_inst_myproject/grp_multiheadattention_ap_fixed_16_6_5_3_0_ap_fixed_33_13_5_3_0_config3_s_fu_206/matrixmul_transpose_ap_fixed_ap_fixed_33_13_5_3_0_config3_1_U0/grp_softmax_legacy_ap_fixed_ap_fixed_33_13_5_3_0_softmax_config3_s_fu_124/grp_softmax_legacy_ap_fixed_ap_fixed_33_13_5_3_0_softmax_config3_s_fu_124_activity
INFO: [Wavedata 42-564]   Found protocol instance at /apatb_myproject_top/AESL_inst_myproject/grp_multiheadattention_ap_fixed_16_6_5_3_0_ap_fixed_33_13_5_3_0_config3_s_fu_206/matrixmul_transpose_ap_fixed_ap_fixed_33_13_5_3_0_config3_1_U0/grp_softmax_legacy_ap_fixed_ap_fixed_33_13_5_3_0_softmax_config3_s_fu_152/grp_softmax_legacy_ap_fixed_ap_fixed_33_13_5_3_0_softmax_config3_s_fu_152_activity
INFO: [Wavedata 42-564]   Found protocol instance at /apatb_myproject_top/AESL_inst_myproject/grp_multiheadattention_ap_fixed_16_6_5_3_0_ap_fixed_33_13_5_3_0_config3_s_fu_206/matrixmul_transpose_ap_fixed_ap_fixed_33_13_5_3_0_config3_1_U0/grp_softmax_legacy_ap_fixed_ap_fixed_33_13_5_3_0_softmax_config3_s_fu_180/grp_softmax_legacy_ap_fixed_ap_fixed_33_13_5_3_0_softmax_config3_s_fu_180_activity
INFO: [Wavedata 42-564]   Found protocol instance at /apatb_myproject_top/AESL_inst_myproject/grp_multiheadattention_ap_fixed_16_6_5_3_0_ap_fixed_33_13_5_3_0_config3_s_fu_206/matrixmul_transpose_ap_fixed_ap_fixed_33_13_5_3_0_config3_1_U0/grp_softmax_legacy_ap_fixed_ap_fixed_33_13_5_3_0_softmax_config3_s_fu_208/grp_softmax_legacy_ap_fixed_ap_fixed_33_13_5_3_0_softmax_config3_s_fu_208_activity
INFO: [Wavedata 42-564]   Found protocol instance at /apatb_myproject_top/AESL_inst_myproject/grp_multiheadattention_ap_fixed_16_6_5_3_0_ap_fixed_33_13_5_3_0_config3_s_fu_206/matrixmul_transpose_ap_fixed_ap_fixed_33_13_5_3_0_config3_1_U0/grp_softmax_legacy_ap_fixed_ap_fixed_33_13_5_3_0_softmax_config3_s_fu_236/grp_softmax_legacy_ap_fixed_ap_fixed_33_13_5_3_0_softmax_config3_s_fu_236_activity
INFO: [Wavedata 42-564]   Found protocol instance at /apatb_myproject_top/AESL_inst_myproject/grp_multiheadattention_ap_fixed_16_6_5_3_0_ap_fixed_33_13_5_3_0_config3_s_fu_206/matrixmul_transpose_ap_fixed_ap_fixed_33_13_5_3_0_config3_1_U0/grp_softmax_legacy_ap_fixed_ap_fixed_33_13_5_3_0_softmax_config3_s_fu_264/grp_softmax_legacy_ap_fixed_ap_fixed_33_13_5_3_0_softmax_config3_s_fu_264_activity
INFO: [Wavedata 42-564]   Found protocol instance at /apatb_myproject_top/AESL_inst_myproject/grp_multiheadattention_ap_fixed_16_6_5_3_0_ap_fixed_33_13_5_3_0_config3_s_fu_206/matrixmul_transpose_ap_fixed_ap_fixed_33_13_5_3_0_config3_1_U0/grp_softmax_legacy_ap_fixed_ap_fixed_33_13_5_3_0_softmax_config3_s_fu_292/grp_softmax_legacy_ap_fixed_ap_fixed_33_13_5_3_0_softmax_config3_s_fu_292_activity
INFO: [Wavedata 42-564]   Found protocol instance at /apatb_myproject_top/AESL_inst_myproject/grp_multiheadattention_ap_fixed_16_6_5_3_0_ap_fixed_33_13_5_3_0_config3_s_fu_206/matrixmul_transpose_ap_fixed_ap_fixed_33_13_5_3_0_config3_1_U0/grp_softmax_legacy_ap_fixed_ap_fixed_33_13_5_3_0_softmax_config3_s_fu_320/grp_softmax_legacy_ap_fixed_ap_fixed_33_13_5_3_0_softmax_config3_s_fu_320_activity
INFO: [Wavedata 42-564]   Found protocol instance at /apatb_myproject_top/AESL_inst_myproject/grp_multiheadattention_ap_fixed_16_6_5_3_0_ap_fixed_33_13_5_3_0_config3_s_fu_206/matrixmul_transpose_ap_fixed_ap_fixed_33_13_5_3_0_config3_1_U0/grp_softmax_legacy_ap_fixed_ap_fixed_33_13_5_3_0_softmax_config3_s_fu_348/grp_softmax_legacy_ap_fixed_ap_fixed_33_13_5_3_0_softmax_config3_s_fu_348_activity
INFO: [Wavedata 42-564]   Found protocol instance at /apatb_myproject_top/AESL_inst_myproject/grp_multiheadattention_ap_fixed_16_6_5_3_0_ap_fixed_33_13_5_3_0_config3_s_fu_206/matrixmul_transpose_ap_fixed_ap_fixed_33_13_5_3_0_config3_1_U0/grp_softmax_legacy_ap_fixed_ap_fixed_33_13_5_3_0_softmax_config3_s_fu_376/grp_softmax_legacy_ap_fixed_ap_fixed_33_13_5_3_0_softmax_config3_s_fu_376_activity
INFO: [Wavedata 42-564]   Found protocol instance at /apatb_myproject_top/AESL_inst_myproject/grp_multiheadattention_ap_fixed_16_6_5_3_0_ap_fixed_33_13_5_3_0_config3_s_fu_206/matrixmul_transpose_ap_fixed_ap_fixed_33_13_5_3_0_config3_1_U0/grp_softmax_legacy_ap_fixed_ap_fixed_33_13_5_3_0_softmax_config3_s_fu_404/grp_softmax_legacy_ap_fixed_ap_fixed_33_13_5_3_0_softmax_config3_s_fu_404_activity
INFO: [Wavedata 42-564]   Found protocol instance at /apatb_myproject_top/AESL_inst_myproject/grp_multiheadattention_ap_fixed_16_6_5_3_0_ap_fixed_33_13_5_3_0_config3_s_fu_206/matrixmul_transpose_ap_fixed_ap_fixed_33_13_5_3_0_config3_1_U0/grp_softmax_legacy_ap_fixed_ap_fixed_33_13_5_3_0_softmax_config3_s_fu_432/grp_softmax_legacy_ap_fixed_ap_fixed_33_13_5_3_0_softmax_config3_s_fu_432_activity
INFO: [Wavedata 42-564]   Found protocol instance at /apatb_myproject_top/AESL_inst_myproject/grp_multiheadattention_ap_fixed_16_6_5_3_0_ap_fixed_33_13_5_3_0_config3_s_fu_206/matrixmul_transpose_ap_fixed_ap_fixed_33_13_5_3_0_config3_1_U0/grp_softmax_legacy_ap_fixed_ap_fixed_33_13_5_3_0_softmax_config3_s_fu_460/grp_softmax_legacy_ap_fixed_ap_fixed_33_13_5_3_0_softmax_config3_s_fu_460_activity
INFO: [Wavedata 42-564]   Found protocol instance at /apatb_myproject_top/AESL_inst_myproject/grp_multiheadattention_ap_fixed_16_6_5_3_0_ap_fixed_33_13_5_3_0_config3_s_fu_206/matrixmul_transpose_ap_fixed_ap_fixed_33_13_5_3_0_config3_1_U0/grp_softmax_legacy_ap_fixed_ap_fixed_33_13_5_3_0_softmax_config3_s_fu_488/grp_softmax_legacy_ap_fixed_ap_fixed_33_13_5_3_0_softmax_config3_s_fu_488_activity
INFO: [Wavedata 42-564]   Found protocol instance at /apatb_myproject_top/AESL_inst_myproject/grp_multiheadattention_ap_fixed_16_6_5_3_0_ap_fixed_33_13_5_3_0_config3_s_fu_206/matrixmul_transpose_ap_fixed_ap_fixed_33_13_5_3_0_config3_1_U0/grp_softmax_legacy_ap_fixed_ap_fixed_33_13_5_3_0_softmax_config3_s_fu_516/grp_softmax_legacy_ap_fixed_ap_fixed_33_13_5_3_0_softmax_config3_s_fu_516_activity
INFO: [Wavedata 42-564]   Found protocol instance at /apatb_myproject_top/AESL_inst_myproject/grp_multiheadattention_ap_fixed_16_6_5_3_0_ap_fixed_33_13_5_3_0_config3_s_fu_206/matrixmul_transpose_ap_fixed_ap_fixed_33_13_5_3_0_config3_1_U0/grp_softmax_legacy_ap_fixed_ap_fixed_33_13_5_3_0_softmax_config3_s_fu_544/grp_softmax_legacy_ap_fixed_ap_fixed_33_13_5_3_0_softmax_config3_s_fu_544_activity
INFO: [Wavedata 42-564]   Found protocol instance at /apatb_myproject_top/AESL_inst_myproject/grp_multiheadattention_ap_fixed_16_6_5_3_0_ap_fixed_33_13_5_3_0_config3_s_fu_206/matrixmul_transpose_ap_fixed_ap_fixed_33_13_5_3_0_config3_1_U0/grp_softmax_legacy_ap_fixed_ap_fixed_33_13_5_3_0_softmax_config3_s_fu_572/grp_softmax_legacy_ap_fixed_ap_fixed_33_13_5_3_0_softmax_config3_s_fu_572_activity
INFO: [Wavedata 42-564]   Found protocol instance at /apatb_myproject_top/AESL_inst_myproject/grp_multiheadattention_ap_fixed_16_6_5_3_0_ap_fixed_33_13_5_3_0_config3_s_fu_206/matrixmul_transpose_ap_fixed_ap_fixed_33_13_5_3_0_config3_1_U0/grp_softmax_legacy_ap_fixed_ap_fixed_33_13_5_3_0_softmax_config3_s_fu_600/grp_softmax_legacy_ap_fixed_ap_fixed_33_13_5_3_0_softmax_config3_s_fu_600_activity
INFO: [Wavedata 42-564]   Found protocol instance at /apatb_myproject_top/AESL_inst_myproject/grp_multiheadattention_ap_fixed_16_6_5_3_0_ap_fixed_33_13_5_3_0_config3_s_fu_206/matrixmul_transpose_ap_fixed_ap_fixed_33_13_5_3_0_config3_1_U0/grp_softmax_legacy_ap_fixed_ap_fixed_33_13_5_3_0_softmax_config3_s_fu_68/grp_softmax_legacy_ap_fixed_ap_fixed_33_13_5_3_0_softmax_config3_s_fu_68_activity
INFO: [Wavedata 42-564]   Found protocol instance at /apatb_myproject_top/AESL_inst_myproject/grp_multiheadattention_ap_fixed_16_6_5_3_0_ap_fixed_33_13_5_3_0_config3_s_fu_206/matrixmul_transpose_ap_fixed_ap_fixed_33_13_5_3_0_config3_1_U0/grp_softmax_legacy_ap_fixed_ap_fixed_33_13_5_3_0_softmax_config3_s_fu_96/grp_softmax_legacy_ap_fixed_ap_fixed_33_13_5_3_0_softmax_config3_s_fu_96_activity
INFO: [Wavedata 42-564]   Found protocol instance at /apatb_myproject_top/AESL_inst_myproject/grp_multiheadattention_ap_fixed_16_6_5_3_0_ap_fixed_33_13_5_3_0_config3_s_fu_206/matrixmul_transpose_ap_fixed_ap_fixed_33_13_5_3_0_config3_1_U0/matrixmul_transpose_ap_fixed_ap_fixed_33_13_5_3_0_config3_1_U0_activity
INFO: [Wavedata 42-564]   Found protocol instance at /apatb_myproject_top/AESL_inst_myproject/grp_multiheadattention_ap_fixed_16_6_5_3_0_ap_fixed_33_13_5_3_0_config3_s_fu_206/matrixmul_transpose_ap_fixed_ap_fixed_33_13_5_3_0_config3_U0/grp_softmax_legacy_ap_fixed_ap_fixed_33_13_5_3_0_softmax_config3_s_fu_124/grp_softmax_legacy_ap_fixed_ap_fixed_33_13_5_3_0_softmax_config3_s_fu_124_activity
INFO: [Wavedata 42-564]   Found protocol instance at /apatb_myproject_top/AESL_inst_myproject/grp_multiheadattention_ap_fixed_16_6_5_3_0_ap_fixed_33_13_5_3_0_config3_s_fu_206/matrixmul_transpose_ap_fixed_ap_fixed_33_13_5_3_0_config3_U0/grp_softmax_legacy_ap_fixed_ap_fixed_33_13_5_3_0_softmax_config3_s_fu_152/grp_softmax_legacy_ap_fixed_ap_fixed_33_13_5_3_0_softmax_config3_s_fu_152_activity
INFO: [Wavedata 42-564]   Found protocol instance at /apatb_myproject_top/AESL_inst_myproject/grp_multiheadattention_ap_fixed_16_6_5_3_0_ap_fixed_33_13_5_3_0_config3_s_fu_206/matrixmul_transpose_ap_fixed_ap_fixed_33_13_5_3_0_config3_U0/grp_softmax_legacy_ap_fixed_ap_fixed_33_13_5_3_0_softmax_config3_s_fu_180/grp_softmax_legacy_ap_fixed_ap_fixed_33_13_5_3_0_softmax_config3_s_fu_180_activity
INFO: [Wavedata 42-564]   Found protocol instance at /apatb_myproject_top/AESL_inst_myproject/grp_multiheadattention_ap_fixed_16_6_5_3_0_ap_fixed_33_13_5_3_0_config3_s_fu_206/matrixmul_transpose_ap_fixed_ap_fixed_33_13_5_3_0_config3_U0/grp_softmax_legacy_ap_fixed_ap_fixed_33_13_5_3_0_softmax_config3_s_fu_208/grp_softmax_legacy_ap_fixed_ap_fixed_33_13_5_3_0_softmax_config3_s_fu_208_activity
INFO: [Wavedata 42-564]   Found protocol instance at /apatb_myproject_top/AESL_inst_myproject/grp_multiheadattention_ap_fixed_16_6_5_3_0_ap_fixed_33_13_5_3_0_config3_s_fu_206/matrixmul_transpose_ap_fixed_ap_fixed_33_13_5_3_0_config3_U0/grp_softmax_legacy_ap_fixed_ap_fixed_33_13_5_3_0_softmax_config3_s_fu_236/grp_softmax_legacy_ap_fixed_ap_fixed_33_13_5_3_0_softmax_config3_s_fu_236_activity
INFO: [Wavedata 42-564]   Found protocol instance at /apatb_myproject_top/AESL_inst_myproject/grp_multiheadattention_ap_fixed_16_6_5_3_0_ap_fixed_33_13_5_3_0_config3_s_fu_206/matrixmul_transpose_ap_fixed_ap_fixed_33_13_5_3_0_config3_U0/grp_softmax_legacy_ap_fixed_ap_fixed_33_13_5_3_0_softmax_config3_s_fu_264/grp_softmax_legacy_ap_fixed_ap_fixed_33_13_5_3_0_softmax_config3_s_fu_264_activity
INFO: [Wavedata 42-564]   Found protocol instance at /apatb_myproject_top/AESL_inst_myproject/grp_multiheadattention_ap_fixed_16_6_5_3_0_ap_fixed_33_13_5_3_0_config3_s_fu_206/matrixmul_transpose_ap_fixed_ap_fixed_33_13_5_3_0_config3_U0/grp_softmax_legacy_ap_fixed_ap_fixed_33_13_5_3_0_softmax_config3_s_fu_292/grp_softmax_legacy_ap_fixed_ap_fixed_33_13_5_3_0_softmax_config3_s_fu_292_activity
INFO: [Wavedata 42-564]   Found protocol instance at /apatb_myproject_top/AESL_inst_myproject/grp_multiheadattention_ap_fixed_16_6_5_3_0_ap_fixed_33_13_5_3_0_config3_s_fu_206/matrixmul_transpose_ap_fixed_ap_fixed_33_13_5_3_0_config3_U0/grp_softmax_legacy_ap_fixed_ap_fixed_33_13_5_3_0_softmax_config3_s_fu_320/grp_softmax_legacy_ap_fixed_ap_fixed_33_13_5_3_0_softmax_config3_s_fu_320_activity
INFO: [Wavedata 42-564]   Found protocol instance at /apatb_myproject_top/AESL_inst_myproject/grp_multiheadattention_ap_fixed_16_6_5_3_0_ap_fixed_33_13_5_3_0_config3_s_fu_206/matrixmul_transpose_ap_fixed_ap_fixed_33_13_5_3_0_config3_U0/grp_softmax_legacy_ap_fixed_ap_fixed_33_13_5_3_0_softmax_config3_s_fu_348/grp_softmax_legacy_ap_fixed_ap_fixed_33_13_5_3_0_softmax_config3_s_fu_348_activity
INFO: [Wavedata 42-564]   Found protocol instance at /apatb_myproject_top/AESL_inst_myproject/grp_multiheadattention_ap_fixed_16_6_5_3_0_ap_fixed_33_13_5_3_0_config3_s_fu_206/matrixmul_transpose_ap_fixed_ap_fixed_33_13_5_3_0_config3_U0/grp_softmax_legacy_ap_fixed_ap_fixed_33_13_5_3_0_softmax_config3_s_fu_376/grp_softmax_legacy_ap_fixed_ap_fixed_33_13_5_3_0_softmax_config3_s_fu_376_activity
INFO: [Wavedata 42-564]   Found protocol instance at /apatb_myproject_top/AESL_inst_myproject/grp_multiheadattention_ap_fixed_16_6_5_3_0_ap_fixed_33_13_5_3_0_config3_s_fu_206/matrixmul_transpose_ap_fixed_ap_fixed_33_13_5_3_0_config3_U0/grp_softmax_legacy_ap_fixed_ap_fixed_33_13_5_3_0_softmax_config3_s_fu_404/grp_softmax_legacy_ap_fixed_ap_fixed_33_13_5_3_0_softmax_config3_s_fu_404_activity
INFO: [Wavedata 42-564]   Found protocol instance at /apatb_myproject_top/AESL_inst_myproject/grp_multiheadattention_ap_fixed_16_6_5_3_0_ap_fixed_33_13_5_3_0_config3_s_fu_206/matrixmul_transpose_ap_fixed_ap_fixed_33_13_5_3_0_config3_U0/grp_softmax_legacy_ap_fixed_ap_fixed_33_13_5_3_0_softmax_config3_s_fu_432/grp_softmax_legacy_ap_fixed_ap_fixed_33_13_5_3_0_softmax_config3_s_fu_432_activity
INFO: [Wavedata 42-564]   Found protocol instance at /apatb_myproject_top/AESL_inst_myproject/grp_multiheadattention_ap_fixed_16_6_5_3_0_ap_fixed_33_13_5_3_0_config3_s_fu_206/matrixmul_transpose_ap_fixed_ap_fixed_33_13_5_3_0_config3_U0/grp_softmax_legacy_ap_fixed_ap_fixed_33_13_5_3_0_softmax_config3_s_fu_460/grp_softmax_legacy_ap_fixed_ap_fixed_33_13_5_3_0_softmax_config3_s_fu_460_activity
INFO: [Wavedata 42-564]   Found protocol instance at /apatb_myproject_top/AESL_inst_myproject/grp_multiheadattention_ap_fixed_16_6_5_3_0_ap_fixed_33_13_5_3_0_config3_s_fu_206/matrixmul_transpose_ap_fixed_ap_fixed_33_13_5_3_0_config3_U0/grp_softmax_legacy_ap_fixed_ap_fixed_33_13_5_3_0_softmax_config3_s_fu_488/grp_softmax_legacy_ap_fixed_ap_fixed_33_13_5_3_0_softmax_config3_s_fu_488_activity
INFO: [Wavedata 42-564]   Found protocol instance at /apatb_myproject_top/AESL_inst_myproject/grp_multiheadattention_ap_fixed_16_6_5_3_0_ap_fixed_33_13_5_3_0_config3_s_fu_206/matrixmul_transpose_ap_fixed_ap_fixed_33_13_5_3_0_config3_U0/grp_softmax_legacy_ap_fixed_ap_fixed_33_13_5_3_0_softmax_config3_s_fu_516/grp_softmax_legacy_ap_fixed_ap_fixed_33_13_5_3_0_softmax_config3_s_fu_516_activity
INFO: [Wavedata 42-564]   Found protocol instance at /apatb_myproject_top/AESL_inst_myproject/grp_multiheadattention_ap_fixed_16_6_5_3_0_ap_fixed_33_13_5_3_0_config3_s_fu_206/matrixmul_transpose_ap_fixed_ap_fixed_33_13_5_3_0_config3_U0/grp_softmax_legacy_ap_fixed_ap_fixed_33_13_5_3_0_softmax_config3_s_fu_544/grp_softmax_legacy_ap_fixed_ap_fixed_33_13_5_3_0_softmax_config3_s_fu_544_activity
INFO: [Wavedata 42-564]   Found protocol instance at /apatb_myproject_top/AESL_inst_myproject/grp_multiheadattention_ap_fixed_16_6_5_3_0_ap_fixed_33_13_5_3_0_config3_s_fu_206/matrixmul_transpose_ap_fixed_ap_fixed_33_13_5_3_0_config3_U0/grp_softmax_legacy_ap_fixed_ap_fixed_33_13_5_3_0_softmax_config3_s_fu_572/grp_softmax_legacy_ap_fixed_ap_fixed_33_13_5_3_0_softmax_config3_s_fu_572_activity
INFO: [Wavedata 42-564]   Found protocol instance at /apatb_myproject_top/AESL_inst_myproject/grp_multiheadattention_ap_fixed_16_6_5_3_0_ap_fixed_33_13_5_3_0_config3_s_fu_206/matrixmul_transpose_ap_fixed_ap_fixed_33_13_5_3_0_config3_U0/grp_softmax_legacy_ap_fixed_ap_fixed_33_13_5_3_0_softmax_config3_s_fu_600/grp_softmax_legacy_ap_fixed_ap_fixed_33_13_5_3_0_softmax_config3_s_fu_600_activity
INFO: [Wavedata 42-564]   Found protocol instance at /apatb_myproject_top/AESL_inst_myproject/grp_multiheadattention_ap_fixed_16_6_5_3_0_ap_fixed_33_13_5_3_0_config3_s_fu_206/matrixmul_transpose_ap_fixed_ap_fixed_33_13_5_3_0_config3_U0/grp_softmax_legacy_ap_fixed_ap_fixed_33_13_5_3_0_softmax_config3_s_fu_68/grp_softmax_legacy_ap_fixed_ap_fixed_33_13_5_3_0_softmax_config3_s_fu_68_activity
INFO: [Wavedata 42-564]   Found protocol instance at /apatb_myproject_top/AESL_inst_myproject/grp_multiheadattention_ap_fixed_16_6_5_3_0_ap_fixed_33_13_5_3_0_config3_s_fu_206/matrixmul_transpose_ap_fixed_ap_fixed_33_13_5_3_0_config3_U0/grp_softmax_legacy_ap_fixed_ap_fixed_33_13_5_3_0_softmax_config3_s_fu_96/grp_softmax_legacy_ap_fixed_ap_fixed_33_13_5_3_0_softmax_config3_s_fu_96_activity
INFO: [Wavedata 42-564]   Found protocol instance at /apatb_myproject_top/AESL_inst_myproject/grp_multiheadattention_ap_fixed_16_6_5_3_0_ap_fixed_33_13_5_3_0_config3_s_fu_206/matrixmul_transpose_ap_fixed_ap_fixed_33_13_5_3_0_config3_U0/matrixmul_transpose_ap_fixed_ap_fixed_33_13_5_3_0_config3_U0_activity
Time resolution is 1 ps
open_wave_config myproject_dataflow_ana.wcfg
WARNING: Simulation object /apatb_myproject_top/AESL_inst_myproject/grp_multiheadattention_ap_fixed_16_6_5_3_0_ap_fixed_33_13_5_3_0_config3_s_fu_206/lin_projection_ap_fixed_16_6_5_3_0_ap_fixed_33_13_5_3_0_config3_U0/key_weight3_address0 was not found in the design.
WARNING: Simulation object /apatb_myproject_top/AESL_inst_myproject/grp_multiheadattention_ap_fixed_16_6_5_3_0_ap_fixed_33_13_5_3_0_config3_s_fu_206/lin_projection_ap_fixed_16_6_5_3_0_ap_fixed_33_13_5_3_0_config3_U0/key_weight3_q0 was not found in the design.
WARNING: Simulation object /apatb_myproject_top/AESL_inst_myproject/grp_multiheadattention_ap_fixed_16_6_5_3_0_ap_fixed_33_13_5_3_0_config3_s_fu_206/lin_projection_ap_fixed_16_6_5_3_0_ap_fixed_33_13_5_3_0_config3_U0/key_weight3_ce0 was not found in the design.
WARNING: Simulation object /apatb_myproject_top/AESL_inst_myproject/grp_multiheadattention_ap_fixed_16_6_5_3_0_ap_fixed_33_13_5_3_0_config3_s_fu_206/lin_projection_ap_fixed_16_6_5_3_0_ap_fixed_33_13_5_3_0_config3_U0/query_weight3_address0 was not found in the design.
WARNING: Simulation object /apatb_myproject_top/AESL_inst_myproject/grp_multiheadattention_ap_fixed_16_6_5_3_0_ap_fixed_33_13_5_3_0_config3_s_fu_206/lin_projection_ap_fixed_16_6_5_3_0_ap_fixed_33_13_5_3_0_config3_U0/query_weight3_q0 was not found in the design.
WARNING: Simulation object /apatb_myproject_top/AESL_inst_myproject/grp_multiheadattention_ap_fixed_16_6_5_3_0_ap_fixed_33_13_5_3_0_config3_s_fu_206/lin_projection_ap_fixed_16_6_5_3_0_ap_fixed_33_13_5_3_0_config3_U0/query_weight3_ce0 was not found in the design.
WARNING: Simulation object /apatb_myproject_top/AESL_inst_myproject/grp_multiheadattention_ap_fixed_16_6_5_3_0_ap_fixed_33_13_5_3_0_config3_s_fu_206/lin_projection_ap_fixed_16_6_5_3_0_ap_fixed_33_13_5_3_0_config3_U0/value_weight3_address0 was not found in the design.
WARNING: Simulation object /apatb_myproject_top/AESL_inst_myproject/grp_multiheadattention_ap_fixed_16_6_5_3_0_ap_fixed_33_13_5_3_0_config3_s_fu_206/lin_projection_ap_fixed_16_6_5_3_0_ap_fixed_33_13_5_3_0_config3_U0/value_weight3_q0 was not found in the design.
WARNING: Simulation object /apatb_myproject_top/AESL_inst_myproject/grp_multiheadattention_ap_fixed_16_6_5_3_0_ap_fixed_33_13_5_3_0_config3_s_fu_206/lin_projection_ap_fixed_16_6_5_3_0_ap_fixed_33_13_5_3_0_config3_U0/value_weight3_ce0 was not found in the design.
WARNING: Simulation object /apatb_myproject_top/AESL_inst_myproject/grp_multiheadattention_ap_fixed_16_6_5_3_0_ap_fixed_33_13_5_3_0_config3_s_fu_206/lin_projection_ap_fixed_16_6_5_3_0_ap_fixed_33_13_5_3_0_config3_3_U0/key_weight3_address0 was not found in the design.
WARNING: Simulation object /apatb_myproject_top/AESL_inst_myproject/grp_multiheadattention_ap_fixed_16_6_5_3_0_ap_fixed_33_13_5_3_0_config3_s_fu_206/lin_projection_ap_fixed_16_6_5_3_0_ap_fixed_33_13_5_3_0_config3_3_U0/key_weight3_q0 was not found in the design.
WARNING: Simulation object /apatb_myproject_top/AESL_inst_myproject/grp_multiheadattention_ap_fixed_16_6_5_3_0_ap_fixed_33_13_5_3_0_config3_s_fu_206/lin_projection_ap_fixed_16_6_5_3_0_ap_fixed_33_13_5_3_0_config3_3_U0/key_weight3_ce0 was not found in the design.
WARNING: Simulation object /apatb_myproject_top/AESL_inst_myproject/grp_multiheadattention_ap_fixed_16_6_5_3_0_ap_fixed_33_13_5_3_0_config3_s_fu_206/lin_projection_ap_fixed_16_6_5_3_0_ap_fixed_33_13_5_3_0_config3_3_U0/query_weight3_address0 was not found in the design.
WARNING: Simulation object /apatb_myproject_top/AESL_inst_myproject/grp_multiheadattention_ap_fixed_16_6_5_3_0_ap_fixed_33_13_5_3_0_config3_s_fu_206/lin_projection_ap_fixed_16_6_5_3_0_ap_fixed_33_13_5_3_0_config3_3_U0/query_weight3_q0 was not found in the design.
WARNING: Simulation object /apatb_myproject_top/AESL_inst_myproject/grp_multiheadattention_ap_fixed_16_6_5_3_0_ap_fixed_33_13_5_3_0_config3_s_fu_206/lin_projection_ap_fixed_16_6_5_3_0_ap_fixed_33_13_5_3_0_config3_3_U0/query_weight3_ce0 was not found in the design.
WARNING: Simulation object /apatb_myproject_top/AESL_inst_myproject/grp_multiheadattention_ap_fixed_16_6_5_3_0_ap_fixed_33_13_5_3_0_config3_s_fu_206/lin_projection_ap_fixed_16_6_5_3_0_ap_fixed_33_13_5_3_0_config3_3_U0/value_weight3_address0 was not found in the design.
WARNING: Simulation object /apatb_myproject_top/AESL_inst_myproject/grp_multiheadattention_ap_fixed_16_6_5_3_0_ap_fixed_33_13_5_3_0_config3_s_fu_206/lin_projection_ap_fixed_16_6_5_3_0_ap_fixed_33_13_5_3_0_config3_3_U0/value_weight3_q0 was not found in the design.
WARNING: Simulation object /apatb_myproject_top/AESL_inst_myproject/grp_multiheadattention_ap_fixed_16_6_5_3_0_ap_fixed_33_13_5_3_0_config3_s_fu_206/lin_projection_ap_fixed_16_6_5_3_0_ap_fixed_33_13_5_3_0_config3_3_U0/value_weight3_ce0 was not found in the design.
WARNING: Simulation object /apatb_myproject_top/AESL_inst_myproject/grp_multiheadattention_ap_fixed_16_6_5_3_0_ap_fixed_33_13_5_3_0_config3_s_fu_206/matrixmul_transpose_ap_fixed_ap_fixed_33_13_5_3_0_config3_1_U0/exp_table_address0 was not found in the design.
WARNING: Simulation object /apatb_myproject_top/AESL_inst_myproject/grp_multiheadattention_ap_fixed_16_6_5_3_0_ap_fixed_33_13_5_3_0_config3_s_fu_206/matrixmul_transpose_ap_fixed_ap_fixed_33_13_5_3_0_config3_1_U0/exp_table_q0 was not found in the design.
WARNING: Simulation object /apatb_myproject_top/AESL_inst_myproject/grp_multiheadattention_ap_fixed_16_6_5_3_0_ap_fixed_33_13_5_3_0_config3_s_fu_206/matrixmul_transpose_ap_fixed_ap_fixed_33_13_5_3_0_config3_1_U0/exp_table_ce0 was not found in the design.
WARNING: Simulation object /apatb_myproject_top/AESL_inst_myproject/grp_multiheadattention_ap_fixed_16_6_5_3_0_ap_fixed_33_13_5_3_0_config3_s_fu_206/matrixmul_transpose_ap_fixed_ap_fixed_33_13_5_3_0_config3_1_U0/invert_table_address0 was not found in the design.
WARNING: Simulation object /apatb_myproject_top/AESL_inst_myproject/grp_multiheadattention_ap_fixed_16_6_5_3_0_ap_fixed_33_13_5_3_0_config3_s_fu_206/matrixmul_transpose_ap_fixed_ap_fixed_33_13_5_3_0_config3_1_U0/invert_table_q0 was not found in the design.
WARNING: Simulation object /apatb_myproject_top/AESL_inst_myproject/grp_multiheadattention_ap_fixed_16_6_5_3_0_ap_fixed_33_13_5_3_0_config3_s_fu_206/matrixmul_transpose_ap_fixed_ap_fixed_33_13_5_3_0_config3_1_U0/invert_table_ce0 was not found in the design.
WARNING: Simulation object /apatb_myproject_top/AESL_inst_myproject/grp_multiheadattention_ap_fixed_16_6_5_3_0_ap_fixed_33_13_5_3_0_config3_s_fu_206/matrixmul_transpose_ap_fixed_ap_fixed_33_13_5_3_0_config3_U0/exp_table_address0 was not found in the design.
WARNING: Simulation object /apatb_myproject_top/AESL_inst_myproject/grp_multiheadattention_ap_fixed_16_6_5_3_0_ap_fixed_33_13_5_3_0_config3_s_fu_206/matrixmul_transpose_ap_fixed_ap_fixed_33_13_5_3_0_config3_U0/exp_table_q0 was not found in the design.
WARNING: Simulation object /apatb_myproject_top/AESL_inst_myproject/grp_multiheadattention_ap_fixed_16_6_5_3_0_ap_fixed_33_13_5_3_0_config3_s_fu_206/matrixmul_transpose_ap_fixed_ap_fixed_33_13_5_3_0_config3_U0/exp_table_ce0 was not found in the design.
WARNING: Simulation object /apatb_myproject_top/AESL_inst_myproject/grp_multiheadattention_ap_fixed_16_6_5_3_0_ap_fixed_33_13_5_3_0_config3_s_fu_206/matrixmul_transpose_ap_fixed_ap_fixed_33_13_5_3_0_config3_U0/invert_table_address0 was not found in the design.
WARNING: Simulation object /apatb_myproject_top/AESL_inst_myproject/grp_multiheadattention_ap_fixed_16_6_5_3_0_ap_fixed_33_13_5_3_0_config3_s_fu_206/matrixmul_transpose_ap_fixed_ap_fixed_33_13_5_3_0_config3_U0/invert_table_q0 was not found in the design.
WARNING: Simulation object /apatb_myproject_top/AESL_inst_myproject/grp_multiheadattention_ap_fixed_16_6_5_3_0_ap_fixed_33_13_5_3_0_config3_s_fu_206/matrixmul_transpose_ap_fixed_ap_fixed_33_13_5_3_0_config3_U0/invert_table_ce0 was not found in the design.
source myproject.tcl
## set designtopgroup [add_wave_group "Design Top Signals"]
## set coutputgroup [add_wave_group "C Outputs" -into $designtopgroup]
## set return_group [add_wave_group return(wire) -into $coutputgroup]
## add_wave /apatb_myproject_top/AESL_inst_myproject/layer3_out_79_ap_vld -into $return_group -color #ffff00 -radix hex
## add_wave /apatb_myproject_top/AESL_inst_myproject/layer3_out_79 -into $return_group -radix hex
## add_wave /apatb_myproject_top/AESL_inst_myproject/layer3_out_78_ap_vld -into $return_group -color #ffff00 -radix hex
## add_wave /apatb_myproject_top/AESL_inst_myproject/layer3_out_78 -into $return_group -radix hex
## add_wave /apatb_myproject_top/AESL_inst_myproject/layer3_out_77_ap_vld -into $return_group -color #ffff00 -radix hex
## add_wave /apatb_myproject_top/AESL_inst_myproject/layer3_out_77 -into $return_group -radix hex
## add_wave /apatb_myproject_top/AESL_inst_myproject/layer3_out_76_ap_vld -into $return_group -color #ffff00 -radix hex
## add_wave /apatb_myproject_top/AESL_inst_myproject/layer3_out_76 -into $return_group -radix hex
## add_wave /apatb_myproject_top/AESL_inst_myproject/layer3_out_75_ap_vld -into $return_group -color #ffff00 -radix hex
## add_wave /apatb_myproject_top/AESL_inst_myproject/layer3_out_75 -into $return_group -radix hex
## add_wave /apatb_myproject_top/AESL_inst_myproject/layer3_out_74_ap_vld -into $return_group -color #ffff00 -radix hex
## add_wave /apatb_myproject_top/AESL_inst_myproject/layer3_out_74 -into $return_group -radix hex
## add_wave /apatb_myproject_top/AESL_inst_myproject/layer3_out_73_ap_vld -into $return_group -color #ffff00 -radix hex
## add_wave /apatb_myproject_top/AESL_inst_myproject/layer3_out_73 -into $return_group -radix hex
## add_wave /apatb_myproject_top/AESL_inst_myproject/layer3_out_72_ap_vld -into $return_group -color #ffff00 -radix hex
## add_wave /apatb_myproject_top/AESL_inst_myproject/layer3_out_72 -into $return_group -radix hex
## add_wave /apatb_myproject_top/AESL_inst_myproject/layer3_out_71_ap_vld -into $return_group -color #ffff00 -radix hex
## add_wave /apatb_myproject_top/AESL_inst_myproject/layer3_out_71 -into $return_group -radix hex
## add_wave /apatb_myproject_top/AESL_inst_myproject/layer3_out_70_ap_vld -into $return_group -color #ffff00 -radix hex
## add_wave /apatb_myproject_top/AESL_inst_myproject/layer3_out_70 -into $return_group -radix hex
## add_wave /apatb_myproject_top/AESL_inst_myproject/layer3_out_69_ap_vld -into $return_group -color #ffff00 -radix hex
## add_wave /apatb_myproject_top/AESL_inst_myproject/layer3_out_69 -into $return_group -radix hex
## add_wave /apatb_myproject_top/AESL_inst_myproject/layer3_out_68_ap_vld -into $return_group -color #ffff00 -radix hex
## add_wave /apatb_myproject_top/AESL_inst_myproject/layer3_out_68 -into $return_group -radix hex
## add_wave /apatb_myproject_top/AESL_inst_myproject/layer3_out_67_ap_vld -into $return_group -color #ffff00 -radix hex
## add_wave /apatb_myproject_top/AESL_inst_myproject/layer3_out_67 -into $return_group -radix hex
## add_wave /apatb_myproject_top/AESL_inst_myproject/layer3_out_66_ap_vld -into $return_group -color #ffff00 -radix hex
## add_wave /apatb_myproject_top/AESL_inst_myproject/layer3_out_66 -into $return_group -radix hex
## add_wave /apatb_myproject_top/AESL_inst_myproject/layer3_out_65_ap_vld -into $return_group -color #ffff00 -radix hex
## add_wave /apatb_myproject_top/AESL_inst_myproject/layer3_out_65 -into $return_group -radix hex
## add_wave /apatb_myproject_top/AESL_inst_myproject/layer3_out_64_ap_vld -into $return_group -color #ffff00 -radix hex
## add_wave /apatb_myproject_top/AESL_inst_myproject/layer3_out_64 -into $return_group -radix hex
## add_wave /apatb_myproject_top/AESL_inst_myproject/layer3_out_63_ap_vld -into $return_group -color #ffff00 -radix hex
## add_wave /apatb_myproject_top/AESL_inst_myproject/layer3_out_63 -into $return_group -radix hex
## add_wave /apatb_myproject_top/AESL_inst_myproject/layer3_out_62_ap_vld -into $return_group -color #ffff00 -radix hex
## add_wave /apatb_myproject_top/AESL_inst_myproject/layer3_out_62 -into $return_group -radix hex
## add_wave /apatb_myproject_top/AESL_inst_myproject/layer3_out_61_ap_vld -into $return_group -color #ffff00 -radix hex
## add_wave /apatb_myproject_top/AESL_inst_myproject/layer3_out_61 -into $return_group -radix hex
## add_wave /apatb_myproject_top/AESL_inst_myproject/layer3_out_60_ap_vld -into $return_group -color #ffff00 -radix hex
## add_wave /apatb_myproject_top/AESL_inst_myproject/layer3_out_60 -into $return_group -radix hex
## add_wave /apatb_myproject_top/AESL_inst_myproject/layer3_out_59_ap_vld -into $return_group -color #ffff00 -radix hex
## add_wave /apatb_myproject_top/AESL_inst_myproject/layer3_out_59 -into $return_group -radix hex
## add_wave /apatb_myproject_top/AESL_inst_myproject/layer3_out_58_ap_vld -into $return_group -color #ffff00 -radix hex
## add_wave /apatb_myproject_top/AESL_inst_myproject/layer3_out_58 -into $return_group -radix hex
## add_wave /apatb_myproject_top/AESL_inst_myproject/layer3_out_57_ap_vld -into $return_group -color #ffff00 -radix hex
## add_wave /apatb_myproject_top/AESL_inst_myproject/layer3_out_57 -into $return_group -radix hex
## add_wave /apatb_myproject_top/AESL_inst_myproject/layer3_out_56_ap_vld -into $return_group -color #ffff00 -radix hex
## add_wave /apatb_myproject_top/AESL_inst_myproject/layer3_out_56 -into $return_group -radix hex
## add_wave /apatb_myproject_top/AESL_inst_myproject/layer3_out_55_ap_vld -into $return_group -color #ffff00 -radix hex
## add_wave /apatb_myproject_top/AESL_inst_myproject/layer3_out_55 -into $return_group -radix hex
## add_wave /apatb_myproject_top/AESL_inst_myproject/layer3_out_54_ap_vld -into $return_group -color #ffff00 -radix hex
## add_wave /apatb_myproject_top/AESL_inst_myproject/layer3_out_54 -into $return_group -radix hex
## add_wave /apatb_myproject_top/AESL_inst_myproject/layer3_out_53_ap_vld -into $return_group -color #ffff00 -radix hex
## add_wave /apatb_myproject_top/AESL_inst_myproject/layer3_out_53 -into $return_group -radix hex
## add_wave /apatb_myproject_top/AESL_inst_myproject/layer3_out_52_ap_vld -into $return_group -color #ffff00 -radix hex
## add_wave /apatb_myproject_top/AESL_inst_myproject/layer3_out_52 -into $return_group -radix hex
## add_wave /apatb_myproject_top/AESL_inst_myproject/layer3_out_51_ap_vld -into $return_group -color #ffff00 -radix hex
## add_wave /apatb_myproject_top/AESL_inst_myproject/layer3_out_51 -into $return_group -radix hex
## add_wave /apatb_myproject_top/AESL_inst_myproject/layer3_out_50_ap_vld -into $return_group -color #ffff00 -radix hex
## add_wave /apatb_myproject_top/AESL_inst_myproject/layer3_out_50 -into $return_group -radix hex
## add_wave /apatb_myproject_top/AESL_inst_myproject/layer3_out_49_ap_vld -into $return_group -color #ffff00 -radix hex
## add_wave /apatb_myproject_top/AESL_inst_myproject/layer3_out_49 -into $return_group -radix hex
## add_wave /apatb_myproject_top/AESL_inst_myproject/layer3_out_48_ap_vld -into $return_group -color #ffff00 -radix hex
## add_wave /apatb_myproject_top/AESL_inst_myproject/layer3_out_48 -into $return_group -radix hex
## add_wave /apatb_myproject_top/AESL_inst_myproject/layer3_out_47_ap_vld -into $return_group -color #ffff00 -radix hex
## add_wave /apatb_myproject_top/AESL_inst_myproject/layer3_out_47 -into $return_group -radix hex
## add_wave /apatb_myproject_top/AESL_inst_myproject/layer3_out_46_ap_vld -into $return_group -color #ffff00 -radix hex
## add_wave /apatb_myproject_top/AESL_inst_myproject/layer3_out_46 -into $return_group -radix hex
## add_wave /apatb_myproject_top/AESL_inst_myproject/layer3_out_45_ap_vld -into $return_group -color #ffff00 -radix hex
## add_wave /apatb_myproject_top/AESL_inst_myproject/layer3_out_45 -into $return_group -radix hex
## add_wave /apatb_myproject_top/AESL_inst_myproject/layer3_out_44_ap_vld -into $return_group -color #ffff00 -radix hex
## add_wave /apatb_myproject_top/AESL_inst_myproject/layer3_out_44 -into $return_group -radix hex
## add_wave /apatb_myproject_top/AESL_inst_myproject/layer3_out_43_ap_vld -into $return_group -color #ffff00 -radix hex
## add_wave /apatb_myproject_top/AESL_inst_myproject/layer3_out_43 -into $return_group -radix hex
## add_wave /apatb_myproject_top/AESL_inst_myproject/layer3_out_42_ap_vld -into $return_group -color #ffff00 -radix hex
## add_wave /apatb_myproject_top/AESL_inst_myproject/layer3_out_42 -into $return_group -radix hex
## add_wave /apatb_myproject_top/AESL_inst_myproject/layer3_out_41_ap_vld -into $return_group -color #ffff00 -radix hex
## add_wave /apatb_myproject_top/AESL_inst_myproject/layer3_out_41 -into $return_group -radix hex
## add_wave /apatb_myproject_top/AESL_inst_myproject/layer3_out_40_ap_vld -into $return_group -color #ffff00 -radix hex
## add_wave /apatb_myproject_top/AESL_inst_myproject/layer3_out_40 -into $return_group -radix hex
## add_wave /apatb_myproject_top/AESL_inst_myproject/layer3_out_39_ap_vld -into $return_group -color #ffff00 -radix hex
## add_wave /apatb_myproject_top/AESL_inst_myproject/layer3_out_39 -into $return_group -radix hex
## add_wave /apatb_myproject_top/AESL_inst_myproject/layer3_out_38_ap_vld -into $return_group -color #ffff00 -radix hex
## add_wave /apatb_myproject_top/AESL_inst_myproject/layer3_out_38 -into $return_group -radix hex
## add_wave /apatb_myproject_top/AESL_inst_myproject/layer3_out_37_ap_vld -into $return_group -color #ffff00 -radix hex
## add_wave /apatb_myproject_top/AESL_inst_myproject/layer3_out_37 -into $return_group -radix hex
## add_wave /apatb_myproject_top/AESL_inst_myproject/layer3_out_36_ap_vld -into $return_group -color #ffff00 -radix hex
## add_wave /apatb_myproject_top/AESL_inst_myproject/layer3_out_36 -into $return_group -radix hex
## add_wave /apatb_myproject_top/AESL_inst_myproject/layer3_out_35_ap_vld -into $return_group -color #ffff00 -radix hex
## add_wave /apatb_myproject_top/AESL_inst_myproject/layer3_out_35 -into $return_group -radix hex
## add_wave /apatb_myproject_top/AESL_inst_myproject/layer3_out_34_ap_vld -into $return_group -color #ffff00 -radix hex
## add_wave /apatb_myproject_top/AESL_inst_myproject/layer3_out_34 -into $return_group -radix hex
## add_wave /apatb_myproject_top/AESL_inst_myproject/layer3_out_33_ap_vld -into $return_group -color #ffff00 -radix hex
## add_wave /apatb_myproject_top/AESL_inst_myproject/layer3_out_33 -into $return_group -radix hex
## add_wave /apatb_myproject_top/AESL_inst_myproject/layer3_out_32_ap_vld -into $return_group -color #ffff00 -radix hex
## add_wave /apatb_myproject_top/AESL_inst_myproject/layer3_out_32 -into $return_group -radix hex
## add_wave /apatb_myproject_top/AESL_inst_myproject/layer3_out_31_ap_vld -into $return_group -color #ffff00 -radix hex
## add_wave /apatb_myproject_top/AESL_inst_myproject/layer3_out_31 -into $return_group -radix hex
## add_wave /apatb_myproject_top/AESL_inst_myproject/layer3_out_30_ap_vld -into $return_group -color #ffff00 -radix hex
## add_wave /apatb_myproject_top/AESL_inst_myproject/layer3_out_30 -into $return_group -radix hex
## add_wave /apatb_myproject_top/AESL_inst_myproject/layer3_out_29_ap_vld -into $return_group -color #ffff00 -radix hex
## add_wave /apatb_myproject_top/AESL_inst_myproject/layer3_out_29 -into $return_group -radix hex
## add_wave /apatb_myproject_top/AESL_inst_myproject/layer3_out_28_ap_vld -into $return_group -color #ffff00 -radix hex
## add_wave /apatb_myproject_top/AESL_inst_myproject/layer3_out_28 -into $return_group -radix hex
## add_wave /apatb_myproject_top/AESL_inst_myproject/layer3_out_27_ap_vld -into $return_group -color #ffff00 -radix hex
## add_wave /apatb_myproject_top/AESL_inst_myproject/layer3_out_27 -into $return_group -radix hex
## add_wave /apatb_myproject_top/AESL_inst_myproject/layer3_out_26_ap_vld -into $return_group -color #ffff00 -radix hex
## add_wave /apatb_myproject_top/AESL_inst_myproject/layer3_out_26 -into $return_group -radix hex
## add_wave /apatb_myproject_top/AESL_inst_myproject/layer3_out_25_ap_vld -into $return_group -color #ffff00 -radix hex
## add_wave /apatb_myproject_top/AESL_inst_myproject/layer3_out_25 -into $return_group -radix hex
## add_wave /apatb_myproject_top/AESL_inst_myproject/layer3_out_24_ap_vld -into $return_group -color #ffff00 -radix hex
## add_wave /apatb_myproject_top/AESL_inst_myproject/layer3_out_24 -into $return_group -radix hex
## add_wave /apatb_myproject_top/AESL_inst_myproject/layer3_out_23_ap_vld -into $return_group -color #ffff00 -radix hex
## add_wave /apatb_myproject_top/AESL_inst_myproject/layer3_out_23 -into $return_group -radix hex
## add_wave /apatb_myproject_top/AESL_inst_myproject/layer3_out_22_ap_vld -into $return_group -color #ffff00 -radix hex
## add_wave /apatb_myproject_top/AESL_inst_myproject/layer3_out_22 -into $return_group -radix hex
## add_wave /apatb_myproject_top/AESL_inst_myproject/layer3_out_21_ap_vld -into $return_group -color #ffff00 -radix hex
## add_wave /apatb_myproject_top/AESL_inst_myproject/layer3_out_21 -into $return_group -radix hex
## add_wave /apatb_myproject_top/AESL_inst_myproject/layer3_out_20_ap_vld -into $return_group -color #ffff00 -radix hex
## add_wave /apatb_myproject_top/AESL_inst_myproject/layer3_out_20 -into $return_group -radix hex
## add_wave /apatb_myproject_top/AESL_inst_myproject/layer3_out_19_ap_vld -into $return_group -color #ffff00 -radix hex
## add_wave /apatb_myproject_top/AESL_inst_myproject/layer3_out_19 -into $return_group -radix hex
## add_wave /apatb_myproject_top/AESL_inst_myproject/layer3_out_18_ap_vld -into $return_group -color #ffff00 -radix hex
## add_wave /apatb_myproject_top/AESL_inst_myproject/layer3_out_18 -into $return_group -radix hex
## add_wave /apatb_myproject_top/AESL_inst_myproject/layer3_out_17_ap_vld -into $return_group -color #ffff00 -radix hex
## add_wave /apatb_myproject_top/AESL_inst_myproject/layer3_out_17 -into $return_group -radix hex
## add_wave /apatb_myproject_top/AESL_inst_myproject/layer3_out_16_ap_vld -into $return_group -color #ffff00 -radix hex
## add_wave /apatb_myproject_top/AESL_inst_myproject/layer3_out_16 -into $return_group -radix hex
## add_wave /apatb_myproject_top/AESL_inst_myproject/layer3_out_15_ap_vld -into $return_group -color #ffff00 -radix hex
## add_wave /apatb_myproject_top/AESL_inst_myproject/layer3_out_15 -into $return_group -radix hex
## add_wave /apatb_myproject_top/AESL_inst_myproject/layer3_out_14_ap_vld -into $return_group -color #ffff00 -radix hex
## add_wave /apatb_myproject_top/AESL_inst_myproject/layer3_out_14 -into $return_group -radix hex
## add_wave /apatb_myproject_top/AESL_inst_myproject/layer3_out_13_ap_vld -into $return_group -color #ffff00 -radix hex
## add_wave /apatb_myproject_top/AESL_inst_myproject/layer3_out_13 -into $return_group -radix hex
## add_wave /apatb_myproject_top/AESL_inst_myproject/layer3_out_12_ap_vld -into $return_group -color #ffff00 -radix hex
## add_wave /apatb_myproject_top/AESL_inst_myproject/layer3_out_12 -into $return_group -radix hex
## add_wave /apatb_myproject_top/AESL_inst_myproject/layer3_out_11_ap_vld -into $return_group -color #ffff00 -radix hex
## add_wave /apatb_myproject_top/AESL_inst_myproject/layer3_out_11 -into $return_group -radix hex
## add_wave /apatb_myproject_top/AESL_inst_myproject/layer3_out_10_ap_vld -into $return_group -color #ffff00 -radix hex
## add_wave /apatb_myproject_top/AESL_inst_myproject/layer3_out_10 -into $return_group -radix hex
## add_wave /apatb_myproject_top/AESL_inst_myproject/layer3_out_9_ap_vld -into $return_group -color #ffff00 -radix hex
## add_wave /apatb_myproject_top/AESL_inst_myproject/layer3_out_9 -into $return_group -radix hex
## add_wave /apatb_myproject_top/AESL_inst_myproject/layer3_out_8_ap_vld -into $return_group -color #ffff00 -radix hex
## add_wave /apatb_myproject_top/AESL_inst_myproject/layer3_out_8 -into $return_group -radix hex
## add_wave /apatb_myproject_top/AESL_inst_myproject/layer3_out_7_ap_vld -into $return_group -color #ffff00 -radix hex
## add_wave /apatb_myproject_top/AESL_inst_myproject/layer3_out_7 -into $return_group -radix hex
## add_wave /apatb_myproject_top/AESL_inst_myproject/layer3_out_6_ap_vld -into $return_group -color #ffff00 -radix hex
## add_wave /apatb_myproject_top/AESL_inst_myproject/layer3_out_6 -into $return_group -radix hex
## add_wave /apatb_myproject_top/AESL_inst_myproject/layer3_out_5_ap_vld -into $return_group -color #ffff00 -radix hex
## add_wave /apatb_myproject_top/AESL_inst_myproject/layer3_out_5 -into $return_group -radix hex
## add_wave /apatb_myproject_top/AESL_inst_myproject/layer3_out_4_ap_vld -into $return_group -color #ffff00 -radix hex
## add_wave /apatb_myproject_top/AESL_inst_myproject/layer3_out_4 -into $return_group -radix hex
## add_wave /apatb_myproject_top/AESL_inst_myproject/layer3_out_3_ap_vld -into $return_group -color #ffff00 -radix hex
## add_wave /apatb_myproject_top/AESL_inst_myproject/layer3_out_3 -into $return_group -radix hex
## add_wave /apatb_myproject_top/AESL_inst_myproject/layer3_out_2_ap_vld -into $return_group -color #ffff00 -radix hex
## add_wave /apatb_myproject_top/AESL_inst_myproject/layer3_out_2 -into $return_group -radix hex
## add_wave /apatb_myproject_top/AESL_inst_myproject/layer3_out_1_ap_vld -into $return_group -color #ffff00 -radix hex
## add_wave /apatb_myproject_top/AESL_inst_myproject/layer3_out_1 -into $return_group -radix hex
## add_wave /apatb_myproject_top/AESL_inst_myproject/layer3_out_0_ap_vld -into $return_group -color #ffff00 -radix hex
## add_wave /apatb_myproject_top/AESL_inst_myproject/layer3_out_0 -into $return_group -radix hex
## set cinputgroup [add_wave_group "C Inputs" -into $designtopgroup]
## set return_group [add_wave_group return(wire) -into $cinputgroup]
## add_wave /apatb_myproject_top/AESL_inst_myproject/input_2_ap_vld -into $return_group -color #ffff00 -radix hex
## add_wave /apatb_myproject_top/AESL_inst_myproject/input_2 -into $return_group -radix hex
## add_wave /apatb_myproject_top/AESL_inst_myproject/input_1_ap_vld -into $return_group -color #ffff00 -radix hex
## add_wave /apatb_myproject_top/AESL_inst_myproject/input_1 -into $return_group -radix hex
## set blocksiggroup [add_wave_group "Block-level IO Handshake" -into $designtopgroup]
## add_wave /apatb_myproject_top/AESL_inst_myproject/ap_start -into $blocksiggroup
## add_wave /apatb_myproject_top/AESL_inst_myproject/ap_done -into $blocksiggroup
## add_wave /apatb_myproject_top/AESL_inst_myproject/ap_idle -into $blocksiggroup
## add_wave /apatb_myproject_top/AESL_inst_myproject/ap_ready -into $blocksiggroup
## set resetgroup [add_wave_group "Reset" -into $designtopgroup]
## add_wave /apatb_myproject_top/AESL_inst_myproject/ap_rst -into $resetgroup
## set clockgroup [add_wave_group "Clock" -into $designtopgroup]
## add_wave /apatb_myproject_top/AESL_inst_myproject/ap_clk -into $clockgroup
## set testbenchgroup [add_wave_group "Test Bench Signals"]
## set tbinternalsiggroup [add_wave_group "Internal Signals" -into $testbenchgroup]
## set tb_simstatus_group [add_wave_group "Simulation Status" -into $tbinternalsiggroup]
## set tb_portdepth_group [add_wave_group "Port Depth" -into $tbinternalsiggroup]
## add_wave /apatb_myproject_top/AUTOTB_TRANSACTION_NUM -into $tb_simstatus_group -radix hex
## add_wave /apatb_myproject_top/ready_cnt -into $tb_simstatus_group -radix hex
## add_wave /apatb_myproject_top/done_cnt -into $tb_simstatus_group -radix hex
## add_wave /apatb_myproject_top/LENGTH_input_1 -into $tb_portdepth_group -radix hex
## add_wave /apatb_myproject_top/LENGTH_input_2 -into $tb_portdepth_group -radix hex
## add_wave /apatb_myproject_top/LENGTH_layer3_out_0 -into $tb_portdepth_group -radix hex
## add_wave /apatb_myproject_top/LENGTH_layer3_out_1 -into $tb_portdepth_group -radix hex
## add_wave /apatb_myproject_top/LENGTH_layer3_out_10 -into $tb_portdepth_group -radix hex
## add_wave /apatb_myproject_top/LENGTH_layer3_out_11 -into $tb_portdepth_group -radix hex
## add_wave /apatb_myproject_top/LENGTH_layer3_out_12 -into $tb_portdepth_group -radix hex
## add_wave /apatb_myproject_top/LENGTH_layer3_out_13 -into $tb_portdepth_group -radix hex
## add_wave /apatb_myproject_top/LENGTH_layer3_out_14 -into $tb_portdepth_group -radix hex
## add_wave /apatb_myproject_top/LENGTH_layer3_out_15 -into $tb_portdepth_group -radix hex
## add_wave /apatb_myproject_top/LENGTH_layer3_out_16 -into $tb_portdepth_group -radix hex
## add_wave /apatb_myproject_top/LENGTH_layer3_out_17 -into $tb_portdepth_group -radix hex
## add_wave /apatb_myproject_top/LENGTH_layer3_out_18 -into $tb_portdepth_group -radix hex
## add_wave /apatb_myproject_top/LENGTH_layer3_out_19 -into $tb_portdepth_group -radix hex
## add_wave /apatb_myproject_top/LENGTH_layer3_out_2 -into $tb_portdepth_group -radix hex
## add_wave /apatb_myproject_top/LENGTH_layer3_out_20 -into $tb_portdepth_group -radix hex
## add_wave /apatb_myproject_top/LENGTH_layer3_out_21 -into $tb_portdepth_group -radix hex
## add_wave /apatb_myproject_top/LENGTH_layer3_out_22 -into $tb_portdepth_group -radix hex
## add_wave /apatb_myproject_top/LENGTH_layer3_out_23 -into $tb_portdepth_group -radix hex
## add_wave /apatb_myproject_top/LENGTH_layer3_out_24 -into $tb_portdepth_group -radix hex
## add_wave /apatb_myproject_top/LENGTH_layer3_out_25 -into $tb_portdepth_group -radix hex
## add_wave /apatb_myproject_top/LENGTH_layer3_out_26 -into $tb_portdepth_group -radix hex
## add_wave /apatb_myproject_top/LENGTH_layer3_out_27 -into $tb_portdepth_group -radix hex
## add_wave /apatb_myproject_top/LENGTH_layer3_out_28 -into $tb_portdepth_group -radix hex
## add_wave /apatb_myproject_top/LENGTH_layer3_out_29 -into $tb_portdepth_group -radix hex
## add_wave /apatb_myproject_top/LENGTH_layer3_out_3 -into $tb_portdepth_group -radix hex
## add_wave /apatb_myproject_top/LENGTH_layer3_out_30 -into $tb_portdepth_group -radix hex
## add_wave /apatb_myproject_top/LENGTH_layer3_out_31 -into $tb_portdepth_group -radix hex
## add_wave /apatb_myproject_top/LENGTH_layer3_out_32 -into $tb_portdepth_group -radix hex
## add_wave /apatb_myproject_top/LENGTH_layer3_out_33 -into $tb_portdepth_group -radix hex
## add_wave /apatb_myproject_top/LENGTH_layer3_out_34 -into $tb_portdepth_group -radix hex
## add_wave /apatb_myproject_top/LENGTH_layer3_out_35 -into $tb_portdepth_group -radix hex
## add_wave /apatb_myproject_top/LENGTH_layer3_out_36 -into $tb_portdepth_group -radix hex
## add_wave /apatb_myproject_top/LENGTH_layer3_out_37 -into $tb_portdepth_group -radix hex
## add_wave /apatb_myproject_top/LENGTH_layer3_out_38 -into $tb_portdepth_group -radix hex
## add_wave /apatb_myproject_top/LENGTH_layer3_out_39 -into $tb_portdepth_group -radix hex
## add_wave /apatb_myproject_top/LENGTH_layer3_out_4 -into $tb_portdepth_group -radix hex
## add_wave /apatb_myproject_top/LENGTH_layer3_out_40 -into $tb_portdepth_group -radix hex
## add_wave /apatb_myproject_top/LENGTH_layer3_out_41 -into $tb_portdepth_group -radix hex
## add_wave /apatb_myproject_top/LENGTH_layer3_out_42 -into $tb_portdepth_group -radix hex
## add_wave /apatb_myproject_top/LENGTH_layer3_out_43 -into $tb_portdepth_group -radix hex
## add_wave /apatb_myproject_top/LENGTH_layer3_out_44 -into $tb_portdepth_group -radix hex
## add_wave /apatb_myproject_top/LENGTH_layer3_out_45 -into $tb_portdepth_group -radix hex
## add_wave /apatb_myproject_top/LENGTH_layer3_out_46 -into $tb_portdepth_group -radix hex
## add_wave /apatb_myproject_top/LENGTH_layer3_out_47 -into $tb_portdepth_group -radix hex
## add_wave /apatb_myproject_top/LENGTH_layer3_out_48 -into $tb_portdepth_group -radix hex
## add_wave /apatb_myproject_top/LENGTH_layer3_out_49 -into $tb_portdepth_group -radix hex
## add_wave /apatb_myproject_top/LENGTH_layer3_out_5 -into $tb_portdepth_group -radix hex
## add_wave /apatb_myproject_top/LENGTH_layer3_out_50 -into $tb_portdepth_group -radix hex
## add_wave /apatb_myproject_top/LENGTH_layer3_out_51 -into $tb_portdepth_group -radix hex
## add_wave /apatb_myproject_top/LENGTH_layer3_out_52 -into $tb_portdepth_group -radix hex
## add_wave /apatb_myproject_top/LENGTH_layer3_out_53 -into $tb_portdepth_group -radix hex
## add_wave /apatb_myproject_top/LENGTH_layer3_out_54 -into $tb_portdepth_group -radix hex
## add_wave /apatb_myproject_top/LENGTH_layer3_out_55 -into $tb_portdepth_group -radix hex
## add_wave /apatb_myproject_top/LENGTH_layer3_out_56 -into $tb_portdepth_group -radix hex
## add_wave /apatb_myproject_top/LENGTH_layer3_out_57 -into $tb_portdepth_group -radix hex
## add_wave /apatb_myproject_top/LENGTH_layer3_out_58 -into $tb_portdepth_group -radix hex
## add_wave /apatb_myproject_top/LENGTH_layer3_out_59 -into $tb_portdepth_group -radix hex
## add_wave /apatb_myproject_top/LENGTH_layer3_out_6 -into $tb_portdepth_group -radix hex
## add_wave /apatb_myproject_top/LENGTH_layer3_out_60 -into $tb_portdepth_group -radix hex
## add_wave /apatb_myproject_top/LENGTH_layer3_out_61 -into $tb_portdepth_group -radix hex
## add_wave /apatb_myproject_top/LENGTH_layer3_out_62 -into $tb_portdepth_group -radix hex
## add_wave /apatb_myproject_top/LENGTH_layer3_out_63 -into $tb_portdepth_group -radix hex
## add_wave /apatb_myproject_top/LENGTH_layer3_out_64 -into $tb_portdepth_group -radix hex
## add_wave /apatb_myproject_top/LENGTH_layer3_out_65 -into $tb_portdepth_group -radix hex
## add_wave /apatb_myproject_top/LENGTH_layer3_out_66 -into $tb_portdepth_group -radix hex
## add_wave /apatb_myproject_top/LENGTH_layer3_out_67 -into $tb_portdepth_group -radix hex
## add_wave /apatb_myproject_top/LENGTH_layer3_out_68 -into $tb_portdepth_group -radix hex
## add_wave /apatb_myproject_top/LENGTH_layer3_out_69 -into $tb_portdepth_group -radix hex
## add_wave /apatb_myproject_top/LENGTH_layer3_out_7 -into $tb_portdepth_group -radix hex
## add_wave /apatb_myproject_top/LENGTH_layer3_out_70 -into $tb_portdepth_group -radix hex
## add_wave /apatb_myproject_top/LENGTH_layer3_out_71 -into $tb_portdepth_group -radix hex
## add_wave /apatb_myproject_top/LENGTH_layer3_out_72 -into $tb_portdepth_group -radix hex
## add_wave /apatb_myproject_top/LENGTH_layer3_out_73 -into $tb_portdepth_group -radix hex
## add_wave /apatb_myproject_top/LENGTH_layer3_out_74 -into $tb_portdepth_group -radix hex
## add_wave /apatb_myproject_top/LENGTH_layer3_out_75 -into $tb_portdepth_group -radix hex
## add_wave /apatb_myproject_top/LENGTH_layer3_out_76 -into $tb_portdepth_group -radix hex
## add_wave /apatb_myproject_top/LENGTH_layer3_out_77 -into $tb_portdepth_group -radix hex
## add_wave /apatb_myproject_top/LENGTH_layer3_out_78 -into $tb_portdepth_group -radix hex
## add_wave /apatb_myproject_top/LENGTH_layer3_out_79 -into $tb_portdepth_group -radix hex
## add_wave /apatb_myproject_top/LENGTH_layer3_out_8 -into $tb_portdepth_group -radix hex
## add_wave /apatb_myproject_top/LENGTH_layer3_out_9 -into $tb_portdepth_group -radix hex
## set tbcoutputgroup [add_wave_group "C Outputs" -into $testbenchgroup]
## set tb_return_group [add_wave_group return(wire) -into $tbcoutputgroup]
## add_wave /apatb_myproject_top/layer3_out_79_ap_vld -into $tb_return_group -color #ffff00 -radix hex
## add_wave /apatb_myproject_top/layer3_out_79 -into $tb_return_group -radix hex
## add_wave /apatb_myproject_top/layer3_out_78_ap_vld -into $tb_return_group -color #ffff00 -radix hex
## add_wave /apatb_myproject_top/layer3_out_78 -into $tb_return_group -radix hex
## add_wave /apatb_myproject_top/layer3_out_77_ap_vld -into $tb_return_group -color #ffff00 -radix hex
## add_wave /apatb_myproject_top/layer3_out_77 -into $tb_return_group -radix hex
## add_wave /apatb_myproject_top/layer3_out_76_ap_vld -into $tb_return_group -color #ffff00 -radix hex
## add_wave /apatb_myproject_top/layer3_out_76 -into $tb_return_group -radix hex
## add_wave /apatb_myproject_top/layer3_out_75_ap_vld -into $tb_return_group -color #ffff00 -radix hex
## add_wave /apatb_myproject_top/layer3_out_75 -into $tb_return_group -radix hex
## add_wave /apatb_myproject_top/layer3_out_74_ap_vld -into $tb_return_group -color #ffff00 -radix hex
## add_wave /apatb_myproject_top/layer3_out_74 -into $tb_return_group -radix hex
## add_wave /apatb_myproject_top/layer3_out_73_ap_vld -into $tb_return_group -color #ffff00 -radix hex
## add_wave /apatb_myproject_top/layer3_out_73 -into $tb_return_group -radix hex
## add_wave /apatb_myproject_top/layer3_out_72_ap_vld -into $tb_return_group -color #ffff00 -radix hex
## add_wave /apatb_myproject_top/layer3_out_72 -into $tb_return_group -radix hex
## add_wave /apatb_myproject_top/layer3_out_71_ap_vld -into $tb_return_group -color #ffff00 -radix hex
## add_wave /apatb_myproject_top/layer3_out_71 -into $tb_return_group -radix hex
## add_wave /apatb_myproject_top/layer3_out_70_ap_vld -into $tb_return_group -color #ffff00 -radix hex
## add_wave /apatb_myproject_top/layer3_out_70 -into $tb_return_group -radix hex
## add_wave /apatb_myproject_top/layer3_out_69_ap_vld -into $tb_return_group -color #ffff00 -radix hex
## add_wave /apatb_myproject_top/layer3_out_69 -into $tb_return_group -radix hex
## add_wave /apatb_myproject_top/layer3_out_68_ap_vld -into $tb_return_group -color #ffff00 -radix hex
## add_wave /apatb_myproject_top/layer3_out_68 -into $tb_return_group -radix hex
## add_wave /apatb_myproject_top/layer3_out_67_ap_vld -into $tb_return_group -color #ffff00 -radix hex
## add_wave /apatb_myproject_top/layer3_out_67 -into $tb_return_group -radix hex
## add_wave /apatb_myproject_top/layer3_out_66_ap_vld -into $tb_return_group -color #ffff00 -radix hex
## add_wave /apatb_myproject_top/layer3_out_66 -into $tb_return_group -radix hex
## add_wave /apatb_myproject_top/layer3_out_65_ap_vld -into $tb_return_group -color #ffff00 -radix hex
## add_wave /apatb_myproject_top/layer3_out_65 -into $tb_return_group -radix hex
## add_wave /apatb_myproject_top/layer3_out_64_ap_vld -into $tb_return_group -color #ffff00 -radix hex
## add_wave /apatb_myproject_top/layer3_out_64 -into $tb_return_group -radix hex
## add_wave /apatb_myproject_top/layer3_out_63_ap_vld -into $tb_return_group -color #ffff00 -radix hex
## add_wave /apatb_myproject_top/layer3_out_63 -into $tb_return_group -radix hex
## add_wave /apatb_myproject_top/layer3_out_62_ap_vld -into $tb_return_group -color #ffff00 -radix hex
## add_wave /apatb_myproject_top/layer3_out_62 -into $tb_return_group -radix hex
## add_wave /apatb_myproject_top/layer3_out_61_ap_vld -into $tb_return_group -color #ffff00 -radix hex
## add_wave /apatb_myproject_top/layer3_out_61 -into $tb_return_group -radix hex
## add_wave /apatb_myproject_top/layer3_out_60_ap_vld -into $tb_return_group -color #ffff00 -radix hex
## add_wave /apatb_myproject_top/layer3_out_60 -into $tb_return_group -radix hex
## add_wave /apatb_myproject_top/layer3_out_59_ap_vld -into $tb_return_group -color #ffff00 -radix hex
## add_wave /apatb_myproject_top/layer3_out_59 -into $tb_return_group -radix hex
## add_wave /apatb_myproject_top/layer3_out_58_ap_vld -into $tb_return_group -color #ffff00 -radix hex
## add_wave /apatb_myproject_top/layer3_out_58 -into $tb_return_group -radix hex
## add_wave /apatb_myproject_top/layer3_out_57_ap_vld -into $tb_return_group -color #ffff00 -radix hex
## add_wave /apatb_myproject_top/layer3_out_57 -into $tb_return_group -radix hex
## add_wave /apatb_myproject_top/layer3_out_56_ap_vld -into $tb_return_group -color #ffff00 -radix hex
## add_wave /apatb_myproject_top/layer3_out_56 -into $tb_return_group -radix hex
## add_wave /apatb_myproject_top/layer3_out_55_ap_vld -into $tb_return_group -color #ffff00 -radix hex
## add_wave /apatb_myproject_top/layer3_out_55 -into $tb_return_group -radix hex
## add_wave /apatb_myproject_top/layer3_out_54_ap_vld -into $tb_return_group -color #ffff00 -radix hex
## add_wave /apatb_myproject_top/layer3_out_54 -into $tb_return_group -radix hex
## add_wave /apatb_myproject_top/layer3_out_53_ap_vld -into $tb_return_group -color #ffff00 -radix hex
## add_wave /apatb_myproject_top/layer3_out_53 -into $tb_return_group -radix hex
## add_wave /apatb_myproject_top/layer3_out_52_ap_vld -into $tb_return_group -color #ffff00 -radix hex
## add_wave /apatb_myproject_top/layer3_out_52 -into $tb_return_group -radix hex
## add_wave /apatb_myproject_top/layer3_out_51_ap_vld -into $tb_return_group -color #ffff00 -radix hex
## add_wave /apatb_myproject_top/layer3_out_51 -into $tb_return_group -radix hex
## add_wave /apatb_myproject_top/layer3_out_50_ap_vld -into $tb_return_group -color #ffff00 -radix hex
## add_wave /apatb_myproject_top/layer3_out_50 -into $tb_return_group -radix hex
## add_wave /apatb_myproject_top/layer3_out_49_ap_vld -into $tb_return_group -color #ffff00 -radix hex
## add_wave /apatb_myproject_top/layer3_out_49 -into $tb_return_group -radix hex
## add_wave /apatb_myproject_top/layer3_out_48_ap_vld -into $tb_return_group -color #ffff00 -radix hex
## add_wave /apatb_myproject_top/layer3_out_48 -into $tb_return_group -radix hex
## add_wave /apatb_myproject_top/layer3_out_47_ap_vld -into $tb_return_group -color #ffff00 -radix hex
## add_wave /apatb_myproject_top/layer3_out_47 -into $tb_return_group -radix hex
## add_wave /apatb_myproject_top/layer3_out_46_ap_vld -into $tb_return_group -color #ffff00 -radix hex
## add_wave /apatb_myproject_top/layer3_out_46 -into $tb_return_group -radix hex
## add_wave /apatb_myproject_top/layer3_out_45_ap_vld -into $tb_return_group -color #ffff00 -radix hex
## add_wave /apatb_myproject_top/layer3_out_45 -into $tb_return_group -radix hex
## add_wave /apatb_myproject_top/layer3_out_44_ap_vld -into $tb_return_group -color #ffff00 -radix hex
## add_wave /apatb_myproject_top/layer3_out_44 -into $tb_return_group -radix hex
## add_wave /apatb_myproject_top/layer3_out_43_ap_vld -into $tb_return_group -color #ffff00 -radix hex
## add_wave /apatb_myproject_top/layer3_out_43 -into $tb_return_group -radix hex
## add_wave /apatb_myproject_top/layer3_out_42_ap_vld -into $tb_return_group -color #ffff00 -radix hex
## add_wave /apatb_myproject_top/layer3_out_42 -into $tb_return_group -radix hex
## add_wave /apatb_myproject_top/layer3_out_41_ap_vld -into $tb_return_group -color #ffff00 -radix hex
## add_wave /apatb_myproject_top/layer3_out_41 -into $tb_return_group -radix hex
## add_wave /apatb_myproject_top/layer3_out_40_ap_vld -into $tb_return_group -color #ffff00 -radix hex
## add_wave /apatb_myproject_top/layer3_out_40 -into $tb_return_group -radix hex
## add_wave /apatb_myproject_top/layer3_out_39_ap_vld -into $tb_return_group -color #ffff00 -radix hex
## add_wave /apatb_myproject_top/layer3_out_39 -into $tb_return_group -radix hex
## add_wave /apatb_myproject_top/layer3_out_38_ap_vld -into $tb_return_group -color #ffff00 -radix hex
## add_wave /apatb_myproject_top/layer3_out_38 -into $tb_return_group -radix hex
## add_wave /apatb_myproject_top/layer3_out_37_ap_vld -into $tb_return_group -color #ffff00 -radix hex
## add_wave /apatb_myproject_top/layer3_out_37 -into $tb_return_group -radix hex
## add_wave /apatb_myproject_top/layer3_out_36_ap_vld -into $tb_return_group -color #ffff00 -radix hex
## add_wave /apatb_myproject_top/layer3_out_36 -into $tb_return_group -radix hex
## add_wave /apatb_myproject_top/layer3_out_35_ap_vld -into $tb_return_group -color #ffff00 -radix hex
## add_wave /apatb_myproject_top/layer3_out_35 -into $tb_return_group -radix hex
## add_wave /apatb_myproject_top/layer3_out_34_ap_vld -into $tb_return_group -color #ffff00 -radix hex
## add_wave /apatb_myproject_top/layer3_out_34 -into $tb_return_group -radix hex
## add_wave /apatb_myproject_top/layer3_out_33_ap_vld -into $tb_return_group -color #ffff00 -radix hex
## add_wave /apatb_myproject_top/layer3_out_33 -into $tb_return_group -radix hex
## add_wave /apatb_myproject_top/layer3_out_32_ap_vld -into $tb_return_group -color #ffff00 -radix hex
## add_wave /apatb_myproject_top/layer3_out_32 -into $tb_return_group -radix hex
## add_wave /apatb_myproject_top/layer3_out_31_ap_vld -into $tb_return_group -color #ffff00 -radix hex
## add_wave /apatb_myproject_top/layer3_out_31 -into $tb_return_group -radix hex
## add_wave /apatb_myproject_top/layer3_out_30_ap_vld -into $tb_return_group -color #ffff00 -radix hex
## add_wave /apatb_myproject_top/layer3_out_30 -into $tb_return_group -radix hex
## add_wave /apatb_myproject_top/layer3_out_29_ap_vld -into $tb_return_group -color #ffff00 -radix hex
## add_wave /apatb_myproject_top/layer3_out_29 -into $tb_return_group -radix hex
## add_wave /apatb_myproject_top/layer3_out_28_ap_vld -into $tb_return_group -color #ffff00 -radix hex
## add_wave /apatb_myproject_top/layer3_out_28 -into $tb_return_group -radix hex
## add_wave /apatb_myproject_top/layer3_out_27_ap_vld -into $tb_return_group -color #ffff00 -radix hex
## add_wave /apatb_myproject_top/layer3_out_27 -into $tb_return_group -radix hex
## add_wave /apatb_myproject_top/layer3_out_26_ap_vld -into $tb_return_group -color #ffff00 -radix hex
## add_wave /apatb_myproject_top/layer3_out_26 -into $tb_return_group -radix hex
## add_wave /apatb_myproject_top/layer3_out_25_ap_vld -into $tb_return_group -color #ffff00 -radix hex
## add_wave /apatb_myproject_top/layer3_out_25 -into $tb_return_group -radix hex
## add_wave /apatb_myproject_top/layer3_out_24_ap_vld -into $tb_return_group -color #ffff00 -radix hex
## add_wave /apatb_myproject_top/layer3_out_24 -into $tb_return_group -radix hex
## add_wave /apatb_myproject_top/layer3_out_23_ap_vld -into $tb_return_group -color #ffff00 -radix hex
## add_wave /apatb_myproject_top/layer3_out_23 -into $tb_return_group -radix hex
## add_wave /apatb_myproject_top/layer3_out_22_ap_vld -into $tb_return_group -color #ffff00 -radix hex
## add_wave /apatb_myproject_top/layer3_out_22 -into $tb_return_group -radix hex
## add_wave /apatb_myproject_top/layer3_out_21_ap_vld -into $tb_return_group -color #ffff00 -radix hex
## add_wave /apatb_myproject_top/layer3_out_21 -into $tb_return_group -radix hex
## add_wave /apatb_myproject_top/layer3_out_20_ap_vld -into $tb_return_group -color #ffff00 -radix hex
## add_wave /apatb_myproject_top/layer3_out_20 -into $tb_return_group -radix hex
## add_wave /apatb_myproject_top/layer3_out_19_ap_vld -into $tb_return_group -color #ffff00 -radix hex
## add_wave /apatb_myproject_top/layer3_out_19 -into $tb_return_group -radix hex
## add_wave /apatb_myproject_top/layer3_out_18_ap_vld -into $tb_return_group -color #ffff00 -radix hex
## add_wave /apatb_myproject_top/layer3_out_18 -into $tb_return_group -radix hex
## add_wave /apatb_myproject_top/layer3_out_17_ap_vld -into $tb_return_group -color #ffff00 -radix hex
## add_wave /apatb_myproject_top/layer3_out_17 -into $tb_return_group -radix hex
## add_wave /apatb_myproject_top/layer3_out_16_ap_vld -into $tb_return_group -color #ffff00 -radix hex
## add_wave /apatb_myproject_top/layer3_out_16 -into $tb_return_group -radix hex
## add_wave /apatb_myproject_top/layer3_out_15_ap_vld -into $tb_return_group -color #ffff00 -radix hex
## add_wave /apatb_myproject_top/layer3_out_15 -into $tb_return_group -radix hex
## add_wave /apatb_myproject_top/layer3_out_14_ap_vld -into $tb_return_group -color #ffff00 -radix hex
## add_wave /apatb_myproject_top/layer3_out_14 -into $tb_return_group -radix hex
## add_wave /apatb_myproject_top/layer3_out_13_ap_vld -into $tb_return_group -color #ffff00 -radix hex
## add_wave /apatb_myproject_top/layer3_out_13 -into $tb_return_group -radix hex
## add_wave /apatb_myproject_top/layer3_out_12_ap_vld -into $tb_return_group -color #ffff00 -radix hex
## add_wave /apatb_myproject_top/layer3_out_12 -into $tb_return_group -radix hex
## add_wave /apatb_myproject_top/layer3_out_11_ap_vld -into $tb_return_group -color #ffff00 -radix hex
## add_wave /apatb_myproject_top/layer3_out_11 -into $tb_return_group -radix hex
## add_wave /apatb_myproject_top/layer3_out_10_ap_vld -into $tb_return_group -color #ffff00 -radix hex
## add_wave /apatb_myproject_top/layer3_out_10 -into $tb_return_group -radix hex
## add_wave /apatb_myproject_top/layer3_out_9_ap_vld -into $tb_return_group -color #ffff00 -radix hex
## add_wave /apatb_myproject_top/layer3_out_9 -into $tb_return_group -radix hex
## add_wave /apatb_myproject_top/layer3_out_8_ap_vld -into $tb_return_group -color #ffff00 -radix hex
## add_wave /apatb_myproject_top/layer3_out_8 -into $tb_return_group -radix hex
## add_wave /apatb_myproject_top/layer3_out_7_ap_vld -into $tb_return_group -color #ffff00 -radix hex
## add_wave /apatb_myproject_top/layer3_out_7 -into $tb_return_group -radix hex
## add_wave /apatb_myproject_top/layer3_out_6_ap_vld -into $tb_return_group -color #ffff00 -radix hex
## add_wave /apatb_myproject_top/layer3_out_6 -into $tb_return_group -radix hex
## add_wave /apatb_myproject_top/layer3_out_5_ap_vld -into $tb_return_group -color #ffff00 -radix hex
## add_wave /apatb_myproject_top/layer3_out_5 -into $tb_return_group -radix hex
## add_wave /apatb_myproject_top/layer3_out_4_ap_vld -into $tb_return_group -color #ffff00 -radix hex
## add_wave /apatb_myproject_top/layer3_out_4 -into $tb_return_group -radix hex
## add_wave /apatb_myproject_top/layer3_out_3_ap_vld -into $tb_return_group -color #ffff00 -radix hex
## add_wave /apatb_myproject_top/layer3_out_3 -into $tb_return_group -radix hex
## add_wave /apatb_myproject_top/layer3_out_2_ap_vld -into $tb_return_group -color #ffff00 -radix hex
## add_wave /apatb_myproject_top/layer3_out_2 -into $tb_return_group -radix hex
## add_wave /apatb_myproject_top/layer3_out_1_ap_vld -into $tb_return_group -color #ffff00 -radix hex
## add_wave /apatb_myproject_top/layer3_out_1 -into $tb_return_group -radix hex
## add_wave /apatb_myproject_top/layer3_out_0_ap_vld -into $tb_return_group -color #ffff00 -radix hex
## add_wave /apatb_myproject_top/layer3_out_0 -into $tb_return_group -radix hex
## set tbcinputgroup [add_wave_group "C Inputs" -into $testbenchgroup]
## set tb_return_group [add_wave_group return(wire) -into $tbcinputgroup]
## add_wave /apatb_myproject_top/input_2_ap_vld -into $tb_return_group -color #ffff00 -radix hex
## add_wave /apatb_myproject_top/input_2 -into $tb_return_group -radix hex
## add_wave /apatb_myproject_top/input_1_ap_vld -into $tb_return_group -color #ffff00 -radix hex
## add_wave /apatb_myproject_top/input_1 -into $tb_return_group -radix hex
## save_wave_config myproject.wcfg
## run all
////////////////////////////////////////////////////////////////////////////////////
// Inter-Transaction Progress: Completed Transaction / Total Transaction
// Intra-Transaction Progress: Measured Latency / Latency Estimation * 100%
//
// RTL Simulation : "Inter-Transaction Progress" ["Intra-Transaction Progress"] @ "Simulation Time"
////////////////////////////////////////////////////////////////////////////////////
// RTL Simulation : 0 / 1 [0.00%] @ "113000"
// RTL Simulation : 1 / 1 [100.00%] @ "518000"
////////////////////////////////////////////////////////////////////////////////////
$finish called at time : 547500 ps : File "/data/hlssynt-users/rflynn/transformer-synthesis/hls4ml_projects/keras_mha_Vitis/myproject_prj/solution1/sim/verilog/myproject.autotb.v" Line 5178
## quit
INFO: [Common 17-206] Exiting xsim at Tue Jan 14 08:14:37 2025...
