

================================================================
== Vitis HLS Report for 'dense_latency_ap_fixed_16_6_5_3_0_ap_fixed_33_13_5_3_0_config3_1_1'
================================================================
* Date:           Tue Jan 14 08:05:49 2025

* Version:        2023.2 (Build 4023990 on Oct 11 2023)
* Project:        myproject_prj
* Solution:       solution1 (Vivado IP Flow Target)
* Product family: virtexuplus
* Target device:  xcvu13p-flga2577-2-e


================================================================
== Performance Estimates
================================================================
+ Timing: 
    * Summary: 
    +--------+---------+----------+------------+
    |  Clock |  Target | Estimated| Uncertainty|
    +--------+---------+----------+------------+
    |ap_clk  |  5.00 ns|  3.408 ns|     1.35 ns|
    +--------+---------+----------+------------+

+ Latency: 
    * Summary: 
    +---------+---------+-----------+-----------+-----+-----+---------+
    |  Latency (cycles) |   Latency (absolute)  |  Interval | Pipeline|
    |   min   |   max   |    min    |    max    | min | max |   Type  |
    +---------+---------+-----------+-----------+-----+-----+---------+
    |        2|        2|  10.000 ns|  10.000 ns|    1|    1|      yes|
    +---------+---------+-----------+-----------+-----+-----+---------+

    + Detail: 
        * Instance: 
        N/A

        * Loop: 
        N/A

============================================================
+ Verbose Summary: Synthesis Manager
============================================================
InlineROM: 1
ExposeGlobal: 0
============================================================
+ Verbose Summary: CDFG Model
============================================================
IsTopModel: 0
ResetActiveHigh: 1
IsCombinational: 0
IsDatapathOnly: 0
HasWiredReturn: 1
HasMFsm: 2
HasVarLatency: 0
IsPipeline: 1
IsRtlPipelined: 1
IsInstanceOverlapped: 0
IsDontTouch: 0
HasImplIP: 0
IsGatedGlobalClock: 0

+ Individual pipeline summary: 
  * Pipeline-0: initiation interval (II) = 1, depth = 3


============================================================
+ Verbose Summary: Schedule
============================================================
* Number of FSM states : 3
* Pipeline : 1
  Pipeline-0 : II = 1, D = 3, States = { 1 2 3 }
* Dataflow Pipeline: 0

* FSM state transitions: 
1 --> 2 
2 --> 3 
3 --> 

* FSM state operations: 

State 1 <SV = 0> <Delay = 1.39>
ST_1 : Operation 4 [1/1] (0.00ns)   --->   "%idx2_read = read i4 @_ssdm_op_Read.ap_auto.i4, i4 %idx2" [firmware/nnet_utils/nnet_dense_latency.h:13]   --->   Operation 4 'read' 'idx2_read' <Predicate = true> <Delay = 0.00>
ST_1 : Operation 5 [1/1] (0.00ns)   --->   "%data_3_val_read = read i16 @_ssdm_op_Read.ap_auto.i16, i16 %data_3_val" [firmware/nnet_utils/nnet_dense_latency.h:13]   --->   Operation 5 'read' 'data_3_val_read' <Predicate = true> <Delay = 0.00>
ST_1 : Operation 6 [1/1] (0.00ns)   --->   "%data_2_val_read = read i16 @_ssdm_op_Read.ap_auto.i16, i16 %data_2_val" [firmware/nnet_utils/nnet_dense_latency.h:13]   --->   Operation 6 'read' 'data_2_val_read' <Predicate = true> <Delay = 0.00>
ST_1 : Operation 7 [1/1] (0.00ns)   --->   "%data_1_val_read = read i16 @_ssdm_op_Read.ap_auto.i16, i16 %data_1_val" [firmware/nnet_utils/nnet_dense_latency.h:13]   --->   Operation 7 'read' 'data_1_val_read' <Predicate = true> <Delay = 0.00>
ST_1 : Operation 8 [1/1] (0.00ns)   --->   "%data_0_val_read = read i16 @_ssdm_op_Read.ap_auto.i16, i16 %data_0_val" [firmware/nnet_utils/nnet_dense_latency.h:13]   --->   Operation 8 'read' 'data_0_val_read' <Predicate = true> <Delay = 0.00>
ST_1 : Operation 9 [1/1] (0.70ns)   --->   "%add_ln42_9 = add i4 %idx2_read, i4 4" [firmware/nnet_utils/nnet_dense_latency.h:42]   --->   Operation 9 'add' 'add_ln42_9' <Predicate = true> <Delay = 0.70> <CoreInst = "Adder">   --->   Core 1 'Adder' <Latency = 0> <II = 1> <Delay = 0.70> <FuncUnit> <Opcode : 'add' 'sub'> <InPorts = 2> <OutPorts = 1>
ST_1 : Operation 10 [1/1] (0.00ns)   --->   "%zext_ln42_9 = zext i4 %add_ln42_9" [firmware/nnet_utils/nnet_dense_latency.h:42]   --->   Operation 10 'zext' 'zext_ln42_9' <Predicate = true> <Delay = 0.00>
ST_1 : Operation 11 [1/1] (0.00ns)   --->   "%query_weight3_addr_4 = getelementptr i11 %query_weight3, i64 0, i64 %zext_ln42_9" [firmware/nnet_utils/nnet_dense_latency.h:42]   --->   Operation 11 'getelementptr' 'query_weight3_addr_4' <Predicate = true> <Delay = 0.00>
ST_1 : Operation 12 [2/2] (0.68ns)   --->   "%w_110 = load i4 %query_weight3_addr_4" [firmware/nnet_utils/nnet_dense_latency.h:42]   --->   Operation 12 'load' 'w_110' <Predicate = true> <Delay = 0.68> <CoreInst = "ROM">   --->   Core 101 'ROM' <Latency = 1> <II = 1> <Delay = 0.68> <Storage> <Opcode : 'load'> <Ports = 0> <Width = 11> <Depth = 16> <ROM>
ST_1 : Operation 13 [1/1] (0.70ns)   --->   "%add_ln42_10 = add i4 %idx2_read, i4 5" [firmware/nnet_utils/nnet_dense_latency.h:42]   --->   Operation 13 'add' 'add_ln42_10' <Predicate = true> <Delay = 0.70> <CoreInst = "Adder">   --->   Core 1 'Adder' <Latency = 0> <II = 1> <Delay = 0.70> <FuncUnit> <Opcode : 'add' 'sub'> <InPorts = 2> <OutPorts = 1>
ST_1 : Operation 14 [1/1] (0.00ns)   --->   "%zext_ln42_10 = zext i4 %add_ln42_10" [firmware/nnet_utils/nnet_dense_latency.h:42]   --->   Operation 14 'zext' 'zext_ln42_10' <Predicate = true> <Delay = 0.00>
ST_1 : Operation 15 [1/1] (0.00ns)   --->   "%query_weight3_addr_5 = getelementptr i11 %query_weight3, i64 0, i64 %zext_ln42_10" [firmware/nnet_utils/nnet_dense_latency.h:42]   --->   Operation 15 'getelementptr' 'query_weight3_addr_5' <Predicate = true> <Delay = 0.00>
ST_1 : Operation 16 [2/2] (0.68ns)   --->   "%w_111 = load i4 %query_weight3_addr_5" [firmware/nnet_utils/nnet_dense_latency.h:42]   --->   Operation 16 'load' 'w_111' <Predicate = true> <Delay = 0.68> <CoreInst = "ROM">   --->   Core 101 'ROM' <Latency = 1> <II = 1> <Delay = 0.68> <Storage> <Opcode : 'load'> <Ports = 0> <Width = 11> <Depth = 16> <ROM>
ST_1 : Operation 17 [1/1] (0.70ns)   --->   "%add_ln42_11 = add i4 %idx2_read, i4 6" [firmware/nnet_utils/nnet_dense_latency.h:42]   --->   Operation 17 'add' 'add_ln42_11' <Predicate = true> <Delay = 0.70> <CoreInst = "Adder">   --->   Core 1 'Adder' <Latency = 0> <II = 1> <Delay = 0.70> <FuncUnit> <Opcode : 'add' 'sub'> <InPorts = 2> <OutPorts = 1>
ST_1 : Operation 18 [1/1] (0.00ns)   --->   "%zext_ln42_11 = zext i4 %add_ln42_11" [firmware/nnet_utils/nnet_dense_latency.h:42]   --->   Operation 18 'zext' 'zext_ln42_11' <Predicate = true> <Delay = 0.00>
ST_1 : Operation 19 [1/1] (0.00ns)   --->   "%query_weight3_addr_6 = getelementptr i11 %query_weight3, i64 0, i64 %zext_ln42_11" [firmware/nnet_utils/nnet_dense_latency.h:42]   --->   Operation 19 'getelementptr' 'query_weight3_addr_6' <Predicate = true> <Delay = 0.00>
ST_1 : Operation 20 [2/2] (0.68ns)   --->   "%w_112 = load i4 %query_weight3_addr_6" [firmware/nnet_utils/nnet_dense_latency.h:42]   --->   Operation 20 'load' 'w_112' <Predicate = true> <Delay = 0.68> <CoreInst = "ROM">   --->   Core 101 'ROM' <Latency = 1> <II = 1> <Delay = 0.68> <Storage> <Opcode : 'load'> <Ports = 0> <Width = 11> <Depth = 16> <ROM>
ST_1 : Operation 21 [1/1] (0.70ns)   --->   "%add_ln42_12 = add i4 %idx2_read, i4 7" [firmware/nnet_utils/nnet_dense_latency.h:42]   --->   Operation 21 'add' 'add_ln42_12' <Predicate = true> <Delay = 0.70> <CoreInst = "Adder">   --->   Core 1 'Adder' <Latency = 0> <II = 1> <Delay = 0.70> <FuncUnit> <Opcode : 'add' 'sub'> <InPorts = 2> <OutPorts = 1>
ST_1 : Operation 22 [1/1] (0.00ns)   --->   "%zext_ln42_12 = zext i4 %add_ln42_12" [firmware/nnet_utils/nnet_dense_latency.h:42]   --->   Operation 22 'zext' 'zext_ln42_12' <Predicate = true> <Delay = 0.00>
ST_1 : Operation 23 [1/1] (0.00ns)   --->   "%query_weight3_addr_7 = getelementptr i11 %query_weight3, i64 0, i64 %zext_ln42_12" [firmware/nnet_utils/nnet_dense_latency.h:42]   --->   Operation 23 'getelementptr' 'query_weight3_addr_7' <Predicate = true> <Delay = 0.00>
ST_1 : Operation 24 [2/2] (0.68ns)   --->   "%w_113 = load i4 %query_weight3_addr_7" [firmware/nnet_utils/nnet_dense_latency.h:42]   --->   Operation 24 'load' 'w_113' <Predicate = true> <Delay = 0.68> <CoreInst = "ROM">   --->   Core 101 'ROM' <Latency = 1> <II = 1> <Delay = 0.68> <Storage> <Opcode : 'load'> <Ports = 0> <Width = 11> <Depth = 16> <ROM>

State 2 <SV = 1> <Delay = 3.40>
ST_2 : Operation 25 [1/1] (0.00ns)   --->   "%zext_ln13 = zext i4 %idx2_read" [firmware/nnet_utils/nnet_dense_latency.h:13]   --->   Operation 25 'zext' 'zext_ln13' <Predicate = true> <Delay = 0.00>
ST_2 : Operation 26 [1/1] (0.00ns)   --->   "%query_weight3_addr = getelementptr i11 %query_weight3, i64 0, i64 %zext_ln13" [firmware/nnet_utils/nnet_dense_latency.h:13]   --->   Operation 26 'getelementptr' 'query_weight3_addr' <Predicate = true> <Delay = 0.00>
ST_2 : Operation 27 [2/2] (0.68ns)   --->   "%w = load i4 %query_weight3_addr" [firmware/nnet_utils/nnet_dense_latency.h:13]   --->   Operation 27 'load' 'w' <Predicate = true> <Delay = 0.68> <CoreInst = "ROM">   --->   Core 101 'ROM' <Latency = 1> <II = 1> <Delay = 0.68> <Storage> <Opcode : 'load'> <Ports = 0> <Width = 11> <Depth = 16> <ROM>
ST_2 : Operation 28 [1/1] (0.70ns)   --->   "%add_ln42 = add i4 %idx2_read, i4 1" [firmware/nnet_utils/nnet_dense_latency.h:42]   --->   Operation 28 'add' 'add_ln42' <Predicate = true> <Delay = 0.70> <CoreInst = "Adder">   --->   Core 1 'Adder' <Latency = 0> <II = 1> <Delay = 0.70> <FuncUnit> <Opcode : 'add' 'sub'> <InPorts = 2> <OutPorts = 1>
ST_2 : Operation 29 [1/1] (0.00ns)   --->   "%zext_ln42 = zext i4 %add_ln42" [firmware/nnet_utils/nnet_dense_latency.h:42]   --->   Operation 29 'zext' 'zext_ln42' <Predicate = true> <Delay = 0.00>
ST_2 : Operation 30 [1/1] (0.00ns)   --->   "%query_weight3_addr_1 = getelementptr i11 %query_weight3, i64 0, i64 %zext_ln42" [firmware/nnet_utils/nnet_dense_latency.h:42]   --->   Operation 30 'getelementptr' 'query_weight3_addr_1' <Predicate = true> <Delay = 0.00>
ST_2 : Operation 31 [2/2] (0.68ns)   --->   "%w_107 = load i4 %query_weight3_addr_1" [firmware/nnet_utils/nnet_dense_latency.h:42]   --->   Operation 31 'load' 'w_107' <Predicate = true> <Delay = 0.68> <CoreInst = "ROM">   --->   Core 101 'ROM' <Latency = 1> <II = 1> <Delay = 0.68> <Storage> <Opcode : 'load'> <Ports = 0> <Width = 11> <Depth = 16> <ROM>
ST_2 : Operation 32 [1/1] (0.70ns)   --->   "%add_ln42_7 = add i4 %idx2_read, i4 2" [firmware/nnet_utils/nnet_dense_latency.h:42]   --->   Operation 32 'add' 'add_ln42_7' <Predicate = true> <Delay = 0.70> <CoreInst = "Adder">   --->   Core 1 'Adder' <Latency = 0> <II = 1> <Delay = 0.70> <FuncUnit> <Opcode : 'add' 'sub'> <InPorts = 2> <OutPorts = 1>
ST_2 : Operation 33 [1/1] (0.00ns)   --->   "%zext_ln42_7 = zext i4 %add_ln42_7" [firmware/nnet_utils/nnet_dense_latency.h:42]   --->   Operation 33 'zext' 'zext_ln42_7' <Predicate = true> <Delay = 0.00>
ST_2 : Operation 34 [1/1] (0.00ns)   --->   "%query_weight3_addr_2 = getelementptr i11 %query_weight3, i64 0, i64 %zext_ln42_7" [firmware/nnet_utils/nnet_dense_latency.h:42]   --->   Operation 34 'getelementptr' 'query_weight3_addr_2' <Predicate = true> <Delay = 0.00>
ST_2 : Operation 35 [2/2] (0.68ns)   --->   "%w_108 = load i4 %query_weight3_addr_2" [firmware/nnet_utils/nnet_dense_latency.h:42]   --->   Operation 35 'load' 'w_108' <Predicate = true> <Delay = 0.68> <CoreInst = "ROM">   --->   Core 101 'ROM' <Latency = 1> <II = 1> <Delay = 0.68> <Storage> <Opcode : 'load'> <Ports = 0> <Width = 11> <Depth = 16> <ROM>
ST_2 : Operation 36 [1/1] (0.70ns)   --->   "%add_ln42_8 = add i4 %idx2_read, i4 3" [firmware/nnet_utils/nnet_dense_latency.h:42]   --->   Operation 36 'add' 'add_ln42_8' <Predicate = true> <Delay = 0.70> <CoreInst = "Adder">   --->   Core 1 'Adder' <Latency = 0> <II = 1> <Delay = 0.70> <FuncUnit> <Opcode : 'add' 'sub'> <InPorts = 2> <OutPorts = 1>
ST_2 : Operation 37 [1/1] (0.00ns)   --->   "%zext_ln42_8 = zext i4 %add_ln42_8" [firmware/nnet_utils/nnet_dense_latency.h:42]   --->   Operation 37 'zext' 'zext_ln42_8' <Predicate = true> <Delay = 0.00>
ST_2 : Operation 38 [1/1] (0.00ns)   --->   "%query_weight3_addr_3 = getelementptr i11 %query_weight3, i64 0, i64 %zext_ln42_8" [firmware/nnet_utils/nnet_dense_latency.h:42]   --->   Operation 38 'getelementptr' 'query_weight3_addr_3' <Predicate = true> <Delay = 0.00>
ST_2 : Operation 39 [2/2] (0.68ns)   --->   "%w_109 = load i4 %query_weight3_addr_3" [firmware/nnet_utils/nnet_dense_latency.h:42]   --->   Operation 39 'load' 'w_109' <Predicate = true> <Delay = 0.68> <CoreInst = "ROM">   --->   Core 101 'ROM' <Latency = 1> <II = 1> <Delay = 0.68> <Storage> <Opcode : 'load'> <Ports = 0> <Width = 11> <Depth = 16> <ROM>
ST_2 : Operation 40 [1/2] (0.68ns)   --->   "%w_110 = load i4 %query_weight3_addr_4" [firmware/nnet_utils/nnet_dense_latency.h:42]   --->   Operation 40 'load' 'w_110' <Predicate = true> <Delay = 0.68> <CoreInst = "ROM">   --->   Core 101 'ROM' <Latency = 1> <II = 1> <Delay = 0.68> <Storage> <Opcode : 'load'> <Ports = 0> <Width = 11> <Depth = 16> <ROM>
ST_2 : Operation 41 [1/1] (0.00ns)   --->   "%sext_ln73_974 = sext i11 %w_110" [firmware/nnet_utils/nnet_mult.h:73->firmware/nnet_utils/nnet_dense_latency.h:42]   --->   Operation 41 'sext' 'sext_ln73_974' <Predicate = true> <Delay = 0.00>
ST_2 : Operation 42 [1/1] (0.00ns)   --->   "%sext_ln73_975 = sext i16 %data_2_val_read" [firmware/nnet_utils/nnet_mult.h:73->firmware/nnet_utils/nnet_dense_latency.h:42]   --->   Operation 42 'sext' 'sext_ln73_975' <Predicate = true> <Delay = 0.00>
ST_2 : Operation 43 [1/1] (1.94ns)   --->   "%mul_ln42_24 = mul i26 %sext_ln73_975, i26 %sext_ln73_974" [firmware/nnet_utils/nnet_dense_latency.h:42]   --->   Operation 43 'mul' 'mul_ln42_24' <Predicate = true> <Delay = 1.94> <CoreInst = "Multiplier">   --->   Core 3 'Multiplier' <Latency = 0> <II = 1> <Delay = 1.94> <FuncUnit> <Opcode : 'mul'> <InPorts = 2> <OutPorts = 1>
ST_2 : Operation 44 [1/1] (0.00ns)   --->   "%trunc_ln42_23 = partselect i16 @_ssdm_op_PartSelect.i16.i26.i32.i32, i26 %mul_ln42_24, i32 10, i32 25" [firmware/nnet_utils/nnet_dense_latency.h:42]   --->   Operation 44 'partselect' 'trunc_ln42_23' <Predicate = true> <Delay = 0.00>
ST_2 : Operation 45 [1/2] (0.68ns)   --->   "%w_111 = load i4 %query_weight3_addr_5" [firmware/nnet_utils/nnet_dense_latency.h:42]   --->   Operation 45 'load' 'w_111' <Predicate = true> <Delay = 0.68> <CoreInst = "ROM">   --->   Core 101 'ROM' <Latency = 1> <II = 1> <Delay = 0.68> <Storage> <Opcode : 'load'> <Ports = 0> <Width = 11> <Depth = 16> <ROM>
ST_2 : Operation 46 [1/1] (0.00ns)   --->   "%sext_ln73_976 = sext i11 %w_111" [firmware/nnet_utils/nnet_mult.h:73->firmware/nnet_utils/nnet_dense_latency.h:42]   --->   Operation 46 'sext' 'sext_ln73_976' <Predicate = true> <Delay = 0.00>
ST_2 : Operation 47 [1/1] (1.94ns)   --->   "%mul_ln42_25 = mul i26 %sext_ln73_975, i26 %sext_ln73_976" [firmware/nnet_utils/nnet_dense_latency.h:42]   --->   Operation 47 'mul' 'mul_ln42_25' <Predicate = true> <Delay = 1.94> <CoreInst = "Multiplier">   --->   Core 3 'Multiplier' <Latency = 0> <II = 1> <Delay = 1.94> <FuncUnit> <Opcode : 'mul'> <InPorts = 2> <OutPorts = 1>
ST_2 : Operation 48 [1/1] (0.00ns)   --->   "%trunc_ln42_24 = partselect i16 @_ssdm_op_PartSelect.i16.i26.i32.i32, i26 %mul_ln42_25, i32 10, i32 25" [firmware/nnet_utils/nnet_dense_latency.h:42]   --->   Operation 48 'partselect' 'trunc_ln42_24' <Predicate = true> <Delay = 0.00>
ST_2 : Operation 49 [1/2] (0.68ns)   --->   "%w_112 = load i4 %query_weight3_addr_6" [firmware/nnet_utils/nnet_dense_latency.h:42]   --->   Operation 49 'load' 'w_112' <Predicate = true> <Delay = 0.68> <CoreInst = "ROM">   --->   Core 101 'ROM' <Latency = 1> <II = 1> <Delay = 0.68> <Storage> <Opcode : 'load'> <Ports = 0> <Width = 11> <Depth = 16> <ROM>
ST_2 : Operation 50 [1/1] (0.00ns)   --->   "%sext_ln73_977 = sext i11 %w_112" [firmware/nnet_utils/nnet_mult.h:73->firmware/nnet_utils/nnet_dense_latency.h:42]   --->   Operation 50 'sext' 'sext_ln73_977' <Predicate = true> <Delay = 0.00>
ST_2 : Operation 51 [1/1] (0.00ns)   --->   "%sext_ln73_978 = sext i16 %data_3_val_read" [firmware/nnet_utils/nnet_mult.h:73->firmware/nnet_utils/nnet_dense_latency.h:42]   --->   Operation 51 'sext' 'sext_ln73_978' <Predicate = true> <Delay = 0.00>
ST_2 : Operation 52 [1/1] (1.94ns)   --->   "%mul_ln42_26 = mul i26 %sext_ln73_978, i26 %sext_ln73_977" [firmware/nnet_utils/nnet_dense_latency.h:42]   --->   Operation 52 'mul' 'mul_ln42_26' <Predicate = true> <Delay = 1.94> <CoreInst = "Multiplier">   --->   Core 3 'Multiplier' <Latency = 0> <II = 1> <Delay = 1.94> <FuncUnit> <Opcode : 'mul'> <InPorts = 2> <OutPorts = 1>
ST_2 : Operation 53 [1/1] (0.00ns)   --->   "%trunc_ln42_25 = partselect i16 @_ssdm_op_PartSelect.i16.i26.i32.i32, i26 %mul_ln42_26, i32 10, i32 25" [firmware/nnet_utils/nnet_dense_latency.h:42]   --->   Operation 53 'partselect' 'trunc_ln42_25' <Predicate = true> <Delay = 0.00>
ST_2 : Operation 54 [1/2] (0.68ns)   --->   "%w_113 = load i4 %query_weight3_addr_7" [firmware/nnet_utils/nnet_dense_latency.h:42]   --->   Operation 54 'load' 'w_113' <Predicate = true> <Delay = 0.68> <CoreInst = "ROM">   --->   Core 101 'ROM' <Latency = 1> <II = 1> <Delay = 0.68> <Storage> <Opcode : 'load'> <Ports = 0> <Width = 11> <Depth = 16> <ROM>
ST_2 : Operation 55 [1/1] (0.00ns)   --->   "%sext_ln73_979 = sext i11 %w_113" [firmware/nnet_utils/nnet_mult.h:73->firmware/nnet_utils/nnet_dense_latency.h:42]   --->   Operation 55 'sext' 'sext_ln73_979' <Predicate = true> <Delay = 0.00>
ST_2 : Operation 56 [1/1] (1.94ns)   --->   "%mul_ln42_27 = mul i26 %sext_ln73_978, i26 %sext_ln73_979" [firmware/nnet_utils/nnet_dense_latency.h:42]   --->   Operation 56 'mul' 'mul_ln42_27' <Predicate = true> <Delay = 1.94> <CoreInst = "Multiplier">   --->   Core 3 'Multiplier' <Latency = 0> <II = 1> <Delay = 1.94> <FuncUnit> <Opcode : 'mul'> <InPorts = 2> <OutPorts = 1>
ST_2 : Operation 57 [1/1] (0.00ns)   --->   "%trunc_ln42_26 = partselect i16 @_ssdm_op_PartSelect.i16.i26.i32.i32, i26 %mul_ln42_27, i32 10, i32 25" [firmware/nnet_utils/nnet_dense_latency.h:42]   --->   Operation 57 'partselect' 'trunc_ln42_26' <Predicate = true> <Delay = 0.00>
ST_2 : Operation 58 [1/1] (0.78ns)   --->   "%add_ln58_17 = add i16 %trunc_ln42_23, i16 %trunc_ln42_25" [firmware/nnet_utils/nnet_dense_latency.h:58]   --->   Operation 58 'add' 'add_ln58_17' <Predicate = true> <Delay = 0.78> <CoreInst = "Adder">   --->   Core 1 'Adder' <Latency = 0> <II = 1> <Delay = 0.78> <FuncUnit> <Opcode : 'add' 'sub'> <InPorts = 2> <OutPorts = 1>
ST_2 : Operation 59 [1/1] (0.78ns)   --->   "%add_ln58_20 = add i16 %trunc_ln42_24, i16 %trunc_ln42_26" [firmware/nnet_utils/nnet_dense_latency.h:58]   --->   Operation 59 'add' 'add_ln58_20' <Predicate = true> <Delay = 0.78> <CoreInst = "Adder">   --->   Core 1 'Adder' <Latency = 0> <II = 1> <Delay = 0.78> <FuncUnit> <Opcode : 'add' 'sub'> <InPorts = 2> <OutPorts = 1>

State 3 <SV = 2> <Delay = 3.29>
ST_3 : Operation 60 [1/1] (0.00ns)   --->   "%specpipeline_ln13 = specpipeline void @_ssdm_op_SpecPipeline, i32 1, i32 0, i32 0, i32 0, void @empty_1" [firmware/nnet_utils/nnet_dense_latency.h:13]   --->   Operation 60 'specpipeline' 'specpipeline_ln13' <Predicate = true> <Delay = 0.00>
ST_3 : Operation 61 [1/1] (0.00ns)   --->   "%specresourcelimit_ln33 = specresourcelimit void @_ssdm_op_SpecResourceLimit, i64 8, void @empty, void @empty_1, void @empty_1, void @empty_1" [firmware/nnet_utils/nnet_dense_latency.h:33]   --->   Operation 61 'specresourcelimit' 'specresourcelimit_ln33' <Predicate = true> <Delay = 0.00>
ST_3 : Operation 62 [1/2] (0.68ns)   --->   "%w = load i4 %query_weight3_addr" [firmware/nnet_utils/nnet_dense_latency.h:13]   --->   Operation 62 'load' 'w' <Predicate = true> <Delay = 0.68> <CoreInst = "ROM">   --->   Core 101 'ROM' <Latency = 1> <II = 1> <Delay = 0.68> <Storage> <Opcode : 'load'> <Ports = 0> <Width = 11> <Depth = 16> <ROM>
ST_3 : Operation 63 [1/1] (0.00ns)   --->   "%sext_ln73 = sext i11 %w" [firmware/nnet_utils/nnet_mult.h:73->firmware/nnet_utils/nnet_dense_latency.h:42]   --->   Operation 63 'sext' 'sext_ln73' <Predicate = true> <Delay = 0.00>
ST_3 : Operation 64 [1/1] (0.00ns)   --->   "%sext_ln73_969 = sext i16 %data_0_val_read" [firmware/nnet_utils/nnet_mult.h:73->firmware/nnet_utils/nnet_dense_latency.h:42]   --->   Operation 64 'sext' 'sext_ln73_969' <Predicate = true> <Delay = 0.00>
ST_3 : Operation 65 [1/1] (1.94ns)   --->   "%mul_ln42 = mul i26 %sext_ln73_969, i26 %sext_ln73" [firmware/nnet_utils/nnet_dense_latency.h:42]   --->   Operation 65 'mul' 'mul_ln42' <Predicate = true> <Delay = 1.94> <CoreInst = "Multiplier">   --->   Core 3 'Multiplier' <Latency = 0> <II = 1> <Delay = 1.94> <FuncUnit> <Opcode : 'mul'> <InPorts = 2> <OutPorts = 1>
ST_3 : Operation 66 [1/1] (0.00ns)   --->   "%trunc_ln = partselect i16 @_ssdm_op_PartSelect.i16.i26.i32.i32, i26 %mul_ln42, i32 10, i32 25" [firmware/nnet_utils/nnet_dense_latency.h:42]   --->   Operation 66 'partselect' 'trunc_ln' <Predicate = true> <Delay = 0.00>
ST_3 : Operation 67 [1/2] (0.68ns)   --->   "%w_107 = load i4 %query_weight3_addr_1" [firmware/nnet_utils/nnet_dense_latency.h:42]   --->   Operation 67 'load' 'w_107' <Predicate = true> <Delay = 0.68> <CoreInst = "ROM">   --->   Core 101 'ROM' <Latency = 1> <II = 1> <Delay = 0.68> <Storage> <Opcode : 'load'> <Ports = 0> <Width = 11> <Depth = 16> <ROM>
ST_3 : Operation 68 [1/1] (0.00ns)   --->   "%sext_ln73_970 = sext i11 %w_107" [firmware/nnet_utils/nnet_mult.h:73->firmware/nnet_utils/nnet_dense_latency.h:42]   --->   Operation 68 'sext' 'sext_ln73_970' <Predicate = true> <Delay = 0.00>
ST_3 : Operation 69 [1/1] (1.94ns)   --->   "%mul_ln42_21 = mul i26 %sext_ln73_969, i26 %sext_ln73_970" [firmware/nnet_utils/nnet_dense_latency.h:42]   --->   Operation 69 'mul' 'mul_ln42_21' <Predicate = true> <Delay = 1.94> <CoreInst = "Multiplier">   --->   Core 3 'Multiplier' <Latency = 0> <II = 1> <Delay = 1.94> <FuncUnit> <Opcode : 'mul'> <InPorts = 2> <OutPorts = 1>
ST_3 : Operation 70 [1/1] (0.00ns)   --->   "%trunc_ln42_s = partselect i16 @_ssdm_op_PartSelect.i16.i26.i32.i32, i26 %mul_ln42_21, i32 10, i32 25" [firmware/nnet_utils/nnet_dense_latency.h:42]   --->   Operation 70 'partselect' 'trunc_ln42_s' <Predicate = true> <Delay = 0.00>
ST_3 : Operation 71 [1/2] (0.68ns)   --->   "%w_108 = load i4 %query_weight3_addr_2" [firmware/nnet_utils/nnet_dense_latency.h:42]   --->   Operation 71 'load' 'w_108' <Predicate = true> <Delay = 0.68> <CoreInst = "ROM">   --->   Core 101 'ROM' <Latency = 1> <II = 1> <Delay = 0.68> <Storage> <Opcode : 'load'> <Ports = 0> <Width = 11> <Depth = 16> <ROM>
ST_3 : Operation 72 [1/1] (0.00ns)   --->   "%sext_ln73_971 = sext i11 %w_108" [firmware/nnet_utils/nnet_mult.h:73->firmware/nnet_utils/nnet_dense_latency.h:42]   --->   Operation 72 'sext' 'sext_ln73_971' <Predicate = true> <Delay = 0.00>
ST_3 : Operation 73 [1/1] (0.00ns)   --->   "%sext_ln73_972 = sext i16 %data_1_val_read" [firmware/nnet_utils/nnet_mult.h:73->firmware/nnet_utils/nnet_dense_latency.h:42]   --->   Operation 73 'sext' 'sext_ln73_972' <Predicate = true> <Delay = 0.00>
ST_3 : Operation 74 [1/1] (1.94ns)   --->   "%mul_ln42_22 = mul i26 %sext_ln73_972, i26 %sext_ln73_971" [firmware/nnet_utils/nnet_dense_latency.h:42]   --->   Operation 74 'mul' 'mul_ln42_22' <Predicate = true> <Delay = 1.94> <CoreInst = "Multiplier">   --->   Core 3 'Multiplier' <Latency = 0> <II = 1> <Delay = 1.94> <FuncUnit> <Opcode : 'mul'> <InPorts = 2> <OutPorts = 1>
ST_3 : Operation 75 [1/1] (0.00ns)   --->   "%trunc_ln42_21 = partselect i16 @_ssdm_op_PartSelect.i16.i26.i32.i32, i26 %mul_ln42_22, i32 10, i32 25" [firmware/nnet_utils/nnet_dense_latency.h:42]   --->   Operation 75 'partselect' 'trunc_ln42_21' <Predicate = true> <Delay = 0.00>
ST_3 : Operation 76 [1/2] (0.68ns)   --->   "%w_109 = load i4 %query_weight3_addr_3" [firmware/nnet_utils/nnet_dense_latency.h:42]   --->   Operation 76 'load' 'w_109' <Predicate = true> <Delay = 0.68> <CoreInst = "ROM">   --->   Core 101 'ROM' <Latency = 1> <II = 1> <Delay = 0.68> <Storage> <Opcode : 'load'> <Ports = 0> <Width = 11> <Depth = 16> <ROM>
ST_3 : Operation 77 [1/1] (0.00ns)   --->   "%sext_ln73_973 = sext i11 %w_109" [firmware/nnet_utils/nnet_mult.h:73->firmware/nnet_utils/nnet_dense_latency.h:42]   --->   Operation 77 'sext' 'sext_ln73_973' <Predicate = true> <Delay = 0.00>
ST_3 : Operation 78 [1/1] (1.94ns)   --->   "%mul_ln42_23 = mul i26 %sext_ln73_972, i26 %sext_ln73_973" [firmware/nnet_utils/nnet_dense_latency.h:42]   --->   Operation 78 'mul' 'mul_ln42_23' <Predicate = true> <Delay = 1.94> <CoreInst = "Multiplier">   --->   Core 3 'Multiplier' <Latency = 0> <II = 1> <Delay = 1.94> <FuncUnit> <Opcode : 'mul'> <InPorts = 2> <OutPorts = 1>
ST_3 : Operation 79 [1/1] (0.00ns)   --->   "%trunc_ln42_22 = partselect i16 @_ssdm_op_PartSelect.i16.i26.i32.i32, i26 %mul_ln42_23, i32 10, i32 25" [firmware/nnet_utils/nnet_dense_latency.h:42]   --->   Operation 79 'partselect' 'trunc_ln42_22' <Predicate = true> <Delay = 0.00>
ST_3 : Operation 80 [1/1] (0.00ns) (grouped into TernaryAdder)   --->   "%add_ln58 = add i16 %trunc_ln42_21, i16 %trunc_ln" [firmware/nnet_utils/nnet_dense_latency.h:58]   --->   Operation 80 'add' 'add_ln58' <Predicate = true> <Delay = 0.00> <CoreInst = "TAddSub">   --->   Core 10 'TAddSub' <Latency = 0> <II = 1> <Delay = 0.33> <IPBlock> <Opcode : '' 'add' 'sub'> <InPorts = 3> <OutPorts = 1> <Sync> <CReg>
ST_3 : Operation 81 [1/1] (0.67ns) (root node of TernaryAdder)   --->   "%x = add i16 %add_ln58_17, i16 %add_ln58" [firmware/nnet_utils/nnet_dense_latency.h:58]   --->   Operation 81 'add' 'x' <Predicate = true> <Delay = 0.67> <CoreInst = "TAddSub">   --->   Core 10 'TAddSub' <Latency = 0> <II = 1> <Delay = 0.33> <IPBlock> <Opcode : '' 'add' 'sub'> <InPorts = 3> <OutPorts = 1> <Sync> <CReg>
ST_3 : Operation 82 [1/1] (0.00ns) (grouped into TernaryAdder)   --->   "%add_ln58_19 = add i16 %trunc_ln42_22, i16 %trunc_ln42_s" [firmware/nnet_utils/nnet_dense_latency.h:58]   --->   Operation 82 'add' 'add_ln58_19' <Predicate = true> <Delay = 0.00> <CoreInst = "TAddSub">   --->   Core 10 'TAddSub' <Latency = 0> <II = 1> <Delay = 0.33> <IPBlock> <Opcode : '' 'add' 'sub'> <InPorts = 3> <OutPorts = 1> <Sync> <CReg>
ST_3 : Operation 83 [1/1] (0.67ns) (root node of TernaryAdder)   --->   "%x_5 = add i16 %add_ln58_20, i16 %add_ln58_19" [firmware/nnet_utils/nnet_dense_latency.h:58]   --->   Operation 83 'add' 'x_5' <Predicate = true> <Delay = 0.67> <CoreInst = "TAddSub">   --->   Core 10 'TAddSub' <Latency = 0> <II = 1> <Delay = 0.33> <IPBlock> <Opcode : '' 'add' 'sub'> <InPorts = 3> <OutPorts = 1> <Sync> <CReg>
ST_3 : Operation 84 [1/1] (0.00ns)   --->   "%shl_ln = bitconcatenate i26 @_ssdm_op_BitConcatenate.i26.i16.i10, i16 %x, i10 0" [firmware/nnet_utils/nnet_mult.h:111->firmware/nnet_utils/nnet_dense_latency.h:66]   --->   Operation 84 'bitconcatenate' 'shl_ln' <Predicate = true> <Delay = 0.00>
ST_3 : Operation 85 [1/1] (0.00ns)   --->   "%sext_ln110 = sext i26 %shl_ln" [firmware/nnet_utils/nnet_mult.h:110->firmware/nnet_utils/nnet_dense_latency.h:66]   --->   Operation 85 'sext' 'sext_ln110' <Predicate = true> <Delay = 0.00>
ST_3 : Operation 86 [1/1] (0.00ns)   --->   "%shl_ln111_5 = bitconcatenate i26 @_ssdm_op_BitConcatenate.i26.i16.i10, i16 %x_5, i10 0" [firmware/nnet_utils/nnet_mult.h:111->firmware/nnet_utils/nnet_dense_latency.h:66]   --->   Operation 86 'bitconcatenate' 'shl_ln111_5' <Predicate = true> <Delay = 0.00>
ST_3 : Operation 87 [1/1] (0.00ns)   --->   "%sext_ln68 = sext i26 %shl_ln111_5" [firmware/nnet_utils/nnet_dense_latency.h:68]   --->   Operation 87 'sext' 'sext_ln68' <Predicate = true> <Delay = 0.00>
ST_3 : Operation 88 [1/1] (0.00ns)   --->   "%mrv = insertvalue i66 <undef>, i33 %sext_ln110" [firmware/nnet_utils/nnet_dense_latency.h:68]   --->   Operation 88 'insertvalue' 'mrv' <Predicate = true> <Delay = 0.00>
ST_3 : Operation 89 [1/1] (0.00ns)   --->   "%mrv_1 = insertvalue i66 %mrv, i33 %sext_ln68" [firmware/nnet_utils/nnet_dense_latency.h:68]   --->   Operation 89 'insertvalue' 'mrv_1' <Predicate = true> <Delay = 0.00>
ST_3 : Operation 90 [1/1] (0.00ns)   --->   "%ret_ln68 = ret i66 %mrv_1" [firmware/nnet_utils/nnet_dense_latency.h:68]   --->   Operation 90 'ret' 'ret_ln68' <Predicate = true> <Delay = 0.00>


============================================================
+ Verbose Summary: Binding
============================================================
STG Binding: 
---------------- STG Properties BEGIN ----------------
- Is combinational: 0
- Is one-state seq: 0
- Is datapath-only: 0
- Is pipelined: 1
- Is top level: 0
Port [ Return ] is wired: 1; IO mode=ap_ctrl_hs:ce=0
Port [ data_0_val]:  wired=1; compound=0; hidden=0; nouse=0; global=0; static=0; extern=0; dir=0; type=0; pingpong=0; private_global=0; IO mode=ap_none:ce=0
Port [ data_1_val]:  wired=1; compound=0; hidden=0; nouse=0; global=0; static=0; extern=0; dir=0; type=0; pingpong=0; private_global=0; IO mode=ap_none:ce=0
Port [ data_2_val]:  wired=1; compound=0; hidden=0; nouse=0; global=0; static=0; extern=0; dir=0; type=0; pingpong=0; private_global=0; IO mode=ap_none:ce=0
Port [ data_3_val]:  wired=1; compound=0; hidden=0; nouse=0; global=0; static=0; extern=0; dir=0; type=0; pingpong=0; private_global=0; IO mode=ap_none:ce=0
Port [ idx2]:  wired=1; compound=0; hidden=0; nouse=0; global=0; static=0; extern=0; dir=0; type=0; pingpong=0; private_global=0; IO mode=ap_none:ce=0
Port [ query_weight3]:  wired=0; compound=1; hidden=1; nouse=0; global=1; static=1; extern=0; dir=0; type=1; pingpong=0; private_global=0; MemPort=[11111111]; IO mode=ap_memory:ce=0
---------------- STG Properties END ------------------

---------------- Datapath Model BEGIN ----------------

<LifeTime>
<method=bitvector/>
idx2_read              (read             ) [ 0110]
data_3_val_read        (read             ) [ 0110]
data_2_val_read        (read             ) [ 0110]
data_1_val_read        (read             ) [ 0111]
data_0_val_read        (read             ) [ 0111]
add_ln42_9             (add              ) [ 0000]
zext_ln42_9            (zext             ) [ 0000]
query_weight3_addr_4   (getelementptr    ) [ 0110]
add_ln42_10            (add              ) [ 0000]
zext_ln42_10           (zext             ) [ 0000]
query_weight3_addr_5   (getelementptr    ) [ 0110]
add_ln42_11            (add              ) [ 0000]
zext_ln42_11           (zext             ) [ 0000]
query_weight3_addr_6   (getelementptr    ) [ 0110]
add_ln42_12            (add              ) [ 0000]
zext_ln42_12           (zext             ) [ 0000]
query_weight3_addr_7   (getelementptr    ) [ 0110]
zext_ln13              (zext             ) [ 0000]
query_weight3_addr     (getelementptr    ) [ 0101]
add_ln42               (add              ) [ 0000]
zext_ln42              (zext             ) [ 0000]
query_weight3_addr_1   (getelementptr    ) [ 0101]
add_ln42_7             (add              ) [ 0000]
zext_ln42_7            (zext             ) [ 0000]
query_weight3_addr_2   (getelementptr    ) [ 0101]
add_ln42_8             (add              ) [ 0000]
zext_ln42_8            (zext             ) [ 0000]
query_weight3_addr_3   (getelementptr    ) [ 0101]
w_110                  (load             ) [ 0000]
sext_ln73_974          (sext             ) [ 0000]
sext_ln73_975          (sext             ) [ 0000]
mul_ln42_24            (mul              ) [ 0000]
trunc_ln42_23          (partselect       ) [ 0000]
w_111                  (load             ) [ 0000]
sext_ln73_976          (sext             ) [ 0000]
mul_ln42_25            (mul              ) [ 0000]
trunc_ln42_24          (partselect       ) [ 0000]
w_112                  (load             ) [ 0000]
sext_ln73_977          (sext             ) [ 0000]
sext_ln73_978          (sext             ) [ 0000]
mul_ln42_26            (mul              ) [ 0000]
trunc_ln42_25          (partselect       ) [ 0000]
w_113                  (load             ) [ 0000]
sext_ln73_979          (sext             ) [ 0000]
mul_ln42_27            (mul              ) [ 0000]
trunc_ln42_26          (partselect       ) [ 0000]
add_ln58_17            (add              ) [ 0101]
add_ln58_20            (add              ) [ 0101]
specpipeline_ln13      (specpipeline     ) [ 0000]
specresourcelimit_ln33 (specresourcelimit) [ 0000]
w                      (load             ) [ 0000]
sext_ln73              (sext             ) [ 0000]
sext_ln73_969          (sext             ) [ 0000]
mul_ln42               (mul              ) [ 0000]
trunc_ln               (partselect       ) [ 0000]
w_107                  (load             ) [ 0000]
sext_ln73_970          (sext             ) [ 0000]
mul_ln42_21            (mul              ) [ 0000]
trunc_ln42_s           (partselect       ) [ 0000]
w_108                  (load             ) [ 0000]
sext_ln73_971          (sext             ) [ 0000]
sext_ln73_972          (sext             ) [ 0000]
mul_ln42_22            (mul              ) [ 0000]
trunc_ln42_21          (partselect       ) [ 0000]
w_109                  (load             ) [ 0000]
sext_ln73_973          (sext             ) [ 0000]
mul_ln42_23            (mul              ) [ 0000]
trunc_ln42_22          (partselect       ) [ 0000]
add_ln58               (add              ) [ 0000]
x                      (add              ) [ 0000]
add_ln58_19            (add              ) [ 0000]
x_5                    (add              ) [ 0000]
shl_ln                 (bitconcatenate   ) [ 0000]
sext_ln110             (sext             ) [ 0000]
shl_ln111_5            (bitconcatenate   ) [ 0000]
sext_ln68              (sext             ) [ 0000]
mrv                    (insertvalue      ) [ 0000]
mrv_1                  (insertvalue      ) [ 0000]
ret_ln68               (ret              ) [ 0000]
</LifeTime>

<model>

<comp_list>
<comp id="0" class="1000" name="data_0_val">
<pin_list>
<pin id="1" dir="1" index="0" bw="1" slack="0"/>
</pin_list>
<bind>
<StgValue><ssdm name="data_0_val"/></StgValue>
</bind>
</comp>

<comp id="2" class="1000" name="data_1_val">
<pin_list>
<pin id="3" dir="1" index="0" bw="1" slack="0"/>
</pin_list>
<bind>
<StgValue><ssdm name="data_1_val"/></StgValue>
</bind>
</comp>

<comp id="4" class="1000" name="data_2_val">
<pin_list>
<pin id="5" dir="1" index="0" bw="1" slack="0"/>
</pin_list>
<bind>
<StgValue><ssdm name="data_2_val"/></StgValue>
</bind>
</comp>

<comp id="6" class="1000" name="data_3_val">
<pin_list>
<pin id="7" dir="1" index="0" bw="1" slack="0"/>
</pin_list>
<bind>
<StgValue><ssdm name="data_3_val"/></StgValue>
</bind>
</comp>

<comp id="8" class="1000" name="idx2">
<pin_list>
<pin id="9" dir="1" index="0" bw="1" slack="0"/>
</pin_list>
<bind>
<StgValue><ssdm name="idx2"/></StgValue>
</bind>
</comp>

<comp id="10" class="1000" name="query_weight3">
<pin_list>
<pin id="11" dir="1" index="0" bw="1" slack="0"/>
</pin_list>
<bind>
<StgValue><ssdm name="query_weight3"/><MemPortTyVec>1 1 1 1 1 1 1 1 </MemPortTyVec>
</StgValue>
</bind>
</comp>

<comp id="12" class="1001" name="const_12">
<pin_list>
<pin id="13" dir="1" index="0" bw="1" slack="0"/>
</pin_list>
<bind>
<StgValue><ssdm name="_ssdm_op_Read.ap_auto.i4"/></StgValue>
</bind>
</comp>

<comp id="14" class="1001" name="const_14">
<pin_list>
<pin id="15" dir="1" index="0" bw="1" slack="0"/>
</pin_list>
<bind>
<StgValue><ssdm name="_ssdm_op_Read.ap_auto.i16"/></StgValue>
</bind>
</comp>

<comp id="16" class="1001" name="const_16">
<pin_list>
<pin id="17" dir="1" index="0" bw="1" slack="0"/>
</pin_list>
<bind>
<StgValue><ssdm name=""/></StgValue>
</bind>
</comp>

<comp id="18" class="1001" name="const_18">
<pin_list>
<pin id="19" dir="1" index="0" bw="1" slack="0"/>
</pin_list>
<bind>
<StgValue><ssdm name=""/></StgValue>
</bind>
</comp>

<comp id="20" class="1001" name="const_20">
<pin_list>
<pin id="21" dir="1" index="0" bw="1" slack="0"/>
</pin_list>
<bind>
<StgValue><ssdm name=""/></StgValue>
</bind>
</comp>

<comp id="22" class="1001" name="const_22">
<pin_list>
<pin id="23" dir="1" index="0" bw="1" slack="0"/>
</pin_list>
<bind>
<StgValue><ssdm name=""/></StgValue>
</bind>
</comp>

<comp id="24" class="1001" name="const_24">
<pin_list>
<pin id="25" dir="1" index="0" bw="1" slack="0"/>
</pin_list>
<bind>
<StgValue><ssdm name=""/></StgValue>
</bind>
</comp>

<comp id="26" class="1001" name="const_26">
<pin_list>
<pin id="27" dir="1" index="0" bw="1" slack="0"/>
</pin_list>
<bind>
<StgValue><ssdm name=""/></StgValue>
</bind>
</comp>

<comp id="28" class="1001" name="const_28">
<pin_list>
<pin id="29" dir="1" index="0" bw="1" slack="0"/>
</pin_list>
<bind>
<StgValue><ssdm name=""/></StgValue>
</bind>
</comp>

<comp id="30" class="1001" name="const_30">
<pin_list>
<pin id="31" dir="1" index="0" bw="1" slack="0"/>
</pin_list>
<bind>
<StgValue><ssdm name=""/></StgValue>
</bind>
</comp>

<comp id="32" class="1001" name="const_32">
<pin_list>
<pin id="33" dir="1" index="0" bw="1" slack="0"/>
</pin_list>
<bind>
<StgValue><ssdm name="_ssdm_op_PartSelect.i16.i26.i32.i32"/></StgValue>
</bind>
</comp>

<comp id="34" class="1001" name="const_34">
<pin_list>
<pin id="35" dir="1" index="0" bw="1" slack="0"/>
</pin_list>
<bind>
<StgValue><ssdm name=""/></StgValue>
</bind>
</comp>

<comp id="36" class="1001" name="const_36">
<pin_list>
<pin id="37" dir="1" index="0" bw="1" slack="0"/>
</pin_list>
<bind>
<StgValue><ssdm name=""/></StgValue>
</bind>
</comp>

<comp id="38" class="1001" name="const_38">
<pin_list>
<pin id="39" dir="1" index="0" bw="1" slack="2147483647"/>
</pin_list>
<bind>
<StgValue><ssdm name="_ssdm_op_SpecPipeline"/></StgValue>
</bind>
</comp>

<comp id="40" class="1001" name="const_40">
<pin_list>
<pin id="41" dir="1" index="0" bw="1" slack="2147483647"/>
</pin_list>
<bind>
<StgValue><ssdm name=""/></StgValue>
</bind>
</comp>

<comp id="42" class="1001" name="const_42">
<pin_list>
<pin id="43" dir="1" index="0" bw="1" slack="2147483647"/>
</pin_list>
<bind>
<StgValue><ssdm name=""/></StgValue>
</bind>
</comp>

<comp id="44" class="1001" name="const_44">
<pin_list>
<pin id="45" dir="1" index="0" bw="1" slack="2147483647"/>
</pin_list>
<bind>
<StgValue><ssdm name="empty_1"/></StgValue>
</bind>
</comp>

<comp id="46" class="1001" name="const_46">
<pin_list>
<pin id="47" dir="1" index="0" bw="1" slack="2147483647"/>
</pin_list>
<bind>
<StgValue><ssdm name="_ssdm_op_SpecResourceLimit"/></StgValue>
</bind>
</comp>

<comp id="48" class="1001" name="const_48">
<pin_list>
<pin id="49" dir="1" index="0" bw="1" slack="2147483647"/>
</pin_list>
<bind>
<StgValue><ssdm name=""/></StgValue>
</bind>
</comp>

<comp id="50" class="1001" name="const_50">
<pin_list>
<pin id="51" dir="1" index="0" bw="1" slack="2147483647"/>
</pin_list>
<bind>
<StgValue><ssdm name="empty"/></StgValue>
</bind>
</comp>

<comp id="52" class="1001" name="const_52">
<pin_list>
<pin id="53" dir="1" index="0" bw="1" slack="0"/>
</pin_list>
<bind>
<StgValue><ssdm name="_ssdm_op_BitConcatenate.i26.i16.i10"/></StgValue>
</bind>
</comp>

<comp id="54" class="1001" name="const_54">
<pin_list>
<pin id="55" dir="1" index="0" bw="1" slack="0"/>
</pin_list>
<bind>
<StgValue><ssdm name=""/></StgValue>
</bind>
</comp>

<comp id="56" class="1001" name="const_56">
<pin_list>
<pin id="57" dir="1" index="0" bw="1" slack="0"/>
</pin_list>
<bind>
<StgValue><ssdm name=""/></StgValue>
</bind>
</comp>

<comp id="58" class="1004" name="idx2_read_read_fu_58">
<pin_list>
<pin id="59" dir="0" index="0" bw="4" slack="0"/>
<pin id="60" dir="0" index="1" bw="4" slack="0"/>
<pin id="61" dir="1" index="2" bw="4" slack="0"/>
</pin_list>
<bind>
<opcode="read(1150) " fcode="read"/>
<opset="idx2_read/1 "/>
</bind>
</comp>

<comp id="64" class="1004" name="data_3_val_read_read_fu_64">
<pin_list>
<pin id="65" dir="0" index="0" bw="16" slack="0"/>
<pin id="66" dir="0" index="1" bw="16" slack="0"/>
<pin id="67" dir="1" index="2" bw="16" slack="1"/>
</pin_list>
<bind>
<opcode="read(1150) " fcode="read"/>
<opset="data_3_val_read/1 "/>
</bind>
</comp>

<comp id="70" class="1004" name="data_2_val_read_read_fu_70">
<pin_list>
<pin id="71" dir="0" index="0" bw="16" slack="0"/>
<pin id="72" dir="0" index="1" bw="16" slack="0"/>
<pin id="73" dir="1" index="2" bw="16" slack="1"/>
</pin_list>
<bind>
<opcode="read(1150) " fcode="read"/>
<opset="data_2_val_read/1 "/>
</bind>
</comp>

<comp id="76" class="1004" name="data_1_val_read_read_fu_76">
<pin_list>
<pin id="77" dir="0" index="0" bw="16" slack="0"/>
<pin id="78" dir="0" index="1" bw="16" slack="0"/>
<pin id="79" dir="1" index="2" bw="16" slack="2"/>
</pin_list>
<bind>
<opcode="read(1150) " fcode="read"/>
<opset="data_1_val_read/1 "/>
</bind>
</comp>

<comp id="82" class="1004" name="data_0_val_read_read_fu_82">
<pin_list>
<pin id="83" dir="0" index="0" bw="16" slack="0"/>
<pin id="84" dir="0" index="1" bw="16" slack="0"/>
<pin id="85" dir="1" index="2" bw="16" slack="2"/>
</pin_list>
<bind>
<opcode="read(1150) " fcode="read"/>
<opset="data_0_val_read/1 "/>
</bind>
</comp>

<comp id="88" class="1004" name="query_weight3_addr_4_gep_fu_88">
<pin_list>
<pin id="89" dir="0" index="0" bw="11" slack="0"/>
<pin id="90" dir="0" index="1" bw="1" slack="0"/>
<pin id="91" dir="0" index="2" bw="4" slack="0"/>
<pin id="92" dir="1" index="3" bw="4" slack="0"/>
</pin_list>
<bind>
<opcode="getelementptr(29) " fcode="getelementptr"/>
<opset="query_weight3_addr_4/1 "/>
</bind>
</comp>

<comp id="95" class="1004" name="grp_access_fu_95">
<pin_list>
<pin id="96" dir="0" index="0" bw="4" slack="0"/>
<pin id="97" dir="0" index="1" bw="11" slack="2147483647"/>
<pin id="98" dir="0" index="2" bw="0" slack="0"/>
<pin id="100" dir="0" index="4" bw="4" slack="2147483647"/>
<pin id="101" dir="0" index="5" bw="11" slack="0"/>
<pin id="102" dir="0" index="6" bw="0" slack="2147483647"/>
<pin id="104" dir="0" index="8" bw="4" slack="0"/>
<pin id="105" dir="0" index="9" bw="11" slack="2147483647"/>
<pin id="106" dir="0" index="10" bw="0" slack="0"/>
<pin id="108" dir="0" index="12" bw="4" slack="2147483647"/>
<pin id="109" dir="0" index="13" bw="11" slack="0"/>
<pin id="110" dir="0" index="14" bw="0" slack="2147483647"/>
<pin id="112" dir="0" index="16" bw="4" slack="0"/>
<pin id="113" dir="0" index="17" bw="11" slack="2147483647"/>
<pin id="114" dir="0" index="18" bw="0" slack="0"/>
<pin id="116" dir="0" index="20" bw="4" slack="2147483647"/>
<pin id="117" dir="0" index="21" bw="11" slack="2147483647"/>
<pin id="118" dir="0" index="22" bw="0" slack="2147483647"/>
<pin id="120" dir="0" index="24" bw="4" slack="2147483647"/>
<pin id="121" dir="0" index="25" bw="11" slack="2147483647"/>
<pin id="122" dir="0" index="26" bw="0" slack="2147483647"/>
<pin id="124" dir="0" index="28" bw="4" slack="2147483647"/>
<pin id="125" dir="0" index="29" bw="11" slack="2147483647"/>
<pin id="126" dir="0" index="30" bw="0" slack="2147483647"/>
<pin id="99" dir="1" index="3" bw="11" slack="0"/>
<pin id="103" dir="1" index="7" bw="11" slack="0"/>
<pin id="107" dir="1" index="11" bw="11" slack="0"/>
<pin id="111" dir="1" index="15" bw="11" slack="0"/>
<pin id="115" dir="1" index="19" bw="11" slack="0"/>
<pin id="119" dir="1" index="23" bw="11" slack="0"/>
<pin id="123" dir="1" index="27" bw="11" slack="0"/>
<pin id="127" dir="1" index="31" bw="11" slack="0"/>
</pin_list>
<bind>
<opcode="load(27) " fcode="load"/>
<opset="w_110/1 w_111/1 w_112/1 w_113/1 w/2 w_107/2 w_108/2 w_109/2 "/>
</bind>
</comp>

<comp id="129" class="1004" name="query_weight3_addr_5_gep_fu_129">
<pin_list>
<pin id="130" dir="0" index="0" bw="11" slack="0"/>
<pin id="131" dir="0" index="1" bw="1" slack="0"/>
<pin id="132" dir="0" index="2" bw="4" slack="0"/>
<pin id="133" dir="1" index="3" bw="4" slack="0"/>
</pin_list>
<bind>
<opcode="getelementptr(29) " fcode="getelementptr"/>
<opset="query_weight3_addr_5/1 "/>
</bind>
</comp>

<comp id="137" class="1004" name="query_weight3_addr_6_gep_fu_137">
<pin_list>
<pin id="138" dir="0" index="0" bw="11" slack="0"/>
<pin id="139" dir="0" index="1" bw="1" slack="0"/>
<pin id="140" dir="0" index="2" bw="4" slack="0"/>
<pin id="141" dir="1" index="3" bw="4" slack="0"/>
</pin_list>
<bind>
<opcode="getelementptr(29) " fcode="getelementptr"/>
<opset="query_weight3_addr_6/1 "/>
</bind>
</comp>

<comp id="145" class="1004" name="query_weight3_addr_7_gep_fu_145">
<pin_list>
<pin id="146" dir="0" index="0" bw="11" slack="0"/>
<pin id="147" dir="0" index="1" bw="1" slack="0"/>
<pin id="148" dir="0" index="2" bw="4" slack="0"/>
<pin id="149" dir="1" index="3" bw="4" slack="0"/>
</pin_list>
<bind>
<opcode="getelementptr(29) " fcode="getelementptr"/>
<opset="query_weight3_addr_7/1 "/>
</bind>
</comp>

<comp id="153" class="1004" name="query_weight3_addr_gep_fu_153">
<pin_list>
<pin id="154" dir="0" index="0" bw="11" slack="0"/>
<pin id="155" dir="0" index="1" bw="1" slack="0"/>
<pin id="156" dir="0" index="2" bw="4" slack="0"/>
<pin id="157" dir="1" index="3" bw="4" slack="0"/>
</pin_list>
<bind>
<opcode="getelementptr(29) " fcode="getelementptr"/>
<opset="query_weight3_addr/2 "/>
</bind>
</comp>

<comp id="161" class="1004" name="query_weight3_addr_1_gep_fu_161">
<pin_list>
<pin id="162" dir="0" index="0" bw="11" slack="0"/>
<pin id="163" dir="0" index="1" bw="1" slack="0"/>
<pin id="164" dir="0" index="2" bw="4" slack="0"/>
<pin id="165" dir="1" index="3" bw="4" slack="0"/>
</pin_list>
<bind>
<opcode="getelementptr(29) " fcode="getelementptr"/>
<opset="query_weight3_addr_1/2 "/>
</bind>
</comp>

<comp id="169" class="1004" name="query_weight3_addr_2_gep_fu_169">
<pin_list>
<pin id="170" dir="0" index="0" bw="11" slack="0"/>
<pin id="171" dir="0" index="1" bw="1" slack="0"/>
<pin id="172" dir="0" index="2" bw="4" slack="0"/>
<pin id="173" dir="1" index="3" bw="4" slack="0"/>
</pin_list>
<bind>
<opcode="getelementptr(29) " fcode="getelementptr"/>
<opset="query_weight3_addr_2/2 "/>
</bind>
</comp>

<comp id="177" class="1004" name="query_weight3_addr_3_gep_fu_177">
<pin_list>
<pin id="178" dir="0" index="0" bw="11" slack="0"/>
<pin id="179" dir="0" index="1" bw="1" slack="0"/>
<pin id="180" dir="0" index="2" bw="4" slack="0"/>
<pin id="181" dir="1" index="3" bw="4" slack="0"/>
</pin_list>
<bind>
<opcode="getelementptr(29) " fcode="getelementptr"/>
<opset="query_weight3_addr_3/2 "/>
</bind>
</comp>

<comp id="185" class="1004" name="mul_ln42_22_fu_185">
<pin_list>
<pin id="367" dir="0" index="0" bw="16" slack="0"/>
<pin id="368" dir="0" index="1" bw="11" slack="0"/>
<pin id="369" dir="1" index="2" bw="26" slack="0"/>
</pin_list>
<bind>
<opcode="mul(12) " fcode="mul"/>
<opset="mul_ln42_22/3 "/>
</bind>
</comp>

<comp id="186" class="1004" name="mul_ln42_24_fu_186">
<pin_list>
<pin id="289" dir="0" index="0" bw="16" slack="0"/>
<pin id="290" dir="0" index="1" bw="11" slack="0"/>
<pin id="291" dir="1" index="2" bw="26" slack="0"/>
</pin_list>
<bind>
<opcode="mul(12) " fcode="mul"/>
<opset="mul_ln42_24/2 "/>
</bind>
</comp>

<comp id="187" class="1004" name="mul_ln42_fu_187">
<pin_list>
<pin id="361" dir="0" index="0" bw="16" slack="0"/>
<pin id="362" dir="0" index="1" bw="11" slack="0"/>
<pin id="363" dir="1" index="2" bw="26" slack="0"/>
</pin_list>
<bind>
<opcode="mul(12) " fcode="mul"/>
<opset="mul_ln42/3 "/>
</bind>
</comp>

<comp id="188" class="1004" name="mul_ln42_23_fu_188">
<pin_list>
<pin id="370" dir="0" index="0" bw="16" slack="0"/>
<pin id="371" dir="0" index="1" bw="11" slack="0"/>
<pin id="372" dir="1" index="2" bw="26" slack="0"/>
</pin_list>
<bind>
<opcode="mul(12) " fcode="mul"/>
<opset="mul_ln42_23/3 "/>
</bind>
</comp>

<comp id="189" class="1004" name="mul_ln42_27_fu_189">
<pin_list>
<pin id="298" dir="0" index="0" bw="16" slack="0"/>
<pin id="299" dir="0" index="1" bw="11" slack="0"/>
<pin id="300" dir="1" index="2" bw="26" slack="0"/>
</pin_list>
<bind>
<opcode="mul(12) " fcode="mul"/>
<opset="mul_ln42_27/2 "/>
</bind>
</comp>

<comp id="190" class="1004" name="mul_ln42_21_fu_190">
<pin_list>
<pin id="364" dir="0" index="0" bw="16" slack="0"/>
<pin id="365" dir="0" index="1" bw="11" slack="0"/>
<pin id="366" dir="1" index="2" bw="26" slack="0"/>
</pin_list>
<bind>
<opcode="mul(12) " fcode="mul"/>
<opset="mul_ln42_21/3 "/>
</bind>
</comp>

<comp id="191" class="1004" name="mul_ln42_26_fu_191">
<pin_list>
<pin id="295" dir="0" index="0" bw="16" slack="0"/>
<pin id="296" dir="0" index="1" bw="11" slack="0"/>
<pin id="297" dir="1" index="2" bw="26" slack="0"/>
</pin_list>
<bind>
<opcode="mul(12) " fcode="mul"/>
<opset="mul_ln42_26/2 "/>
</bind>
</comp>

<comp id="192" class="1004" name="mul_ln42_25_fu_192">
<pin_list>
<pin id="292" dir="0" index="0" bw="16" slack="0"/>
<pin id="293" dir="0" index="1" bw="11" slack="0"/>
<pin id="294" dir="1" index="2" bw="26" slack="0"/>
</pin_list>
<bind>
<opcode="mul(12) " fcode="mul"/>
<opset="mul_ln42_25/2 "/>
</bind>
</comp>

<comp id="386" class="1004" name="add_ln42_9_fu_386">
<pin_list>
<pin id="387" dir="0" index="0" bw="4" slack="0"/>
<pin id="388" dir="0" index="1" bw="4" slack="0"/>
<pin id="389" dir="1" index="2" bw="4" slack="0"/>
</pin_list>
<bind>
<opcode="add(8) " fcode="add"/>
<opset="add_ln42_9/1 "/>
</bind>
</comp>

<comp id="392" class="1004" name="zext_ln42_9_fu_392">
<pin_list>
<pin id="393" dir="0" index="0" bw="4" slack="0"/>
<pin id="394" dir="1" index="1" bw="64" slack="0"/>
</pin_list>
<bind>
<opcode="zext(34) " fcode="zext"/>
<opset="zext_ln42_9/1 "/>
</bind>
</comp>

<comp id="397" class="1004" name="add_ln42_10_fu_397">
<pin_list>
<pin id="398" dir="0" index="0" bw="4" slack="0"/>
<pin id="399" dir="0" index="1" bw="4" slack="0"/>
<pin id="400" dir="1" index="2" bw="4" slack="0"/>
</pin_list>
<bind>
<opcode="add(8) " fcode="add"/>
<opset="add_ln42_10/1 "/>
</bind>
</comp>

<comp id="403" class="1004" name="zext_ln42_10_fu_403">
<pin_list>
<pin id="404" dir="0" index="0" bw="4" slack="0"/>
<pin id="405" dir="1" index="1" bw="64" slack="0"/>
</pin_list>
<bind>
<opcode="zext(34) " fcode="zext"/>
<opset="zext_ln42_10/1 "/>
</bind>
</comp>

<comp id="408" class="1004" name="add_ln42_11_fu_408">
<pin_list>
<pin id="409" dir="0" index="0" bw="4" slack="0"/>
<pin id="410" dir="0" index="1" bw="4" slack="0"/>
<pin id="411" dir="1" index="2" bw="4" slack="0"/>
</pin_list>
<bind>
<opcode="add(8) " fcode="add"/>
<opset="add_ln42_11/1 "/>
</bind>
</comp>

<comp id="414" class="1004" name="zext_ln42_11_fu_414">
<pin_list>
<pin id="415" dir="0" index="0" bw="4" slack="0"/>
<pin id="416" dir="1" index="1" bw="64" slack="0"/>
</pin_list>
<bind>
<opcode="zext(34) " fcode="zext"/>
<opset="zext_ln42_11/1 "/>
</bind>
</comp>

<comp id="419" class="1004" name="add_ln42_12_fu_419">
<pin_list>
<pin id="420" dir="0" index="0" bw="4" slack="0"/>
<pin id="421" dir="0" index="1" bw="4" slack="0"/>
<pin id="422" dir="1" index="2" bw="4" slack="0"/>
</pin_list>
<bind>
<opcode="add(8) " fcode="add"/>
<opset="add_ln42_12/1 "/>
</bind>
</comp>

<comp id="425" class="1004" name="zext_ln42_12_fu_425">
<pin_list>
<pin id="426" dir="0" index="0" bw="4" slack="0"/>
<pin id="427" dir="1" index="1" bw="64" slack="0"/>
</pin_list>
<bind>
<opcode="zext(34) " fcode="zext"/>
<opset="zext_ln42_12/1 "/>
</bind>
</comp>

<comp id="430" class="1004" name="zext_ln13_fu_430">
<pin_list>
<pin id="431" dir="0" index="0" bw="4" slack="1"/>
<pin id="432" dir="1" index="1" bw="64" slack="0"/>
</pin_list>
<bind>
<opcode="zext(34) " fcode="zext"/>
<opset="zext_ln13/2 "/>
</bind>
</comp>

<comp id="434" class="1004" name="add_ln42_fu_434">
<pin_list>
<pin id="435" dir="0" index="0" bw="4" slack="1"/>
<pin id="436" dir="0" index="1" bw="1" slack="0"/>
<pin id="437" dir="1" index="2" bw="4" slack="0"/>
</pin_list>
<bind>
<opcode="add(8) " fcode="add"/>
<opset="add_ln42/2 "/>
</bind>
</comp>

<comp id="439" class="1004" name="zext_ln42_fu_439">
<pin_list>
<pin id="440" dir="0" index="0" bw="4" slack="0"/>
<pin id="441" dir="1" index="1" bw="64" slack="0"/>
</pin_list>
<bind>
<opcode="zext(34) " fcode="zext"/>
<opset="zext_ln42/2 "/>
</bind>
</comp>

<comp id="444" class="1004" name="add_ln42_7_fu_444">
<pin_list>
<pin id="445" dir="0" index="0" bw="4" slack="1"/>
<pin id="446" dir="0" index="1" bw="3" slack="0"/>
<pin id="447" dir="1" index="2" bw="4" slack="0"/>
</pin_list>
<bind>
<opcode="add(8) " fcode="add"/>
<opset="add_ln42_7/2 "/>
</bind>
</comp>

<comp id="449" class="1004" name="zext_ln42_7_fu_449">
<pin_list>
<pin id="450" dir="0" index="0" bw="4" slack="0"/>
<pin id="451" dir="1" index="1" bw="64" slack="0"/>
</pin_list>
<bind>
<opcode="zext(34) " fcode="zext"/>
<opset="zext_ln42_7/2 "/>
</bind>
</comp>

<comp id="454" class="1004" name="add_ln42_8_fu_454">
<pin_list>
<pin id="455" dir="0" index="0" bw="4" slack="1"/>
<pin id="456" dir="0" index="1" bw="3" slack="0"/>
<pin id="457" dir="1" index="2" bw="4" slack="0"/>
</pin_list>
<bind>
<opcode="add(8) " fcode="add"/>
<opset="add_ln42_8/2 "/>
</bind>
</comp>

<comp id="459" class="1004" name="zext_ln42_8_fu_459">
<pin_list>
<pin id="460" dir="0" index="0" bw="4" slack="0"/>
<pin id="461" dir="1" index="1" bw="64" slack="0"/>
</pin_list>
<bind>
<opcode="zext(34) " fcode="zext"/>
<opset="zext_ln42_8/2 "/>
</bind>
</comp>

<comp id="464" class="1004" name="sext_ln73_974_fu_464">
<pin_list>
<pin id="465" dir="0" index="0" bw="11" slack="0"/>
<pin id="466" dir="1" index="1" bw="26" slack="0"/>
</pin_list>
<bind>
<opcode="sext(35) " fcode="sext"/>
<opset="sext_ln73_974/2 "/>
</bind>
</comp>

<comp id="469" class="1004" name="sext_ln73_975_fu_469">
<pin_list>
<pin id="470" dir="0" index="0" bw="16" slack="1"/>
<pin id="471" dir="1" index="1" bw="26" slack="0"/>
</pin_list>
<bind>
<opcode="sext(35) " fcode="sext"/>
<opset="sext_ln73_975/2 "/>
</bind>
</comp>

<comp id="474" class="1004" name="trunc_ln42_23_fu_474">
<pin_list>
<pin id="475" dir="0" index="0" bw="16" slack="0"/>
<pin id="476" dir="0" index="1" bw="26" slack="0"/>
<pin id="477" dir="0" index="2" bw="5" slack="0"/>
<pin id="478" dir="0" index="3" bw="6" slack="0"/>
<pin id="479" dir="1" index="4" bw="16" slack="0"/>
</pin_list>
<bind>
<opcode="partselect(1002) " fcode="partselect"/>
<opset="trunc_ln42_23/2 "/>
</bind>
</comp>

<comp id="484" class="1004" name="sext_ln73_976_fu_484">
<pin_list>
<pin id="485" dir="0" index="0" bw="11" slack="0"/>
<pin id="486" dir="1" index="1" bw="26" slack="0"/>
</pin_list>
<bind>
<opcode="sext(35) " fcode="sext"/>
<opset="sext_ln73_976/2 "/>
</bind>
</comp>

<comp id="489" class="1004" name="trunc_ln42_24_fu_489">
<pin_list>
<pin id="490" dir="0" index="0" bw="16" slack="0"/>
<pin id="491" dir="0" index="1" bw="26" slack="0"/>
<pin id="492" dir="0" index="2" bw="5" slack="0"/>
<pin id="493" dir="0" index="3" bw="6" slack="0"/>
<pin id="494" dir="1" index="4" bw="16" slack="0"/>
</pin_list>
<bind>
<opcode="partselect(1002) " fcode="partselect"/>
<opset="trunc_ln42_24/2 "/>
</bind>
</comp>

<comp id="499" class="1004" name="sext_ln73_977_fu_499">
<pin_list>
<pin id="500" dir="0" index="0" bw="11" slack="0"/>
<pin id="501" dir="1" index="1" bw="26" slack="0"/>
</pin_list>
<bind>
<opcode="sext(35) " fcode="sext"/>
<opset="sext_ln73_977/2 "/>
</bind>
</comp>

<comp id="504" class="1004" name="sext_ln73_978_fu_504">
<pin_list>
<pin id="505" dir="0" index="0" bw="16" slack="1"/>
<pin id="506" dir="1" index="1" bw="26" slack="0"/>
</pin_list>
<bind>
<opcode="sext(35) " fcode="sext"/>
<opset="sext_ln73_978/2 "/>
</bind>
</comp>

<comp id="509" class="1004" name="trunc_ln42_25_fu_509">
<pin_list>
<pin id="510" dir="0" index="0" bw="16" slack="0"/>
<pin id="511" dir="0" index="1" bw="26" slack="0"/>
<pin id="512" dir="0" index="2" bw="5" slack="0"/>
<pin id="513" dir="0" index="3" bw="6" slack="0"/>
<pin id="514" dir="1" index="4" bw="16" slack="0"/>
</pin_list>
<bind>
<opcode="partselect(1002) " fcode="partselect"/>
<opset="trunc_ln42_25/2 "/>
</bind>
</comp>

<comp id="519" class="1004" name="sext_ln73_979_fu_519">
<pin_list>
<pin id="520" dir="0" index="0" bw="11" slack="0"/>
<pin id="521" dir="1" index="1" bw="26" slack="0"/>
</pin_list>
<bind>
<opcode="sext(35) " fcode="sext"/>
<opset="sext_ln73_979/2 "/>
</bind>
</comp>

<comp id="524" class="1004" name="trunc_ln42_26_fu_524">
<pin_list>
<pin id="525" dir="0" index="0" bw="16" slack="0"/>
<pin id="526" dir="0" index="1" bw="26" slack="0"/>
<pin id="527" dir="0" index="2" bw="5" slack="0"/>
<pin id="528" dir="0" index="3" bw="6" slack="0"/>
<pin id="529" dir="1" index="4" bw="16" slack="0"/>
</pin_list>
<bind>
<opcode="partselect(1002) " fcode="partselect"/>
<opset="trunc_ln42_26/2 "/>
</bind>
</comp>

<comp id="534" class="1004" name="add_ln58_17_fu_534">
<pin_list>
<pin id="535" dir="0" index="0" bw="16" slack="0"/>
<pin id="536" dir="0" index="1" bw="16" slack="0"/>
<pin id="537" dir="1" index="2" bw="16" slack="1"/>
</pin_list>
<bind>
<opcode="add(8) " fcode="add"/>
<opset="add_ln58_17/2 "/>
</bind>
</comp>

<comp id="540" class="1004" name="add_ln58_20_fu_540">
<pin_list>
<pin id="541" dir="0" index="0" bw="16" slack="0"/>
<pin id="542" dir="0" index="1" bw="16" slack="0"/>
<pin id="543" dir="1" index="2" bw="16" slack="1"/>
</pin_list>
<bind>
<opcode="add(8) " fcode="add"/>
<opset="add_ln58_20/2 "/>
</bind>
</comp>

<comp id="546" class="1004" name="sext_ln73_fu_546">
<pin_list>
<pin id="547" dir="0" index="0" bw="11" slack="0"/>
<pin id="548" dir="1" index="1" bw="26" slack="0"/>
</pin_list>
<bind>
<opcode="sext(35) " fcode="sext"/>
<opset="sext_ln73/3 "/>
</bind>
</comp>

<comp id="551" class="1004" name="sext_ln73_969_fu_551">
<pin_list>
<pin id="552" dir="0" index="0" bw="16" slack="2"/>
<pin id="553" dir="1" index="1" bw="26" slack="0"/>
</pin_list>
<bind>
<opcode="sext(35) " fcode="sext"/>
<opset="sext_ln73_969/3 "/>
</bind>
</comp>

<comp id="556" class="1004" name="trunc_ln_fu_556">
<pin_list>
<pin id="557" dir="0" index="0" bw="16" slack="0"/>
<pin id="558" dir="0" index="1" bw="26" slack="0"/>
<pin id="559" dir="0" index="2" bw="5" slack="0"/>
<pin id="560" dir="0" index="3" bw="6" slack="0"/>
<pin id="561" dir="1" index="4" bw="16" slack="0"/>
</pin_list>
<bind>
<opcode="partselect(1002) " fcode="partselect"/>
<opset="trunc_ln/3 "/>
</bind>
</comp>

<comp id="566" class="1004" name="sext_ln73_970_fu_566">
<pin_list>
<pin id="567" dir="0" index="0" bw="11" slack="0"/>
<pin id="568" dir="1" index="1" bw="26" slack="0"/>
</pin_list>
<bind>
<opcode="sext(35) " fcode="sext"/>
<opset="sext_ln73_970/3 "/>
</bind>
</comp>

<comp id="571" class="1004" name="trunc_ln42_s_fu_571">
<pin_list>
<pin id="572" dir="0" index="0" bw="16" slack="0"/>
<pin id="573" dir="0" index="1" bw="26" slack="0"/>
<pin id="574" dir="0" index="2" bw="5" slack="0"/>
<pin id="575" dir="0" index="3" bw="6" slack="0"/>
<pin id="576" dir="1" index="4" bw="16" slack="0"/>
</pin_list>
<bind>
<opcode="partselect(1002) " fcode="partselect"/>
<opset="trunc_ln42_s/3 "/>
</bind>
</comp>

<comp id="581" class="1004" name="sext_ln73_971_fu_581">
<pin_list>
<pin id="582" dir="0" index="0" bw="11" slack="0"/>
<pin id="583" dir="1" index="1" bw="26" slack="0"/>
</pin_list>
<bind>
<opcode="sext(35) " fcode="sext"/>
<opset="sext_ln73_971/3 "/>
</bind>
</comp>

<comp id="586" class="1004" name="sext_ln73_972_fu_586">
<pin_list>
<pin id="587" dir="0" index="0" bw="16" slack="2"/>
<pin id="588" dir="1" index="1" bw="26" slack="0"/>
</pin_list>
<bind>
<opcode="sext(35) " fcode="sext"/>
<opset="sext_ln73_972/3 "/>
</bind>
</comp>

<comp id="591" class="1004" name="trunc_ln42_21_fu_591">
<pin_list>
<pin id="592" dir="0" index="0" bw="16" slack="0"/>
<pin id="593" dir="0" index="1" bw="26" slack="0"/>
<pin id="594" dir="0" index="2" bw="5" slack="0"/>
<pin id="595" dir="0" index="3" bw="6" slack="0"/>
<pin id="596" dir="1" index="4" bw="16" slack="0"/>
</pin_list>
<bind>
<opcode="partselect(1002) " fcode="partselect"/>
<opset="trunc_ln42_21/3 "/>
</bind>
</comp>

<comp id="601" class="1004" name="sext_ln73_973_fu_601">
<pin_list>
<pin id="602" dir="0" index="0" bw="11" slack="0"/>
<pin id="603" dir="1" index="1" bw="26" slack="0"/>
</pin_list>
<bind>
<opcode="sext(35) " fcode="sext"/>
<opset="sext_ln73_973/3 "/>
</bind>
</comp>

<comp id="606" class="1004" name="trunc_ln42_22_fu_606">
<pin_list>
<pin id="607" dir="0" index="0" bw="16" slack="0"/>
<pin id="608" dir="0" index="1" bw="26" slack="0"/>
<pin id="609" dir="0" index="2" bw="5" slack="0"/>
<pin id="610" dir="0" index="3" bw="6" slack="0"/>
<pin id="611" dir="1" index="4" bw="16" slack="0"/>
</pin_list>
<bind>
<opcode="partselect(1002) " fcode="partselect"/>
<opset="trunc_ln42_22/3 "/>
</bind>
</comp>

<comp id="616" class="1004" name="add_ln58_fu_616">
<pin_list>
<pin id="617" dir="0" index="0" bw="16" slack="0"/>
<pin id="618" dir="0" index="1" bw="16" slack="0"/>
<pin id="619" dir="1" index="2" bw="16" slack="0"/>
</pin_list>
<bind>
<opcode="add(8) " fcode="add"/>
<opset="add_ln58/3 "/>
</bind>
</comp>

<comp id="622" class="1004" name="x_fu_622">
<pin_list>
<pin id="623" dir="0" index="0" bw="16" slack="1"/>
<pin id="624" dir="0" index="1" bw="16" slack="0"/>
<pin id="625" dir="1" index="2" bw="16" slack="0"/>
</pin_list>
<bind>
<opcode="add(8) " fcode="add"/>
<opset="x/3 "/>
</bind>
</comp>

<comp id="627" class="1004" name="add_ln58_19_fu_627">
<pin_list>
<pin id="628" dir="0" index="0" bw="16" slack="0"/>
<pin id="629" dir="0" index="1" bw="16" slack="0"/>
<pin id="630" dir="1" index="2" bw="16" slack="0"/>
</pin_list>
<bind>
<opcode="add(8) " fcode="add"/>
<opset="add_ln58_19/3 "/>
</bind>
</comp>

<comp id="633" class="1004" name="x_5_fu_633">
<pin_list>
<pin id="634" dir="0" index="0" bw="16" slack="1"/>
<pin id="635" dir="0" index="1" bw="16" slack="0"/>
<pin id="636" dir="1" index="2" bw="16" slack="0"/>
</pin_list>
<bind>
<opcode="add(8) " fcode="add"/>
<opset="x_5/3 "/>
</bind>
</comp>

<comp id="638" class="1004" name="shl_ln_fu_638">
<pin_list>
<pin id="639" dir="0" index="0" bw="26" slack="0"/>
<pin id="640" dir="0" index="1" bw="16" slack="0"/>
<pin id="641" dir="0" index="2" bw="1" slack="0"/>
<pin id="642" dir="1" index="3" bw="26" slack="0"/>
</pin_list>
<bind>
<opcode="bitconcatenate(1004) " fcode="bitconcatenate"/>
<opset="shl_ln/3 "/>
</bind>
</comp>

<comp id="646" class="1004" name="sext_ln110_fu_646">
<pin_list>
<pin id="647" dir="0" index="0" bw="26" slack="0"/>
<pin id="648" dir="1" index="1" bw="33" slack="0"/>
</pin_list>
<bind>
<opcode="sext(35) " fcode="sext"/>
<opset="sext_ln110/3 "/>
</bind>
</comp>

<comp id="650" class="1004" name="shl_ln111_5_fu_650">
<pin_list>
<pin id="651" dir="0" index="0" bw="26" slack="0"/>
<pin id="652" dir="0" index="1" bw="16" slack="0"/>
<pin id="653" dir="0" index="2" bw="1" slack="0"/>
<pin id="654" dir="1" index="3" bw="26" slack="0"/>
</pin_list>
<bind>
<opcode="bitconcatenate(1004) " fcode="bitconcatenate"/>
<opset="shl_ln111_5/3 "/>
</bind>
</comp>

<comp id="658" class="1004" name="sext_ln68_fu_658">
<pin_list>
<pin id="659" dir="0" index="0" bw="26" slack="0"/>
<pin id="660" dir="1" index="1" bw="33" slack="0"/>
</pin_list>
<bind>
<opcode="sext(35) " fcode="sext"/>
<opset="sext_ln68/3 "/>
</bind>
</comp>

<comp id="662" class="1004" name="mrv_fu_662">
<pin_list>
<pin id="663" dir="0" index="0" bw="66" slack="0"/>
<pin id="664" dir="0" index="1" bw="26" slack="0"/>
<pin id="665" dir="1" index="2" bw="66" slack="0"/>
</pin_list>
<bind>
<opcode="insertvalue(57) " fcode="insertvalue"/>
<opset="mrv/3 "/>
</bind>
</comp>

<comp id="668" class="1004" name="mrv_1_fu_668">
<pin_list>
<pin id="669" dir="0" index="0" bw="66" slack="0"/>
<pin id="670" dir="0" index="1" bw="26" slack="0"/>
<pin id="671" dir="1" index="2" bw="66" slack="2147483647"/>
</pin_list>
<bind>
<opcode="insertvalue(57) " fcode="insertvalue"/>
<opset="mrv_1/3 "/>
</bind>
</comp>

<comp id="674" class="1005" name="idx2_read_reg_674">
<pin_list>
<pin id="675" dir="0" index="0" bw="4" slack="1"/>
<pin id="676" dir="1" index="1" bw="4" slack="1"/>
</pin_list>
<bind>
<opset="idx2_read "/>
</bind>
</comp>

<comp id="682" class="1005" name="data_3_val_read_reg_682">
<pin_list>
<pin id="683" dir="0" index="0" bw="16" slack="1"/>
<pin id="684" dir="1" index="1" bw="16" slack="1"/>
</pin_list>
<bind>
<opset="data_3_val_read "/>
</bind>
</comp>

<comp id="687" class="1005" name="data_2_val_read_reg_687">
<pin_list>
<pin id="688" dir="0" index="0" bw="16" slack="1"/>
<pin id="689" dir="1" index="1" bw="16" slack="1"/>
</pin_list>
<bind>
<opset="data_2_val_read "/>
</bind>
</comp>

<comp id="692" class="1005" name="data_1_val_read_reg_692">
<pin_list>
<pin id="693" dir="0" index="0" bw="16" slack="2"/>
<pin id="694" dir="1" index="1" bw="16" slack="2"/>
</pin_list>
<bind>
<opset="data_1_val_read "/>
</bind>
</comp>

<comp id="697" class="1005" name="data_0_val_read_reg_697">
<pin_list>
<pin id="698" dir="0" index="0" bw="16" slack="2"/>
<pin id="699" dir="1" index="1" bw="16" slack="2"/>
</pin_list>
<bind>
<opset="data_0_val_read "/>
</bind>
</comp>

<comp id="702" class="1005" name="query_weight3_addr_4_reg_702">
<pin_list>
<pin id="703" dir="0" index="0" bw="4" slack="1"/>
<pin id="704" dir="1" index="1" bw="4" slack="1"/>
</pin_list>
<bind>
<opset="query_weight3_addr_4 "/>
</bind>
</comp>

<comp id="707" class="1005" name="query_weight3_addr_5_reg_707">
<pin_list>
<pin id="708" dir="0" index="0" bw="4" slack="1"/>
<pin id="709" dir="1" index="1" bw="4" slack="1"/>
</pin_list>
<bind>
<opset="query_weight3_addr_5 "/>
</bind>
</comp>

<comp id="712" class="1005" name="query_weight3_addr_6_reg_712">
<pin_list>
<pin id="713" dir="0" index="0" bw="4" slack="1"/>
<pin id="714" dir="1" index="1" bw="4" slack="1"/>
</pin_list>
<bind>
<opset="query_weight3_addr_6 "/>
</bind>
</comp>

<comp id="717" class="1005" name="query_weight3_addr_7_reg_717">
<pin_list>
<pin id="718" dir="0" index="0" bw="4" slack="1"/>
<pin id="719" dir="1" index="1" bw="4" slack="1"/>
</pin_list>
<bind>
<opset="query_weight3_addr_7 "/>
</bind>
</comp>

<comp id="722" class="1005" name="query_weight3_addr_reg_722">
<pin_list>
<pin id="723" dir="0" index="0" bw="4" slack="1"/>
<pin id="724" dir="1" index="1" bw="4" slack="1"/>
</pin_list>
<bind>
<opset="query_weight3_addr "/>
</bind>
</comp>

<comp id="727" class="1005" name="query_weight3_addr_1_reg_727">
<pin_list>
<pin id="728" dir="0" index="0" bw="4" slack="1"/>
<pin id="729" dir="1" index="1" bw="4" slack="1"/>
</pin_list>
<bind>
<opset="query_weight3_addr_1 "/>
</bind>
</comp>

<comp id="732" class="1005" name="query_weight3_addr_2_reg_732">
<pin_list>
<pin id="733" dir="0" index="0" bw="4" slack="1"/>
<pin id="734" dir="1" index="1" bw="4" slack="1"/>
</pin_list>
<bind>
<opset="query_weight3_addr_2 "/>
</bind>
</comp>

<comp id="737" class="1005" name="query_weight3_addr_3_reg_737">
<pin_list>
<pin id="738" dir="0" index="0" bw="4" slack="1"/>
<pin id="739" dir="1" index="1" bw="4" slack="1"/>
</pin_list>
<bind>
<opset="query_weight3_addr_3 "/>
</bind>
</comp>

<comp id="742" class="1005" name="add_ln58_17_reg_742">
<pin_list>
<pin id="743" dir="0" index="0" bw="16" slack="1"/>
<pin id="744" dir="1" index="1" bw="16" slack="1"/>
</pin_list>
<bind>
<opset="add_ln58_17 "/>
</bind>
</comp>

<comp id="747" class="1005" name="add_ln58_20_reg_747">
<pin_list>
<pin id="748" dir="0" index="0" bw="16" slack="1"/>
<pin id="749" dir="1" index="1" bw="16" slack="1"/>
</pin_list>
<bind>
<opset="add_ln58_20 "/>
</bind>
</comp>

</comp_list>

<net_list>
<net id="62"><net_src comp="12" pin="0"/><net_sink comp="58" pin=0"/></net>

<net id="63"><net_src comp="8" pin="0"/><net_sink comp="58" pin=1"/></net>

<net id="68"><net_src comp="14" pin="0"/><net_sink comp="64" pin=0"/></net>

<net id="69"><net_src comp="6" pin="0"/><net_sink comp="64" pin=1"/></net>

<net id="74"><net_src comp="14" pin="0"/><net_sink comp="70" pin=0"/></net>

<net id="75"><net_src comp="4" pin="0"/><net_sink comp="70" pin=1"/></net>

<net id="80"><net_src comp="14" pin="0"/><net_sink comp="76" pin=0"/></net>

<net id="81"><net_src comp="2" pin="0"/><net_sink comp="76" pin=1"/></net>

<net id="86"><net_src comp="14" pin="0"/><net_sink comp="82" pin=0"/></net>

<net id="87"><net_src comp="0" pin="0"/><net_sink comp="82" pin=1"/></net>

<net id="93"><net_src comp="10" pin="0"/><net_sink comp="88" pin=0"/></net>

<net id="94"><net_src comp="18" pin="0"/><net_sink comp="88" pin=1"/></net>

<net id="128"><net_src comp="88" pin="3"/><net_sink comp="95" pin=18"/></net>

<net id="134"><net_src comp="10" pin="0"/><net_sink comp="129" pin=0"/></net>

<net id="135"><net_src comp="18" pin="0"/><net_sink comp="129" pin=1"/></net>

<net id="136"><net_src comp="129" pin="3"/><net_sink comp="95" pin=16"/></net>

<net id="142"><net_src comp="10" pin="0"/><net_sink comp="137" pin=0"/></net>

<net id="143"><net_src comp="18" pin="0"/><net_sink comp="137" pin=1"/></net>

<net id="144"><net_src comp="137" pin="3"/><net_sink comp="95" pin=13"/></net>

<net id="150"><net_src comp="10" pin="0"/><net_sink comp="145" pin=0"/></net>

<net id="151"><net_src comp="18" pin="0"/><net_sink comp="145" pin=1"/></net>

<net id="152"><net_src comp="145" pin="3"/><net_sink comp="95" pin=10"/></net>

<net id="158"><net_src comp="10" pin="0"/><net_sink comp="153" pin=0"/></net>

<net id="159"><net_src comp="18" pin="0"/><net_sink comp="153" pin=1"/></net>

<net id="160"><net_src comp="153" pin="3"/><net_sink comp="95" pin=8"/></net>

<net id="166"><net_src comp="10" pin="0"/><net_sink comp="161" pin=0"/></net>

<net id="167"><net_src comp="18" pin="0"/><net_sink comp="161" pin=1"/></net>

<net id="168"><net_src comp="161" pin="3"/><net_sink comp="95" pin=5"/></net>

<net id="174"><net_src comp="10" pin="0"/><net_sink comp="169" pin=0"/></net>

<net id="175"><net_src comp="18" pin="0"/><net_sink comp="169" pin=1"/></net>

<net id="176"><net_src comp="169" pin="3"/><net_sink comp="95" pin=2"/></net>

<net id="182"><net_src comp="10" pin="0"/><net_sink comp="177" pin=0"/></net>

<net id="183"><net_src comp="18" pin="0"/><net_sink comp="177" pin=1"/></net>

<net id="184"><net_src comp="177" pin="3"/><net_sink comp="95" pin=0"/></net>

<net id="390"><net_src comp="58" pin="2"/><net_sink comp="386" pin=0"/></net>

<net id="391"><net_src comp="16" pin="0"/><net_sink comp="386" pin=1"/></net>

<net id="395"><net_src comp="386" pin="2"/><net_sink comp="392" pin=0"/></net>

<net id="396"><net_src comp="392" pin="1"/><net_sink comp="88" pin=2"/></net>

<net id="401"><net_src comp="58" pin="2"/><net_sink comp="397" pin=0"/></net>

<net id="402"><net_src comp="20" pin="0"/><net_sink comp="397" pin=1"/></net>

<net id="406"><net_src comp="397" pin="2"/><net_sink comp="403" pin=0"/></net>

<net id="407"><net_src comp="403" pin="1"/><net_sink comp="129" pin=2"/></net>

<net id="412"><net_src comp="58" pin="2"/><net_sink comp="408" pin=0"/></net>

<net id="413"><net_src comp="22" pin="0"/><net_sink comp="408" pin=1"/></net>

<net id="417"><net_src comp="408" pin="2"/><net_sink comp="414" pin=0"/></net>

<net id="418"><net_src comp="414" pin="1"/><net_sink comp="137" pin=2"/></net>

<net id="423"><net_src comp="58" pin="2"/><net_sink comp="419" pin=0"/></net>

<net id="424"><net_src comp="24" pin="0"/><net_sink comp="419" pin=1"/></net>

<net id="428"><net_src comp="419" pin="2"/><net_sink comp="425" pin=0"/></net>

<net id="429"><net_src comp="425" pin="1"/><net_sink comp="145" pin=2"/></net>

<net id="433"><net_src comp="430" pin="1"/><net_sink comp="153" pin=2"/></net>

<net id="438"><net_src comp="26" pin="0"/><net_sink comp="434" pin=1"/></net>

<net id="442"><net_src comp="434" pin="2"/><net_sink comp="439" pin=0"/></net>

<net id="443"><net_src comp="439" pin="1"/><net_sink comp="161" pin=2"/></net>

<net id="448"><net_src comp="28" pin="0"/><net_sink comp="444" pin=1"/></net>

<net id="452"><net_src comp="444" pin="2"/><net_sink comp="449" pin=0"/></net>

<net id="453"><net_src comp="449" pin="1"/><net_sink comp="169" pin=2"/></net>

<net id="458"><net_src comp="30" pin="0"/><net_sink comp="454" pin=1"/></net>

<net id="462"><net_src comp="454" pin="2"/><net_sink comp="459" pin=0"/></net>

<net id="463"><net_src comp="459" pin="1"/><net_sink comp="177" pin=2"/></net>

<net id="467"><net_src comp="95" pin="31"/><net_sink comp="464" pin=0"/></net>

<net id="468"><net_src comp="464" pin="1"/><net_sink comp="186" pin=1"/></net>

<net id="472"><net_src comp="469" pin="1"/><net_sink comp="186" pin=0"/></net>

<net id="473"><net_src comp="469" pin="1"/><net_sink comp="192" pin=0"/></net>

<net id="480"><net_src comp="32" pin="0"/><net_sink comp="474" pin=0"/></net>

<net id="481"><net_src comp="186" pin="2"/><net_sink comp="474" pin=1"/></net>

<net id="482"><net_src comp="34" pin="0"/><net_sink comp="474" pin=2"/></net>

<net id="483"><net_src comp="36" pin="0"/><net_sink comp="474" pin=3"/></net>

<net id="487"><net_src comp="95" pin="27"/><net_sink comp="484" pin=0"/></net>

<net id="488"><net_src comp="484" pin="1"/><net_sink comp="192" pin=1"/></net>

<net id="495"><net_src comp="32" pin="0"/><net_sink comp="489" pin=0"/></net>

<net id="496"><net_src comp="192" pin="2"/><net_sink comp="489" pin=1"/></net>

<net id="497"><net_src comp="34" pin="0"/><net_sink comp="489" pin=2"/></net>

<net id="498"><net_src comp="36" pin="0"/><net_sink comp="489" pin=3"/></net>

<net id="502"><net_src comp="95" pin="23"/><net_sink comp="499" pin=0"/></net>

<net id="503"><net_src comp="499" pin="1"/><net_sink comp="191" pin=1"/></net>

<net id="507"><net_src comp="504" pin="1"/><net_sink comp="191" pin=0"/></net>

<net id="508"><net_src comp="504" pin="1"/><net_sink comp="189" pin=0"/></net>

<net id="515"><net_src comp="32" pin="0"/><net_sink comp="509" pin=0"/></net>

<net id="516"><net_src comp="191" pin="2"/><net_sink comp="509" pin=1"/></net>

<net id="517"><net_src comp="34" pin="0"/><net_sink comp="509" pin=2"/></net>

<net id="518"><net_src comp="36" pin="0"/><net_sink comp="509" pin=3"/></net>

<net id="522"><net_src comp="95" pin="19"/><net_sink comp="519" pin=0"/></net>

<net id="523"><net_src comp="519" pin="1"/><net_sink comp="189" pin=1"/></net>

<net id="530"><net_src comp="32" pin="0"/><net_sink comp="524" pin=0"/></net>

<net id="531"><net_src comp="189" pin="2"/><net_sink comp="524" pin=1"/></net>

<net id="532"><net_src comp="34" pin="0"/><net_sink comp="524" pin=2"/></net>

<net id="533"><net_src comp="36" pin="0"/><net_sink comp="524" pin=3"/></net>

<net id="538"><net_src comp="474" pin="4"/><net_sink comp="534" pin=0"/></net>

<net id="539"><net_src comp="509" pin="4"/><net_sink comp="534" pin=1"/></net>

<net id="544"><net_src comp="489" pin="4"/><net_sink comp="540" pin=0"/></net>

<net id="545"><net_src comp="524" pin="4"/><net_sink comp="540" pin=1"/></net>

<net id="549"><net_src comp="95" pin="15"/><net_sink comp="546" pin=0"/></net>

<net id="550"><net_src comp="546" pin="1"/><net_sink comp="187" pin=1"/></net>

<net id="554"><net_src comp="551" pin="1"/><net_sink comp="187" pin=0"/></net>

<net id="555"><net_src comp="551" pin="1"/><net_sink comp="190" pin=0"/></net>

<net id="562"><net_src comp="32" pin="0"/><net_sink comp="556" pin=0"/></net>

<net id="563"><net_src comp="187" pin="2"/><net_sink comp="556" pin=1"/></net>

<net id="564"><net_src comp="34" pin="0"/><net_sink comp="556" pin=2"/></net>

<net id="565"><net_src comp="36" pin="0"/><net_sink comp="556" pin=3"/></net>

<net id="569"><net_src comp="95" pin="11"/><net_sink comp="566" pin=0"/></net>

<net id="570"><net_src comp="566" pin="1"/><net_sink comp="190" pin=1"/></net>

<net id="577"><net_src comp="32" pin="0"/><net_sink comp="571" pin=0"/></net>

<net id="578"><net_src comp="190" pin="2"/><net_sink comp="571" pin=1"/></net>

<net id="579"><net_src comp="34" pin="0"/><net_sink comp="571" pin=2"/></net>

<net id="580"><net_src comp="36" pin="0"/><net_sink comp="571" pin=3"/></net>

<net id="584"><net_src comp="95" pin="7"/><net_sink comp="581" pin=0"/></net>

<net id="585"><net_src comp="581" pin="1"/><net_sink comp="185" pin=1"/></net>

<net id="589"><net_src comp="586" pin="1"/><net_sink comp="185" pin=0"/></net>

<net id="590"><net_src comp="586" pin="1"/><net_sink comp="188" pin=0"/></net>

<net id="597"><net_src comp="32" pin="0"/><net_sink comp="591" pin=0"/></net>

<net id="598"><net_src comp="185" pin="2"/><net_sink comp="591" pin=1"/></net>

<net id="599"><net_src comp="34" pin="0"/><net_sink comp="591" pin=2"/></net>

<net id="600"><net_src comp="36" pin="0"/><net_sink comp="591" pin=3"/></net>

<net id="604"><net_src comp="95" pin="3"/><net_sink comp="601" pin=0"/></net>

<net id="605"><net_src comp="601" pin="1"/><net_sink comp="188" pin=1"/></net>

<net id="612"><net_src comp="32" pin="0"/><net_sink comp="606" pin=0"/></net>

<net id="613"><net_src comp="188" pin="2"/><net_sink comp="606" pin=1"/></net>

<net id="614"><net_src comp="34" pin="0"/><net_sink comp="606" pin=2"/></net>

<net id="615"><net_src comp="36" pin="0"/><net_sink comp="606" pin=3"/></net>

<net id="620"><net_src comp="591" pin="4"/><net_sink comp="616" pin=0"/></net>

<net id="621"><net_src comp="556" pin="4"/><net_sink comp="616" pin=1"/></net>

<net id="626"><net_src comp="616" pin="2"/><net_sink comp="622" pin=1"/></net>

<net id="631"><net_src comp="606" pin="4"/><net_sink comp="627" pin=0"/></net>

<net id="632"><net_src comp="571" pin="4"/><net_sink comp="627" pin=1"/></net>

<net id="637"><net_src comp="627" pin="2"/><net_sink comp="633" pin=1"/></net>

<net id="643"><net_src comp="52" pin="0"/><net_sink comp="638" pin=0"/></net>

<net id="644"><net_src comp="622" pin="2"/><net_sink comp="638" pin=1"/></net>

<net id="645"><net_src comp="54" pin="0"/><net_sink comp="638" pin=2"/></net>

<net id="649"><net_src comp="638" pin="3"/><net_sink comp="646" pin=0"/></net>

<net id="655"><net_src comp="52" pin="0"/><net_sink comp="650" pin=0"/></net>

<net id="656"><net_src comp="633" pin="2"/><net_sink comp="650" pin=1"/></net>

<net id="657"><net_src comp="54" pin="0"/><net_sink comp="650" pin=2"/></net>

<net id="661"><net_src comp="650" pin="3"/><net_sink comp="658" pin=0"/></net>

<net id="666"><net_src comp="56" pin="0"/><net_sink comp="662" pin=0"/></net>

<net id="667"><net_src comp="646" pin="1"/><net_sink comp="662" pin=1"/></net>

<net id="672"><net_src comp="662" pin="2"/><net_sink comp="668" pin=0"/></net>

<net id="673"><net_src comp="658" pin="1"/><net_sink comp="668" pin=1"/></net>

<net id="677"><net_src comp="58" pin="2"/><net_sink comp="674" pin=0"/></net>

<net id="678"><net_src comp="674" pin="1"/><net_sink comp="430" pin=0"/></net>

<net id="679"><net_src comp="674" pin="1"/><net_sink comp="434" pin=0"/></net>

<net id="680"><net_src comp="674" pin="1"/><net_sink comp="444" pin=0"/></net>

<net id="681"><net_src comp="674" pin="1"/><net_sink comp="454" pin=0"/></net>

<net id="685"><net_src comp="64" pin="2"/><net_sink comp="682" pin=0"/></net>

<net id="686"><net_src comp="682" pin="1"/><net_sink comp="504" pin=0"/></net>

<net id="690"><net_src comp="70" pin="2"/><net_sink comp="687" pin=0"/></net>

<net id="691"><net_src comp="687" pin="1"/><net_sink comp="469" pin=0"/></net>

<net id="695"><net_src comp="76" pin="2"/><net_sink comp="692" pin=0"/></net>

<net id="696"><net_src comp="692" pin="1"/><net_sink comp="586" pin=0"/></net>

<net id="700"><net_src comp="82" pin="2"/><net_sink comp="697" pin=0"/></net>

<net id="701"><net_src comp="697" pin="1"/><net_sink comp="551" pin=0"/></net>

<net id="705"><net_src comp="88" pin="3"/><net_sink comp="702" pin=0"/></net>

<net id="706"><net_src comp="702" pin="1"/><net_sink comp="95" pin=18"/></net>

<net id="710"><net_src comp="129" pin="3"/><net_sink comp="707" pin=0"/></net>

<net id="711"><net_src comp="707" pin="1"/><net_sink comp="95" pin=16"/></net>

<net id="715"><net_src comp="137" pin="3"/><net_sink comp="712" pin=0"/></net>

<net id="716"><net_src comp="712" pin="1"/><net_sink comp="95" pin=13"/></net>

<net id="720"><net_src comp="145" pin="3"/><net_sink comp="717" pin=0"/></net>

<net id="721"><net_src comp="717" pin="1"/><net_sink comp="95" pin=10"/></net>

<net id="725"><net_src comp="153" pin="3"/><net_sink comp="722" pin=0"/></net>

<net id="726"><net_src comp="722" pin="1"/><net_sink comp="95" pin=8"/></net>

<net id="730"><net_src comp="161" pin="3"/><net_sink comp="727" pin=0"/></net>

<net id="731"><net_src comp="727" pin="1"/><net_sink comp="95" pin=5"/></net>

<net id="735"><net_src comp="169" pin="3"/><net_sink comp="732" pin=0"/></net>

<net id="736"><net_src comp="732" pin="1"/><net_sink comp="95" pin=2"/></net>

<net id="740"><net_src comp="177" pin="3"/><net_sink comp="737" pin=0"/></net>

<net id="741"><net_src comp="737" pin="1"/><net_sink comp="95" pin=0"/></net>

<net id="745"><net_src comp="534" pin="2"/><net_sink comp="742" pin=0"/></net>

<net id="746"><net_src comp="742" pin="1"/><net_sink comp="622" pin=0"/></net>

<net id="750"><net_src comp="540" pin="2"/><net_sink comp="747" pin=0"/></net>

<net id="751"><net_src comp="747" pin="1"/><net_sink comp="633" pin=0"/></net>

</net_list>

</model> 
---------------- Datapath Model END ------------------

* FSMD analyzer results:
  - Output states:
 - Input state : 
	Port: dense_latency<ap_fixed<16, 6, 5, 3, 0>, ap_fixed<33, 13, 5, 3, 0>, config3_1>.1 : data_0_val | {1 }
	Port: dense_latency<ap_fixed<16, 6, 5, 3, 0>, ap_fixed<33, 13, 5, 3, 0>, config3_1>.1 : data_1_val | {1 }
	Port: dense_latency<ap_fixed<16, 6, 5, 3, 0>, ap_fixed<33, 13, 5, 3, 0>, config3_1>.1 : data_2_val | {1 }
	Port: dense_latency<ap_fixed<16, 6, 5, 3, 0>, ap_fixed<33, 13, 5, 3, 0>, config3_1>.1 : data_3_val | {1 }
	Port: dense_latency<ap_fixed<16, 6, 5, 3, 0>, ap_fixed<33, 13, 5, 3, 0>, config3_1>.1 : idx2 | {1 }
	Port: dense_latency<ap_fixed<16, 6, 5, 3, 0>, ap_fixed<33, 13, 5, 3, 0>, config3_1>.1 : query_weight3 | {1 2 3 }
  - Chain level:
	State 1
		zext_ln42_9 : 1
		query_weight3_addr_4 : 2
		w_110 : 3
		zext_ln42_10 : 1
		query_weight3_addr_5 : 2
		w_111 : 3
		zext_ln42_11 : 1
		query_weight3_addr_6 : 2
		w_112 : 3
		zext_ln42_12 : 1
		query_weight3_addr_7 : 2
		w_113 : 3
	State 2
		query_weight3_addr : 1
		w : 2
		zext_ln42 : 1
		query_weight3_addr_1 : 2
		w_107 : 3
		zext_ln42_7 : 1
		query_weight3_addr_2 : 2
		w_108 : 3
		zext_ln42_8 : 1
		query_weight3_addr_3 : 2
		w_109 : 3
		sext_ln73_974 : 1
		mul_ln42_24 : 2
		trunc_ln42_23 : 3
		sext_ln73_976 : 1
		mul_ln42_25 : 2
		trunc_ln42_24 : 3
		sext_ln73_977 : 1
		mul_ln42_26 : 2
		trunc_ln42_25 : 3
		sext_ln73_979 : 1
		mul_ln42_27 : 2
		trunc_ln42_26 : 3
		add_ln58_17 : 4
		add_ln58_20 : 4
	State 3
		sext_ln73 : 1
		mul_ln42 : 2
		trunc_ln : 3
		sext_ln73_970 : 1
		mul_ln42_21 : 2
		trunc_ln42_s : 3
		sext_ln73_971 : 1
		mul_ln42_22 : 2
		trunc_ln42_21 : 3
		sext_ln73_973 : 1
		mul_ln42_23 : 2
		trunc_ln42_22 : 3
		add_ln58 : 4
		x : 5
		add_ln58_19 : 4
		x_5 : 5
		shl_ln : 6
		sext_ln110 : 7
		shl_ln111_5 : 6
		sext_ln68 : 7
		mrv : 8
		mrv_1 : 9
		ret_ln68 : 10


============================================================
+ Verbose Summary: Datapath Resource usage 
============================================================

* Functional unit list:
|----------|----------------------------|---------|---------|---------|
| Operation|       Functional Unit      |   DSP   |    FF   |   LUT   |
|----------|----------------------------|---------|---------|---------|
|          |      add_ln42_9_fu_386     |    0    |    0    |    12   |
|          |     add_ln42_10_fu_397     |    0    |    0    |    12   |
|          |     add_ln42_11_fu_408     |    0    |    0    |    12   |
|          |     add_ln42_12_fu_419     |    0    |    0    |    12   |
|          |       add_ln42_fu_434      |    0    |    0    |    12   |
|          |      add_ln42_7_fu_444     |    0    |    0    |    12   |
|    add   |      add_ln42_8_fu_454     |    0    |    0    |    12   |
|          |     add_ln58_17_fu_534     |    0    |    0    |    23   |
|          |     add_ln58_20_fu_540     |    0    |    0    |    23   |
|          |       add_ln58_fu_616      |    0    |    0    |    16   |
|          |          x_fu_622          |    0    |    0    |    16   |
|          |     add_ln58_19_fu_627     |    0    |    0    |    16   |
|          |         x_5_fu_633         |    0    |    0    |    16   |
|----------|----------------------------|---------|---------|---------|
|          |     mul_ln42_22_fu_185     |    1    |    0    |    5    |
|          |     mul_ln42_24_fu_186     |    1    |    0    |    5    |
|          |       mul_ln42_fu_187      |    1    |    0    |    5    |
|    mul   |     mul_ln42_23_fu_188     |    1    |    0    |    5    |
|          |     mul_ln42_27_fu_189     |    1    |    0    |    5    |
|          |     mul_ln42_21_fu_190     |    1    |    0    |    5    |
|          |     mul_ln42_26_fu_191     |    1    |    0    |    5    |
|          |     mul_ln42_25_fu_192     |    1    |    0    |    5    |
|----------|----------------------------|---------|---------|---------|
|          |    idx2_read_read_fu_58    |    0    |    0    |    0    |
|          | data_3_val_read_read_fu_64 |    0    |    0    |    0    |
|   read   | data_2_val_read_read_fu_70 |    0    |    0    |    0    |
|          | data_1_val_read_read_fu_76 |    0    |    0    |    0    |
|          | data_0_val_read_read_fu_82 |    0    |    0    |    0    |
|----------|----------------------------|---------|---------|---------|
|          |     zext_ln42_9_fu_392     |    0    |    0    |    0    |
|          |     zext_ln42_10_fu_403    |    0    |    0    |    0    |
|          |     zext_ln42_11_fu_414    |    0    |    0    |    0    |
|   zext   |     zext_ln42_12_fu_425    |    0    |    0    |    0    |
|          |      zext_ln13_fu_430      |    0    |    0    |    0    |
|          |      zext_ln42_fu_439      |    0    |    0    |    0    |
|          |     zext_ln42_7_fu_449     |    0    |    0    |    0    |
|          |     zext_ln42_8_fu_459     |    0    |    0    |    0    |
|----------|----------------------------|---------|---------|---------|
|          |    sext_ln73_974_fu_464    |    0    |    0    |    0    |
|          |    sext_ln73_975_fu_469    |    0    |    0    |    0    |
|          |    sext_ln73_976_fu_484    |    0    |    0    |    0    |
|          |    sext_ln73_977_fu_499    |    0    |    0    |    0    |
|          |    sext_ln73_978_fu_504    |    0    |    0    |    0    |
|          |    sext_ln73_979_fu_519    |    0    |    0    |    0    |
|   sext   |      sext_ln73_fu_546      |    0    |    0    |    0    |
|          |    sext_ln73_969_fu_551    |    0    |    0    |    0    |
|          |    sext_ln73_970_fu_566    |    0    |    0    |    0    |
|          |    sext_ln73_971_fu_581    |    0    |    0    |    0    |
|          |    sext_ln73_972_fu_586    |    0    |    0    |    0    |
|          |    sext_ln73_973_fu_601    |    0    |    0    |    0    |
|          |      sext_ln110_fu_646     |    0    |    0    |    0    |
|          |      sext_ln68_fu_658      |    0    |    0    |    0    |
|----------|----------------------------|---------|---------|---------|
|          |    trunc_ln42_23_fu_474    |    0    |    0    |    0    |
|          |    trunc_ln42_24_fu_489    |    0    |    0    |    0    |
|          |    trunc_ln42_25_fu_509    |    0    |    0    |    0    |
|partselect|    trunc_ln42_26_fu_524    |    0    |    0    |    0    |
|          |       trunc_ln_fu_556      |    0    |    0    |    0    |
|          |     trunc_ln42_s_fu_571    |    0    |    0    |    0    |
|          |    trunc_ln42_21_fu_591    |    0    |    0    |    0    |
|          |    trunc_ln42_22_fu_606    |    0    |    0    |    0    |
|----------|----------------------------|---------|---------|---------|
|bitconcatenate|        shl_ln_fu_638       |    0    |    0    |    0    |
|          |     shl_ln111_5_fu_650     |    0    |    0    |    0    |
|----------|----------------------------|---------|---------|---------|
|insertvalue|         mrv_fu_662         |    0    |    0    |    0    |
|          |        mrv_1_fu_668        |    0    |    0    |    0    |
|----------|----------------------------|---------|---------|---------|
|   Total  |                            |    8    |    0    |   234   |
|----------|----------------------------|---------|---------|---------|

Memories:
N/A

* Register list:
+----------------------------+--------+
|                            |   FF   |
+----------------------------+--------+
|     add_ln58_17_reg_742    |   16   |
|     add_ln58_20_reg_747    |   16   |
|   data_0_val_read_reg_697  |   16   |
|   data_1_val_read_reg_692  |   16   |
|   data_2_val_read_reg_687  |   16   |
|   data_3_val_read_reg_682  |   16   |
|      idx2_read_reg_674     |    4   |
|query_weight3_addr_1_reg_727|    4   |
|query_weight3_addr_2_reg_732|    4   |
|query_weight3_addr_3_reg_737|    4   |
|query_weight3_addr_4_reg_702|    4   |
|query_weight3_addr_5_reg_707|    4   |
|query_weight3_addr_6_reg_712|    4   |
|query_weight3_addr_7_reg_717|    4   |
| query_weight3_addr_reg_722 |    4   |
+----------------------------+--------+
|            Total           |   132  |
+----------------------------+--------+

* Multiplexer (MUX) list: 
|------------------|------|------|------|--------||---------||---------|
|       Comp       |  Pin | Size |  BW  | S x BW ||  Delay  ||   LUT   |
|------------------|------|------|------|--------||---------||---------|
| grp_access_fu_95 |  p0  |   2  |   4  |    8   ||    9    |
| grp_access_fu_95 |  p2  |   2  |   0  |    0   ||    9    |
| grp_access_fu_95 |  p5  |   2  |  11  |   22   ||    9    |
| grp_access_fu_95 |  p8  |   2  |   4  |    8   ||    9    |
| grp_access_fu_95 |  p10 |   2  |   0  |    0   ||    9    |
| grp_access_fu_95 |  p13 |   2  |  11  |   22   ||    9    |
| grp_access_fu_95 |  p16 |   2  |   4  |    8   ||    9    |
| grp_access_fu_95 |  p18 |   2  |   0  |    0   ||    9    |
|------------------|------|------|------|--------||---------||---------|
|       Total      |      |      |      |   68   ||  3.096  ||    72   |
|------------------|------|------|------|--------||---------||---------|



* Summary:
+-----------+--------+--------+--------+--------+
|           |   DSP  |  Delay |   FF   |   LUT  |
+-----------+--------+--------+--------+--------+
|  Function |    8   |    -   |    0   |   234  |
|   Memory  |    -   |    -   |    -   |    -   |
|Multiplexer|    -   |    3   |    -   |   72   |
|  Register |    -   |    -   |   132  |    -   |
+-----------+--------+--------+--------+--------+
|   Total   |    8   |    3   |   132  |   306  |
+-----------+--------+--------+--------+--------+
