

================================================================
== Vitis HLS Report for 'dense_latency_ap_fixed_33_13_5_3_0_ap_fixed_33_13_5_3_0_config3_2_s'
================================================================
* Date:           Thu Nov 14 15:48:41 2024

* Version:        2023.2 (Build 4023990 on Oct 11 2023)
* Project:        myproject_prj
* Solution:       solution1 (Vivado IP Flow Target)
* Product family: virtexuplus
* Target device:  xcvu13p-flga2577-2-e


================================================================
== Performance Estimates
================================================================
+ Timing: 
    * Summary: 
    +--------+---------+----------+------------+
    |  Clock |  Target | Estimated| Uncertainty|
    +--------+---------+----------+------------+
    |ap_clk  |  5.00 ns|  3.930 ns|     0.62 ns|
    +--------+---------+----------+------------+

+ Latency: 
    * Summary: 
    +---------+---------+----------+----------+-----+-----+---------+
    |  Latency (cycles) |  Latency (absolute) |  Interval | Pipeline|
    |   min   |   max   |    min   |    max   | min | max |   Type  |
    +---------+---------+----------+----------+-----+-----+---------+
    |        1|        1|  5.000 ns|  5.000 ns|    1|    1|      yes|
    +---------+---------+----------+----------+-----+-----+---------+

    + Detail: 
        * Instance: 
        N/A

        * Loop: 
        N/A



================================================================
== Utilization Estimates
================================================================
* Summary: 
+---------------------+---------+-------+---------+---------+------+
|         Name        | BRAM_18K|  DSP  |    FF   |   LUT   | URAM |
+---------------------+---------+-------+---------+---------+------+
|DSP                  |        -|      -|        -|        -|     -|
|Expression           |        -|      -|        0|      349|     -|
|FIFO                 |        -|      -|        -|        -|     -|
|Instance             |        -|     26|        0|      273|     -|
|Memory               |        -|      -|        -|        -|     -|
|Multiplexer          |        -|      -|        -|       56|     -|
|Register             |        -|      -|      241|        -|     -|
+---------------------+---------+-------+---------+---------+------+
|Total                |        0|     26|      241|      678|     0|
+---------------------+---------+-------+---------+---------+------+
|Available SLR        |     1344|   3072|   864000|   432000|   320|
+---------------------+---------+-------+---------+---------+------+
|Utilization SLR (%)  |        0|     ~0|       ~0|       ~0|     0|
+---------------------+---------+-------+---------+---------+------+
|Available            |     5376|  12288|  3456000|  1728000|  1280|
+---------------------+---------+-------+---------+---------+------+
|Utilization (%)      |        0|     ~0|       ~0|       ~0|     0|
+---------------------+---------+-------+---------+---------+------+

+ Detail: 
    * Instance: 
    +---------------------------+---------------------+---------+----+---+----+-----+
    |          Instance         |        Module       | BRAM_18K| DSP| FF| LUT| URAM|
    +---------------------------+---------------------+---------+----+---+----+-----+
    |mul_33s_10ns_36_1_0_U4188  |mul_33s_10ns_36_1_0  |        0|   2|  0|  21|    0|
    |mul_33s_10ns_36_1_0_U4191  |mul_33s_10ns_36_1_0  |        0|   2|  0|  21|    0|
    |mul_33s_10s_36_1_0_U4185   |mul_33s_10s_36_1_0   |        0|   2|  0|  21|    0|
    |mul_33s_10s_36_1_0_U4189   |mul_33s_10s_36_1_0   |        0|   2|  0|  21|    0|
    |mul_33s_10s_36_1_0_U4193   |mul_33s_10s_36_1_0   |        0|   2|  0|  21|    0|
    |mul_33s_11ns_36_1_0_U4192  |mul_33s_11ns_36_1_0  |        0|   2|  0|  21|    0|
    |mul_33s_11s_36_1_0_U4186   |mul_33s_11s_36_1_0   |        0|   2|  0|  21|    0|
    |mul_33s_11s_36_1_0_U4187   |mul_33s_11s_36_1_0   |        0|   2|  0|  21|    0|
    |mul_33s_11s_36_1_0_U4190   |mul_33s_11s_36_1_0   |        0|   2|  0|  21|    0|
    |mul_33s_7ns_36_1_0_U4183   |mul_33s_7ns_36_1_0   |        0|   2|  0|  21|    0|
    |mul_33s_9ns_36_1_0_U4194   |mul_33s_9ns_36_1_0   |        0|   2|  0|  21|    0|
    |mul_33s_9s_36_1_0_U4182    |mul_33s_9s_36_1_0    |        0|   2|  0|  21|    0|
    |mul_33s_9s_36_1_0_U4184    |mul_33s_9s_36_1_0    |        0|   2|  0|  21|    0|
    +---------------------------+---------------------+---------+----+---+----+-----+
    |Total                      |                     |        0|  26|  0| 273|    0|
    +---------------------------+---------------------+---------+----+---+----+-----+

    * DSP: 
    N/A

    * Memory: 
    N/A

    * FIFO: 
    N/A

    * Expression: 
    +------------------------+----------+----+---+----+------------+------------+
    |      Variable Name     | Operation| DSP| FF| LUT| Bitwidth P0| Bitwidth P1|
    +------------------------+----------+----+---+----+------------+------------+
    |add_ln58_10_fu_1160_p2  |         +|   0|  0|  23|          16|          16|
    |add_ln58_1_fu_1136_p2   |         +|   0|  0|  23|          16|          16|
    |add_ln58_3_fu_1196_p2   |         +|   0|  0|  16|          16|          16|
    |add_ln58_4_fu_1148_p2   |         +|   0|  0|  23|          16|          16|
    |add_ln58_6_fu_1206_p2   |         +|   0|  0|  16|          16|          16|
    |add_ln58_7_fu_1154_p2   |         +|   0|  0|  23|          16|          16|
    |add_ln58_9_fu_1216_p2   |         +|   0|  0|  16|          16|          16|
    |add_ln58_fu_1130_p2     |         +|   0|  0|  16|          16|          16|
    |x_1_fu_1201_p2          |         +|   0|  0|  16|          16|          16|
    |x_2_fu_1211_p2          |         +|   0|  0|  16|          16|          16|
    |x_3_fu_1221_p2          |         +|   0|  0|  16|          16|          16|
    |x_fu_1142_p2            |         +|   0|  0|  16|          16|          16|
    |sub_ln73_1_fu_964_p2    |         -|   0|  0|  43|          36|          36|
    |sub_ln73_2_fu_1084_p2   |         -|   0|  0|  43|          36|          36|
    |sub_ln73_fu_1019_p2     |         -|   0|  0|  43|           1|          36|
    +------------------------+----------+----+---+----+------------+------------+
    |Total                   |          |   0|  0| 349|         265|         300|
    +------------------------+----------+----+---+----+------------+------------+

    * Multiplexer: 
    +-------------+----+-----------+-----+-----------+
    |     Name    | LUT| Input Size| Bits| Total Bits|
    +-------------+----+-----------+-----+-----------+
    |ap_return_0  |  14|          3|   33|         99|
    |ap_return_1  |  14|          3|   33|         99|
    |ap_return_2  |  14|          3|   33|         99|
    |ap_return_3  |  14|          3|   33|         99|
    +-------------+----+-----------+-----+-----------+
    |Total        |  56|         12|  132|        396|
    +-------------+----+-----------+-----+-----------+

    * Register: 
    +-----------------------+----+----+-----+-----------+
    |          Name         | FF | LUT| Bits| Const Bits|
    +-----------------------+----+----+-----+-----------+
    |add_ln58_10_reg_1334   |  16|   0|   16|          0|
    |add_ln58_4_reg_1324    |  16|   0|   16|          0|
    |add_ln58_7_reg_1329    |  16|   0|   16|          0|
    |ap_ce_reg              |   1|   0|    1|          0|
    |ap_return_0_int_reg    |  23|   0|   33|         10|
    |ap_return_1_int_reg    |  23|   0|   33|         10|
    |ap_return_2_int_reg    |  23|   0|   33|         10|
    |ap_return_3_int_reg    |  23|   0|   33|         10|
    |sext_ln42_reg_1297     |  36|   0|   36|          0|
    |trunc_ln42_5_reg_1304  |  16|   0|   16|          0|
    |trunc_ln42_6_reg_1309  |  16|   0|   16|          0|
    |trunc_ln42_7_reg_1314  |  16|   0|   16|          0|
    |x_reg_1319             |  16|   0|   16|          0|
    +-----------------------+----+----+-----+-----------+
    |Total                  | 241|   0|  281|         40|
    +-----------------------+----+----+-----+-----------+



================================================================
== Interface
================================================================
* Summary: 
+-------------+-----+-----+------------+--------------------------------------------------------------------------------+--------------+
|  RTL Ports  | Dir | Bits|  Protocol  |                                  Source Object                                 |    C Type    |
+-------------+-----+-----+------------+--------------------------------------------------------------------------------+--------------+
|ap_clk       |   in|    1|  ap_ctrl_hs|  dense_latency<ap_fixed<33, 13, 5, 3, 0>, ap_fixed<33, 13, 5, 3, 0>, config3_2>|  return value|
|ap_rst       |   in|    1|  ap_ctrl_hs|  dense_latency<ap_fixed<33, 13, 5, 3, 0>, ap_fixed<33, 13, 5, 3, 0>, config3_2>|  return value|
|ap_return_0  |  out|   33|  ap_ctrl_hs|  dense_latency<ap_fixed<33, 13, 5, 3, 0>, ap_fixed<33, 13, 5, 3, 0>, config3_2>|  return value|
|ap_return_1  |  out|   33|  ap_ctrl_hs|  dense_latency<ap_fixed<33, 13, 5, 3, 0>, ap_fixed<33, 13, 5, 3, 0>, config3_2>|  return value|
|ap_return_2  |  out|   33|  ap_ctrl_hs|  dense_latency<ap_fixed<33, 13, 5, 3, 0>, ap_fixed<33, 13, 5, 3, 0>, config3_2>|  return value|
|ap_return_3  |  out|   33|  ap_ctrl_hs|  dense_latency<ap_fixed<33, 13, 5, 3, 0>, ap_fixed<33, 13, 5, 3, 0>, config3_2>|  return value|
|ap_ce        |   in|    1|  ap_ctrl_hs|  dense_latency<ap_fixed<33, 13, 5, 3, 0>, ap_fixed<33, 13, 5, 3, 0>, config3_2>|  return value|
|data_0_val   |   in|   33|     ap_none|                                                                      data_0_val|        scalar|
|data_1_val   |   in|   33|     ap_none|                                                                      data_1_val|        scalar|
|data_2_val   |   in|   33|     ap_none|                                                                      data_2_val|        scalar|
|data_3_val   |   in|   33|     ap_none|                                                                      data_3_val|        scalar|
+-------------+-----+-----+------------+--------------------------------------------------------------------------------+--------------+

============================================================
+ Verbose Summary: Synthesis Manager
============================================================
InlineROM: 1
ExposeGlobal: 0
============================================================
+ Verbose Summary: CDFG Model
============================================================
IsTopModel: 0
ResetActiveHigh: 1
IsCombinational: 2
IsDatapathOnly: 1
HasWiredReturn: 1
HasMFsm: 2
HasVarLatency: 0
IsPipeline: 1
IsRtlPipelined: 1
IsInstanceOverlapped: 1
IsDontTouch: 0
HasImplIP: 0
IsGatedGlobalClock: 0

+ Individual pipeline summary: 
  * Pipeline-0: initiation interval (II) = 1, depth = 2


============================================================
+ Verbose Summary: Schedule
============================================================
* Number of FSM states : 2
* Pipeline : 1
  Pipeline-0 : II = 1, D = 2, States = { 1 2 }
* Dataflow Pipeline: 0

* FSM state transitions: 
1 --> 2 
2 --> 

* FSM state operations: 

State 1 <SV = 0> <Delay = 3.93>
ST_1 : Operation 3 [1/1] (0.00ns)   --->   "%data_3_val_read = read i33 @_ssdm_op_Read.ap_auto.i33, i33 %data_3_val" [firmware/nnet_utils/nnet_dense_latency.h:42]   --->   Operation 3 'read' 'data_3_val_read' <Predicate = true> <Delay = 0.00>
ST_1 : Operation 4 [1/1] (0.00ns)   --->   "%data_2_val_read = read i33 @_ssdm_op_Read.ap_auto.i33, i33 %data_2_val" [firmware/nnet_utils/nnet_dense_latency.h:42]   --->   Operation 4 'read' 'data_2_val_read' <Predicate = true> <Delay = 0.00>
ST_1 : Operation 5 [1/1] (0.00ns)   --->   "%data_1_val_read = read i33 @_ssdm_op_Read.ap_auto.i33, i33 %data_1_val" [firmware/nnet_utils/nnet_dense_latency.h:42]   --->   Operation 5 'read' 'data_1_val_read' <Predicate = true> <Delay = 0.00>
ST_1 : Operation 6 [1/1] (0.00ns)   --->   "%data_0_val_read = read i33 @_ssdm_op_Read.ap_auto.i33, i33 %data_0_val" [firmware/nnet_utils/nnet_dense_latency.h:42]   --->   Operation 6 'read' 'data_0_val_read' <Predicate = true> <Delay = 0.00>
ST_1 : Operation 7 [1/1] (0.00ns)   --->   "%sext_ln42 = sext i33 %data_0_val_read" [firmware/nnet_utils/nnet_dense_latency.h:42]   --->   Operation 7 'sext' 'sext_ln42' <Predicate = true> <Delay = 0.00>
ST_1 : Operation 8 [1/1] (3.14ns)   --->   "%mul_ln42 = mul i36 %sext_ln42, i36 68719476148" [firmware/nnet_utils/nnet_dense_latency.h:42]   --->   Operation 8 'mul' 'mul_ln42' <Predicate = true> <Delay = 3.14> <CoreInst = "Multiplier">   --->   Core 3 'Multiplier' <Latency = 0> <II = 1> <Delay = 3.14> <FuncUnit> <Opcode : 'mul'> <InPorts = 2> <OutPorts = 1>
ST_1 : Operation 9 [1/1] (0.00ns)   --->   "%trunc_ln = partselect i16 @_ssdm_op_PartSelect.i16.i36.i32.i32, i36 %mul_ln42, i32 20, i32 35" [firmware/nnet_utils/nnet_dense_latency.h:42]   --->   Operation 9 'partselect' 'trunc_ln' <Predicate = true> <Delay = 0.00>
ST_1 : Operation 10 [1/1] (0.00ns)   --->   "%sext_ln70 = sext i33 %data_1_val_read" [firmware/nnet_utils/nnet_mult.h:70->firmware/nnet_utils/nnet_dense_latency.h:42]   --->   Operation 10 'sext' 'sext_ln70' <Predicate = true> <Delay = 0.00>
ST_1 : Operation 11 [1/1] (3.14ns)   --->   "%mul_ln42_4 = mul i36 %sext_ln70, i36 68719476452" [firmware/nnet_utils/nnet_dense_latency.h:42]   --->   Operation 11 'mul' 'mul_ln42_4' <Predicate = true> <Delay = 3.14> <CoreInst = "Multiplier">   --->   Core 3 'Multiplier' <Latency = 0> <II = 1> <Delay = 3.14> <FuncUnit> <Opcode : 'mul'> <InPorts = 2> <OutPorts = 1>
ST_1 : Operation 12 [1/1] (0.00ns)   --->   "%trunc_ln42_4 = partselect i16 @_ssdm_op_PartSelect.i16.i36.i32.i32, i36 %mul_ln42_4, i32 20, i32 35" [firmware/nnet_utils/nnet_dense_latency.h:42]   --->   Operation 12 'partselect' 'trunc_ln42_4' <Predicate = true> <Delay = 0.00>
ST_1 : Operation 13 [1/1] (0.00ns)   --->   "%trunc_ln73 = trunc i33 %data_1_val_read" [firmware/nnet_utils/nnet_mult.h:73->firmware/nnet_utils/nnet_dense_latency.h:42]   --->   Operation 13 'trunc' 'trunc_ln73' <Predicate = true> <Delay = 0.00>
ST_1 : Operation 14 [1/1] (0.00ns)   --->   "%p_shl1 = bitconcatenate i36 @_ssdm_op_BitConcatenate.i36.i28.i8, i28 %trunc_ln73, i8 0" [firmware/nnet_utils/nnet_mult.h:73->firmware/nnet_utils/nnet_dense_latency.h:42]   --->   Operation 14 'bitconcatenate' 'p_shl1' <Predicate = true> <Delay = 0.00>
ST_1 : Operation 15 [1/1] (0.92ns)   --->   "%sub_ln73_1 = sub i36 %sext_ln70, i36 %p_shl1" [firmware/nnet_utils/nnet_mult.h:73->firmware/nnet_utils/nnet_dense_latency.h:42]   --->   Operation 15 'sub' 'sub_ln73_1' <Predicate = true> <Delay = 0.92> <CoreInst = "Adder">   --->   Core 1 'Adder' <Latency = 0> <II = 1> <Delay = 0.92> <FuncUnit> <Opcode : 'add' 'sub'> <InPorts = 2> <OutPorts = 1>
ST_1 : Operation 16 [1/1] (0.00ns)   --->   "%trunc_ln42_5 = partselect i16 @_ssdm_op_PartSelect.i16.i36.i32.i32, i36 %sub_ln73_1, i32 20, i32 35" [firmware/nnet_utils/nnet_dense_latency.h:42]   --->   Operation 16 'partselect' 'trunc_ln42_5' <Predicate = true> <Delay = 0.00>
ST_1 : Operation 17 [1/1] (3.14ns)   --->   "%mul_ln42_5 = mul i36 %sext_ln70, i36 68719476040" [firmware/nnet_utils/nnet_dense_latency.h:42]   --->   Operation 17 'mul' 'mul_ln42_5' <Predicate = true> <Delay = 3.14> <CoreInst = "Multiplier">   --->   Core 3 'Multiplier' <Latency = 0> <II = 1> <Delay = 3.14> <FuncUnit> <Opcode : 'mul'> <InPorts = 2> <OutPorts = 1>
ST_1 : Operation 18 [1/1] (0.00ns)   --->   "%trunc_ln42_6 = partselect i16 @_ssdm_op_PartSelect.i16.i36.i32.i32, i36 %mul_ln42_5, i32 20, i32 35" [firmware/nnet_utils/nnet_dense_latency.h:42]   --->   Operation 18 'partselect' 'trunc_ln42_6' <Predicate = true> <Delay = 0.00>
ST_1 : Operation 19 [1/1] (3.14ns)   --->   "%mul_ln42_6 = mul i36 %sext_ln70, i36 68719476035" [firmware/nnet_utils/nnet_dense_latency.h:42]   --->   Operation 19 'mul' 'mul_ln42_6' <Predicate = true> <Delay = 3.14> <CoreInst = "Multiplier">   --->   Core 3 'Multiplier' <Latency = 0> <II = 1> <Delay = 3.14> <FuncUnit> <Opcode : 'mul'> <InPorts = 2> <OutPorts = 1>
ST_1 : Operation 20 [1/1] (0.00ns)   --->   "%trunc_ln42_7 = partselect i16 @_ssdm_op_PartSelect.i16.i36.i32.i32, i36 %mul_ln42_6, i32 20, i32 35" [firmware/nnet_utils/nnet_dense_latency.h:42]   --->   Operation 20 'partselect' 'trunc_ln42_7' <Predicate = true> <Delay = 0.00>
ST_1 : Operation 21 [1/1] (0.00ns)   --->   "%sext_ln42_1 = sext i33 %data_2_val_read" [firmware/nnet_utils/nnet_dense_latency.h:42]   --->   Operation 21 'sext' 'sext_ln42_1' <Predicate = true> <Delay = 0.00>
ST_1 : Operation 22 [1/1] (0.00ns)   --->   "%trunc_ln73_1 = trunc i33 %data_2_val_read" [firmware/nnet_utils/nnet_mult.h:73->firmware/nnet_utils/nnet_dense_latency.h:42]   --->   Operation 22 'trunc' 'trunc_ln73_1' <Predicate = true> <Delay = 0.00>
ST_1 : Operation 23 [1/1] (0.00ns)   --->   "%shl_ln = bitconcatenate i36 @_ssdm_op_BitConcatenate.i36.i29.i7, i29 %trunc_ln73_1, i7 0" [firmware/nnet_utils/nnet_mult.h:73->firmware/nnet_utils/nnet_dense_latency.h:42]   --->   Operation 23 'bitconcatenate' 'shl_ln' <Predicate = true> <Delay = 0.00>
ST_1 : Operation 24 [1/1] (0.92ns)   --->   "%sub_ln73 = sub i36 0, i36 %shl_ln" [firmware/nnet_utils/nnet_mult.h:73->firmware/nnet_utils/nnet_dense_latency.h:42]   --->   Operation 24 'sub' 'sub_ln73' <Predicate = true> <Delay = 0.92> <CoreInst = "Adder">   --->   Core 1 'Adder' <Latency = 0> <II = 1> <Delay = 0.92> <FuncUnit> <Opcode : 'add' 'sub'> <InPorts = 2> <OutPorts = 1>
ST_1 : Operation 25 [1/1] (0.00ns)   --->   "%trunc_ln42_8 = partselect i16 @_ssdm_op_PartSelect.i16.i36.i32.i32, i36 %sub_ln73, i32 20, i32 35" [firmware/nnet_utils/nnet_dense_latency.h:42]   --->   Operation 25 'partselect' 'trunc_ln42_8' <Predicate = true> <Delay = 0.00>
ST_1 : Operation 26 [1/1] (3.14ns)   --->   "%mul_ln42_7 = mul i36 %sext_ln42_1, i36 68719476490" [firmware/nnet_utils/nnet_dense_latency.h:42]   --->   Operation 26 'mul' 'mul_ln42_7' <Predicate = true> <Delay = 3.14> <CoreInst = "Multiplier">   --->   Core 3 'Multiplier' <Latency = 0> <II = 1> <Delay = 3.14> <FuncUnit> <Opcode : 'mul'> <InPorts = 2> <OutPorts = 1>
ST_1 : Operation 27 [1/1] (0.00ns)   --->   "%trunc_ln42_9 = partselect i16 @_ssdm_op_PartSelect.i16.i36.i32.i32, i36 %mul_ln42_7, i32 20, i32 35" [firmware/nnet_utils/nnet_dense_latency.h:42]   --->   Operation 27 'partselect' 'trunc_ln42_9' <Predicate = true> <Delay = 0.00>
ST_1 : Operation 28 [1/1] (3.14ns)   --->   "%mul_ln42_8 = mul i36 %sext_ln42_1, i36 550" [firmware/nnet_utils/nnet_dense_latency.h:42]   --->   Operation 28 'mul' 'mul_ln42_8' <Predicate = true> <Delay = 3.14> <CoreInst = "Multiplier">   --->   Core 3 'Multiplier' <Latency = 0> <II = 1> <Delay = 3.14> <FuncUnit> <Opcode : 'mul'> <InPorts = 2> <OutPorts = 1>
ST_1 : Operation 29 [1/1] (0.00ns)   --->   "%trunc_ln42_s = partselect i16 @_ssdm_op_PartSelect.i16.i36.i32.i32, i36 %mul_ln42_8, i32 20, i32 35" [firmware/nnet_utils/nnet_dense_latency.h:42]   --->   Operation 29 'partselect' 'trunc_ln42_s' <Predicate = true> <Delay = 0.00>
ST_1 : Operation 30 [1/1] (3.14ns)   --->   "%mul_ln42_9 = mul i36 %sext_ln42_1, i36 68719476357" [firmware/nnet_utils/nnet_dense_latency.h:42]   --->   Operation 30 'mul' 'mul_ln42_9' <Predicate = true> <Delay = 3.14> <CoreInst = "Multiplier">   --->   Core 3 'Multiplier' <Latency = 0> <II = 1> <Delay = 3.14> <FuncUnit> <Opcode : 'mul'> <InPorts = 2> <OutPorts = 1>
ST_1 : Operation 31 [1/1] (0.00ns)   --->   "%trunc_ln42_10 = partselect i16 @_ssdm_op_PartSelect.i16.i36.i32.i32, i36 %mul_ln42_9, i32 20, i32 35" [firmware/nnet_utils/nnet_dense_latency.h:42]   --->   Operation 31 'partselect' 'trunc_ln42_10' <Predicate = true> <Delay = 0.00>
ST_1 : Operation 32 [1/1] (0.00ns)   --->   "%sext_ln42_2 = sext i33 %data_3_val_read" [firmware/nnet_utils/nnet_dense_latency.h:42]   --->   Operation 32 'sext' 'sext_ln42_2' <Predicate = true> <Delay = 0.00>
ST_1 : Operation 33 [1/1] (0.00ns)   --->   "%trunc_ln73_2 = trunc i33 %data_3_val_read" [firmware/nnet_utils/nnet_mult.h:73->firmware/nnet_utils/nnet_dense_latency.h:42]   --->   Operation 33 'trunc' 'trunc_ln73_2' <Predicate = true> <Delay = 0.00>
ST_1 : Operation 34 [1/1] (0.00ns)   --->   "%p_shl = bitconcatenate i36 @_ssdm_op_BitConcatenate.i36.i30.i6, i30 %trunc_ln73_2, i6 0" [firmware/nnet_utils/nnet_mult.h:73->firmware/nnet_utils/nnet_dense_latency.h:42]   --->   Operation 34 'bitconcatenate' 'p_shl' <Predicate = true> <Delay = 0.00>
ST_1 : Operation 35 [1/1] (0.92ns)   --->   "%sub_ln73_2 = sub i36 %sext_ln42_2, i36 %p_shl" [firmware/nnet_utils/nnet_mult.h:73->firmware/nnet_utils/nnet_dense_latency.h:42]   --->   Operation 35 'sub' 'sub_ln73_2' <Predicate = true> <Delay = 0.92> <CoreInst = "Adder">   --->   Core 1 'Adder' <Latency = 0> <II = 1> <Delay = 0.92> <FuncUnit> <Opcode : 'add' 'sub'> <InPorts = 2> <OutPorts = 1>
ST_1 : Operation 36 [1/1] (0.00ns)   --->   "%trunc_ln42_11 = partselect i16 @_ssdm_op_PartSelect.i16.i36.i32.i32, i36 %sub_ln73_2, i32 20, i32 35" [firmware/nnet_utils/nnet_dense_latency.h:42]   --->   Operation 36 'partselect' 'trunc_ln42_11' <Predicate = true> <Delay = 0.00>
ST_1 : Operation 37 [1/1] (3.14ns)   --->   "%mul_ln42_10 = mul i36 %sext_ln42_2, i36 68719476456" [firmware/nnet_utils/nnet_dense_latency.h:42]   --->   Operation 37 'mul' 'mul_ln42_10' <Predicate = true> <Delay = 3.14> <CoreInst = "Multiplier">   --->   Core 3 'Multiplier' <Latency = 0> <II = 1> <Delay = 3.14> <FuncUnit> <Opcode : 'mul'> <InPorts = 2> <OutPorts = 1>
ST_1 : Operation 38 [1/1] (0.00ns)   --->   "%trunc_ln42_12 = partselect i16 @_ssdm_op_PartSelect.i16.i36.i32.i32, i36 %mul_ln42_10, i32 20, i32 35" [firmware/nnet_utils/nnet_dense_latency.h:42]   --->   Operation 38 'partselect' 'trunc_ln42_12' <Predicate = true> <Delay = 0.00>
ST_1 : Operation 39 [1/1] (3.14ns)   --->   "%mul_ln42_11 = mul i36 %sext_ln42_2, i36 243" [firmware/nnet_utils/nnet_dense_latency.h:42]   --->   Operation 39 'mul' 'mul_ln42_11' <Predicate = true> <Delay = 3.14> <CoreInst = "Multiplier">   --->   Core 3 'Multiplier' <Latency = 0> <II = 1> <Delay = 3.14> <FuncUnit> <Opcode : 'mul'> <InPorts = 2> <OutPorts = 1>
ST_1 : Operation 40 [1/1] (0.00ns)   --->   "%trunc_ln42_13 = partselect i16 @_ssdm_op_PartSelect.i16.i36.i32.i32, i36 %mul_ln42_11, i32 20, i32 35" [firmware/nnet_utils/nnet_dense_latency.h:42]   --->   Operation 40 'partselect' 'trunc_ln42_13' <Predicate = true> <Delay = 0.00>
ST_1 : Operation 41 [1/1] (3.14ns)   --->   "%mul_ln42_12 = mul i36 %sext_ln42_2, i36 68719476595" [firmware/nnet_utils/nnet_dense_latency.h:42]   --->   Operation 41 'mul' 'mul_ln42_12' <Predicate = true> <Delay = 3.14> <CoreInst = "Multiplier">   --->   Core 3 'Multiplier' <Latency = 0> <II = 1> <Delay = 3.14> <FuncUnit> <Opcode : 'mul'> <InPorts = 2> <OutPorts = 1>
ST_1 : Operation 42 [1/1] (0.00ns)   --->   "%trunc_ln42_14 = partselect i16 @_ssdm_op_PartSelect.i16.i36.i32.i32, i36 %mul_ln42_12, i32 20, i32 35" [firmware/nnet_utils/nnet_dense_latency.h:42]   --->   Operation 42 'partselect' 'trunc_ln42_14' <Predicate = true> <Delay = 0.00>
ST_1 : Operation 43 [1/1] (0.00ns) (grouped into TernaryAdder)   --->   "%add_ln58 = add i16 %trunc_ln42_4, i16 %trunc_ln" [firmware/nnet_utils/nnet_dense_latency.h:58]   --->   Operation 43 'add' 'add_ln58' <Predicate = true> <Delay = 0.00> <CoreInst = "TAddSub">   --->   Core 10 'TAddSub' <Latency = 0> <II = 1> <Delay = 0.33> <IPBlock> <Opcode : '' 'add' 'sub'> <InPorts = 3> <OutPorts = 1> <Sync> <CReg>
ST_1 : Operation 44 [1/1] (0.78ns)   --->   "%add_ln58_1 = add i16 %trunc_ln42_8, i16 %trunc_ln42_11" [firmware/nnet_utils/nnet_dense_latency.h:58]   --->   Operation 44 'add' 'add_ln58_1' <Predicate = true> <Delay = 0.78> <CoreInst = "Adder">   --->   Core 1 'Adder' <Latency = 0> <II = 1> <Delay = 0.78> <FuncUnit> <Opcode : 'add' 'sub'> <InPorts = 2> <OutPorts = 1>
ST_1 : Operation 45 [1/1] (0.67ns) (root node of TernaryAdder)   --->   "%x = add i16 %add_ln58_1, i16 %add_ln58" [firmware/nnet_utils/nnet_dense_latency.h:58]   --->   Operation 45 'add' 'x' <Predicate = true> <Delay = 0.67> <CoreInst = "TAddSub">   --->   Core 10 'TAddSub' <Latency = 0> <II = 1> <Delay = 0.33> <IPBlock> <Opcode : '' 'add' 'sub'> <InPorts = 3> <OutPorts = 1> <Sync> <CReg>
ST_1 : Operation 46 [1/1] (0.78ns)   --->   "%add_ln58_4 = add i16 %trunc_ln42_9, i16 %trunc_ln42_12" [firmware/nnet_utils/nnet_dense_latency.h:58]   --->   Operation 46 'add' 'add_ln58_4' <Predicate = true> <Delay = 0.78> <CoreInst = "Adder">   --->   Core 1 'Adder' <Latency = 0> <II = 1> <Delay = 0.78> <FuncUnit> <Opcode : 'add' 'sub'> <InPorts = 2> <OutPorts = 1>
ST_1 : Operation 47 [1/1] (0.78ns)   --->   "%add_ln58_7 = add i16 %trunc_ln42_s, i16 %trunc_ln42_13" [firmware/nnet_utils/nnet_dense_latency.h:58]   --->   Operation 47 'add' 'add_ln58_7' <Predicate = true> <Delay = 0.78> <CoreInst = "Adder">   --->   Core 1 'Adder' <Latency = 0> <II = 1> <Delay = 0.78> <FuncUnit> <Opcode : 'add' 'sub'> <InPorts = 2> <OutPorts = 1>
ST_1 : Operation 48 [1/1] (0.78ns)   --->   "%add_ln58_10 = add i16 %trunc_ln42_10, i16 %trunc_ln42_14" [firmware/nnet_utils/nnet_dense_latency.h:58]   --->   Operation 48 'add' 'add_ln58_10' <Predicate = true> <Delay = 0.78> <CoreInst = "Adder">   --->   Core 1 'Adder' <Latency = 0> <II = 1> <Delay = 0.78> <FuncUnit> <Opcode : 'add' 'sub'> <InPorts = 2> <OutPorts = 1>

State 2 <SV = 1> <Delay = 3.82>
ST_2 : Operation 49 [1/1] (0.00ns)   --->   "%specpipeline_ln33 = specpipeline void @_ssdm_op_SpecPipeline, i32 1, i32 0, i32 0, i32 0, void @empty_1" [firmware/nnet_utils/nnet_dense_latency.h:33]   --->   Operation 49 'specpipeline' 'specpipeline_ln33' <Predicate = true> <Delay = 0.00>
ST_2 : Operation 50 [1/1] (0.00ns)   --->   "%specresourcelimit_ln33 = specresourcelimit void @_ssdm_op_SpecResourceLimit, i64 16, void @empty, void @empty_1, void @empty_1, void @empty_1" [firmware/nnet_utils/nnet_dense_latency.h:33]   --->   Operation 50 'specresourcelimit' 'specresourcelimit_ln33' <Predicate = true> <Delay = 0.00>
ST_2 : Operation 51 [1/1] (3.14ns)   --->   "%mul_ln42_1 = mul i36 %sext_ln42, i36 475" [firmware/nnet_utils/nnet_dense_latency.h:42]   --->   Operation 51 'mul' 'mul_ln42_1' <Predicate = true> <Delay = 3.14> <CoreInst = "Multiplier">   --->   Core 3 'Multiplier' <Latency = 0> <II = 1> <Delay = 3.14> <FuncUnit> <Opcode : 'mul'> <InPorts = 2> <OutPorts = 1>
ST_2 : Operation 52 [1/1] (0.00ns)   --->   "%trunc_ln42_1 = partselect i16 @_ssdm_op_PartSelect.i16.i36.i32.i32, i36 %mul_ln42_1, i32 20, i32 35" [firmware/nnet_utils/nnet_dense_latency.h:42]   --->   Operation 52 'partselect' 'trunc_ln42_1' <Predicate = true> <Delay = 0.00>
ST_2 : Operation 53 [1/1] (3.14ns)   --->   "%mul_ln42_2 = mul i36 %sext_ln42, i36 35" [firmware/nnet_utils/nnet_dense_latency.h:42]   --->   Operation 53 'mul' 'mul_ln42_2' <Predicate = true> <Delay = 3.14> <CoreInst = "Multiplier">   --->   Core 3 'Multiplier' <Latency = 0> <II = 1> <Delay = 3.14> <FuncUnit> <Opcode : 'mul'> <InPorts = 2> <OutPorts = 1>
ST_2 : Operation 54 [1/1] (0.00ns)   --->   "%trunc_ln42_2 = partselect i16 @_ssdm_op_PartSelect.i16.i36.i32.i32, i36 %mul_ln42_2, i32 20, i32 35" [firmware/nnet_utils/nnet_dense_latency.h:42]   --->   Operation 54 'partselect' 'trunc_ln42_2' <Predicate = true> <Delay = 0.00>
ST_2 : Operation 55 [1/1] (3.14ns)   --->   "%mul_ln42_3 = mul i36 %sext_ln42, i36 505" [firmware/nnet_utils/nnet_dense_latency.h:42]   --->   Operation 55 'mul' 'mul_ln42_3' <Predicate = true> <Delay = 3.14> <CoreInst = "Multiplier">   --->   Core 3 'Multiplier' <Latency = 0> <II = 1> <Delay = 3.14> <FuncUnit> <Opcode : 'mul'> <InPorts = 2> <OutPorts = 1>
ST_2 : Operation 56 [1/1] (0.00ns)   --->   "%trunc_ln42_3 = partselect i16 @_ssdm_op_PartSelect.i16.i36.i32.i32, i36 %mul_ln42_3, i32 20, i32 35" [firmware/nnet_utils/nnet_dense_latency.h:42]   --->   Operation 56 'partselect' 'trunc_ln42_3' <Predicate = true> <Delay = 0.00>
ST_2 : Operation 57 [1/1] (0.00ns) (grouped into TernaryAdder)   --->   "%add_ln58_3 = add i16 %trunc_ln42_5, i16 %trunc_ln42_1" [firmware/nnet_utils/nnet_dense_latency.h:58]   --->   Operation 57 'add' 'add_ln58_3' <Predicate = true> <Delay = 0.00> <CoreInst = "TAddSub">   --->   Core 10 'TAddSub' <Latency = 0> <II = 1> <Delay = 0.33> <IPBlock> <Opcode : '' 'add' 'sub'> <InPorts = 3> <OutPorts = 1> <Sync> <CReg>
ST_2 : Operation 58 [1/1] (0.67ns) (root node of TernaryAdder)   --->   "%x_1 = add i16 %add_ln58_4, i16 %add_ln58_3" [firmware/nnet_utils/nnet_dense_latency.h:58]   --->   Operation 58 'add' 'x_1' <Predicate = true> <Delay = 0.67> <CoreInst = "TAddSub">   --->   Core 10 'TAddSub' <Latency = 0> <II = 1> <Delay = 0.33> <IPBlock> <Opcode : '' 'add' 'sub'> <InPorts = 3> <OutPorts = 1> <Sync> <CReg>
ST_2 : Operation 59 [1/1] (0.00ns) (grouped into TernaryAdder)   --->   "%add_ln58_6 = add i16 %trunc_ln42_6, i16 %trunc_ln42_2" [firmware/nnet_utils/nnet_dense_latency.h:58]   --->   Operation 59 'add' 'add_ln58_6' <Predicate = true> <Delay = 0.00> <CoreInst = "TAddSub">   --->   Core 10 'TAddSub' <Latency = 0> <II = 1> <Delay = 0.33> <IPBlock> <Opcode : '' 'add' 'sub'> <InPorts = 3> <OutPorts = 1> <Sync> <CReg>
ST_2 : Operation 60 [1/1] (0.67ns) (root node of TernaryAdder)   --->   "%x_2 = add i16 %add_ln58_7, i16 %add_ln58_6" [firmware/nnet_utils/nnet_dense_latency.h:58]   --->   Operation 60 'add' 'x_2' <Predicate = true> <Delay = 0.67> <CoreInst = "TAddSub">   --->   Core 10 'TAddSub' <Latency = 0> <II = 1> <Delay = 0.33> <IPBlock> <Opcode : '' 'add' 'sub'> <InPorts = 3> <OutPorts = 1> <Sync> <CReg>
ST_2 : Operation 61 [1/1] (0.00ns) (grouped into TernaryAdder)   --->   "%add_ln58_9 = add i16 %trunc_ln42_7, i16 %trunc_ln42_3" [firmware/nnet_utils/nnet_dense_latency.h:58]   --->   Operation 61 'add' 'add_ln58_9' <Predicate = true> <Delay = 0.00> <CoreInst = "TAddSub">   --->   Core 10 'TAddSub' <Latency = 0> <II = 1> <Delay = 0.33> <IPBlock> <Opcode : '' 'add' 'sub'> <InPorts = 3> <OutPorts = 1> <Sync> <CReg>
ST_2 : Operation 62 [1/1] (0.67ns) (root node of TernaryAdder)   --->   "%x_3 = add i16 %add_ln58_10, i16 %add_ln58_9" [firmware/nnet_utils/nnet_dense_latency.h:58]   --->   Operation 62 'add' 'x_3' <Predicate = true> <Delay = 0.67> <CoreInst = "TAddSub">   --->   Core 10 'TAddSub' <Latency = 0> <II = 1> <Delay = 0.33> <IPBlock> <Opcode : '' 'add' 'sub'> <InPorts = 3> <OutPorts = 1> <Sync> <CReg>
ST_2 : Operation 63 [1/1] (0.00ns)   --->   "%shl_ln1 = bitconcatenate i26 @_ssdm_op_BitConcatenate.i26.i16.i10, i16 %x, i10 0" [firmware/nnet_utils/nnet_mult.h:111->firmware/nnet_utils/nnet_dense_latency.h:66]   --->   Operation 63 'bitconcatenate' 'shl_ln1' <Predicate = true> <Delay = 0.00>
ST_2 : Operation 64 [1/1] (0.00ns)   --->   "%sext_ln110 = sext i26 %shl_ln1" [firmware/nnet_utils/nnet_mult.h:110->firmware/nnet_utils/nnet_dense_latency.h:66]   --->   Operation 64 'sext' 'sext_ln110' <Predicate = true> <Delay = 0.00>
ST_2 : Operation 65 [1/1] (0.00ns)   --->   "%shl_ln111_1 = bitconcatenate i26 @_ssdm_op_BitConcatenate.i26.i16.i10, i16 %x_1, i10 0" [firmware/nnet_utils/nnet_mult.h:111->firmware/nnet_utils/nnet_dense_latency.h:66]   --->   Operation 65 'bitconcatenate' 'shl_ln111_1' <Predicate = true> <Delay = 0.00>
ST_2 : Operation 66 [1/1] (0.00ns)   --->   "%sext_ln110_1 = sext i26 %shl_ln111_1" [firmware/nnet_utils/nnet_mult.h:110->firmware/nnet_utils/nnet_dense_latency.h:66]   --->   Operation 66 'sext' 'sext_ln110_1' <Predicate = true> <Delay = 0.00>
ST_2 : Operation 67 [1/1] (0.00ns)   --->   "%shl_ln111_2 = bitconcatenate i26 @_ssdm_op_BitConcatenate.i26.i16.i10, i16 %x_2, i10 0" [firmware/nnet_utils/nnet_mult.h:111->firmware/nnet_utils/nnet_dense_latency.h:66]   --->   Operation 67 'bitconcatenate' 'shl_ln111_2' <Predicate = true> <Delay = 0.00>
ST_2 : Operation 68 [1/1] (0.00ns)   --->   "%sext_ln110_2 = sext i26 %shl_ln111_2" [firmware/nnet_utils/nnet_mult.h:110->firmware/nnet_utils/nnet_dense_latency.h:66]   --->   Operation 68 'sext' 'sext_ln110_2' <Predicate = true> <Delay = 0.00>
ST_2 : Operation 69 [1/1] (0.00ns)   --->   "%shl_ln111_3 = bitconcatenate i26 @_ssdm_op_BitConcatenate.i26.i16.i10, i16 %x_3, i10 0" [firmware/nnet_utils/nnet_mult.h:111->firmware/nnet_utils/nnet_dense_latency.h:66]   --->   Operation 69 'bitconcatenate' 'shl_ln111_3' <Predicate = true> <Delay = 0.00>
ST_2 : Operation 70 [1/1] (0.00ns)   --->   "%sext_ln68 = sext i26 %shl_ln111_3" [firmware/nnet_utils/nnet_dense_latency.h:68]   --->   Operation 70 'sext' 'sext_ln68' <Predicate = true> <Delay = 0.00>
ST_2 : Operation 71 [1/1] (0.00ns)   --->   "%mrv = insertvalue i132 <undef>, i33 %sext_ln110" [firmware/nnet_utils/nnet_dense_latency.h:68]   --->   Operation 71 'insertvalue' 'mrv' <Predicate = true> <Delay = 0.00>
ST_2 : Operation 72 [1/1] (0.00ns)   --->   "%mrv_1 = insertvalue i132 %mrv, i33 %sext_ln110_1" [firmware/nnet_utils/nnet_dense_latency.h:68]   --->   Operation 72 'insertvalue' 'mrv_1' <Predicate = true> <Delay = 0.00>
ST_2 : Operation 73 [1/1] (0.00ns)   --->   "%mrv_2 = insertvalue i132 %mrv_1, i33 %sext_ln110_2" [firmware/nnet_utils/nnet_dense_latency.h:68]   --->   Operation 73 'insertvalue' 'mrv_2' <Predicate = true> <Delay = 0.00>
ST_2 : Operation 74 [1/1] (0.00ns)   --->   "%mrv_3 = insertvalue i132 %mrv_2, i33 %sext_ln68" [firmware/nnet_utils/nnet_dense_latency.h:68]   --->   Operation 74 'insertvalue' 'mrv_3' <Predicate = true> <Delay = 0.00>
ST_2 : Operation 75 [1/1] (0.00ns)   --->   "%ret_ln68 = ret i132 %mrv_3" [firmware/nnet_utils/nnet_dense_latency.h:68]   --->   Operation 75 'ret' 'ret_ln68' <Predicate = true> <Delay = 0.00>


============================================================
+ Verbose Summary: Binding
============================================================
STG Binding: 
---------------- STG Properties BEGIN ----------------
- Is combinational: 0
- Is one-state seq: 0
- Is datapath-only: 1
- Is pipelined: 1
- Is top level: 0
Port [ Return ] is wired: 1; IO mode=ap_ctrl_hs:ce=0
Port [ data_0_val]:  wired=1; compound=0; hidden=0; nouse=0; global=0; static=0; extern=0; dir=0; type=0; pingpong=0; private_global=0; IO mode=ap_none:ce=0
Port [ data_1_val]:  wired=1; compound=0; hidden=0; nouse=0; global=0; static=0; extern=0; dir=0; type=0; pingpong=0; private_global=0; IO mode=ap_none:ce=0
Port [ data_2_val]:  wired=1; compound=0; hidden=0; nouse=0; global=0; static=0; extern=0; dir=0; type=0; pingpong=0; private_global=0; IO mode=ap_none:ce=0
Port [ data_3_val]:  wired=1; compound=0; hidden=0; nouse=0; global=0; static=0; extern=0; dir=0; type=0; pingpong=0; private_global=0; IO mode=ap_none:ce=0
---------------- STG Properties END ------------------

---------------- Datapath Model BEGIN ----------------

<LifeTime>
<method=bitvector/>
data_3_val_read        (read             ) [ 000]
data_2_val_read        (read             ) [ 000]
data_1_val_read        (read             ) [ 000]
data_0_val_read        (read             ) [ 000]
sext_ln42              (sext             ) [ 011]
mul_ln42               (mul              ) [ 000]
trunc_ln               (partselect       ) [ 000]
sext_ln70              (sext             ) [ 000]
mul_ln42_4             (mul              ) [ 000]
trunc_ln42_4           (partselect       ) [ 000]
trunc_ln73             (trunc            ) [ 000]
p_shl1                 (bitconcatenate   ) [ 000]
sub_ln73_1             (sub              ) [ 000]
trunc_ln42_5           (partselect       ) [ 011]
mul_ln42_5             (mul              ) [ 000]
trunc_ln42_6           (partselect       ) [ 011]
mul_ln42_6             (mul              ) [ 000]
trunc_ln42_7           (partselect       ) [ 011]
sext_ln42_1            (sext             ) [ 000]
trunc_ln73_1           (trunc            ) [ 000]
shl_ln                 (bitconcatenate   ) [ 000]
sub_ln73               (sub              ) [ 000]
trunc_ln42_8           (partselect       ) [ 000]
mul_ln42_7             (mul              ) [ 000]
trunc_ln42_9           (partselect       ) [ 000]
mul_ln42_8             (mul              ) [ 000]
trunc_ln42_s           (partselect       ) [ 000]
mul_ln42_9             (mul              ) [ 000]
trunc_ln42_10          (partselect       ) [ 000]
sext_ln42_2            (sext             ) [ 000]
trunc_ln73_2           (trunc            ) [ 000]
p_shl                  (bitconcatenate   ) [ 000]
sub_ln73_2             (sub              ) [ 000]
trunc_ln42_11          (partselect       ) [ 000]
mul_ln42_10            (mul              ) [ 000]
trunc_ln42_12          (partselect       ) [ 000]
mul_ln42_11            (mul              ) [ 000]
trunc_ln42_13          (partselect       ) [ 000]
mul_ln42_12            (mul              ) [ 000]
trunc_ln42_14          (partselect       ) [ 000]
add_ln58               (add              ) [ 000]
add_ln58_1             (add              ) [ 000]
x                      (add              ) [ 011]
add_ln58_4             (add              ) [ 011]
add_ln58_7             (add              ) [ 011]
add_ln58_10            (add              ) [ 011]
specpipeline_ln33      (specpipeline     ) [ 000]
specresourcelimit_ln33 (specresourcelimit) [ 000]
mul_ln42_1             (mul              ) [ 000]
trunc_ln42_1           (partselect       ) [ 000]
mul_ln42_2             (mul              ) [ 000]
trunc_ln42_2           (partselect       ) [ 000]
mul_ln42_3             (mul              ) [ 000]
trunc_ln42_3           (partselect       ) [ 000]
add_ln58_3             (add              ) [ 000]
x_1                    (add              ) [ 000]
add_ln58_6             (add              ) [ 000]
x_2                    (add              ) [ 000]
add_ln58_9             (add              ) [ 000]
x_3                    (add              ) [ 000]
shl_ln1                (bitconcatenate   ) [ 000]
sext_ln110             (sext             ) [ 000]
shl_ln111_1            (bitconcatenate   ) [ 000]
sext_ln110_1           (sext             ) [ 000]
shl_ln111_2            (bitconcatenate   ) [ 000]
sext_ln110_2           (sext             ) [ 000]
shl_ln111_3            (bitconcatenate   ) [ 000]
sext_ln68              (sext             ) [ 000]
mrv                    (insertvalue      ) [ 000]
mrv_1                  (insertvalue      ) [ 000]
mrv_2                  (insertvalue      ) [ 000]
mrv_3                  (insertvalue      ) [ 000]
ret_ln68               (ret              ) [ 000]
</LifeTime>

<model>

<comp_list>
<comp id="0" class="1000" name="data_0_val">
<pin_list>
<pin id="1" dir="1" index="0" bw="1" slack="0"/>
</pin_list>
<bind>
<StgValue><ssdm name="data_0_val"/></StgValue>
</bind>
</comp>

<comp id="2" class="1000" name="data_1_val">
<pin_list>
<pin id="3" dir="1" index="0" bw="1" slack="0"/>
</pin_list>
<bind>
<StgValue><ssdm name="data_1_val"/></StgValue>
</bind>
</comp>

<comp id="4" class="1000" name="data_2_val">
<pin_list>
<pin id="5" dir="1" index="0" bw="1" slack="0"/>
</pin_list>
<bind>
<StgValue><ssdm name="data_2_val"/></StgValue>
</bind>
</comp>

<comp id="6" class="1000" name="data_3_val">
<pin_list>
<pin id="7" dir="1" index="0" bw="1" slack="0"/>
</pin_list>
<bind>
<StgValue><ssdm name="data_3_val"/></StgValue>
</bind>
</comp>

<comp id="8" class="1001" name="const_8">
<pin_list>
<pin id="9" dir="1" index="0" bw="1" slack="0"/>
</pin_list>
<bind>
<StgValue><ssdm name="_ssdm_op_Read.ap_auto.i33"/></StgValue>
</bind>
</comp>

<comp id="10" class="1001" name="const_10">
<pin_list>
<pin id="11" dir="1" index="0" bw="1" slack="0"/>
</pin_list>
<bind>
<StgValue><ssdm name=""/></StgValue>
</bind>
</comp>

<comp id="12" class="1001" name="const_12">
<pin_list>
<pin id="13" dir="1" index="0" bw="1" slack="0"/>
</pin_list>
<bind>
<StgValue><ssdm name="_ssdm_op_PartSelect.i16.i36.i32.i32"/></StgValue>
</bind>
</comp>

<comp id="14" class="1001" name="const_14">
<pin_list>
<pin id="15" dir="1" index="0" bw="1" slack="0"/>
</pin_list>
<bind>
<StgValue><ssdm name=""/></StgValue>
</bind>
</comp>

<comp id="16" class="1001" name="const_16">
<pin_list>
<pin id="17" dir="1" index="0" bw="1" slack="0"/>
</pin_list>
<bind>
<StgValue><ssdm name=""/></StgValue>
</bind>
</comp>

<comp id="18" class="1001" name="const_18">
<pin_list>
<pin id="19" dir="1" index="0" bw="1" slack="0"/>
</pin_list>
<bind>
<StgValue><ssdm name=""/></StgValue>
</bind>
</comp>

<comp id="20" class="1001" name="const_20">
<pin_list>
<pin id="21" dir="1" index="0" bw="1" slack="0"/>
</pin_list>
<bind>
<StgValue><ssdm name="_ssdm_op_BitConcatenate.i36.i28.i8"/></StgValue>
</bind>
</comp>

<comp id="22" class="1001" name="const_22">
<pin_list>
<pin id="23" dir="1" index="0" bw="1" slack="0"/>
</pin_list>
<bind>
<StgValue><ssdm name=""/></StgValue>
</bind>
</comp>

<comp id="24" class="1001" name="const_24">
<pin_list>
<pin id="25" dir="1" index="0" bw="1" slack="0"/>
</pin_list>
<bind>
<StgValue><ssdm name=""/></StgValue>
</bind>
</comp>

<comp id="26" class="1001" name="const_26">
<pin_list>
<pin id="27" dir="1" index="0" bw="1" slack="0"/>
</pin_list>
<bind>
<StgValue><ssdm name=""/></StgValue>
</bind>
</comp>

<comp id="28" class="1001" name="const_28">
<pin_list>
<pin id="29" dir="1" index="0" bw="1" slack="0"/>
</pin_list>
<bind>
<StgValue><ssdm name="_ssdm_op_BitConcatenate.i36.i29.i7"/></StgValue>
</bind>
</comp>

<comp id="30" class="1001" name="const_30">
<pin_list>
<pin id="31" dir="1" index="0" bw="1" slack="0"/>
</pin_list>
<bind>
<StgValue><ssdm name=""/></StgValue>
</bind>
</comp>

<comp id="32" class="1001" name="const_32">
<pin_list>
<pin id="33" dir="1" index="0" bw="1" slack="0"/>
</pin_list>
<bind>
<StgValue><ssdm name=""/></StgValue>
</bind>
</comp>

<comp id="34" class="1001" name="const_34">
<pin_list>
<pin id="35" dir="1" index="0" bw="1" slack="0"/>
</pin_list>
<bind>
<StgValue><ssdm name=""/></StgValue>
</bind>
</comp>

<comp id="36" class="1001" name="const_36">
<pin_list>
<pin id="37" dir="1" index="0" bw="1" slack="0"/>
</pin_list>
<bind>
<StgValue><ssdm name=""/></StgValue>
</bind>
</comp>

<comp id="38" class="1001" name="const_38">
<pin_list>
<pin id="39" dir="1" index="0" bw="1" slack="0"/>
</pin_list>
<bind>
<StgValue><ssdm name=""/></StgValue>
</bind>
</comp>

<comp id="40" class="1001" name="const_40">
<pin_list>
<pin id="41" dir="1" index="0" bw="1" slack="0"/>
</pin_list>
<bind>
<StgValue><ssdm name="_ssdm_op_BitConcatenate.i36.i30.i6"/></StgValue>
</bind>
</comp>

<comp id="42" class="1001" name="const_42">
<pin_list>
<pin id="43" dir="1" index="0" bw="1" slack="0"/>
</pin_list>
<bind>
<StgValue><ssdm name=""/></StgValue>
</bind>
</comp>

<comp id="44" class="1001" name="const_44">
<pin_list>
<pin id="45" dir="1" index="0" bw="1" slack="0"/>
</pin_list>
<bind>
<StgValue><ssdm name=""/></StgValue>
</bind>
</comp>

<comp id="46" class="1001" name="const_46">
<pin_list>
<pin id="47" dir="1" index="0" bw="1" slack="0"/>
</pin_list>
<bind>
<StgValue><ssdm name=""/></StgValue>
</bind>
</comp>

<comp id="48" class="1001" name="const_48">
<pin_list>
<pin id="49" dir="1" index="0" bw="1" slack="0"/>
</pin_list>
<bind>
<StgValue><ssdm name=""/></StgValue>
</bind>
</comp>

<comp id="50" class="1001" name="const_50">
<pin_list>
<pin id="51" dir="1" index="0" bw="1" slack="2147483647"/>
</pin_list>
<bind>
<StgValue><ssdm name="_ssdm_op_SpecPipeline"/></StgValue>
</bind>
</comp>

<comp id="52" class="1001" name="const_52">
<pin_list>
<pin id="53" dir="1" index="0" bw="1" slack="2147483647"/>
</pin_list>
<bind>
<StgValue><ssdm name=""/></StgValue>
</bind>
</comp>

<comp id="54" class="1001" name="const_54">
<pin_list>
<pin id="55" dir="1" index="0" bw="1" slack="2147483647"/>
</pin_list>
<bind>
<StgValue><ssdm name=""/></StgValue>
</bind>
</comp>

<comp id="56" class="1001" name="const_56">
<pin_list>
<pin id="57" dir="1" index="0" bw="1" slack="2147483647"/>
</pin_list>
<bind>
<StgValue><ssdm name="empty_1"/></StgValue>
</bind>
</comp>

<comp id="58" class="1001" name="const_58">
<pin_list>
<pin id="59" dir="1" index="0" bw="1" slack="2147483647"/>
</pin_list>
<bind>
<StgValue><ssdm name="_ssdm_op_SpecResourceLimit"/></StgValue>
</bind>
</comp>

<comp id="60" class="1001" name="const_60">
<pin_list>
<pin id="61" dir="1" index="0" bw="1" slack="2147483647"/>
</pin_list>
<bind>
<StgValue><ssdm name=""/></StgValue>
</bind>
</comp>

<comp id="62" class="1001" name="const_62">
<pin_list>
<pin id="63" dir="1" index="0" bw="1" slack="2147483647"/>
</pin_list>
<bind>
<StgValue><ssdm name="empty"/></StgValue>
</bind>
</comp>

<comp id="64" class="1001" name="const_64">
<pin_list>
<pin id="65" dir="1" index="0" bw="1" slack="0"/>
</pin_list>
<bind>
<StgValue><ssdm name=""/></StgValue>
</bind>
</comp>

<comp id="66" class="1001" name="const_66">
<pin_list>
<pin id="67" dir="1" index="0" bw="1" slack="0"/>
</pin_list>
<bind>
<StgValue><ssdm name=""/></StgValue>
</bind>
</comp>

<comp id="68" class="1001" name="const_68">
<pin_list>
<pin id="69" dir="1" index="0" bw="1" slack="0"/>
</pin_list>
<bind>
<StgValue><ssdm name=""/></StgValue>
</bind>
</comp>

<comp id="70" class="1001" name="const_70">
<pin_list>
<pin id="71" dir="1" index="0" bw="1" slack="0"/>
</pin_list>
<bind>
<StgValue><ssdm name="_ssdm_op_BitConcatenate.i26.i16.i10"/></StgValue>
</bind>
</comp>

<comp id="72" class="1001" name="const_72">
<pin_list>
<pin id="73" dir="1" index="0" bw="1" slack="0"/>
</pin_list>
<bind>
<StgValue><ssdm name=""/></StgValue>
</bind>
</comp>

<comp id="74" class="1001" name="const_74">
<pin_list>
<pin id="75" dir="1" index="0" bw="1" slack="0"/>
</pin_list>
<bind>
<StgValue><ssdm name=""/></StgValue>
</bind>
</comp>

<comp id="76" class="1004" name="data_3_val_read_read_fu_76">
<pin_list>
<pin id="77" dir="0" index="0" bw="33" slack="0"/>
<pin id="78" dir="0" index="1" bw="33" slack="0"/>
<pin id="79" dir="1" index="2" bw="33" slack="0"/>
</pin_list>
<bind>
<opcode="read(1150) " fcode="read"/>
<opset="data_3_val_read/1 "/>
</bind>
</comp>

<comp id="82" class="1004" name="data_2_val_read_read_fu_82">
<pin_list>
<pin id="83" dir="0" index="0" bw="33" slack="0"/>
<pin id="84" dir="0" index="1" bw="33" slack="0"/>
<pin id="85" dir="1" index="2" bw="33" slack="0"/>
</pin_list>
<bind>
<opcode="read(1150) " fcode="read"/>
<opset="data_2_val_read/1 "/>
</bind>
</comp>

<comp id="88" class="1004" name="data_1_val_read_read_fu_88">
<pin_list>
<pin id="89" dir="0" index="0" bw="33" slack="0"/>
<pin id="90" dir="0" index="1" bw="33" slack="0"/>
<pin id="91" dir="1" index="2" bw="33" slack="0"/>
</pin_list>
<bind>
<opcode="read(1150) " fcode="read"/>
<opset="data_1_val_read/1 "/>
</bind>
</comp>

<comp id="94" class="1004" name="data_0_val_read_read_fu_94">
<pin_list>
<pin id="95" dir="0" index="0" bw="33" slack="0"/>
<pin id="96" dir="0" index="1" bw="33" slack="0"/>
<pin id="97" dir="1" index="2" bw="33" slack="0"/>
</pin_list>
<bind>
<opcode="read(1150) " fcode="read"/>
<opset="data_0_val_read/1 "/>
</bind>
</comp>

<comp id="100" class="1004" name="mul_ln42_12_fu_100">
<pin_list>
<pin id="792" dir="0" index="0" bw="33" slack="0"/>
<pin id="793" dir="0" index="1" bw="9" slack="0"/>
<pin id="794" dir="1" index="2" bw="36" slack="0"/>
</pin_list>
<bind>
<opcode="mul(12) " fcode="mul"/>
<opset="mul_ln42_12/1 "/>
</bind>
</comp>

<comp id="101" class="1004" name="mul_ln42_2_fu_101">
<pin_list>
<pin id="902" dir="0" index="0" bw="33" slack="1"/>
<pin id="903" dir="0" index="1" bw="7" slack="0"/>
<pin id="904" dir="1" index="2" bw="36" slack="0"/>
</pin_list>
<bind>
<opcode="mul(12) " fcode="mul"/>
<opset="mul_ln42_2/2 "/>
</bind>
</comp>

<comp id="102" class="1004" name="mul_ln42_7_fu_102">
<pin_list>
<pin id="772" dir="0" index="0" bw="33" slack="0"/>
<pin id="773" dir="0" index="1" bw="9" slack="0"/>
<pin id="774" dir="1" index="2" bw="36" slack="0"/>
</pin_list>
<bind>
<opcode="mul(12) " fcode="mul"/>
<opset="mul_ln42_7/1 "/>
</bind>
</comp>

<comp id="103" class="1004" name="mul_ln42_4_fu_103">
<pin_list>
<pin id="760" dir="0" index="0" bw="33" slack="0"/>
<pin id="761" dir="0" index="1" bw="10" slack="0"/>
<pin id="762" dir="1" index="2" bw="36" slack="0"/>
</pin_list>
<bind>
<opcode="mul(12) " fcode="mul"/>
<opset="mul_ln42_4/1 "/>
</bind>
</comp>

<comp id="104" class="1004" name="mul_ln42_6_fu_104">
<pin_list>
<pin id="768" dir="0" index="0" bw="33" slack="0"/>
<pin id="769" dir="0" index="1" bw="11" slack="0"/>
<pin id="770" dir="1" index="2" bw="36" slack="0"/>
</pin_list>
<bind>
<opcode="mul(12) " fcode="mul"/>
<opset="mul_ln42_6/1 "/>
</bind>
</comp>

<comp id="105" class="1004" name="mul_ln42_5_fu_105">
<pin_list>
<pin id="764" dir="0" index="0" bw="33" slack="0"/>
<pin id="765" dir="0" index="1" bw="11" slack="0"/>
<pin id="766" dir="1" index="2" bw="36" slack="0"/>
</pin_list>
<bind>
<opcode="mul(12) " fcode="mul"/>
<opset="mul_ln42_5/1 "/>
</bind>
</comp>

<comp id="106" class="1004" name="mul_ln42_3_fu_106">
<pin_list>
<pin id="906" dir="0" index="0" bw="33" slack="1"/>
<pin id="907" dir="0" index="1" bw="10" slack="0"/>
<pin id="908" dir="1" index="2" bw="36" slack="0"/>
</pin_list>
<bind>
<opcode="mul(12) " fcode="mul"/>
<opset="mul_ln42_3/2 "/>
</bind>
</comp>

<comp id="108" class="1004" name="mul_ln42_9_fu_108">
<pin_list>
<pin id="780" dir="0" index="0" bw="33" slack="0"/>
<pin id="781" dir="0" index="1" bw="10" slack="0"/>
<pin id="782" dir="1" index="2" bw="36" slack="0"/>
</pin_list>
<bind>
<opcode="mul(12) " fcode="mul"/>
<opset="mul_ln42_9/1 "/>
</bind>
</comp>

<comp id="109" class="1004" name="mul_ln42_fu_109">
<pin_list>
<pin id="756" dir="0" index="0" bw="33" slack="0"/>
<pin id="757" dir="0" index="1" bw="11" slack="0"/>
<pin id="758" dir="1" index="2" bw="36" slack="0"/>
</pin_list>
<bind>
<opcode="mul(12) " fcode="mul"/>
<opset="mul_ln42/1 "/>
</bind>
</comp>

<comp id="110" class="1004" name="mul_ln42_1_fu_110">
<pin_list>
<pin id="898" dir="0" index="0" bw="33" slack="1"/>
<pin id="899" dir="0" index="1" bw="10" slack="0"/>
<pin id="900" dir="1" index="2" bw="36" slack="0"/>
</pin_list>
<bind>
<opcode="mul(12) " fcode="mul"/>
<opset="mul_ln42_1/2 "/>
</bind>
</comp>

<comp id="113" class="1004" name="mul_ln42_8_fu_113">
<pin_list>
<pin id="776" dir="0" index="0" bw="33" slack="0"/>
<pin id="777" dir="0" index="1" bw="11" slack="0"/>
<pin id="778" dir="1" index="2" bw="36" slack="0"/>
</pin_list>
<bind>
<opcode="mul(12) " fcode="mul"/>
<opset="mul_ln42_8/1 "/>
</bind>
</comp>

<comp id="114" class="1004" name="mul_ln42_10_fu_114">
<pin_list>
<pin id="784" dir="0" index="0" bw="33" slack="0"/>
<pin id="785" dir="0" index="1" bw="10" slack="0"/>
<pin id="786" dir="1" index="2" bw="36" slack="0"/>
</pin_list>
<bind>
<opcode="mul(12) " fcode="mul"/>
<opset="mul_ln42_10/1 "/>
</bind>
</comp>

<comp id="115" class="1004" name="mul_ln42_11_fu_115">
<pin_list>
<pin id="788" dir="0" index="0" bw="33" slack="0"/>
<pin id="789" dir="0" index="1" bw="9" slack="0"/>
<pin id="790" dir="1" index="2" bw="36" slack="0"/>
</pin_list>
<bind>
<opcode="mul(12) " fcode="mul"/>
<opset="mul_ln42_11/1 "/>
</bind>
</comp>

<comp id="920" class="1004" name="sext_ln42_fu_920">
<pin_list>
<pin id="921" dir="0" index="0" bw="33" slack="0"/>
<pin id="922" dir="1" index="1" bw="36" slack="0"/>
</pin_list>
<bind>
<opcode="sext(35) " fcode="sext"/>
<opset="sext_ln42/1 "/>
</bind>
</comp>

<comp id="925" class="1004" name="trunc_ln_fu_925">
<pin_list>
<pin id="926" dir="0" index="0" bw="16" slack="0"/>
<pin id="927" dir="0" index="1" bw="36" slack="0"/>
<pin id="928" dir="0" index="2" bw="6" slack="0"/>
<pin id="929" dir="0" index="3" bw="7" slack="0"/>
<pin id="930" dir="1" index="4" bw="16" slack="0"/>
</pin_list>
<bind>
<opcode="partselect(1002) " fcode="partselect"/>
<opset="trunc_ln/1 "/>
</bind>
</comp>

<comp id="935" class="1004" name="sext_ln70_fu_935">
<pin_list>
<pin id="936" dir="0" index="0" bw="33" slack="0"/>
<pin id="937" dir="1" index="1" bw="36" slack="0"/>
</pin_list>
<bind>
<opcode="sext(35) " fcode="sext"/>
<opset="sext_ln70/1 "/>
</bind>
</comp>

<comp id="942" class="1004" name="trunc_ln42_4_fu_942">
<pin_list>
<pin id="943" dir="0" index="0" bw="16" slack="0"/>
<pin id="944" dir="0" index="1" bw="36" slack="0"/>
<pin id="945" dir="0" index="2" bw="6" slack="0"/>
<pin id="946" dir="0" index="3" bw="7" slack="0"/>
<pin id="947" dir="1" index="4" bw="16" slack="0"/>
</pin_list>
<bind>
<opcode="partselect(1002) " fcode="partselect"/>
<opset="trunc_ln42_4/1 "/>
</bind>
</comp>

<comp id="952" class="1004" name="trunc_ln73_fu_952">
<pin_list>
<pin id="953" dir="0" index="0" bw="33" slack="0"/>
<pin id="954" dir="1" index="1" bw="28" slack="0"/>
</pin_list>
<bind>
<opcode="trunc(33) " fcode="trunc"/>
<opset="trunc_ln73/1 "/>
</bind>
</comp>

<comp id="956" class="1004" name="p_shl1_fu_956">
<pin_list>
<pin id="957" dir="0" index="0" bw="36" slack="0"/>
<pin id="958" dir="0" index="1" bw="28" slack="0"/>
<pin id="959" dir="0" index="2" bw="1" slack="0"/>
<pin id="960" dir="1" index="3" bw="36" slack="0"/>
</pin_list>
<bind>
<opcode="bitconcatenate(1004) " fcode="bitconcatenate"/>
<opset="p_shl1/1 "/>
</bind>
</comp>

<comp id="964" class="1004" name="sub_ln73_1_fu_964">
<pin_list>
<pin id="965" dir="0" index="0" bw="33" slack="0"/>
<pin id="966" dir="0" index="1" bw="36" slack="0"/>
<pin id="967" dir="1" index="2" bw="36" slack="0"/>
</pin_list>
<bind>
<opcode="sub(10) " fcode="sub"/>
<opset="sub_ln73_1/1 "/>
</bind>
</comp>

<comp id="970" class="1004" name="trunc_ln42_5_fu_970">
<pin_list>
<pin id="971" dir="0" index="0" bw="16" slack="0"/>
<pin id="972" dir="0" index="1" bw="36" slack="0"/>
<pin id="973" dir="0" index="2" bw="6" slack="0"/>
<pin id="974" dir="0" index="3" bw="7" slack="0"/>
<pin id="975" dir="1" index="4" bw="16" slack="1"/>
</pin_list>
<bind>
<opcode="partselect(1002) " fcode="partselect"/>
<opset="trunc_ln42_5/1 "/>
</bind>
</comp>

<comp id="980" class="1004" name="trunc_ln42_6_fu_980">
<pin_list>
<pin id="981" dir="0" index="0" bw="16" slack="0"/>
<pin id="982" dir="0" index="1" bw="36" slack="0"/>
<pin id="983" dir="0" index="2" bw="6" slack="0"/>
<pin id="984" dir="0" index="3" bw="7" slack="0"/>
<pin id="985" dir="1" index="4" bw="16" slack="1"/>
</pin_list>
<bind>
<opcode="partselect(1002) " fcode="partselect"/>
<opset="trunc_ln42_6/1 "/>
</bind>
</comp>

<comp id="990" class="1004" name="trunc_ln42_7_fu_990">
<pin_list>
<pin id="991" dir="0" index="0" bw="16" slack="0"/>
<pin id="992" dir="0" index="1" bw="36" slack="0"/>
<pin id="993" dir="0" index="2" bw="6" slack="0"/>
<pin id="994" dir="0" index="3" bw="7" slack="0"/>
<pin id="995" dir="1" index="4" bw="16" slack="1"/>
</pin_list>
<bind>
<opcode="partselect(1002) " fcode="partselect"/>
<opset="trunc_ln42_7/1 "/>
</bind>
</comp>

<comp id="1000" class="1004" name="sext_ln42_1_fu_1000">
<pin_list>
<pin id="1001" dir="0" index="0" bw="33" slack="0"/>
<pin id="1002" dir="1" index="1" bw="36" slack="0"/>
</pin_list>
<bind>
<opcode="sext(35) " fcode="sext"/>
<opset="sext_ln42_1/1 "/>
</bind>
</comp>

<comp id="1007" class="1004" name="trunc_ln73_1_fu_1007">
<pin_list>
<pin id="1008" dir="0" index="0" bw="33" slack="0"/>
<pin id="1009" dir="1" index="1" bw="29" slack="0"/>
</pin_list>
<bind>
<opcode="trunc(33) " fcode="trunc"/>
<opset="trunc_ln73_1/1 "/>
</bind>
</comp>

<comp id="1011" class="1004" name="shl_ln_fu_1011">
<pin_list>
<pin id="1012" dir="0" index="0" bw="36" slack="0"/>
<pin id="1013" dir="0" index="1" bw="29" slack="0"/>
<pin id="1014" dir="0" index="2" bw="1" slack="0"/>
<pin id="1015" dir="1" index="3" bw="36" slack="0"/>
</pin_list>
<bind>
<opcode="bitconcatenate(1004) " fcode="bitconcatenate"/>
<opset="shl_ln/1 "/>
</bind>
</comp>

<comp id="1019" class="1004" name="sub_ln73_fu_1019">
<pin_list>
<pin id="1020" dir="0" index="0" bw="1" slack="0"/>
<pin id="1021" dir="0" index="1" bw="36" slack="0"/>
<pin id="1022" dir="1" index="2" bw="36" slack="0"/>
</pin_list>
<bind>
<opcode="sub(10) " fcode="sub"/>
<opset="sub_ln73/1 "/>
</bind>
</comp>

<comp id="1025" class="1004" name="trunc_ln42_8_fu_1025">
<pin_list>
<pin id="1026" dir="0" index="0" bw="16" slack="0"/>
<pin id="1027" dir="0" index="1" bw="36" slack="0"/>
<pin id="1028" dir="0" index="2" bw="6" slack="0"/>
<pin id="1029" dir="0" index="3" bw="7" slack="0"/>
<pin id="1030" dir="1" index="4" bw="16" slack="0"/>
</pin_list>
<bind>
<opcode="partselect(1002) " fcode="partselect"/>
<opset="trunc_ln42_8/1 "/>
</bind>
</comp>

<comp id="1035" class="1004" name="trunc_ln42_9_fu_1035">
<pin_list>
<pin id="1036" dir="0" index="0" bw="16" slack="0"/>
<pin id="1037" dir="0" index="1" bw="36" slack="0"/>
<pin id="1038" dir="0" index="2" bw="6" slack="0"/>
<pin id="1039" dir="0" index="3" bw="7" slack="0"/>
<pin id="1040" dir="1" index="4" bw="16" slack="0"/>
</pin_list>
<bind>
<opcode="partselect(1002) " fcode="partselect"/>
<opset="trunc_ln42_9/1 "/>
</bind>
</comp>

<comp id="1045" class="1004" name="trunc_ln42_s_fu_1045">
<pin_list>
<pin id="1046" dir="0" index="0" bw="16" slack="0"/>
<pin id="1047" dir="0" index="1" bw="36" slack="0"/>
<pin id="1048" dir="0" index="2" bw="6" slack="0"/>
<pin id="1049" dir="0" index="3" bw="7" slack="0"/>
<pin id="1050" dir="1" index="4" bw="16" slack="0"/>
</pin_list>
<bind>
<opcode="partselect(1002) " fcode="partselect"/>
<opset="trunc_ln42_s/1 "/>
</bind>
</comp>

<comp id="1055" class="1004" name="trunc_ln42_10_fu_1055">
<pin_list>
<pin id="1056" dir="0" index="0" bw="16" slack="0"/>
<pin id="1057" dir="0" index="1" bw="36" slack="0"/>
<pin id="1058" dir="0" index="2" bw="6" slack="0"/>
<pin id="1059" dir="0" index="3" bw="7" slack="0"/>
<pin id="1060" dir="1" index="4" bw="16" slack="0"/>
</pin_list>
<bind>
<opcode="partselect(1002) " fcode="partselect"/>
<opset="trunc_ln42_10/1 "/>
</bind>
</comp>

<comp id="1065" class="1004" name="sext_ln42_2_fu_1065">
<pin_list>
<pin id="1066" dir="0" index="0" bw="33" slack="0"/>
<pin id="1067" dir="1" index="1" bw="36" slack="0"/>
</pin_list>
<bind>
<opcode="sext(35) " fcode="sext"/>
<opset="sext_ln42_2/1 "/>
</bind>
</comp>

<comp id="1072" class="1004" name="trunc_ln73_2_fu_1072">
<pin_list>
<pin id="1073" dir="0" index="0" bw="33" slack="0"/>
<pin id="1074" dir="1" index="1" bw="30" slack="0"/>
</pin_list>
<bind>
<opcode="trunc(33) " fcode="trunc"/>
<opset="trunc_ln73_2/1 "/>
</bind>
</comp>

<comp id="1076" class="1004" name="p_shl_fu_1076">
<pin_list>
<pin id="1077" dir="0" index="0" bw="36" slack="0"/>
<pin id="1078" dir="0" index="1" bw="30" slack="0"/>
<pin id="1079" dir="0" index="2" bw="1" slack="0"/>
<pin id="1080" dir="1" index="3" bw="36" slack="0"/>
</pin_list>
<bind>
<opcode="bitconcatenate(1004) " fcode="bitconcatenate"/>
<opset="p_shl/1 "/>
</bind>
</comp>

<comp id="1084" class="1004" name="sub_ln73_2_fu_1084">
<pin_list>
<pin id="1085" dir="0" index="0" bw="33" slack="0"/>
<pin id="1086" dir="0" index="1" bw="36" slack="0"/>
<pin id="1087" dir="1" index="2" bw="36" slack="0"/>
</pin_list>
<bind>
<opcode="sub(10) " fcode="sub"/>
<opset="sub_ln73_2/1 "/>
</bind>
</comp>

<comp id="1090" class="1004" name="trunc_ln42_11_fu_1090">
<pin_list>
<pin id="1091" dir="0" index="0" bw="16" slack="0"/>
<pin id="1092" dir="0" index="1" bw="36" slack="0"/>
<pin id="1093" dir="0" index="2" bw="6" slack="0"/>
<pin id="1094" dir="0" index="3" bw="7" slack="0"/>
<pin id="1095" dir="1" index="4" bw="16" slack="0"/>
</pin_list>
<bind>
<opcode="partselect(1002) " fcode="partselect"/>
<opset="trunc_ln42_11/1 "/>
</bind>
</comp>

<comp id="1100" class="1004" name="trunc_ln42_12_fu_1100">
<pin_list>
<pin id="1101" dir="0" index="0" bw="16" slack="0"/>
<pin id="1102" dir="0" index="1" bw="36" slack="0"/>
<pin id="1103" dir="0" index="2" bw="6" slack="0"/>
<pin id="1104" dir="0" index="3" bw="7" slack="0"/>
<pin id="1105" dir="1" index="4" bw="16" slack="0"/>
</pin_list>
<bind>
<opcode="partselect(1002) " fcode="partselect"/>
<opset="trunc_ln42_12/1 "/>
</bind>
</comp>

<comp id="1110" class="1004" name="trunc_ln42_13_fu_1110">
<pin_list>
<pin id="1111" dir="0" index="0" bw="16" slack="0"/>
<pin id="1112" dir="0" index="1" bw="36" slack="0"/>
<pin id="1113" dir="0" index="2" bw="6" slack="0"/>
<pin id="1114" dir="0" index="3" bw="7" slack="0"/>
<pin id="1115" dir="1" index="4" bw="16" slack="0"/>
</pin_list>
<bind>
<opcode="partselect(1002) " fcode="partselect"/>
<opset="trunc_ln42_13/1 "/>
</bind>
</comp>

<comp id="1120" class="1004" name="trunc_ln42_14_fu_1120">
<pin_list>
<pin id="1121" dir="0" index="0" bw="16" slack="0"/>
<pin id="1122" dir="0" index="1" bw="36" slack="0"/>
<pin id="1123" dir="0" index="2" bw="6" slack="0"/>
<pin id="1124" dir="0" index="3" bw="7" slack="0"/>
<pin id="1125" dir="1" index="4" bw="16" slack="0"/>
</pin_list>
<bind>
<opcode="partselect(1002) " fcode="partselect"/>
<opset="trunc_ln42_14/1 "/>
</bind>
</comp>

<comp id="1130" class="1004" name="add_ln58_fu_1130">
<pin_list>
<pin id="1131" dir="0" index="0" bw="16" slack="0"/>
<pin id="1132" dir="0" index="1" bw="16" slack="0"/>
<pin id="1133" dir="1" index="2" bw="16" slack="0"/>
</pin_list>
<bind>
<opcode="add(8) " fcode="add"/>
<opset="add_ln58/1 "/>
</bind>
</comp>

<comp id="1136" class="1004" name="add_ln58_1_fu_1136">
<pin_list>
<pin id="1137" dir="0" index="0" bw="16" slack="0"/>
<pin id="1138" dir="0" index="1" bw="16" slack="0"/>
<pin id="1139" dir="1" index="2" bw="16" slack="0"/>
</pin_list>
<bind>
<opcode="add(8) " fcode="add"/>
<opset="add_ln58_1/1 "/>
</bind>
</comp>

<comp id="1142" class="1004" name="x_fu_1142">
<pin_list>
<pin id="1143" dir="0" index="0" bw="16" slack="0"/>
<pin id="1144" dir="0" index="1" bw="16" slack="0"/>
<pin id="1145" dir="1" index="2" bw="16" slack="1"/>
</pin_list>
<bind>
<opcode="add(8) " fcode="add"/>
<opset="x/1 "/>
</bind>
</comp>

<comp id="1148" class="1004" name="add_ln58_4_fu_1148">
<pin_list>
<pin id="1149" dir="0" index="0" bw="16" slack="0"/>
<pin id="1150" dir="0" index="1" bw="16" slack="0"/>
<pin id="1151" dir="1" index="2" bw="16" slack="1"/>
</pin_list>
<bind>
<opcode="add(8) " fcode="add"/>
<opset="add_ln58_4/1 "/>
</bind>
</comp>

<comp id="1154" class="1004" name="add_ln58_7_fu_1154">
<pin_list>
<pin id="1155" dir="0" index="0" bw="16" slack="0"/>
<pin id="1156" dir="0" index="1" bw="16" slack="0"/>
<pin id="1157" dir="1" index="2" bw="16" slack="1"/>
</pin_list>
<bind>
<opcode="add(8) " fcode="add"/>
<opset="add_ln58_7/1 "/>
</bind>
</comp>

<comp id="1160" class="1004" name="add_ln58_10_fu_1160">
<pin_list>
<pin id="1161" dir="0" index="0" bw="16" slack="0"/>
<pin id="1162" dir="0" index="1" bw="16" slack="0"/>
<pin id="1163" dir="1" index="2" bw="16" slack="1"/>
</pin_list>
<bind>
<opcode="add(8) " fcode="add"/>
<opset="add_ln58_10/1 "/>
</bind>
</comp>

<comp id="1166" class="1004" name="trunc_ln42_1_fu_1166">
<pin_list>
<pin id="1167" dir="0" index="0" bw="16" slack="0"/>
<pin id="1168" dir="0" index="1" bw="36" slack="0"/>
<pin id="1169" dir="0" index="2" bw="6" slack="0"/>
<pin id="1170" dir="0" index="3" bw="7" slack="0"/>
<pin id="1171" dir="1" index="4" bw="16" slack="0"/>
</pin_list>
<bind>
<opcode="partselect(1002) " fcode="partselect"/>
<opset="trunc_ln42_1/2 "/>
</bind>
</comp>

<comp id="1176" class="1004" name="trunc_ln42_2_fu_1176">
<pin_list>
<pin id="1177" dir="0" index="0" bw="16" slack="0"/>
<pin id="1178" dir="0" index="1" bw="36" slack="0"/>
<pin id="1179" dir="0" index="2" bw="6" slack="0"/>
<pin id="1180" dir="0" index="3" bw="7" slack="0"/>
<pin id="1181" dir="1" index="4" bw="16" slack="0"/>
</pin_list>
<bind>
<opcode="partselect(1002) " fcode="partselect"/>
<opset="trunc_ln42_2/2 "/>
</bind>
</comp>

<comp id="1186" class="1004" name="trunc_ln42_3_fu_1186">
<pin_list>
<pin id="1187" dir="0" index="0" bw="16" slack="0"/>
<pin id="1188" dir="0" index="1" bw="36" slack="0"/>
<pin id="1189" dir="0" index="2" bw="6" slack="0"/>
<pin id="1190" dir="0" index="3" bw="7" slack="0"/>
<pin id="1191" dir="1" index="4" bw="16" slack="0"/>
</pin_list>
<bind>
<opcode="partselect(1002) " fcode="partselect"/>
<opset="trunc_ln42_3/2 "/>
</bind>
</comp>

<comp id="1196" class="1004" name="add_ln58_3_fu_1196">
<pin_list>
<pin id="1197" dir="0" index="0" bw="16" slack="1"/>
<pin id="1198" dir="0" index="1" bw="16" slack="0"/>
<pin id="1199" dir="1" index="2" bw="16" slack="0"/>
</pin_list>
<bind>
<opcode="add(8) " fcode="add"/>
<opset="add_ln58_3/2 "/>
</bind>
</comp>

<comp id="1201" class="1004" name="x_1_fu_1201">
<pin_list>
<pin id="1202" dir="0" index="0" bw="16" slack="1"/>
<pin id="1203" dir="0" index="1" bw="16" slack="0"/>
<pin id="1204" dir="1" index="2" bw="16" slack="0"/>
</pin_list>
<bind>
<opcode="add(8) " fcode="add"/>
<opset="x_1/2 "/>
</bind>
</comp>

<comp id="1206" class="1004" name="add_ln58_6_fu_1206">
<pin_list>
<pin id="1207" dir="0" index="0" bw="16" slack="1"/>
<pin id="1208" dir="0" index="1" bw="16" slack="0"/>
<pin id="1209" dir="1" index="2" bw="16" slack="0"/>
</pin_list>
<bind>
<opcode="add(8) " fcode="add"/>
<opset="add_ln58_6/2 "/>
</bind>
</comp>

<comp id="1211" class="1004" name="x_2_fu_1211">
<pin_list>
<pin id="1212" dir="0" index="0" bw="16" slack="1"/>
<pin id="1213" dir="0" index="1" bw="16" slack="0"/>
<pin id="1214" dir="1" index="2" bw="16" slack="0"/>
</pin_list>
<bind>
<opcode="add(8) " fcode="add"/>
<opset="x_2/2 "/>
</bind>
</comp>

<comp id="1216" class="1004" name="add_ln58_9_fu_1216">
<pin_list>
<pin id="1217" dir="0" index="0" bw="16" slack="1"/>
<pin id="1218" dir="0" index="1" bw="16" slack="0"/>
<pin id="1219" dir="1" index="2" bw="16" slack="0"/>
</pin_list>
<bind>
<opcode="add(8) " fcode="add"/>
<opset="add_ln58_9/2 "/>
</bind>
</comp>

<comp id="1221" class="1004" name="x_3_fu_1221">
<pin_list>
<pin id="1222" dir="0" index="0" bw="16" slack="1"/>
<pin id="1223" dir="0" index="1" bw="16" slack="0"/>
<pin id="1224" dir="1" index="2" bw="16" slack="0"/>
</pin_list>
<bind>
<opcode="add(8) " fcode="add"/>
<opset="x_3/2 "/>
</bind>
</comp>

<comp id="1226" class="1004" name="shl_ln1_fu_1226">
<pin_list>
<pin id="1227" dir="0" index="0" bw="26" slack="0"/>
<pin id="1228" dir="0" index="1" bw="16" slack="1"/>
<pin id="1229" dir="0" index="2" bw="1" slack="0"/>
<pin id="1230" dir="1" index="3" bw="26" slack="0"/>
</pin_list>
<bind>
<opcode="bitconcatenate(1004) " fcode="bitconcatenate"/>
<opset="shl_ln1/2 "/>
</bind>
</comp>

<comp id="1233" class="1004" name="sext_ln110_fu_1233">
<pin_list>
<pin id="1234" dir="0" index="0" bw="26" slack="0"/>
<pin id="1235" dir="1" index="1" bw="33" slack="0"/>
</pin_list>
<bind>
<opcode="sext(35) " fcode="sext"/>
<opset="sext_ln110/2 "/>
</bind>
</comp>

<comp id="1237" class="1004" name="shl_ln111_1_fu_1237">
<pin_list>
<pin id="1238" dir="0" index="0" bw="26" slack="0"/>
<pin id="1239" dir="0" index="1" bw="16" slack="0"/>
<pin id="1240" dir="0" index="2" bw="1" slack="0"/>
<pin id="1241" dir="1" index="3" bw="26" slack="0"/>
</pin_list>
<bind>
<opcode="bitconcatenate(1004) " fcode="bitconcatenate"/>
<opset="shl_ln111_1/2 "/>
</bind>
</comp>

<comp id="1245" class="1004" name="sext_ln110_1_fu_1245">
<pin_list>
<pin id="1246" dir="0" index="0" bw="26" slack="0"/>
<pin id="1247" dir="1" index="1" bw="33" slack="0"/>
</pin_list>
<bind>
<opcode="sext(35) " fcode="sext"/>
<opset="sext_ln110_1/2 "/>
</bind>
</comp>

<comp id="1249" class="1004" name="shl_ln111_2_fu_1249">
<pin_list>
<pin id="1250" dir="0" index="0" bw="26" slack="0"/>
<pin id="1251" dir="0" index="1" bw="16" slack="0"/>
<pin id="1252" dir="0" index="2" bw="1" slack="0"/>
<pin id="1253" dir="1" index="3" bw="26" slack="0"/>
</pin_list>
<bind>
<opcode="bitconcatenate(1004) " fcode="bitconcatenate"/>
<opset="shl_ln111_2/2 "/>
</bind>
</comp>

<comp id="1257" class="1004" name="sext_ln110_2_fu_1257">
<pin_list>
<pin id="1258" dir="0" index="0" bw="26" slack="0"/>
<pin id="1259" dir="1" index="1" bw="33" slack="0"/>
</pin_list>
<bind>
<opcode="sext(35) " fcode="sext"/>
<opset="sext_ln110_2/2 "/>
</bind>
</comp>

<comp id="1261" class="1004" name="shl_ln111_3_fu_1261">
<pin_list>
<pin id="1262" dir="0" index="0" bw="26" slack="0"/>
<pin id="1263" dir="0" index="1" bw="16" slack="0"/>
<pin id="1264" dir="0" index="2" bw="1" slack="0"/>
<pin id="1265" dir="1" index="3" bw="26" slack="0"/>
</pin_list>
<bind>
<opcode="bitconcatenate(1004) " fcode="bitconcatenate"/>
<opset="shl_ln111_3/2 "/>
</bind>
</comp>

<comp id="1269" class="1004" name="sext_ln68_fu_1269">
<pin_list>
<pin id="1270" dir="0" index="0" bw="26" slack="0"/>
<pin id="1271" dir="1" index="1" bw="33" slack="0"/>
</pin_list>
<bind>
<opcode="sext(35) " fcode="sext"/>
<opset="sext_ln68/2 "/>
</bind>
</comp>

<comp id="1273" class="1004" name="mrv_fu_1273">
<pin_list>
<pin id="1274" dir="0" index="0" bw="132" slack="0"/>
<pin id="1275" dir="0" index="1" bw="26" slack="0"/>
<pin id="1276" dir="1" index="2" bw="132" slack="0"/>
</pin_list>
<bind>
<opcode="insertvalue(57) " fcode="insertvalue"/>
<opset="mrv/2 "/>
</bind>
</comp>

<comp id="1279" class="1004" name="mrv_1_fu_1279">
<pin_list>
<pin id="1280" dir="0" index="0" bw="132" slack="0"/>
<pin id="1281" dir="0" index="1" bw="26" slack="0"/>
<pin id="1282" dir="1" index="2" bw="132" slack="0"/>
</pin_list>
<bind>
<opcode="insertvalue(57) " fcode="insertvalue"/>
<opset="mrv_1/2 "/>
</bind>
</comp>

<comp id="1285" class="1004" name="mrv_2_fu_1285">
<pin_list>
<pin id="1286" dir="0" index="0" bw="132" slack="0"/>
<pin id="1287" dir="0" index="1" bw="26" slack="0"/>
<pin id="1288" dir="1" index="2" bw="132" slack="0"/>
</pin_list>
<bind>
<opcode="insertvalue(57) " fcode="insertvalue"/>
<opset="mrv_2/2 "/>
</bind>
</comp>

<comp id="1291" class="1004" name="mrv_3_fu_1291">
<pin_list>
<pin id="1292" dir="0" index="0" bw="132" slack="0"/>
<pin id="1293" dir="0" index="1" bw="26" slack="0"/>
<pin id="1294" dir="1" index="2" bw="132" slack="2147483647"/>
</pin_list>
<bind>
<opcode="insertvalue(57) " fcode="insertvalue"/>
<opset="mrv_3/2 "/>
</bind>
</comp>

<comp id="1297" class="1005" name="sext_ln42_reg_1297">
<pin_list>
<pin id="1298" dir="0" index="0" bw="36" slack="1"/>
<pin id="1299" dir="1" index="1" bw="36" slack="1"/>
</pin_list>
<bind>
<opset="sext_ln42 "/>
</bind>
</comp>

<comp id="1304" class="1005" name="trunc_ln42_5_reg_1304">
<pin_list>
<pin id="1305" dir="0" index="0" bw="16" slack="1"/>
<pin id="1306" dir="1" index="1" bw="16" slack="1"/>
</pin_list>
<bind>
<opset="trunc_ln42_5 "/>
</bind>
</comp>

<comp id="1309" class="1005" name="trunc_ln42_6_reg_1309">
<pin_list>
<pin id="1310" dir="0" index="0" bw="16" slack="1"/>
<pin id="1311" dir="1" index="1" bw="16" slack="1"/>
</pin_list>
<bind>
<opset="trunc_ln42_6 "/>
</bind>
</comp>

<comp id="1314" class="1005" name="trunc_ln42_7_reg_1314">
<pin_list>
<pin id="1315" dir="0" index="0" bw="16" slack="1"/>
<pin id="1316" dir="1" index="1" bw="16" slack="1"/>
</pin_list>
<bind>
<opset="trunc_ln42_7 "/>
</bind>
</comp>

<comp id="1319" class="1005" name="x_reg_1319">
<pin_list>
<pin id="1320" dir="0" index="0" bw="16" slack="1"/>
<pin id="1321" dir="1" index="1" bw="16" slack="1"/>
</pin_list>
<bind>
<opset="x "/>
</bind>
</comp>

<comp id="1324" class="1005" name="add_ln58_4_reg_1324">
<pin_list>
<pin id="1325" dir="0" index="0" bw="16" slack="1"/>
<pin id="1326" dir="1" index="1" bw="16" slack="1"/>
</pin_list>
<bind>
<opset="add_ln58_4 "/>
</bind>
</comp>

<comp id="1329" class="1005" name="add_ln58_7_reg_1329">
<pin_list>
<pin id="1330" dir="0" index="0" bw="16" slack="1"/>
<pin id="1331" dir="1" index="1" bw="16" slack="1"/>
</pin_list>
<bind>
<opset="add_ln58_7 "/>
</bind>
</comp>

<comp id="1334" class="1005" name="add_ln58_10_reg_1334">
<pin_list>
<pin id="1335" dir="0" index="0" bw="16" slack="1"/>
<pin id="1336" dir="1" index="1" bw="16" slack="1"/>
</pin_list>
<bind>
<opset="add_ln58_10 "/>
</bind>
</comp>

</comp_list>

<net_list>
<net id="80"><net_src comp="8" pin="0"/><net_sink comp="76" pin=0"/></net>

<net id="81"><net_src comp="6" pin="0"/><net_sink comp="76" pin=1"/></net>

<net id="86"><net_src comp="8" pin="0"/><net_sink comp="82" pin=0"/></net>

<net id="87"><net_src comp="4" pin="0"/><net_sink comp="82" pin=1"/></net>

<net id="92"><net_src comp="8" pin="0"/><net_sink comp="88" pin=0"/></net>

<net id="93"><net_src comp="2" pin="0"/><net_sink comp="88" pin=1"/></net>

<net id="98"><net_src comp="8" pin="0"/><net_sink comp="94" pin=0"/></net>

<net id="99"><net_src comp="0" pin="0"/><net_sink comp="94" pin=1"/></net>

<net id="759"><net_src comp="10" pin="0"/><net_sink comp="109" pin=1"/></net>

<net id="763"><net_src comp="18" pin="0"/><net_sink comp="103" pin=1"/></net>

<net id="767"><net_src comp="24" pin="0"/><net_sink comp="105" pin=1"/></net>

<net id="771"><net_src comp="26" pin="0"/><net_sink comp="104" pin=1"/></net>

<net id="775"><net_src comp="34" pin="0"/><net_sink comp="102" pin=1"/></net>

<net id="779"><net_src comp="36" pin="0"/><net_sink comp="113" pin=1"/></net>

<net id="783"><net_src comp="38" pin="0"/><net_sink comp="108" pin=1"/></net>

<net id="787"><net_src comp="44" pin="0"/><net_sink comp="114" pin=1"/></net>

<net id="791"><net_src comp="46" pin="0"/><net_sink comp="115" pin=1"/></net>

<net id="795"><net_src comp="48" pin="0"/><net_sink comp="100" pin=1"/></net>

<net id="901"><net_src comp="64" pin="0"/><net_sink comp="110" pin=1"/></net>

<net id="905"><net_src comp="66" pin="0"/><net_sink comp="101" pin=1"/></net>

<net id="909"><net_src comp="68" pin="0"/><net_sink comp="106" pin=1"/></net>

<net id="923"><net_src comp="94" pin="2"/><net_sink comp="920" pin=0"/></net>

<net id="924"><net_src comp="920" pin="1"/><net_sink comp="109" pin=0"/></net>

<net id="931"><net_src comp="12" pin="0"/><net_sink comp="925" pin=0"/></net>

<net id="932"><net_src comp="109" pin="2"/><net_sink comp="925" pin=1"/></net>

<net id="933"><net_src comp="14" pin="0"/><net_sink comp="925" pin=2"/></net>

<net id="934"><net_src comp="16" pin="0"/><net_sink comp="925" pin=3"/></net>

<net id="938"><net_src comp="88" pin="2"/><net_sink comp="935" pin=0"/></net>

<net id="939"><net_src comp="935" pin="1"/><net_sink comp="103" pin=0"/></net>

<net id="940"><net_src comp="935" pin="1"/><net_sink comp="105" pin=0"/></net>

<net id="941"><net_src comp="935" pin="1"/><net_sink comp="104" pin=0"/></net>

<net id="948"><net_src comp="12" pin="0"/><net_sink comp="942" pin=0"/></net>

<net id="949"><net_src comp="103" pin="2"/><net_sink comp="942" pin=1"/></net>

<net id="950"><net_src comp="14" pin="0"/><net_sink comp="942" pin=2"/></net>

<net id="951"><net_src comp="16" pin="0"/><net_sink comp="942" pin=3"/></net>

<net id="955"><net_src comp="88" pin="2"/><net_sink comp="952" pin=0"/></net>

<net id="961"><net_src comp="20" pin="0"/><net_sink comp="956" pin=0"/></net>

<net id="962"><net_src comp="952" pin="1"/><net_sink comp="956" pin=1"/></net>

<net id="963"><net_src comp="22" pin="0"/><net_sink comp="956" pin=2"/></net>

<net id="968"><net_src comp="935" pin="1"/><net_sink comp="964" pin=0"/></net>

<net id="969"><net_src comp="956" pin="3"/><net_sink comp="964" pin=1"/></net>

<net id="976"><net_src comp="12" pin="0"/><net_sink comp="970" pin=0"/></net>

<net id="977"><net_src comp="964" pin="2"/><net_sink comp="970" pin=1"/></net>

<net id="978"><net_src comp="14" pin="0"/><net_sink comp="970" pin=2"/></net>

<net id="979"><net_src comp="16" pin="0"/><net_sink comp="970" pin=3"/></net>

<net id="986"><net_src comp="12" pin="0"/><net_sink comp="980" pin=0"/></net>

<net id="987"><net_src comp="105" pin="2"/><net_sink comp="980" pin=1"/></net>

<net id="988"><net_src comp="14" pin="0"/><net_sink comp="980" pin=2"/></net>

<net id="989"><net_src comp="16" pin="0"/><net_sink comp="980" pin=3"/></net>

<net id="996"><net_src comp="12" pin="0"/><net_sink comp="990" pin=0"/></net>

<net id="997"><net_src comp="104" pin="2"/><net_sink comp="990" pin=1"/></net>

<net id="998"><net_src comp="14" pin="0"/><net_sink comp="990" pin=2"/></net>

<net id="999"><net_src comp="16" pin="0"/><net_sink comp="990" pin=3"/></net>

<net id="1003"><net_src comp="82" pin="2"/><net_sink comp="1000" pin=0"/></net>

<net id="1004"><net_src comp="1000" pin="1"/><net_sink comp="102" pin=0"/></net>

<net id="1005"><net_src comp="1000" pin="1"/><net_sink comp="113" pin=0"/></net>

<net id="1006"><net_src comp="1000" pin="1"/><net_sink comp="108" pin=0"/></net>

<net id="1010"><net_src comp="82" pin="2"/><net_sink comp="1007" pin=0"/></net>

<net id="1016"><net_src comp="28" pin="0"/><net_sink comp="1011" pin=0"/></net>

<net id="1017"><net_src comp="1007" pin="1"/><net_sink comp="1011" pin=1"/></net>

<net id="1018"><net_src comp="30" pin="0"/><net_sink comp="1011" pin=2"/></net>

<net id="1023"><net_src comp="32" pin="0"/><net_sink comp="1019" pin=0"/></net>

<net id="1024"><net_src comp="1011" pin="3"/><net_sink comp="1019" pin=1"/></net>

<net id="1031"><net_src comp="12" pin="0"/><net_sink comp="1025" pin=0"/></net>

<net id="1032"><net_src comp="1019" pin="2"/><net_sink comp="1025" pin=1"/></net>

<net id="1033"><net_src comp="14" pin="0"/><net_sink comp="1025" pin=2"/></net>

<net id="1034"><net_src comp="16" pin="0"/><net_sink comp="1025" pin=3"/></net>

<net id="1041"><net_src comp="12" pin="0"/><net_sink comp="1035" pin=0"/></net>

<net id="1042"><net_src comp="102" pin="2"/><net_sink comp="1035" pin=1"/></net>

<net id="1043"><net_src comp="14" pin="0"/><net_sink comp="1035" pin=2"/></net>

<net id="1044"><net_src comp="16" pin="0"/><net_sink comp="1035" pin=3"/></net>

<net id="1051"><net_src comp="12" pin="0"/><net_sink comp="1045" pin=0"/></net>

<net id="1052"><net_src comp="113" pin="2"/><net_sink comp="1045" pin=1"/></net>

<net id="1053"><net_src comp="14" pin="0"/><net_sink comp="1045" pin=2"/></net>

<net id="1054"><net_src comp="16" pin="0"/><net_sink comp="1045" pin=3"/></net>

<net id="1061"><net_src comp="12" pin="0"/><net_sink comp="1055" pin=0"/></net>

<net id="1062"><net_src comp="108" pin="2"/><net_sink comp="1055" pin=1"/></net>

<net id="1063"><net_src comp="14" pin="0"/><net_sink comp="1055" pin=2"/></net>

<net id="1064"><net_src comp="16" pin="0"/><net_sink comp="1055" pin=3"/></net>

<net id="1068"><net_src comp="76" pin="2"/><net_sink comp="1065" pin=0"/></net>

<net id="1069"><net_src comp="1065" pin="1"/><net_sink comp="114" pin=0"/></net>

<net id="1070"><net_src comp="1065" pin="1"/><net_sink comp="115" pin=0"/></net>

<net id="1071"><net_src comp="1065" pin="1"/><net_sink comp="100" pin=0"/></net>

<net id="1075"><net_src comp="76" pin="2"/><net_sink comp="1072" pin=0"/></net>

<net id="1081"><net_src comp="40" pin="0"/><net_sink comp="1076" pin=0"/></net>

<net id="1082"><net_src comp="1072" pin="1"/><net_sink comp="1076" pin=1"/></net>

<net id="1083"><net_src comp="42" pin="0"/><net_sink comp="1076" pin=2"/></net>

<net id="1088"><net_src comp="1065" pin="1"/><net_sink comp="1084" pin=0"/></net>

<net id="1089"><net_src comp="1076" pin="3"/><net_sink comp="1084" pin=1"/></net>

<net id="1096"><net_src comp="12" pin="0"/><net_sink comp="1090" pin=0"/></net>

<net id="1097"><net_src comp="1084" pin="2"/><net_sink comp="1090" pin=1"/></net>

<net id="1098"><net_src comp="14" pin="0"/><net_sink comp="1090" pin=2"/></net>

<net id="1099"><net_src comp="16" pin="0"/><net_sink comp="1090" pin=3"/></net>

<net id="1106"><net_src comp="12" pin="0"/><net_sink comp="1100" pin=0"/></net>

<net id="1107"><net_src comp="114" pin="2"/><net_sink comp="1100" pin=1"/></net>

<net id="1108"><net_src comp="14" pin="0"/><net_sink comp="1100" pin=2"/></net>

<net id="1109"><net_src comp="16" pin="0"/><net_sink comp="1100" pin=3"/></net>

<net id="1116"><net_src comp="12" pin="0"/><net_sink comp="1110" pin=0"/></net>

<net id="1117"><net_src comp="115" pin="2"/><net_sink comp="1110" pin=1"/></net>

<net id="1118"><net_src comp="14" pin="0"/><net_sink comp="1110" pin=2"/></net>

<net id="1119"><net_src comp="16" pin="0"/><net_sink comp="1110" pin=3"/></net>

<net id="1126"><net_src comp="12" pin="0"/><net_sink comp="1120" pin=0"/></net>

<net id="1127"><net_src comp="100" pin="2"/><net_sink comp="1120" pin=1"/></net>

<net id="1128"><net_src comp="14" pin="0"/><net_sink comp="1120" pin=2"/></net>

<net id="1129"><net_src comp="16" pin="0"/><net_sink comp="1120" pin=3"/></net>

<net id="1134"><net_src comp="942" pin="4"/><net_sink comp="1130" pin=0"/></net>

<net id="1135"><net_src comp="925" pin="4"/><net_sink comp="1130" pin=1"/></net>

<net id="1140"><net_src comp="1025" pin="4"/><net_sink comp="1136" pin=0"/></net>

<net id="1141"><net_src comp="1090" pin="4"/><net_sink comp="1136" pin=1"/></net>

<net id="1146"><net_src comp="1136" pin="2"/><net_sink comp="1142" pin=0"/></net>

<net id="1147"><net_src comp="1130" pin="2"/><net_sink comp="1142" pin=1"/></net>

<net id="1152"><net_src comp="1035" pin="4"/><net_sink comp="1148" pin=0"/></net>

<net id="1153"><net_src comp="1100" pin="4"/><net_sink comp="1148" pin=1"/></net>

<net id="1158"><net_src comp="1045" pin="4"/><net_sink comp="1154" pin=0"/></net>

<net id="1159"><net_src comp="1110" pin="4"/><net_sink comp="1154" pin=1"/></net>

<net id="1164"><net_src comp="1055" pin="4"/><net_sink comp="1160" pin=0"/></net>

<net id="1165"><net_src comp="1120" pin="4"/><net_sink comp="1160" pin=1"/></net>

<net id="1172"><net_src comp="12" pin="0"/><net_sink comp="1166" pin=0"/></net>

<net id="1173"><net_src comp="110" pin="2"/><net_sink comp="1166" pin=1"/></net>

<net id="1174"><net_src comp="14" pin="0"/><net_sink comp="1166" pin=2"/></net>

<net id="1175"><net_src comp="16" pin="0"/><net_sink comp="1166" pin=3"/></net>

<net id="1182"><net_src comp="12" pin="0"/><net_sink comp="1176" pin=0"/></net>

<net id="1183"><net_src comp="101" pin="2"/><net_sink comp="1176" pin=1"/></net>

<net id="1184"><net_src comp="14" pin="0"/><net_sink comp="1176" pin=2"/></net>

<net id="1185"><net_src comp="16" pin="0"/><net_sink comp="1176" pin=3"/></net>

<net id="1192"><net_src comp="12" pin="0"/><net_sink comp="1186" pin=0"/></net>

<net id="1193"><net_src comp="106" pin="2"/><net_sink comp="1186" pin=1"/></net>

<net id="1194"><net_src comp="14" pin="0"/><net_sink comp="1186" pin=2"/></net>

<net id="1195"><net_src comp="16" pin="0"/><net_sink comp="1186" pin=3"/></net>

<net id="1200"><net_src comp="1166" pin="4"/><net_sink comp="1196" pin=1"/></net>

<net id="1205"><net_src comp="1196" pin="2"/><net_sink comp="1201" pin=1"/></net>

<net id="1210"><net_src comp="1176" pin="4"/><net_sink comp="1206" pin=1"/></net>

<net id="1215"><net_src comp="1206" pin="2"/><net_sink comp="1211" pin=1"/></net>

<net id="1220"><net_src comp="1186" pin="4"/><net_sink comp="1216" pin=1"/></net>

<net id="1225"><net_src comp="1216" pin="2"/><net_sink comp="1221" pin=1"/></net>

<net id="1231"><net_src comp="70" pin="0"/><net_sink comp="1226" pin=0"/></net>

<net id="1232"><net_src comp="72" pin="0"/><net_sink comp="1226" pin=2"/></net>

<net id="1236"><net_src comp="1226" pin="3"/><net_sink comp="1233" pin=0"/></net>

<net id="1242"><net_src comp="70" pin="0"/><net_sink comp="1237" pin=0"/></net>

<net id="1243"><net_src comp="1201" pin="2"/><net_sink comp="1237" pin=1"/></net>

<net id="1244"><net_src comp="72" pin="0"/><net_sink comp="1237" pin=2"/></net>

<net id="1248"><net_src comp="1237" pin="3"/><net_sink comp="1245" pin=0"/></net>

<net id="1254"><net_src comp="70" pin="0"/><net_sink comp="1249" pin=0"/></net>

<net id="1255"><net_src comp="1211" pin="2"/><net_sink comp="1249" pin=1"/></net>

<net id="1256"><net_src comp="72" pin="0"/><net_sink comp="1249" pin=2"/></net>

<net id="1260"><net_src comp="1249" pin="3"/><net_sink comp="1257" pin=0"/></net>

<net id="1266"><net_src comp="70" pin="0"/><net_sink comp="1261" pin=0"/></net>

<net id="1267"><net_src comp="1221" pin="2"/><net_sink comp="1261" pin=1"/></net>

<net id="1268"><net_src comp="72" pin="0"/><net_sink comp="1261" pin=2"/></net>

<net id="1272"><net_src comp="1261" pin="3"/><net_sink comp="1269" pin=0"/></net>

<net id="1277"><net_src comp="74" pin="0"/><net_sink comp="1273" pin=0"/></net>

<net id="1278"><net_src comp="1233" pin="1"/><net_sink comp="1273" pin=1"/></net>

<net id="1283"><net_src comp="1273" pin="2"/><net_sink comp="1279" pin=0"/></net>

<net id="1284"><net_src comp="1245" pin="1"/><net_sink comp="1279" pin=1"/></net>

<net id="1289"><net_src comp="1279" pin="2"/><net_sink comp="1285" pin=0"/></net>

<net id="1290"><net_src comp="1257" pin="1"/><net_sink comp="1285" pin=1"/></net>

<net id="1295"><net_src comp="1285" pin="2"/><net_sink comp="1291" pin=0"/></net>

<net id="1296"><net_src comp="1269" pin="1"/><net_sink comp="1291" pin=1"/></net>

<net id="1300"><net_src comp="920" pin="1"/><net_sink comp="1297" pin=0"/></net>

<net id="1301"><net_src comp="1297" pin="1"/><net_sink comp="110" pin=0"/></net>

<net id="1302"><net_src comp="1297" pin="1"/><net_sink comp="101" pin=0"/></net>

<net id="1303"><net_src comp="1297" pin="1"/><net_sink comp="106" pin=0"/></net>

<net id="1307"><net_src comp="970" pin="4"/><net_sink comp="1304" pin=0"/></net>

<net id="1308"><net_src comp="1304" pin="1"/><net_sink comp="1196" pin=0"/></net>

<net id="1312"><net_src comp="980" pin="4"/><net_sink comp="1309" pin=0"/></net>

<net id="1313"><net_src comp="1309" pin="1"/><net_sink comp="1206" pin=0"/></net>

<net id="1317"><net_src comp="990" pin="4"/><net_sink comp="1314" pin=0"/></net>

<net id="1318"><net_src comp="1314" pin="1"/><net_sink comp="1216" pin=0"/></net>

<net id="1322"><net_src comp="1142" pin="2"/><net_sink comp="1319" pin=0"/></net>

<net id="1323"><net_src comp="1319" pin="1"/><net_sink comp="1226" pin=1"/></net>

<net id="1327"><net_src comp="1148" pin="2"/><net_sink comp="1324" pin=0"/></net>

<net id="1328"><net_src comp="1324" pin="1"/><net_sink comp="1201" pin=0"/></net>

<net id="1332"><net_src comp="1154" pin="2"/><net_sink comp="1329" pin=0"/></net>

<net id="1333"><net_src comp="1329" pin="1"/><net_sink comp="1211" pin=0"/></net>

<net id="1337"><net_src comp="1160" pin="2"/><net_sink comp="1334" pin=0"/></net>

<net id="1338"><net_src comp="1334" pin="1"/><net_sink comp="1221" pin=0"/></net>

</net_list>

</model> 
---------------- Datapath Model END ------------------

* FSMD analyzer results:
  - Output states:
	Port: data_0_val | {}
	Port: data_1_val | {}
	Port: data_2_val | {}
	Port: data_3_val | {}
 - Input state : 
	Port: dense_latency<ap_fixed<33, 13, 5, 3, 0>, ap_fixed<33, 13, 5, 3, 0>, config3_2> : data_0_val | {1 }
	Port: dense_latency<ap_fixed<33, 13, 5, 3, 0>, ap_fixed<33, 13, 5, 3, 0>, config3_2> : data_1_val | {1 }
	Port: dense_latency<ap_fixed<33, 13, 5, 3, 0>, ap_fixed<33, 13, 5, 3, 0>, config3_2> : data_2_val | {1 }
	Port: dense_latency<ap_fixed<33, 13, 5, 3, 0>, ap_fixed<33, 13, 5, 3, 0>, config3_2> : data_3_val | {1 }
  - Chain level:
	State 1
		mul_ln42 : 1
		trunc_ln : 2
		mul_ln42_4 : 1
		trunc_ln42_4 : 2
		p_shl1 : 1
		sub_ln73_1 : 2
		trunc_ln42_5 : 3
		mul_ln42_5 : 1
		trunc_ln42_6 : 2
		mul_ln42_6 : 1
		trunc_ln42_7 : 2
		shl_ln : 1
		sub_ln73 : 2
		trunc_ln42_8 : 3
		mul_ln42_7 : 1
		trunc_ln42_9 : 2
		mul_ln42_8 : 1
		trunc_ln42_s : 2
		mul_ln42_9 : 1
		trunc_ln42_10 : 2
		p_shl : 1
		sub_ln73_2 : 2
		trunc_ln42_11 : 3
		mul_ln42_10 : 1
		trunc_ln42_12 : 2
		mul_ln42_11 : 1
		trunc_ln42_13 : 2
		mul_ln42_12 : 1
		trunc_ln42_14 : 2
		add_ln58 : 3
		add_ln58_1 : 4
		x : 5
		add_ln58_4 : 3
		add_ln58_7 : 3
		add_ln58_10 : 3
	State 2
		trunc_ln42_1 : 1
		trunc_ln42_2 : 1
		trunc_ln42_3 : 1
		add_ln58_3 : 2
		x_1 : 3
		add_ln58_6 : 2
		x_2 : 3
		add_ln58_9 : 2
		x_3 : 3
		sext_ln110 : 1
		shl_ln111_1 : 4
		sext_ln110_1 : 5
		shl_ln111_2 : 4
		sext_ln110_2 : 5
		shl_ln111_3 : 4
		sext_ln68 : 5
		mrv : 2
		mrv_1 : 6
		mrv_2 : 7
		mrv_3 : 8
		ret_ln68 : 9


============================================================
+ Verbose Summary: Datapath Resource usage 
============================================================

* Functional unit list:
|----------|----------------------------|---------|---------|---------|
| Operation|       Functional Unit      |   DSP   |    FF   |   LUT   |
|----------|----------------------------|---------|---------|---------|
|          |     mul_ln42_12_fu_100     |    2    |    0    |    21   |
|          |      mul_ln42_2_fu_101     |    2    |    0    |    21   |
|          |      mul_ln42_7_fu_102     |    2    |    0    |    21   |
|          |      mul_ln42_4_fu_103     |    2    |    0    |    21   |
|          |      mul_ln42_6_fu_104     |    2    |    0    |    21   |
|          |      mul_ln42_5_fu_105     |    2    |    0    |    21   |
|    mul   |      mul_ln42_3_fu_106     |    2    |    0    |    21   |
|          |      mul_ln42_9_fu_108     |    2    |    0    |    21   |
|          |       mul_ln42_fu_109      |    2    |    0    |    21   |
|          |      mul_ln42_1_fu_110     |    2    |    0    |    21   |
|          |      mul_ln42_8_fu_113     |    2    |    0    |    21   |
|          |     mul_ln42_10_fu_114     |    2    |    0    |    21   |
|          |     mul_ln42_11_fu_115     |    2    |    0    |    21   |
|----------|----------------------------|---------|---------|---------|
|          |      add_ln58_fu_1130      |    0    |    0    |    16   |
|          |     add_ln58_1_fu_1136     |    0    |    0    |    23   |
|          |          x_fu_1142         |    0    |    0    |    16   |
|          |     add_ln58_4_fu_1148     |    0    |    0    |    23   |
|          |     add_ln58_7_fu_1154     |    0    |    0    |    23   |
|    add   |     add_ln58_10_fu_1160    |    0    |    0    |    23   |
|          |     add_ln58_3_fu_1196     |    0    |    0    |    16   |
|          |         x_1_fu_1201        |    0    |    0    |    16   |
|          |     add_ln58_6_fu_1206     |    0    |    0    |    16   |
|          |         x_2_fu_1211        |    0    |    0    |    16   |
|          |     add_ln58_9_fu_1216     |    0    |    0    |    16   |
|          |         x_3_fu_1221        |    0    |    0    |    16   |
|----------|----------------------------|---------|---------|---------|
|          |      sub_ln73_1_fu_964     |    0    |    0    |    43   |
|    sub   |      sub_ln73_fu_1019      |    0    |    0    |    43   |
|          |     sub_ln73_2_fu_1084     |    0    |    0    |    43   |
|----------|----------------------------|---------|---------|---------|
|          | data_3_val_read_read_fu_76 |    0    |    0    |    0    |
|   read   | data_2_val_read_read_fu_82 |    0    |    0    |    0    |
|          | data_1_val_read_read_fu_88 |    0    |    0    |    0    |
|          | data_0_val_read_read_fu_94 |    0    |    0    |    0    |
|----------|----------------------------|---------|---------|---------|
|          |      sext_ln42_fu_920      |    0    |    0    |    0    |
|          |      sext_ln70_fu_935      |    0    |    0    |    0    |
|          |     sext_ln42_1_fu_1000    |    0    |    0    |    0    |
|   sext   |     sext_ln42_2_fu_1065    |    0    |    0    |    0    |
|          |     sext_ln110_fu_1233     |    0    |    0    |    0    |
|          |    sext_ln110_1_fu_1245    |    0    |    0    |    0    |
|          |    sext_ln110_2_fu_1257    |    0    |    0    |    0    |
|          |      sext_ln68_fu_1269     |    0    |    0    |    0    |
|----------|----------------------------|---------|---------|---------|
|          |       trunc_ln_fu_925      |    0    |    0    |    0    |
|          |     trunc_ln42_4_fu_942    |    0    |    0    |    0    |
|          |     trunc_ln42_5_fu_970    |    0    |    0    |    0    |
|          |     trunc_ln42_6_fu_980    |    0    |    0    |    0    |
|          |     trunc_ln42_7_fu_990    |    0    |    0    |    0    |
|          |    trunc_ln42_8_fu_1025    |    0    |    0    |    0    |
|          |    trunc_ln42_9_fu_1035    |    0    |    0    |    0    |
|partselect|    trunc_ln42_s_fu_1045    |    0    |    0    |    0    |
|          |    trunc_ln42_10_fu_1055   |    0    |    0    |    0    |
|          |    trunc_ln42_11_fu_1090   |    0    |    0    |    0    |
|          |    trunc_ln42_12_fu_1100   |    0    |    0    |    0    |
|          |    trunc_ln42_13_fu_1110   |    0    |    0    |    0    |
|          |    trunc_ln42_14_fu_1120   |    0    |    0    |    0    |
|          |    trunc_ln42_1_fu_1166    |    0    |    0    |    0    |
|          |    trunc_ln42_2_fu_1176    |    0    |    0    |    0    |
|          |    trunc_ln42_3_fu_1186    |    0    |    0    |    0    |
|----------|----------------------------|---------|---------|---------|
|          |      trunc_ln73_fu_952     |    0    |    0    |    0    |
|   trunc  |    trunc_ln73_1_fu_1007    |    0    |    0    |    0    |
|          |    trunc_ln73_2_fu_1072    |    0    |    0    |    0    |
|----------|----------------------------|---------|---------|---------|
|          |        p_shl1_fu_956       |    0    |    0    |    0    |
|          |       shl_ln_fu_1011       |    0    |    0    |    0    |
|          |        p_shl_fu_1076       |    0    |    0    |    0    |
|bitconcatenate|       shl_ln1_fu_1226      |    0    |    0    |    0    |
|          |     shl_ln111_1_fu_1237    |    0    |    0    |    0    |
|          |     shl_ln111_2_fu_1249    |    0    |    0    |    0    |
|          |     shl_ln111_3_fu_1261    |    0    |    0    |    0    |
|----------|----------------------------|---------|---------|---------|
|          |         mrv_fu_1273        |    0    |    0    |    0    |
|insertvalue|        mrv_1_fu_1279       |    0    |    0    |    0    |
|          |        mrv_2_fu_1285       |    0    |    0    |    0    |
|          |        mrv_3_fu_1291       |    0    |    0    |    0    |
|----------|----------------------------|---------|---------|---------|
|   Total  |                            |    26   |    0    |   622   |
|----------|----------------------------|---------|---------|---------|

Memories:
N/A

* Register list:
+---------------------+--------+
|                     |   FF   |
+---------------------+--------+
| add_ln58_10_reg_1334|   16   |
| add_ln58_4_reg_1324 |   16   |
| add_ln58_7_reg_1329 |   16   |
|  sext_ln42_reg_1297 |   36   |
|trunc_ln42_5_reg_1304|   16   |
|trunc_ln42_6_reg_1309|   16   |
|trunc_ln42_7_reg_1314|   16   |
|      x_reg_1319     |   16   |
+---------------------+--------+
|        Total        |   148  |
+---------------------+--------+

* Multiplexer (MUX) list: 
|--------|------|------|------|--------|
|  Comp  |  Pin | Size |  BW  | S x BW |
|--------|------|------|------|--------|
|  Total |      |      |      |    0   |
|--------|------|------|------|--------|



* Summary:
+-----------+--------+--------+--------+
|           |   DSP  |   FF   |   LUT  |
+-----------+--------+--------+--------+
|  Function |   26   |    0   |   622  |
|   Memory  |    -   |    -   |    -   |
|Multiplexer|    -   |    -   |    -   |
|  Register |    -   |   148  |    -   |
+-----------+--------+--------+--------+
|   Total   |   26   |   148  |   622  |
+-----------+--------+--------+--------+
