

================================================================
== Vitis HLS Report for 'dense_latency_ap_fixed_16_6_5_3_0_ap_fixed_33_13_5_3_0_config3_1_1'
================================================================
* Date:           Thu Nov 14 15:47:25 2024

* Version:        2023.2 (Build 4023990 on Oct 11 2023)
* Project:        myproject_prj
* Solution:       solution1 (Vivado IP Flow Target)
* Product family: virtexuplus
* Target device:  xcvu13p-flga2577-2-e


================================================================
== Performance Estimates
================================================================
+ Timing: 
    * Summary: 
    +--------+---------+----------+------------+
    |  Clock |  Target | Estimated| Uncertainty|
    +--------+---------+----------+------------+
    |ap_clk  |  5.00 ns|  4.083 ns|     0.62 ns|
    +--------+---------+----------+------------+

+ Latency: 
    * Summary: 
    +---------+---------+----------+----------+-----+-----+---------+
    |  Latency (cycles) |  Latency (absolute) |  Interval | Pipeline|
    |   min   |   max   |    min   |    max   | min | max |   Type  |
    +---------+---------+----------+----------+-----+-----+---------+
    |        1|        1|  5.000 ns|  5.000 ns|    1|    1|      yes|
    +---------+---------+----------+----------+-----+-----+---------+

    + Detail: 
        * Instance: 
        N/A

        * Loop: 
        N/A

============================================================
+ Verbose Summary: Synthesis Manager
============================================================
InlineROM: 1
ExposeGlobal: 0
============================================================
+ Verbose Summary: CDFG Model
============================================================
IsTopModel: 0
ResetActiveHigh: 1
IsCombinational: 0
IsDatapathOnly: 0
HasWiredReturn: 1
HasMFsm: 2
HasVarLatency: 0
IsPipeline: 1
IsRtlPipelined: 1
IsInstanceOverlapped: 0
IsDontTouch: 0
HasImplIP: 0
IsGatedGlobalClock: 0

+ Individual pipeline summary: 
  * Pipeline-0: initiation interval (II) = 1, depth = 2


============================================================
+ Verbose Summary: Schedule
============================================================
* Number of FSM states : 2
* Pipeline : 1
  Pipeline-0 : II = 1, D = 2, States = { 1 2 }
* Dataflow Pipeline: 0

* FSM state transitions: 
1 --> 2 
2 --> 

* FSM state operations: 

State 1 <SV = 0> <Delay = 1.39>
ST_1 : Operation 3 [1/1] (0.00ns)   --->   "%idx2_read = read i4 @_ssdm_op_Read.ap_auto.i4, i4 %idx2" [firmware/nnet_utils/nnet_dense_latency.h:13]   --->   Operation 3 'read' 'idx2_read' <Predicate = true> <Delay = 0.00>
ST_1 : Operation 4 [1/1] (0.00ns)   --->   "%data_3_val_read = read i16 @_ssdm_op_Read.ap_auto.i16, i16 %data_3_val" [firmware/nnet_utils/nnet_dense_latency.h:13]   --->   Operation 4 'read' 'data_3_val_read' <Predicate = true> <Delay = 0.00>
ST_1 : Operation 5 [1/1] (0.00ns)   --->   "%data_2_val_read = read i16 @_ssdm_op_Read.ap_auto.i16, i16 %data_2_val" [firmware/nnet_utils/nnet_dense_latency.h:13]   --->   Operation 5 'read' 'data_2_val_read' <Predicate = true> <Delay = 0.00>
ST_1 : Operation 6 [1/1] (0.00ns)   --->   "%data_1_val_read = read i16 @_ssdm_op_Read.ap_auto.i16, i16 %data_1_val" [firmware/nnet_utils/nnet_dense_latency.h:13]   --->   Operation 6 'read' 'data_1_val_read' <Predicate = true> <Delay = 0.00>
ST_1 : Operation 7 [1/1] (0.00ns)   --->   "%data_0_val_read = read i16 @_ssdm_op_Read.ap_auto.i16, i16 %data_0_val" [firmware/nnet_utils/nnet_dense_latency.h:13]   --->   Operation 7 'read' 'data_0_val_read' <Predicate = true> <Delay = 0.00>
ST_1 : Operation 8 [1/1] (0.00ns)   --->   "%zext_ln13 = zext i4 %idx2_read" [firmware/nnet_utils/nnet_dense_latency.h:13]   --->   Operation 8 'zext' 'zext_ln13' <Predicate = true> <Delay = 0.00>
ST_1 : Operation 9 [1/1] (0.00ns)   --->   "%query_weight3_addr = getelementptr i11 %query_weight3, i64 0, i64 %zext_ln13" [firmware/nnet_utils/nnet_dense_latency.h:13]   --->   Operation 9 'getelementptr' 'query_weight3_addr' <Predicate = true> <Delay = 0.00>
ST_1 : Operation 10 [2/2] (0.68ns)   --->   "%w = load i4 %query_weight3_addr" [firmware/nnet_utils/nnet_dense_latency.h:13]   --->   Operation 10 'load' 'w' <Predicate = true> <Delay = 0.68> <CoreInst = "ROM">   --->   Core 101 'ROM' <Latency = 1> <II = 1> <Delay = 0.68> <Storage> <Opcode : 'load'> <Ports = 0> <Width = 11> <Depth = 16> <ROM>
ST_1 : Operation 11 [1/1] (0.70ns)   --->   "%add_ln42 = add i4 %idx2_read, i4 1" [firmware/nnet_utils/nnet_dense_latency.h:42]   --->   Operation 11 'add' 'add_ln42' <Predicate = true> <Delay = 0.70> <CoreInst = "Adder">   --->   Core 1 'Adder' <Latency = 0> <II = 1> <Delay = 0.70> <FuncUnit> <Opcode : 'add' 'sub'> <InPorts = 2> <OutPorts = 1>
ST_1 : Operation 12 [1/1] (0.00ns)   --->   "%zext_ln42 = zext i4 %add_ln42" [firmware/nnet_utils/nnet_dense_latency.h:42]   --->   Operation 12 'zext' 'zext_ln42' <Predicate = true> <Delay = 0.00>
ST_1 : Operation 13 [1/1] (0.00ns)   --->   "%query_weight3_addr_1 = getelementptr i11 %query_weight3, i64 0, i64 %zext_ln42" [firmware/nnet_utils/nnet_dense_latency.h:42]   --->   Operation 13 'getelementptr' 'query_weight3_addr_1' <Predicate = true> <Delay = 0.00>
ST_1 : Operation 14 [2/2] (0.68ns)   --->   "%w_107 = load i4 %query_weight3_addr_1" [firmware/nnet_utils/nnet_dense_latency.h:42]   --->   Operation 14 'load' 'w_107' <Predicate = true> <Delay = 0.68> <CoreInst = "ROM">   --->   Core 101 'ROM' <Latency = 1> <II = 1> <Delay = 0.68> <Storage> <Opcode : 'load'> <Ports = 0> <Width = 11> <Depth = 16> <ROM>
ST_1 : Operation 15 [1/1] (0.70ns)   --->   "%add_ln42_7 = add i4 %idx2_read, i4 2" [firmware/nnet_utils/nnet_dense_latency.h:42]   --->   Operation 15 'add' 'add_ln42_7' <Predicate = true> <Delay = 0.70> <CoreInst = "Adder">   --->   Core 1 'Adder' <Latency = 0> <II = 1> <Delay = 0.70> <FuncUnit> <Opcode : 'add' 'sub'> <InPorts = 2> <OutPorts = 1>
ST_1 : Operation 16 [1/1] (0.00ns)   --->   "%zext_ln42_7 = zext i4 %add_ln42_7" [firmware/nnet_utils/nnet_dense_latency.h:42]   --->   Operation 16 'zext' 'zext_ln42_7' <Predicate = true> <Delay = 0.00>
ST_1 : Operation 17 [1/1] (0.00ns)   --->   "%query_weight3_addr_2 = getelementptr i11 %query_weight3, i64 0, i64 %zext_ln42_7" [firmware/nnet_utils/nnet_dense_latency.h:42]   --->   Operation 17 'getelementptr' 'query_weight3_addr_2' <Predicate = true> <Delay = 0.00>
ST_1 : Operation 18 [2/2] (0.68ns)   --->   "%w_108 = load i4 %query_weight3_addr_2" [firmware/nnet_utils/nnet_dense_latency.h:42]   --->   Operation 18 'load' 'w_108' <Predicate = true> <Delay = 0.68> <CoreInst = "ROM">   --->   Core 101 'ROM' <Latency = 1> <II = 1> <Delay = 0.68> <Storage> <Opcode : 'load'> <Ports = 0> <Width = 11> <Depth = 16> <ROM>
ST_1 : Operation 19 [1/1] (0.70ns)   --->   "%add_ln42_8 = add i4 %idx2_read, i4 3" [firmware/nnet_utils/nnet_dense_latency.h:42]   --->   Operation 19 'add' 'add_ln42_8' <Predicate = true> <Delay = 0.70> <CoreInst = "Adder">   --->   Core 1 'Adder' <Latency = 0> <II = 1> <Delay = 0.70> <FuncUnit> <Opcode : 'add' 'sub'> <InPorts = 2> <OutPorts = 1>
ST_1 : Operation 20 [1/1] (0.00ns)   --->   "%zext_ln42_8 = zext i4 %add_ln42_8" [firmware/nnet_utils/nnet_dense_latency.h:42]   --->   Operation 20 'zext' 'zext_ln42_8' <Predicate = true> <Delay = 0.00>
ST_1 : Operation 21 [1/1] (0.00ns)   --->   "%query_weight3_addr_3 = getelementptr i11 %query_weight3, i64 0, i64 %zext_ln42_8" [firmware/nnet_utils/nnet_dense_latency.h:42]   --->   Operation 21 'getelementptr' 'query_weight3_addr_3' <Predicate = true> <Delay = 0.00>
ST_1 : Operation 22 [2/2] (0.68ns)   --->   "%w_109 = load i4 %query_weight3_addr_3" [firmware/nnet_utils/nnet_dense_latency.h:42]   --->   Operation 22 'load' 'w_109' <Predicate = true> <Delay = 0.68> <CoreInst = "ROM">   --->   Core 101 'ROM' <Latency = 1> <II = 1> <Delay = 0.68> <Storage> <Opcode : 'load'> <Ports = 0> <Width = 11> <Depth = 16> <ROM>
ST_1 : Operation 23 [1/1] (0.70ns)   --->   "%add_ln42_9 = add i4 %idx2_read, i4 4" [firmware/nnet_utils/nnet_dense_latency.h:42]   --->   Operation 23 'add' 'add_ln42_9' <Predicate = true> <Delay = 0.70> <CoreInst = "Adder">   --->   Core 1 'Adder' <Latency = 0> <II = 1> <Delay = 0.70> <FuncUnit> <Opcode : 'add' 'sub'> <InPorts = 2> <OutPorts = 1>
ST_1 : Operation 24 [1/1] (0.00ns)   --->   "%zext_ln42_9 = zext i4 %add_ln42_9" [firmware/nnet_utils/nnet_dense_latency.h:42]   --->   Operation 24 'zext' 'zext_ln42_9' <Predicate = true> <Delay = 0.00>
ST_1 : Operation 25 [1/1] (0.00ns)   --->   "%query_weight3_addr_4 = getelementptr i11 %query_weight3, i64 0, i64 %zext_ln42_9" [firmware/nnet_utils/nnet_dense_latency.h:42]   --->   Operation 25 'getelementptr' 'query_weight3_addr_4' <Predicate = true> <Delay = 0.00>
ST_1 : Operation 26 [2/2] (0.68ns)   --->   "%w_110 = load i4 %query_weight3_addr_4" [firmware/nnet_utils/nnet_dense_latency.h:42]   --->   Operation 26 'load' 'w_110' <Predicate = true> <Delay = 0.68> <CoreInst = "ROM">   --->   Core 101 'ROM' <Latency = 1> <II = 1> <Delay = 0.68> <Storage> <Opcode : 'load'> <Ports = 0> <Width = 11> <Depth = 16> <ROM>
ST_1 : Operation 27 [1/1] (0.70ns)   --->   "%add_ln42_10 = add i4 %idx2_read, i4 5" [firmware/nnet_utils/nnet_dense_latency.h:42]   --->   Operation 27 'add' 'add_ln42_10' <Predicate = true> <Delay = 0.70> <CoreInst = "Adder">   --->   Core 1 'Adder' <Latency = 0> <II = 1> <Delay = 0.70> <FuncUnit> <Opcode : 'add' 'sub'> <InPorts = 2> <OutPorts = 1>
ST_1 : Operation 28 [1/1] (0.00ns)   --->   "%zext_ln42_10 = zext i4 %add_ln42_10" [firmware/nnet_utils/nnet_dense_latency.h:42]   --->   Operation 28 'zext' 'zext_ln42_10' <Predicate = true> <Delay = 0.00>
ST_1 : Operation 29 [1/1] (0.00ns)   --->   "%query_weight3_addr_5 = getelementptr i11 %query_weight3, i64 0, i64 %zext_ln42_10" [firmware/nnet_utils/nnet_dense_latency.h:42]   --->   Operation 29 'getelementptr' 'query_weight3_addr_5' <Predicate = true> <Delay = 0.00>
ST_1 : Operation 30 [2/2] (0.68ns)   --->   "%w_111 = load i4 %query_weight3_addr_5" [firmware/nnet_utils/nnet_dense_latency.h:42]   --->   Operation 30 'load' 'w_111' <Predicate = true> <Delay = 0.68> <CoreInst = "ROM">   --->   Core 101 'ROM' <Latency = 1> <II = 1> <Delay = 0.68> <Storage> <Opcode : 'load'> <Ports = 0> <Width = 11> <Depth = 16> <ROM>
ST_1 : Operation 31 [1/1] (0.70ns)   --->   "%add_ln42_11 = add i4 %idx2_read, i4 6" [firmware/nnet_utils/nnet_dense_latency.h:42]   --->   Operation 31 'add' 'add_ln42_11' <Predicate = true> <Delay = 0.70> <CoreInst = "Adder">   --->   Core 1 'Adder' <Latency = 0> <II = 1> <Delay = 0.70> <FuncUnit> <Opcode : 'add' 'sub'> <InPorts = 2> <OutPorts = 1>
ST_1 : Operation 32 [1/1] (0.00ns)   --->   "%zext_ln42_11 = zext i4 %add_ln42_11" [firmware/nnet_utils/nnet_dense_latency.h:42]   --->   Operation 32 'zext' 'zext_ln42_11' <Predicate = true> <Delay = 0.00>
ST_1 : Operation 33 [1/1] (0.00ns)   --->   "%query_weight3_addr_6 = getelementptr i11 %query_weight3, i64 0, i64 %zext_ln42_11" [firmware/nnet_utils/nnet_dense_latency.h:42]   --->   Operation 33 'getelementptr' 'query_weight3_addr_6' <Predicate = true> <Delay = 0.00>
ST_1 : Operation 34 [2/2] (0.68ns)   --->   "%w_112 = load i4 %query_weight3_addr_6" [firmware/nnet_utils/nnet_dense_latency.h:42]   --->   Operation 34 'load' 'w_112' <Predicate = true> <Delay = 0.68> <CoreInst = "ROM">   --->   Core 101 'ROM' <Latency = 1> <II = 1> <Delay = 0.68> <Storage> <Opcode : 'load'> <Ports = 0> <Width = 11> <Depth = 16> <ROM>
ST_1 : Operation 35 [1/1] (0.70ns)   --->   "%add_ln42_12 = add i4 %idx2_read, i4 7" [firmware/nnet_utils/nnet_dense_latency.h:42]   --->   Operation 35 'add' 'add_ln42_12' <Predicate = true> <Delay = 0.70> <CoreInst = "Adder">   --->   Core 1 'Adder' <Latency = 0> <II = 1> <Delay = 0.70> <FuncUnit> <Opcode : 'add' 'sub'> <InPorts = 2> <OutPorts = 1>
ST_1 : Operation 36 [1/1] (0.00ns)   --->   "%zext_ln42_12 = zext i4 %add_ln42_12" [firmware/nnet_utils/nnet_dense_latency.h:42]   --->   Operation 36 'zext' 'zext_ln42_12' <Predicate = true> <Delay = 0.00>
ST_1 : Operation 37 [1/1] (0.00ns)   --->   "%query_weight3_addr_7 = getelementptr i11 %query_weight3, i64 0, i64 %zext_ln42_12" [firmware/nnet_utils/nnet_dense_latency.h:42]   --->   Operation 37 'getelementptr' 'query_weight3_addr_7' <Predicate = true> <Delay = 0.00>
ST_1 : Operation 38 [2/2] (0.68ns)   --->   "%w_113 = load i4 %query_weight3_addr_7" [firmware/nnet_utils/nnet_dense_latency.h:42]   --->   Operation 38 'load' 'w_113' <Predicate = true> <Delay = 0.68> <CoreInst = "ROM">   --->   Core 101 'ROM' <Latency = 1> <II = 1> <Delay = 0.68> <Storage> <Opcode : 'load'> <Ports = 0> <Width = 11> <Depth = 16> <ROM>

State 2 <SV = 1> <Delay = 4.08>
ST_2 : Operation 39 [1/1] (0.00ns)   --->   "%specpipeline_ln13 = specpipeline void @_ssdm_op_SpecPipeline, i32 1, i32 0, i32 0, i32 0, void @empty_1" [firmware/nnet_utils/nnet_dense_latency.h:13]   --->   Operation 39 'specpipeline' 'specpipeline_ln13' <Predicate = true> <Delay = 0.00>
ST_2 : Operation 40 [1/1] (0.00ns)   --->   "%specresourcelimit_ln33 = specresourcelimit void @_ssdm_op_SpecResourceLimit, i64 8, void @empty, void @empty_1, void @empty_1, void @empty_1" [firmware/nnet_utils/nnet_dense_latency.h:33]   --->   Operation 40 'specresourcelimit' 'specresourcelimit_ln33' <Predicate = true> <Delay = 0.00>
ST_2 : Operation 41 [1/2] (0.68ns)   --->   "%w = load i4 %query_weight3_addr" [firmware/nnet_utils/nnet_dense_latency.h:13]   --->   Operation 41 'load' 'w' <Predicate = true> <Delay = 0.68> <CoreInst = "ROM">   --->   Core 101 'ROM' <Latency = 1> <II = 1> <Delay = 0.68> <Storage> <Opcode : 'load'> <Ports = 0> <Width = 11> <Depth = 16> <ROM>
ST_2 : Operation 42 [1/1] (0.00ns)   --->   "%sext_ln73 = sext i11 %w" [firmware/nnet_utils/nnet_mult.h:73->firmware/nnet_utils/nnet_dense_latency.h:42]   --->   Operation 42 'sext' 'sext_ln73' <Predicate = true> <Delay = 0.00>
ST_2 : Operation 43 [1/1] (0.00ns)   --->   "%sext_ln73_969 = sext i16 %data_0_val_read" [firmware/nnet_utils/nnet_mult.h:73->firmware/nnet_utils/nnet_dense_latency.h:42]   --->   Operation 43 'sext' 'sext_ln73_969' <Predicate = true> <Delay = 0.00>
ST_2 : Operation 44 [1/1] (1.94ns)   --->   "%mul_ln42 = mul i26 %sext_ln73_969, i26 %sext_ln73" [firmware/nnet_utils/nnet_dense_latency.h:42]   --->   Operation 44 'mul' 'mul_ln42' <Predicate = true> <Delay = 1.94> <CoreInst = "Multiplier">   --->   Core 3 'Multiplier' <Latency = 0> <II = 1> <Delay = 1.94> <FuncUnit> <Opcode : 'mul'> <InPorts = 2> <OutPorts = 1>
ST_2 : Operation 45 [1/1] (0.00ns)   --->   "%trunc_ln = partselect i16 @_ssdm_op_PartSelect.i16.i26.i32.i32, i26 %mul_ln42, i32 10, i32 25" [firmware/nnet_utils/nnet_dense_latency.h:42]   --->   Operation 45 'partselect' 'trunc_ln' <Predicate = true> <Delay = 0.00>
ST_2 : Operation 46 [1/2] (0.68ns)   --->   "%w_107 = load i4 %query_weight3_addr_1" [firmware/nnet_utils/nnet_dense_latency.h:42]   --->   Operation 46 'load' 'w_107' <Predicate = true> <Delay = 0.68> <CoreInst = "ROM">   --->   Core 101 'ROM' <Latency = 1> <II = 1> <Delay = 0.68> <Storage> <Opcode : 'load'> <Ports = 0> <Width = 11> <Depth = 16> <ROM>
ST_2 : Operation 47 [1/1] (0.00ns)   --->   "%sext_ln73_970 = sext i11 %w_107" [firmware/nnet_utils/nnet_mult.h:73->firmware/nnet_utils/nnet_dense_latency.h:42]   --->   Operation 47 'sext' 'sext_ln73_970' <Predicate = true> <Delay = 0.00>
ST_2 : Operation 48 [1/1] (1.94ns)   --->   "%mul_ln42_20 = mul i26 %sext_ln73_969, i26 %sext_ln73_970" [firmware/nnet_utils/nnet_dense_latency.h:42]   --->   Operation 48 'mul' 'mul_ln42_20' <Predicate = true> <Delay = 1.94> <CoreInst = "Multiplier">   --->   Core 3 'Multiplier' <Latency = 0> <II = 1> <Delay = 1.94> <FuncUnit> <Opcode : 'mul'> <InPorts = 2> <OutPorts = 1>
ST_2 : Operation 49 [1/1] (0.00ns)   --->   "%trunc_ln42_s = partselect i16 @_ssdm_op_PartSelect.i16.i26.i32.i32, i26 %mul_ln42_20, i32 10, i32 25" [firmware/nnet_utils/nnet_dense_latency.h:42]   --->   Operation 49 'partselect' 'trunc_ln42_s' <Predicate = true> <Delay = 0.00>
ST_2 : Operation 50 [1/2] (0.68ns)   --->   "%w_108 = load i4 %query_weight3_addr_2" [firmware/nnet_utils/nnet_dense_latency.h:42]   --->   Operation 50 'load' 'w_108' <Predicate = true> <Delay = 0.68> <CoreInst = "ROM">   --->   Core 101 'ROM' <Latency = 1> <II = 1> <Delay = 0.68> <Storage> <Opcode : 'load'> <Ports = 0> <Width = 11> <Depth = 16> <ROM>
ST_2 : Operation 51 [1/1] (0.00ns)   --->   "%sext_ln73_971 = sext i11 %w_108" [firmware/nnet_utils/nnet_mult.h:73->firmware/nnet_utils/nnet_dense_latency.h:42]   --->   Operation 51 'sext' 'sext_ln73_971' <Predicate = true> <Delay = 0.00>
ST_2 : Operation 52 [1/1] (0.00ns)   --->   "%sext_ln73_972 = sext i16 %data_1_val_read" [firmware/nnet_utils/nnet_mult.h:73->firmware/nnet_utils/nnet_dense_latency.h:42]   --->   Operation 52 'sext' 'sext_ln73_972' <Predicate = true> <Delay = 0.00>
ST_2 : Operation 53 [1/1] (1.94ns)   --->   "%mul_ln42_21 = mul i26 %sext_ln73_972, i26 %sext_ln73_971" [firmware/nnet_utils/nnet_dense_latency.h:42]   --->   Operation 53 'mul' 'mul_ln42_21' <Predicate = true> <Delay = 1.94> <CoreInst = "Multiplier">   --->   Core 3 'Multiplier' <Latency = 0> <II = 1> <Delay = 1.94> <FuncUnit> <Opcode : 'mul'> <InPorts = 2> <OutPorts = 1>
ST_2 : Operation 54 [1/1] (0.00ns)   --->   "%trunc_ln42_21 = partselect i16 @_ssdm_op_PartSelect.i16.i26.i32.i32, i26 %mul_ln42_21, i32 10, i32 25" [firmware/nnet_utils/nnet_dense_latency.h:42]   --->   Operation 54 'partselect' 'trunc_ln42_21' <Predicate = true> <Delay = 0.00>
ST_2 : Operation 55 [1/2] (0.68ns)   --->   "%w_109 = load i4 %query_weight3_addr_3" [firmware/nnet_utils/nnet_dense_latency.h:42]   --->   Operation 55 'load' 'w_109' <Predicate = true> <Delay = 0.68> <CoreInst = "ROM">   --->   Core 101 'ROM' <Latency = 1> <II = 1> <Delay = 0.68> <Storage> <Opcode : 'load'> <Ports = 0> <Width = 11> <Depth = 16> <ROM>
ST_2 : Operation 56 [1/1] (0.00ns)   --->   "%sext_ln73_973 = sext i11 %w_109" [firmware/nnet_utils/nnet_mult.h:73->firmware/nnet_utils/nnet_dense_latency.h:42]   --->   Operation 56 'sext' 'sext_ln73_973' <Predicate = true> <Delay = 0.00>
ST_2 : Operation 57 [1/1] (1.94ns)   --->   "%mul_ln42_22 = mul i26 %sext_ln73_972, i26 %sext_ln73_973" [firmware/nnet_utils/nnet_dense_latency.h:42]   --->   Operation 57 'mul' 'mul_ln42_22' <Predicate = true> <Delay = 1.94> <CoreInst = "Multiplier">   --->   Core 3 'Multiplier' <Latency = 0> <II = 1> <Delay = 1.94> <FuncUnit> <Opcode : 'mul'> <InPorts = 2> <OutPorts = 1>
ST_2 : Operation 58 [1/1] (0.00ns)   --->   "%trunc_ln42_22 = partselect i16 @_ssdm_op_PartSelect.i16.i26.i32.i32, i26 %mul_ln42_22, i32 10, i32 25" [firmware/nnet_utils/nnet_dense_latency.h:42]   --->   Operation 58 'partselect' 'trunc_ln42_22' <Predicate = true> <Delay = 0.00>
ST_2 : Operation 59 [1/2] (0.68ns)   --->   "%w_110 = load i4 %query_weight3_addr_4" [firmware/nnet_utils/nnet_dense_latency.h:42]   --->   Operation 59 'load' 'w_110' <Predicate = true> <Delay = 0.68> <CoreInst = "ROM">   --->   Core 101 'ROM' <Latency = 1> <II = 1> <Delay = 0.68> <Storage> <Opcode : 'load'> <Ports = 0> <Width = 11> <Depth = 16> <ROM>
ST_2 : Operation 60 [1/1] (0.00ns)   --->   "%sext_ln73_974 = sext i11 %w_110" [firmware/nnet_utils/nnet_mult.h:73->firmware/nnet_utils/nnet_dense_latency.h:42]   --->   Operation 60 'sext' 'sext_ln73_974' <Predicate = true> <Delay = 0.00>
ST_2 : Operation 61 [1/1] (0.00ns)   --->   "%sext_ln73_975 = sext i16 %data_2_val_read" [firmware/nnet_utils/nnet_mult.h:73->firmware/nnet_utils/nnet_dense_latency.h:42]   --->   Operation 61 'sext' 'sext_ln73_975' <Predicate = true> <Delay = 0.00>
ST_2 : Operation 62 [1/1] (1.94ns)   --->   "%mul_ln42_23 = mul i26 %sext_ln73_975, i26 %sext_ln73_974" [firmware/nnet_utils/nnet_dense_latency.h:42]   --->   Operation 62 'mul' 'mul_ln42_23' <Predicate = true> <Delay = 1.94> <CoreInst = "Multiplier">   --->   Core 3 'Multiplier' <Latency = 0> <II = 1> <Delay = 1.94> <FuncUnit> <Opcode : 'mul'> <InPorts = 2> <OutPorts = 1>
ST_2 : Operation 63 [1/1] (0.00ns)   --->   "%trunc_ln42_23 = partselect i16 @_ssdm_op_PartSelect.i16.i26.i32.i32, i26 %mul_ln42_23, i32 10, i32 25" [firmware/nnet_utils/nnet_dense_latency.h:42]   --->   Operation 63 'partselect' 'trunc_ln42_23' <Predicate = true> <Delay = 0.00>
ST_2 : Operation 64 [1/2] (0.68ns)   --->   "%w_111 = load i4 %query_weight3_addr_5" [firmware/nnet_utils/nnet_dense_latency.h:42]   --->   Operation 64 'load' 'w_111' <Predicate = true> <Delay = 0.68> <CoreInst = "ROM">   --->   Core 101 'ROM' <Latency = 1> <II = 1> <Delay = 0.68> <Storage> <Opcode : 'load'> <Ports = 0> <Width = 11> <Depth = 16> <ROM>
ST_2 : Operation 65 [1/1] (0.00ns)   --->   "%sext_ln73_976 = sext i11 %w_111" [firmware/nnet_utils/nnet_mult.h:73->firmware/nnet_utils/nnet_dense_latency.h:42]   --->   Operation 65 'sext' 'sext_ln73_976' <Predicate = true> <Delay = 0.00>
ST_2 : Operation 66 [1/1] (1.94ns)   --->   "%mul_ln42_24 = mul i26 %sext_ln73_975, i26 %sext_ln73_976" [firmware/nnet_utils/nnet_dense_latency.h:42]   --->   Operation 66 'mul' 'mul_ln42_24' <Predicate = true> <Delay = 1.94> <CoreInst = "Multiplier">   --->   Core 3 'Multiplier' <Latency = 0> <II = 1> <Delay = 1.94> <FuncUnit> <Opcode : 'mul'> <InPorts = 2> <OutPorts = 1>
ST_2 : Operation 67 [1/1] (0.00ns)   --->   "%trunc_ln42_24 = partselect i16 @_ssdm_op_PartSelect.i16.i26.i32.i32, i26 %mul_ln42_24, i32 10, i32 25" [firmware/nnet_utils/nnet_dense_latency.h:42]   --->   Operation 67 'partselect' 'trunc_ln42_24' <Predicate = true> <Delay = 0.00>
ST_2 : Operation 68 [1/2] (0.68ns)   --->   "%w_112 = load i4 %query_weight3_addr_6" [firmware/nnet_utils/nnet_dense_latency.h:42]   --->   Operation 68 'load' 'w_112' <Predicate = true> <Delay = 0.68> <CoreInst = "ROM">   --->   Core 101 'ROM' <Latency = 1> <II = 1> <Delay = 0.68> <Storage> <Opcode : 'load'> <Ports = 0> <Width = 11> <Depth = 16> <ROM>
ST_2 : Operation 69 [1/1] (0.00ns)   --->   "%sext_ln73_977 = sext i11 %w_112" [firmware/nnet_utils/nnet_mult.h:73->firmware/nnet_utils/nnet_dense_latency.h:42]   --->   Operation 69 'sext' 'sext_ln73_977' <Predicate = true> <Delay = 0.00>
ST_2 : Operation 70 [1/1] (0.00ns)   --->   "%sext_ln73_978 = sext i16 %data_3_val_read" [firmware/nnet_utils/nnet_mult.h:73->firmware/nnet_utils/nnet_dense_latency.h:42]   --->   Operation 70 'sext' 'sext_ln73_978' <Predicate = true> <Delay = 0.00>
ST_2 : Operation 71 [1/1] (1.94ns)   --->   "%mul_ln42_25 = mul i26 %sext_ln73_978, i26 %sext_ln73_977" [firmware/nnet_utils/nnet_dense_latency.h:42]   --->   Operation 71 'mul' 'mul_ln42_25' <Predicate = true> <Delay = 1.94> <CoreInst = "Multiplier">   --->   Core 3 'Multiplier' <Latency = 0> <II = 1> <Delay = 1.94> <FuncUnit> <Opcode : 'mul'> <InPorts = 2> <OutPorts = 1>
ST_2 : Operation 72 [1/1] (0.00ns)   --->   "%trunc_ln42_25 = partselect i16 @_ssdm_op_PartSelect.i16.i26.i32.i32, i26 %mul_ln42_25, i32 10, i32 25" [firmware/nnet_utils/nnet_dense_latency.h:42]   --->   Operation 72 'partselect' 'trunc_ln42_25' <Predicate = true> <Delay = 0.00>
ST_2 : Operation 73 [1/2] (0.68ns)   --->   "%w_113 = load i4 %query_weight3_addr_7" [firmware/nnet_utils/nnet_dense_latency.h:42]   --->   Operation 73 'load' 'w_113' <Predicate = true> <Delay = 0.68> <CoreInst = "ROM">   --->   Core 101 'ROM' <Latency = 1> <II = 1> <Delay = 0.68> <Storage> <Opcode : 'load'> <Ports = 0> <Width = 11> <Depth = 16> <ROM>
ST_2 : Operation 74 [1/1] (0.00ns)   --->   "%sext_ln73_979 = sext i11 %w_113" [firmware/nnet_utils/nnet_mult.h:73->firmware/nnet_utils/nnet_dense_latency.h:42]   --->   Operation 74 'sext' 'sext_ln73_979' <Predicate = true> <Delay = 0.00>
ST_2 : Operation 75 [1/1] (1.94ns)   --->   "%mul_ln42_26 = mul i26 %sext_ln73_978, i26 %sext_ln73_979" [firmware/nnet_utils/nnet_dense_latency.h:42]   --->   Operation 75 'mul' 'mul_ln42_26' <Predicate = true> <Delay = 1.94> <CoreInst = "Multiplier">   --->   Core 3 'Multiplier' <Latency = 0> <II = 1> <Delay = 1.94> <FuncUnit> <Opcode : 'mul'> <InPorts = 2> <OutPorts = 1>
ST_2 : Operation 76 [1/1] (0.00ns)   --->   "%trunc_ln42_26 = partselect i16 @_ssdm_op_PartSelect.i16.i26.i32.i32, i26 %mul_ln42_26, i32 10, i32 25" [firmware/nnet_utils/nnet_dense_latency.h:42]   --->   Operation 76 'partselect' 'trunc_ln42_26' <Predicate = true> <Delay = 0.00>
ST_2 : Operation 77 [1/1] (0.00ns) (grouped into TernaryAdder)   --->   "%add_ln58 = add i16 %trunc_ln42_21, i16 %trunc_ln" [firmware/nnet_utils/nnet_dense_latency.h:58]   --->   Operation 77 'add' 'add_ln58' <Predicate = true> <Delay = 0.00> <CoreInst = "TAddSub">   --->   Core 10 'TAddSub' <Latency = 0> <II = 1> <Delay = 0.33> <IPBlock> <Opcode : '' 'add' 'sub'> <InPorts = 3> <OutPorts = 1> <Sync> <CReg>
ST_2 : Operation 78 [1/1] (0.78ns)   --->   "%add_ln58_17 = add i16 %trunc_ln42_23, i16 %trunc_ln42_25" [firmware/nnet_utils/nnet_dense_latency.h:58]   --->   Operation 78 'add' 'add_ln58_17' <Predicate = true> <Delay = 0.78> <CoreInst = "Adder">   --->   Core 1 'Adder' <Latency = 0> <II = 1> <Delay = 0.78> <FuncUnit> <Opcode : 'add' 'sub'> <InPorts = 2> <OutPorts = 1>
ST_2 : Operation 79 [1/1] (0.67ns) (root node of TernaryAdder)   --->   "%x = add i16 %add_ln58_17, i16 %add_ln58" [firmware/nnet_utils/nnet_dense_latency.h:58]   --->   Operation 79 'add' 'x' <Predicate = true> <Delay = 0.67> <CoreInst = "TAddSub">   --->   Core 10 'TAddSub' <Latency = 0> <II = 1> <Delay = 0.33> <IPBlock> <Opcode : '' 'add' 'sub'> <InPorts = 3> <OutPorts = 1> <Sync> <CReg>
ST_2 : Operation 80 [1/1] (0.00ns) (grouped into TernaryAdder)   --->   "%add_ln58_19 = add i16 %trunc_ln42_22, i16 %trunc_ln42_s" [firmware/nnet_utils/nnet_dense_latency.h:58]   --->   Operation 80 'add' 'add_ln58_19' <Predicate = true> <Delay = 0.00> <CoreInst = "TAddSub">   --->   Core 10 'TAddSub' <Latency = 0> <II = 1> <Delay = 0.33> <IPBlock> <Opcode : '' 'add' 'sub'> <InPorts = 3> <OutPorts = 1> <Sync> <CReg>
ST_2 : Operation 81 [1/1] (0.78ns)   --->   "%add_ln58_20 = add i16 %trunc_ln42_24, i16 %trunc_ln42_26" [firmware/nnet_utils/nnet_dense_latency.h:58]   --->   Operation 81 'add' 'add_ln58_20' <Predicate = true> <Delay = 0.78> <CoreInst = "Adder">   --->   Core 1 'Adder' <Latency = 0> <II = 1> <Delay = 0.78> <FuncUnit> <Opcode : 'add' 'sub'> <InPorts = 2> <OutPorts = 1>
ST_2 : Operation 82 [1/1] (0.67ns) (root node of TernaryAdder)   --->   "%x_5 = add i16 %add_ln58_20, i16 %add_ln58_19" [firmware/nnet_utils/nnet_dense_latency.h:58]   --->   Operation 82 'add' 'x_5' <Predicate = true> <Delay = 0.67> <CoreInst = "TAddSub">   --->   Core 10 'TAddSub' <Latency = 0> <II = 1> <Delay = 0.33> <IPBlock> <Opcode : '' 'add' 'sub'> <InPorts = 3> <OutPorts = 1> <Sync> <CReg>
ST_2 : Operation 83 [1/1] (0.00ns)   --->   "%shl_ln = bitconcatenate i26 @_ssdm_op_BitConcatenate.i26.i16.i10, i16 %x, i10 0" [firmware/nnet_utils/nnet_mult.h:111->firmware/nnet_utils/nnet_dense_latency.h:66]   --->   Operation 83 'bitconcatenate' 'shl_ln' <Predicate = true> <Delay = 0.00>
ST_2 : Operation 84 [1/1] (0.00ns)   --->   "%sext_ln110 = sext i26 %shl_ln" [firmware/nnet_utils/nnet_mult.h:110->firmware/nnet_utils/nnet_dense_latency.h:66]   --->   Operation 84 'sext' 'sext_ln110' <Predicate = true> <Delay = 0.00>
ST_2 : Operation 85 [1/1] (0.00ns)   --->   "%shl_ln111_5 = bitconcatenate i26 @_ssdm_op_BitConcatenate.i26.i16.i10, i16 %x_5, i10 0" [firmware/nnet_utils/nnet_mult.h:111->firmware/nnet_utils/nnet_dense_latency.h:66]   --->   Operation 85 'bitconcatenate' 'shl_ln111_5' <Predicate = true> <Delay = 0.00>
ST_2 : Operation 86 [1/1] (0.00ns)   --->   "%sext_ln68 = sext i26 %shl_ln111_5" [firmware/nnet_utils/nnet_dense_latency.h:68]   --->   Operation 86 'sext' 'sext_ln68' <Predicate = true> <Delay = 0.00>
ST_2 : Operation 87 [1/1] (0.00ns)   --->   "%mrv = insertvalue i66 <undef>, i33 %sext_ln110" [firmware/nnet_utils/nnet_dense_latency.h:68]   --->   Operation 87 'insertvalue' 'mrv' <Predicate = true> <Delay = 0.00>
ST_2 : Operation 88 [1/1] (0.00ns)   --->   "%mrv_1 = insertvalue i66 %mrv, i33 %sext_ln68" [firmware/nnet_utils/nnet_dense_latency.h:68]   --->   Operation 88 'insertvalue' 'mrv_1' <Predicate = true> <Delay = 0.00>
ST_2 : Operation 89 [1/1] (0.00ns)   --->   "%ret_ln68 = ret i66 %mrv_1" [firmware/nnet_utils/nnet_dense_latency.h:68]   --->   Operation 89 'ret' 'ret_ln68' <Predicate = true> <Delay = 0.00>


============================================================
+ Verbose Summary: Binding
============================================================
STG Binding: 
---------------- STG Properties BEGIN ----------------
- Is combinational: 0
- Is one-state seq: 0
- Is datapath-only: 0
- Is pipelined: 1
- Is top level: 0
Port [ Return ] is wired: 1; IO mode=ap_ctrl_hs:ce=0
Port [ data_0_val]:  wired=1; compound=0; hidden=0; nouse=0; global=0; static=0; extern=0; dir=0; type=0; pingpong=0; private_global=0; IO mode=ap_none:ce=0
Port [ data_1_val]:  wired=1; compound=0; hidden=0; nouse=0; global=0; static=0; extern=0; dir=0; type=0; pingpong=0; private_global=0; IO mode=ap_none:ce=0
Port [ data_2_val]:  wired=1; compound=0; hidden=0; nouse=0; global=0; static=0; extern=0; dir=0; type=0; pingpong=0; private_global=0; IO mode=ap_none:ce=0
Port [ data_3_val]:  wired=1; compound=0; hidden=0; nouse=0; global=0; static=0; extern=0; dir=0; type=0; pingpong=0; private_global=0; IO mode=ap_none:ce=0
Port [ idx2]:  wired=1; compound=0; hidden=0; nouse=0; global=0; static=0; extern=0; dir=0; type=0; pingpong=0; private_global=0; IO mode=ap_none:ce=0
Port [ query_weight3]:  wired=0; compound=1; hidden=1; nouse=0; global=1; static=1; extern=0; dir=0; type=1; pingpong=0; private_global=0; MemPort=[11111111]; IO mode=ap_memory:ce=0
---------------- STG Properties END ------------------

---------------- Datapath Model BEGIN ----------------

<LifeTime>
<method=bitvector/>
idx2_read              (read             ) [ 000]
data_3_val_read        (read             ) [ 011]
data_2_val_read        (read             ) [ 011]
data_1_val_read        (read             ) [ 011]
data_0_val_read        (read             ) [ 011]
zext_ln13              (zext             ) [ 000]
query_weight3_addr     (getelementptr    ) [ 011]
add_ln42               (add              ) [ 000]
zext_ln42              (zext             ) [ 000]
query_weight3_addr_1   (getelementptr    ) [ 011]
add_ln42_7             (add              ) [ 000]
zext_ln42_7            (zext             ) [ 000]
query_weight3_addr_2   (getelementptr    ) [ 011]
add_ln42_8             (add              ) [ 000]
zext_ln42_8            (zext             ) [ 000]
query_weight3_addr_3   (getelementptr    ) [ 011]
add_ln42_9             (add              ) [ 000]
zext_ln42_9            (zext             ) [ 000]
query_weight3_addr_4   (getelementptr    ) [ 011]
add_ln42_10            (add              ) [ 000]
zext_ln42_10           (zext             ) [ 000]
query_weight3_addr_5   (getelementptr    ) [ 011]
add_ln42_11            (add              ) [ 000]
zext_ln42_11           (zext             ) [ 000]
query_weight3_addr_6   (getelementptr    ) [ 011]
add_ln42_12            (add              ) [ 000]
zext_ln42_12           (zext             ) [ 000]
query_weight3_addr_7   (getelementptr    ) [ 011]
specpipeline_ln13      (specpipeline     ) [ 000]
specresourcelimit_ln33 (specresourcelimit) [ 000]
w                      (load             ) [ 000]
sext_ln73              (sext             ) [ 000]
sext_ln73_969          (sext             ) [ 000]
mul_ln42               (mul              ) [ 000]
trunc_ln               (partselect       ) [ 000]
w_107                  (load             ) [ 000]
sext_ln73_970          (sext             ) [ 000]
mul_ln42_20            (mul              ) [ 000]
trunc_ln42_s           (partselect       ) [ 000]
w_108                  (load             ) [ 000]
sext_ln73_971          (sext             ) [ 000]
sext_ln73_972          (sext             ) [ 000]
mul_ln42_21            (mul              ) [ 000]
trunc_ln42_21          (partselect       ) [ 000]
w_109                  (load             ) [ 000]
sext_ln73_973          (sext             ) [ 000]
mul_ln42_22            (mul              ) [ 000]
trunc_ln42_22          (partselect       ) [ 000]
w_110                  (load             ) [ 000]
sext_ln73_974          (sext             ) [ 000]
sext_ln73_975          (sext             ) [ 000]
mul_ln42_23            (mul              ) [ 000]
trunc_ln42_23          (partselect       ) [ 000]
w_111                  (load             ) [ 000]
sext_ln73_976          (sext             ) [ 000]
mul_ln42_24            (mul              ) [ 000]
trunc_ln42_24          (partselect       ) [ 000]
w_112                  (load             ) [ 000]
sext_ln73_977          (sext             ) [ 000]
sext_ln73_978          (sext             ) [ 000]
mul_ln42_25            (mul              ) [ 000]
trunc_ln42_25          (partselect       ) [ 000]
w_113                  (load             ) [ 000]
sext_ln73_979          (sext             ) [ 000]
mul_ln42_26            (mul              ) [ 000]
trunc_ln42_26          (partselect       ) [ 000]
add_ln58               (add              ) [ 000]
add_ln58_17            (add              ) [ 000]
x                      (add              ) [ 000]
add_ln58_19            (add              ) [ 000]
add_ln58_20            (add              ) [ 000]
x_5                    (add              ) [ 000]
shl_ln                 (bitconcatenate   ) [ 000]
sext_ln110             (sext             ) [ 000]
shl_ln111_5            (bitconcatenate   ) [ 000]
sext_ln68              (sext             ) [ 000]
mrv                    (insertvalue      ) [ 000]
mrv_1                  (insertvalue      ) [ 000]
ret_ln68               (ret              ) [ 000]
</LifeTime>

<model>

<comp_list>
<comp id="0" class="1000" name="data_0_val">
<pin_list>
<pin id="1" dir="1" index="0" bw="1" slack="0"/>
</pin_list>
<bind>
<StgValue><ssdm name="data_0_val"/></StgValue>
</bind>
</comp>

<comp id="2" class="1000" name="data_1_val">
<pin_list>
<pin id="3" dir="1" index="0" bw="1" slack="0"/>
</pin_list>
<bind>
<StgValue><ssdm name="data_1_val"/></StgValue>
</bind>
</comp>

<comp id="4" class="1000" name="data_2_val">
<pin_list>
<pin id="5" dir="1" index="0" bw="1" slack="0"/>
</pin_list>
<bind>
<StgValue><ssdm name="data_2_val"/></StgValue>
</bind>
</comp>

<comp id="6" class="1000" name="data_3_val">
<pin_list>
<pin id="7" dir="1" index="0" bw="1" slack="0"/>
</pin_list>
<bind>
<StgValue><ssdm name="data_3_val"/></StgValue>
</bind>
</comp>

<comp id="8" class="1000" name="idx2">
<pin_list>
<pin id="9" dir="1" index="0" bw="1" slack="0"/>
</pin_list>
<bind>
<StgValue><ssdm name="idx2"/></StgValue>
</bind>
</comp>

<comp id="10" class="1000" name="query_weight3">
<pin_list>
<pin id="11" dir="1" index="0" bw="1" slack="0"/>
</pin_list>
<bind>
<StgValue><ssdm name="query_weight3"/><MemPortTyVec>1 1 1 1 1 1 1 1 </MemPortTyVec>
</StgValue>
</bind>
</comp>

<comp id="12" class="1001" name="const_12">
<pin_list>
<pin id="13" dir="1" index="0" bw="1" slack="0"/>
</pin_list>
<bind>
<StgValue><ssdm name="_ssdm_op_Read.ap_auto.i4"/></StgValue>
</bind>
</comp>

<comp id="14" class="1001" name="const_14">
<pin_list>
<pin id="15" dir="1" index="0" bw="1" slack="0"/>
</pin_list>
<bind>
<StgValue><ssdm name="_ssdm_op_Read.ap_auto.i16"/></StgValue>
</bind>
</comp>

<comp id="16" class="1001" name="const_16">
<pin_list>
<pin id="17" dir="1" index="0" bw="1" slack="0"/>
</pin_list>
<bind>
<StgValue><ssdm name=""/></StgValue>
</bind>
</comp>

<comp id="18" class="1001" name="const_18">
<pin_list>
<pin id="19" dir="1" index="0" bw="1" slack="0"/>
</pin_list>
<bind>
<StgValue><ssdm name=""/></StgValue>
</bind>
</comp>

<comp id="20" class="1001" name="const_20">
<pin_list>
<pin id="21" dir="1" index="0" bw="1" slack="0"/>
</pin_list>
<bind>
<StgValue><ssdm name=""/></StgValue>
</bind>
</comp>

<comp id="22" class="1001" name="const_22">
<pin_list>
<pin id="23" dir="1" index="0" bw="1" slack="0"/>
</pin_list>
<bind>
<StgValue><ssdm name=""/></StgValue>
</bind>
</comp>

<comp id="24" class="1001" name="const_24">
<pin_list>
<pin id="25" dir="1" index="0" bw="1" slack="0"/>
</pin_list>
<bind>
<StgValue><ssdm name=""/></StgValue>
</bind>
</comp>

<comp id="26" class="1001" name="const_26">
<pin_list>
<pin id="27" dir="1" index="0" bw="1" slack="0"/>
</pin_list>
<bind>
<StgValue><ssdm name=""/></StgValue>
</bind>
</comp>

<comp id="28" class="1001" name="const_28">
<pin_list>
<pin id="29" dir="1" index="0" bw="1" slack="0"/>
</pin_list>
<bind>
<StgValue><ssdm name=""/></StgValue>
</bind>
</comp>

<comp id="30" class="1001" name="const_30">
<pin_list>
<pin id="31" dir="1" index="0" bw="1" slack="0"/>
</pin_list>
<bind>
<StgValue><ssdm name=""/></StgValue>
</bind>
</comp>

<comp id="32" class="1001" name="const_32">
<pin_list>
<pin id="33" dir="1" index="0" bw="1" slack="2147483647"/>
</pin_list>
<bind>
<StgValue><ssdm name="_ssdm_op_SpecPipeline"/></StgValue>
</bind>
</comp>

<comp id="34" class="1001" name="const_34">
<pin_list>
<pin id="35" dir="1" index="0" bw="1" slack="2147483647"/>
</pin_list>
<bind>
<StgValue><ssdm name=""/></StgValue>
</bind>
</comp>

<comp id="36" class="1001" name="const_36">
<pin_list>
<pin id="37" dir="1" index="0" bw="1" slack="2147483647"/>
</pin_list>
<bind>
<StgValue><ssdm name=""/></StgValue>
</bind>
</comp>

<comp id="38" class="1001" name="const_38">
<pin_list>
<pin id="39" dir="1" index="0" bw="1" slack="2147483647"/>
</pin_list>
<bind>
<StgValue><ssdm name="empty_1"/></StgValue>
</bind>
</comp>

<comp id="40" class="1001" name="const_40">
<pin_list>
<pin id="41" dir="1" index="0" bw="1" slack="2147483647"/>
</pin_list>
<bind>
<StgValue><ssdm name="_ssdm_op_SpecResourceLimit"/></StgValue>
</bind>
</comp>

<comp id="42" class="1001" name="const_42">
<pin_list>
<pin id="43" dir="1" index="0" bw="1" slack="2147483647"/>
</pin_list>
<bind>
<StgValue><ssdm name=""/></StgValue>
</bind>
</comp>

<comp id="44" class="1001" name="const_44">
<pin_list>
<pin id="45" dir="1" index="0" bw="1" slack="2147483647"/>
</pin_list>
<bind>
<StgValue><ssdm name="empty"/></StgValue>
</bind>
</comp>

<comp id="46" class="1001" name="const_46">
<pin_list>
<pin id="47" dir="1" index="0" bw="1" slack="0"/>
</pin_list>
<bind>
<StgValue><ssdm name="_ssdm_op_PartSelect.i16.i26.i32.i32"/></StgValue>
</bind>
</comp>

<comp id="48" class="1001" name="const_48">
<pin_list>
<pin id="49" dir="1" index="0" bw="1" slack="0"/>
</pin_list>
<bind>
<StgValue><ssdm name=""/></StgValue>
</bind>
</comp>

<comp id="50" class="1001" name="const_50">
<pin_list>
<pin id="51" dir="1" index="0" bw="1" slack="0"/>
</pin_list>
<bind>
<StgValue><ssdm name=""/></StgValue>
</bind>
</comp>

<comp id="52" class="1001" name="const_52">
<pin_list>
<pin id="53" dir="1" index="0" bw="1" slack="0"/>
</pin_list>
<bind>
<StgValue><ssdm name="_ssdm_op_BitConcatenate.i26.i16.i10"/></StgValue>
</bind>
</comp>

<comp id="54" class="1001" name="const_54">
<pin_list>
<pin id="55" dir="1" index="0" bw="1" slack="0"/>
</pin_list>
<bind>
<StgValue><ssdm name=""/></StgValue>
</bind>
</comp>

<comp id="56" class="1001" name="const_56">
<pin_list>
<pin id="57" dir="1" index="0" bw="1" slack="0"/>
</pin_list>
<bind>
<StgValue><ssdm name=""/></StgValue>
</bind>
</comp>

<comp id="58" class="1004" name="idx2_read_read_fu_58">
<pin_list>
<pin id="59" dir="0" index="0" bw="4" slack="0"/>
<pin id="60" dir="0" index="1" bw="4" slack="0"/>
<pin id="61" dir="1" index="2" bw="4" slack="0"/>
</pin_list>
<bind>
<opcode="read(1150) " fcode="read"/>
<opset="idx2_read/1 "/>
</bind>
</comp>

<comp id="64" class="1004" name="data_3_val_read_read_fu_64">
<pin_list>
<pin id="65" dir="0" index="0" bw="16" slack="0"/>
<pin id="66" dir="0" index="1" bw="16" slack="0"/>
<pin id="67" dir="1" index="2" bw="16" slack="1"/>
</pin_list>
<bind>
<opcode="read(1150) " fcode="read"/>
<opset="data_3_val_read/1 "/>
</bind>
</comp>

<comp id="70" class="1004" name="data_2_val_read_read_fu_70">
<pin_list>
<pin id="71" dir="0" index="0" bw="16" slack="0"/>
<pin id="72" dir="0" index="1" bw="16" slack="0"/>
<pin id="73" dir="1" index="2" bw="16" slack="1"/>
</pin_list>
<bind>
<opcode="read(1150) " fcode="read"/>
<opset="data_2_val_read/1 "/>
</bind>
</comp>

<comp id="76" class="1004" name="data_1_val_read_read_fu_76">
<pin_list>
<pin id="77" dir="0" index="0" bw="16" slack="0"/>
<pin id="78" dir="0" index="1" bw="16" slack="0"/>
<pin id="79" dir="1" index="2" bw="16" slack="1"/>
</pin_list>
<bind>
<opcode="read(1150) " fcode="read"/>
<opset="data_1_val_read/1 "/>
</bind>
</comp>

<comp id="82" class="1004" name="data_0_val_read_read_fu_82">
<pin_list>
<pin id="83" dir="0" index="0" bw="16" slack="0"/>
<pin id="84" dir="0" index="1" bw="16" slack="0"/>
<pin id="85" dir="1" index="2" bw="16" slack="1"/>
</pin_list>
<bind>
<opcode="read(1150) " fcode="read"/>
<opset="data_0_val_read/1 "/>
</bind>
</comp>

<comp id="88" class="1004" name="query_weight3_addr_gep_fu_88">
<pin_list>
<pin id="89" dir="0" index="0" bw="11" slack="0"/>
<pin id="90" dir="0" index="1" bw="1" slack="0"/>
<pin id="91" dir="0" index="2" bw="4" slack="0"/>
<pin id="92" dir="1" index="3" bw="4" slack="0"/>
</pin_list>
<bind>
<opcode="getelementptr(29) " fcode="getelementptr"/>
<opset="query_weight3_addr/1 "/>
</bind>
</comp>

<comp id="95" class="1004" name="grp_access_fu_95">
<pin_list>
<pin id="96" dir="0" index="0" bw="4" slack="0"/>
<pin id="97" dir="0" index="1" bw="11" slack="2147483647"/>
<pin id="98" dir="0" index="2" bw="0" slack="0"/>
<pin id="100" dir="0" index="4" bw="4" slack="2147483647"/>
<pin id="101" dir="0" index="5" bw="11" slack="0"/>
<pin id="102" dir="0" index="6" bw="0" slack="2147483647"/>
<pin id="104" dir="0" index="8" bw="4" slack="0"/>
<pin id="105" dir="0" index="9" bw="11" slack="2147483647"/>
<pin id="106" dir="0" index="10" bw="0" slack="0"/>
<pin id="108" dir="0" index="12" bw="4" slack="2147483647"/>
<pin id="109" dir="0" index="13" bw="11" slack="0"/>
<pin id="110" dir="0" index="14" bw="0" slack="2147483647"/>
<pin id="112" dir="0" index="16" bw="4" slack="0"/>
<pin id="113" dir="0" index="17" bw="11" slack="2147483647"/>
<pin id="114" dir="0" index="18" bw="0" slack="0"/>
<pin id="116" dir="0" index="20" bw="4" slack="2147483647"/>
<pin id="117" dir="0" index="21" bw="11" slack="2147483647"/>
<pin id="118" dir="0" index="22" bw="0" slack="2147483647"/>
<pin id="120" dir="0" index="24" bw="4" slack="2147483647"/>
<pin id="121" dir="0" index="25" bw="11" slack="2147483647"/>
<pin id="122" dir="0" index="26" bw="0" slack="2147483647"/>
<pin id="124" dir="0" index="28" bw="4" slack="2147483647"/>
<pin id="125" dir="0" index="29" bw="11" slack="2147483647"/>
<pin id="126" dir="0" index="30" bw="0" slack="2147483647"/>
<pin id="99" dir="1" index="3" bw="11" slack="0"/>
<pin id="103" dir="1" index="7" bw="11" slack="0"/>
<pin id="107" dir="1" index="11" bw="11" slack="0"/>
<pin id="111" dir="1" index="15" bw="11" slack="0"/>
<pin id="115" dir="1" index="19" bw="11" slack="0"/>
<pin id="119" dir="1" index="23" bw="11" slack="0"/>
<pin id="123" dir="1" index="27" bw="11" slack="0"/>
<pin id="127" dir="1" index="31" bw="11" slack="0"/>
</pin_list>
<bind>
<opcode="load(27) " fcode="load"/>
<opset="w/1 w_107/1 w_108/1 w_109/1 w_110/1 w_111/1 w_112/1 w_113/1 "/>
</bind>
</comp>

<comp id="129" class="1004" name="query_weight3_addr_1_gep_fu_129">
<pin_list>
<pin id="130" dir="0" index="0" bw="11" slack="0"/>
<pin id="131" dir="0" index="1" bw="1" slack="0"/>
<pin id="132" dir="0" index="2" bw="4" slack="0"/>
<pin id="133" dir="1" index="3" bw="4" slack="0"/>
</pin_list>
<bind>
<opcode="getelementptr(29) " fcode="getelementptr"/>
<opset="query_weight3_addr_1/1 "/>
</bind>
</comp>

<comp id="137" class="1004" name="query_weight3_addr_2_gep_fu_137">
<pin_list>
<pin id="138" dir="0" index="0" bw="11" slack="0"/>
<pin id="139" dir="0" index="1" bw="1" slack="0"/>
<pin id="140" dir="0" index="2" bw="4" slack="0"/>
<pin id="141" dir="1" index="3" bw="4" slack="0"/>
</pin_list>
<bind>
<opcode="getelementptr(29) " fcode="getelementptr"/>
<opset="query_weight3_addr_2/1 "/>
</bind>
</comp>

<comp id="145" class="1004" name="query_weight3_addr_3_gep_fu_145">
<pin_list>
<pin id="146" dir="0" index="0" bw="11" slack="0"/>
<pin id="147" dir="0" index="1" bw="1" slack="0"/>
<pin id="148" dir="0" index="2" bw="4" slack="0"/>
<pin id="149" dir="1" index="3" bw="4" slack="0"/>
</pin_list>
<bind>
<opcode="getelementptr(29) " fcode="getelementptr"/>
<opset="query_weight3_addr_3/1 "/>
</bind>
</comp>

<comp id="153" class="1004" name="query_weight3_addr_4_gep_fu_153">
<pin_list>
<pin id="154" dir="0" index="0" bw="11" slack="0"/>
<pin id="155" dir="0" index="1" bw="1" slack="0"/>
<pin id="156" dir="0" index="2" bw="4" slack="0"/>
<pin id="157" dir="1" index="3" bw="4" slack="0"/>
</pin_list>
<bind>
<opcode="getelementptr(29) " fcode="getelementptr"/>
<opset="query_weight3_addr_4/1 "/>
</bind>
</comp>

<comp id="161" class="1004" name="query_weight3_addr_5_gep_fu_161">
<pin_list>
<pin id="162" dir="0" index="0" bw="11" slack="0"/>
<pin id="163" dir="0" index="1" bw="1" slack="0"/>
<pin id="164" dir="0" index="2" bw="4" slack="0"/>
<pin id="165" dir="1" index="3" bw="4" slack="0"/>
</pin_list>
<bind>
<opcode="getelementptr(29) " fcode="getelementptr"/>
<opset="query_weight3_addr_5/1 "/>
</bind>
</comp>

<comp id="169" class="1004" name="query_weight3_addr_6_gep_fu_169">
<pin_list>
<pin id="170" dir="0" index="0" bw="11" slack="0"/>
<pin id="171" dir="0" index="1" bw="1" slack="0"/>
<pin id="172" dir="0" index="2" bw="4" slack="0"/>
<pin id="173" dir="1" index="3" bw="4" slack="0"/>
</pin_list>
<bind>
<opcode="getelementptr(29) " fcode="getelementptr"/>
<opset="query_weight3_addr_6/1 "/>
</bind>
</comp>

<comp id="177" class="1004" name="query_weight3_addr_7_gep_fu_177">
<pin_list>
<pin id="178" dir="0" index="0" bw="11" slack="0"/>
<pin id="179" dir="0" index="1" bw="1" slack="0"/>
<pin id="180" dir="0" index="2" bw="4" slack="0"/>
<pin id="181" dir="1" index="3" bw="4" slack="0"/>
</pin_list>
<bind>
<opcode="getelementptr(29) " fcode="getelementptr"/>
<opset="query_weight3_addr_7/1 "/>
</bind>
</comp>

<comp id="185" class="1004" name="mul_ln42_22_fu_185">
<pin_list>
<pin id="394" dir="0" index="0" bw="16" slack="0"/>
<pin id="395" dir="0" index="1" bw="11" slack="0"/>
<pin id="396" dir="1" index="2" bw="26" slack="0"/>
</pin_list>
<bind>
<opcode="mul(12) " fcode="mul"/>
<opset="mul_ln42_22/2 "/>
</bind>
</comp>

<comp id="186" class="1004" name="mul_ln42_26_fu_186">
<pin_list>
<pin id="406" dir="0" index="0" bw="16" slack="0"/>
<pin id="407" dir="0" index="1" bw="11" slack="0"/>
<pin id="408" dir="1" index="2" bw="26" slack="0"/>
</pin_list>
<bind>
<opcode="mul(12) " fcode="mul"/>
<opset="mul_ln42_26/2 "/>
</bind>
</comp>

<comp id="187" class="1004" name="mul_ln42_24_fu_187">
<pin_list>
<pin id="400" dir="0" index="0" bw="16" slack="0"/>
<pin id="401" dir="0" index="1" bw="11" slack="0"/>
<pin id="402" dir="1" index="2" bw="26" slack="0"/>
</pin_list>
<bind>
<opcode="mul(12) " fcode="mul"/>
<opset="mul_ln42_24/2 "/>
</bind>
</comp>

<comp id="188" class="1004" name="mul_ln42_25_fu_188">
<pin_list>
<pin id="403" dir="0" index="0" bw="16" slack="0"/>
<pin id="404" dir="0" index="1" bw="11" slack="0"/>
<pin id="405" dir="1" index="2" bw="26" slack="0"/>
</pin_list>
<bind>
<opcode="mul(12) " fcode="mul"/>
<opset="mul_ln42_25/2 "/>
</bind>
</comp>

<comp id="189" class="1004" name="mul_ln42_20_fu_189">
<pin_list>
<pin id="388" dir="0" index="0" bw="16" slack="0"/>
<pin id="389" dir="0" index="1" bw="11" slack="0"/>
<pin id="390" dir="1" index="2" bw="26" slack="0"/>
</pin_list>
<bind>
<opcode="mul(12) " fcode="mul"/>
<opset="mul_ln42_20/2 "/>
</bind>
</comp>

<comp id="190" class="1004" name="mul_ln42_23_fu_190">
<pin_list>
<pin id="397" dir="0" index="0" bw="16" slack="0"/>
<pin id="398" dir="0" index="1" bw="11" slack="0"/>
<pin id="399" dir="1" index="2" bw="26" slack="0"/>
</pin_list>
<bind>
<opcode="mul(12) " fcode="mul"/>
<opset="mul_ln42_23/2 "/>
</bind>
</comp>

<comp id="191" class="1004" name="mul_ln42_21_fu_191">
<pin_list>
<pin id="391" dir="0" index="0" bw="16" slack="0"/>
<pin id="392" dir="0" index="1" bw="11" slack="0"/>
<pin id="393" dir="1" index="2" bw="26" slack="0"/>
</pin_list>
<bind>
<opcode="mul(12) " fcode="mul"/>
<opset="mul_ln42_21/2 "/>
</bind>
</comp>

<comp id="192" class="1004" name="mul_ln42_fu_192">
<pin_list>
<pin id="385" dir="0" index="0" bw="16" slack="0"/>
<pin id="386" dir="0" index="1" bw="11" slack="0"/>
<pin id="387" dir="1" index="2" bw="26" slack="0"/>
</pin_list>
<bind>
<opcode="mul(12) " fcode="mul"/>
<opset="mul_ln42/2 "/>
</bind>
</comp>

<comp id="434" class="1004" name="zext_ln13_fu_434">
<pin_list>
<pin id="435" dir="0" index="0" bw="4" slack="0"/>
<pin id="436" dir="1" index="1" bw="64" slack="0"/>
</pin_list>
<bind>
<opcode="zext(34) " fcode="zext"/>
<opset="zext_ln13/1 "/>
</bind>
</comp>

<comp id="439" class="1004" name="add_ln42_fu_439">
<pin_list>
<pin id="440" dir="0" index="0" bw="4" slack="0"/>
<pin id="441" dir="0" index="1" bw="1" slack="0"/>
<pin id="442" dir="1" index="2" bw="4" slack="0"/>
</pin_list>
<bind>
<opcode="add(8) " fcode="add"/>
<opset="add_ln42/1 "/>
</bind>
</comp>

<comp id="445" class="1004" name="zext_ln42_fu_445">
<pin_list>
<pin id="446" dir="0" index="0" bw="4" slack="0"/>
<pin id="447" dir="1" index="1" bw="64" slack="0"/>
</pin_list>
<bind>
<opcode="zext(34) " fcode="zext"/>
<opset="zext_ln42/1 "/>
</bind>
</comp>

<comp id="450" class="1004" name="add_ln42_7_fu_450">
<pin_list>
<pin id="451" dir="0" index="0" bw="4" slack="0"/>
<pin id="452" dir="0" index="1" bw="3" slack="0"/>
<pin id="453" dir="1" index="2" bw="4" slack="0"/>
</pin_list>
<bind>
<opcode="add(8) " fcode="add"/>
<opset="add_ln42_7/1 "/>
</bind>
</comp>

<comp id="456" class="1004" name="zext_ln42_7_fu_456">
<pin_list>
<pin id="457" dir="0" index="0" bw="4" slack="0"/>
<pin id="458" dir="1" index="1" bw="64" slack="0"/>
</pin_list>
<bind>
<opcode="zext(34) " fcode="zext"/>
<opset="zext_ln42_7/1 "/>
</bind>
</comp>

<comp id="461" class="1004" name="add_ln42_8_fu_461">
<pin_list>
<pin id="462" dir="0" index="0" bw="4" slack="0"/>
<pin id="463" dir="0" index="1" bw="3" slack="0"/>
<pin id="464" dir="1" index="2" bw="4" slack="0"/>
</pin_list>
<bind>
<opcode="add(8) " fcode="add"/>
<opset="add_ln42_8/1 "/>
</bind>
</comp>

<comp id="467" class="1004" name="zext_ln42_8_fu_467">
<pin_list>
<pin id="468" dir="0" index="0" bw="4" slack="0"/>
<pin id="469" dir="1" index="1" bw="64" slack="0"/>
</pin_list>
<bind>
<opcode="zext(34) " fcode="zext"/>
<opset="zext_ln42_8/1 "/>
</bind>
</comp>

<comp id="472" class="1004" name="add_ln42_9_fu_472">
<pin_list>
<pin id="473" dir="0" index="0" bw="4" slack="0"/>
<pin id="474" dir="0" index="1" bw="4" slack="0"/>
<pin id="475" dir="1" index="2" bw="4" slack="0"/>
</pin_list>
<bind>
<opcode="add(8) " fcode="add"/>
<opset="add_ln42_9/1 "/>
</bind>
</comp>

<comp id="478" class="1004" name="zext_ln42_9_fu_478">
<pin_list>
<pin id="479" dir="0" index="0" bw="4" slack="0"/>
<pin id="480" dir="1" index="1" bw="64" slack="0"/>
</pin_list>
<bind>
<opcode="zext(34) " fcode="zext"/>
<opset="zext_ln42_9/1 "/>
</bind>
</comp>

<comp id="483" class="1004" name="add_ln42_10_fu_483">
<pin_list>
<pin id="484" dir="0" index="0" bw="4" slack="0"/>
<pin id="485" dir="0" index="1" bw="4" slack="0"/>
<pin id="486" dir="1" index="2" bw="4" slack="0"/>
</pin_list>
<bind>
<opcode="add(8) " fcode="add"/>
<opset="add_ln42_10/1 "/>
</bind>
</comp>

<comp id="489" class="1004" name="zext_ln42_10_fu_489">
<pin_list>
<pin id="490" dir="0" index="0" bw="4" slack="0"/>
<pin id="491" dir="1" index="1" bw="64" slack="0"/>
</pin_list>
<bind>
<opcode="zext(34) " fcode="zext"/>
<opset="zext_ln42_10/1 "/>
</bind>
</comp>

<comp id="494" class="1004" name="add_ln42_11_fu_494">
<pin_list>
<pin id="495" dir="0" index="0" bw="4" slack="0"/>
<pin id="496" dir="0" index="1" bw="4" slack="0"/>
<pin id="497" dir="1" index="2" bw="4" slack="0"/>
</pin_list>
<bind>
<opcode="add(8) " fcode="add"/>
<opset="add_ln42_11/1 "/>
</bind>
</comp>

<comp id="500" class="1004" name="zext_ln42_11_fu_500">
<pin_list>
<pin id="501" dir="0" index="0" bw="4" slack="0"/>
<pin id="502" dir="1" index="1" bw="64" slack="0"/>
</pin_list>
<bind>
<opcode="zext(34) " fcode="zext"/>
<opset="zext_ln42_11/1 "/>
</bind>
</comp>

<comp id="505" class="1004" name="add_ln42_12_fu_505">
<pin_list>
<pin id="506" dir="0" index="0" bw="4" slack="0"/>
<pin id="507" dir="0" index="1" bw="4" slack="0"/>
<pin id="508" dir="1" index="2" bw="4" slack="0"/>
</pin_list>
<bind>
<opcode="add(8) " fcode="add"/>
<opset="add_ln42_12/1 "/>
</bind>
</comp>

<comp id="511" class="1004" name="zext_ln42_12_fu_511">
<pin_list>
<pin id="512" dir="0" index="0" bw="4" slack="0"/>
<pin id="513" dir="1" index="1" bw="64" slack="0"/>
</pin_list>
<bind>
<opcode="zext(34) " fcode="zext"/>
<opset="zext_ln42_12/1 "/>
</bind>
</comp>

<comp id="516" class="1004" name="sext_ln73_fu_516">
<pin_list>
<pin id="517" dir="0" index="0" bw="11" slack="0"/>
<pin id="518" dir="1" index="1" bw="26" slack="0"/>
</pin_list>
<bind>
<opcode="sext(35) " fcode="sext"/>
<opset="sext_ln73/2 "/>
</bind>
</comp>

<comp id="521" class="1004" name="sext_ln73_969_fu_521">
<pin_list>
<pin id="522" dir="0" index="0" bw="16" slack="1"/>
<pin id="523" dir="1" index="1" bw="26" slack="0"/>
</pin_list>
<bind>
<opcode="sext(35) " fcode="sext"/>
<opset="sext_ln73_969/2 "/>
</bind>
</comp>

<comp id="526" class="1004" name="trunc_ln_fu_526">
<pin_list>
<pin id="527" dir="0" index="0" bw="16" slack="0"/>
<pin id="528" dir="0" index="1" bw="26" slack="0"/>
<pin id="529" dir="0" index="2" bw="5" slack="0"/>
<pin id="530" dir="0" index="3" bw="6" slack="0"/>
<pin id="531" dir="1" index="4" bw="16" slack="0"/>
</pin_list>
<bind>
<opcode="partselect(1002) " fcode="partselect"/>
<opset="trunc_ln/2 "/>
</bind>
</comp>

<comp id="536" class="1004" name="sext_ln73_970_fu_536">
<pin_list>
<pin id="537" dir="0" index="0" bw="11" slack="0"/>
<pin id="538" dir="1" index="1" bw="26" slack="0"/>
</pin_list>
<bind>
<opcode="sext(35) " fcode="sext"/>
<opset="sext_ln73_970/2 "/>
</bind>
</comp>

<comp id="541" class="1004" name="trunc_ln42_s_fu_541">
<pin_list>
<pin id="542" dir="0" index="0" bw="16" slack="0"/>
<pin id="543" dir="0" index="1" bw="26" slack="0"/>
<pin id="544" dir="0" index="2" bw="5" slack="0"/>
<pin id="545" dir="0" index="3" bw="6" slack="0"/>
<pin id="546" dir="1" index="4" bw="16" slack="0"/>
</pin_list>
<bind>
<opcode="partselect(1002) " fcode="partselect"/>
<opset="trunc_ln42_s/2 "/>
</bind>
</comp>

<comp id="551" class="1004" name="sext_ln73_971_fu_551">
<pin_list>
<pin id="552" dir="0" index="0" bw="11" slack="0"/>
<pin id="553" dir="1" index="1" bw="26" slack="0"/>
</pin_list>
<bind>
<opcode="sext(35) " fcode="sext"/>
<opset="sext_ln73_971/2 "/>
</bind>
</comp>

<comp id="556" class="1004" name="sext_ln73_972_fu_556">
<pin_list>
<pin id="557" dir="0" index="0" bw="16" slack="1"/>
<pin id="558" dir="1" index="1" bw="26" slack="0"/>
</pin_list>
<bind>
<opcode="sext(35) " fcode="sext"/>
<opset="sext_ln73_972/2 "/>
</bind>
</comp>

<comp id="561" class="1004" name="trunc_ln42_21_fu_561">
<pin_list>
<pin id="562" dir="0" index="0" bw="16" slack="0"/>
<pin id="563" dir="0" index="1" bw="26" slack="0"/>
<pin id="564" dir="0" index="2" bw="5" slack="0"/>
<pin id="565" dir="0" index="3" bw="6" slack="0"/>
<pin id="566" dir="1" index="4" bw="16" slack="0"/>
</pin_list>
<bind>
<opcode="partselect(1002) " fcode="partselect"/>
<opset="trunc_ln42_21/2 "/>
</bind>
</comp>

<comp id="571" class="1004" name="sext_ln73_973_fu_571">
<pin_list>
<pin id="572" dir="0" index="0" bw="11" slack="0"/>
<pin id="573" dir="1" index="1" bw="26" slack="0"/>
</pin_list>
<bind>
<opcode="sext(35) " fcode="sext"/>
<opset="sext_ln73_973/2 "/>
</bind>
</comp>

<comp id="576" class="1004" name="trunc_ln42_22_fu_576">
<pin_list>
<pin id="577" dir="0" index="0" bw="16" slack="0"/>
<pin id="578" dir="0" index="1" bw="26" slack="0"/>
<pin id="579" dir="0" index="2" bw="5" slack="0"/>
<pin id="580" dir="0" index="3" bw="6" slack="0"/>
<pin id="581" dir="1" index="4" bw="16" slack="0"/>
</pin_list>
<bind>
<opcode="partselect(1002) " fcode="partselect"/>
<opset="trunc_ln42_22/2 "/>
</bind>
</comp>

<comp id="586" class="1004" name="sext_ln73_974_fu_586">
<pin_list>
<pin id="587" dir="0" index="0" bw="11" slack="0"/>
<pin id="588" dir="1" index="1" bw="26" slack="0"/>
</pin_list>
<bind>
<opcode="sext(35) " fcode="sext"/>
<opset="sext_ln73_974/2 "/>
</bind>
</comp>

<comp id="591" class="1004" name="sext_ln73_975_fu_591">
<pin_list>
<pin id="592" dir="0" index="0" bw="16" slack="1"/>
<pin id="593" dir="1" index="1" bw="26" slack="0"/>
</pin_list>
<bind>
<opcode="sext(35) " fcode="sext"/>
<opset="sext_ln73_975/2 "/>
</bind>
</comp>

<comp id="596" class="1004" name="trunc_ln42_23_fu_596">
<pin_list>
<pin id="597" dir="0" index="0" bw="16" slack="0"/>
<pin id="598" dir="0" index="1" bw="26" slack="0"/>
<pin id="599" dir="0" index="2" bw="5" slack="0"/>
<pin id="600" dir="0" index="3" bw="6" slack="0"/>
<pin id="601" dir="1" index="4" bw="16" slack="0"/>
</pin_list>
<bind>
<opcode="partselect(1002) " fcode="partselect"/>
<opset="trunc_ln42_23/2 "/>
</bind>
</comp>

<comp id="606" class="1004" name="sext_ln73_976_fu_606">
<pin_list>
<pin id="607" dir="0" index="0" bw="11" slack="0"/>
<pin id="608" dir="1" index="1" bw="26" slack="0"/>
</pin_list>
<bind>
<opcode="sext(35) " fcode="sext"/>
<opset="sext_ln73_976/2 "/>
</bind>
</comp>

<comp id="611" class="1004" name="trunc_ln42_24_fu_611">
<pin_list>
<pin id="612" dir="0" index="0" bw="16" slack="0"/>
<pin id="613" dir="0" index="1" bw="26" slack="0"/>
<pin id="614" dir="0" index="2" bw="5" slack="0"/>
<pin id="615" dir="0" index="3" bw="6" slack="0"/>
<pin id="616" dir="1" index="4" bw="16" slack="0"/>
</pin_list>
<bind>
<opcode="partselect(1002) " fcode="partselect"/>
<opset="trunc_ln42_24/2 "/>
</bind>
</comp>

<comp id="621" class="1004" name="sext_ln73_977_fu_621">
<pin_list>
<pin id="622" dir="0" index="0" bw="11" slack="0"/>
<pin id="623" dir="1" index="1" bw="26" slack="0"/>
</pin_list>
<bind>
<opcode="sext(35) " fcode="sext"/>
<opset="sext_ln73_977/2 "/>
</bind>
</comp>

<comp id="626" class="1004" name="sext_ln73_978_fu_626">
<pin_list>
<pin id="627" dir="0" index="0" bw="16" slack="1"/>
<pin id="628" dir="1" index="1" bw="26" slack="0"/>
</pin_list>
<bind>
<opcode="sext(35) " fcode="sext"/>
<opset="sext_ln73_978/2 "/>
</bind>
</comp>

<comp id="631" class="1004" name="trunc_ln42_25_fu_631">
<pin_list>
<pin id="632" dir="0" index="0" bw="16" slack="0"/>
<pin id="633" dir="0" index="1" bw="26" slack="0"/>
<pin id="634" dir="0" index="2" bw="5" slack="0"/>
<pin id="635" dir="0" index="3" bw="6" slack="0"/>
<pin id="636" dir="1" index="4" bw="16" slack="0"/>
</pin_list>
<bind>
<opcode="partselect(1002) " fcode="partselect"/>
<opset="trunc_ln42_25/2 "/>
</bind>
</comp>

<comp id="641" class="1004" name="sext_ln73_979_fu_641">
<pin_list>
<pin id="642" dir="0" index="0" bw="11" slack="0"/>
<pin id="643" dir="1" index="1" bw="26" slack="0"/>
</pin_list>
<bind>
<opcode="sext(35) " fcode="sext"/>
<opset="sext_ln73_979/2 "/>
</bind>
</comp>

<comp id="646" class="1004" name="trunc_ln42_26_fu_646">
<pin_list>
<pin id="647" dir="0" index="0" bw="16" slack="0"/>
<pin id="648" dir="0" index="1" bw="26" slack="0"/>
<pin id="649" dir="0" index="2" bw="5" slack="0"/>
<pin id="650" dir="0" index="3" bw="6" slack="0"/>
<pin id="651" dir="1" index="4" bw="16" slack="0"/>
</pin_list>
<bind>
<opcode="partselect(1002) " fcode="partselect"/>
<opset="trunc_ln42_26/2 "/>
</bind>
</comp>

<comp id="656" class="1004" name="add_ln58_fu_656">
<pin_list>
<pin id="657" dir="0" index="0" bw="16" slack="0"/>
<pin id="658" dir="0" index="1" bw="16" slack="0"/>
<pin id="659" dir="1" index="2" bw="16" slack="0"/>
</pin_list>
<bind>
<opcode="add(8) " fcode="add"/>
<opset="add_ln58/2 "/>
</bind>
</comp>

<comp id="662" class="1004" name="add_ln58_17_fu_662">
<pin_list>
<pin id="663" dir="0" index="0" bw="16" slack="0"/>
<pin id="664" dir="0" index="1" bw="16" slack="0"/>
<pin id="665" dir="1" index="2" bw="16" slack="0"/>
</pin_list>
<bind>
<opcode="add(8) " fcode="add"/>
<opset="add_ln58_17/2 "/>
</bind>
</comp>

<comp id="668" class="1004" name="x_fu_668">
<pin_list>
<pin id="669" dir="0" index="0" bw="16" slack="0"/>
<pin id="670" dir="0" index="1" bw="16" slack="0"/>
<pin id="671" dir="1" index="2" bw="16" slack="0"/>
</pin_list>
<bind>
<opcode="add(8) " fcode="add"/>
<opset="x/2 "/>
</bind>
</comp>

<comp id="674" class="1004" name="add_ln58_19_fu_674">
<pin_list>
<pin id="675" dir="0" index="0" bw="16" slack="0"/>
<pin id="676" dir="0" index="1" bw="16" slack="0"/>
<pin id="677" dir="1" index="2" bw="16" slack="0"/>
</pin_list>
<bind>
<opcode="add(8) " fcode="add"/>
<opset="add_ln58_19/2 "/>
</bind>
</comp>

<comp id="680" class="1004" name="add_ln58_20_fu_680">
<pin_list>
<pin id="681" dir="0" index="0" bw="16" slack="0"/>
<pin id="682" dir="0" index="1" bw="16" slack="0"/>
<pin id="683" dir="1" index="2" bw="16" slack="0"/>
</pin_list>
<bind>
<opcode="add(8) " fcode="add"/>
<opset="add_ln58_20/2 "/>
</bind>
</comp>

<comp id="686" class="1004" name="x_5_fu_686">
<pin_list>
<pin id="687" dir="0" index="0" bw="16" slack="0"/>
<pin id="688" dir="0" index="1" bw="16" slack="0"/>
<pin id="689" dir="1" index="2" bw="16" slack="0"/>
</pin_list>
<bind>
<opcode="add(8) " fcode="add"/>
<opset="x_5/2 "/>
</bind>
</comp>

<comp id="692" class="1004" name="shl_ln_fu_692">
<pin_list>
<pin id="693" dir="0" index="0" bw="26" slack="0"/>
<pin id="694" dir="0" index="1" bw="16" slack="0"/>
<pin id="695" dir="0" index="2" bw="1" slack="0"/>
<pin id="696" dir="1" index="3" bw="26" slack="0"/>
</pin_list>
<bind>
<opcode="bitconcatenate(1004) " fcode="bitconcatenate"/>
<opset="shl_ln/2 "/>
</bind>
</comp>

<comp id="700" class="1004" name="sext_ln110_fu_700">
<pin_list>
<pin id="701" dir="0" index="0" bw="26" slack="0"/>
<pin id="702" dir="1" index="1" bw="33" slack="0"/>
</pin_list>
<bind>
<opcode="sext(35) " fcode="sext"/>
<opset="sext_ln110/2 "/>
</bind>
</comp>

<comp id="704" class="1004" name="shl_ln111_5_fu_704">
<pin_list>
<pin id="705" dir="0" index="0" bw="26" slack="0"/>
<pin id="706" dir="0" index="1" bw="16" slack="0"/>
<pin id="707" dir="0" index="2" bw="1" slack="0"/>
<pin id="708" dir="1" index="3" bw="26" slack="0"/>
</pin_list>
<bind>
<opcode="bitconcatenate(1004) " fcode="bitconcatenate"/>
<opset="shl_ln111_5/2 "/>
</bind>
</comp>

<comp id="712" class="1004" name="sext_ln68_fu_712">
<pin_list>
<pin id="713" dir="0" index="0" bw="26" slack="0"/>
<pin id="714" dir="1" index="1" bw="33" slack="0"/>
</pin_list>
<bind>
<opcode="sext(35) " fcode="sext"/>
<opset="sext_ln68/2 "/>
</bind>
</comp>

<comp id="716" class="1004" name="mrv_fu_716">
<pin_list>
<pin id="717" dir="0" index="0" bw="66" slack="0"/>
<pin id="718" dir="0" index="1" bw="26" slack="0"/>
<pin id="719" dir="1" index="2" bw="66" slack="0"/>
</pin_list>
<bind>
<opcode="insertvalue(57) " fcode="insertvalue"/>
<opset="mrv/2 "/>
</bind>
</comp>

<comp id="722" class="1004" name="mrv_1_fu_722">
<pin_list>
<pin id="723" dir="0" index="0" bw="66" slack="0"/>
<pin id="724" dir="0" index="1" bw="26" slack="0"/>
<pin id="725" dir="1" index="2" bw="66" slack="2147483647"/>
</pin_list>
<bind>
<opcode="insertvalue(57) " fcode="insertvalue"/>
<opset="mrv_1/2 "/>
</bind>
</comp>

<comp id="728" class="1005" name="data_3_val_read_reg_728">
<pin_list>
<pin id="729" dir="0" index="0" bw="16" slack="1"/>
<pin id="730" dir="1" index="1" bw="16" slack="1"/>
</pin_list>
<bind>
<opset="data_3_val_read "/>
</bind>
</comp>

<comp id="733" class="1005" name="data_2_val_read_reg_733">
<pin_list>
<pin id="734" dir="0" index="0" bw="16" slack="1"/>
<pin id="735" dir="1" index="1" bw="16" slack="1"/>
</pin_list>
<bind>
<opset="data_2_val_read "/>
</bind>
</comp>

<comp id="738" class="1005" name="data_1_val_read_reg_738">
<pin_list>
<pin id="739" dir="0" index="0" bw="16" slack="1"/>
<pin id="740" dir="1" index="1" bw="16" slack="1"/>
</pin_list>
<bind>
<opset="data_1_val_read "/>
</bind>
</comp>

<comp id="743" class="1005" name="data_0_val_read_reg_743">
<pin_list>
<pin id="744" dir="0" index="0" bw="16" slack="1"/>
<pin id="745" dir="1" index="1" bw="16" slack="1"/>
</pin_list>
<bind>
<opset="data_0_val_read "/>
</bind>
</comp>

<comp id="748" class="1005" name="query_weight3_addr_reg_748">
<pin_list>
<pin id="749" dir="0" index="0" bw="4" slack="1"/>
<pin id="750" dir="1" index="1" bw="4" slack="1"/>
</pin_list>
<bind>
<opset="query_weight3_addr "/>
</bind>
</comp>

<comp id="753" class="1005" name="query_weight3_addr_1_reg_753">
<pin_list>
<pin id="754" dir="0" index="0" bw="4" slack="1"/>
<pin id="755" dir="1" index="1" bw="4" slack="1"/>
</pin_list>
<bind>
<opset="query_weight3_addr_1 "/>
</bind>
</comp>

<comp id="758" class="1005" name="query_weight3_addr_2_reg_758">
<pin_list>
<pin id="759" dir="0" index="0" bw="4" slack="1"/>
<pin id="760" dir="1" index="1" bw="4" slack="1"/>
</pin_list>
<bind>
<opset="query_weight3_addr_2 "/>
</bind>
</comp>

<comp id="763" class="1005" name="query_weight3_addr_3_reg_763">
<pin_list>
<pin id="764" dir="0" index="0" bw="4" slack="1"/>
<pin id="765" dir="1" index="1" bw="4" slack="1"/>
</pin_list>
<bind>
<opset="query_weight3_addr_3 "/>
</bind>
</comp>

<comp id="768" class="1005" name="query_weight3_addr_4_reg_768">
<pin_list>
<pin id="769" dir="0" index="0" bw="4" slack="1"/>
<pin id="770" dir="1" index="1" bw="4" slack="1"/>
</pin_list>
<bind>
<opset="query_weight3_addr_4 "/>
</bind>
</comp>

<comp id="773" class="1005" name="query_weight3_addr_5_reg_773">
<pin_list>
<pin id="774" dir="0" index="0" bw="4" slack="1"/>
<pin id="775" dir="1" index="1" bw="4" slack="1"/>
</pin_list>
<bind>
<opset="query_weight3_addr_5 "/>
</bind>
</comp>

<comp id="778" class="1005" name="query_weight3_addr_6_reg_778">
<pin_list>
<pin id="779" dir="0" index="0" bw="4" slack="1"/>
<pin id="780" dir="1" index="1" bw="4" slack="1"/>
</pin_list>
<bind>
<opset="query_weight3_addr_6 "/>
</bind>
</comp>

<comp id="783" class="1005" name="query_weight3_addr_7_reg_783">
<pin_list>
<pin id="784" dir="0" index="0" bw="4" slack="1"/>
<pin id="785" dir="1" index="1" bw="4" slack="1"/>
</pin_list>
<bind>
<opset="query_weight3_addr_7 "/>
</bind>
</comp>

</comp_list>

<net_list>
<net id="62"><net_src comp="12" pin="0"/><net_sink comp="58" pin=0"/></net>

<net id="63"><net_src comp="8" pin="0"/><net_sink comp="58" pin=1"/></net>

<net id="68"><net_src comp="14" pin="0"/><net_sink comp="64" pin=0"/></net>

<net id="69"><net_src comp="6" pin="0"/><net_sink comp="64" pin=1"/></net>

<net id="74"><net_src comp="14" pin="0"/><net_sink comp="70" pin=0"/></net>

<net id="75"><net_src comp="4" pin="0"/><net_sink comp="70" pin=1"/></net>

<net id="80"><net_src comp="14" pin="0"/><net_sink comp="76" pin=0"/></net>

<net id="81"><net_src comp="2" pin="0"/><net_sink comp="76" pin=1"/></net>

<net id="86"><net_src comp="14" pin="0"/><net_sink comp="82" pin=0"/></net>

<net id="87"><net_src comp="0" pin="0"/><net_sink comp="82" pin=1"/></net>

<net id="93"><net_src comp="10" pin="0"/><net_sink comp="88" pin=0"/></net>

<net id="94"><net_src comp="16" pin="0"/><net_sink comp="88" pin=1"/></net>

<net id="128"><net_src comp="88" pin="3"/><net_sink comp="95" pin=18"/></net>

<net id="134"><net_src comp="10" pin="0"/><net_sink comp="129" pin=0"/></net>

<net id="135"><net_src comp="16" pin="0"/><net_sink comp="129" pin=1"/></net>

<net id="136"><net_src comp="129" pin="3"/><net_sink comp="95" pin=16"/></net>

<net id="142"><net_src comp="10" pin="0"/><net_sink comp="137" pin=0"/></net>

<net id="143"><net_src comp="16" pin="0"/><net_sink comp="137" pin=1"/></net>

<net id="144"><net_src comp="137" pin="3"/><net_sink comp="95" pin=13"/></net>

<net id="150"><net_src comp="10" pin="0"/><net_sink comp="145" pin=0"/></net>

<net id="151"><net_src comp="16" pin="0"/><net_sink comp="145" pin=1"/></net>

<net id="152"><net_src comp="145" pin="3"/><net_sink comp="95" pin=10"/></net>

<net id="158"><net_src comp="10" pin="0"/><net_sink comp="153" pin=0"/></net>

<net id="159"><net_src comp="16" pin="0"/><net_sink comp="153" pin=1"/></net>

<net id="160"><net_src comp="153" pin="3"/><net_sink comp="95" pin=8"/></net>

<net id="166"><net_src comp="10" pin="0"/><net_sink comp="161" pin=0"/></net>

<net id="167"><net_src comp="16" pin="0"/><net_sink comp="161" pin=1"/></net>

<net id="168"><net_src comp="161" pin="3"/><net_sink comp="95" pin=5"/></net>

<net id="174"><net_src comp="10" pin="0"/><net_sink comp="169" pin=0"/></net>

<net id="175"><net_src comp="16" pin="0"/><net_sink comp="169" pin=1"/></net>

<net id="176"><net_src comp="169" pin="3"/><net_sink comp="95" pin=2"/></net>

<net id="182"><net_src comp="10" pin="0"/><net_sink comp="177" pin=0"/></net>

<net id="183"><net_src comp="16" pin="0"/><net_sink comp="177" pin=1"/></net>

<net id="184"><net_src comp="177" pin="3"/><net_sink comp="95" pin=0"/></net>

<net id="437"><net_src comp="58" pin="2"/><net_sink comp="434" pin=0"/></net>

<net id="438"><net_src comp="434" pin="1"/><net_sink comp="88" pin=2"/></net>

<net id="443"><net_src comp="58" pin="2"/><net_sink comp="439" pin=0"/></net>

<net id="444"><net_src comp="18" pin="0"/><net_sink comp="439" pin=1"/></net>

<net id="448"><net_src comp="439" pin="2"/><net_sink comp="445" pin=0"/></net>

<net id="449"><net_src comp="445" pin="1"/><net_sink comp="129" pin=2"/></net>

<net id="454"><net_src comp="58" pin="2"/><net_sink comp="450" pin=0"/></net>

<net id="455"><net_src comp="20" pin="0"/><net_sink comp="450" pin=1"/></net>

<net id="459"><net_src comp="450" pin="2"/><net_sink comp="456" pin=0"/></net>

<net id="460"><net_src comp="456" pin="1"/><net_sink comp="137" pin=2"/></net>

<net id="465"><net_src comp="58" pin="2"/><net_sink comp="461" pin=0"/></net>

<net id="466"><net_src comp="22" pin="0"/><net_sink comp="461" pin=1"/></net>

<net id="470"><net_src comp="461" pin="2"/><net_sink comp="467" pin=0"/></net>

<net id="471"><net_src comp="467" pin="1"/><net_sink comp="145" pin=2"/></net>

<net id="476"><net_src comp="58" pin="2"/><net_sink comp="472" pin=0"/></net>

<net id="477"><net_src comp="24" pin="0"/><net_sink comp="472" pin=1"/></net>

<net id="481"><net_src comp="472" pin="2"/><net_sink comp="478" pin=0"/></net>

<net id="482"><net_src comp="478" pin="1"/><net_sink comp="153" pin=2"/></net>

<net id="487"><net_src comp="58" pin="2"/><net_sink comp="483" pin=0"/></net>

<net id="488"><net_src comp="26" pin="0"/><net_sink comp="483" pin=1"/></net>

<net id="492"><net_src comp="483" pin="2"/><net_sink comp="489" pin=0"/></net>

<net id="493"><net_src comp="489" pin="1"/><net_sink comp="161" pin=2"/></net>

<net id="498"><net_src comp="58" pin="2"/><net_sink comp="494" pin=0"/></net>

<net id="499"><net_src comp="28" pin="0"/><net_sink comp="494" pin=1"/></net>

<net id="503"><net_src comp="494" pin="2"/><net_sink comp="500" pin=0"/></net>

<net id="504"><net_src comp="500" pin="1"/><net_sink comp="169" pin=2"/></net>

<net id="509"><net_src comp="58" pin="2"/><net_sink comp="505" pin=0"/></net>

<net id="510"><net_src comp="30" pin="0"/><net_sink comp="505" pin=1"/></net>

<net id="514"><net_src comp="505" pin="2"/><net_sink comp="511" pin=0"/></net>

<net id="515"><net_src comp="511" pin="1"/><net_sink comp="177" pin=2"/></net>

<net id="519"><net_src comp="95" pin="31"/><net_sink comp="516" pin=0"/></net>

<net id="520"><net_src comp="516" pin="1"/><net_sink comp="192" pin=1"/></net>

<net id="524"><net_src comp="521" pin="1"/><net_sink comp="192" pin=0"/></net>

<net id="525"><net_src comp="521" pin="1"/><net_sink comp="189" pin=0"/></net>

<net id="532"><net_src comp="46" pin="0"/><net_sink comp="526" pin=0"/></net>

<net id="533"><net_src comp="192" pin="2"/><net_sink comp="526" pin=1"/></net>

<net id="534"><net_src comp="48" pin="0"/><net_sink comp="526" pin=2"/></net>

<net id="535"><net_src comp="50" pin="0"/><net_sink comp="526" pin=3"/></net>

<net id="539"><net_src comp="95" pin="27"/><net_sink comp="536" pin=0"/></net>

<net id="540"><net_src comp="536" pin="1"/><net_sink comp="189" pin=1"/></net>

<net id="547"><net_src comp="46" pin="0"/><net_sink comp="541" pin=0"/></net>

<net id="548"><net_src comp="189" pin="2"/><net_sink comp="541" pin=1"/></net>

<net id="549"><net_src comp="48" pin="0"/><net_sink comp="541" pin=2"/></net>

<net id="550"><net_src comp="50" pin="0"/><net_sink comp="541" pin=3"/></net>

<net id="554"><net_src comp="95" pin="23"/><net_sink comp="551" pin=0"/></net>

<net id="555"><net_src comp="551" pin="1"/><net_sink comp="191" pin=1"/></net>

<net id="559"><net_src comp="556" pin="1"/><net_sink comp="191" pin=0"/></net>

<net id="560"><net_src comp="556" pin="1"/><net_sink comp="185" pin=0"/></net>

<net id="567"><net_src comp="46" pin="0"/><net_sink comp="561" pin=0"/></net>

<net id="568"><net_src comp="191" pin="2"/><net_sink comp="561" pin=1"/></net>

<net id="569"><net_src comp="48" pin="0"/><net_sink comp="561" pin=2"/></net>

<net id="570"><net_src comp="50" pin="0"/><net_sink comp="561" pin=3"/></net>

<net id="574"><net_src comp="95" pin="19"/><net_sink comp="571" pin=0"/></net>

<net id="575"><net_src comp="571" pin="1"/><net_sink comp="185" pin=1"/></net>

<net id="582"><net_src comp="46" pin="0"/><net_sink comp="576" pin=0"/></net>

<net id="583"><net_src comp="185" pin="2"/><net_sink comp="576" pin=1"/></net>

<net id="584"><net_src comp="48" pin="0"/><net_sink comp="576" pin=2"/></net>

<net id="585"><net_src comp="50" pin="0"/><net_sink comp="576" pin=3"/></net>

<net id="589"><net_src comp="95" pin="15"/><net_sink comp="586" pin=0"/></net>

<net id="590"><net_src comp="586" pin="1"/><net_sink comp="190" pin=1"/></net>

<net id="594"><net_src comp="591" pin="1"/><net_sink comp="190" pin=0"/></net>

<net id="595"><net_src comp="591" pin="1"/><net_sink comp="187" pin=0"/></net>

<net id="602"><net_src comp="46" pin="0"/><net_sink comp="596" pin=0"/></net>

<net id="603"><net_src comp="190" pin="2"/><net_sink comp="596" pin=1"/></net>

<net id="604"><net_src comp="48" pin="0"/><net_sink comp="596" pin=2"/></net>

<net id="605"><net_src comp="50" pin="0"/><net_sink comp="596" pin=3"/></net>

<net id="609"><net_src comp="95" pin="11"/><net_sink comp="606" pin=0"/></net>

<net id="610"><net_src comp="606" pin="1"/><net_sink comp="187" pin=1"/></net>

<net id="617"><net_src comp="46" pin="0"/><net_sink comp="611" pin=0"/></net>

<net id="618"><net_src comp="187" pin="2"/><net_sink comp="611" pin=1"/></net>

<net id="619"><net_src comp="48" pin="0"/><net_sink comp="611" pin=2"/></net>

<net id="620"><net_src comp="50" pin="0"/><net_sink comp="611" pin=3"/></net>

<net id="624"><net_src comp="95" pin="7"/><net_sink comp="621" pin=0"/></net>

<net id="625"><net_src comp="621" pin="1"/><net_sink comp="188" pin=1"/></net>

<net id="629"><net_src comp="626" pin="1"/><net_sink comp="188" pin=0"/></net>

<net id="630"><net_src comp="626" pin="1"/><net_sink comp="186" pin=0"/></net>

<net id="637"><net_src comp="46" pin="0"/><net_sink comp="631" pin=0"/></net>

<net id="638"><net_src comp="188" pin="2"/><net_sink comp="631" pin=1"/></net>

<net id="639"><net_src comp="48" pin="0"/><net_sink comp="631" pin=2"/></net>

<net id="640"><net_src comp="50" pin="0"/><net_sink comp="631" pin=3"/></net>

<net id="644"><net_src comp="95" pin="3"/><net_sink comp="641" pin=0"/></net>

<net id="645"><net_src comp="641" pin="1"/><net_sink comp="186" pin=1"/></net>

<net id="652"><net_src comp="46" pin="0"/><net_sink comp="646" pin=0"/></net>

<net id="653"><net_src comp="186" pin="2"/><net_sink comp="646" pin=1"/></net>

<net id="654"><net_src comp="48" pin="0"/><net_sink comp="646" pin=2"/></net>

<net id="655"><net_src comp="50" pin="0"/><net_sink comp="646" pin=3"/></net>

<net id="660"><net_src comp="561" pin="4"/><net_sink comp="656" pin=0"/></net>

<net id="661"><net_src comp="526" pin="4"/><net_sink comp="656" pin=1"/></net>

<net id="666"><net_src comp="596" pin="4"/><net_sink comp="662" pin=0"/></net>

<net id="667"><net_src comp="631" pin="4"/><net_sink comp="662" pin=1"/></net>

<net id="672"><net_src comp="662" pin="2"/><net_sink comp="668" pin=0"/></net>

<net id="673"><net_src comp="656" pin="2"/><net_sink comp="668" pin=1"/></net>

<net id="678"><net_src comp="576" pin="4"/><net_sink comp="674" pin=0"/></net>

<net id="679"><net_src comp="541" pin="4"/><net_sink comp="674" pin=1"/></net>

<net id="684"><net_src comp="611" pin="4"/><net_sink comp="680" pin=0"/></net>

<net id="685"><net_src comp="646" pin="4"/><net_sink comp="680" pin=1"/></net>

<net id="690"><net_src comp="680" pin="2"/><net_sink comp="686" pin=0"/></net>

<net id="691"><net_src comp="674" pin="2"/><net_sink comp="686" pin=1"/></net>

<net id="697"><net_src comp="52" pin="0"/><net_sink comp="692" pin=0"/></net>

<net id="698"><net_src comp="668" pin="2"/><net_sink comp="692" pin=1"/></net>

<net id="699"><net_src comp="54" pin="0"/><net_sink comp="692" pin=2"/></net>

<net id="703"><net_src comp="692" pin="3"/><net_sink comp="700" pin=0"/></net>

<net id="709"><net_src comp="52" pin="0"/><net_sink comp="704" pin=0"/></net>

<net id="710"><net_src comp="686" pin="2"/><net_sink comp="704" pin=1"/></net>

<net id="711"><net_src comp="54" pin="0"/><net_sink comp="704" pin=2"/></net>

<net id="715"><net_src comp="704" pin="3"/><net_sink comp="712" pin=0"/></net>

<net id="720"><net_src comp="56" pin="0"/><net_sink comp="716" pin=0"/></net>

<net id="721"><net_src comp="700" pin="1"/><net_sink comp="716" pin=1"/></net>

<net id="726"><net_src comp="716" pin="2"/><net_sink comp="722" pin=0"/></net>

<net id="727"><net_src comp="712" pin="1"/><net_sink comp="722" pin=1"/></net>

<net id="731"><net_src comp="64" pin="2"/><net_sink comp="728" pin=0"/></net>

<net id="732"><net_src comp="728" pin="1"/><net_sink comp="626" pin=0"/></net>

<net id="736"><net_src comp="70" pin="2"/><net_sink comp="733" pin=0"/></net>

<net id="737"><net_src comp="733" pin="1"/><net_sink comp="591" pin=0"/></net>

<net id="741"><net_src comp="76" pin="2"/><net_sink comp="738" pin=0"/></net>

<net id="742"><net_src comp="738" pin="1"/><net_sink comp="556" pin=0"/></net>

<net id="746"><net_src comp="82" pin="2"/><net_sink comp="743" pin=0"/></net>

<net id="747"><net_src comp="743" pin="1"/><net_sink comp="521" pin=0"/></net>

<net id="751"><net_src comp="88" pin="3"/><net_sink comp="748" pin=0"/></net>

<net id="752"><net_src comp="748" pin="1"/><net_sink comp="95" pin=18"/></net>

<net id="756"><net_src comp="129" pin="3"/><net_sink comp="753" pin=0"/></net>

<net id="757"><net_src comp="753" pin="1"/><net_sink comp="95" pin=16"/></net>

<net id="761"><net_src comp="137" pin="3"/><net_sink comp="758" pin=0"/></net>

<net id="762"><net_src comp="758" pin="1"/><net_sink comp="95" pin=13"/></net>

<net id="766"><net_src comp="145" pin="3"/><net_sink comp="763" pin=0"/></net>

<net id="767"><net_src comp="763" pin="1"/><net_sink comp="95" pin=10"/></net>

<net id="771"><net_src comp="153" pin="3"/><net_sink comp="768" pin=0"/></net>

<net id="772"><net_src comp="768" pin="1"/><net_sink comp="95" pin=8"/></net>

<net id="776"><net_src comp="161" pin="3"/><net_sink comp="773" pin=0"/></net>

<net id="777"><net_src comp="773" pin="1"/><net_sink comp="95" pin=5"/></net>

<net id="781"><net_src comp="169" pin="3"/><net_sink comp="778" pin=0"/></net>

<net id="782"><net_src comp="778" pin="1"/><net_sink comp="95" pin=2"/></net>

<net id="786"><net_src comp="177" pin="3"/><net_sink comp="783" pin=0"/></net>

<net id="787"><net_src comp="783" pin="1"/><net_sink comp="95" pin=0"/></net>

</net_list>

</model> 
---------------- Datapath Model END ------------------

* FSMD analyzer results:
  - Output states:
 - Input state : 
	Port: dense_latency<ap_fixed<16, 6, 5, 3, 0>, ap_fixed<33, 13, 5, 3, 0>, config3_1>.1 : data_0_val | {1 }
	Port: dense_latency<ap_fixed<16, 6, 5, 3, 0>, ap_fixed<33, 13, 5, 3, 0>, config3_1>.1 : data_1_val | {1 }
	Port: dense_latency<ap_fixed<16, 6, 5, 3, 0>, ap_fixed<33, 13, 5, 3, 0>, config3_1>.1 : data_2_val | {1 }
	Port: dense_latency<ap_fixed<16, 6, 5, 3, 0>, ap_fixed<33, 13, 5, 3, 0>, config3_1>.1 : data_3_val | {1 }
	Port: dense_latency<ap_fixed<16, 6, 5, 3, 0>, ap_fixed<33, 13, 5, 3, 0>, config3_1>.1 : idx2 | {1 }
	Port: dense_latency<ap_fixed<16, 6, 5, 3, 0>, ap_fixed<33, 13, 5, 3, 0>, config3_1>.1 : query_weight3 | {1 2 }
  - Chain level:
	State 1
		query_weight3_addr : 1
		w : 2
		zext_ln42 : 1
		query_weight3_addr_1 : 2
		w_107 : 3
		zext_ln42_7 : 1
		query_weight3_addr_2 : 2
		w_108 : 3
		zext_ln42_8 : 1
		query_weight3_addr_3 : 2
		w_109 : 3
		zext_ln42_9 : 1
		query_weight3_addr_4 : 2
		w_110 : 3
		zext_ln42_10 : 1
		query_weight3_addr_5 : 2
		w_111 : 3
		zext_ln42_11 : 1
		query_weight3_addr_6 : 2
		w_112 : 3
		zext_ln42_12 : 1
		query_weight3_addr_7 : 2
		w_113 : 3
	State 2
		sext_ln73 : 1
		mul_ln42 : 2
		trunc_ln : 3
		sext_ln73_970 : 1
		mul_ln42_20 : 2
		trunc_ln42_s : 3
		sext_ln73_971 : 1
		mul_ln42_21 : 2
		trunc_ln42_21 : 3
		sext_ln73_973 : 1
		mul_ln42_22 : 2
		trunc_ln42_22 : 3
		sext_ln73_974 : 1
		mul_ln42_23 : 2
		trunc_ln42_23 : 3
		sext_ln73_976 : 1
		mul_ln42_24 : 2
		trunc_ln42_24 : 3
		sext_ln73_977 : 1
		mul_ln42_25 : 2
		trunc_ln42_25 : 3
		sext_ln73_979 : 1
		mul_ln42_26 : 2
		trunc_ln42_26 : 3
		add_ln58 : 4
		add_ln58_17 : 4
		x : 5
		add_ln58_19 : 4
		add_ln58_20 : 4
		x_5 : 5
		shl_ln : 6
		sext_ln110 : 7
		shl_ln111_5 : 6
		sext_ln68 : 7
		mrv : 8
		mrv_1 : 9
		ret_ln68 : 10


============================================================
+ Verbose Summary: Datapath Resource usage 
============================================================

* Functional unit list:
|----------|----------------------------|---------|---------|---------|
| Operation|       Functional Unit      |   DSP   |    FF   |   LUT   |
|----------|----------------------------|---------|---------|---------|
|          |       add_ln42_fu_439      |    0    |    0    |    12   |
|          |      add_ln42_7_fu_450     |    0    |    0    |    12   |
|          |      add_ln42_8_fu_461     |    0    |    0    |    12   |
|          |      add_ln42_9_fu_472     |    0    |    0    |    12   |
|          |     add_ln42_10_fu_483     |    0    |    0    |    12   |
|          |     add_ln42_11_fu_494     |    0    |    0    |    12   |
|    add   |     add_ln42_12_fu_505     |    0    |    0    |    12   |
|          |       add_ln58_fu_656      |    0    |    0    |    16   |
|          |     add_ln58_17_fu_662     |    0    |    0    |    23   |
|          |          x_fu_668          |    0    |    0    |    16   |
|          |     add_ln58_19_fu_674     |    0    |    0    |    16   |
|          |     add_ln58_20_fu_680     |    0    |    0    |    23   |
|          |         x_5_fu_686         |    0    |    0    |    16   |
|----------|----------------------------|---------|---------|---------|
|          |     mul_ln42_22_fu_185     |    1    |    0    |    5    |
|          |     mul_ln42_26_fu_186     |    1    |    0    |    5    |
|          |     mul_ln42_24_fu_187     |    1    |    0    |    5    |
|    mul   |     mul_ln42_25_fu_188     |    1    |    0    |    5    |
|          |     mul_ln42_20_fu_189     |    1    |    0    |    5    |
|          |     mul_ln42_23_fu_190     |    1    |    0    |    5    |
|          |     mul_ln42_21_fu_191     |    1    |    0    |    5    |
|          |       mul_ln42_fu_192      |    1    |    0    |    5    |
|----------|----------------------------|---------|---------|---------|
|          |    idx2_read_read_fu_58    |    0    |    0    |    0    |
|          | data_3_val_read_read_fu_64 |    0    |    0    |    0    |
|   read   | data_2_val_read_read_fu_70 |    0    |    0    |    0    |
|          | data_1_val_read_read_fu_76 |    0    |    0    |    0    |
|          | data_0_val_read_read_fu_82 |    0    |    0    |    0    |
|----------|----------------------------|---------|---------|---------|
|          |      zext_ln13_fu_434      |    0    |    0    |    0    |
|          |      zext_ln42_fu_445      |    0    |    0    |    0    |
|          |     zext_ln42_7_fu_456     |    0    |    0    |    0    |
|   zext   |     zext_ln42_8_fu_467     |    0    |    0    |    0    |
|          |     zext_ln42_9_fu_478     |    0    |    0    |    0    |
|          |     zext_ln42_10_fu_489    |    0    |    0    |    0    |
|          |     zext_ln42_11_fu_500    |    0    |    0    |    0    |
|          |     zext_ln42_12_fu_511    |    0    |    0    |    0    |
|----------|----------------------------|---------|---------|---------|
|          |      sext_ln73_fu_516      |    0    |    0    |    0    |
|          |    sext_ln73_969_fu_521    |    0    |    0    |    0    |
|          |    sext_ln73_970_fu_536    |    0    |    0    |    0    |
|          |    sext_ln73_971_fu_551    |    0    |    0    |    0    |
|          |    sext_ln73_972_fu_556    |    0    |    0    |    0    |
|          |    sext_ln73_973_fu_571    |    0    |    0    |    0    |
|   sext   |    sext_ln73_974_fu_586    |    0    |    0    |    0    |
|          |    sext_ln73_975_fu_591    |    0    |    0    |    0    |
|          |    sext_ln73_976_fu_606    |    0    |    0    |    0    |
|          |    sext_ln73_977_fu_621    |    0    |    0    |    0    |
|          |    sext_ln73_978_fu_626    |    0    |    0    |    0    |
|          |    sext_ln73_979_fu_641    |    0    |    0    |    0    |
|          |      sext_ln110_fu_700     |    0    |    0    |    0    |
|          |      sext_ln68_fu_712      |    0    |    0    |    0    |
|----------|----------------------------|---------|---------|---------|
|          |       trunc_ln_fu_526      |    0    |    0    |    0    |
|          |     trunc_ln42_s_fu_541    |    0    |    0    |    0    |
|          |    trunc_ln42_21_fu_561    |    0    |    0    |    0    |
|partselect|    trunc_ln42_22_fu_576    |    0    |    0    |    0    |
|          |    trunc_ln42_23_fu_596    |    0    |    0    |    0    |
|          |    trunc_ln42_24_fu_611    |    0    |    0    |    0    |
|          |    trunc_ln42_25_fu_631    |    0    |    0    |    0    |
|          |    trunc_ln42_26_fu_646    |    0    |    0    |    0    |
|----------|----------------------------|---------|---------|---------|
|bitconcatenate|        shl_ln_fu_692       |    0    |    0    |    0    |
|          |     shl_ln111_5_fu_704     |    0    |    0    |    0    |
|----------|----------------------------|---------|---------|---------|
|insertvalue|         mrv_fu_716         |    0    |    0    |    0    |
|          |        mrv_1_fu_722        |    0    |    0    |    0    |
|----------|----------------------------|---------|---------|---------|
|   Total  |                            |    8    |    0    |   234   |
|----------|----------------------------|---------|---------|---------|

Memories:
N/A

* Register list:
+----------------------------+--------+
|                            |   FF   |
+----------------------------+--------+
|   data_0_val_read_reg_743  |   16   |
|   data_1_val_read_reg_738  |   16   |
|   data_2_val_read_reg_733  |   16   |
|   data_3_val_read_reg_728  |   16   |
|query_weight3_addr_1_reg_753|    4   |
|query_weight3_addr_2_reg_758|    4   |
|query_weight3_addr_3_reg_763|    4   |
|query_weight3_addr_4_reg_768|    4   |
|query_weight3_addr_5_reg_773|    4   |
|query_weight3_addr_6_reg_778|    4   |
|query_weight3_addr_7_reg_783|    4   |
| query_weight3_addr_reg_748 |    4   |
+----------------------------+--------+
|            Total           |   96   |
+----------------------------+--------+

* Multiplexer (MUX) list: 
|------------------|------|------|------|--------||---------||---------|
|       Comp       |  Pin | Size |  BW  | S x BW ||  Delay  ||   LUT   |
|------------------|------|------|------|--------||---------||---------|
| grp_access_fu_95 |  p0  |   2  |   4  |    8   ||    9    |
| grp_access_fu_95 |  p2  |   2  |   0  |    0   ||    9    |
| grp_access_fu_95 |  p5  |   2  |  11  |   22   ||    9    |
| grp_access_fu_95 |  p8  |   2  |   4  |    8   ||    9    |
| grp_access_fu_95 |  p10 |   2  |   0  |    0   ||    9    |
| grp_access_fu_95 |  p13 |   2  |  11  |   22   ||    9    |
| grp_access_fu_95 |  p16 |   2  |   4  |    8   ||    9    |
| grp_access_fu_95 |  p18 |   2  |   0  |    0   ||    9    |
|------------------|------|------|------|--------||---------||---------|
|       Total      |      |      |      |   68   ||  3.096  ||    72   |
|------------------|------|------|------|--------||---------||---------|



* Summary:
+-----------+--------+--------+--------+--------+
|           |   DSP  |  Delay |   FF   |   LUT  |
+-----------+--------+--------+--------+--------+
|  Function |    8   |    -   |    0   |   234  |
|   Memory  |    -   |    -   |    -   |    -   |
|Multiplexer|    -   |    3   |    -   |   72   |
|  Register |    -   |    -   |   96   |    -   |
+-----------+--------+--------+--------+--------+
|   Total   |    8   |    3   |   96   |   306  |
+-----------+--------+--------+--------+--------+
