

================================================================
== Vitis HLS Report for 'layernormalize_ap_fixed_16_6_5_3_0_ap_fixed_33_13_5_3_0_config2_s'
================================================================
* Date:           Mon Dec 16 19:42:15 2024

* Version:        2023.2 (Build 4023990 on Oct 11 2023)
* Project:        myproject_prj
* Solution:       solution1 (Vivado IP Flow Target)
* Product family: virtexuplus
* Target device:  xcvu13p-flga2577-2-e


================================================================
== Performance Estimates
================================================================
+ Timing: 
    * Summary: 
    +--------+---------+----------+------------+
    |  Clock |  Target | Estimated| Uncertainty|
    +--------+---------+----------+------------+
    |ap_clk  |  5.00 ns|  4.097 ns|     0.62 ns|
    +--------+---------+----------+------------+

+ Latency: 
    * Summary: 
    +---------+---------+-----------+-----------+-----+-----+---------+
    |  Latency (cycles) |   Latency (absolute)  |  Interval | Pipeline|
    |   min   |   max   |    min    |    max    | min | max |   Type  |
    +---------+---------+-----------+-----------+-----+-----+---------+
    |        3|        3|  15.000 ns|  15.000 ns|    1|    1|      yes|
    +---------+---------+-----------+-----------+-----+-----+---------+

    + Detail: 
        * Instance: 
        N/A

        * Loop: 
        N/A

============================================================
+ Verbose Summary: Synthesis Manager
============================================================
InlineROM: 1
ExposeGlobal: 0
============================================================
+ Verbose Summary: CDFG Model
============================================================
IsTopModel: 0
ResetActiveHigh: 1
IsCombinational: 0
IsDatapathOnly: 0
HasWiredReturn: 1
HasMFsm: 2
HasVarLatency: 0
IsPipeline: 1
IsRtlPipelined: 1
IsInstanceOverlapped: 0
IsDontTouch: 0
HasImplIP: 0
IsGatedGlobalClock: 0

+ Individual pipeline summary: 
  * Pipeline-0: initiation interval (II) = 1, depth = 4


============================================================
+ Verbose Summary: Schedule
============================================================
* Number of FSM states : 4
* Pipeline : 1
  Pipeline-0 : II = 1, D = 4, States = { 1 2 3 4 }
* Dataflow Pipeline: 0

* FSM state transitions: 
1 --> 2 
2 --> 3 
3 --> 4 
4 --> 

* FSM state operations: 

State 1 <SV = 0> <Delay = 2.97>
ST_1 : Operation 5 [1/1] (0.00ns)   --->   "%data_79_val_read = read i16 @_ssdm_op_Read.ap_auto.i16, i16 %data_79_val" [firmware/nnet_utils/nnet_layernorm.h:108]   --->   Operation 5 'read' 'data_79_val_read' <Predicate = true> <Delay = 0.00>
ST_1 : Operation 6 [1/1] (0.00ns)   --->   "%data_78_val_read = read i16 @_ssdm_op_Read.ap_auto.i16, i16 %data_78_val" [firmware/nnet_utils/nnet_layernorm.h:108]   --->   Operation 6 'read' 'data_78_val_read' <Predicate = true> <Delay = 0.00>
ST_1 : Operation 7 [1/1] (0.00ns)   --->   "%data_77_val_read = read i16 @_ssdm_op_Read.ap_auto.i16, i16 %data_77_val" [firmware/nnet_utils/nnet_layernorm.h:108]   --->   Operation 7 'read' 'data_77_val_read' <Predicate = true> <Delay = 0.00>
ST_1 : Operation 8 [1/1] (0.00ns)   --->   "%data_76_val_read = read i16 @_ssdm_op_Read.ap_auto.i16, i16 %data_76_val" [firmware/nnet_utils/nnet_layernorm.h:108]   --->   Operation 8 'read' 'data_76_val_read' <Predicate = true> <Delay = 0.00>
ST_1 : Operation 9 [1/1] (0.00ns)   --->   "%data_75_val_read = read i16 @_ssdm_op_Read.ap_auto.i16, i16 %data_75_val" [firmware/nnet_utils/nnet_layernorm.h:108]   --->   Operation 9 'read' 'data_75_val_read' <Predicate = true> <Delay = 0.00>
ST_1 : Operation 10 [1/1] (0.00ns)   --->   "%data_74_val_read = read i16 @_ssdm_op_Read.ap_auto.i16, i16 %data_74_val" [firmware/nnet_utils/nnet_layernorm.h:108]   --->   Operation 10 'read' 'data_74_val_read' <Predicate = true> <Delay = 0.00>
ST_1 : Operation 11 [1/1] (0.00ns)   --->   "%data_73_val_read = read i16 @_ssdm_op_Read.ap_auto.i16, i16 %data_73_val" [firmware/nnet_utils/nnet_layernorm.h:108]   --->   Operation 11 'read' 'data_73_val_read' <Predicate = true> <Delay = 0.00>
ST_1 : Operation 12 [1/1] (0.00ns)   --->   "%data_72_val_read = read i16 @_ssdm_op_Read.ap_auto.i16, i16 %data_72_val" [firmware/nnet_utils/nnet_layernorm.h:108]   --->   Operation 12 'read' 'data_72_val_read' <Predicate = true> <Delay = 0.00>
ST_1 : Operation 13 [1/1] (0.00ns)   --->   "%data_71_val_read = read i16 @_ssdm_op_Read.ap_auto.i16, i16 %data_71_val" [firmware/nnet_utils/nnet_layernorm.h:108]   --->   Operation 13 'read' 'data_71_val_read' <Predicate = true> <Delay = 0.00>
ST_1 : Operation 14 [1/1] (0.00ns)   --->   "%data_70_val_read = read i16 @_ssdm_op_Read.ap_auto.i16, i16 %data_70_val" [firmware/nnet_utils/nnet_layernorm.h:108]   --->   Operation 14 'read' 'data_70_val_read' <Predicate = true> <Delay = 0.00>
ST_1 : Operation 15 [1/1] (0.00ns)   --->   "%data_69_val_read = read i16 @_ssdm_op_Read.ap_auto.i16, i16 %data_69_val" [firmware/nnet_utils/nnet_layernorm.h:108]   --->   Operation 15 'read' 'data_69_val_read' <Predicate = true> <Delay = 0.00>
ST_1 : Operation 16 [1/1] (0.00ns)   --->   "%data_68_val_read = read i16 @_ssdm_op_Read.ap_auto.i16, i16 %data_68_val" [firmware/nnet_utils/nnet_layernorm.h:108]   --->   Operation 16 'read' 'data_68_val_read' <Predicate = true> <Delay = 0.00>
ST_1 : Operation 17 [1/1] (0.00ns)   --->   "%data_67_val_read = read i16 @_ssdm_op_Read.ap_auto.i16, i16 %data_67_val" [firmware/nnet_utils/nnet_layernorm.h:108]   --->   Operation 17 'read' 'data_67_val_read' <Predicate = true> <Delay = 0.00>
ST_1 : Operation 18 [1/1] (0.00ns)   --->   "%data_66_val_read = read i16 @_ssdm_op_Read.ap_auto.i16, i16 %data_66_val" [firmware/nnet_utils/nnet_layernorm.h:108]   --->   Operation 18 'read' 'data_66_val_read' <Predicate = true> <Delay = 0.00>
ST_1 : Operation 19 [1/1] (0.00ns)   --->   "%data_65_val_read = read i16 @_ssdm_op_Read.ap_auto.i16, i16 %data_65_val" [firmware/nnet_utils/nnet_layernorm.h:108]   --->   Operation 19 'read' 'data_65_val_read' <Predicate = true> <Delay = 0.00>
ST_1 : Operation 20 [1/1] (0.00ns)   --->   "%data_64_val_read = read i16 @_ssdm_op_Read.ap_auto.i16, i16 %data_64_val" [firmware/nnet_utils/nnet_layernorm.h:108]   --->   Operation 20 'read' 'data_64_val_read' <Predicate = true> <Delay = 0.00>
ST_1 : Operation 21 [1/1] (0.00ns)   --->   "%data_63_val_read = read i16 @_ssdm_op_Read.ap_auto.i16, i16 %data_63_val" [firmware/nnet_utils/nnet_layernorm.h:108]   --->   Operation 21 'read' 'data_63_val_read' <Predicate = true> <Delay = 0.00>
ST_1 : Operation 22 [1/1] (0.00ns)   --->   "%data_62_val_read = read i16 @_ssdm_op_Read.ap_auto.i16, i16 %data_62_val" [firmware/nnet_utils/nnet_layernorm.h:108]   --->   Operation 22 'read' 'data_62_val_read' <Predicate = true> <Delay = 0.00>
ST_1 : Operation 23 [1/1] (0.00ns)   --->   "%data_61_val_read = read i16 @_ssdm_op_Read.ap_auto.i16, i16 %data_61_val" [firmware/nnet_utils/nnet_layernorm.h:108]   --->   Operation 23 'read' 'data_61_val_read' <Predicate = true> <Delay = 0.00>
ST_1 : Operation 24 [1/1] (0.00ns)   --->   "%data_60_val_read = read i16 @_ssdm_op_Read.ap_auto.i16, i16 %data_60_val" [firmware/nnet_utils/nnet_layernorm.h:108]   --->   Operation 24 'read' 'data_60_val_read' <Predicate = true> <Delay = 0.00>
ST_1 : Operation 25 [1/1] (0.00ns)   --->   "%data_59_val_read = read i16 @_ssdm_op_Read.ap_auto.i16, i16 %data_59_val" [firmware/nnet_utils/nnet_layernorm.h:108]   --->   Operation 25 'read' 'data_59_val_read' <Predicate = true> <Delay = 0.00>
ST_1 : Operation 26 [1/1] (0.00ns)   --->   "%data_58_val_read = read i16 @_ssdm_op_Read.ap_auto.i16, i16 %data_58_val" [firmware/nnet_utils/nnet_layernorm.h:108]   --->   Operation 26 'read' 'data_58_val_read' <Predicate = true> <Delay = 0.00>
ST_1 : Operation 27 [1/1] (0.00ns)   --->   "%data_57_val_read = read i16 @_ssdm_op_Read.ap_auto.i16, i16 %data_57_val" [firmware/nnet_utils/nnet_layernorm.h:108]   --->   Operation 27 'read' 'data_57_val_read' <Predicate = true> <Delay = 0.00>
ST_1 : Operation 28 [1/1] (0.00ns)   --->   "%data_56_val_read = read i16 @_ssdm_op_Read.ap_auto.i16, i16 %data_56_val" [firmware/nnet_utils/nnet_layernorm.h:108]   --->   Operation 28 'read' 'data_56_val_read' <Predicate = true> <Delay = 0.00>
ST_1 : Operation 29 [1/1] (0.00ns)   --->   "%data_55_val_read = read i16 @_ssdm_op_Read.ap_auto.i16, i16 %data_55_val" [firmware/nnet_utils/nnet_layernorm.h:108]   --->   Operation 29 'read' 'data_55_val_read' <Predicate = true> <Delay = 0.00>
ST_1 : Operation 30 [1/1] (0.00ns)   --->   "%data_54_val_read = read i16 @_ssdm_op_Read.ap_auto.i16, i16 %data_54_val" [firmware/nnet_utils/nnet_layernorm.h:108]   --->   Operation 30 'read' 'data_54_val_read' <Predicate = true> <Delay = 0.00>
ST_1 : Operation 31 [1/1] (0.00ns)   --->   "%data_53_val_read = read i16 @_ssdm_op_Read.ap_auto.i16, i16 %data_53_val" [firmware/nnet_utils/nnet_layernorm.h:108]   --->   Operation 31 'read' 'data_53_val_read' <Predicate = true> <Delay = 0.00>
ST_1 : Operation 32 [1/1] (0.00ns)   --->   "%data_52_val_read = read i16 @_ssdm_op_Read.ap_auto.i16, i16 %data_52_val" [firmware/nnet_utils/nnet_layernorm.h:108]   --->   Operation 32 'read' 'data_52_val_read' <Predicate = true> <Delay = 0.00>
ST_1 : Operation 33 [1/1] (0.00ns)   --->   "%data_51_val_read = read i16 @_ssdm_op_Read.ap_auto.i16, i16 %data_51_val" [firmware/nnet_utils/nnet_layernorm.h:108]   --->   Operation 33 'read' 'data_51_val_read' <Predicate = true> <Delay = 0.00>
ST_1 : Operation 34 [1/1] (0.00ns)   --->   "%data_50_val_read = read i16 @_ssdm_op_Read.ap_auto.i16, i16 %data_50_val" [firmware/nnet_utils/nnet_layernorm.h:108]   --->   Operation 34 'read' 'data_50_val_read' <Predicate = true> <Delay = 0.00>
ST_1 : Operation 35 [1/1] (0.00ns)   --->   "%data_49_val_read = read i16 @_ssdm_op_Read.ap_auto.i16, i16 %data_49_val" [firmware/nnet_utils/nnet_layernorm.h:108]   --->   Operation 35 'read' 'data_49_val_read' <Predicate = true> <Delay = 0.00>
ST_1 : Operation 36 [1/1] (0.00ns)   --->   "%data_48_val_read = read i16 @_ssdm_op_Read.ap_auto.i16, i16 %data_48_val" [firmware/nnet_utils/nnet_layernorm.h:108]   --->   Operation 36 'read' 'data_48_val_read' <Predicate = true> <Delay = 0.00>
ST_1 : Operation 37 [1/1] (0.00ns)   --->   "%data_47_val_read = read i16 @_ssdm_op_Read.ap_auto.i16, i16 %data_47_val" [firmware/nnet_utils/nnet_layernorm.h:108]   --->   Operation 37 'read' 'data_47_val_read' <Predicate = true> <Delay = 0.00>
ST_1 : Operation 38 [1/1] (0.00ns)   --->   "%data_46_val_read = read i16 @_ssdm_op_Read.ap_auto.i16, i16 %data_46_val" [firmware/nnet_utils/nnet_layernorm.h:108]   --->   Operation 38 'read' 'data_46_val_read' <Predicate = true> <Delay = 0.00>
ST_1 : Operation 39 [1/1] (0.00ns)   --->   "%data_45_val_read = read i16 @_ssdm_op_Read.ap_auto.i16, i16 %data_45_val" [firmware/nnet_utils/nnet_layernorm.h:108]   --->   Operation 39 'read' 'data_45_val_read' <Predicate = true> <Delay = 0.00>
ST_1 : Operation 40 [1/1] (0.00ns)   --->   "%data_44_val_read = read i16 @_ssdm_op_Read.ap_auto.i16, i16 %data_44_val" [firmware/nnet_utils/nnet_layernorm.h:108]   --->   Operation 40 'read' 'data_44_val_read' <Predicate = true> <Delay = 0.00>
ST_1 : Operation 41 [1/1] (0.00ns)   --->   "%data_43_val_read = read i16 @_ssdm_op_Read.ap_auto.i16, i16 %data_43_val" [firmware/nnet_utils/nnet_layernorm.h:108]   --->   Operation 41 'read' 'data_43_val_read' <Predicate = true> <Delay = 0.00>
ST_1 : Operation 42 [1/1] (0.00ns)   --->   "%data_42_val_read = read i16 @_ssdm_op_Read.ap_auto.i16, i16 %data_42_val" [firmware/nnet_utils/nnet_layernorm.h:108]   --->   Operation 42 'read' 'data_42_val_read' <Predicate = true> <Delay = 0.00>
ST_1 : Operation 43 [1/1] (0.00ns)   --->   "%data_41_val_read = read i16 @_ssdm_op_Read.ap_auto.i16, i16 %data_41_val" [firmware/nnet_utils/nnet_layernorm.h:108]   --->   Operation 43 'read' 'data_41_val_read' <Predicate = true> <Delay = 0.00>
ST_1 : Operation 44 [1/1] (0.00ns)   --->   "%data_40_val_read = read i16 @_ssdm_op_Read.ap_auto.i16, i16 %data_40_val" [firmware/nnet_utils/nnet_layernorm.h:108]   --->   Operation 44 'read' 'data_40_val_read' <Predicate = true> <Delay = 0.00>
ST_1 : Operation 45 [1/1] (0.00ns)   --->   "%data_39_val_read = read i16 @_ssdm_op_Read.ap_auto.i16, i16 %data_39_val" [firmware/nnet_utils/nnet_layernorm.h:108]   --->   Operation 45 'read' 'data_39_val_read' <Predicate = true> <Delay = 0.00>
ST_1 : Operation 46 [1/1] (0.00ns)   --->   "%data_38_val_read = read i16 @_ssdm_op_Read.ap_auto.i16, i16 %data_38_val" [firmware/nnet_utils/nnet_layernorm.h:108]   --->   Operation 46 'read' 'data_38_val_read' <Predicate = true> <Delay = 0.00>
ST_1 : Operation 47 [1/1] (0.00ns)   --->   "%data_37_val_read = read i16 @_ssdm_op_Read.ap_auto.i16, i16 %data_37_val" [firmware/nnet_utils/nnet_layernorm.h:108]   --->   Operation 47 'read' 'data_37_val_read' <Predicate = true> <Delay = 0.00>
ST_1 : Operation 48 [1/1] (0.00ns)   --->   "%data_36_val_read = read i16 @_ssdm_op_Read.ap_auto.i16, i16 %data_36_val" [firmware/nnet_utils/nnet_layernorm.h:108]   --->   Operation 48 'read' 'data_36_val_read' <Predicate = true> <Delay = 0.00>
ST_1 : Operation 49 [1/1] (0.00ns)   --->   "%data_35_val_read = read i16 @_ssdm_op_Read.ap_auto.i16, i16 %data_35_val" [firmware/nnet_utils/nnet_layernorm.h:108]   --->   Operation 49 'read' 'data_35_val_read' <Predicate = true> <Delay = 0.00>
ST_1 : Operation 50 [1/1] (0.00ns)   --->   "%data_34_val_read = read i16 @_ssdm_op_Read.ap_auto.i16, i16 %data_34_val" [firmware/nnet_utils/nnet_layernorm.h:108]   --->   Operation 50 'read' 'data_34_val_read' <Predicate = true> <Delay = 0.00>
ST_1 : Operation 51 [1/1] (0.00ns)   --->   "%data_33_val_read = read i16 @_ssdm_op_Read.ap_auto.i16, i16 %data_33_val" [firmware/nnet_utils/nnet_layernorm.h:108]   --->   Operation 51 'read' 'data_33_val_read' <Predicate = true> <Delay = 0.00>
ST_1 : Operation 52 [1/1] (0.00ns)   --->   "%data_32_val_read = read i16 @_ssdm_op_Read.ap_auto.i16, i16 %data_32_val" [firmware/nnet_utils/nnet_layernorm.h:108]   --->   Operation 52 'read' 'data_32_val_read' <Predicate = true> <Delay = 0.00>
ST_1 : Operation 53 [1/1] (0.00ns)   --->   "%data_31_val_read = read i16 @_ssdm_op_Read.ap_auto.i16, i16 %data_31_val" [firmware/nnet_utils/nnet_layernorm.h:108]   --->   Operation 53 'read' 'data_31_val_read' <Predicate = true> <Delay = 0.00>
ST_1 : Operation 54 [1/1] (0.00ns)   --->   "%data_30_val_read = read i16 @_ssdm_op_Read.ap_auto.i16, i16 %data_30_val" [firmware/nnet_utils/nnet_layernorm.h:108]   --->   Operation 54 'read' 'data_30_val_read' <Predicate = true> <Delay = 0.00>
ST_1 : Operation 55 [1/1] (0.00ns)   --->   "%data_29_val_read = read i16 @_ssdm_op_Read.ap_auto.i16, i16 %data_29_val" [firmware/nnet_utils/nnet_layernorm.h:108]   --->   Operation 55 'read' 'data_29_val_read' <Predicate = true> <Delay = 0.00>
ST_1 : Operation 56 [1/1] (0.00ns)   --->   "%data_28_val_read = read i16 @_ssdm_op_Read.ap_auto.i16, i16 %data_28_val" [firmware/nnet_utils/nnet_layernorm.h:108]   --->   Operation 56 'read' 'data_28_val_read' <Predicate = true> <Delay = 0.00>
ST_1 : Operation 57 [1/1] (0.00ns)   --->   "%data_27_val_read = read i16 @_ssdm_op_Read.ap_auto.i16, i16 %data_27_val" [firmware/nnet_utils/nnet_layernorm.h:108]   --->   Operation 57 'read' 'data_27_val_read' <Predicate = true> <Delay = 0.00>
ST_1 : Operation 58 [1/1] (0.00ns)   --->   "%data_26_val_read = read i16 @_ssdm_op_Read.ap_auto.i16, i16 %data_26_val" [firmware/nnet_utils/nnet_layernorm.h:108]   --->   Operation 58 'read' 'data_26_val_read' <Predicate = true> <Delay = 0.00>
ST_1 : Operation 59 [1/1] (0.00ns)   --->   "%data_25_val_read = read i16 @_ssdm_op_Read.ap_auto.i16, i16 %data_25_val" [firmware/nnet_utils/nnet_layernorm.h:108]   --->   Operation 59 'read' 'data_25_val_read' <Predicate = true> <Delay = 0.00>
ST_1 : Operation 60 [1/1] (0.00ns)   --->   "%data_24_val_read = read i16 @_ssdm_op_Read.ap_auto.i16, i16 %data_24_val" [firmware/nnet_utils/nnet_layernorm.h:108]   --->   Operation 60 'read' 'data_24_val_read' <Predicate = true> <Delay = 0.00>
ST_1 : Operation 61 [1/1] (0.00ns)   --->   "%data_23_val_read = read i16 @_ssdm_op_Read.ap_auto.i16, i16 %data_23_val" [firmware/nnet_utils/nnet_layernorm.h:108]   --->   Operation 61 'read' 'data_23_val_read' <Predicate = true> <Delay = 0.00>
ST_1 : Operation 62 [1/1] (0.00ns)   --->   "%data_22_val_read = read i16 @_ssdm_op_Read.ap_auto.i16, i16 %data_22_val" [firmware/nnet_utils/nnet_layernorm.h:108]   --->   Operation 62 'read' 'data_22_val_read' <Predicate = true> <Delay = 0.00>
ST_1 : Operation 63 [1/1] (0.00ns)   --->   "%data_21_val_read = read i16 @_ssdm_op_Read.ap_auto.i16, i16 %data_21_val" [firmware/nnet_utils/nnet_layernorm.h:108]   --->   Operation 63 'read' 'data_21_val_read' <Predicate = true> <Delay = 0.00>
ST_1 : Operation 64 [1/1] (0.00ns)   --->   "%data_20_val_read = read i16 @_ssdm_op_Read.ap_auto.i16, i16 %data_20_val" [firmware/nnet_utils/nnet_layernorm.h:108]   --->   Operation 64 'read' 'data_20_val_read' <Predicate = true> <Delay = 0.00>
ST_1 : Operation 65 [1/1] (0.00ns)   --->   "%data_19_val_read = read i16 @_ssdm_op_Read.ap_auto.i16, i16 %data_19_val" [firmware/nnet_utils/nnet_layernorm.h:108]   --->   Operation 65 'read' 'data_19_val_read' <Predicate = true> <Delay = 0.00>
ST_1 : Operation 66 [1/1] (0.00ns)   --->   "%data_18_val_read = read i16 @_ssdm_op_Read.ap_auto.i16, i16 %data_18_val" [firmware/nnet_utils/nnet_layernorm.h:108]   --->   Operation 66 'read' 'data_18_val_read' <Predicate = true> <Delay = 0.00>
ST_1 : Operation 67 [1/1] (0.00ns)   --->   "%data_17_val_read = read i16 @_ssdm_op_Read.ap_auto.i16, i16 %data_17_val" [firmware/nnet_utils/nnet_layernorm.h:108]   --->   Operation 67 'read' 'data_17_val_read' <Predicate = true> <Delay = 0.00>
ST_1 : Operation 68 [1/1] (0.00ns)   --->   "%data_16_val_read = read i16 @_ssdm_op_Read.ap_auto.i16, i16 %data_16_val" [firmware/nnet_utils/nnet_layernorm.h:108]   --->   Operation 68 'read' 'data_16_val_read' <Predicate = true> <Delay = 0.00>
ST_1 : Operation 69 [1/1] (0.00ns)   --->   "%data_15_val_read = read i16 @_ssdm_op_Read.ap_auto.i16, i16 %data_15_val" [firmware/nnet_utils/nnet_layernorm.h:108]   --->   Operation 69 'read' 'data_15_val_read' <Predicate = true> <Delay = 0.00>
ST_1 : Operation 70 [1/1] (0.00ns)   --->   "%data_14_val_read = read i16 @_ssdm_op_Read.ap_auto.i16, i16 %data_14_val" [firmware/nnet_utils/nnet_layernorm.h:108]   --->   Operation 70 'read' 'data_14_val_read' <Predicate = true> <Delay = 0.00>
ST_1 : Operation 71 [1/1] (0.00ns)   --->   "%data_13_val_read = read i16 @_ssdm_op_Read.ap_auto.i16, i16 %data_13_val" [firmware/nnet_utils/nnet_layernorm.h:108]   --->   Operation 71 'read' 'data_13_val_read' <Predicate = true> <Delay = 0.00>
ST_1 : Operation 72 [1/1] (0.00ns)   --->   "%data_12_val_read = read i16 @_ssdm_op_Read.ap_auto.i16, i16 %data_12_val" [firmware/nnet_utils/nnet_layernorm.h:108]   --->   Operation 72 'read' 'data_12_val_read' <Predicate = true> <Delay = 0.00>
ST_1 : Operation 73 [1/1] (0.00ns)   --->   "%data_11_val_read = read i16 @_ssdm_op_Read.ap_auto.i16, i16 %data_11_val" [firmware/nnet_utils/nnet_layernorm.h:108]   --->   Operation 73 'read' 'data_11_val_read' <Predicate = true> <Delay = 0.00>
ST_1 : Operation 74 [1/1] (0.00ns)   --->   "%data_10_val_read = read i16 @_ssdm_op_Read.ap_auto.i16, i16 %data_10_val" [firmware/nnet_utils/nnet_layernorm.h:108]   --->   Operation 74 'read' 'data_10_val_read' <Predicate = true> <Delay = 0.00>
ST_1 : Operation 75 [1/1] (0.00ns)   --->   "%data_9_val_read = read i16 @_ssdm_op_Read.ap_auto.i16, i16 %data_9_val" [firmware/nnet_utils/nnet_layernorm.h:108]   --->   Operation 75 'read' 'data_9_val_read' <Predicate = true> <Delay = 0.00>
ST_1 : Operation 76 [1/1] (0.00ns)   --->   "%data_8_val_read = read i16 @_ssdm_op_Read.ap_auto.i16, i16 %data_8_val" [firmware/nnet_utils/nnet_layernorm.h:108]   --->   Operation 76 'read' 'data_8_val_read' <Predicate = true> <Delay = 0.00>
ST_1 : Operation 77 [1/1] (0.00ns)   --->   "%data_7_val_read = read i16 @_ssdm_op_Read.ap_auto.i16, i16 %data_7_val" [firmware/nnet_utils/nnet_layernorm.h:108]   --->   Operation 77 'read' 'data_7_val_read' <Predicate = true> <Delay = 0.00>
ST_1 : Operation 78 [1/1] (0.00ns)   --->   "%data_6_val_read = read i16 @_ssdm_op_Read.ap_auto.i16, i16 %data_6_val" [firmware/nnet_utils/nnet_layernorm.h:108]   --->   Operation 78 'read' 'data_6_val_read' <Predicate = true> <Delay = 0.00>
ST_1 : Operation 79 [1/1] (0.00ns)   --->   "%data_5_val_read = read i16 @_ssdm_op_Read.ap_auto.i16, i16 %data_5_val" [firmware/nnet_utils/nnet_layernorm.h:108]   --->   Operation 79 'read' 'data_5_val_read' <Predicate = true> <Delay = 0.00>
ST_1 : Operation 80 [1/1] (0.00ns)   --->   "%data_4_val_read = read i16 @_ssdm_op_Read.ap_auto.i16, i16 %data_4_val" [firmware/nnet_utils/nnet_layernorm.h:108]   --->   Operation 80 'read' 'data_4_val_read' <Predicate = true> <Delay = 0.00>
ST_1 : Operation 81 [1/1] (0.00ns)   --->   "%data_3_val_read = read i16 @_ssdm_op_Read.ap_auto.i16, i16 %data_3_val" [firmware/nnet_utils/nnet_layernorm.h:108]   --->   Operation 81 'read' 'data_3_val_read' <Predicate = true> <Delay = 0.00>
ST_1 : Operation 82 [1/1] (0.00ns)   --->   "%data_2_val_read = read i16 @_ssdm_op_Read.ap_auto.i16, i16 %data_2_val" [firmware/nnet_utils/nnet_layernorm.h:108]   --->   Operation 82 'read' 'data_2_val_read' <Predicate = true> <Delay = 0.00>
ST_1 : Operation 83 [1/1] (0.00ns)   --->   "%data_1_val_read = read i16 @_ssdm_op_Read.ap_auto.i16, i16 %data_1_val" [firmware/nnet_utils/nnet_layernorm.h:108]   --->   Operation 83 'read' 'data_1_val_read' <Predicate = true> <Delay = 0.00>
ST_1 : Operation 84 [1/1] (0.00ns)   --->   "%data_0_val_read = read i16 @_ssdm_op_Read.ap_auto.i16, i16 %data_0_val" [firmware/nnet_utils/nnet_layernorm.h:108]   --->   Operation 84 'read' 'data_0_val_read' <Predicate = true> <Delay = 0.00>
ST_1 : Operation 85 [4/4] (2.97ns)   --->   "%call_ret9 = call i264 @layernorm_1d<ap_fixed<16, 6, 5, 3, 0>, ap_fixed<33, 13, 5, 3, 0>, config2>, i16 %data_0_val_read, i16 %data_1_val_read, i16 %data_2_val_read, i16 %data_3_val_read, i16 %data_4_val_read, i16 %data_5_val_read, i16 %data_6_val_read, i16 %data_7_val_read, i16 %invert_sqr_table" [firmware/nnet_utils/nnet_layernorm.h:126]   --->   Operation 85 'call' 'call_ret9' <Predicate = true> <Delay = 2.97> <CoreType = "Generic">   --->   Core 0 '' <Latency = 0> <II = 1> <Delay = 1.00> <Generic> <Opcode : >
ST_1 : Operation 86 [4/4] (2.97ns)   --->   "%call_ret1 = call i264 @layernorm_1d<ap_fixed<16, 6, 5, 3, 0>, ap_fixed<33, 13, 5, 3, 0>, config2>, i16 %data_8_val_read, i16 %data_9_val_read, i16 %data_10_val_read, i16 %data_11_val_read, i16 %data_12_val_read, i16 %data_13_val_read, i16 %data_14_val_read, i16 %data_15_val_read, i16 %invert_sqr_table" [firmware/nnet_utils/nnet_layernorm.h:126]   --->   Operation 86 'call' 'call_ret1' <Predicate = true> <Delay = 2.97> <CoreType = "Generic">   --->   Core 0 '' <Latency = 0> <II = 1> <Delay = 1.00> <Generic> <Opcode : >
ST_1 : Operation 87 [4/4] (2.97ns)   --->   "%call_ret2 = call i264 @layernorm_1d<ap_fixed<16, 6, 5, 3, 0>, ap_fixed<33, 13, 5, 3, 0>, config2>, i16 %data_16_val_read, i16 %data_17_val_read, i16 %data_18_val_read, i16 %data_19_val_read, i16 %data_20_val_read, i16 %data_21_val_read, i16 %data_22_val_read, i16 %data_23_val_read, i16 %invert_sqr_table" [firmware/nnet_utils/nnet_layernorm.h:126]   --->   Operation 87 'call' 'call_ret2' <Predicate = true> <Delay = 2.97> <CoreType = "Generic">   --->   Core 0 '' <Latency = 0> <II = 1> <Delay = 1.00> <Generic> <Opcode : >
ST_1 : Operation 88 [4/4] (2.97ns)   --->   "%call_ret3 = call i264 @layernorm_1d<ap_fixed<16, 6, 5, 3, 0>, ap_fixed<33, 13, 5, 3, 0>, config2>, i16 %data_24_val_read, i16 %data_25_val_read, i16 %data_26_val_read, i16 %data_27_val_read, i16 %data_28_val_read, i16 %data_29_val_read, i16 %data_30_val_read, i16 %data_31_val_read, i16 %invert_sqr_table" [firmware/nnet_utils/nnet_layernorm.h:126]   --->   Operation 88 'call' 'call_ret3' <Predicate = true> <Delay = 2.97> <CoreType = "Generic">   --->   Core 0 '' <Latency = 0> <II = 1> <Delay = 1.00> <Generic> <Opcode : >
ST_1 : Operation 89 [4/4] (2.97ns)   --->   "%call_ret4 = call i264 @layernorm_1d<ap_fixed<16, 6, 5, 3, 0>, ap_fixed<33, 13, 5, 3, 0>, config2>, i16 %data_32_val_read, i16 %data_33_val_read, i16 %data_34_val_read, i16 %data_35_val_read, i16 %data_36_val_read, i16 %data_37_val_read, i16 %data_38_val_read, i16 %data_39_val_read, i16 %invert_sqr_table" [firmware/nnet_utils/nnet_layernorm.h:126]   --->   Operation 89 'call' 'call_ret4' <Predicate = true> <Delay = 2.97> <CoreType = "Generic">   --->   Core 0 '' <Latency = 0> <II = 1> <Delay = 1.00> <Generic> <Opcode : >
ST_1 : Operation 90 [4/4] (2.97ns)   --->   "%call_ret5 = call i264 @layernorm_1d<ap_fixed<16, 6, 5, 3, 0>, ap_fixed<33, 13, 5, 3, 0>, config2>, i16 %data_40_val_read, i16 %data_41_val_read, i16 %data_42_val_read, i16 %data_43_val_read, i16 %data_44_val_read, i16 %data_45_val_read, i16 %data_46_val_read, i16 %data_47_val_read, i16 %invert_sqr_table" [firmware/nnet_utils/nnet_layernorm.h:126]   --->   Operation 90 'call' 'call_ret5' <Predicate = true> <Delay = 2.97> <CoreType = "Generic">   --->   Core 0 '' <Latency = 0> <II = 1> <Delay = 1.00> <Generic> <Opcode : >
ST_1 : Operation 91 [4/4] (2.97ns)   --->   "%call_ret6 = call i264 @layernorm_1d<ap_fixed<16, 6, 5, 3, 0>, ap_fixed<33, 13, 5, 3, 0>, config2>, i16 %data_48_val_read, i16 %data_49_val_read, i16 %data_50_val_read, i16 %data_51_val_read, i16 %data_52_val_read, i16 %data_53_val_read, i16 %data_54_val_read, i16 %data_55_val_read, i16 %invert_sqr_table" [firmware/nnet_utils/nnet_layernorm.h:126]   --->   Operation 91 'call' 'call_ret6' <Predicate = true> <Delay = 2.97> <CoreType = "Generic">   --->   Core 0 '' <Latency = 0> <II = 1> <Delay = 1.00> <Generic> <Opcode : >
ST_1 : Operation 92 [4/4] (2.97ns)   --->   "%call_ret7 = call i264 @layernorm_1d<ap_fixed<16, 6, 5, 3, 0>, ap_fixed<33, 13, 5, 3, 0>, config2>, i16 %data_56_val_read, i16 %data_57_val_read, i16 %data_58_val_read, i16 %data_59_val_read, i16 %data_60_val_read, i16 %data_61_val_read, i16 %data_62_val_read, i16 %data_63_val_read, i16 %invert_sqr_table" [firmware/nnet_utils/nnet_layernorm.h:126]   --->   Operation 92 'call' 'call_ret7' <Predicate = true> <Delay = 2.97> <CoreType = "Generic">   --->   Core 0 '' <Latency = 0> <II = 1> <Delay = 1.00> <Generic> <Opcode : >
ST_1 : Operation 93 [4/4] (2.97ns)   --->   "%call_ret8 = call i264 @layernorm_1d<ap_fixed<16, 6, 5, 3, 0>, ap_fixed<33, 13, 5, 3, 0>, config2>, i16 %data_64_val_read, i16 %data_65_val_read, i16 %data_66_val_read, i16 %data_67_val_read, i16 %data_68_val_read, i16 %data_69_val_read, i16 %data_70_val_read, i16 %data_71_val_read, i16 %invert_sqr_table" [firmware/nnet_utils/nnet_layernorm.h:126]   --->   Operation 93 'call' 'call_ret8' <Predicate = true> <Delay = 2.97> <CoreType = "Generic">   --->   Core 0 '' <Latency = 0> <II = 1> <Delay = 1.00> <Generic> <Opcode : >
ST_1 : Operation 94 [4/4] (2.97ns)   --->   "%call_ret = call i264 @layernorm_1d<ap_fixed<16, 6, 5, 3, 0>, ap_fixed<33, 13, 5, 3, 0>, config2>, i16 %data_72_val_read, i16 %data_73_val_read, i16 %data_74_val_read, i16 %data_75_val_read, i16 %data_76_val_read, i16 %data_77_val_read, i16 %data_78_val_read, i16 %data_79_val_read, i16 %invert_sqr_table" [firmware/nnet_utils/nnet_layernorm.h:126]   --->   Operation 94 'call' 'call_ret' <Predicate = true> <Delay = 2.97> <CoreType = "Generic">   --->   Core 0 '' <Latency = 0> <II = 1> <Delay = 1.00> <Generic> <Opcode : >

State 2 <SV = 1> <Delay = 4.09>
ST_2 : Operation 95 [3/4] (4.09ns)   --->   "%call_ret9 = call i264 @layernorm_1d<ap_fixed<16, 6, 5, 3, 0>, ap_fixed<33, 13, 5, 3, 0>, config2>, i16 %data_0_val_read, i16 %data_1_val_read, i16 %data_2_val_read, i16 %data_3_val_read, i16 %data_4_val_read, i16 %data_5_val_read, i16 %data_6_val_read, i16 %data_7_val_read, i16 %invert_sqr_table" [firmware/nnet_utils/nnet_layernorm.h:126]   --->   Operation 95 'call' 'call_ret9' <Predicate = true> <Delay = 4.09> <CoreType = "Generic">   --->   Core 0 '' <Latency = 0> <II = 1> <Delay = 1.00> <Generic> <Opcode : >
ST_2 : Operation 96 [3/4] (4.09ns)   --->   "%call_ret1 = call i264 @layernorm_1d<ap_fixed<16, 6, 5, 3, 0>, ap_fixed<33, 13, 5, 3, 0>, config2>, i16 %data_8_val_read, i16 %data_9_val_read, i16 %data_10_val_read, i16 %data_11_val_read, i16 %data_12_val_read, i16 %data_13_val_read, i16 %data_14_val_read, i16 %data_15_val_read, i16 %invert_sqr_table" [firmware/nnet_utils/nnet_layernorm.h:126]   --->   Operation 96 'call' 'call_ret1' <Predicate = true> <Delay = 4.09> <CoreType = "Generic">   --->   Core 0 '' <Latency = 0> <II = 1> <Delay = 1.00> <Generic> <Opcode : >
ST_2 : Operation 97 [3/4] (4.09ns)   --->   "%call_ret2 = call i264 @layernorm_1d<ap_fixed<16, 6, 5, 3, 0>, ap_fixed<33, 13, 5, 3, 0>, config2>, i16 %data_16_val_read, i16 %data_17_val_read, i16 %data_18_val_read, i16 %data_19_val_read, i16 %data_20_val_read, i16 %data_21_val_read, i16 %data_22_val_read, i16 %data_23_val_read, i16 %invert_sqr_table" [firmware/nnet_utils/nnet_layernorm.h:126]   --->   Operation 97 'call' 'call_ret2' <Predicate = true> <Delay = 4.09> <CoreType = "Generic">   --->   Core 0 '' <Latency = 0> <II = 1> <Delay = 1.00> <Generic> <Opcode : >
ST_2 : Operation 98 [3/4] (4.09ns)   --->   "%call_ret3 = call i264 @layernorm_1d<ap_fixed<16, 6, 5, 3, 0>, ap_fixed<33, 13, 5, 3, 0>, config2>, i16 %data_24_val_read, i16 %data_25_val_read, i16 %data_26_val_read, i16 %data_27_val_read, i16 %data_28_val_read, i16 %data_29_val_read, i16 %data_30_val_read, i16 %data_31_val_read, i16 %invert_sqr_table" [firmware/nnet_utils/nnet_layernorm.h:126]   --->   Operation 98 'call' 'call_ret3' <Predicate = true> <Delay = 4.09> <CoreType = "Generic">   --->   Core 0 '' <Latency = 0> <II = 1> <Delay = 1.00> <Generic> <Opcode : >
ST_2 : Operation 99 [3/4] (4.09ns)   --->   "%call_ret4 = call i264 @layernorm_1d<ap_fixed<16, 6, 5, 3, 0>, ap_fixed<33, 13, 5, 3, 0>, config2>, i16 %data_32_val_read, i16 %data_33_val_read, i16 %data_34_val_read, i16 %data_35_val_read, i16 %data_36_val_read, i16 %data_37_val_read, i16 %data_38_val_read, i16 %data_39_val_read, i16 %invert_sqr_table" [firmware/nnet_utils/nnet_layernorm.h:126]   --->   Operation 99 'call' 'call_ret4' <Predicate = true> <Delay = 4.09> <CoreType = "Generic">   --->   Core 0 '' <Latency = 0> <II = 1> <Delay = 1.00> <Generic> <Opcode : >
ST_2 : Operation 100 [3/4] (4.09ns)   --->   "%call_ret5 = call i264 @layernorm_1d<ap_fixed<16, 6, 5, 3, 0>, ap_fixed<33, 13, 5, 3, 0>, config2>, i16 %data_40_val_read, i16 %data_41_val_read, i16 %data_42_val_read, i16 %data_43_val_read, i16 %data_44_val_read, i16 %data_45_val_read, i16 %data_46_val_read, i16 %data_47_val_read, i16 %invert_sqr_table" [firmware/nnet_utils/nnet_layernorm.h:126]   --->   Operation 100 'call' 'call_ret5' <Predicate = true> <Delay = 4.09> <CoreType = "Generic">   --->   Core 0 '' <Latency = 0> <II = 1> <Delay = 1.00> <Generic> <Opcode : >
ST_2 : Operation 101 [3/4] (4.09ns)   --->   "%call_ret6 = call i264 @layernorm_1d<ap_fixed<16, 6, 5, 3, 0>, ap_fixed<33, 13, 5, 3, 0>, config2>, i16 %data_48_val_read, i16 %data_49_val_read, i16 %data_50_val_read, i16 %data_51_val_read, i16 %data_52_val_read, i16 %data_53_val_read, i16 %data_54_val_read, i16 %data_55_val_read, i16 %invert_sqr_table" [firmware/nnet_utils/nnet_layernorm.h:126]   --->   Operation 101 'call' 'call_ret6' <Predicate = true> <Delay = 4.09> <CoreType = "Generic">   --->   Core 0 '' <Latency = 0> <II = 1> <Delay = 1.00> <Generic> <Opcode : >
ST_2 : Operation 102 [3/4] (4.09ns)   --->   "%call_ret7 = call i264 @layernorm_1d<ap_fixed<16, 6, 5, 3, 0>, ap_fixed<33, 13, 5, 3, 0>, config2>, i16 %data_56_val_read, i16 %data_57_val_read, i16 %data_58_val_read, i16 %data_59_val_read, i16 %data_60_val_read, i16 %data_61_val_read, i16 %data_62_val_read, i16 %data_63_val_read, i16 %invert_sqr_table" [firmware/nnet_utils/nnet_layernorm.h:126]   --->   Operation 102 'call' 'call_ret7' <Predicate = true> <Delay = 4.09> <CoreType = "Generic">   --->   Core 0 '' <Latency = 0> <II = 1> <Delay = 1.00> <Generic> <Opcode : >
ST_2 : Operation 103 [3/4] (4.09ns)   --->   "%call_ret8 = call i264 @layernorm_1d<ap_fixed<16, 6, 5, 3, 0>, ap_fixed<33, 13, 5, 3, 0>, config2>, i16 %data_64_val_read, i16 %data_65_val_read, i16 %data_66_val_read, i16 %data_67_val_read, i16 %data_68_val_read, i16 %data_69_val_read, i16 %data_70_val_read, i16 %data_71_val_read, i16 %invert_sqr_table" [firmware/nnet_utils/nnet_layernorm.h:126]   --->   Operation 103 'call' 'call_ret8' <Predicate = true> <Delay = 4.09> <CoreType = "Generic">   --->   Core 0 '' <Latency = 0> <II = 1> <Delay = 1.00> <Generic> <Opcode : >
ST_2 : Operation 104 [3/4] (4.09ns)   --->   "%call_ret = call i264 @layernorm_1d<ap_fixed<16, 6, 5, 3, 0>, ap_fixed<33, 13, 5, 3, 0>, config2>, i16 %data_72_val_read, i16 %data_73_val_read, i16 %data_74_val_read, i16 %data_75_val_read, i16 %data_76_val_read, i16 %data_77_val_read, i16 %data_78_val_read, i16 %data_79_val_read, i16 %invert_sqr_table" [firmware/nnet_utils/nnet_layernorm.h:126]   --->   Operation 104 'call' 'call_ret' <Predicate = true> <Delay = 4.09> <CoreType = "Generic">   --->   Core 0 '' <Latency = 0> <II = 1> <Delay = 1.00> <Generic> <Opcode : >

State 3 <SV = 2> <Delay = 4.09>
ST_3 : Operation 105 [2/4] (4.09ns)   --->   "%call_ret9 = call i264 @layernorm_1d<ap_fixed<16, 6, 5, 3, 0>, ap_fixed<33, 13, 5, 3, 0>, config2>, i16 %data_0_val_read, i16 %data_1_val_read, i16 %data_2_val_read, i16 %data_3_val_read, i16 %data_4_val_read, i16 %data_5_val_read, i16 %data_6_val_read, i16 %data_7_val_read, i16 %invert_sqr_table" [firmware/nnet_utils/nnet_layernorm.h:126]   --->   Operation 105 'call' 'call_ret9' <Predicate = true> <Delay = 4.09> <CoreType = "Generic">   --->   Core 0 '' <Latency = 0> <II = 1> <Delay = 1.00> <Generic> <Opcode : >
ST_3 : Operation 106 [2/4] (4.09ns)   --->   "%call_ret1 = call i264 @layernorm_1d<ap_fixed<16, 6, 5, 3, 0>, ap_fixed<33, 13, 5, 3, 0>, config2>, i16 %data_8_val_read, i16 %data_9_val_read, i16 %data_10_val_read, i16 %data_11_val_read, i16 %data_12_val_read, i16 %data_13_val_read, i16 %data_14_val_read, i16 %data_15_val_read, i16 %invert_sqr_table" [firmware/nnet_utils/nnet_layernorm.h:126]   --->   Operation 106 'call' 'call_ret1' <Predicate = true> <Delay = 4.09> <CoreType = "Generic">   --->   Core 0 '' <Latency = 0> <II = 1> <Delay = 1.00> <Generic> <Opcode : >
ST_3 : Operation 107 [2/4] (4.09ns)   --->   "%call_ret2 = call i264 @layernorm_1d<ap_fixed<16, 6, 5, 3, 0>, ap_fixed<33, 13, 5, 3, 0>, config2>, i16 %data_16_val_read, i16 %data_17_val_read, i16 %data_18_val_read, i16 %data_19_val_read, i16 %data_20_val_read, i16 %data_21_val_read, i16 %data_22_val_read, i16 %data_23_val_read, i16 %invert_sqr_table" [firmware/nnet_utils/nnet_layernorm.h:126]   --->   Operation 107 'call' 'call_ret2' <Predicate = true> <Delay = 4.09> <CoreType = "Generic">   --->   Core 0 '' <Latency = 0> <II = 1> <Delay = 1.00> <Generic> <Opcode : >
ST_3 : Operation 108 [2/4] (4.09ns)   --->   "%call_ret3 = call i264 @layernorm_1d<ap_fixed<16, 6, 5, 3, 0>, ap_fixed<33, 13, 5, 3, 0>, config2>, i16 %data_24_val_read, i16 %data_25_val_read, i16 %data_26_val_read, i16 %data_27_val_read, i16 %data_28_val_read, i16 %data_29_val_read, i16 %data_30_val_read, i16 %data_31_val_read, i16 %invert_sqr_table" [firmware/nnet_utils/nnet_layernorm.h:126]   --->   Operation 108 'call' 'call_ret3' <Predicate = true> <Delay = 4.09> <CoreType = "Generic">   --->   Core 0 '' <Latency = 0> <II = 1> <Delay = 1.00> <Generic> <Opcode : >
ST_3 : Operation 109 [2/4] (4.09ns)   --->   "%call_ret4 = call i264 @layernorm_1d<ap_fixed<16, 6, 5, 3, 0>, ap_fixed<33, 13, 5, 3, 0>, config2>, i16 %data_32_val_read, i16 %data_33_val_read, i16 %data_34_val_read, i16 %data_35_val_read, i16 %data_36_val_read, i16 %data_37_val_read, i16 %data_38_val_read, i16 %data_39_val_read, i16 %invert_sqr_table" [firmware/nnet_utils/nnet_layernorm.h:126]   --->   Operation 109 'call' 'call_ret4' <Predicate = true> <Delay = 4.09> <CoreType = "Generic">   --->   Core 0 '' <Latency = 0> <II = 1> <Delay = 1.00> <Generic> <Opcode : >
ST_3 : Operation 110 [2/4] (4.09ns)   --->   "%call_ret5 = call i264 @layernorm_1d<ap_fixed<16, 6, 5, 3, 0>, ap_fixed<33, 13, 5, 3, 0>, config2>, i16 %data_40_val_read, i16 %data_41_val_read, i16 %data_42_val_read, i16 %data_43_val_read, i16 %data_44_val_read, i16 %data_45_val_read, i16 %data_46_val_read, i16 %data_47_val_read, i16 %invert_sqr_table" [firmware/nnet_utils/nnet_layernorm.h:126]   --->   Operation 110 'call' 'call_ret5' <Predicate = true> <Delay = 4.09> <CoreType = "Generic">   --->   Core 0 '' <Latency = 0> <II = 1> <Delay = 1.00> <Generic> <Opcode : >
ST_3 : Operation 111 [2/4] (4.09ns)   --->   "%call_ret6 = call i264 @layernorm_1d<ap_fixed<16, 6, 5, 3, 0>, ap_fixed<33, 13, 5, 3, 0>, config2>, i16 %data_48_val_read, i16 %data_49_val_read, i16 %data_50_val_read, i16 %data_51_val_read, i16 %data_52_val_read, i16 %data_53_val_read, i16 %data_54_val_read, i16 %data_55_val_read, i16 %invert_sqr_table" [firmware/nnet_utils/nnet_layernorm.h:126]   --->   Operation 111 'call' 'call_ret6' <Predicate = true> <Delay = 4.09> <CoreType = "Generic">   --->   Core 0 '' <Latency = 0> <II = 1> <Delay = 1.00> <Generic> <Opcode : >
ST_3 : Operation 112 [2/4] (4.09ns)   --->   "%call_ret7 = call i264 @layernorm_1d<ap_fixed<16, 6, 5, 3, 0>, ap_fixed<33, 13, 5, 3, 0>, config2>, i16 %data_56_val_read, i16 %data_57_val_read, i16 %data_58_val_read, i16 %data_59_val_read, i16 %data_60_val_read, i16 %data_61_val_read, i16 %data_62_val_read, i16 %data_63_val_read, i16 %invert_sqr_table" [firmware/nnet_utils/nnet_layernorm.h:126]   --->   Operation 112 'call' 'call_ret7' <Predicate = true> <Delay = 4.09> <CoreType = "Generic">   --->   Core 0 '' <Latency = 0> <II = 1> <Delay = 1.00> <Generic> <Opcode : >
ST_3 : Operation 113 [2/4] (4.09ns)   --->   "%call_ret8 = call i264 @layernorm_1d<ap_fixed<16, 6, 5, 3, 0>, ap_fixed<33, 13, 5, 3, 0>, config2>, i16 %data_64_val_read, i16 %data_65_val_read, i16 %data_66_val_read, i16 %data_67_val_read, i16 %data_68_val_read, i16 %data_69_val_read, i16 %data_70_val_read, i16 %data_71_val_read, i16 %invert_sqr_table" [firmware/nnet_utils/nnet_layernorm.h:126]   --->   Operation 113 'call' 'call_ret8' <Predicate = true> <Delay = 4.09> <CoreType = "Generic">   --->   Core 0 '' <Latency = 0> <II = 1> <Delay = 1.00> <Generic> <Opcode : >
ST_3 : Operation 114 [2/4] (4.09ns)   --->   "%call_ret = call i264 @layernorm_1d<ap_fixed<16, 6, 5, 3, 0>, ap_fixed<33, 13, 5, 3, 0>, config2>, i16 %data_72_val_read, i16 %data_73_val_read, i16 %data_74_val_read, i16 %data_75_val_read, i16 %data_76_val_read, i16 %data_77_val_read, i16 %data_78_val_read, i16 %data_79_val_read, i16 %invert_sqr_table" [firmware/nnet_utils/nnet_layernorm.h:126]   --->   Operation 114 'call' 'call_ret' <Predicate = true> <Delay = 4.09> <CoreType = "Generic">   --->   Core 0 '' <Latency = 0> <II = 1> <Delay = 1.00> <Generic> <Opcode : >

State 4 <SV = 3> <Delay = 3.31>
ST_4 : Operation 115 [1/4] (3.31ns)   --->   "%call_ret9 = call i264 @layernorm_1d<ap_fixed<16, 6, 5, 3, 0>, ap_fixed<33, 13, 5, 3, 0>, config2>, i16 %data_0_val_read, i16 %data_1_val_read, i16 %data_2_val_read, i16 %data_3_val_read, i16 %data_4_val_read, i16 %data_5_val_read, i16 %data_6_val_read, i16 %data_7_val_read, i16 %invert_sqr_table" [firmware/nnet_utils/nnet_layernorm.h:126]   --->   Operation 115 'call' 'call_ret9' <Predicate = true> <Delay = 3.31> <CoreType = "Generic">   --->   Core 0 '' <Latency = 0> <II = 1> <Delay = 1.00> <Generic> <Opcode : >
ST_4 : Operation 116 [1/1] (0.00ns)   --->   "%outval = extractvalue i264 %call_ret9" [firmware/nnet_utils/nnet_layernorm.h:126]   --->   Operation 116 'extractvalue' 'outval' <Predicate = true> <Delay = 0.00>
ST_4 : Operation 117 [1/1] (0.00ns)   --->   "%outval_1 = extractvalue i264 %call_ret9" [firmware/nnet_utils/nnet_layernorm.h:126]   --->   Operation 117 'extractvalue' 'outval_1' <Predicate = true> <Delay = 0.00>
ST_4 : Operation 118 [1/1] (0.00ns)   --->   "%outval_2 = extractvalue i264 %call_ret9" [firmware/nnet_utils/nnet_layernorm.h:126]   --->   Operation 118 'extractvalue' 'outval_2' <Predicate = true> <Delay = 0.00>
ST_4 : Operation 119 [1/1] (0.00ns)   --->   "%outval_3 = extractvalue i264 %call_ret9" [firmware/nnet_utils/nnet_layernorm.h:126]   --->   Operation 119 'extractvalue' 'outval_3' <Predicate = true> <Delay = 0.00>
ST_4 : Operation 120 [1/1] (0.00ns)   --->   "%outval_4 = extractvalue i264 %call_ret9" [firmware/nnet_utils/nnet_layernorm.h:126]   --->   Operation 120 'extractvalue' 'outval_4' <Predicate = true> <Delay = 0.00>
ST_4 : Operation 121 [1/1] (0.00ns)   --->   "%outval_5 = extractvalue i264 %call_ret9" [firmware/nnet_utils/nnet_layernorm.h:126]   --->   Operation 121 'extractvalue' 'outval_5' <Predicate = true> <Delay = 0.00>
ST_4 : Operation 122 [1/1] (0.00ns)   --->   "%outval_6 = extractvalue i264 %call_ret9" [firmware/nnet_utils/nnet_layernorm.h:126]   --->   Operation 122 'extractvalue' 'outval_6' <Predicate = true> <Delay = 0.00>
ST_4 : Operation 123 [1/1] (0.00ns)   --->   "%outval_7 = extractvalue i264 %call_ret9" [firmware/nnet_utils/nnet_layernorm.h:126]   --->   Operation 123 'extractvalue' 'outval_7' <Predicate = true> <Delay = 0.00>
ST_4 : Operation 124 [1/4] (3.31ns)   --->   "%call_ret1 = call i264 @layernorm_1d<ap_fixed<16, 6, 5, 3, 0>, ap_fixed<33, 13, 5, 3, 0>, config2>, i16 %data_8_val_read, i16 %data_9_val_read, i16 %data_10_val_read, i16 %data_11_val_read, i16 %data_12_val_read, i16 %data_13_val_read, i16 %data_14_val_read, i16 %data_15_val_read, i16 %invert_sqr_table" [firmware/nnet_utils/nnet_layernorm.h:126]   --->   Operation 124 'call' 'call_ret1' <Predicate = true> <Delay = 3.31> <CoreType = "Generic">   --->   Core 0 '' <Latency = 0> <II = 1> <Delay = 1.00> <Generic> <Opcode : >
ST_4 : Operation 125 [1/1] (0.00ns)   --->   "%outval_8 = extractvalue i264 %call_ret1" [firmware/nnet_utils/nnet_layernorm.h:126]   --->   Operation 125 'extractvalue' 'outval_8' <Predicate = true> <Delay = 0.00>
ST_4 : Operation 126 [1/1] (0.00ns)   --->   "%outval_9 = extractvalue i264 %call_ret1" [firmware/nnet_utils/nnet_layernorm.h:126]   --->   Operation 126 'extractvalue' 'outval_9' <Predicate = true> <Delay = 0.00>
ST_4 : Operation 127 [1/1] (0.00ns)   --->   "%outval_10 = extractvalue i264 %call_ret1" [firmware/nnet_utils/nnet_layernorm.h:126]   --->   Operation 127 'extractvalue' 'outval_10' <Predicate = true> <Delay = 0.00>
ST_4 : Operation 128 [1/1] (0.00ns)   --->   "%outval_11 = extractvalue i264 %call_ret1" [firmware/nnet_utils/nnet_layernorm.h:126]   --->   Operation 128 'extractvalue' 'outval_11' <Predicate = true> <Delay = 0.00>
ST_4 : Operation 129 [1/1] (0.00ns)   --->   "%outval_12 = extractvalue i264 %call_ret1" [firmware/nnet_utils/nnet_layernorm.h:126]   --->   Operation 129 'extractvalue' 'outval_12' <Predicate = true> <Delay = 0.00>
ST_4 : Operation 130 [1/1] (0.00ns)   --->   "%outval_13 = extractvalue i264 %call_ret1" [firmware/nnet_utils/nnet_layernorm.h:126]   --->   Operation 130 'extractvalue' 'outval_13' <Predicate = true> <Delay = 0.00>
ST_4 : Operation 131 [1/1] (0.00ns)   --->   "%outval_14 = extractvalue i264 %call_ret1" [firmware/nnet_utils/nnet_layernorm.h:126]   --->   Operation 131 'extractvalue' 'outval_14' <Predicate = true> <Delay = 0.00>
ST_4 : Operation 132 [1/1] (0.00ns)   --->   "%outval_15 = extractvalue i264 %call_ret1" [firmware/nnet_utils/nnet_layernorm.h:126]   --->   Operation 132 'extractvalue' 'outval_15' <Predicate = true> <Delay = 0.00>
ST_4 : Operation 133 [1/4] (3.31ns)   --->   "%call_ret2 = call i264 @layernorm_1d<ap_fixed<16, 6, 5, 3, 0>, ap_fixed<33, 13, 5, 3, 0>, config2>, i16 %data_16_val_read, i16 %data_17_val_read, i16 %data_18_val_read, i16 %data_19_val_read, i16 %data_20_val_read, i16 %data_21_val_read, i16 %data_22_val_read, i16 %data_23_val_read, i16 %invert_sqr_table" [firmware/nnet_utils/nnet_layernorm.h:126]   --->   Operation 133 'call' 'call_ret2' <Predicate = true> <Delay = 3.31> <CoreType = "Generic">   --->   Core 0 '' <Latency = 0> <II = 1> <Delay = 1.00> <Generic> <Opcode : >
ST_4 : Operation 134 [1/1] (0.00ns)   --->   "%outval_16 = extractvalue i264 %call_ret2" [firmware/nnet_utils/nnet_layernorm.h:126]   --->   Operation 134 'extractvalue' 'outval_16' <Predicate = true> <Delay = 0.00>
ST_4 : Operation 135 [1/1] (0.00ns)   --->   "%outval_17 = extractvalue i264 %call_ret2" [firmware/nnet_utils/nnet_layernorm.h:126]   --->   Operation 135 'extractvalue' 'outval_17' <Predicate = true> <Delay = 0.00>
ST_4 : Operation 136 [1/1] (0.00ns)   --->   "%outval_18 = extractvalue i264 %call_ret2" [firmware/nnet_utils/nnet_layernorm.h:126]   --->   Operation 136 'extractvalue' 'outval_18' <Predicate = true> <Delay = 0.00>
ST_4 : Operation 137 [1/1] (0.00ns)   --->   "%outval_19 = extractvalue i264 %call_ret2" [firmware/nnet_utils/nnet_layernorm.h:126]   --->   Operation 137 'extractvalue' 'outval_19' <Predicate = true> <Delay = 0.00>
ST_4 : Operation 138 [1/1] (0.00ns)   --->   "%outval_20 = extractvalue i264 %call_ret2" [firmware/nnet_utils/nnet_layernorm.h:126]   --->   Operation 138 'extractvalue' 'outval_20' <Predicate = true> <Delay = 0.00>
ST_4 : Operation 139 [1/1] (0.00ns)   --->   "%outval_21 = extractvalue i264 %call_ret2" [firmware/nnet_utils/nnet_layernorm.h:126]   --->   Operation 139 'extractvalue' 'outval_21' <Predicate = true> <Delay = 0.00>
ST_4 : Operation 140 [1/1] (0.00ns)   --->   "%outval_22 = extractvalue i264 %call_ret2" [firmware/nnet_utils/nnet_layernorm.h:126]   --->   Operation 140 'extractvalue' 'outval_22' <Predicate = true> <Delay = 0.00>
ST_4 : Operation 141 [1/1] (0.00ns)   --->   "%outval_23 = extractvalue i264 %call_ret2" [firmware/nnet_utils/nnet_layernorm.h:126]   --->   Operation 141 'extractvalue' 'outval_23' <Predicate = true> <Delay = 0.00>
ST_4 : Operation 142 [1/4] (3.31ns)   --->   "%call_ret3 = call i264 @layernorm_1d<ap_fixed<16, 6, 5, 3, 0>, ap_fixed<33, 13, 5, 3, 0>, config2>, i16 %data_24_val_read, i16 %data_25_val_read, i16 %data_26_val_read, i16 %data_27_val_read, i16 %data_28_val_read, i16 %data_29_val_read, i16 %data_30_val_read, i16 %data_31_val_read, i16 %invert_sqr_table" [firmware/nnet_utils/nnet_layernorm.h:126]   --->   Operation 142 'call' 'call_ret3' <Predicate = true> <Delay = 3.31> <CoreType = "Generic">   --->   Core 0 '' <Latency = 0> <II = 1> <Delay = 1.00> <Generic> <Opcode : >
ST_4 : Operation 143 [1/1] (0.00ns)   --->   "%outval_24 = extractvalue i264 %call_ret3" [firmware/nnet_utils/nnet_layernorm.h:126]   --->   Operation 143 'extractvalue' 'outval_24' <Predicate = true> <Delay = 0.00>
ST_4 : Operation 144 [1/1] (0.00ns)   --->   "%outval_25 = extractvalue i264 %call_ret3" [firmware/nnet_utils/nnet_layernorm.h:126]   --->   Operation 144 'extractvalue' 'outval_25' <Predicate = true> <Delay = 0.00>
ST_4 : Operation 145 [1/1] (0.00ns)   --->   "%outval_26 = extractvalue i264 %call_ret3" [firmware/nnet_utils/nnet_layernorm.h:126]   --->   Operation 145 'extractvalue' 'outval_26' <Predicate = true> <Delay = 0.00>
ST_4 : Operation 146 [1/1] (0.00ns)   --->   "%outval_27 = extractvalue i264 %call_ret3" [firmware/nnet_utils/nnet_layernorm.h:126]   --->   Operation 146 'extractvalue' 'outval_27' <Predicate = true> <Delay = 0.00>
ST_4 : Operation 147 [1/1] (0.00ns)   --->   "%outval_28 = extractvalue i264 %call_ret3" [firmware/nnet_utils/nnet_layernorm.h:126]   --->   Operation 147 'extractvalue' 'outval_28' <Predicate = true> <Delay = 0.00>
ST_4 : Operation 148 [1/1] (0.00ns)   --->   "%outval_29 = extractvalue i264 %call_ret3" [firmware/nnet_utils/nnet_layernorm.h:126]   --->   Operation 148 'extractvalue' 'outval_29' <Predicate = true> <Delay = 0.00>
ST_4 : Operation 149 [1/1] (0.00ns)   --->   "%outval_30 = extractvalue i264 %call_ret3" [firmware/nnet_utils/nnet_layernorm.h:126]   --->   Operation 149 'extractvalue' 'outval_30' <Predicate = true> <Delay = 0.00>
ST_4 : Operation 150 [1/1] (0.00ns)   --->   "%outval_31 = extractvalue i264 %call_ret3" [firmware/nnet_utils/nnet_layernorm.h:126]   --->   Operation 150 'extractvalue' 'outval_31' <Predicate = true> <Delay = 0.00>
ST_4 : Operation 151 [1/4] (3.31ns)   --->   "%call_ret4 = call i264 @layernorm_1d<ap_fixed<16, 6, 5, 3, 0>, ap_fixed<33, 13, 5, 3, 0>, config2>, i16 %data_32_val_read, i16 %data_33_val_read, i16 %data_34_val_read, i16 %data_35_val_read, i16 %data_36_val_read, i16 %data_37_val_read, i16 %data_38_val_read, i16 %data_39_val_read, i16 %invert_sqr_table" [firmware/nnet_utils/nnet_layernorm.h:126]   --->   Operation 151 'call' 'call_ret4' <Predicate = true> <Delay = 3.31> <CoreType = "Generic">   --->   Core 0 '' <Latency = 0> <II = 1> <Delay = 1.00> <Generic> <Opcode : >
ST_4 : Operation 152 [1/1] (0.00ns)   --->   "%outval_32 = extractvalue i264 %call_ret4" [firmware/nnet_utils/nnet_layernorm.h:126]   --->   Operation 152 'extractvalue' 'outval_32' <Predicate = true> <Delay = 0.00>
ST_4 : Operation 153 [1/1] (0.00ns)   --->   "%outval_33 = extractvalue i264 %call_ret4" [firmware/nnet_utils/nnet_layernorm.h:126]   --->   Operation 153 'extractvalue' 'outval_33' <Predicate = true> <Delay = 0.00>
ST_4 : Operation 154 [1/1] (0.00ns)   --->   "%outval_34 = extractvalue i264 %call_ret4" [firmware/nnet_utils/nnet_layernorm.h:126]   --->   Operation 154 'extractvalue' 'outval_34' <Predicate = true> <Delay = 0.00>
ST_4 : Operation 155 [1/1] (0.00ns)   --->   "%outval_35 = extractvalue i264 %call_ret4" [firmware/nnet_utils/nnet_layernorm.h:126]   --->   Operation 155 'extractvalue' 'outval_35' <Predicate = true> <Delay = 0.00>
ST_4 : Operation 156 [1/1] (0.00ns)   --->   "%outval_36 = extractvalue i264 %call_ret4" [firmware/nnet_utils/nnet_layernorm.h:126]   --->   Operation 156 'extractvalue' 'outval_36' <Predicate = true> <Delay = 0.00>
ST_4 : Operation 157 [1/1] (0.00ns)   --->   "%outval_37 = extractvalue i264 %call_ret4" [firmware/nnet_utils/nnet_layernorm.h:126]   --->   Operation 157 'extractvalue' 'outval_37' <Predicate = true> <Delay = 0.00>
ST_4 : Operation 158 [1/1] (0.00ns)   --->   "%outval_38 = extractvalue i264 %call_ret4" [firmware/nnet_utils/nnet_layernorm.h:126]   --->   Operation 158 'extractvalue' 'outval_38' <Predicate = true> <Delay = 0.00>
ST_4 : Operation 159 [1/1] (0.00ns)   --->   "%outval_39 = extractvalue i264 %call_ret4" [firmware/nnet_utils/nnet_layernorm.h:126]   --->   Operation 159 'extractvalue' 'outval_39' <Predicate = true> <Delay = 0.00>
ST_4 : Operation 160 [1/4] (3.31ns)   --->   "%call_ret5 = call i264 @layernorm_1d<ap_fixed<16, 6, 5, 3, 0>, ap_fixed<33, 13, 5, 3, 0>, config2>, i16 %data_40_val_read, i16 %data_41_val_read, i16 %data_42_val_read, i16 %data_43_val_read, i16 %data_44_val_read, i16 %data_45_val_read, i16 %data_46_val_read, i16 %data_47_val_read, i16 %invert_sqr_table" [firmware/nnet_utils/nnet_layernorm.h:126]   --->   Operation 160 'call' 'call_ret5' <Predicate = true> <Delay = 3.31> <CoreType = "Generic">   --->   Core 0 '' <Latency = 0> <II = 1> <Delay = 1.00> <Generic> <Opcode : >
ST_4 : Operation 161 [1/1] (0.00ns)   --->   "%outval_40 = extractvalue i264 %call_ret5" [firmware/nnet_utils/nnet_layernorm.h:126]   --->   Operation 161 'extractvalue' 'outval_40' <Predicate = true> <Delay = 0.00>
ST_4 : Operation 162 [1/1] (0.00ns)   --->   "%outval_41 = extractvalue i264 %call_ret5" [firmware/nnet_utils/nnet_layernorm.h:126]   --->   Operation 162 'extractvalue' 'outval_41' <Predicate = true> <Delay = 0.00>
ST_4 : Operation 163 [1/1] (0.00ns)   --->   "%outval_42 = extractvalue i264 %call_ret5" [firmware/nnet_utils/nnet_layernorm.h:126]   --->   Operation 163 'extractvalue' 'outval_42' <Predicate = true> <Delay = 0.00>
ST_4 : Operation 164 [1/1] (0.00ns)   --->   "%outval_43 = extractvalue i264 %call_ret5" [firmware/nnet_utils/nnet_layernorm.h:126]   --->   Operation 164 'extractvalue' 'outval_43' <Predicate = true> <Delay = 0.00>
ST_4 : Operation 165 [1/1] (0.00ns)   --->   "%outval_44 = extractvalue i264 %call_ret5" [firmware/nnet_utils/nnet_layernorm.h:126]   --->   Operation 165 'extractvalue' 'outval_44' <Predicate = true> <Delay = 0.00>
ST_4 : Operation 166 [1/1] (0.00ns)   --->   "%outval_45 = extractvalue i264 %call_ret5" [firmware/nnet_utils/nnet_layernorm.h:126]   --->   Operation 166 'extractvalue' 'outval_45' <Predicate = true> <Delay = 0.00>
ST_4 : Operation 167 [1/1] (0.00ns)   --->   "%outval_46 = extractvalue i264 %call_ret5" [firmware/nnet_utils/nnet_layernorm.h:126]   --->   Operation 167 'extractvalue' 'outval_46' <Predicate = true> <Delay = 0.00>
ST_4 : Operation 168 [1/1] (0.00ns)   --->   "%outval_47 = extractvalue i264 %call_ret5" [firmware/nnet_utils/nnet_layernorm.h:126]   --->   Operation 168 'extractvalue' 'outval_47' <Predicate = true> <Delay = 0.00>
ST_4 : Operation 169 [1/4] (3.31ns)   --->   "%call_ret6 = call i264 @layernorm_1d<ap_fixed<16, 6, 5, 3, 0>, ap_fixed<33, 13, 5, 3, 0>, config2>, i16 %data_48_val_read, i16 %data_49_val_read, i16 %data_50_val_read, i16 %data_51_val_read, i16 %data_52_val_read, i16 %data_53_val_read, i16 %data_54_val_read, i16 %data_55_val_read, i16 %invert_sqr_table" [firmware/nnet_utils/nnet_layernorm.h:126]   --->   Operation 169 'call' 'call_ret6' <Predicate = true> <Delay = 3.31> <CoreType = "Generic">   --->   Core 0 '' <Latency = 0> <II = 1> <Delay = 1.00> <Generic> <Opcode : >
ST_4 : Operation 170 [1/1] (0.00ns)   --->   "%outval_48 = extractvalue i264 %call_ret6" [firmware/nnet_utils/nnet_layernorm.h:126]   --->   Operation 170 'extractvalue' 'outval_48' <Predicate = true> <Delay = 0.00>
ST_4 : Operation 171 [1/1] (0.00ns)   --->   "%outval_49 = extractvalue i264 %call_ret6" [firmware/nnet_utils/nnet_layernorm.h:126]   --->   Operation 171 'extractvalue' 'outval_49' <Predicate = true> <Delay = 0.00>
ST_4 : Operation 172 [1/1] (0.00ns)   --->   "%outval_50 = extractvalue i264 %call_ret6" [firmware/nnet_utils/nnet_layernorm.h:126]   --->   Operation 172 'extractvalue' 'outval_50' <Predicate = true> <Delay = 0.00>
ST_4 : Operation 173 [1/1] (0.00ns)   --->   "%outval_51 = extractvalue i264 %call_ret6" [firmware/nnet_utils/nnet_layernorm.h:126]   --->   Operation 173 'extractvalue' 'outval_51' <Predicate = true> <Delay = 0.00>
ST_4 : Operation 174 [1/1] (0.00ns)   --->   "%outval_52 = extractvalue i264 %call_ret6" [firmware/nnet_utils/nnet_layernorm.h:126]   --->   Operation 174 'extractvalue' 'outval_52' <Predicate = true> <Delay = 0.00>
ST_4 : Operation 175 [1/1] (0.00ns)   --->   "%outval_53 = extractvalue i264 %call_ret6" [firmware/nnet_utils/nnet_layernorm.h:126]   --->   Operation 175 'extractvalue' 'outval_53' <Predicate = true> <Delay = 0.00>
ST_4 : Operation 176 [1/1] (0.00ns)   --->   "%outval_54 = extractvalue i264 %call_ret6" [firmware/nnet_utils/nnet_layernorm.h:126]   --->   Operation 176 'extractvalue' 'outval_54' <Predicate = true> <Delay = 0.00>
ST_4 : Operation 177 [1/1] (0.00ns)   --->   "%outval_55 = extractvalue i264 %call_ret6" [firmware/nnet_utils/nnet_layernorm.h:126]   --->   Operation 177 'extractvalue' 'outval_55' <Predicate = true> <Delay = 0.00>
ST_4 : Operation 178 [1/4] (3.31ns)   --->   "%call_ret7 = call i264 @layernorm_1d<ap_fixed<16, 6, 5, 3, 0>, ap_fixed<33, 13, 5, 3, 0>, config2>, i16 %data_56_val_read, i16 %data_57_val_read, i16 %data_58_val_read, i16 %data_59_val_read, i16 %data_60_val_read, i16 %data_61_val_read, i16 %data_62_val_read, i16 %data_63_val_read, i16 %invert_sqr_table" [firmware/nnet_utils/nnet_layernorm.h:126]   --->   Operation 178 'call' 'call_ret7' <Predicate = true> <Delay = 3.31> <CoreType = "Generic">   --->   Core 0 '' <Latency = 0> <II = 1> <Delay = 1.00> <Generic> <Opcode : >
ST_4 : Operation 179 [1/1] (0.00ns)   --->   "%outval_56 = extractvalue i264 %call_ret7" [firmware/nnet_utils/nnet_layernorm.h:126]   --->   Operation 179 'extractvalue' 'outval_56' <Predicate = true> <Delay = 0.00>
ST_4 : Operation 180 [1/1] (0.00ns)   --->   "%outval_57 = extractvalue i264 %call_ret7" [firmware/nnet_utils/nnet_layernorm.h:126]   --->   Operation 180 'extractvalue' 'outval_57' <Predicate = true> <Delay = 0.00>
ST_4 : Operation 181 [1/1] (0.00ns)   --->   "%outval_58 = extractvalue i264 %call_ret7" [firmware/nnet_utils/nnet_layernorm.h:126]   --->   Operation 181 'extractvalue' 'outval_58' <Predicate = true> <Delay = 0.00>
ST_4 : Operation 182 [1/1] (0.00ns)   --->   "%outval_59 = extractvalue i264 %call_ret7" [firmware/nnet_utils/nnet_layernorm.h:126]   --->   Operation 182 'extractvalue' 'outval_59' <Predicate = true> <Delay = 0.00>
ST_4 : Operation 183 [1/1] (0.00ns)   --->   "%outval_60 = extractvalue i264 %call_ret7" [firmware/nnet_utils/nnet_layernorm.h:126]   --->   Operation 183 'extractvalue' 'outval_60' <Predicate = true> <Delay = 0.00>
ST_4 : Operation 184 [1/1] (0.00ns)   --->   "%outval_61 = extractvalue i264 %call_ret7" [firmware/nnet_utils/nnet_layernorm.h:126]   --->   Operation 184 'extractvalue' 'outval_61' <Predicate = true> <Delay = 0.00>
ST_4 : Operation 185 [1/1] (0.00ns)   --->   "%outval_62 = extractvalue i264 %call_ret7" [firmware/nnet_utils/nnet_layernorm.h:126]   --->   Operation 185 'extractvalue' 'outval_62' <Predicate = true> <Delay = 0.00>
ST_4 : Operation 186 [1/1] (0.00ns)   --->   "%outval_63 = extractvalue i264 %call_ret7" [firmware/nnet_utils/nnet_layernorm.h:126]   --->   Operation 186 'extractvalue' 'outval_63' <Predicate = true> <Delay = 0.00>
ST_4 : Operation 187 [1/4] (3.31ns)   --->   "%call_ret8 = call i264 @layernorm_1d<ap_fixed<16, 6, 5, 3, 0>, ap_fixed<33, 13, 5, 3, 0>, config2>, i16 %data_64_val_read, i16 %data_65_val_read, i16 %data_66_val_read, i16 %data_67_val_read, i16 %data_68_val_read, i16 %data_69_val_read, i16 %data_70_val_read, i16 %data_71_val_read, i16 %invert_sqr_table" [firmware/nnet_utils/nnet_layernorm.h:126]   --->   Operation 187 'call' 'call_ret8' <Predicate = true> <Delay = 3.31> <CoreType = "Generic">   --->   Core 0 '' <Latency = 0> <II = 1> <Delay = 1.00> <Generic> <Opcode : >
ST_4 : Operation 188 [1/1] (0.00ns)   --->   "%outval_64 = extractvalue i264 %call_ret8" [firmware/nnet_utils/nnet_layernorm.h:126]   --->   Operation 188 'extractvalue' 'outval_64' <Predicate = true> <Delay = 0.00>
ST_4 : Operation 189 [1/1] (0.00ns)   --->   "%outval_65 = extractvalue i264 %call_ret8" [firmware/nnet_utils/nnet_layernorm.h:126]   --->   Operation 189 'extractvalue' 'outval_65' <Predicate = true> <Delay = 0.00>
ST_4 : Operation 190 [1/1] (0.00ns)   --->   "%outval_66 = extractvalue i264 %call_ret8" [firmware/nnet_utils/nnet_layernorm.h:126]   --->   Operation 190 'extractvalue' 'outval_66' <Predicate = true> <Delay = 0.00>
ST_4 : Operation 191 [1/1] (0.00ns)   --->   "%outval_67 = extractvalue i264 %call_ret8" [firmware/nnet_utils/nnet_layernorm.h:126]   --->   Operation 191 'extractvalue' 'outval_67' <Predicate = true> <Delay = 0.00>
ST_4 : Operation 192 [1/1] (0.00ns)   --->   "%outval_68 = extractvalue i264 %call_ret8" [firmware/nnet_utils/nnet_layernorm.h:126]   --->   Operation 192 'extractvalue' 'outval_68' <Predicate = true> <Delay = 0.00>
ST_4 : Operation 193 [1/1] (0.00ns)   --->   "%outval_69 = extractvalue i264 %call_ret8" [firmware/nnet_utils/nnet_layernorm.h:126]   --->   Operation 193 'extractvalue' 'outval_69' <Predicate = true> <Delay = 0.00>
ST_4 : Operation 194 [1/1] (0.00ns)   --->   "%outval_70 = extractvalue i264 %call_ret8" [firmware/nnet_utils/nnet_layernorm.h:126]   --->   Operation 194 'extractvalue' 'outval_70' <Predicate = true> <Delay = 0.00>
ST_4 : Operation 195 [1/1] (0.00ns)   --->   "%outval_71 = extractvalue i264 %call_ret8" [firmware/nnet_utils/nnet_layernorm.h:126]   --->   Operation 195 'extractvalue' 'outval_71' <Predicate = true> <Delay = 0.00>
ST_4 : Operation 196 [1/4] (3.31ns)   --->   "%call_ret = call i264 @layernorm_1d<ap_fixed<16, 6, 5, 3, 0>, ap_fixed<33, 13, 5, 3, 0>, config2>, i16 %data_72_val_read, i16 %data_73_val_read, i16 %data_74_val_read, i16 %data_75_val_read, i16 %data_76_val_read, i16 %data_77_val_read, i16 %data_78_val_read, i16 %data_79_val_read, i16 %invert_sqr_table" [firmware/nnet_utils/nnet_layernorm.h:126]   --->   Operation 196 'call' 'call_ret' <Predicate = true> <Delay = 3.31> <CoreType = "Generic">   --->   Core 0 '' <Latency = 0> <II = 1> <Delay = 1.00> <Generic> <Opcode : >
ST_4 : Operation 197 [1/1] (0.00ns)   --->   "%outval_72 = extractvalue i264 %call_ret" [firmware/nnet_utils/nnet_layernorm.h:126]   --->   Operation 197 'extractvalue' 'outval_72' <Predicate = true> <Delay = 0.00>
ST_4 : Operation 198 [1/1] (0.00ns)   --->   "%outval_73 = extractvalue i264 %call_ret" [firmware/nnet_utils/nnet_layernorm.h:126]   --->   Operation 198 'extractvalue' 'outval_73' <Predicate = true> <Delay = 0.00>
ST_4 : Operation 199 [1/1] (0.00ns)   --->   "%outval_74 = extractvalue i264 %call_ret" [firmware/nnet_utils/nnet_layernorm.h:126]   --->   Operation 199 'extractvalue' 'outval_74' <Predicate = true> <Delay = 0.00>
ST_4 : Operation 200 [1/1] (0.00ns)   --->   "%outval_75 = extractvalue i264 %call_ret" [firmware/nnet_utils/nnet_layernorm.h:126]   --->   Operation 200 'extractvalue' 'outval_75' <Predicate = true> <Delay = 0.00>
ST_4 : Operation 201 [1/1] (0.00ns)   --->   "%outval_76 = extractvalue i264 %call_ret" [firmware/nnet_utils/nnet_layernorm.h:126]   --->   Operation 201 'extractvalue' 'outval_76' <Predicate = true> <Delay = 0.00>
ST_4 : Operation 202 [1/1] (0.00ns)   --->   "%outval_77 = extractvalue i264 %call_ret" [firmware/nnet_utils/nnet_layernorm.h:126]   --->   Operation 202 'extractvalue' 'outval_77' <Predicate = true> <Delay = 0.00>
ST_4 : Operation 203 [1/1] (0.00ns)   --->   "%outval_78 = extractvalue i264 %call_ret" [firmware/nnet_utils/nnet_layernorm.h:126]   --->   Operation 203 'extractvalue' 'outval_78' <Predicate = true> <Delay = 0.00>
ST_4 : Operation 204 [1/1] (0.00ns)   --->   "%outval_79 = extractvalue i264 %call_ret" [firmware/nnet_utils/nnet_layernorm.h:126]   --->   Operation 204 'extractvalue' 'outval_79' <Predicate = true> <Delay = 0.00>
ST_4 : Operation 205 [1/1] (0.00ns)   --->   "%mrv = insertvalue i2640 <undef>, i33 %outval" [firmware/nnet_utils/nnet_layernorm.h:133]   --->   Operation 205 'insertvalue' 'mrv' <Predicate = true> <Delay = 0.00>
ST_4 : Operation 206 [1/1] (0.00ns)   --->   "%mrv_1 = insertvalue i2640 %mrv, i33 %outval_1" [firmware/nnet_utils/nnet_layernorm.h:133]   --->   Operation 206 'insertvalue' 'mrv_1' <Predicate = true> <Delay = 0.00>
ST_4 : Operation 207 [1/1] (0.00ns)   --->   "%mrv_2 = insertvalue i2640 %mrv_1, i33 %outval_2" [firmware/nnet_utils/nnet_layernorm.h:133]   --->   Operation 207 'insertvalue' 'mrv_2' <Predicate = true> <Delay = 0.00>
ST_4 : Operation 208 [1/1] (0.00ns)   --->   "%mrv_3 = insertvalue i2640 %mrv_2, i33 %outval_3" [firmware/nnet_utils/nnet_layernorm.h:133]   --->   Operation 208 'insertvalue' 'mrv_3' <Predicate = true> <Delay = 0.00>
ST_4 : Operation 209 [1/1] (0.00ns)   --->   "%mrv_4 = insertvalue i2640 %mrv_3, i33 %outval_4" [firmware/nnet_utils/nnet_layernorm.h:133]   --->   Operation 209 'insertvalue' 'mrv_4' <Predicate = true> <Delay = 0.00>
ST_4 : Operation 210 [1/1] (0.00ns)   --->   "%mrv_5 = insertvalue i2640 %mrv_4, i33 %outval_5" [firmware/nnet_utils/nnet_layernorm.h:133]   --->   Operation 210 'insertvalue' 'mrv_5' <Predicate = true> <Delay = 0.00>
ST_4 : Operation 211 [1/1] (0.00ns)   --->   "%mrv_6 = insertvalue i2640 %mrv_5, i33 %outval_6" [firmware/nnet_utils/nnet_layernorm.h:133]   --->   Operation 211 'insertvalue' 'mrv_6' <Predicate = true> <Delay = 0.00>
ST_4 : Operation 212 [1/1] (0.00ns)   --->   "%mrv_7 = insertvalue i2640 %mrv_6, i33 %outval_7" [firmware/nnet_utils/nnet_layernorm.h:133]   --->   Operation 212 'insertvalue' 'mrv_7' <Predicate = true> <Delay = 0.00>
ST_4 : Operation 213 [1/1] (0.00ns)   --->   "%mrv_8 = insertvalue i2640 %mrv_7, i33 %outval_8" [firmware/nnet_utils/nnet_layernorm.h:133]   --->   Operation 213 'insertvalue' 'mrv_8' <Predicate = true> <Delay = 0.00>
ST_4 : Operation 214 [1/1] (0.00ns)   --->   "%mrv_9 = insertvalue i2640 %mrv_8, i33 %outval_9" [firmware/nnet_utils/nnet_layernorm.h:133]   --->   Operation 214 'insertvalue' 'mrv_9' <Predicate = true> <Delay = 0.00>
ST_4 : Operation 215 [1/1] (0.00ns)   --->   "%mrv_10 = insertvalue i2640 %mrv_9, i33 %outval_10" [firmware/nnet_utils/nnet_layernorm.h:133]   --->   Operation 215 'insertvalue' 'mrv_10' <Predicate = true> <Delay = 0.00>
ST_4 : Operation 216 [1/1] (0.00ns)   --->   "%mrv_11 = insertvalue i2640 %mrv_10, i33 %outval_11" [firmware/nnet_utils/nnet_layernorm.h:133]   --->   Operation 216 'insertvalue' 'mrv_11' <Predicate = true> <Delay = 0.00>
ST_4 : Operation 217 [1/1] (0.00ns)   --->   "%mrv_12 = insertvalue i2640 %mrv_11, i33 %outval_12" [firmware/nnet_utils/nnet_layernorm.h:133]   --->   Operation 217 'insertvalue' 'mrv_12' <Predicate = true> <Delay = 0.00>
ST_4 : Operation 218 [1/1] (0.00ns)   --->   "%mrv_13 = insertvalue i2640 %mrv_12, i33 %outval_13" [firmware/nnet_utils/nnet_layernorm.h:133]   --->   Operation 218 'insertvalue' 'mrv_13' <Predicate = true> <Delay = 0.00>
ST_4 : Operation 219 [1/1] (0.00ns)   --->   "%mrv_14 = insertvalue i2640 %mrv_13, i33 %outval_14" [firmware/nnet_utils/nnet_layernorm.h:133]   --->   Operation 219 'insertvalue' 'mrv_14' <Predicate = true> <Delay = 0.00>
ST_4 : Operation 220 [1/1] (0.00ns)   --->   "%mrv_15 = insertvalue i2640 %mrv_14, i33 %outval_15" [firmware/nnet_utils/nnet_layernorm.h:133]   --->   Operation 220 'insertvalue' 'mrv_15' <Predicate = true> <Delay = 0.00>
ST_4 : Operation 221 [1/1] (0.00ns)   --->   "%mrv_16 = insertvalue i2640 %mrv_15, i33 %outval_16" [firmware/nnet_utils/nnet_layernorm.h:133]   --->   Operation 221 'insertvalue' 'mrv_16' <Predicate = true> <Delay = 0.00>
ST_4 : Operation 222 [1/1] (0.00ns)   --->   "%mrv_17 = insertvalue i2640 %mrv_16, i33 %outval_17" [firmware/nnet_utils/nnet_layernorm.h:133]   --->   Operation 222 'insertvalue' 'mrv_17' <Predicate = true> <Delay = 0.00>
ST_4 : Operation 223 [1/1] (0.00ns)   --->   "%mrv_18 = insertvalue i2640 %mrv_17, i33 %outval_18" [firmware/nnet_utils/nnet_layernorm.h:133]   --->   Operation 223 'insertvalue' 'mrv_18' <Predicate = true> <Delay = 0.00>
ST_4 : Operation 224 [1/1] (0.00ns)   --->   "%mrv_19 = insertvalue i2640 %mrv_18, i33 %outval_19" [firmware/nnet_utils/nnet_layernorm.h:133]   --->   Operation 224 'insertvalue' 'mrv_19' <Predicate = true> <Delay = 0.00>
ST_4 : Operation 225 [1/1] (0.00ns)   --->   "%mrv_20 = insertvalue i2640 %mrv_19, i33 %outval_20" [firmware/nnet_utils/nnet_layernorm.h:133]   --->   Operation 225 'insertvalue' 'mrv_20' <Predicate = true> <Delay = 0.00>
ST_4 : Operation 226 [1/1] (0.00ns)   --->   "%mrv_21 = insertvalue i2640 %mrv_20, i33 %outval_21" [firmware/nnet_utils/nnet_layernorm.h:133]   --->   Operation 226 'insertvalue' 'mrv_21' <Predicate = true> <Delay = 0.00>
ST_4 : Operation 227 [1/1] (0.00ns)   --->   "%mrv_22 = insertvalue i2640 %mrv_21, i33 %outval_22" [firmware/nnet_utils/nnet_layernorm.h:133]   --->   Operation 227 'insertvalue' 'mrv_22' <Predicate = true> <Delay = 0.00>
ST_4 : Operation 228 [1/1] (0.00ns)   --->   "%mrv_23 = insertvalue i2640 %mrv_22, i33 %outval_23" [firmware/nnet_utils/nnet_layernorm.h:133]   --->   Operation 228 'insertvalue' 'mrv_23' <Predicate = true> <Delay = 0.00>
ST_4 : Operation 229 [1/1] (0.00ns)   --->   "%mrv_24 = insertvalue i2640 %mrv_23, i33 %outval_24" [firmware/nnet_utils/nnet_layernorm.h:133]   --->   Operation 229 'insertvalue' 'mrv_24' <Predicate = true> <Delay = 0.00>
ST_4 : Operation 230 [1/1] (0.00ns)   --->   "%mrv_25 = insertvalue i2640 %mrv_24, i33 %outval_25" [firmware/nnet_utils/nnet_layernorm.h:133]   --->   Operation 230 'insertvalue' 'mrv_25' <Predicate = true> <Delay = 0.00>
ST_4 : Operation 231 [1/1] (0.00ns)   --->   "%mrv_26 = insertvalue i2640 %mrv_25, i33 %outval_26" [firmware/nnet_utils/nnet_layernorm.h:133]   --->   Operation 231 'insertvalue' 'mrv_26' <Predicate = true> <Delay = 0.00>
ST_4 : Operation 232 [1/1] (0.00ns)   --->   "%mrv_27 = insertvalue i2640 %mrv_26, i33 %outval_27" [firmware/nnet_utils/nnet_layernorm.h:133]   --->   Operation 232 'insertvalue' 'mrv_27' <Predicate = true> <Delay = 0.00>
ST_4 : Operation 233 [1/1] (0.00ns)   --->   "%mrv_28 = insertvalue i2640 %mrv_27, i33 %outval_28" [firmware/nnet_utils/nnet_layernorm.h:133]   --->   Operation 233 'insertvalue' 'mrv_28' <Predicate = true> <Delay = 0.00>
ST_4 : Operation 234 [1/1] (0.00ns)   --->   "%mrv_29 = insertvalue i2640 %mrv_28, i33 %outval_29" [firmware/nnet_utils/nnet_layernorm.h:133]   --->   Operation 234 'insertvalue' 'mrv_29' <Predicate = true> <Delay = 0.00>
ST_4 : Operation 235 [1/1] (0.00ns)   --->   "%mrv_30 = insertvalue i2640 %mrv_29, i33 %outval_30" [firmware/nnet_utils/nnet_layernorm.h:133]   --->   Operation 235 'insertvalue' 'mrv_30' <Predicate = true> <Delay = 0.00>
ST_4 : Operation 236 [1/1] (0.00ns)   --->   "%mrv_31 = insertvalue i2640 %mrv_30, i33 %outval_31" [firmware/nnet_utils/nnet_layernorm.h:133]   --->   Operation 236 'insertvalue' 'mrv_31' <Predicate = true> <Delay = 0.00>
ST_4 : Operation 237 [1/1] (0.00ns)   --->   "%mrv_32 = insertvalue i2640 %mrv_31, i33 %outval_32" [firmware/nnet_utils/nnet_layernorm.h:133]   --->   Operation 237 'insertvalue' 'mrv_32' <Predicate = true> <Delay = 0.00>
ST_4 : Operation 238 [1/1] (0.00ns)   --->   "%mrv_33 = insertvalue i2640 %mrv_32, i33 %outval_33" [firmware/nnet_utils/nnet_layernorm.h:133]   --->   Operation 238 'insertvalue' 'mrv_33' <Predicate = true> <Delay = 0.00>
ST_4 : Operation 239 [1/1] (0.00ns)   --->   "%mrv_34 = insertvalue i2640 %mrv_33, i33 %outval_34" [firmware/nnet_utils/nnet_layernorm.h:133]   --->   Operation 239 'insertvalue' 'mrv_34' <Predicate = true> <Delay = 0.00>
ST_4 : Operation 240 [1/1] (0.00ns)   --->   "%mrv_35 = insertvalue i2640 %mrv_34, i33 %outval_35" [firmware/nnet_utils/nnet_layernorm.h:133]   --->   Operation 240 'insertvalue' 'mrv_35' <Predicate = true> <Delay = 0.00>
ST_4 : Operation 241 [1/1] (0.00ns)   --->   "%mrv_36 = insertvalue i2640 %mrv_35, i33 %outval_36" [firmware/nnet_utils/nnet_layernorm.h:133]   --->   Operation 241 'insertvalue' 'mrv_36' <Predicate = true> <Delay = 0.00>
ST_4 : Operation 242 [1/1] (0.00ns)   --->   "%mrv_37 = insertvalue i2640 %mrv_36, i33 %outval_37" [firmware/nnet_utils/nnet_layernorm.h:133]   --->   Operation 242 'insertvalue' 'mrv_37' <Predicate = true> <Delay = 0.00>
ST_4 : Operation 243 [1/1] (0.00ns)   --->   "%mrv_38 = insertvalue i2640 %mrv_37, i33 %outval_38" [firmware/nnet_utils/nnet_layernorm.h:133]   --->   Operation 243 'insertvalue' 'mrv_38' <Predicate = true> <Delay = 0.00>
ST_4 : Operation 244 [1/1] (0.00ns)   --->   "%mrv_39 = insertvalue i2640 %mrv_38, i33 %outval_39" [firmware/nnet_utils/nnet_layernorm.h:133]   --->   Operation 244 'insertvalue' 'mrv_39' <Predicate = true> <Delay = 0.00>
ST_4 : Operation 245 [1/1] (0.00ns)   --->   "%mrv_40 = insertvalue i2640 %mrv_39, i33 %outval_40" [firmware/nnet_utils/nnet_layernorm.h:133]   --->   Operation 245 'insertvalue' 'mrv_40' <Predicate = true> <Delay = 0.00>
ST_4 : Operation 246 [1/1] (0.00ns)   --->   "%mrv_41 = insertvalue i2640 %mrv_40, i33 %outval_41" [firmware/nnet_utils/nnet_layernorm.h:133]   --->   Operation 246 'insertvalue' 'mrv_41' <Predicate = true> <Delay = 0.00>
ST_4 : Operation 247 [1/1] (0.00ns)   --->   "%mrv_42 = insertvalue i2640 %mrv_41, i33 %outval_42" [firmware/nnet_utils/nnet_layernorm.h:133]   --->   Operation 247 'insertvalue' 'mrv_42' <Predicate = true> <Delay = 0.00>
ST_4 : Operation 248 [1/1] (0.00ns)   --->   "%mrv_43 = insertvalue i2640 %mrv_42, i33 %outval_43" [firmware/nnet_utils/nnet_layernorm.h:133]   --->   Operation 248 'insertvalue' 'mrv_43' <Predicate = true> <Delay = 0.00>
ST_4 : Operation 249 [1/1] (0.00ns)   --->   "%mrv_44 = insertvalue i2640 %mrv_43, i33 %outval_44" [firmware/nnet_utils/nnet_layernorm.h:133]   --->   Operation 249 'insertvalue' 'mrv_44' <Predicate = true> <Delay = 0.00>
ST_4 : Operation 250 [1/1] (0.00ns)   --->   "%mrv_45 = insertvalue i2640 %mrv_44, i33 %outval_45" [firmware/nnet_utils/nnet_layernorm.h:133]   --->   Operation 250 'insertvalue' 'mrv_45' <Predicate = true> <Delay = 0.00>
ST_4 : Operation 251 [1/1] (0.00ns)   --->   "%mrv_46 = insertvalue i2640 %mrv_45, i33 %outval_46" [firmware/nnet_utils/nnet_layernorm.h:133]   --->   Operation 251 'insertvalue' 'mrv_46' <Predicate = true> <Delay = 0.00>
ST_4 : Operation 252 [1/1] (0.00ns)   --->   "%mrv_47 = insertvalue i2640 %mrv_46, i33 %outval_47" [firmware/nnet_utils/nnet_layernorm.h:133]   --->   Operation 252 'insertvalue' 'mrv_47' <Predicate = true> <Delay = 0.00>
ST_4 : Operation 253 [1/1] (0.00ns)   --->   "%mrv_48 = insertvalue i2640 %mrv_47, i33 %outval_48" [firmware/nnet_utils/nnet_layernorm.h:133]   --->   Operation 253 'insertvalue' 'mrv_48' <Predicate = true> <Delay = 0.00>
ST_4 : Operation 254 [1/1] (0.00ns)   --->   "%mrv_49 = insertvalue i2640 %mrv_48, i33 %outval_49" [firmware/nnet_utils/nnet_layernorm.h:133]   --->   Operation 254 'insertvalue' 'mrv_49' <Predicate = true> <Delay = 0.00>
ST_4 : Operation 255 [1/1] (0.00ns)   --->   "%mrv_50 = insertvalue i2640 %mrv_49, i33 %outval_50" [firmware/nnet_utils/nnet_layernorm.h:133]   --->   Operation 255 'insertvalue' 'mrv_50' <Predicate = true> <Delay = 0.00>
ST_4 : Operation 256 [1/1] (0.00ns)   --->   "%mrv_51 = insertvalue i2640 %mrv_50, i33 %outval_51" [firmware/nnet_utils/nnet_layernorm.h:133]   --->   Operation 256 'insertvalue' 'mrv_51' <Predicate = true> <Delay = 0.00>
ST_4 : Operation 257 [1/1] (0.00ns)   --->   "%mrv_52 = insertvalue i2640 %mrv_51, i33 %outval_52" [firmware/nnet_utils/nnet_layernorm.h:133]   --->   Operation 257 'insertvalue' 'mrv_52' <Predicate = true> <Delay = 0.00>
ST_4 : Operation 258 [1/1] (0.00ns)   --->   "%mrv_53 = insertvalue i2640 %mrv_52, i33 %outval_53" [firmware/nnet_utils/nnet_layernorm.h:133]   --->   Operation 258 'insertvalue' 'mrv_53' <Predicate = true> <Delay = 0.00>
ST_4 : Operation 259 [1/1] (0.00ns)   --->   "%mrv_54 = insertvalue i2640 %mrv_53, i33 %outval_54" [firmware/nnet_utils/nnet_layernorm.h:133]   --->   Operation 259 'insertvalue' 'mrv_54' <Predicate = true> <Delay = 0.00>
ST_4 : Operation 260 [1/1] (0.00ns)   --->   "%mrv_55 = insertvalue i2640 %mrv_54, i33 %outval_55" [firmware/nnet_utils/nnet_layernorm.h:133]   --->   Operation 260 'insertvalue' 'mrv_55' <Predicate = true> <Delay = 0.00>
ST_4 : Operation 261 [1/1] (0.00ns)   --->   "%mrv_56 = insertvalue i2640 %mrv_55, i33 %outval_56" [firmware/nnet_utils/nnet_layernorm.h:133]   --->   Operation 261 'insertvalue' 'mrv_56' <Predicate = true> <Delay = 0.00>
ST_4 : Operation 262 [1/1] (0.00ns)   --->   "%mrv_57 = insertvalue i2640 %mrv_56, i33 %outval_57" [firmware/nnet_utils/nnet_layernorm.h:133]   --->   Operation 262 'insertvalue' 'mrv_57' <Predicate = true> <Delay = 0.00>
ST_4 : Operation 263 [1/1] (0.00ns)   --->   "%mrv_58 = insertvalue i2640 %mrv_57, i33 %outval_58" [firmware/nnet_utils/nnet_layernorm.h:133]   --->   Operation 263 'insertvalue' 'mrv_58' <Predicate = true> <Delay = 0.00>
ST_4 : Operation 264 [1/1] (0.00ns)   --->   "%mrv_59 = insertvalue i2640 %mrv_58, i33 %outval_59" [firmware/nnet_utils/nnet_layernorm.h:133]   --->   Operation 264 'insertvalue' 'mrv_59' <Predicate = true> <Delay = 0.00>
ST_4 : Operation 265 [1/1] (0.00ns)   --->   "%mrv_60 = insertvalue i2640 %mrv_59, i33 %outval_60" [firmware/nnet_utils/nnet_layernorm.h:133]   --->   Operation 265 'insertvalue' 'mrv_60' <Predicate = true> <Delay = 0.00>
ST_4 : Operation 266 [1/1] (0.00ns)   --->   "%mrv_61 = insertvalue i2640 %mrv_60, i33 %outval_61" [firmware/nnet_utils/nnet_layernorm.h:133]   --->   Operation 266 'insertvalue' 'mrv_61' <Predicate = true> <Delay = 0.00>
ST_4 : Operation 267 [1/1] (0.00ns)   --->   "%mrv_62 = insertvalue i2640 %mrv_61, i33 %outval_62" [firmware/nnet_utils/nnet_layernorm.h:133]   --->   Operation 267 'insertvalue' 'mrv_62' <Predicate = true> <Delay = 0.00>
ST_4 : Operation 268 [1/1] (0.00ns)   --->   "%mrv_63 = insertvalue i2640 %mrv_62, i33 %outval_63" [firmware/nnet_utils/nnet_layernorm.h:133]   --->   Operation 268 'insertvalue' 'mrv_63' <Predicate = true> <Delay = 0.00>
ST_4 : Operation 269 [1/1] (0.00ns)   --->   "%mrv_64 = insertvalue i2640 %mrv_63, i33 %outval_64" [firmware/nnet_utils/nnet_layernorm.h:133]   --->   Operation 269 'insertvalue' 'mrv_64' <Predicate = true> <Delay = 0.00>
ST_4 : Operation 270 [1/1] (0.00ns)   --->   "%mrv_65 = insertvalue i2640 %mrv_64, i33 %outval_65" [firmware/nnet_utils/nnet_layernorm.h:133]   --->   Operation 270 'insertvalue' 'mrv_65' <Predicate = true> <Delay = 0.00>
ST_4 : Operation 271 [1/1] (0.00ns)   --->   "%mrv_66 = insertvalue i2640 %mrv_65, i33 %outval_66" [firmware/nnet_utils/nnet_layernorm.h:133]   --->   Operation 271 'insertvalue' 'mrv_66' <Predicate = true> <Delay = 0.00>
ST_4 : Operation 272 [1/1] (0.00ns)   --->   "%mrv_67 = insertvalue i2640 %mrv_66, i33 %outval_67" [firmware/nnet_utils/nnet_layernorm.h:133]   --->   Operation 272 'insertvalue' 'mrv_67' <Predicate = true> <Delay = 0.00>
ST_4 : Operation 273 [1/1] (0.00ns)   --->   "%mrv_68 = insertvalue i2640 %mrv_67, i33 %outval_68" [firmware/nnet_utils/nnet_layernorm.h:133]   --->   Operation 273 'insertvalue' 'mrv_68' <Predicate = true> <Delay = 0.00>
ST_4 : Operation 274 [1/1] (0.00ns)   --->   "%mrv_69 = insertvalue i2640 %mrv_68, i33 %outval_69" [firmware/nnet_utils/nnet_layernorm.h:133]   --->   Operation 274 'insertvalue' 'mrv_69' <Predicate = true> <Delay = 0.00>
ST_4 : Operation 275 [1/1] (0.00ns)   --->   "%mrv_70 = insertvalue i2640 %mrv_69, i33 %outval_70" [firmware/nnet_utils/nnet_layernorm.h:133]   --->   Operation 275 'insertvalue' 'mrv_70' <Predicate = true> <Delay = 0.00>
ST_4 : Operation 276 [1/1] (0.00ns)   --->   "%mrv_71 = insertvalue i2640 %mrv_70, i33 %outval_71" [firmware/nnet_utils/nnet_layernorm.h:133]   --->   Operation 276 'insertvalue' 'mrv_71' <Predicate = true> <Delay = 0.00>
ST_4 : Operation 277 [1/1] (0.00ns)   --->   "%mrv_72 = insertvalue i2640 %mrv_71, i33 %outval_72" [firmware/nnet_utils/nnet_layernorm.h:133]   --->   Operation 277 'insertvalue' 'mrv_72' <Predicate = true> <Delay = 0.00>
ST_4 : Operation 278 [1/1] (0.00ns)   --->   "%mrv_73 = insertvalue i2640 %mrv_72, i33 %outval_73" [firmware/nnet_utils/nnet_layernorm.h:133]   --->   Operation 278 'insertvalue' 'mrv_73' <Predicate = true> <Delay = 0.00>
ST_4 : Operation 279 [1/1] (0.00ns)   --->   "%mrv_74 = insertvalue i2640 %mrv_73, i33 %outval_74" [firmware/nnet_utils/nnet_layernorm.h:133]   --->   Operation 279 'insertvalue' 'mrv_74' <Predicate = true> <Delay = 0.00>
ST_4 : Operation 280 [1/1] (0.00ns)   --->   "%mrv_75 = insertvalue i2640 %mrv_74, i33 %outval_75" [firmware/nnet_utils/nnet_layernorm.h:133]   --->   Operation 280 'insertvalue' 'mrv_75' <Predicate = true> <Delay = 0.00>
ST_4 : Operation 281 [1/1] (0.00ns)   --->   "%mrv_76 = insertvalue i2640 %mrv_75, i33 %outval_76" [firmware/nnet_utils/nnet_layernorm.h:133]   --->   Operation 281 'insertvalue' 'mrv_76' <Predicate = true> <Delay = 0.00>
ST_4 : Operation 282 [1/1] (0.00ns)   --->   "%mrv_77 = insertvalue i2640 %mrv_76, i33 %outval_77" [firmware/nnet_utils/nnet_layernorm.h:133]   --->   Operation 282 'insertvalue' 'mrv_77' <Predicate = true> <Delay = 0.00>
ST_4 : Operation 283 [1/1] (0.00ns)   --->   "%mrv_78 = insertvalue i2640 %mrv_77, i33 %outval_78" [firmware/nnet_utils/nnet_layernorm.h:133]   --->   Operation 283 'insertvalue' 'mrv_78' <Predicate = true> <Delay = 0.00>
ST_4 : Operation 284 [1/1] (0.00ns)   --->   "%mrv_s = insertvalue i2640 %mrv_78, i33 %outval_79" [firmware/nnet_utils/nnet_layernorm.h:133]   --->   Operation 284 'insertvalue' 'mrv_s' <Predicate = true> <Delay = 0.00>
ST_4 : Operation 285 [1/1] (0.00ns)   --->   "%ret_ln133 = ret i2640 %mrv_s" [firmware/nnet_utils/nnet_layernorm.h:133]   --->   Operation 285 'ret' 'ret_ln133' <Predicate = true> <Delay = 0.00>


============================================================
+ Verbose Summary: Timing violations
============================================================
Target clock period: 5.000ns, clock uncertainty: 0.625ns.

 <State 1>: 2.977ns
The critical path consists of the following:
	wire read operation ('data_7_val_read', firmware/nnet_utils/nnet_layernorm.h:108) on port 'data_7_val' (firmware/nnet_utils/nnet_layernorm.h:108) [154]  (0.000 ns)
	'call' operation 264 bit ('call_ret9', firmware/nnet_utils/nnet_layernorm.h:126) to 'layernorm_1d<ap_fixed<16, 6, 5, 3, 0>, ap_fixed<33, 13, 5, 3, 0>, config2>' [162]  (2.977 ns)

 <State 2>: 4.097ns
The critical path consists of the following:
	'call' operation 264 bit ('call_ret9', firmware/nnet_utils/nnet_layernorm.h:126) to 'layernorm_1d<ap_fixed<16, 6, 5, 3, 0>, ap_fixed<33, 13, 5, 3, 0>, config2>' [162]  (4.097 ns)

 <State 3>: 4.097ns
The critical path consists of the following:
	'call' operation 264 bit ('call_ret9', firmware/nnet_utils/nnet_layernorm.h:126) to 'layernorm_1d<ap_fixed<16, 6, 5, 3, 0>, ap_fixed<33, 13, 5, 3, 0>, config2>' [162]  (4.097 ns)

 <State 4>: 3.310ns
The critical path consists of the following:
	'call' operation 264 bit ('call_ret9', firmware/nnet_utils/nnet_layernorm.h:126) to 'layernorm_1d<ap_fixed<16, 6, 5, 3, 0>, ap_fixed<33, 13, 5, 3, 0>, config2>' [162]  (3.310 ns)


============================================================
+ Verbose Summary: Binding
============================================================
N/A
* FSMD analyzer results:
  - Output states:
 - Input state : 
  - Chain level:
	State 1
	State 2
	State 3
	State 4


============================================================
+ Verbose Summary: Datapath Resource usage 
============================================================
N/A
