

================================================================
== Vitis HLS Report for 'transpose_2d_ap_fixed_16_6_5_3_0_ap_fixed_16_6_5_3_0_config3_s'
================================================================
* Date:           Wed Dec 11 13:10:42 2024

* Version:        2024.1 (Build 5069499 on May 21 2024)
* Project:        myproject_prj
* Solution:       solution1 (Vivado IP Flow Target)
* Product family: virtexuplus
* Target device:  xcvu13p-flga2577-2-e


================================================================
== Performance Estimates
================================================================
+ Timing: 
    * Summary: 
    +--------+---------+----------+------------+
    |  Clock |  Target | Estimated| Uncertainty|
    +--------+---------+----------+------------+
    |ap_clk  |  5.00 ns|      0 ns|     0.62 ns|
    +--------+---------+----------+------------+

+ Latency: 
    * Summary: 
    +---------+---------+----------+----------+-----+-----+---------+
    |  Latency (cycles) |  Latency (absolute) |  Interval | Pipeline|
    |   min   |   max   |    min   |    max   | min | max |   Type  |
    +---------+---------+----------+----------+-----+-----+---------+
    |        0|        0|      0 ns|      0 ns|    1|    1|      yes|
    +---------+---------+----------+----------+-----+-----+---------+

    + Detail: 
        * Instance: 
        N/A

        * Loop: 
        N/A

============================================================
+ Verbose Summary: Synthesis Manager
============================================================
InlineROM: 1
ExposeGlobal: 0
============================================================
+ Verbose Summary: CDFG Model
============================================================
IsTopModel: 0
ResetActiveHigh: 1
IsCombinational: 0
IsDatapathOnly: 0
HasWiredReturn: 1
HasMFsm: 2
HasVarLatency: 0
IsPipeline: 1
IsRtlPipelined: 0
IsInstanceOverlapped: 0
IsDontTouch: 0
HasImplIP: 0
IsGatedGlobalClock: 0

+ Individual pipeline summary: 
  * Pipeline-0: initiation interval (II) = 1, depth = 1


============================================================
+ Verbose Summary: Schedule
============================================================
* Number of FSM states : 1
* Pipeline : 1
  Pipeline-0 : II = 1, D = 1, States = { 1 }
* Dataflow Pipeline: 0

* FSM state transitions: 
1 --> 

* FSM state operations: 

State 1 <SV = 0> <Delay = 0.00>
ST_1 : Operation 2 [1/1] (0.00ns)   --->   "%specpipeline_ln21 = specpipeline void @_ssdm_op_SpecPipeline, i32 4294967295, i32 0, i32 0, i32 0, void @empty_0" [firmware/nnet_utils/nnet_array.h:21]   --->   Operation 2 'specpipeline' 'specpipeline_ln21' <Predicate = true> <Delay = 0.00>
ST_1 : Operation 3 [1/1] (0.00ns)   --->   "%data_val_read = read i1280 @_ssdm_op_Read.ap_auto.i1280, i1280 %data_val" [firmware/nnet_utils/nnet_array.h:21]   --->   Operation 3 'read' 'data_val_read' <Predicate = true> <Delay = 0.00>
ST_1 : Operation 4 [1/1] (0.00ns)   --->   "%trunc_ln21 = trunc i1280 %data_val_read" [firmware/nnet_utils/nnet_array.h:21]   --->   Operation 4 'trunc' 'trunc_ln21' <Predicate = true> <Delay = 0.00>
ST_1 : Operation 5 [1/1] (0.00ns)   --->   "%data_t_s = partselect i16 @_ssdm_op_PartSelect.i16.i1280.i32.i32, i1280 %data_val_read, i32 16, i32 31" [firmware/nnet_utils/nnet_array.h:21]   --->   Operation 5 'partselect' 'data_t_s' <Predicate = true> <Delay = 0.00>
ST_1 : Operation 6 [1/1] (0.00ns)   --->   "%data_t_1 = partselect i16 @_ssdm_op_PartSelect.i16.i1280.i32.i32, i1280 %data_val_read, i32 32, i32 47" [firmware/nnet_utils/nnet_array.h:21]   --->   Operation 6 'partselect' 'data_t_1' <Predicate = true> <Delay = 0.00>
ST_1 : Operation 7 [1/1] (0.00ns)   --->   "%data_t_2 = partselect i16 @_ssdm_op_PartSelect.i16.i1280.i32.i32, i1280 %data_val_read, i32 48, i32 63" [firmware/nnet_utils/nnet_array.h:21]   --->   Operation 7 'partselect' 'data_t_2' <Predicate = true> <Delay = 0.00>
ST_1 : Operation 8 [1/1] (0.00ns)   --->   "%data_t_3 = partselect i16 @_ssdm_op_PartSelect.i16.i1280.i32.i32, i1280 %data_val_read, i32 64, i32 79" [firmware/nnet_utils/nnet_array.h:21]   --->   Operation 8 'partselect' 'data_t_3' <Predicate = true> <Delay = 0.00>
ST_1 : Operation 9 [1/1] (0.00ns)   --->   "%data_t_4 = partselect i16 @_ssdm_op_PartSelect.i16.i1280.i32.i32, i1280 %data_val_read, i32 80, i32 95" [firmware/nnet_utils/nnet_array.h:21]   --->   Operation 9 'partselect' 'data_t_4' <Predicate = true> <Delay = 0.00>
ST_1 : Operation 10 [1/1] (0.00ns)   --->   "%data_t_5 = partselect i16 @_ssdm_op_PartSelect.i16.i1280.i32.i32, i1280 %data_val_read, i32 96, i32 111" [firmware/nnet_utils/nnet_array.h:21]   --->   Operation 10 'partselect' 'data_t_5' <Predicate = true> <Delay = 0.00>
ST_1 : Operation 11 [1/1] (0.00ns)   --->   "%data_t_6 = partselect i16 @_ssdm_op_PartSelect.i16.i1280.i32.i32, i1280 %data_val_read, i32 112, i32 127" [firmware/nnet_utils/nnet_array.h:21]   --->   Operation 11 'partselect' 'data_t_6' <Predicate = true> <Delay = 0.00>
ST_1 : Operation 12 [1/1] (0.00ns)   --->   "%data_t_7 = partselect i16 @_ssdm_op_PartSelect.i16.i1280.i32.i32, i1280 %data_val_read, i32 128, i32 143" [firmware/nnet_utils/nnet_array.h:21]   --->   Operation 12 'partselect' 'data_t_7' <Predicate = true> <Delay = 0.00>
ST_1 : Operation 13 [1/1] (0.00ns)   --->   "%data_t_8 = partselect i16 @_ssdm_op_PartSelect.i16.i1280.i32.i32, i1280 %data_val_read, i32 144, i32 159" [firmware/nnet_utils/nnet_array.h:21]   --->   Operation 13 'partselect' 'data_t_8' <Predicate = true> <Delay = 0.00>
ST_1 : Operation 14 [1/1] (0.00ns)   --->   "%data_t_9 = partselect i16 @_ssdm_op_PartSelect.i16.i1280.i32.i32, i1280 %data_val_read, i32 160, i32 175" [firmware/nnet_utils/nnet_array.h:21]   --->   Operation 14 'partselect' 'data_t_9' <Predicate = true> <Delay = 0.00>
ST_1 : Operation 15 [1/1] (0.00ns)   --->   "%data_t_10 = partselect i16 @_ssdm_op_PartSelect.i16.i1280.i32.i32, i1280 %data_val_read, i32 176, i32 191" [firmware/nnet_utils/nnet_array.h:21]   --->   Operation 15 'partselect' 'data_t_10' <Predicate = true> <Delay = 0.00>
ST_1 : Operation 16 [1/1] (0.00ns)   --->   "%data_t_11 = partselect i16 @_ssdm_op_PartSelect.i16.i1280.i32.i32, i1280 %data_val_read, i32 192, i32 207" [firmware/nnet_utils/nnet_array.h:21]   --->   Operation 16 'partselect' 'data_t_11' <Predicate = true> <Delay = 0.00>
ST_1 : Operation 17 [1/1] (0.00ns)   --->   "%data_t_12 = partselect i16 @_ssdm_op_PartSelect.i16.i1280.i32.i32, i1280 %data_val_read, i32 208, i32 223" [firmware/nnet_utils/nnet_array.h:21]   --->   Operation 17 'partselect' 'data_t_12' <Predicate = true> <Delay = 0.00>
ST_1 : Operation 18 [1/1] (0.00ns)   --->   "%data_t_13 = partselect i16 @_ssdm_op_PartSelect.i16.i1280.i32.i32, i1280 %data_val_read, i32 224, i32 239" [firmware/nnet_utils/nnet_array.h:21]   --->   Operation 18 'partselect' 'data_t_13' <Predicate = true> <Delay = 0.00>
ST_1 : Operation 19 [1/1] (0.00ns)   --->   "%data_t_14 = partselect i16 @_ssdm_op_PartSelect.i16.i1280.i32.i32, i1280 %data_val_read, i32 240, i32 255" [firmware/nnet_utils/nnet_array.h:21]   --->   Operation 19 'partselect' 'data_t_14' <Predicate = true> <Delay = 0.00>
ST_1 : Operation 20 [1/1] (0.00ns)   --->   "%data_t_15 = partselect i16 @_ssdm_op_PartSelect.i16.i1280.i32.i32, i1280 %data_val_read, i32 256, i32 271" [firmware/nnet_utils/nnet_array.h:21]   --->   Operation 20 'partselect' 'data_t_15' <Predicate = true> <Delay = 0.00>
ST_1 : Operation 21 [1/1] (0.00ns)   --->   "%data_t_16 = partselect i16 @_ssdm_op_PartSelect.i16.i1280.i32.i32, i1280 %data_val_read, i32 272, i32 287" [firmware/nnet_utils/nnet_array.h:21]   --->   Operation 21 'partselect' 'data_t_16' <Predicate = true> <Delay = 0.00>
ST_1 : Operation 22 [1/1] (0.00ns)   --->   "%data_t_17 = partselect i16 @_ssdm_op_PartSelect.i16.i1280.i32.i32, i1280 %data_val_read, i32 288, i32 303" [firmware/nnet_utils/nnet_array.h:21]   --->   Operation 22 'partselect' 'data_t_17' <Predicate = true> <Delay = 0.00>
ST_1 : Operation 23 [1/1] (0.00ns)   --->   "%data_t_18 = partselect i16 @_ssdm_op_PartSelect.i16.i1280.i32.i32, i1280 %data_val_read, i32 304, i32 319" [firmware/nnet_utils/nnet_array.h:21]   --->   Operation 23 'partselect' 'data_t_18' <Predicate = true> <Delay = 0.00>
ST_1 : Operation 24 [1/1] (0.00ns)   --->   "%data_t_19 = partselect i16 @_ssdm_op_PartSelect.i16.i1280.i32.i32, i1280 %data_val_read, i32 320, i32 335" [firmware/nnet_utils/nnet_array.h:21]   --->   Operation 24 'partselect' 'data_t_19' <Predicate = true> <Delay = 0.00>
ST_1 : Operation 25 [1/1] (0.00ns)   --->   "%data_t_20 = partselect i16 @_ssdm_op_PartSelect.i16.i1280.i32.i32, i1280 %data_val_read, i32 336, i32 351" [firmware/nnet_utils/nnet_array.h:21]   --->   Operation 25 'partselect' 'data_t_20' <Predicate = true> <Delay = 0.00>
ST_1 : Operation 26 [1/1] (0.00ns)   --->   "%data_t_21 = partselect i16 @_ssdm_op_PartSelect.i16.i1280.i32.i32, i1280 %data_val_read, i32 352, i32 367" [firmware/nnet_utils/nnet_array.h:21]   --->   Operation 26 'partselect' 'data_t_21' <Predicate = true> <Delay = 0.00>
ST_1 : Operation 27 [1/1] (0.00ns)   --->   "%data_t_22 = partselect i16 @_ssdm_op_PartSelect.i16.i1280.i32.i32, i1280 %data_val_read, i32 368, i32 383" [firmware/nnet_utils/nnet_array.h:21]   --->   Operation 27 'partselect' 'data_t_22' <Predicate = true> <Delay = 0.00>
ST_1 : Operation 28 [1/1] (0.00ns)   --->   "%data_t_23 = partselect i16 @_ssdm_op_PartSelect.i16.i1280.i32.i32, i1280 %data_val_read, i32 384, i32 399" [firmware/nnet_utils/nnet_array.h:21]   --->   Operation 28 'partselect' 'data_t_23' <Predicate = true> <Delay = 0.00>
ST_1 : Operation 29 [1/1] (0.00ns)   --->   "%data_t_24 = partselect i16 @_ssdm_op_PartSelect.i16.i1280.i32.i32, i1280 %data_val_read, i32 400, i32 415" [firmware/nnet_utils/nnet_array.h:21]   --->   Operation 29 'partselect' 'data_t_24' <Predicate = true> <Delay = 0.00>
ST_1 : Operation 30 [1/1] (0.00ns)   --->   "%data_t_25 = partselect i16 @_ssdm_op_PartSelect.i16.i1280.i32.i32, i1280 %data_val_read, i32 416, i32 431" [firmware/nnet_utils/nnet_array.h:21]   --->   Operation 30 'partselect' 'data_t_25' <Predicate = true> <Delay = 0.00>
ST_1 : Operation 31 [1/1] (0.00ns)   --->   "%data_t_26 = partselect i16 @_ssdm_op_PartSelect.i16.i1280.i32.i32, i1280 %data_val_read, i32 432, i32 447" [firmware/nnet_utils/nnet_array.h:21]   --->   Operation 31 'partselect' 'data_t_26' <Predicate = true> <Delay = 0.00>
ST_1 : Operation 32 [1/1] (0.00ns)   --->   "%data_t_27 = partselect i16 @_ssdm_op_PartSelect.i16.i1280.i32.i32, i1280 %data_val_read, i32 448, i32 463" [firmware/nnet_utils/nnet_array.h:21]   --->   Operation 32 'partselect' 'data_t_27' <Predicate = true> <Delay = 0.00>
ST_1 : Operation 33 [1/1] (0.00ns)   --->   "%data_t_28 = partselect i16 @_ssdm_op_PartSelect.i16.i1280.i32.i32, i1280 %data_val_read, i32 464, i32 479" [firmware/nnet_utils/nnet_array.h:21]   --->   Operation 33 'partselect' 'data_t_28' <Predicate = true> <Delay = 0.00>
ST_1 : Operation 34 [1/1] (0.00ns)   --->   "%data_t_29 = partselect i16 @_ssdm_op_PartSelect.i16.i1280.i32.i32, i1280 %data_val_read, i32 480, i32 495" [firmware/nnet_utils/nnet_array.h:21]   --->   Operation 34 'partselect' 'data_t_29' <Predicate = true> <Delay = 0.00>
ST_1 : Operation 35 [1/1] (0.00ns)   --->   "%data_t_30 = partselect i16 @_ssdm_op_PartSelect.i16.i1280.i32.i32, i1280 %data_val_read, i32 496, i32 511" [firmware/nnet_utils/nnet_array.h:21]   --->   Operation 35 'partselect' 'data_t_30' <Predicate = true> <Delay = 0.00>
ST_1 : Operation 36 [1/1] (0.00ns)   --->   "%data_t_31 = partselect i16 @_ssdm_op_PartSelect.i16.i1280.i32.i32, i1280 %data_val_read, i32 512, i32 527" [firmware/nnet_utils/nnet_array.h:21]   --->   Operation 36 'partselect' 'data_t_31' <Predicate = true> <Delay = 0.00>
ST_1 : Operation 37 [1/1] (0.00ns)   --->   "%data_t_32 = partselect i16 @_ssdm_op_PartSelect.i16.i1280.i32.i32, i1280 %data_val_read, i32 528, i32 543" [firmware/nnet_utils/nnet_array.h:21]   --->   Operation 37 'partselect' 'data_t_32' <Predicate = true> <Delay = 0.00>
ST_1 : Operation 38 [1/1] (0.00ns)   --->   "%data_t_33 = partselect i16 @_ssdm_op_PartSelect.i16.i1280.i32.i32, i1280 %data_val_read, i32 544, i32 559" [firmware/nnet_utils/nnet_array.h:21]   --->   Operation 38 'partselect' 'data_t_33' <Predicate = true> <Delay = 0.00>
ST_1 : Operation 39 [1/1] (0.00ns)   --->   "%data_t_34 = partselect i16 @_ssdm_op_PartSelect.i16.i1280.i32.i32, i1280 %data_val_read, i32 560, i32 575" [firmware/nnet_utils/nnet_array.h:21]   --->   Operation 39 'partselect' 'data_t_34' <Predicate = true> <Delay = 0.00>
ST_1 : Operation 40 [1/1] (0.00ns)   --->   "%data_t_35 = partselect i16 @_ssdm_op_PartSelect.i16.i1280.i32.i32, i1280 %data_val_read, i32 576, i32 591" [firmware/nnet_utils/nnet_array.h:21]   --->   Operation 40 'partselect' 'data_t_35' <Predicate = true> <Delay = 0.00>
ST_1 : Operation 41 [1/1] (0.00ns)   --->   "%data_t_36 = partselect i16 @_ssdm_op_PartSelect.i16.i1280.i32.i32, i1280 %data_val_read, i32 592, i32 607" [firmware/nnet_utils/nnet_array.h:21]   --->   Operation 41 'partselect' 'data_t_36' <Predicate = true> <Delay = 0.00>
ST_1 : Operation 42 [1/1] (0.00ns)   --->   "%data_t_37 = partselect i16 @_ssdm_op_PartSelect.i16.i1280.i32.i32, i1280 %data_val_read, i32 608, i32 623" [firmware/nnet_utils/nnet_array.h:21]   --->   Operation 42 'partselect' 'data_t_37' <Predicate = true> <Delay = 0.00>
ST_1 : Operation 43 [1/1] (0.00ns)   --->   "%data_t_38 = partselect i16 @_ssdm_op_PartSelect.i16.i1280.i32.i32, i1280 %data_val_read, i32 624, i32 639" [firmware/nnet_utils/nnet_array.h:21]   --->   Operation 43 'partselect' 'data_t_38' <Predicate = true> <Delay = 0.00>
ST_1 : Operation 44 [1/1] (0.00ns)   --->   "%data_t_39 = partselect i16 @_ssdm_op_PartSelect.i16.i1280.i32.i32, i1280 %data_val_read, i32 640, i32 655" [firmware/nnet_utils/nnet_array.h:21]   --->   Operation 44 'partselect' 'data_t_39' <Predicate = true> <Delay = 0.00>
ST_1 : Operation 45 [1/1] (0.00ns)   --->   "%data_t_40 = partselect i16 @_ssdm_op_PartSelect.i16.i1280.i32.i32, i1280 %data_val_read, i32 656, i32 671" [firmware/nnet_utils/nnet_array.h:21]   --->   Operation 45 'partselect' 'data_t_40' <Predicate = true> <Delay = 0.00>
ST_1 : Operation 46 [1/1] (0.00ns)   --->   "%data_t_41 = partselect i16 @_ssdm_op_PartSelect.i16.i1280.i32.i32, i1280 %data_val_read, i32 672, i32 687" [firmware/nnet_utils/nnet_array.h:21]   --->   Operation 46 'partselect' 'data_t_41' <Predicate = true> <Delay = 0.00>
ST_1 : Operation 47 [1/1] (0.00ns)   --->   "%data_t_42 = partselect i16 @_ssdm_op_PartSelect.i16.i1280.i32.i32, i1280 %data_val_read, i32 688, i32 703" [firmware/nnet_utils/nnet_array.h:21]   --->   Operation 47 'partselect' 'data_t_42' <Predicate = true> <Delay = 0.00>
ST_1 : Operation 48 [1/1] (0.00ns)   --->   "%data_t_43 = partselect i16 @_ssdm_op_PartSelect.i16.i1280.i32.i32, i1280 %data_val_read, i32 704, i32 719" [firmware/nnet_utils/nnet_array.h:21]   --->   Operation 48 'partselect' 'data_t_43' <Predicate = true> <Delay = 0.00>
ST_1 : Operation 49 [1/1] (0.00ns)   --->   "%data_t_44 = partselect i16 @_ssdm_op_PartSelect.i16.i1280.i32.i32, i1280 %data_val_read, i32 720, i32 735" [firmware/nnet_utils/nnet_array.h:21]   --->   Operation 49 'partselect' 'data_t_44' <Predicate = true> <Delay = 0.00>
ST_1 : Operation 50 [1/1] (0.00ns)   --->   "%data_t_45 = partselect i16 @_ssdm_op_PartSelect.i16.i1280.i32.i32, i1280 %data_val_read, i32 736, i32 751" [firmware/nnet_utils/nnet_array.h:21]   --->   Operation 50 'partselect' 'data_t_45' <Predicate = true> <Delay = 0.00>
ST_1 : Operation 51 [1/1] (0.00ns)   --->   "%data_t_46 = partselect i16 @_ssdm_op_PartSelect.i16.i1280.i32.i32, i1280 %data_val_read, i32 752, i32 767" [firmware/nnet_utils/nnet_array.h:21]   --->   Operation 51 'partselect' 'data_t_46' <Predicate = true> <Delay = 0.00>
ST_1 : Operation 52 [1/1] (0.00ns)   --->   "%data_t_47 = partselect i16 @_ssdm_op_PartSelect.i16.i1280.i32.i32, i1280 %data_val_read, i32 768, i32 783" [firmware/nnet_utils/nnet_array.h:21]   --->   Operation 52 'partselect' 'data_t_47' <Predicate = true> <Delay = 0.00>
ST_1 : Operation 53 [1/1] (0.00ns)   --->   "%data_t_48 = partselect i16 @_ssdm_op_PartSelect.i16.i1280.i32.i32, i1280 %data_val_read, i32 784, i32 799" [firmware/nnet_utils/nnet_array.h:21]   --->   Operation 53 'partselect' 'data_t_48' <Predicate = true> <Delay = 0.00>
ST_1 : Operation 54 [1/1] (0.00ns)   --->   "%data_t_49 = partselect i16 @_ssdm_op_PartSelect.i16.i1280.i32.i32, i1280 %data_val_read, i32 800, i32 815" [firmware/nnet_utils/nnet_array.h:21]   --->   Operation 54 'partselect' 'data_t_49' <Predicate = true> <Delay = 0.00>
ST_1 : Operation 55 [1/1] (0.00ns)   --->   "%data_t_50 = partselect i16 @_ssdm_op_PartSelect.i16.i1280.i32.i32, i1280 %data_val_read, i32 816, i32 831" [firmware/nnet_utils/nnet_array.h:21]   --->   Operation 55 'partselect' 'data_t_50' <Predicate = true> <Delay = 0.00>
ST_1 : Operation 56 [1/1] (0.00ns)   --->   "%data_t_51 = partselect i16 @_ssdm_op_PartSelect.i16.i1280.i32.i32, i1280 %data_val_read, i32 832, i32 847" [firmware/nnet_utils/nnet_array.h:21]   --->   Operation 56 'partselect' 'data_t_51' <Predicate = true> <Delay = 0.00>
ST_1 : Operation 57 [1/1] (0.00ns)   --->   "%data_t_52 = partselect i16 @_ssdm_op_PartSelect.i16.i1280.i32.i32, i1280 %data_val_read, i32 848, i32 863" [firmware/nnet_utils/nnet_array.h:21]   --->   Operation 57 'partselect' 'data_t_52' <Predicate = true> <Delay = 0.00>
ST_1 : Operation 58 [1/1] (0.00ns)   --->   "%data_t_53 = partselect i16 @_ssdm_op_PartSelect.i16.i1280.i32.i32, i1280 %data_val_read, i32 864, i32 879" [firmware/nnet_utils/nnet_array.h:21]   --->   Operation 58 'partselect' 'data_t_53' <Predicate = true> <Delay = 0.00>
ST_1 : Operation 59 [1/1] (0.00ns)   --->   "%data_t_54 = partselect i16 @_ssdm_op_PartSelect.i16.i1280.i32.i32, i1280 %data_val_read, i32 880, i32 895" [firmware/nnet_utils/nnet_array.h:21]   --->   Operation 59 'partselect' 'data_t_54' <Predicate = true> <Delay = 0.00>
ST_1 : Operation 60 [1/1] (0.00ns)   --->   "%data_t_55 = partselect i16 @_ssdm_op_PartSelect.i16.i1280.i32.i32, i1280 %data_val_read, i32 896, i32 911" [firmware/nnet_utils/nnet_array.h:21]   --->   Operation 60 'partselect' 'data_t_55' <Predicate = true> <Delay = 0.00>
ST_1 : Operation 61 [1/1] (0.00ns)   --->   "%data_t_56 = partselect i16 @_ssdm_op_PartSelect.i16.i1280.i32.i32, i1280 %data_val_read, i32 912, i32 927" [firmware/nnet_utils/nnet_array.h:21]   --->   Operation 61 'partselect' 'data_t_56' <Predicate = true> <Delay = 0.00>
ST_1 : Operation 62 [1/1] (0.00ns)   --->   "%data_t_57 = partselect i16 @_ssdm_op_PartSelect.i16.i1280.i32.i32, i1280 %data_val_read, i32 928, i32 943" [firmware/nnet_utils/nnet_array.h:21]   --->   Operation 62 'partselect' 'data_t_57' <Predicate = true> <Delay = 0.00>
ST_1 : Operation 63 [1/1] (0.00ns)   --->   "%data_t_58 = partselect i16 @_ssdm_op_PartSelect.i16.i1280.i32.i32, i1280 %data_val_read, i32 944, i32 959" [firmware/nnet_utils/nnet_array.h:21]   --->   Operation 63 'partselect' 'data_t_58' <Predicate = true> <Delay = 0.00>
ST_1 : Operation 64 [1/1] (0.00ns)   --->   "%data_t_59 = partselect i16 @_ssdm_op_PartSelect.i16.i1280.i32.i32, i1280 %data_val_read, i32 960, i32 975" [firmware/nnet_utils/nnet_array.h:21]   --->   Operation 64 'partselect' 'data_t_59' <Predicate = true> <Delay = 0.00>
ST_1 : Operation 65 [1/1] (0.00ns)   --->   "%data_t_60 = partselect i16 @_ssdm_op_PartSelect.i16.i1280.i32.i32, i1280 %data_val_read, i32 976, i32 991" [firmware/nnet_utils/nnet_array.h:21]   --->   Operation 65 'partselect' 'data_t_60' <Predicate = true> <Delay = 0.00>
ST_1 : Operation 66 [1/1] (0.00ns)   --->   "%data_t_61 = partselect i16 @_ssdm_op_PartSelect.i16.i1280.i32.i32, i1280 %data_val_read, i32 992, i32 1007" [firmware/nnet_utils/nnet_array.h:21]   --->   Operation 66 'partselect' 'data_t_61' <Predicate = true> <Delay = 0.00>
ST_1 : Operation 67 [1/1] (0.00ns)   --->   "%data_t_62 = partselect i16 @_ssdm_op_PartSelect.i16.i1280.i32.i32, i1280 %data_val_read, i32 1008, i32 1023" [firmware/nnet_utils/nnet_array.h:21]   --->   Operation 67 'partselect' 'data_t_62' <Predicate = true> <Delay = 0.00>
ST_1 : Operation 68 [1/1] (0.00ns)   --->   "%data_t_63 = partselect i16 @_ssdm_op_PartSelect.i16.i1280.i32.i32, i1280 %data_val_read, i32 1024, i32 1039" [firmware/nnet_utils/nnet_array.h:21]   --->   Operation 68 'partselect' 'data_t_63' <Predicate = true> <Delay = 0.00>
ST_1 : Operation 69 [1/1] (0.00ns)   --->   "%data_t_64 = partselect i16 @_ssdm_op_PartSelect.i16.i1280.i32.i32, i1280 %data_val_read, i32 1040, i32 1055" [firmware/nnet_utils/nnet_array.h:21]   --->   Operation 69 'partselect' 'data_t_64' <Predicate = true> <Delay = 0.00>
ST_1 : Operation 70 [1/1] (0.00ns)   --->   "%data_t_65 = partselect i16 @_ssdm_op_PartSelect.i16.i1280.i32.i32, i1280 %data_val_read, i32 1056, i32 1071" [firmware/nnet_utils/nnet_array.h:21]   --->   Operation 70 'partselect' 'data_t_65' <Predicate = true> <Delay = 0.00>
ST_1 : Operation 71 [1/1] (0.00ns)   --->   "%data_t_66 = partselect i16 @_ssdm_op_PartSelect.i16.i1280.i32.i32, i1280 %data_val_read, i32 1072, i32 1087" [firmware/nnet_utils/nnet_array.h:21]   --->   Operation 71 'partselect' 'data_t_66' <Predicate = true> <Delay = 0.00>
ST_1 : Operation 72 [1/1] (0.00ns)   --->   "%data_t_67 = partselect i16 @_ssdm_op_PartSelect.i16.i1280.i32.i32, i1280 %data_val_read, i32 1088, i32 1103" [firmware/nnet_utils/nnet_array.h:21]   --->   Operation 72 'partselect' 'data_t_67' <Predicate = true> <Delay = 0.00>
ST_1 : Operation 73 [1/1] (0.00ns)   --->   "%data_t_68 = partselect i16 @_ssdm_op_PartSelect.i16.i1280.i32.i32, i1280 %data_val_read, i32 1104, i32 1119" [firmware/nnet_utils/nnet_array.h:21]   --->   Operation 73 'partselect' 'data_t_68' <Predicate = true> <Delay = 0.00>
ST_1 : Operation 74 [1/1] (0.00ns)   --->   "%data_t_69 = partselect i16 @_ssdm_op_PartSelect.i16.i1280.i32.i32, i1280 %data_val_read, i32 1120, i32 1135" [firmware/nnet_utils/nnet_array.h:21]   --->   Operation 74 'partselect' 'data_t_69' <Predicate = true> <Delay = 0.00>
ST_1 : Operation 75 [1/1] (0.00ns)   --->   "%data_t_70 = partselect i16 @_ssdm_op_PartSelect.i16.i1280.i32.i32, i1280 %data_val_read, i32 1136, i32 1151" [firmware/nnet_utils/nnet_array.h:21]   --->   Operation 75 'partselect' 'data_t_70' <Predicate = true> <Delay = 0.00>
ST_1 : Operation 76 [1/1] (0.00ns)   --->   "%data_t_71 = partselect i16 @_ssdm_op_PartSelect.i16.i1280.i32.i32, i1280 %data_val_read, i32 1152, i32 1167" [firmware/nnet_utils/nnet_array.h:21]   --->   Operation 76 'partselect' 'data_t_71' <Predicate = true> <Delay = 0.00>
ST_1 : Operation 77 [1/1] (0.00ns)   --->   "%data_t_72 = partselect i16 @_ssdm_op_PartSelect.i16.i1280.i32.i32, i1280 %data_val_read, i32 1168, i32 1183" [firmware/nnet_utils/nnet_array.h:21]   --->   Operation 77 'partselect' 'data_t_72' <Predicate = true> <Delay = 0.00>
ST_1 : Operation 78 [1/1] (0.00ns)   --->   "%data_t_73 = partselect i16 @_ssdm_op_PartSelect.i16.i1280.i32.i32, i1280 %data_val_read, i32 1184, i32 1199" [firmware/nnet_utils/nnet_array.h:21]   --->   Operation 78 'partselect' 'data_t_73' <Predicate = true> <Delay = 0.00>
ST_1 : Operation 79 [1/1] (0.00ns)   --->   "%data_t_74 = partselect i16 @_ssdm_op_PartSelect.i16.i1280.i32.i32, i1280 %data_val_read, i32 1200, i32 1215" [firmware/nnet_utils/nnet_array.h:21]   --->   Operation 79 'partselect' 'data_t_74' <Predicate = true> <Delay = 0.00>
ST_1 : Operation 80 [1/1] (0.00ns)   --->   "%data_t_75 = partselect i16 @_ssdm_op_PartSelect.i16.i1280.i32.i32, i1280 %data_val_read, i32 1216, i32 1231" [firmware/nnet_utils/nnet_array.h:21]   --->   Operation 80 'partselect' 'data_t_75' <Predicate = true> <Delay = 0.00>
ST_1 : Operation 81 [1/1] (0.00ns)   --->   "%data_t_76 = partselect i16 @_ssdm_op_PartSelect.i16.i1280.i32.i32, i1280 %data_val_read, i32 1232, i32 1247" [firmware/nnet_utils/nnet_array.h:21]   --->   Operation 81 'partselect' 'data_t_76' <Predicate = true> <Delay = 0.00>
ST_1 : Operation 82 [1/1] (0.00ns)   --->   "%data_t_77 = partselect i16 @_ssdm_op_PartSelect.i16.i1280.i32.i32, i1280 %data_val_read, i32 1248, i32 1263" [firmware/nnet_utils/nnet_array.h:21]   --->   Operation 82 'partselect' 'data_t_77' <Predicate = true> <Delay = 0.00>
ST_1 : Operation 83 [1/1] (0.00ns)   --->   "%data_t_78 = partselect i16 @_ssdm_op_PartSelect.i16.i1280.i32.i32, i1280 %data_val_read, i32 1264, i32 1279" [firmware/nnet_utils/nnet_array.h:21]   --->   Operation 83 'partselect' 'data_t_78' <Predicate = true> <Delay = 0.00>
ST_1 : Operation 84 [1/1] (0.00ns)   --->   "%mrv = insertvalue i1280 <undef>, i16 %trunc_ln21" [firmware/nnet_utils/nnet_array.h:24]   --->   Operation 84 'insertvalue' 'mrv' <Predicate = true> <Delay = 0.00>
ST_1 : Operation 85 [1/1] (0.00ns)   --->   "%mrv_1 = insertvalue i1280 %mrv, i16 %data_t_7" [firmware/nnet_utils/nnet_array.h:24]   --->   Operation 85 'insertvalue' 'mrv_1' <Predicate = true> <Delay = 0.00>
ST_1 : Operation 86 [1/1] (0.00ns)   --->   "%mrv_2 = insertvalue i1280 %mrv_1, i16 %data_t_15" [firmware/nnet_utils/nnet_array.h:24]   --->   Operation 86 'insertvalue' 'mrv_2' <Predicate = true> <Delay = 0.00>
ST_1 : Operation 87 [1/1] (0.00ns)   --->   "%mrv_3 = insertvalue i1280 %mrv_2, i16 %data_t_23" [firmware/nnet_utils/nnet_array.h:24]   --->   Operation 87 'insertvalue' 'mrv_3' <Predicate = true> <Delay = 0.00>
ST_1 : Operation 88 [1/1] (0.00ns)   --->   "%mrv_4 = insertvalue i1280 %mrv_3, i16 %data_t_31" [firmware/nnet_utils/nnet_array.h:24]   --->   Operation 88 'insertvalue' 'mrv_4' <Predicate = true> <Delay = 0.00>
ST_1 : Operation 89 [1/1] (0.00ns)   --->   "%mrv_5 = insertvalue i1280 %mrv_4, i16 %data_t_39" [firmware/nnet_utils/nnet_array.h:24]   --->   Operation 89 'insertvalue' 'mrv_5' <Predicate = true> <Delay = 0.00>
ST_1 : Operation 90 [1/1] (0.00ns)   --->   "%mrv_6 = insertvalue i1280 %mrv_5, i16 %data_t_47" [firmware/nnet_utils/nnet_array.h:24]   --->   Operation 90 'insertvalue' 'mrv_6' <Predicate = true> <Delay = 0.00>
ST_1 : Operation 91 [1/1] (0.00ns)   --->   "%mrv_7 = insertvalue i1280 %mrv_6, i16 %data_t_55" [firmware/nnet_utils/nnet_array.h:24]   --->   Operation 91 'insertvalue' 'mrv_7' <Predicate = true> <Delay = 0.00>
ST_1 : Operation 92 [1/1] (0.00ns)   --->   "%mrv_8 = insertvalue i1280 %mrv_7, i16 %data_t_63" [firmware/nnet_utils/nnet_array.h:24]   --->   Operation 92 'insertvalue' 'mrv_8' <Predicate = true> <Delay = 0.00>
ST_1 : Operation 93 [1/1] (0.00ns)   --->   "%mrv_9 = insertvalue i1280 %mrv_8, i16 %data_t_71" [firmware/nnet_utils/nnet_array.h:24]   --->   Operation 93 'insertvalue' 'mrv_9' <Predicate = true> <Delay = 0.00>
ST_1 : Operation 94 [1/1] (0.00ns)   --->   "%mrv_10 = insertvalue i1280 %mrv_9, i16 %data_t_s" [firmware/nnet_utils/nnet_array.h:24]   --->   Operation 94 'insertvalue' 'mrv_10' <Predicate = true> <Delay = 0.00>
ST_1 : Operation 95 [1/1] (0.00ns)   --->   "%mrv_11 = insertvalue i1280 %mrv_10, i16 %data_t_8" [firmware/nnet_utils/nnet_array.h:24]   --->   Operation 95 'insertvalue' 'mrv_11' <Predicate = true> <Delay = 0.00>
ST_1 : Operation 96 [1/1] (0.00ns)   --->   "%mrv_12 = insertvalue i1280 %mrv_11, i16 %data_t_16" [firmware/nnet_utils/nnet_array.h:24]   --->   Operation 96 'insertvalue' 'mrv_12' <Predicate = true> <Delay = 0.00>
ST_1 : Operation 97 [1/1] (0.00ns)   --->   "%mrv_13 = insertvalue i1280 %mrv_12, i16 %data_t_24" [firmware/nnet_utils/nnet_array.h:24]   --->   Operation 97 'insertvalue' 'mrv_13' <Predicate = true> <Delay = 0.00>
ST_1 : Operation 98 [1/1] (0.00ns)   --->   "%mrv_14 = insertvalue i1280 %mrv_13, i16 %data_t_32" [firmware/nnet_utils/nnet_array.h:24]   --->   Operation 98 'insertvalue' 'mrv_14' <Predicate = true> <Delay = 0.00>
ST_1 : Operation 99 [1/1] (0.00ns)   --->   "%mrv_15 = insertvalue i1280 %mrv_14, i16 %data_t_40" [firmware/nnet_utils/nnet_array.h:24]   --->   Operation 99 'insertvalue' 'mrv_15' <Predicate = true> <Delay = 0.00>
ST_1 : Operation 100 [1/1] (0.00ns)   --->   "%mrv_16 = insertvalue i1280 %mrv_15, i16 %data_t_48" [firmware/nnet_utils/nnet_array.h:24]   --->   Operation 100 'insertvalue' 'mrv_16' <Predicate = true> <Delay = 0.00>
ST_1 : Operation 101 [1/1] (0.00ns)   --->   "%mrv_17 = insertvalue i1280 %mrv_16, i16 %data_t_56" [firmware/nnet_utils/nnet_array.h:24]   --->   Operation 101 'insertvalue' 'mrv_17' <Predicate = true> <Delay = 0.00>
ST_1 : Operation 102 [1/1] (0.00ns)   --->   "%mrv_18 = insertvalue i1280 %mrv_17, i16 %data_t_64" [firmware/nnet_utils/nnet_array.h:24]   --->   Operation 102 'insertvalue' 'mrv_18' <Predicate = true> <Delay = 0.00>
ST_1 : Operation 103 [1/1] (0.00ns)   --->   "%mrv_19 = insertvalue i1280 %mrv_18, i16 %data_t_72" [firmware/nnet_utils/nnet_array.h:24]   --->   Operation 103 'insertvalue' 'mrv_19' <Predicate = true> <Delay = 0.00>
ST_1 : Operation 104 [1/1] (0.00ns)   --->   "%mrv_20 = insertvalue i1280 %mrv_19, i16 %data_t_1" [firmware/nnet_utils/nnet_array.h:24]   --->   Operation 104 'insertvalue' 'mrv_20' <Predicate = true> <Delay = 0.00>
ST_1 : Operation 105 [1/1] (0.00ns)   --->   "%mrv_21 = insertvalue i1280 %mrv_20, i16 %data_t_9" [firmware/nnet_utils/nnet_array.h:24]   --->   Operation 105 'insertvalue' 'mrv_21' <Predicate = true> <Delay = 0.00>
ST_1 : Operation 106 [1/1] (0.00ns)   --->   "%mrv_22 = insertvalue i1280 %mrv_21, i16 %data_t_17" [firmware/nnet_utils/nnet_array.h:24]   --->   Operation 106 'insertvalue' 'mrv_22' <Predicate = true> <Delay = 0.00>
ST_1 : Operation 107 [1/1] (0.00ns)   --->   "%mrv_23 = insertvalue i1280 %mrv_22, i16 %data_t_25" [firmware/nnet_utils/nnet_array.h:24]   --->   Operation 107 'insertvalue' 'mrv_23' <Predicate = true> <Delay = 0.00>
ST_1 : Operation 108 [1/1] (0.00ns)   --->   "%mrv_24 = insertvalue i1280 %mrv_23, i16 %data_t_33" [firmware/nnet_utils/nnet_array.h:24]   --->   Operation 108 'insertvalue' 'mrv_24' <Predicate = true> <Delay = 0.00>
ST_1 : Operation 109 [1/1] (0.00ns)   --->   "%mrv_25 = insertvalue i1280 %mrv_24, i16 %data_t_41" [firmware/nnet_utils/nnet_array.h:24]   --->   Operation 109 'insertvalue' 'mrv_25' <Predicate = true> <Delay = 0.00>
ST_1 : Operation 110 [1/1] (0.00ns)   --->   "%mrv_26 = insertvalue i1280 %mrv_25, i16 %data_t_49" [firmware/nnet_utils/nnet_array.h:24]   --->   Operation 110 'insertvalue' 'mrv_26' <Predicate = true> <Delay = 0.00>
ST_1 : Operation 111 [1/1] (0.00ns)   --->   "%mrv_27 = insertvalue i1280 %mrv_26, i16 %data_t_57" [firmware/nnet_utils/nnet_array.h:24]   --->   Operation 111 'insertvalue' 'mrv_27' <Predicate = true> <Delay = 0.00>
ST_1 : Operation 112 [1/1] (0.00ns)   --->   "%mrv_28 = insertvalue i1280 %mrv_27, i16 %data_t_65" [firmware/nnet_utils/nnet_array.h:24]   --->   Operation 112 'insertvalue' 'mrv_28' <Predicate = true> <Delay = 0.00>
ST_1 : Operation 113 [1/1] (0.00ns)   --->   "%mrv_29 = insertvalue i1280 %mrv_28, i16 %data_t_73" [firmware/nnet_utils/nnet_array.h:24]   --->   Operation 113 'insertvalue' 'mrv_29' <Predicate = true> <Delay = 0.00>
ST_1 : Operation 114 [1/1] (0.00ns)   --->   "%mrv_30 = insertvalue i1280 %mrv_29, i16 %data_t_2" [firmware/nnet_utils/nnet_array.h:24]   --->   Operation 114 'insertvalue' 'mrv_30' <Predicate = true> <Delay = 0.00>
ST_1 : Operation 115 [1/1] (0.00ns)   --->   "%mrv_31 = insertvalue i1280 %mrv_30, i16 %data_t_10" [firmware/nnet_utils/nnet_array.h:24]   --->   Operation 115 'insertvalue' 'mrv_31' <Predicate = true> <Delay = 0.00>
ST_1 : Operation 116 [1/1] (0.00ns)   --->   "%mrv_32 = insertvalue i1280 %mrv_31, i16 %data_t_18" [firmware/nnet_utils/nnet_array.h:24]   --->   Operation 116 'insertvalue' 'mrv_32' <Predicate = true> <Delay = 0.00>
ST_1 : Operation 117 [1/1] (0.00ns)   --->   "%mrv_33 = insertvalue i1280 %mrv_32, i16 %data_t_26" [firmware/nnet_utils/nnet_array.h:24]   --->   Operation 117 'insertvalue' 'mrv_33' <Predicate = true> <Delay = 0.00>
ST_1 : Operation 118 [1/1] (0.00ns)   --->   "%mrv_34 = insertvalue i1280 %mrv_33, i16 %data_t_34" [firmware/nnet_utils/nnet_array.h:24]   --->   Operation 118 'insertvalue' 'mrv_34' <Predicate = true> <Delay = 0.00>
ST_1 : Operation 119 [1/1] (0.00ns)   --->   "%mrv_35 = insertvalue i1280 %mrv_34, i16 %data_t_42" [firmware/nnet_utils/nnet_array.h:24]   --->   Operation 119 'insertvalue' 'mrv_35' <Predicate = true> <Delay = 0.00>
ST_1 : Operation 120 [1/1] (0.00ns)   --->   "%mrv_36 = insertvalue i1280 %mrv_35, i16 %data_t_50" [firmware/nnet_utils/nnet_array.h:24]   --->   Operation 120 'insertvalue' 'mrv_36' <Predicate = true> <Delay = 0.00>
ST_1 : Operation 121 [1/1] (0.00ns)   --->   "%mrv_37 = insertvalue i1280 %mrv_36, i16 %data_t_58" [firmware/nnet_utils/nnet_array.h:24]   --->   Operation 121 'insertvalue' 'mrv_37' <Predicate = true> <Delay = 0.00>
ST_1 : Operation 122 [1/1] (0.00ns)   --->   "%mrv_38 = insertvalue i1280 %mrv_37, i16 %data_t_66" [firmware/nnet_utils/nnet_array.h:24]   --->   Operation 122 'insertvalue' 'mrv_38' <Predicate = true> <Delay = 0.00>
ST_1 : Operation 123 [1/1] (0.00ns)   --->   "%mrv_39 = insertvalue i1280 %mrv_38, i16 %data_t_74" [firmware/nnet_utils/nnet_array.h:24]   --->   Operation 123 'insertvalue' 'mrv_39' <Predicate = true> <Delay = 0.00>
ST_1 : Operation 124 [1/1] (0.00ns)   --->   "%mrv_40 = insertvalue i1280 %mrv_39, i16 %data_t_3" [firmware/nnet_utils/nnet_array.h:24]   --->   Operation 124 'insertvalue' 'mrv_40' <Predicate = true> <Delay = 0.00>
ST_1 : Operation 125 [1/1] (0.00ns)   --->   "%mrv_41 = insertvalue i1280 %mrv_40, i16 %data_t_11" [firmware/nnet_utils/nnet_array.h:24]   --->   Operation 125 'insertvalue' 'mrv_41' <Predicate = true> <Delay = 0.00>
ST_1 : Operation 126 [1/1] (0.00ns)   --->   "%mrv_42 = insertvalue i1280 %mrv_41, i16 %data_t_19" [firmware/nnet_utils/nnet_array.h:24]   --->   Operation 126 'insertvalue' 'mrv_42' <Predicate = true> <Delay = 0.00>
ST_1 : Operation 127 [1/1] (0.00ns)   --->   "%mrv_43 = insertvalue i1280 %mrv_42, i16 %data_t_27" [firmware/nnet_utils/nnet_array.h:24]   --->   Operation 127 'insertvalue' 'mrv_43' <Predicate = true> <Delay = 0.00>
ST_1 : Operation 128 [1/1] (0.00ns)   --->   "%mrv_44 = insertvalue i1280 %mrv_43, i16 %data_t_35" [firmware/nnet_utils/nnet_array.h:24]   --->   Operation 128 'insertvalue' 'mrv_44' <Predicate = true> <Delay = 0.00>
ST_1 : Operation 129 [1/1] (0.00ns)   --->   "%mrv_45 = insertvalue i1280 %mrv_44, i16 %data_t_43" [firmware/nnet_utils/nnet_array.h:24]   --->   Operation 129 'insertvalue' 'mrv_45' <Predicate = true> <Delay = 0.00>
ST_1 : Operation 130 [1/1] (0.00ns)   --->   "%mrv_46 = insertvalue i1280 %mrv_45, i16 %data_t_51" [firmware/nnet_utils/nnet_array.h:24]   --->   Operation 130 'insertvalue' 'mrv_46' <Predicate = true> <Delay = 0.00>
ST_1 : Operation 131 [1/1] (0.00ns)   --->   "%mrv_47 = insertvalue i1280 %mrv_46, i16 %data_t_59" [firmware/nnet_utils/nnet_array.h:24]   --->   Operation 131 'insertvalue' 'mrv_47' <Predicate = true> <Delay = 0.00>
ST_1 : Operation 132 [1/1] (0.00ns)   --->   "%mrv_48 = insertvalue i1280 %mrv_47, i16 %data_t_67" [firmware/nnet_utils/nnet_array.h:24]   --->   Operation 132 'insertvalue' 'mrv_48' <Predicate = true> <Delay = 0.00>
ST_1 : Operation 133 [1/1] (0.00ns)   --->   "%mrv_49 = insertvalue i1280 %mrv_48, i16 %data_t_75" [firmware/nnet_utils/nnet_array.h:24]   --->   Operation 133 'insertvalue' 'mrv_49' <Predicate = true> <Delay = 0.00>
ST_1 : Operation 134 [1/1] (0.00ns)   --->   "%mrv_50 = insertvalue i1280 %mrv_49, i16 %data_t_4" [firmware/nnet_utils/nnet_array.h:24]   --->   Operation 134 'insertvalue' 'mrv_50' <Predicate = true> <Delay = 0.00>
ST_1 : Operation 135 [1/1] (0.00ns)   --->   "%mrv_51 = insertvalue i1280 %mrv_50, i16 %data_t_12" [firmware/nnet_utils/nnet_array.h:24]   --->   Operation 135 'insertvalue' 'mrv_51' <Predicate = true> <Delay = 0.00>
ST_1 : Operation 136 [1/1] (0.00ns)   --->   "%mrv_52 = insertvalue i1280 %mrv_51, i16 %data_t_20" [firmware/nnet_utils/nnet_array.h:24]   --->   Operation 136 'insertvalue' 'mrv_52' <Predicate = true> <Delay = 0.00>
ST_1 : Operation 137 [1/1] (0.00ns)   --->   "%mrv_53 = insertvalue i1280 %mrv_52, i16 %data_t_28" [firmware/nnet_utils/nnet_array.h:24]   --->   Operation 137 'insertvalue' 'mrv_53' <Predicate = true> <Delay = 0.00>
ST_1 : Operation 138 [1/1] (0.00ns)   --->   "%mrv_54 = insertvalue i1280 %mrv_53, i16 %data_t_36" [firmware/nnet_utils/nnet_array.h:24]   --->   Operation 138 'insertvalue' 'mrv_54' <Predicate = true> <Delay = 0.00>
ST_1 : Operation 139 [1/1] (0.00ns)   --->   "%mrv_55 = insertvalue i1280 %mrv_54, i16 %data_t_44" [firmware/nnet_utils/nnet_array.h:24]   --->   Operation 139 'insertvalue' 'mrv_55' <Predicate = true> <Delay = 0.00>
ST_1 : Operation 140 [1/1] (0.00ns)   --->   "%mrv_56 = insertvalue i1280 %mrv_55, i16 %data_t_52" [firmware/nnet_utils/nnet_array.h:24]   --->   Operation 140 'insertvalue' 'mrv_56' <Predicate = true> <Delay = 0.00>
ST_1 : Operation 141 [1/1] (0.00ns)   --->   "%mrv_57 = insertvalue i1280 %mrv_56, i16 %data_t_60" [firmware/nnet_utils/nnet_array.h:24]   --->   Operation 141 'insertvalue' 'mrv_57' <Predicate = true> <Delay = 0.00>
ST_1 : Operation 142 [1/1] (0.00ns)   --->   "%mrv_58 = insertvalue i1280 %mrv_57, i16 %data_t_68" [firmware/nnet_utils/nnet_array.h:24]   --->   Operation 142 'insertvalue' 'mrv_58' <Predicate = true> <Delay = 0.00>
ST_1 : Operation 143 [1/1] (0.00ns)   --->   "%mrv_59 = insertvalue i1280 %mrv_58, i16 %data_t_76" [firmware/nnet_utils/nnet_array.h:24]   --->   Operation 143 'insertvalue' 'mrv_59' <Predicate = true> <Delay = 0.00>
ST_1 : Operation 144 [1/1] (0.00ns)   --->   "%mrv_60 = insertvalue i1280 %mrv_59, i16 %data_t_5" [firmware/nnet_utils/nnet_array.h:24]   --->   Operation 144 'insertvalue' 'mrv_60' <Predicate = true> <Delay = 0.00>
ST_1 : Operation 145 [1/1] (0.00ns)   --->   "%mrv_61 = insertvalue i1280 %mrv_60, i16 %data_t_13" [firmware/nnet_utils/nnet_array.h:24]   --->   Operation 145 'insertvalue' 'mrv_61' <Predicate = true> <Delay = 0.00>
ST_1 : Operation 146 [1/1] (0.00ns)   --->   "%mrv_62 = insertvalue i1280 %mrv_61, i16 %data_t_21" [firmware/nnet_utils/nnet_array.h:24]   --->   Operation 146 'insertvalue' 'mrv_62' <Predicate = true> <Delay = 0.00>
ST_1 : Operation 147 [1/1] (0.00ns)   --->   "%mrv_63 = insertvalue i1280 %mrv_62, i16 %data_t_29" [firmware/nnet_utils/nnet_array.h:24]   --->   Operation 147 'insertvalue' 'mrv_63' <Predicate = true> <Delay = 0.00>
ST_1 : Operation 148 [1/1] (0.00ns)   --->   "%mrv_64 = insertvalue i1280 %mrv_63, i16 %data_t_37" [firmware/nnet_utils/nnet_array.h:24]   --->   Operation 148 'insertvalue' 'mrv_64' <Predicate = true> <Delay = 0.00>
ST_1 : Operation 149 [1/1] (0.00ns)   --->   "%mrv_65 = insertvalue i1280 %mrv_64, i16 %data_t_45" [firmware/nnet_utils/nnet_array.h:24]   --->   Operation 149 'insertvalue' 'mrv_65' <Predicate = true> <Delay = 0.00>
ST_1 : Operation 150 [1/1] (0.00ns)   --->   "%mrv_66 = insertvalue i1280 %mrv_65, i16 %data_t_53" [firmware/nnet_utils/nnet_array.h:24]   --->   Operation 150 'insertvalue' 'mrv_66' <Predicate = true> <Delay = 0.00>
ST_1 : Operation 151 [1/1] (0.00ns)   --->   "%mrv_67 = insertvalue i1280 %mrv_66, i16 %data_t_61" [firmware/nnet_utils/nnet_array.h:24]   --->   Operation 151 'insertvalue' 'mrv_67' <Predicate = true> <Delay = 0.00>
ST_1 : Operation 152 [1/1] (0.00ns)   --->   "%mrv_68 = insertvalue i1280 %mrv_67, i16 %data_t_69" [firmware/nnet_utils/nnet_array.h:24]   --->   Operation 152 'insertvalue' 'mrv_68' <Predicate = true> <Delay = 0.00>
ST_1 : Operation 153 [1/1] (0.00ns)   --->   "%mrv_69 = insertvalue i1280 %mrv_68, i16 %data_t_77" [firmware/nnet_utils/nnet_array.h:24]   --->   Operation 153 'insertvalue' 'mrv_69' <Predicate = true> <Delay = 0.00>
ST_1 : Operation 154 [1/1] (0.00ns)   --->   "%mrv_70 = insertvalue i1280 %mrv_69, i16 %data_t_6" [firmware/nnet_utils/nnet_array.h:24]   --->   Operation 154 'insertvalue' 'mrv_70' <Predicate = true> <Delay = 0.00>
ST_1 : Operation 155 [1/1] (0.00ns)   --->   "%mrv_71 = insertvalue i1280 %mrv_70, i16 %data_t_14" [firmware/nnet_utils/nnet_array.h:24]   --->   Operation 155 'insertvalue' 'mrv_71' <Predicate = true> <Delay = 0.00>
ST_1 : Operation 156 [1/1] (0.00ns)   --->   "%mrv_72 = insertvalue i1280 %mrv_71, i16 %data_t_22" [firmware/nnet_utils/nnet_array.h:24]   --->   Operation 156 'insertvalue' 'mrv_72' <Predicate = true> <Delay = 0.00>
ST_1 : Operation 157 [1/1] (0.00ns)   --->   "%mrv_73 = insertvalue i1280 %mrv_72, i16 %data_t_30" [firmware/nnet_utils/nnet_array.h:24]   --->   Operation 157 'insertvalue' 'mrv_73' <Predicate = true> <Delay = 0.00>
ST_1 : Operation 158 [1/1] (0.00ns)   --->   "%mrv_74 = insertvalue i1280 %mrv_73, i16 %data_t_38" [firmware/nnet_utils/nnet_array.h:24]   --->   Operation 158 'insertvalue' 'mrv_74' <Predicate = true> <Delay = 0.00>
ST_1 : Operation 159 [1/1] (0.00ns)   --->   "%mrv_75 = insertvalue i1280 %mrv_74, i16 %data_t_46" [firmware/nnet_utils/nnet_array.h:24]   --->   Operation 159 'insertvalue' 'mrv_75' <Predicate = true> <Delay = 0.00>
ST_1 : Operation 160 [1/1] (0.00ns)   --->   "%mrv_76 = insertvalue i1280 %mrv_75, i16 %data_t_54" [firmware/nnet_utils/nnet_array.h:24]   --->   Operation 160 'insertvalue' 'mrv_76' <Predicate = true> <Delay = 0.00>
ST_1 : Operation 161 [1/1] (0.00ns)   --->   "%mrv_77 = insertvalue i1280 %mrv_76, i16 %data_t_62" [firmware/nnet_utils/nnet_array.h:24]   --->   Operation 161 'insertvalue' 'mrv_77' <Predicate = true> <Delay = 0.00>
ST_1 : Operation 162 [1/1] (0.00ns)   --->   "%mrv_78 = insertvalue i1280 %mrv_77, i16 %data_t_70" [firmware/nnet_utils/nnet_array.h:24]   --->   Operation 162 'insertvalue' 'mrv_78' <Predicate = true> <Delay = 0.00>
ST_1 : Operation 163 [1/1] (0.00ns)   --->   "%mrv_s = insertvalue i1280 %mrv_78, i16 %data_t_78" [firmware/nnet_utils/nnet_array.h:24]   --->   Operation 163 'insertvalue' 'mrv_s' <Predicate = true> <Delay = 0.00>
ST_1 : Operation 164 [1/1] (0.00ns)   --->   "%ret_ln24 = ret i1280 %mrv_s" [firmware/nnet_utils/nnet_array.h:24]   --->   Operation 164 'ret' 'ret_ln24' <Predicate = true> <Delay = 0.00>


============================================================
+ Verbose Summary: Timing violations
============================================================
Target clock period: 5.000ns, clock uncertainty: 0.625ns.

 <State 1>: 0.000ns
The critical path consists of the following:


============================================================
+ Verbose Summary: Binding
============================================================
N/A
* FSMD analyzer results:
  - Output states:
 - Input state : 
  - Chain level:
	State 1


============================================================
+ Verbose Summary: Datapath Resource usage 
============================================================
N/A
