/data/hlssynt-users/rflynn/transformer-synthesis/hls4ml_projects/pytorch_mha_Vitis/myproject_prj/solution1/.autopilot/db/myproject.pp.0.cpp:28369:7: warning: Added loop label VITIS_LOOP_1207_1:   [xilinx-label-all-loops]
      for (i = 0; i < __N - 1; ++i) {
      ^~~
      VITIS_LOOP_1207_1: 
/data/hlssynt-users/rflynn/transformer-synthesis/hls4ml_projects/pytorch_mha_Vitis/myproject_prj/solution1/.autopilot/db/myproject.pp.0.cpp:28369:7: note: FIX-IT applied suggested code changes
/data/hlssynt-users/rflynn/transformer-synthesis/hls4ml_projects/pytorch_mha_Vitis/myproject_prj/solution1/.autopilot/db/myproject.pp.0.cpp:29343:5: warning: Added loop label VITIS_LOOP_676_1:   [xilinx-label-all-loops]
    for (unsigned i = low; i != high; ++i) {
    ^~~
    VITIS_LOOP_676_1: 
/data/hlssynt-users/rflynn/transformer-synthesis/hls4ml_projects/pytorch_mha_Vitis/myproject_prj/solution1/.autopilot/db/myproject.pp.0.cpp:29343:5: note: FIX-IT applied suggested code changes
/data/hlssynt-users/rflynn/transformer-synthesis/hls4ml_projects/pytorch_mha_Vitis/myproject_prj/solution1/.autopilot/db/myproject.pp.0.cpp:29357:5: warning: Added loop label VITIS_LOOP_690_1:   [xilinx-label-all-loops]
    for (unsigned i = low; i != high; ++i) {
    ^~~
    VITIS_LOOP_690_1: 
/data/hlssynt-users/rflynn/transformer-synthesis/hls4ml_projects/pytorch_mha_Vitis/myproject_prj/solution1/.autopilot/db/myproject.pp.0.cpp:29357:5: note: FIX-IT applied suggested code changes
/data/hlssynt-users/rflynn/transformer-synthesis/hls4ml_projects/pytorch_mha_Vitis/myproject_prj/solution1/.autopilot/db/myproject.pp.0.cpp:29371:5: warning: Added loop label VITIS_LOOP_704_1:   [xilinx-label-all-loops]
    for (unsigned i = low; i != high; ++i) {
    ^~~
    VITIS_LOOP_704_1: 
/data/hlssynt-users/rflynn/transformer-synthesis/hls4ml_projects/pytorch_mha_Vitis/myproject_prj/solution1/.autopilot/db/myproject.pp.0.cpp:29371:5: note: FIX-IT applied suggested code changes
/data/hlssynt-users/rflynn/transformer-synthesis/hls4ml_projects/pytorch_mha_Vitis/myproject_prj/solution1/.autopilot/db/myproject.pp.0.cpp:30988:7: warning: Added loop label VITIS_LOOP_1247_1:   [xilinx-label-all-loops]
      for (i = 0; i < __N - 1; ++i) {
      ^~~
      VITIS_LOOP_1247_1: 
/data/hlssynt-users/rflynn/transformer-synthesis/hls4ml_projects/pytorch_mha_Vitis/myproject_prj/solution1/.autopilot/db/myproject.pp.0.cpp:30988:7: note: FIX-IT applied suggested code changes
/data/hlssynt-users/rflynn/transformer-synthesis/hls4ml_projects/pytorch_mha_Vitis/myproject_prj/solution1/.autopilot/db/myproject.pp.0.cpp:32971:9: warning: Added loop label VITIS_LOOP_27_1:   [xilinx-label-all-loops]
        for (unsigned i = 0; i < N; i++) {
        ^~~
        VITIS_LOOP_27_1: 
/data/hlssynt-users/rflynn/transformer-synthesis/hls4ml_projects/pytorch_mha_Vitis/myproject_prj/solution1/.autopilot/db/myproject.pp.0.cpp:32971:9: note: FIX-IT applied suggested code changes
/data/hlssynt-users/rflynn/transformer-synthesis/hls4ml_projects/pytorch_mha_Vitis/myproject_prj/solution1/.autopilot/db/myproject.pp.0.cpp:32984:9: warning: Added loop label VITIS_LOOP_40_1:   [xilinx-label-all-loops]
        for (size_t i = 0; i < N; i++) {
        ^~~
        VITIS_LOOP_40_1: 
/data/hlssynt-users/rflynn/transformer-synthesis/hls4ml_projects/pytorch_mha_Vitis/myproject_prj/solution1/.autopilot/db/myproject.pp.0.cpp:32984:9: note: FIX-IT applied suggested code changes
/data/hlssynt-users/rflynn/transformer-synthesis/hls4ml_projects/pytorch_mha_Vitis/myproject_prj/solution1/.autopilot/db/myproject.pp.0.cpp:55916:5: warning: Added loop label VITIS_LOOP_265_1:   [xilinx-label-all-loops]
    for (typename std::vector<src_T>::const_iterator i = in_begin; i != in_end; ++i) {
    ^~~
    VITIS_LOOP_265_1: 
/data/hlssynt-users/rflynn/transformer-synthesis/hls4ml_projects/pytorch_mha_Vitis/myproject_prj/solution1/.autopilot/db/myproject.pp.0.cpp:55916:5: note: FIX-IT applied suggested code changes
/data/hlssynt-users/rflynn/transformer-synthesis/hls4ml_projects/pytorch_mha_Vitis/myproject_prj/solution1/.autopilot/db/myproject.pp.0.cpp:55926:5: warning: Added loop label VITIS_LOOP_275_1:   [xilinx-label-all-loops]
    for (auto i = 0; i < SIZE; i++)
    ^~~
    VITIS_LOOP_275_1: 
/data/hlssynt-users/rflynn/transformer-synthesis/hls4ml_projects/pytorch_mha_Vitis/myproject_prj/solution1/.autopilot/db/myproject.pp.0.cpp:55926:5: note: FIX-IT applied suggested code changes
/data/hlssynt-users/rflynn/transformer-synthesis/hls4ml_projects/pytorch_mha_Vitis/myproject_prj/solution1/.autopilot/db/myproject.pp.0.cpp:55937:5: warning: Added loop label VITIS_LOOP_286_1:   [xilinx-label-all-loops]
    for (int i = 0; i < SIZE; i++) {
    ^~~
    VITIS_LOOP_286_1: 
/data/hlssynt-users/rflynn/transformer-synthesis/hls4ml_projects/pytorch_mha_Vitis/myproject_prj/solution1/.autopilot/db/myproject.pp.0.cpp:55937:5: note: FIX-IT applied suggested code changes
/data/hlssynt-users/rflynn/transformer-synthesis/hls4ml_projects/pytorch_mha_Vitis/myproject_prj/solution1/.autopilot/db/myproject.pp.0.cpp:55944:5: warning: Added loop label VITIS_LOOP_293_1:   [xilinx-label-all-loops]
    for (int i = 0; i < SIZE / res_T::size; i++) {
    ^~~
    VITIS_LOOP_293_1: 
/data/hlssynt-users/rflynn/transformer-synthesis/hls4ml_projects/pytorch_mha_Vitis/myproject_prj/solution1/.autopilot/db/myproject.pp.0.cpp:55944:5: note: FIX-IT applied suggested code changes
/data/hlssynt-users/rflynn/transformer-synthesis/hls4ml_projects/pytorch_mha_Vitis/myproject_prj/solution1/.autopilot/db/myproject.pp.0.cpp:55946:9: warning: Added loop label VITIS_LOOP_295_2:   [xilinx-label-all-loops]
        for (int j = 0; j < res_T::size; j++) {
        ^~~
        VITIS_LOOP_295_2: 
/data/hlssynt-users/rflynn/transformer-synthesis/hls4ml_projects/pytorch_mha_Vitis/myproject_prj/solution1/.autopilot/db/myproject.pp.0.cpp:55946:9: note: FIX-IT applied suggested code changes
/data/hlssynt-users/rflynn/transformer-synthesis/hls4ml_projects/pytorch_mha_Vitis/myproject_prj/solution1/.autopilot/db/myproject.pp.0.cpp:55958:5: warning: Added loop label VITIS_LOOP_307_1:   [xilinx-label-all-loops]
    for (int i = 0; i < SIZE / data_T::size; i++) {
    ^~~
    VITIS_LOOP_307_1: 
/data/hlssynt-users/rflynn/transformer-synthesis/hls4ml_projects/pytorch_mha_Vitis/myproject_prj/solution1/.autopilot/db/myproject.pp.0.cpp:55958:5: note: FIX-IT applied suggested code changes
/data/hlssynt-users/rflynn/transformer-synthesis/hls4ml_projects/pytorch_mha_Vitis/myproject_prj/solution1/.autopilot/db/myproject.pp.0.cpp:55960:9: warning: Added loop label VITIS_LOOP_309_2:   [xilinx-label-all-loops]
        for (int j = 0; j < data_T::size; j++) {
        ^~~
        VITIS_LOOP_309_2: 
/data/hlssynt-users/rflynn/transformer-synthesis/hls4ml_projects/pytorch_mha_Vitis/myproject_prj/solution1/.autopilot/db/myproject.pp.0.cpp:55960:9: note: FIX-IT applied suggested code changes
/data/hlssynt-users/rflynn/transformer-synthesis/hls4ml_projects/pytorch_mha_Vitis/myproject_prj/solution1/.autopilot/db/myproject.pp.0.cpp:55975:5: warning: Added loop label VITIS_LOOP_324_1:   [xilinx-label-all-loops]
    for (int ii = 0; ii < nrows; ii++) {
    ^~~
    VITIS_LOOP_324_1: 
/data/hlssynt-users/rflynn/transformer-synthesis/hls4ml_projects/pytorch_mha_Vitis/myproject_prj/solution1/.autopilot/db/myproject.pp.0.cpp:55975:5: note: FIX-IT applied suggested code changes
/data/hlssynt-users/rflynn/transformer-synthesis/hls4ml_projects/pytorch_mha_Vitis/myproject_prj/solution1/.autopilot/db/myproject.pp.0.cpp:55995:5: warning: Added loop label VITIS_LOOP_344_1:   [xilinx-label-all-loops]
    for (int ii = 0; ii < nrows; ii++) {
    ^~~
    VITIS_LOOP_344_1: 
/data/hlssynt-users/rflynn/transformer-synthesis/hls4ml_projects/pytorch_mha_Vitis/myproject_prj/solution1/.autopilot/db/myproject.pp.0.cpp:55995:5: note: FIX-IT applied suggested code changes
/data/hlssynt-users/rflynn/transformer-synthesis/hls4ml_projects/pytorch_mha_Vitis/myproject_prj/solution1/.autopilot/db/myproject.pp.0.cpp:55996:9: warning: Added loop label VITIS_LOOP_345_2:   [xilinx-label-all-loops]
        for (int jj = 0; jj < ncols; jj++) {
        ^~~
        VITIS_LOOP_345_2: 
/data/hlssynt-users/rflynn/transformer-synthesis/hls4ml_projects/pytorch_mha_Vitis/myproject_prj/solution1/.autopilot/db/myproject.pp.0.cpp:55996:9: note: FIX-IT applied suggested code changes
/data/hlssynt-users/rflynn/transformer-synthesis/hls4ml_projects/pytorch_mha_Vitis/myproject_prj/solution1/.autopilot/db/myproject.pp.0.cpp:56011:5: warning: Added loop label VITIS_LOOP_360_1:   [xilinx-label-all-loops]
    for (int ii = 0; ii < N_IN; ii++) {
    ^~~
    VITIS_LOOP_360_1: 
/data/hlssynt-users/rflynn/transformer-synthesis/hls4ml_projects/pytorch_mha_Vitis/myproject_prj/solution1/.autopilot/db/myproject.pp.0.cpp:56011:5: note: FIX-IT applied suggested code changes
/data/hlssynt-users/rflynn/transformer-synthesis/hls4ml_projects/pytorch_mha_Vitis/myproject_prj/solution1/.autopilot/db/myproject.pp.0.cpp:56018:5: warning: Added loop label VITIS_LOOP_367_1:   [xilinx-label-all-loops]
    for (int ii = 0; ii < N_IN; ii++) {
    ^~~
    VITIS_LOOP_367_1: 
/data/hlssynt-users/rflynn/transformer-synthesis/hls4ml_projects/pytorch_mha_Vitis/myproject_prj/solution1/.autopilot/db/myproject.pp.0.cpp:56018:5: note: FIX-IT applied suggested code changes
/data/hlssynt-users/rflynn/transformer-synthesis/hls4ml_projects/pytorch_mha_Vitis/myproject_prj/solution1/.autopilot/db/myproject.pp.0.cpp:56328:5: warning: Added loop label VITIS_LOOP_136_1:   [xilinx-label-all-loops]
    for (int ii = 0; ii < CONFIG_T::out_width / CONFIG_T::reuse_factor; ii++) {
    ^~~
    VITIS_LOOP_136_1: 
/data/hlssynt-users/rflynn/transformer-synthesis/hls4ml_projects/pytorch_mha_Vitis/myproject_prj/solution1/.autopilot/db/myproject.pp.0.cpp:56328:5: note: FIX-IT applied suggested code changes
/data/hlssynt-users/rflynn/transformer-synthesis/hls4ml_projects/pytorch_mha_Vitis/myproject_prj/solution1/.autopilot/db/myproject.pp.0.cpp:56329:9: warning: Added loop label VITIS_LOOP_137_2:   [xilinx-label-all-loops]
        for (int ff = 0; ff < CONFIG_T::n_filt; ff++) {
        ^~~
        VITIS_LOOP_137_2: 
/data/hlssynt-users/rflynn/transformer-synthesis/hls4ml_projects/pytorch_mha_Vitis/myproject_prj/solution1/.autopilot/db/myproject.pp.0.cpp:56329:9: note: FIX-IT applied suggested code changes
/data/hlssynt-users/rflynn/transformer-synthesis/hls4ml_projects/pytorch_mha_Vitis/myproject_prj/solution1/.autopilot/db/myproject.pp.0.cpp:56350:5: warning: Added loop label VITIS_LOOP_158_3:   [xilinx-label-all-loops]
    for (int ii = 0; ii < CONFIG_T::out_width / CONFIG_T::reuse_factor; ii++) {
    ^~~
    VITIS_LOOP_158_3: 
/data/hlssynt-users/rflynn/transformer-synthesis/hls4ml_projects/pytorch_mha_Vitis/myproject_prj/solution1/.autopilot/db/myproject.pp.0.cpp:56350:5: note: FIX-IT applied suggested code changes
/data/hlssynt-users/rflynn/transformer-synthesis/hls4ml_projects/pytorch_mha_Vitis/myproject_prj/solution1/.autopilot/db/myproject.pp.0.cpp:56351:9: warning: Added loop label VITIS_LOOP_159_4:   [xilinx-label-all-loops]
        for (int ff = 0; ff < CONFIG_T::n_filt; ff++) {
        ^~~
        VITIS_LOOP_159_4: 
/data/hlssynt-users/rflynn/transformer-synthesis/hls4ml_projects/pytorch_mha_Vitis/myproject_prj/solution1/.autopilot/db/myproject.pp.0.cpp:56351:9: note: FIX-IT applied suggested code changes
/data/hlssynt-users/rflynn/transformer-synthesis/hls4ml_projects/pytorch_mha_Vitis/myproject_prj/solution1/.autopilot/db/myproject.pp.0.cpp:56465:2: warning: Added loop label VITIS_LOOP_31_1:   [xilinx-label-all-loops]
 for (int ii = 0; ii < CONFIG_T::n_in; ii++) {
 ^~~
 VITIS_LOOP_31_1: 
/data/hlssynt-users/rflynn/transformer-synthesis/hls4ml_projects/pytorch_mha_Vitis/myproject_prj/solution1/.autopilot/db/myproject.pp.0.cpp:56465:2: note: FIX-IT applied suggested code changes
/data/hlssynt-users/rflynn/transformer-synthesis/hls4ml_projects/pytorch_mha_Vitis/myproject_prj/solution1/.autopilot/db/myproject.pp.0.cpp:56477:5: warning: Added loop label VITIS_LOOP_43_1:   [xilinx-label-all-loops]
    for (int ii = 0; ii < CONFIG_T::n_in; ii++) {
    ^~~
    VITIS_LOOP_43_1: 
/data/hlssynt-users/rflynn/transformer-synthesis/hls4ml_projects/pytorch_mha_Vitis/myproject_prj/solution1/.autopilot/db/myproject.pp.0.cpp:56477:5: note: FIX-IT applied suggested code changes
/data/hlssynt-users/rflynn/transformer-synthesis/hls4ml_projects/pytorch_mha_Vitis/myproject_prj/solution1/.autopilot/db/myproject.pp.0.cpp:56491:5: warning: Added loop label VITIS_LOOP_57_1:   [xilinx-label-all-loops]
    for (int ii = 0; ii < CONFIG_T::n_in; ii++) {
    ^~~
    VITIS_LOOP_57_1: 
/data/hlssynt-users/rflynn/transformer-synthesis/hls4ml_projects/pytorch_mha_Vitis/myproject_prj/solution1/.autopilot/db/myproject.pp.0.cpp:56491:5: note: FIX-IT applied suggested code changes
/data/hlssynt-users/rflynn/transformer-synthesis/hls4ml_projects/pytorch_mha_Vitis/myproject_prj/solution1/.autopilot/db/myproject.pp.0.cpp:56518:5: warning: Added loop label VITIS_LOOP_84_1:   [xilinx-label-all-loops]
    for (int ii = 0; ii < N_TABLE; ii++) {
    ^~~
    VITIS_LOOP_84_1: 
/data/hlssynt-users/rflynn/transformer-synthesis/hls4ml_projects/pytorch_mha_Vitis/myproject_prj/solution1/.autopilot/db/myproject.pp.0.cpp:56518:5: note: FIX-IT applied suggested code changes
/data/hlssynt-users/rflynn/transformer-synthesis/hls4ml_projects/pytorch_mha_Vitis/myproject_prj/solution1/.autopilot/db/myproject.pp.0.cpp:56548:5: warning: Added loop label VITIS_LOOP_114_1:   [xilinx-label-all-loops]
    for (int ii = 0; ii < CONFIG_T::n_in; ii++) {
    ^~~
    VITIS_LOOP_114_1: 
/data/hlssynt-users/rflynn/transformer-synthesis/hls4ml_projects/pytorch_mha_Vitis/myproject_prj/solution1/.autopilot/db/myproject.pp.0.cpp:56548:5: note: FIX-IT applied suggested code changes
/data/hlssynt-users/rflynn/transformer-synthesis/hls4ml_projects/pytorch_mha_Vitis/myproject_prj/solution1/.autopilot/db/myproject.pp.0.cpp:56585:5: warning: Added loop label VITIS_LOOP_151_1:   [xilinx-label-all-loops]
    for (unsigned i = 0; i < CONFIG_T::table_size; i++) {
    ^~~
    VITIS_LOOP_151_1: 
/data/hlssynt-users/rflynn/transformer-synthesis/hls4ml_projects/pytorch_mha_Vitis/myproject_prj/solution1/.autopilot/db/myproject.pp.0.cpp:56585:5: note: FIX-IT applied suggested code changes
/data/hlssynt-users/rflynn/transformer-synthesis/hls4ml_projects/pytorch_mha_Vitis/myproject_prj/solution1/.autopilot/db/myproject.pp.0.cpp:56596:5: warning: Added loop label VITIS_LOOP_162_1:   [xilinx-label-all-loops]
    for (unsigned i = 0; i < CONFIG_T::table_size; i++) {
    ^~~
    VITIS_LOOP_162_1: 
/data/hlssynt-users/rflynn/transformer-synthesis/hls4ml_projects/pytorch_mha_Vitis/myproject_prj/solution1/.autopilot/db/myproject.pp.0.cpp:56596:5: note: FIX-IT applied suggested code changes
/data/hlssynt-users/rflynn/transformer-synthesis/hls4ml_projects/pytorch_mha_Vitis/myproject_prj/solution1/.autopilot/db/myproject.pp.0.cpp:56629:5: warning: Added loop label VITIS_LOOP_195_1:   [xilinx-label-all-loops]
    for (unsigned i = 0; i < CONFIG_T::n_in; i++) {
    ^~~
    VITIS_LOOP_195_1: 
/data/hlssynt-users/rflynn/transformer-synthesis/hls4ml_projects/pytorch_mha_Vitis/myproject_prj/solution1/.autopilot/db/myproject.pp.0.cpp:56629:5: note: FIX-IT applied suggested code changes
/data/hlssynt-users/rflynn/transformer-synthesis/hls4ml_projects/pytorch_mha_Vitis/myproject_prj/solution1/.autopilot/db/myproject.pp.0.cpp:56643:5: warning: Added loop label VITIS_LOOP_209_2:   [xilinx-label-all-loops]
    for (unsigned i = 0; i < CONFIG_T::n_in; i++) {
    ^~~
    VITIS_LOOP_209_2: 
/data/hlssynt-users/rflynn/transformer-synthesis/hls4ml_projects/pytorch_mha_Vitis/myproject_prj/solution1/.autopilot/db/myproject.pp.0.cpp:56643:5: note: FIX-IT applied suggested code changes
/data/hlssynt-users/rflynn/transformer-synthesis/hls4ml_projects/pytorch_mha_Vitis/myproject_prj/solution1/.autopilot/db/myproject.pp.0.cpp:56677:5: warning: Added loop label VITIS_LOOP_243_1:   [xilinx-label-all-loops]
    for (unsigned i = 0; i < CONFIG_T::n_in; i++) {
    ^~~
    VITIS_LOOP_243_1: 
/data/hlssynt-users/rflynn/transformer-synthesis/hls4ml_projects/pytorch_mha_Vitis/myproject_prj/solution1/.autopilot/db/myproject.pp.0.cpp:56677:5: note: FIX-IT applied suggested code changes
/data/hlssynt-users/rflynn/transformer-synthesis/hls4ml_projects/pytorch_mha_Vitis/myproject_prj/solution1/.autopilot/db/myproject.pp.0.cpp:56686:5: warning: Added loop label VITIS_LOOP_252_2:   [xilinx-label-all-loops]
    for (unsigned i = 0; i < CONFIG_T::n_in; i++) {
    ^~~
    VITIS_LOOP_252_2: 
/data/hlssynt-users/rflynn/transformer-synthesis/hls4ml_projects/pytorch_mha_Vitis/myproject_prj/solution1/.autopilot/db/myproject.pp.0.cpp:56686:5: note: FIX-IT applied suggested code changes
/data/hlssynt-users/rflynn/transformer-synthesis/hls4ml_projects/pytorch_mha_Vitis/myproject_prj/solution1/.autopilot/db/myproject.pp.0.cpp:56700:5: warning: Added loop label VITIS_LOOP_266_3:   [xilinx-label-all-loops]
    for (unsigned i = 0; i < CONFIG_T::n_in; i++) {
    ^~~
    VITIS_LOOP_266_3: 
/data/hlssynt-users/rflynn/transformer-synthesis/hls4ml_projects/pytorch_mha_Vitis/myproject_prj/solution1/.autopilot/db/myproject.pp.0.cpp:56700:5: note: FIX-IT applied suggested code changes
/data/hlssynt-users/rflynn/transformer-synthesis/hls4ml_projects/pytorch_mha_Vitis/myproject_prj/solution1/.autopilot/db/myproject.pp.0.cpp:56707:5: warning: Added loop label VITIS_LOOP_273_1:   [xilinx-label-all-loops]
    for (int ii = 0; ii < N_TABLE; ii++) {
    ^~~
    VITIS_LOOP_273_1: 
/data/hlssynt-users/rflynn/transformer-synthesis/hls4ml_projects/pytorch_mha_Vitis/myproject_prj/solution1/.autopilot/db/myproject.pp.0.cpp:56707:5: note: FIX-IT applied suggested code changes
/data/hlssynt-users/rflynn/transformer-synthesis/hls4ml_projects/pytorch_mha_Vitis/myproject_prj/solution1/.autopilot/db/myproject.pp.0.cpp:56720:5: warning: Added loop label VITIS_LOOP_286_1:   [xilinx-label-all-loops]
    for (int ii = 0; ii < N_TABLE; ii++) {
    ^~~
    VITIS_LOOP_286_1: 
/data/hlssynt-users/rflynn/transformer-synthesis/hls4ml_projects/pytorch_mha_Vitis/myproject_prj/solution1/.autopilot/db/myproject.pp.0.cpp:56720:5: note: FIX-IT applied suggested code changes
/data/hlssynt-users/rflynn/transformer-synthesis/hls4ml_projects/pytorch_mha_Vitis/myproject_prj/solution1/.autopilot/db/myproject.pp.0.cpp:56757:5: warning: Added loop label VITIS_LOOP_323_1:   [xilinx-label-all-loops]
    for (int ii = 0; ii < CONFIG_T::n_in; ii++) {
    ^~~
    VITIS_LOOP_323_1: 
/data/hlssynt-users/rflynn/transformer-synthesis/hls4ml_projects/pytorch_mha_Vitis/myproject_prj/solution1/.autopilot/db/myproject.pp.0.cpp:56757:5: note: FIX-IT applied suggested code changes
/data/hlssynt-users/rflynn/transformer-synthesis/hls4ml_projects/pytorch_mha_Vitis/myproject_prj/solution1/.autopilot/db/myproject.pp.0.cpp:56762:5: warning: Added loop label VITIS_LOOP_328_2:   [xilinx-label-all-loops]
    for (int ii = 0; ii < CONFIG_T::n_in; ii++) {
    ^~~
    VITIS_LOOP_328_2: 
/data/hlssynt-users/rflynn/transformer-synthesis/hls4ml_projects/pytorch_mha_Vitis/myproject_prj/solution1/.autopilot/db/myproject.pp.0.cpp:56762:5: note: FIX-IT applied suggested code changes
/data/hlssynt-users/rflynn/transformer-synthesis/hls4ml_projects/pytorch_mha_Vitis/myproject_prj/solution1/.autopilot/db/myproject.pp.0.cpp:56763:9: warning: Added loop label VITIS_LOOP_329_3:   [xilinx-label-all-loops]
        for (int jj = 0; jj < CONFIG_T::n_in; jj++) {
        ^~~
        VITIS_LOOP_329_3: 
/data/hlssynt-users/rflynn/transformer-synthesis/hls4ml_projects/pytorch_mha_Vitis/myproject_prj/solution1/.autopilot/db/myproject.pp.0.cpp:56763:9: note: FIX-IT applied suggested code changes
/data/hlssynt-users/rflynn/transformer-synthesis/hls4ml_projects/pytorch_mha_Vitis/myproject_prj/solution1/.autopilot/db/myproject.pp.0.cpp:56780:5: warning: Added loop label VITIS_LOOP_346_4:   [xilinx-label-all-loops]
    for (int ii = 0; ii < CONFIG_T::n_in; ii++) {
    ^~~
    VITIS_LOOP_346_4: 
/data/hlssynt-users/rflynn/transformer-synthesis/hls4ml_projects/pytorch_mha_Vitis/myproject_prj/solution1/.autopilot/db/myproject.pp.0.cpp:56780:5: note: FIX-IT applied suggested code changes
/data/hlssynt-users/rflynn/transformer-synthesis/hls4ml_projects/pytorch_mha_Vitis/myproject_prj/solution1/.autopilot/db/myproject.pp.0.cpp:56793:5: warning: Added loop label VITIS_LOOP_359_1:   [xilinx-label-all-loops]
    for (int i = 0; i < CONFIG_T::n_in; i++) {
    ^~~
    VITIS_LOOP_359_1: 
/data/hlssynt-users/rflynn/transformer-synthesis/hls4ml_projects/pytorch_mha_Vitis/myproject_prj/solution1/.autopilot/db/myproject.pp.0.cpp:56793:5: note: FIX-IT applied suggested code changes
/data/hlssynt-users/rflynn/transformer-synthesis/hls4ml_projects/pytorch_mha_Vitis/myproject_prj/solution1/.autopilot/db/myproject.pp.0.cpp:56801:5: warning: Added loop label VITIS_LOOP_367_2:   [xilinx-label-all-loops]
    for (int i = 1; i < CONFIG_T::n_in; i++) {
    ^~~
    VITIS_LOOP_367_2: 
/data/hlssynt-users/rflynn/transformer-synthesis/hls4ml_projects/pytorch_mha_Vitis/myproject_prj/solution1/.autopilot/db/myproject.pp.0.cpp:56801:5: note: FIX-IT applied suggested code changes
/data/hlssynt-users/rflynn/transformer-synthesis/hls4ml_projects/pytorch_mha_Vitis/myproject_prj/solution1/.autopilot/db/myproject.pp.0.cpp:56836:5: warning: Added loop label VITIS_LOOP_402_1:   [xilinx-label-all-loops]
    for (int ii = 0; ii < N_TABLE; ii++) {
    ^~~
    VITIS_LOOP_402_1: 
/data/hlssynt-users/rflynn/transformer-synthesis/hls4ml_projects/pytorch_mha_Vitis/myproject_prj/solution1/.autopilot/db/myproject.pp.0.cpp:56836:5: note: FIX-IT applied suggested code changes
/data/hlssynt-users/rflynn/transformer-synthesis/hls4ml_projects/pytorch_mha_Vitis/myproject_prj/solution1/.autopilot/db/myproject.pp.0.cpp:56866:5: warning: Added loop label VITIS_LOOP_432_1:   [xilinx-label-all-loops]
    for (int ii = 0; ii < CONFIG_T::n_in; ii++) {
    ^~~
    VITIS_LOOP_432_1: 
/data/hlssynt-users/rflynn/transformer-synthesis/hls4ml_projects/pytorch_mha_Vitis/myproject_prj/solution1/.autopilot/db/myproject.pp.0.cpp:56866:5: note: FIX-IT applied suggested code changes
/data/hlssynt-users/rflynn/transformer-synthesis/hls4ml_projects/pytorch_mha_Vitis/myproject_prj/solution1/.autopilot/db/myproject.pp.0.cpp:56893:2: warning: Added loop label VITIS_LOOP_459_1:   [xilinx-label-all-loops]
 for (int ii = 0; ii < CONFIG_T::n_in; ii++) {
 ^~~
 VITIS_LOOP_459_1: 
/data/hlssynt-users/rflynn/transformer-synthesis/hls4ml_projects/pytorch_mha_Vitis/myproject_prj/solution1/.autopilot/db/myproject.pp.0.cpp:56893:2: note: FIX-IT applied suggested code changes
/data/hlssynt-users/rflynn/transformer-synthesis/hls4ml_projects/pytorch_mha_Vitis/myproject_prj/solution1/.autopilot/db/myproject.pp.0.cpp:56907:2: warning: Added loop label VITIS_LOOP_473_1:   [xilinx-label-all-loops]
 for (int ii = 0; ii < CONFIG_T::n_in; ii++) {
 ^~~
 VITIS_LOOP_473_1: 
/data/hlssynt-users/rflynn/transformer-synthesis/hls4ml_projects/pytorch_mha_Vitis/myproject_prj/solution1/.autopilot/db/myproject.pp.0.cpp:56907:2: note: FIX-IT applied suggested code changes
/data/hlssynt-users/rflynn/transformer-synthesis/hls4ml_projects/pytorch_mha_Vitis/myproject_prj/solution1/.autopilot/db/myproject.pp.0.cpp:56923:5: warning: Added loop label VITIS_LOOP_489_1:   [xilinx-label-all-loops]
    for (int ii = 0; ii < CONFIG_T::n_in; ii++) {
    ^~~
    VITIS_LOOP_489_1: 
/data/hlssynt-users/rflynn/transformer-synthesis/hls4ml_projects/pytorch_mha_Vitis/myproject_prj/solution1/.autopilot/db/myproject.pp.0.cpp:56923:5: note: FIX-IT applied suggested code changes
/data/hlssynt-users/rflynn/transformer-synthesis/hls4ml_projects/pytorch_mha_Vitis/myproject_prj/solution1/.autopilot/db/myproject.pp.0.cpp:56941:5: warning: Added loop label VITIS_LOOP_507_1:   [xilinx-label-all-loops]
    for (int ii = 0; ii < CONFIG_T::n_in; ii++) {
    ^~~
    VITIS_LOOP_507_1: 
/data/hlssynt-users/rflynn/transformer-synthesis/hls4ml_projects/pytorch_mha_Vitis/myproject_prj/solution1/.autopilot/db/myproject.pp.0.cpp:56941:5: note: FIX-IT applied suggested code changes
/data/hlssynt-users/rflynn/transformer-synthesis/hls4ml_projects/pytorch_mha_Vitis/myproject_prj/solution1/.autopilot/db/myproject.pp.0.cpp:56958:5: warning: Added loop label VITIS_LOOP_524_1:   [xilinx-label-all-loops]
    for (int ii = 0; ii < CONFIG_T::n_in; ii++) {
    ^~~
    VITIS_LOOP_524_1: 
/data/hlssynt-users/rflynn/transformer-synthesis/hls4ml_projects/pytorch_mha_Vitis/myproject_prj/solution1/.autopilot/db/myproject.pp.0.cpp:56958:5: note: FIX-IT applied suggested code changes
/data/hlssynt-users/rflynn/transformer-synthesis/hls4ml_projects/pytorch_mha_Vitis/myproject_prj/solution1/.autopilot/db/myproject.pp.0.cpp:56975:5: warning: Added loop label VITIS_LOOP_541_1:   [xilinx-label-all-loops]
    for (int ii = 0; ii < N_TABLE; ii++) {
    ^~~
    VITIS_LOOP_541_1: 
/data/hlssynt-users/rflynn/transformer-synthesis/hls4ml_projects/pytorch_mha_Vitis/myproject_prj/solution1/.autopilot/db/myproject.pp.0.cpp:56975:5: note: FIX-IT applied suggested code changes
/data/hlssynt-users/rflynn/transformer-synthesis/hls4ml_projects/pytorch_mha_Vitis/myproject_prj/solution1/.autopilot/db/myproject.pp.0.cpp:57005:5: warning: Added loop label VITIS_LOOP_571_1:   [xilinx-label-all-loops]
    for (int ii = 0; ii < CONFIG_T::n_in; ii++) {
    ^~~
    VITIS_LOOP_571_1: 
/data/hlssynt-users/rflynn/transformer-synthesis/hls4ml_projects/pytorch_mha_Vitis/myproject_prj/solution1/.autopilot/db/myproject.pp.0.cpp:57005:5: note: FIX-IT applied suggested code changes
/data/hlssynt-users/rflynn/transformer-synthesis/hls4ml_projects/pytorch_mha_Vitis/myproject_prj/solution1/.autopilot/db/myproject.pp.0.cpp:57024:5: warning: Added loop label VITIS_LOOP_590_1:   [xilinx-label-all-loops]
    for (int ii = 0; ii < N_TABLE; ii++) {
    ^~~
    VITIS_LOOP_590_1: 
/data/hlssynt-users/rflynn/transformer-synthesis/hls4ml_projects/pytorch_mha_Vitis/myproject_prj/solution1/.autopilot/db/myproject.pp.0.cpp:57024:5: note: FIX-IT applied suggested code changes
/data/hlssynt-users/rflynn/transformer-synthesis/hls4ml_projects/pytorch_mha_Vitis/myproject_prj/solution1/.autopilot/db/myproject.pp.0.cpp:57054:5: warning: Added loop label VITIS_LOOP_620_1:   [xilinx-label-all-loops]
    for (int ii = 0; ii < CONFIG_T::n_in; ii++) {
    ^~~
    VITIS_LOOP_620_1: 
/data/hlssynt-users/rflynn/transformer-synthesis/hls4ml_projects/pytorch_mha_Vitis/myproject_prj/solution1/.autopilot/db/myproject.pp.0.cpp:57054:5: note: FIX-IT applied suggested code changes
/data/hlssynt-users/rflynn/transformer-synthesis/hls4ml_projects/pytorch_mha_Vitis/myproject_prj/solution1/.autopilot/db/myproject.pp.0.cpp:57073:5: warning: Added loop label VITIS_LOOP_639_1:   [xilinx-label-all-loops]
    for (int ii = 0; ii < N_TABLE; ii++) {
    ^~~
    VITIS_LOOP_639_1: 
/data/hlssynt-users/rflynn/transformer-synthesis/hls4ml_projects/pytorch_mha_Vitis/myproject_prj/solution1/.autopilot/db/myproject.pp.0.cpp:57073:5: note: FIX-IT applied suggested code changes
/data/hlssynt-users/rflynn/transformer-synthesis/hls4ml_projects/pytorch_mha_Vitis/myproject_prj/solution1/.autopilot/db/myproject.pp.0.cpp:57103:5: warning: Added loop label VITIS_LOOP_669_1:   [xilinx-label-all-loops]
    for (int ii = 0; ii < CONFIG_T::n_in; ii++) {
    ^~~
    VITIS_LOOP_669_1: 
/data/hlssynt-users/rflynn/transformer-synthesis/hls4ml_projects/pytorch_mha_Vitis/myproject_prj/solution1/.autopilot/db/myproject.pp.0.cpp:57103:5: note: FIX-IT applied suggested code changes
/data/hlssynt-users/rflynn/transformer-synthesis/hls4ml_projects/pytorch_mha_Vitis/myproject_prj/solution1/.autopilot/db/myproject.pp.0.cpp:57130:5: warning: Added loop label VITIS_LOOP_696_1:   [xilinx-label-all-loops]
    for (int ii = 0; ii < N_TABLE; ii++) {
    ^~~
    VITIS_LOOP_696_1: 
/data/hlssynt-users/rflynn/transformer-synthesis/hls4ml_projects/pytorch_mha_Vitis/myproject_prj/solution1/.autopilot/db/myproject.pp.0.cpp:57130:5: note: FIX-IT applied suggested code changes
/data/hlssynt-users/rflynn/transformer-synthesis/hls4ml_projects/pytorch_mha_Vitis/myproject_prj/solution1/.autopilot/db/myproject.pp.0.cpp:57159:5: warning: Added loop label VITIS_LOOP_725_1:   [xilinx-label-all-loops]
    for (int ii = 0; ii < CONFIG_T::n_in; ii++) {
    ^~~
    VITIS_LOOP_725_1: 
/data/hlssynt-users/rflynn/transformer-synthesis/hls4ml_projects/pytorch_mha_Vitis/myproject_prj/solution1/.autopilot/db/myproject.pp.0.cpp:57159:5: note: FIX-IT applied suggested code changes
/data/hlssynt-users/rflynn/transformer-synthesis/hls4ml_projects/pytorch_mha_Vitis/myproject_prj/solution1/.autopilot/db/myproject.pp.0.cpp:57180:5: warning: Added loop label VITIS_LOOP_746_1:   [xilinx-label-all-loops]
    for (int ii = 0; ii < CONFIG_T::n_in; ii++) {
    ^~~
    VITIS_LOOP_746_1: 
/data/hlssynt-users/rflynn/transformer-synthesis/hls4ml_projects/pytorch_mha_Vitis/myproject_prj/solution1/.autopilot/db/myproject.pp.0.cpp:57180:5: note: FIX-IT applied suggested code changes
/data/hlssynt-users/rflynn/transformer-synthesis/hls4ml_projects/pytorch_mha_Vitis/myproject_prj/solution1/.autopilot/db/myproject.pp.0.cpp:57198:5: warning: Added loop label VITIS_LOOP_764_1:   [xilinx-label-all-loops]
    for (int ii = 0; ii < CONFIG_T::n_in; ii++) {
    ^~~
    VITIS_LOOP_764_1: 
/data/hlssynt-users/rflynn/transformer-synthesis/hls4ml_projects/pytorch_mha_Vitis/myproject_prj/solution1/.autopilot/db/myproject.pp.0.cpp:57198:5: note: FIX-IT applied suggested code changes
/data/hlssynt-users/rflynn/transformer-synthesis/hls4ml_projects/pytorch_mha_Vitis/myproject_prj/solution1/.autopilot/db/myproject.pp.0.cpp:57218:5: warning: Added loop label VITIS_LOOP_784_1:   [xilinx-label-all-loops]
    for (int ii = 0; ii < CONFIG_T::n_in; ii++) {
    ^~~
    VITIS_LOOP_784_1: 
/data/hlssynt-users/rflynn/transformer-synthesis/hls4ml_projects/pytorch_mha_Vitis/myproject_prj/solution1/.autopilot/db/myproject.pp.0.cpp:57218:5: note: FIX-IT applied suggested code changes
/data/hlssynt-users/rflynn/transformer-synthesis/hls4ml_projects/pytorch_mha_Vitis/myproject_prj/solution1/.autopilot/db/myproject.pp.0.cpp:57369:9: error: Resource with core_name: ROM_nP_BRAM pragma is ignored, because this core doesn't exist at all  [clang-diagnostic-error]
#pragma HLS RESOURCE variable=weights core=ROM_nP_BRAM
        ^
/data/hlssynt-users/rflynn/transformer-synthesis/hls4ml_projects/pytorch_mha_Vitis/myproject_prj/solution1/.autopilot/db/myproject.pp.0.cpp:57443:9: error: Resource with core_name: ROM_nP_BRAM pragma is ignored, because this core doesn't exist at all  [clang-diagnostic-error]
#pragma HLS RESOURCE variable=weights core=ROM_nP_BRAM
        ^
/data/hlssynt-users/rflynn/transformer-synthesis/hls4ml_projects/pytorch_mha_Vitis/myproject_prj/solution1/.autopilot/db/myproject.pp.0.cpp:57525:9: error: Resource with core_name: ROM_nP_BRAM pragma is ignored, because this core doesn't exist at all  [clang-diagnostic-error]
#pragma HLS RESOURCE variable=weights core=ROM_nP_BRAM
        ^
/data/hlssynt-users/rflynn/transformer-synthesis/hls4ml_projects/pytorch_mha_Vitis/myproject_prj/solution1/.autopilot/db/myproject.pp.0.cpp:57715:5: warning: Added loop label VITIS_LOOP_39_1:   [xilinx-label-all-loops]
    for (int k = 0; k < size; ++k) {
    ^~~
    VITIS_LOOP_39_1: 
/data/hlssynt-users/rflynn/transformer-synthesis/hls4ml_projects/pytorch_mha_Vitis/myproject_prj/solution1/.autopilot/db/myproject.pp.0.cpp:57715:5: note: FIX-IT applied suggested code changes
/data/hlssynt-users/rflynn/transformer-synthesis/hls4ml_projects/pytorch_mha_Vitis/myproject_prj/solution1/.autopilot/db/myproject.pp.0.cpp:57752:9: warning: Added loop label VITIS_LOOP_76_1:   [xilinx-label-all-loops]
        for (int j = 0; j < CONFIG_T::head_dim_key; ++j) {
        ^~~
        VITIS_LOOP_76_1: 
/data/hlssynt-users/rflynn/transformer-synthesis/hls4ml_projects/pytorch_mha_Vitis/myproject_prj/solution1/.autopilot/db/myproject.pp.0.cpp:57752:9: note: FIX-IT applied suggested code changes
/data/hlssynt-users/rflynn/transformer-synthesis/hls4ml_projects/pytorch_mha_Vitis/myproject_prj/solution1/.autopilot/db/myproject.pp.0.cpp:57779:9: warning: Added loop label VITIS_LOOP_103_2:   [xilinx-label-all-loops]
        for (int n = 0; n < CONFIG_T::seq_len; ++n) {
        ^~~
        VITIS_LOOP_103_2: 
/data/hlssynt-users/rflynn/transformer-synthesis/hls4ml_projects/pytorch_mha_Vitis/myproject_prj/solution1/.autopilot/db/myproject.pp.0.cpp:57779:9: note: FIX-IT applied suggested code changes
/data/hlssynt-users/rflynn/transformer-synthesis/hls4ml_projects/pytorch_mha_Vitis/myproject_prj/solution1/.autopilot/db/myproject.pp.0.cpp:57803:2: warning: Added loop label VITIS_LOOP_127_1:   [xilinx-label-all-loops]
 for (int j = 0; j < CONFIG_T::seq_len; ++j) {
 ^~~
 VITIS_LOOP_127_1: 
/data/hlssynt-users/rflynn/transformer-synthesis/hls4ml_projects/pytorch_mha_Vitis/myproject_prj/solution1/.autopilot/db/myproject.pp.0.cpp:57803:2: note: FIX-IT applied suggested code changes
/data/hlssynt-users/rflynn/transformer-synthesis/hls4ml_projects/pytorch_mha_Vitis/myproject_prj/solution1/.autopilot/db/myproject.pp.0.cpp:57806:9: warning: Added loop label VITIS_LOOP_130_2:   [xilinx-label-all-loops]
        for (int i = 0; i < CONFIG_T::head_dim_value; ++i) {
        ^~~
        VITIS_LOOP_130_2: 
/data/hlssynt-users/rflynn/transformer-synthesis/hls4ml_projects/pytorch_mha_Vitis/myproject_prj/solution1/.autopilot/db/myproject.pp.0.cpp:57806:9: note: FIX-IT applied suggested code changes
/data/hlssynt-users/rflynn/transformer-synthesis/hls4ml_projects/pytorch_mha_Vitis/myproject_prj/solution1/.autopilot/db/myproject.pp.0.cpp:57903:2: warning: Added loop label VITIS_LOOP_227_1:   [xilinx-label-all-loops]
 for (int i = 0; i < CONFIG_T::num_heads; ++i) {
 ^~~
 VITIS_LOOP_227_1: 
/data/hlssynt-users/rflynn/transformer-synthesis/hls4ml_projects/pytorch_mha_Vitis/myproject_prj/solution1/.autopilot/db/myproject.pp.0.cpp:57903:2: note: FIX-IT applied suggested code changes
/data/hlssynt-users/rflynn/transformer-synthesis/hls4ml_projects/pytorch_mha_Vitis/myproject_prj/solution1/.autopilot/db/myproject.pp.0.cpp:57905:2: warning: Added loop label VITIS_LOOP_229_2:   [xilinx-label-all-loops]
 for (int j = 0; j < CONFIG_T::head_dim_value; ++j) {
 ^~~
 VITIS_LOOP_229_2: 
/data/hlssynt-users/rflynn/transformer-synthesis/hls4ml_projects/pytorch_mha_Vitis/myproject_prj/solution1/.autopilot/db/myproject.pp.0.cpp:57905:2: note: FIX-IT applied suggested code changes
/data/hlssynt-users/rflynn/transformer-synthesis/hls4ml_projects/pytorch_mha_Vitis/myproject_prj/solution1/.autopilot/db/myproject.pp.0.cpp:57912:9: warning: Added loop label VITIS_LOOP_236_3:   [xilinx-label-all-loops]
        for (int i = 0; i < CONFIG_T::feature_dim; ++i) {
        ^~~
        VITIS_LOOP_236_3: 
/data/hlssynt-users/rflynn/transformer-synthesis/hls4ml_projects/pytorch_mha_Vitis/myproject_prj/solution1/.autopilot/db/myproject.pp.0.cpp:57912:9: note: FIX-IT applied suggested code changes
/data/hlssynt-users/rflynn/transformer-synthesis/hls4ml_projects/pytorch_mha_Vitis/myproject_prj/solution1/.autopilot/db/myproject.pp.0.cpp:57922:2: warning: Added loop label VITIS_LOOP_246_1:   [xilinx-label-all-loops]
 for (int j = 0; j < CONFIG_T::seq_len; ++j) {
 ^~~
 VITIS_LOOP_246_1: 
/data/hlssynt-users/rflynn/transformer-synthesis/hls4ml_projects/pytorch_mha_Vitis/myproject_prj/solution1/.autopilot/db/myproject.pp.0.cpp:57922:2: note: FIX-IT applied suggested code changes
/data/hlssynt-users/rflynn/transformer-synthesis/hls4ml_projects/pytorch_mha_Vitis/myproject_prj/solution1/.autopilot/db/myproject.pp.0.cpp:57923:9: warning: Added loop label VITIS_LOOP_247_2:   [xilinx-label-all-loops]
        for (int k = 0; k < CONFIG_T::feature_dim; ++k) {
        ^~~
        VITIS_LOOP_247_2: 
/data/hlssynt-users/rflynn/transformer-synthesis/hls4ml_projects/pytorch_mha_Vitis/myproject_prj/solution1/.autopilot/db/myproject.pp.0.cpp:57923:9: note: FIX-IT applied suggested code changes
