

================================================================
== Vitis HLS Report for 'layernorm_1d_ap_fixed_16_6_5_3_0_ap_fixed_33_13_5_3_0_config2_s'
================================================================
* Date:           Wed Nov 20 09:22:35 2024

* Version:        2020.1 (Build 2902540 on Wed May 27 20:16:15 MDT 2020)
* Project:        myproject_prj
* Solution:       solution1 (Vivado IP Flow Target)
* Product family: virtexuplus
* Target device:  xcvu13p-flga2577-2-e


================================================================
== Performance Estimates
================================================================
+ Timing: 
    * Summary: 
    +--------+---------+----------+------------+
    |  Clock |  Target | Estimated| Uncertainty|
    +--------+---------+----------+------------+
    |ap_clk  | 5.00 ns | 0.212 us |   0.62 ns  |
    +--------+---------+----------+------------+

+ Latency: 
    * Summary: 
    +---------+---------+----------+----------+-----+-----+----------+
    |  Latency (cycles) |  Latency (absolute) |  Interval | Pipeline |
    |   min   |   max   |    min   |    max   | min | max |   Type   |
    +---------+---------+----------+----------+-----+-----+----------+
    |        5|        5| 1.062 us | 1.062 us |    1|    1| function |
    +---------+---------+----------+----------+-----+-----+----------+

    + Detail: 
        * Instance: 
        +---------------------------------------+-----------------------------+---------+---------+----------+----------+-----+-----+----------+
        |                                       |                             |  Latency (cycles) |  Latency (absolute) |  Interval | Pipeline |
        |                Instance               |            Module           |   min   |   max   |    min   |    max   | min | max |   Type   |
        +---------------------------------------+-----------------------------+---------+---------+----------+----------+-----+-----+----------+
        |grp_lookup_invert_sqr_config2_s_fu_80  |lookup_invert_sqr_config2_s  |        2|        2| 0.425 us | 0.425 us |    1|    1| function |
        +---------------------------------------+-----------------------------+---------+---------+----------+----------+-----+-----+----------+

        * Loop: 
        N/A



================================================================
== Utilization Estimates
================================================================
* Summary: 
+---------------------+---------+-------+---------+---------+------+
|         Name        | BRAM_18K|  DSP  |    FF   |   LUT   | URAM |
+---------------------+---------+-------+---------+---------+------+
|DSP                  |        -|      2|        -|        -|     -|
|Expression           |        -|      -|        0|      384|     -|
|FIFO                 |        -|      -|        -|        -|     -|
|Instance             |        1|     15|       53|     6708|     -|
|Memory               |        -|      -|        -|        -|     -|
|Multiplexer          |        -|      -|        -|        -|     -|
|Register             |        -|      -|      625|      160|     -|
+---------------------+---------+-------+---------+---------+------+
|Total                |        1|     17|      678|     7252|     0|
+---------------------+---------+-------+---------+---------+------+
|Available SLR        |     1344|   3072|   864000|   432000|   320|
+---------------------+---------+-------+---------+---------+------+
|Utilization SLR (%)  |    ~0   |   ~0  |    ~0   |        1|     0|
+---------------------+---------+-------+---------+---------+------+
|Available            |     5376|  12288|  3456000|  1728000|  1280|
+---------------------+---------+-------+---------+---------+------+
|Utilization (%)      |    ~0   |   ~0  |    ~0   |    ~0   |     0|
+---------------------+---------+-------+---------+---------+------+

+ Detail: 
    * Instance: 
    +---------------------------------------+-----------------------------+---------+----+----+------+-----+
    |                Instance               |            Module           | BRAM_18K| DSP| FF |  LUT | URAM|
    +---------------------------------------+-----------------------------+---------+----+----+------+-----+
    |grp_lookup_invert_sqr_config2_s_fu_80  |lookup_invert_sqr_config2_s  |        1|   0|  53|  6488|    0|
    |mul_19ns_22s_41_1_1_U8                 |mul_19ns_22s_41_1_1          |        0|   1|   0|    22|    0|
    |mul_19ns_22s_41_1_1_U9                 |mul_19ns_22s_41_1_1          |        0|   1|   0|    22|    0|
    |mul_19ns_22s_41_1_1_U10                |mul_19ns_22s_41_1_1          |        0|   1|   0|    22|    0|
    |mul_19ns_22s_41_1_1_U11                |mul_19ns_22s_41_1_1          |        0|   1|   0|    22|    0|
    |mul_19ns_22s_41_1_1_U12                |mul_19ns_22s_41_1_1          |        0|   1|   0|    22|    0|
    |mul_22s_22s_38_1_1_U3                  |mul_22s_22s_38_1_1           |        0|   2|   0|    22|    0|
    |mul_22s_22s_38_1_1_U4                  |mul_22s_22s_38_1_1           |        0|   2|   0|    22|    0|
    |mul_22s_22s_38_1_1_U5                  |mul_22s_22s_38_1_1           |        0|   2|   0|    22|    0|
    |mul_22s_22s_38_1_1_U6                  |mul_22s_22s_38_1_1           |        0|   2|   0|    22|    0|
    |mul_22s_22s_38_1_1_U7                  |mul_22s_22s_38_1_1           |        0|   2|   0|    22|    0|
    +---------------------------------------+-----------------------------+---------+----+----+------+-----+
    |Total                                  |                             |        1|  15|  53|  6708|    0|
    +---------------------------------------+-----------------------------+---------+----+----+------+-----+

    * DSP: 
    +-----------------------------+-------------------------+-----------+
    |           Instance          |          Module         | Expression|
    +-----------------------------+-------------------------+-----------+
    |mul_mul_22s_15ns_37_1_1_U13  |mul_mul_22s_15ns_37_1_1  |  i0 * i1  |
    |mul_mul_22s_15ns_37_1_1_U14  |mul_mul_22s_15ns_37_1_1  |  i0 * i1  |
    +-----------------------------+-------------------------+-----------+

    * Memory: 
    N/A

    * FIFO: 
    N/A

    * Expression: 
    +-----------------------------------------+----------+----+---+----+------------+------------+
    |              Variable Name              | Operation| DSP| FF| LUT| Bitwidth P0| Bitwidth P1|
    +-----------------------------------------+----------+----+---+----+------------+------------+
    |add_ln703_1_fu_133_p2                    |     +    |   0|  0|  29|          22|          22|
    |add_ln703_2_fu_139_p2                    |     +    |   0|  0|  22|          22|          22|
    |add_ln703_3_fu_145_p2                    |     +    |   0|  0|  22|          22|          22|
    |add_ln703_4_fu_292_p2                    |     +    |   0|  0|  29|          22|          22|
    |add_ln703_5_fu_298_p2                    |     +    |   0|  0|  29|          22|          22|
    |add_ln703_6_fu_304_p2                    |     +    |   0|  0|  22|          22|          22|
    |add_ln703_7_fu_308_p2                    |     +    |   0|  0|  22|          22|          22|
    |add_ln703_fu_127_p2                      |     +    |   0|  0|  29|          22|          22|
    |grp_lookup_invert_sqr_config2_s_fu_80_x  |     +    |   0|  0|  29|          22|           7|
    |data_diff_V_0_fu_167_p2                  |     -    |   0|  0|  29|          22|          22|
    |data_diff_V_1_fu_192_p2                  |     -    |   0|  0|  29|          22|          22|
    |data_diff_V_2_fu_217_p2                  |     -    |   0|  0|  29|          22|          22|
    |data_diff_V_3_fu_242_p2                  |     -    |   0|  0|  29|          22|          22|
    |data_diff_V_4_fu_267_p2                  |     -    |   0|  0|  29|          22|          22|
    |ap_block_pp0_stage0_11001                |    and   |   0|  0|   2|           1|           1|
    |ap_block_pp0_stage0_subdone              |    or    |   0|  0|   2|           1|           1|
    |ap_enable_pp0                            |    xor   |   0|  0|   2|           1|           2|
    +-----------------------------------------+----------+----+---+----+------------+------------+
    |Total                                    |          |   0|  0| 384|         311|         297|
    +-----------------------------------------+----------+----+---+----+------------+------------+

    * Multiplexer: 
    N/A

    * Register: 
    +----------------------------------------------------+----+----+-----+-----------+
    |                        Name                        | FF | LUT| Bits| Const Bits|
    +----------------------------------------------------+----+----+-----+-----------+
    |add_ln703_4_reg_559                                 |  22|   0|   22|          0|
    |add_ln703_5_reg_564                                 |  22|   0|   22|          0|
    |ap_CS_fsm                                           |   1|   0|    1|          0|
    |ap_enable_reg_pp0_iter1                             |   1|   0|    1|          0|
    |ap_enable_reg_pp0_iter2                             |   1|   0|    1|          0|
    |ap_enable_reg_pp0_iter3                             |   1|   0|    1|          0|
    |ap_enable_reg_pp0_iter4                             |   1|   0|    1|          0|
    |ap_enable_reg_pp0_iter5                             |   1|   0|    1|          0|
    |data_diff_V_0_reg_529                               |  22|   0|   22|          0|
    |data_diff_V_1_reg_534                               |  22|   0|   22|          0|
    |data_diff_V_2_reg_539                               |  22|   0|   22|          0|
    |data_diff_V_3_reg_549                               |  22|   0|   22|          0|
    |data_diff_V_4_reg_554                               |  22|   0|   22|          0|
    |grp_lookup_invert_sqr_config2_s_fu_80_ap_start_reg  |   1|   0|    1|          0|
    |mean_V_reg_524                                      |  21|   0|   21|          0|
    |shl_ln728_1_reg_504                                 |  16|   0|   22|          6|
    |shl_ln728_2_reg_509                                 |  16|   0|   22|          6|
    |shl_ln728_3_reg_514                                 |  16|   0|   22|          6|
    |shl_ln728_4_reg_519                                 |  16|   0|   22|          6|
    |shl_ln_reg_499                                      |  16|   0|   22|          6|
    |trunc_ln708_2_reg_544                               |  22|   0|   22|          0|
    |var_V_reg_569                                       |  21|   0|   21|          0|
    |data_diff_V_0_reg_529                               |  64|  32|   22|          0|
    |data_diff_V_1_reg_534                               |  64|  32|   22|          0|
    |data_diff_V_2_reg_539                               |  64|  32|   22|          0|
    |data_diff_V_3_reg_549                               |  64|  32|   22|          0|
    |data_diff_V_4_reg_554                               |  64|  32|   22|          0|
    +----------------------------------------------------+----+----+-----+-----------+
    |Total                                               | 625| 160|  445|         30|
    +----------------------------------------------------+----+----+-----+-----------+



================================================================
== Interface
================================================================
* Summary: 
+-------------+-----+-----+------------+----------------------------------------------------------------------------+--------------+
|  RTL Ports  | Dir | Bits|  Protocol  |                                Source Object                               |    C Type    |
+-------------+-----+-----+------------+----------------------------------------------------------------------------+--------------+
|ap_clk       |  in |    1| ap_ctrl_hs | layernorm_1d<ap_fixed<16, 6, 5, 3, 0>, ap_fixed<33, 13, 5, 3, 0>, config2> | return value |
|ap_rst       |  in |    1| ap_ctrl_hs | layernorm_1d<ap_fixed<16, 6, 5, 3, 0>, ap_fixed<33, 13, 5, 3, 0>, config2> | return value |
|ap_start     |  in |    1| ap_ctrl_hs | layernorm_1d<ap_fixed<16, 6, 5, 3, 0>, ap_fixed<33, 13, 5, 3, 0>, config2> | return value |
|ap_done      | out |    1| ap_ctrl_hs | layernorm_1d<ap_fixed<16, 6, 5, 3, 0>, ap_fixed<33, 13, 5, 3, 0>, config2> | return value |
|ap_idle      | out |    1| ap_ctrl_hs | layernorm_1d<ap_fixed<16, 6, 5, 3, 0>, ap_fixed<33, 13, 5, 3, 0>, config2> | return value |
|ap_ready     | out |    1| ap_ctrl_hs | layernorm_1d<ap_fixed<16, 6, 5, 3, 0>, ap_fixed<33, 13, 5, 3, 0>, config2> | return value |
|ap_ce        |  in |    1| ap_ctrl_hs | layernorm_1d<ap_fixed<16, 6, 5, 3, 0>, ap_fixed<33, 13, 5, 3, 0>, config2> | return value |
|ap_return_0  | out |   33| ap_ctrl_hs | layernorm_1d<ap_fixed<16, 6, 5, 3, 0>, ap_fixed<33, 13, 5, 3, 0>, config2> | return value |
|ap_return_1  | out |   33| ap_ctrl_hs | layernorm_1d<ap_fixed<16, 6, 5, 3, 0>, ap_fixed<33, 13, 5, 3, 0>, config2> | return value |
|ap_return_2  | out |   33| ap_ctrl_hs | layernorm_1d<ap_fixed<16, 6, 5, 3, 0>, ap_fixed<33, 13, 5, 3, 0>, config2> | return value |
|ap_return_3  | out |   33| ap_ctrl_hs | layernorm_1d<ap_fixed<16, 6, 5, 3, 0>, ap_fixed<33, 13, 5, 3, 0>, config2> | return value |
|ap_return_4  | out |   33| ap_ctrl_hs | layernorm_1d<ap_fixed<16, 6, 5, 3, 0>, ap_fixed<33, 13, 5, 3, 0>, config2> | return value |
|p_read       |  in |   16|   ap_none  |                                   p_read                                   |    scalar    |
|p_read1      |  in |   16|   ap_none  |                                   p_read1                                  |    scalar    |
|p_read2      |  in |   16|   ap_none  |                                   p_read2                                  |    scalar    |
|p_read3      |  in |   16|   ap_none  |                                   p_read3                                  |    scalar    |
|p_read4      |  in |   16|   ap_none  |                                   p_read4                                  |    scalar    |
+-------------+-----+-----+------------+----------------------------------------------------------------------------+--------------+

