

================================================================
== Vitis HLS Report for 'softmax_legacy_ap_fixed_ap_fixed_softmax_config3_s'
================================================================
* Date:           Wed Nov 13 10:38:28 2024

* Version:        2023.2 (Build 4023990 on Oct 11 2023)
* Project:        myproject_prj
* Solution:       solution1 (Vivado IP Flow Target)
* Product family: kintexu
* Target device:  xcku115-flvb2104-2-i


================================================================
== Performance Estimates
================================================================
+ Timing: 
    * Summary: 
    +--------+---------+----------+------------+
    |  Clock |  Target | Estimated| Uncertainty|
    +--------+---------+----------+------------+
    |ap_clk  |  5.00 ns|  3.403 ns|     1.35 ns|
    +--------+---------+----------+------------+

+ Latency: 
    * Summary: 
    +---------+---------+-----------+-----------+-----+-----+---------+
    |  Latency (cycles) |   Latency (absolute)  |  Interval | Pipeline|
    |   min   |   max   |    min    |    max    | min | max |   Type  |
    +---------+---------+-----------+-----------+-----+-----+---------+
    |       17|       17|  85.000 ns|  85.000 ns|    1|    1|      yes|
    +---------+---------+-----------+-----------+-----+-----+---------+

    + Detail: 
        * Instance: 
        N/A

        * Loop: 
        N/A



================================================================
== Utilization Estimates
================================================================
* Summary: 
+---------------------+---------+------+---------+--------+-----+
|         Name        | BRAM_18K|  DSP |    FF   |   LUT  | URAM|
+---------------------+---------+------+---------+--------+-----+
|DSP                  |        -|     -|        -|       -|    -|
|Expression           |        -|     -|        0|    3020|    -|
|FIFO                 |        -|     -|        -|       -|    -|
|Instance             |        -|    40|     2340|      20|    -|
|Memory               |       33|     -|        0|       0|    -|
|Multiplexer          |        -|     -|        -|       -|    -|
|Register             |        -|     -|     1367|      34|    -|
+---------------------+---------+------+---------+--------+-----+
|Total                |       33|    40|     3707|    3074|    0|
+---------------------+---------+------+---------+--------+-----+
|Available SLR        |     2160|  2760|   663360|  331680|    0|
+---------------------+---------+------+---------+--------+-----+
|Utilization SLR (%)  |        1|     1|       ~0|      ~0|  100|
+---------------------+---------+------+---------+--------+-----+
|Available            |     4320|  5520|  1326720|  663360|    0|
+---------------------+---------+------+---------+--------+-----+
|Utilization (%)      |       ~0|    ~0|       ~0|      ~0|    0|
+---------------------+---------+------+---------+--------+-----+

+ Detail: 
    * Instance: 
    +--------------------------+---------------------+---------+----+-----+----+-----+
    |         Instance         |        Module       | BRAM_18K| DSP|  FF | LUT| URAM|
    +--------------------------+---------------------+---------+----+-----+----+-----+
    |mul_24s_21ns_38_3_1_U90   |mul_24s_21ns_38_3_1  |        0|   2|  117|   1|    0|
    |mul_24s_21ns_38_3_1_U91   |mul_24s_21ns_38_3_1  |        0|   2|  117|   1|    0|
    |mul_24s_21ns_38_3_1_U92   |mul_24s_21ns_38_3_1  |        0|   2|  117|   1|    0|
    |mul_24s_21ns_38_3_1_U93   |mul_24s_21ns_38_3_1  |        0|   2|  117|   1|    0|
    |mul_24s_21ns_38_3_1_U94   |mul_24s_21ns_38_3_1  |        0|   2|  117|   1|    0|
    |mul_24s_21ns_38_3_1_U95   |mul_24s_21ns_38_3_1  |        0|   2|  117|   1|    0|
    |mul_24s_21ns_38_3_1_U96   |mul_24s_21ns_38_3_1  |        0|   2|  117|   1|    0|
    |mul_24s_21ns_38_3_1_U97   |mul_24s_21ns_38_3_1  |        0|   2|  117|   1|    0|
    |mul_24s_21ns_38_3_1_U98   |mul_24s_21ns_38_3_1  |        0|   2|  117|   1|    0|
    |mul_24s_21ns_38_3_1_U99   |mul_24s_21ns_38_3_1  |        0|   2|  117|   1|    0|
    |mul_24s_21ns_38_3_1_U100  |mul_24s_21ns_38_3_1  |        0|   2|  117|   1|    0|
    |mul_24s_21ns_38_3_1_U101  |mul_24s_21ns_38_3_1  |        0|   2|  117|   1|    0|
    |mul_24s_21ns_38_3_1_U102  |mul_24s_21ns_38_3_1  |        0|   2|  117|   1|    0|
    |mul_24s_21ns_38_3_1_U103  |mul_24s_21ns_38_3_1  |        0|   2|  117|   1|    0|
    |mul_24s_21ns_38_3_1_U104  |mul_24s_21ns_38_3_1  |        0|   2|  117|   1|    0|
    |mul_24s_21ns_38_3_1_U105  |mul_24s_21ns_38_3_1  |        0|   2|  117|   1|    0|
    |mul_24s_21ns_38_3_1_U106  |mul_24s_21ns_38_3_1  |        0|   2|  117|   1|    0|
    |mul_24s_21ns_38_3_1_U107  |mul_24s_21ns_38_3_1  |        0|   2|  117|   1|    0|
    |mul_24s_21ns_38_3_1_U108  |mul_24s_21ns_38_3_1  |        0|   2|  117|   1|    0|
    |mul_24s_21ns_38_3_1_U109  |mul_24s_21ns_38_3_1  |        0|   2|  117|   1|    0|
    +--------------------------+---------------------+---------+----+-----+----+-----+
    |Total                     |                     |        0|  40| 2340|  20|    0|
    +--------------------------+---------------------+---------+----+-----+----+-----+

    * DSP: 
    N/A

    * Memory: 
    +----------------+--------------------------------------------------------------+---------+---+----+-----+------+-----+------+-------------+
    |     Memory     |                            Module                            | BRAM_18K| FF| LUT| URAM| Words| Bits| Banks| W*Bits*Banks|
    +----------------+--------------------------------------------------------------+---------+---+----+-----+------+-----+------+-------------+
    |exp_table_U     |softmax_legacy_ap_fixed_ap_fixed_softmax_config3_s_exp_taeOg  |       30|  0|   0|    0|  2048|   24|     1|        49152|
    |invert_table_U  |softmax_legacy_ap_fixed_ap_fixed_softmax_config3_s_invertfYi  |        3|  0|   0|    0|  2048|   21|     1|        43008|
    +----------------+--------------------------------------------------------------+---------+---+----+-----+------+-----+------+-------------+
    |Total           |                                                              |       33|  0|   0|    0|  4096|   45|     2|        92160|
    +----------------+--------------------------------------------------------------+---------+---+----+-----+------+-----+------+-------------+

    * FIFO: 
    N/A

    * Expression: 
    +----------------------------+----------+----+---+----+------------+------------+
    |        Variable Name       | Operation| DSP| FF| LUT| Bitwidth P0| Bitwidth P1|
    +----------------------------+----------+----+---+----+------------+------------+
    |add_ln372_10_fu_1640_p2     |         +|   0|  0|  21|          14|           1|
    |add_ln372_11_fu_1742_p2     |         +|   0|  0|  21|          14|           1|
    |add_ln372_12_fu_1844_p2     |         +|   0|  0|  21|          14|           1|
    |add_ln372_13_fu_1946_p2     |         +|   0|  0|  21|          14|           1|
    |add_ln372_14_fu_2048_p2     |         +|   0|  0|  21|          14|           1|
    |add_ln372_15_fu_2150_p2     |         +|   0|  0|  21|          14|           1|
    |add_ln372_16_fu_2252_p2     |         +|   0|  0|  21|          14|           1|
    |add_ln372_17_fu_2354_p2     |         +|   0|  0|  21|          14|           1|
    |add_ln372_18_fu_2456_p2     |         +|   0|  0|  21|          14|           1|
    |add_ln372_19_fu_2558_p2     |         +|   0|  0|  21|          14|           1|
    |add_ln372_1_fu_722_p2       |         +|   0|  0|  21|          14|           1|
    |add_ln372_2_fu_824_p2       |         +|   0|  0|  21|          14|           1|
    |add_ln372_3_fu_926_p2       |         +|   0|  0|  21|          14|           1|
    |add_ln372_4_fu_1028_p2      |         +|   0|  0|  21|          14|           1|
    |add_ln372_5_fu_1130_p2      |         +|   0|  0|  21|          14|           1|
    |add_ln372_6_fu_1232_p2      |         +|   0|  0|  21|          14|           1|
    |add_ln372_7_fu_1334_p2      |         +|   0|  0|  21|          14|           1|
    |add_ln372_8_fu_1436_p2      |         +|   0|  0|  21|          14|           1|
    |add_ln372_9_fu_1538_p2      |         +|   0|  0|  21|          14|           1|
    |add_ln372_fu_620_p2         |         +|   0|  0|  21|          14|           1|
    |add_ln378_10_fu_3210_p2     |         +|   0|  0|  29|          22|          22|
    |add_ln378_11_fu_3237_p2     |         +|   0|  0|  29|          22|          22|
    |add_ln378_12_fu_3272_p2     |         +|   0|  0|  29|          22|          22|
    |add_ln378_13_fu_3299_p2     |         +|   0|  0|  29|          22|          22|
    |add_ln378_14_fu_3334_p2     |         +|   0|  0|  29|          22|          22|
    |add_ln378_15_fu_3361_p2     |         +|   0|  0|  29|          22|          22|
    |add_ln378_16_fu_3396_p2     |         +|   0|  0|  29|          22|          22|
    |add_ln378_17_fu_3423_p2     |         +|   0|  0|  29|          22|          22|
    |add_ln378_18_fu_3450_p2     |         +|   0|  0|  29|          22|          22|
    |add_ln378_1_fu_2927_p2      |         +|   0|  0|  29|          22|          22|
    |add_ln378_2_fu_2962_p2      |         +|   0|  0|  29|          22|          22|
    |add_ln378_3_fu_2989_p2      |         +|   0|  0|  29|          22|          22|
    |add_ln378_4_fu_3024_p2      |         +|   0|  0|  29|          22|          22|
    |add_ln378_5_fu_3051_p2      |         +|   0|  0|  29|          22|          22|
    |add_ln378_6_fu_3086_p2      |         +|   0|  0|  29|          22|          22|
    |add_ln378_7_fu_3113_p2      |         +|   0|  0|  29|          22|          22|
    |add_ln378_8_fu_3148_p2      |         +|   0|  0|  29|          22|          22|
    |add_ln378_9_fu_3175_p2      |         +|   0|  0|  29|          22|          22|
    |add_ln378_fu_2892_p2        |         +|   0|  0|  29|          22|          22|
    |add_ln387_fu_3501_p2        |         +|   0|  0|  18|          11|           1|
    |index_12_fu_1050_p2         |         +|   0|  0|  21|          14|          11|
    |index_15_fu_1152_p2         |         +|   0|  0|  21|          14|          11|
    |index_18_fu_1254_p2         |         +|   0|  0|  21|          14|          11|
    |index_21_fu_1356_p2         |         +|   0|  0|  21|          14|          11|
    |index_24_fu_1458_p2         |         +|   0|  0|  21|          14|          11|
    |index_27_fu_1560_p2         |         +|   0|  0|  21|          14|          11|
    |index_30_fu_1662_p2         |         +|   0|  0|  21|          14|          11|
    |index_33_fu_1764_p2         |         +|   0|  0|  21|          14|          11|
    |index_36_fu_1866_p2         |         +|   0|  0|  21|          14|          11|
    |index_39_fu_1968_p2         |         +|   0|  0|  21|          14|          11|
    |index_3_fu_744_p2           |         +|   0|  0|  21|          14|          11|
    |index_42_fu_2070_p2         |         +|   0|  0|  21|          14|          11|
    |index_45_fu_2172_p2         |         +|   0|  0|  21|          14|          11|
    |index_48_fu_2274_p2         |         +|   0|  0|  21|          14|          11|
    |index_51_fu_2376_p2         |         +|   0|  0|  21|          14|          11|
    |index_54_fu_2478_p2         |         +|   0|  0|  21|          14|          11|
    |index_57_fu_2580_p2         |         +|   0|  0|  21|          14|          11|
    |index_6_fu_846_p2           |         +|   0|  0|  21|          14|          11|
    |index_9_fu_948_p2           |         +|   0|  0|  21|          14|          11|
    |index_fu_642_p2             |         +|   0|  0|  21|          14|          11|
    |icmp_ln372_10_fu_1634_p2    |      icmp|   0|  0|  17|          10|           1|
    |icmp_ln372_11_fu_1736_p2    |      icmp|   0|  0|  17|          10|           1|
    |icmp_ln372_12_fu_1838_p2    |      icmp|   0|  0|  17|          10|           1|
    |icmp_ln372_13_fu_1940_p2    |      icmp|   0|  0|  17|          10|           1|
    |icmp_ln372_14_fu_2042_p2    |      icmp|   0|  0|  17|          10|           1|
    |icmp_ln372_15_fu_2144_p2    |      icmp|   0|  0|  17|          10|           1|
    |icmp_ln372_16_fu_2246_p2    |      icmp|   0|  0|  17|          10|           1|
    |icmp_ln372_17_fu_2348_p2    |      icmp|   0|  0|  17|          10|           1|
    |icmp_ln372_18_fu_2450_p2    |      icmp|   0|  0|  17|          10|           1|
    |icmp_ln372_19_fu_2552_p2    |      icmp|   0|  0|  17|          10|           1|
    |icmp_ln372_1_fu_716_p2      |      icmp|   0|  0|  17|          10|           1|
    |icmp_ln372_2_fu_818_p2      |      icmp|   0|  0|  17|          10|           1|
    |icmp_ln372_3_fu_920_p2      |      icmp|   0|  0|  17|          10|           1|
    |icmp_ln372_4_fu_1022_p2     |      icmp|   0|  0|  17|          10|           1|
    |icmp_ln372_5_fu_1124_p2     |      icmp|   0|  0|  17|          10|           1|
    |icmp_ln372_6_fu_1226_p2     |      icmp|   0|  0|  17|          10|           1|
    |icmp_ln372_7_fu_1328_p2     |      icmp|   0|  0|  17|          10|           1|
    |icmp_ln372_8_fu_1430_p2     |      icmp|   0|  0|  17|          10|           1|
    |icmp_ln372_9_fu_1532_p2     |      icmp|   0|  0|  17|          10|           1|
    |icmp_ln372_fu_614_p2        |      icmp|   0|  0|  17|          10|           1|
    |icmp_ln377_10_fu_2750_p2    |      icmp|   0|  0|   9|           2|           1|
    |icmp_ln377_11_fu_2762_p2    |      icmp|   0|  0|   9|           2|           1|
    |icmp_ln377_12_fu_2774_p2    |      icmp|   0|  0|   9|           2|           1|
    |icmp_ln377_13_fu_2786_p2    |      icmp|   0|  0|   9|           2|           1|
    |icmp_ln377_14_fu_2798_p2    |      icmp|   0|  0|   9|           2|           1|
    |icmp_ln377_15_fu_2810_p2    |      icmp|   0|  0|   9|           2|           1|
    |icmp_ln377_16_fu_2822_p2    |      icmp|   0|  0|   9|           2|           1|
    |icmp_ln377_17_fu_2834_p2    |      icmp|   0|  0|   9|           2|           1|
    |icmp_ln377_18_fu_2846_p2    |      icmp|   0|  0|   9|           2|           1|
    |icmp_ln377_19_fu_2858_p2    |      icmp|   0|  0|   9|           2|           1|
    |icmp_ln377_1_fu_2637_p2     |      icmp|   0|  0|   9|           2|           1|
    |icmp_ln377_2_fu_2654_p2     |      icmp|   0|  0|   9|           2|           1|
    |icmp_ln377_3_fu_2666_p2     |      icmp|   0|  0|   9|           2|           1|
    |icmp_ln377_4_fu_2678_p2     |      icmp|   0|  0|   9|           2|           1|
    |icmp_ln377_5_fu_2690_p2     |      icmp|   0|  0|   9|           2|           1|
    |icmp_ln377_6_fu_2702_p2     |      icmp|   0|  0|   9|           2|           1|
    |icmp_ln377_7_fu_2714_p2     |      icmp|   0|  0|   9|           2|           1|
    |icmp_ln377_8_fu_2726_p2     |      icmp|   0|  0|   9|           2|           1|
    |icmp_ln377_9_fu_2738_p2     |      icmp|   0|  0|   9|           2|           1|
    |icmp_ln377_fu_2620_p2       |      icmp|   0|  0|   9|           2|           1|
    |icmp_ln387_fu_3495_p2       |      icmp|   0|  0|  17|          10|           1|
    |data_round_10_fu_1654_p3    |    select|   0|  0|  14|           1|          14|
    |data_round_11_fu_1756_p3    |    select|   0|  0|  14|           1|          14|
    |data_round_12_fu_1858_p3    |    select|   0|  0|  14|           1|          14|
    |data_round_13_fu_1960_p3    |    select|   0|  0|  14|           1|          14|
    |data_round_14_fu_2062_p3    |    select|   0|  0|  14|           1|          14|
    |data_round_15_fu_2164_p3    |    select|   0|  0|  14|           1|          14|
    |data_round_16_fu_2266_p3    |    select|   0|  0|  14|           1|          14|
    |data_round_17_fu_2368_p3    |    select|   0|  0|  14|           1|          14|
    |data_round_18_fu_2470_p3    |    select|   0|  0|  14|           1|          14|
    |data_round_19_fu_2572_p3    |    select|   0|  0|  14|           1|          14|
    |data_round_1_fu_736_p3      |    select|   0|  0|  14|           1|          14|
    |data_round_2_fu_838_p3      |    select|   0|  0|  14|           1|          14|
    |data_round_3_fu_940_p3      |    select|   0|  0|  14|           1|          14|
    |data_round_4_fu_1042_p3     |    select|   0|  0|  14|           1|          14|
    |data_round_5_fu_1144_p3     |    select|   0|  0|  14|           1|          14|
    |data_round_6_fu_1246_p3     |    select|   0|  0|  14|           1|          14|
    |data_round_7_fu_1348_p3     |    select|   0|  0|  14|           1|          14|
    |data_round_8_fu_1450_p3     |    select|   0|  0|  14|           1|          14|
    |data_round_9_fu_1552_p3     |    select|   0|  0|  14|           1|          14|
    |data_round_fu_634_p3        |    select|   0|  0|  14|           1|          14|
    |exp_res_index_1_fu_3535_p3  |    select|   0|  0|  10|           1|           1|
    |exp_res_index_fu_3515_p3    |    select|   0|  0|  11|           1|          11|
    |index_10_fu_966_p3          |    select|   0|  0|  13|           1|           1|
    |index_11_fu_2671_p3         |    select|   0|  0|  11|           1|           2|
    |index_13_fu_1068_p3         |    select|   0|  0|  13|           1|           1|
    |index_14_fu_2683_p3         |    select|   0|  0|  11|           1|           2|
    |index_16_fu_1170_p3         |    select|   0|  0|  13|           1|           1|
    |index_17_fu_2695_p3         |    select|   0|  0|  11|           1|           2|
    |index_19_fu_1272_p3         |    select|   0|  0|  13|           1|           1|
    |index_1_fu_660_p3           |    select|   0|  0|  13|           1|           1|
    |index_20_fu_2707_p3         |    select|   0|  0|  11|           1|           2|
    |index_22_fu_1374_p3         |    select|   0|  0|  13|           1|           1|
    |index_23_fu_2719_p3         |    select|   0|  0|  11|           1|           2|
    |index_25_fu_1476_p3         |    select|   0|  0|  13|           1|           1|
    |index_26_fu_2731_p3         |    select|   0|  0|  11|           1|           2|
    |index_28_fu_1578_p3         |    select|   0|  0|  13|           1|           1|
    |index_29_fu_2743_p3         |    select|   0|  0|  11|           1|           2|
    |index_2_fu_2625_p3          |    select|   0|  0|  11|           1|           2|
    |index_31_fu_1680_p3         |    select|   0|  0|  13|           1|           1|
    |index_32_fu_2755_p3         |    select|   0|  0|  11|           1|           2|
    |index_34_fu_1782_p3         |    select|   0|  0|  13|           1|           1|
    |index_35_fu_2767_p3         |    select|   0|  0|  11|           1|           2|
    |index_37_fu_1884_p3         |    select|   0|  0|  13|           1|           1|
    |index_38_fu_2779_p3         |    select|   0|  0|  11|           1|           2|
    |index_40_fu_1986_p3         |    select|   0|  0|  13|           1|           1|
    |index_41_fu_2791_p3         |    select|   0|  0|  11|           1|           2|
    |index_43_fu_2088_p3         |    select|   0|  0|  13|           1|           1|
    |index_44_fu_2803_p3         |    select|   0|  0|  11|           1|           2|
    |index_46_fu_2190_p3         |    select|   0|  0|  13|           1|           1|
    |index_47_fu_2815_p3         |    select|   0|  0|  11|           1|           2|
    |index_49_fu_2292_p3         |    select|   0|  0|  13|           1|           1|
    |index_4_fu_762_p3           |    select|   0|  0|  13|           1|           1|
    |index_50_fu_2827_p3         |    select|   0|  0|  11|           1|           2|
    |index_52_fu_2394_p3         |    select|   0|  0|  13|           1|           1|
    |index_53_fu_2839_p3         |    select|   0|  0|  11|           1|           2|
    |index_55_fu_2496_p3         |    select|   0|  0|  13|           1|           1|
    |index_56_fu_2851_p3         |    select|   0|  0|  11|           1|           2|
    |index_58_fu_2598_p3         |    select|   0|  0|  13|           1|           1|
    |index_59_fu_2863_p3         |    select|   0|  0|  11|           1|           2|
    |index_5_fu_2642_p3          |    select|   0|  0|  11|           1|           2|
    |index_7_fu_864_p3           |    select|   0|  0|  13|           1|           1|
    |index_8_fu_2659_p3          |    select|   0|  0|  11|           1|           2|
    |select_ln372_10_fu_1646_p3  |    select|   0|  0|  14|           1|          14|
    |select_ln372_11_fu_1748_p3  |    select|   0|  0|  14|           1|          14|
    |select_ln372_12_fu_1850_p3  |    select|   0|  0|  14|           1|          14|
    |select_ln372_13_fu_1952_p3  |    select|   0|  0|  14|           1|          14|
    |select_ln372_14_fu_2054_p3  |    select|   0|  0|  14|           1|          14|
    |select_ln372_15_fu_2156_p3  |    select|   0|  0|  14|           1|          14|
    |select_ln372_16_fu_2258_p3  |    select|   0|  0|  14|           1|          14|
    |select_ln372_17_fu_2360_p3  |    select|   0|  0|  14|           1|          14|
    |select_ln372_18_fu_2462_p3  |    select|   0|  0|  14|           1|          14|
    |select_ln372_19_fu_2564_p3  |    select|   0|  0|  14|           1|          14|
    |select_ln372_1_fu_728_p3    |    select|   0|  0|  14|           1|          14|
    |select_ln372_2_fu_830_p3    |    select|   0|  0|  14|           1|          14|
    |select_ln372_3_fu_932_p3    |    select|   0|  0|  14|           1|          14|
    |select_ln372_4_fu_1034_p3   |    select|   0|  0|  14|           1|          14|
    |select_ln372_5_fu_1136_p3   |    select|   0|  0|  14|           1|          14|
    |select_ln372_6_fu_1238_p3   |    select|   0|  0|  14|           1|          14|
    |select_ln372_7_fu_1340_p3   |    select|   0|  0|  14|           1|          14|
    |select_ln372_8_fu_1442_p3   |    select|   0|  0|  14|           1|          14|
    |select_ln372_9_fu_1544_p3   |    select|   0|  0|  14|           1|          14|
    |select_ln372_fu_626_p3      |    select|   0|  0|  14|           1|          14|
    |select_ln387_fu_3507_p3     |    select|   0|  0|  11|           1|          11|
    |ap_enable_pp0               |       xor|   0|  0|   2|           1|           2|
    +----------------------------+----------+----+---+----+------------+------------+
    |Total                       |          |   0|  0|3020|        1323|        1345|
    +----------------------------+----------+----+---+----+------------+------------+

    * Multiplexer: 
    N/A

    * Register: 
    +---------------------------------+----+----+-----+-----------+
    |               Name              | FF | LUT| Bits| Const Bits|
    +---------------------------------+----+----+-----+-----------+
    |ap_CS_fsm                        |   1|   0|    1|          0|
    |ap_enable_reg_pp0_iter1          |   1|   0|    1|          0|
    |ap_enable_reg_pp0_iter10         |   1|   0|    1|          0|
    |ap_enable_reg_pp0_iter11         |   1|   0|    1|          0|
    |ap_enable_reg_pp0_iter12         |   1|   0|    1|          0|
    |ap_enable_reg_pp0_iter13         |   1|   0|    1|          0|
    |ap_enable_reg_pp0_iter14         |   1|   0|    1|          0|
    |ap_enable_reg_pp0_iter15         |   1|   0|    1|          0|
    |ap_enable_reg_pp0_iter16         |   1|   0|    1|          0|
    |ap_enable_reg_pp0_iter17         |   1|   0|    1|          0|
    |ap_enable_reg_pp0_iter2          |   1|   0|    1|          0|
    |ap_enable_reg_pp0_iter3          |   1|   0|    1|          0|
    |ap_enable_reg_pp0_iter4          |   1|   0|    1|          0|
    |ap_enable_reg_pp0_iter5          |   1|   0|    1|          0|
    |ap_enable_reg_pp0_iter6          |   1|   0|    1|          0|
    |ap_enable_reg_pp0_iter7          |   1|   0|    1|          0|
    |ap_enable_reg_pp0_iter8          |   1|   0|    1|          0|
    |ap_enable_reg_pp0_iter9          |   1|   0|    1|          0|
    |deno_inver_reg_4565              |  21|   0|   21|          0|
    |exp_res_index_1_reg_4555         |  10|   0|   10|          0|
    |exp_table_load_10_reg_4415       |  24|   0|   24|          0|
    |exp_table_load_11_reg_4425       |  24|   0|   24|          0|
    |exp_table_load_12_reg_4445       |  24|   0|   24|          0|
    |exp_table_load_13_reg_4455       |  24|   0|   24|          0|
    |exp_table_load_14_reg_4475       |  24|   0|   24|          0|
    |exp_table_load_15_reg_4485       |  24|   0|   24|          0|
    |exp_table_load_16_reg_4505       |  24|   0|   24|          0|
    |exp_table_load_17_reg_4515       |  24|   0|   24|          0|
    |exp_table_load_18_reg_4535       |  24|   0|   24|          0|
    |exp_table_load_19_reg_4545       |  24|   0|   24|          0|
    |exp_table_load_1_reg_4275        |  24|   0|   24|          0|
    |exp_table_load_2_reg_4295        |  24|   0|   24|          0|
    |exp_table_load_3_reg_4305        |  24|   0|   24|          0|
    |exp_table_load_4_reg_4325        |  24|   0|   24|          0|
    |exp_table_load_5_reg_4335        |  24|   0|   24|          0|
    |exp_table_load_6_reg_4355        |  24|   0|   24|          0|
    |exp_table_load_7_reg_4365        |  24|   0|   24|          0|
    |exp_table_load_8_reg_4385        |  24|   0|   24|          0|
    |exp_table_load_9_reg_4395        |  24|   0|   24|          0|
    |exp_table_load_reg_4270          |  24|   0|   24|          0|
    |index_11_reg_4185                |  11|   0|   11|          0|
    |index_14_reg_4190                |  11|   0|   11|          0|
    |index_14_reg_4190_pp0_iter2_reg  |  11|   0|   11|          0|
    |index_17_reg_4195                |  11|   0|   11|          0|
    |index_17_reg_4195_pp0_iter2_reg  |  11|   0|   11|          0|
    |index_20_reg_4200                |  11|   0|   11|          0|
    |index_23_reg_4205                |  11|   0|   11|          0|
    |index_26_reg_4210                |  11|   0|   11|          0|
    |index_29_reg_4215                |  11|   0|   11|          0|
    |index_32_reg_4220                |  11|   0|   11|          0|
    |index_35_reg_4225                |  11|   0|   11|          0|
    |index_38_reg_4230                |  11|   0|   11|          0|
    |index_41_reg_4235                |  11|   0|   11|          0|
    |index_44_reg_4240                |  11|   0|   11|          0|
    |index_47_reg_4245                |  11|   0|   11|          0|
    |index_50_reg_4250                |  11|   0|   11|          0|
    |index_53_reg_4255                |  11|   0|   11|          0|
    |index_56_reg_4260                |  11|   0|   11|          0|
    |index_59_reg_4265                |  11|   0|   11|          0|
    |index_8_reg_4180                 |  11|   0|   11|          0|
    |tmp_102_reg_4105                 |   2|   0|    2|          0|
    |tmp_105_reg_4115                 |   2|   0|    2|          0|
    |tmp_108_reg_4125                 |   2|   0|    2|          0|
    |tmp_111_reg_4135                 |   2|   0|    2|          0|
    |tmp_114_reg_4145                 |   2|   0|    2|          0|
    |tmp_117_reg_4155                 |   2|   0|    2|          0|
    |tmp_120_reg_4165                 |   2|   0|    2|          0|
    |tmp_25_reg_3975                  |   2|   0|    2|          0|
    |tmp_33_reg_3985                  |   2|   0|    2|          0|
    |tmp_35_reg_4280                  |  16|   0|   16|          0|
    |tmp_41_reg_3995                  |   2|   0|    2|          0|
    |tmp_43_reg_4300                  |  16|   0|   16|          0|
    |tmp_49_reg_4005                  |   2|   0|    2|          0|
    |tmp_57_reg_4015                  |   2|   0|    2|          0|
    |tmp_59_reg_4330                  |  16|   0|   16|          0|
    |tmp_64_reg_4025                  |   2|   0|    2|          0|
    |tmp_68_reg_4360                  |  16|   0|   16|          0|
    |tmp_70_reg_4390                  |  16|   0|   16|          0|
    |tmp_72_reg_4420                  |  16|   0|   16|          0|
    |tmp_74_reg_4450                  |  16|   0|   16|          0|
    |tmp_76_reg_4480                  |  16|   0|   16|          0|
    |tmp_78_reg_4510                  |  16|   0|   16|          0|
    |tmp_80_reg_4540                  |  16|   0|   16|          0|
    |tmp_81_reg_4035                  |   2|   0|    2|          0|
    |tmp_84_reg_4045                  |   2|   0|    2|          0|
    |tmp_87_reg_4055                  |   2|   0|    2|          0|
    |tmp_90_reg_4065                  |   2|   0|    2|          0|
    |tmp_93_reg_4075                  |   2|   0|    2|          0|
    |tmp_96_reg_4085                  |   2|   0|    2|          0|
    |tmp_99_reg_4095                  |   2|   0|    2|          0|
    |trunc_ln358_11_reg_4020          |  11|   0|   11|          0|
    |trunc_ln358_13_reg_4030          |  11|   0|   11|          0|
    |trunc_ln358_15_reg_4040          |  11|   0|   11|          0|
    |trunc_ln358_17_reg_4050          |  11|   0|   11|          0|
    |trunc_ln358_19_reg_4060          |  11|   0|   11|          0|
    |trunc_ln358_1_reg_3970           |  11|   0|   11|          0|
    |trunc_ln358_21_reg_4070          |  11|   0|   11|          0|
    |trunc_ln358_23_reg_4080          |  11|   0|   11|          0|
    |trunc_ln358_25_reg_4090          |  11|   0|   11|          0|
    |trunc_ln358_27_reg_4100          |  11|   0|   11|          0|
    |trunc_ln358_29_reg_4110          |  11|   0|   11|          0|
    |trunc_ln358_31_reg_4120          |  11|   0|   11|          0|
    |trunc_ln358_33_reg_4130          |  11|   0|   11|          0|
    |trunc_ln358_35_reg_4140          |  11|   0|   11|          0|
    |trunc_ln358_37_reg_4150          |  11|   0|   11|          0|
    |trunc_ln358_39_reg_4160          |  11|   0|   11|          0|
    |trunc_ln358_3_reg_3980           |  11|   0|   11|          0|
    |trunc_ln358_5_reg_3990           |  11|   0|   11|          0|
    |trunc_ln358_7_reg_4000           |  11|   0|   11|          0|
    |trunc_ln358_9_reg_4010           |  11|   0|   11|          0|
    |trunc_ln378_10_reg_4430          |  22|   0|   22|          0|
    |trunc_ln378_12_reg_4460          |  22|   0|   22|          0|
    |trunc_ln378_14_reg_4490          |  22|   0|   22|          0|
    |trunc_ln378_16_reg_4520          |  22|   0|   22|          0|
    |trunc_ln378_18_reg_4550          |  22|   0|   22|          0|
    |trunc_ln378_2_reg_4310           |  22|   0|   22|          0|
    |trunc_ln378_4_reg_4340           |  22|   0|   22|          0|
    |trunc_ln378_6_reg_4370           |  22|   0|   22|          0|
    |trunc_ln378_8_reg_4400           |  22|   0|   22|          0|
    |exp_table_load_10_reg_4415       |   0|   1|   24|          0|
    |exp_table_load_11_reg_4425       |   0|   1|   24|          0|
    |exp_table_load_12_reg_4445       |   0|   1|   24|          0|
    |exp_table_load_13_reg_4455       |   0|   1|   24|          0|
    |exp_table_load_14_reg_4475       |   0|   1|   24|          0|
    |exp_table_load_15_reg_4485       |   0|   1|   24|          0|
    |exp_table_load_16_reg_4505       |   0|   1|   24|          0|
    |exp_table_load_17_reg_4515       |   0|   1|   24|          0|
    |exp_table_load_18_reg_4535       |   0|   1|   24|          0|
    |exp_table_load_19_reg_4545       |   0|   1|   24|          0|
    |exp_table_load_1_reg_4275        |   0|   1|   24|          0|
    |exp_table_load_2_reg_4295        |   0|   1|   24|          0|
    |exp_table_load_3_reg_4305        |   0|   1|   24|          0|
    |exp_table_load_4_reg_4325        |   0|   1|   24|          0|
    |exp_table_load_5_reg_4335        |   0|   1|   24|          0|
    |exp_table_load_6_reg_4355        |   0|   1|   24|          0|
    |exp_table_load_7_reg_4365        |   0|   1|   24|          0|
    |exp_table_load_8_reg_4385        |   0|   1|   24|          0|
    |exp_table_load_9_reg_4395        |   0|   1|   24|          0|
    |exp_table_load_reg_4270          |   0|   1|   24|          0|
    |index_20_reg_4200                |   0|   1|   11|          0|
    |index_23_reg_4205                |   0|   1|   11|          0|
    |index_26_reg_4210                |   0|   1|   11|          0|
    |index_29_reg_4215                |   0|   1|   11|          0|
    |index_32_reg_4220                |   0|   1|   11|          0|
    |index_35_reg_4225                |   0|   1|   11|          0|
    |index_38_reg_4230                |   0|   1|   11|          0|
    |index_41_reg_4235                |   0|   1|   11|          0|
    |index_44_reg_4240                |   0|   1|   11|          0|
    |index_47_reg_4245                |   0|   1|   11|          0|
    |index_50_reg_4250                |   0|   1|   11|          0|
    |index_53_reg_4255                |   0|   1|   11|          0|
    |index_56_reg_4260                |   0|   1|   11|          0|
    |index_59_reg_4265                |   0|   1|   11|          0|
    +---------------------------------+----+----+-----+-----------+
    |Total                            |1367|  34| 2001|          0|
    +---------------------------------+----+----+-----+-----------+



================================================================
== Interface
================================================================
* Summary: 
+--------------+-----+-----+------------+---------------------------------------------------+--------------+
|   RTL Ports  | Dir | Bits|  Protocol  |                   Source Object                   |    C Type    |
+--------------+-----+-----+------------+---------------------------------------------------+--------------+
|ap_clk        |   in|    1|  ap_ctrl_hs|  softmax_legacy<ap_fixed,ap_fixed,softmax_config3>|  return value|
|ap_rst        |   in|    1|  ap_ctrl_hs|  softmax_legacy<ap_fixed,ap_fixed,softmax_config3>|  return value|
|ap_start      |   in|    1|  ap_ctrl_hs|  softmax_legacy<ap_fixed,ap_fixed,softmax_config3>|  return value|
|ap_done       |  out|    1|  ap_ctrl_hs|  softmax_legacy<ap_fixed,ap_fixed,softmax_config3>|  return value|
|ap_idle       |  out|    1|  ap_ctrl_hs|  softmax_legacy<ap_fixed,ap_fixed,softmax_config3>|  return value|
|ap_ready      |  out|    1|  ap_ctrl_hs|  softmax_legacy<ap_fixed,ap_fixed,softmax_config3>|  return value|
|ap_return_0   |  out|   16|  ap_ctrl_hs|  softmax_legacy<ap_fixed,ap_fixed,softmax_config3>|  return value|
|ap_return_1   |  out|   16|  ap_ctrl_hs|  softmax_legacy<ap_fixed,ap_fixed,softmax_config3>|  return value|
|ap_return_2   |  out|   16|  ap_ctrl_hs|  softmax_legacy<ap_fixed,ap_fixed,softmax_config3>|  return value|
|ap_return_3   |  out|   16|  ap_ctrl_hs|  softmax_legacy<ap_fixed,ap_fixed,softmax_config3>|  return value|
|ap_return_4   |  out|   16|  ap_ctrl_hs|  softmax_legacy<ap_fixed,ap_fixed,softmax_config3>|  return value|
|ap_return_5   |  out|   16|  ap_ctrl_hs|  softmax_legacy<ap_fixed,ap_fixed,softmax_config3>|  return value|
|ap_return_6   |  out|   16|  ap_ctrl_hs|  softmax_legacy<ap_fixed,ap_fixed,softmax_config3>|  return value|
|ap_return_7   |  out|   16|  ap_ctrl_hs|  softmax_legacy<ap_fixed,ap_fixed,softmax_config3>|  return value|
|ap_return_8   |  out|   16|  ap_ctrl_hs|  softmax_legacy<ap_fixed,ap_fixed,softmax_config3>|  return value|
|ap_return_9   |  out|   16|  ap_ctrl_hs|  softmax_legacy<ap_fixed,ap_fixed,softmax_config3>|  return value|
|ap_return_10  |  out|   16|  ap_ctrl_hs|  softmax_legacy<ap_fixed,ap_fixed,softmax_config3>|  return value|
|ap_return_11  |  out|   16|  ap_ctrl_hs|  softmax_legacy<ap_fixed,ap_fixed,softmax_config3>|  return value|
|ap_return_12  |  out|   16|  ap_ctrl_hs|  softmax_legacy<ap_fixed,ap_fixed,softmax_config3>|  return value|
|ap_return_13  |  out|   16|  ap_ctrl_hs|  softmax_legacy<ap_fixed,ap_fixed,softmax_config3>|  return value|
|ap_return_14  |  out|   16|  ap_ctrl_hs|  softmax_legacy<ap_fixed,ap_fixed,softmax_config3>|  return value|
|ap_return_15  |  out|   16|  ap_ctrl_hs|  softmax_legacy<ap_fixed,ap_fixed,softmax_config3>|  return value|
|ap_return_16  |  out|   16|  ap_ctrl_hs|  softmax_legacy<ap_fixed,ap_fixed,softmax_config3>|  return value|
|ap_return_17  |  out|   16|  ap_ctrl_hs|  softmax_legacy<ap_fixed,ap_fixed,softmax_config3>|  return value|
|ap_return_18  |  out|   16|  ap_ctrl_hs|  softmax_legacy<ap_fixed,ap_fixed,softmax_config3>|  return value|
|ap_return_19  |  out|   16|  ap_ctrl_hs|  softmax_legacy<ap_fixed,ap_fixed,softmax_config3>|  return value|
|data_0_val    |   in|   16|     ap_none|                                         data_0_val|        scalar|
|data_1_val    |   in|   16|     ap_none|                                         data_1_val|        scalar|
|data_2_val    |   in|   16|     ap_none|                                         data_2_val|        scalar|
|data_3_val    |   in|   16|     ap_none|                                         data_3_val|        scalar|
|data_4_val    |   in|   16|     ap_none|                                         data_4_val|        scalar|
|data_5_val    |   in|   16|     ap_none|                                         data_5_val|        scalar|
|data_6_val    |   in|   16|     ap_none|                                         data_6_val|        scalar|
|data_7_val    |   in|   16|     ap_none|                                         data_7_val|        scalar|
|data_8_val    |   in|   16|     ap_none|                                         data_8_val|        scalar|
|data_9_val    |   in|   16|     ap_none|                                         data_9_val|        scalar|
|data_10_val   |   in|   16|     ap_none|                                        data_10_val|        scalar|
|data_11_val   |   in|   16|     ap_none|                                        data_11_val|        scalar|
|data_12_val   |   in|   16|     ap_none|                                        data_12_val|        scalar|
|data_13_val   |   in|   16|     ap_none|                                        data_13_val|        scalar|
|data_14_val   |   in|   16|     ap_none|                                        data_14_val|        scalar|
|data_15_val   |   in|   16|     ap_none|                                        data_15_val|        scalar|
|data_16_val   |   in|   16|     ap_none|                                        data_16_val|        scalar|
|data_17_val   |   in|   16|     ap_none|                                        data_17_val|        scalar|
|data_18_val   |   in|   16|     ap_none|                                        data_18_val|        scalar|
|data_19_val   |   in|   16|     ap_none|                                        data_19_val|        scalar|
+--------------+-----+-----+------------+---------------------------------------------------+--------------+

