

================================================================
== Vitis HLS Report for 'transpose_ap_fixed_16_6_5_3_0_ap_fixed_16_6_5_3_0_config4_s'
================================================================
* Date:           Tue Mar 11 17:53:19 2025

* Version:        2023.2 (Build 4023990 on Oct 11 2023)
* Project:        myproject_prj
* Solution:       solution1 (Vivado IP Flow Target)
* Product family: virtexuplus
* Target device:  xcvu13p-flga2577-2-e


================================================================
== Performance Estimates
================================================================
+ Timing: 
    * Summary: 
    +--------+---------+----------+------------+
    |  Clock |  Target | Estimated| Uncertainty|
    +--------+---------+----------+------------+
    |ap_clk  |  5.00 ns|      0 ns|     0.62 ns|
    +--------+---------+----------+------------+

+ Latency: 
    * Summary: 
    +---------+---------+----------+----------+-----+-----+---------+
    |  Latency (cycles) |  Latency (absolute) |  Interval | Pipeline|
    |   min   |   max   |    min   |    max   | min | max |   Type  |
    +---------+---------+----------+----------+-----+-----+---------+
    |        0|        0|      0 ns|      0 ns|    1|    1|      yes|
    +---------+---------+----------+----------+-----+-----+---------+

    + Detail: 
        * Instance: 
        N/A

        * Loop: 
        N/A



================================================================
== Utilization Estimates
================================================================
* Summary: 
+---------------------+---------+-------+---------+---------+------+
|         Name        | BRAM_18K|  DSP  |    FF   |   LUT   | URAM |
+---------------------+---------+-------+---------+---------+------+
|DSP                  |        -|      -|        -|        -|     -|
|Expression           |        -|      -|        -|        -|     -|
|FIFO                 |        -|      -|        -|        -|     -|
|Instance             |        -|      -|        -|        -|     -|
|Memory               |        -|      -|        -|        -|     -|
|Multiplexer          |        -|      -|        -|        -|     -|
|Register             |        -|      -|        -|        -|     -|
+---------------------+---------+-------+---------+---------+------+
|Total                |        0|      0|        0|        0|     0|
+---------------------+---------+-------+---------+---------+------+
|Available SLR        |     1344|   3072|   864000|   432000|   320|
+---------------------+---------+-------+---------+---------+------+
|Utilization SLR (%)  |        0|      0|        0|        0|     0|
+---------------------+---------+-------+---------+---------+------+
|Available            |     5376|  12288|  3456000|  1728000|  1280|
+---------------------+---------+-------+---------+---------+------+
|Utilization (%)      |        0|      0|        0|        0|     0|
+---------------------+---------+-------+---------+---------+------+

+ Detail: 
    * Instance: 
    N/A

    * DSP: 
    N/A

    * Memory: 
    N/A

    * FIFO: 
    N/A

    * Expression: 
    N/A

    * Multiplexer: 
    N/A

    * Register: 
    N/A



================================================================
== Interface
================================================================
* Summary: 
+--------------+-----+-----+------------+------------------------------------------------------------------------+--------------+
|   RTL Ports  | Dir | Bits|  Protocol  |                              Source Object                             |    C Type    |
+--------------+-----+-----+------------+------------------------------------------------------------------------+--------------+
|ap_ready      |  out|    1|  ap_ctrl_hs|  transpose<ap_fixed<16, 6, 5, 3, 0>, ap_fixed<16, 6, 5, 3, 0>, config4>|  return value|
|ap_return_0   |  out|   16|  ap_ctrl_hs|  transpose<ap_fixed<16, 6, 5, 3, 0>, ap_fixed<16, 6, 5, 3, 0>, config4>|  return value|
|ap_return_1   |  out|   16|  ap_ctrl_hs|  transpose<ap_fixed<16, 6, 5, 3, 0>, ap_fixed<16, 6, 5, 3, 0>, config4>|  return value|
|ap_return_2   |  out|   16|  ap_ctrl_hs|  transpose<ap_fixed<16, 6, 5, 3, 0>, ap_fixed<16, 6, 5, 3, 0>, config4>|  return value|
|ap_return_3   |  out|   16|  ap_ctrl_hs|  transpose<ap_fixed<16, 6, 5, 3, 0>, ap_fixed<16, 6, 5, 3, 0>, config4>|  return value|
|ap_return_4   |  out|   16|  ap_ctrl_hs|  transpose<ap_fixed<16, 6, 5, 3, 0>, ap_fixed<16, 6, 5, 3, 0>, config4>|  return value|
|ap_return_5   |  out|   16|  ap_ctrl_hs|  transpose<ap_fixed<16, 6, 5, 3, 0>, ap_fixed<16, 6, 5, 3, 0>, config4>|  return value|
|ap_return_6   |  out|   16|  ap_ctrl_hs|  transpose<ap_fixed<16, 6, 5, 3, 0>, ap_fixed<16, 6, 5, 3, 0>, config4>|  return value|
|ap_return_7   |  out|   16|  ap_ctrl_hs|  transpose<ap_fixed<16, 6, 5, 3, 0>, ap_fixed<16, 6, 5, 3, 0>, config4>|  return value|
|ap_return_8   |  out|   16|  ap_ctrl_hs|  transpose<ap_fixed<16, 6, 5, 3, 0>, ap_fixed<16, 6, 5, 3, 0>, config4>|  return value|
|ap_return_9   |  out|   16|  ap_ctrl_hs|  transpose<ap_fixed<16, 6, 5, 3, 0>, ap_fixed<16, 6, 5, 3, 0>, config4>|  return value|
|ap_return_10  |  out|   16|  ap_ctrl_hs|  transpose<ap_fixed<16, 6, 5, 3, 0>, ap_fixed<16, 6, 5, 3, 0>, config4>|  return value|
|ap_return_11  |  out|   16|  ap_ctrl_hs|  transpose<ap_fixed<16, 6, 5, 3, 0>, ap_fixed<16, 6, 5, 3, 0>, config4>|  return value|
|ap_return_12  |  out|   16|  ap_ctrl_hs|  transpose<ap_fixed<16, 6, 5, 3, 0>, ap_fixed<16, 6, 5, 3, 0>, config4>|  return value|
|ap_return_13  |  out|   16|  ap_ctrl_hs|  transpose<ap_fixed<16, 6, 5, 3, 0>, ap_fixed<16, 6, 5, 3, 0>, config4>|  return value|
|ap_return_14  |  out|   16|  ap_ctrl_hs|  transpose<ap_fixed<16, 6, 5, 3, 0>, ap_fixed<16, 6, 5, 3, 0>, config4>|  return value|
|ap_return_15  |  out|   16|  ap_ctrl_hs|  transpose<ap_fixed<16, 6, 5, 3, 0>, ap_fixed<16, 6, 5, 3, 0>, config4>|  return value|
|ap_return_16  |  out|   16|  ap_ctrl_hs|  transpose<ap_fixed<16, 6, 5, 3, 0>, ap_fixed<16, 6, 5, 3, 0>, config4>|  return value|
|ap_return_17  |  out|   16|  ap_ctrl_hs|  transpose<ap_fixed<16, 6, 5, 3, 0>, ap_fixed<16, 6, 5, 3, 0>, config4>|  return value|
|ap_return_18  |  out|   16|  ap_ctrl_hs|  transpose<ap_fixed<16, 6, 5, 3, 0>, ap_fixed<16, 6, 5, 3, 0>, config4>|  return value|
|ap_return_19  |  out|   16|  ap_ctrl_hs|  transpose<ap_fixed<16, 6, 5, 3, 0>, ap_fixed<16, 6, 5, 3, 0>, config4>|  return value|
|ap_return_20  |  out|   16|  ap_ctrl_hs|  transpose<ap_fixed<16, 6, 5, 3, 0>, ap_fixed<16, 6, 5, 3, 0>, config4>|  return value|
|ap_return_21  |  out|   16|  ap_ctrl_hs|  transpose<ap_fixed<16, 6, 5, 3, 0>, ap_fixed<16, 6, 5, 3, 0>, config4>|  return value|
|ap_return_22  |  out|   16|  ap_ctrl_hs|  transpose<ap_fixed<16, 6, 5, 3, 0>, ap_fixed<16, 6, 5, 3, 0>, config4>|  return value|
|ap_return_23  |  out|   16|  ap_ctrl_hs|  transpose<ap_fixed<16, 6, 5, 3, 0>, ap_fixed<16, 6, 5, 3, 0>, config4>|  return value|
|ap_return_24  |  out|   16|  ap_ctrl_hs|  transpose<ap_fixed<16, 6, 5, 3, 0>, ap_fixed<16, 6, 5, 3, 0>, config4>|  return value|
|ap_return_25  |  out|   16|  ap_ctrl_hs|  transpose<ap_fixed<16, 6, 5, 3, 0>, ap_fixed<16, 6, 5, 3, 0>, config4>|  return value|
|ap_return_26  |  out|   16|  ap_ctrl_hs|  transpose<ap_fixed<16, 6, 5, 3, 0>, ap_fixed<16, 6, 5, 3, 0>, config4>|  return value|
|ap_return_27  |  out|   16|  ap_ctrl_hs|  transpose<ap_fixed<16, 6, 5, 3, 0>, ap_fixed<16, 6, 5, 3, 0>, config4>|  return value|
|ap_return_28  |  out|   16|  ap_ctrl_hs|  transpose<ap_fixed<16, 6, 5, 3, 0>, ap_fixed<16, 6, 5, 3, 0>, config4>|  return value|
|ap_return_29  |  out|   16|  ap_ctrl_hs|  transpose<ap_fixed<16, 6, 5, 3, 0>, ap_fixed<16, 6, 5, 3, 0>, config4>|  return value|
|ap_return_30  |  out|   16|  ap_ctrl_hs|  transpose<ap_fixed<16, 6, 5, 3, 0>, ap_fixed<16, 6, 5, 3, 0>, config4>|  return value|
|ap_return_31  |  out|   16|  ap_ctrl_hs|  transpose<ap_fixed<16, 6, 5, 3, 0>, ap_fixed<16, 6, 5, 3, 0>, config4>|  return value|
|ap_return_32  |  out|   16|  ap_ctrl_hs|  transpose<ap_fixed<16, 6, 5, 3, 0>, ap_fixed<16, 6, 5, 3, 0>, config4>|  return value|
|ap_return_33  |  out|   16|  ap_ctrl_hs|  transpose<ap_fixed<16, 6, 5, 3, 0>, ap_fixed<16, 6, 5, 3, 0>, config4>|  return value|
|ap_return_34  |  out|   16|  ap_ctrl_hs|  transpose<ap_fixed<16, 6, 5, 3, 0>, ap_fixed<16, 6, 5, 3, 0>, config4>|  return value|
|ap_return_35  |  out|   16|  ap_ctrl_hs|  transpose<ap_fixed<16, 6, 5, 3, 0>, ap_fixed<16, 6, 5, 3, 0>, config4>|  return value|
|ap_return_36  |  out|   16|  ap_ctrl_hs|  transpose<ap_fixed<16, 6, 5, 3, 0>, ap_fixed<16, 6, 5, 3, 0>, config4>|  return value|
|ap_return_37  |  out|   16|  ap_ctrl_hs|  transpose<ap_fixed<16, 6, 5, 3, 0>, ap_fixed<16, 6, 5, 3, 0>, config4>|  return value|
|ap_return_38  |  out|   16|  ap_ctrl_hs|  transpose<ap_fixed<16, 6, 5, 3, 0>, ap_fixed<16, 6, 5, 3, 0>, config4>|  return value|
|ap_return_39  |  out|   16|  ap_ctrl_hs|  transpose<ap_fixed<16, 6, 5, 3, 0>, ap_fixed<16, 6, 5, 3, 0>, config4>|  return value|
|ap_return_40  |  out|   16|  ap_ctrl_hs|  transpose<ap_fixed<16, 6, 5, 3, 0>, ap_fixed<16, 6, 5, 3, 0>, config4>|  return value|
|ap_return_41  |  out|   16|  ap_ctrl_hs|  transpose<ap_fixed<16, 6, 5, 3, 0>, ap_fixed<16, 6, 5, 3, 0>, config4>|  return value|
|ap_return_42  |  out|   16|  ap_ctrl_hs|  transpose<ap_fixed<16, 6, 5, 3, 0>, ap_fixed<16, 6, 5, 3, 0>, config4>|  return value|
|ap_return_43  |  out|   16|  ap_ctrl_hs|  transpose<ap_fixed<16, 6, 5, 3, 0>, ap_fixed<16, 6, 5, 3, 0>, config4>|  return value|
|ap_return_44  |  out|   16|  ap_ctrl_hs|  transpose<ap_fixed<16, 6, 5, 3, 0>, ap_fixed<16, 6, 5, 3, 0>, config4>|  return value|
|ap_return_45  |  out|   16|  ap_ctrl_hs|  transpose<ap_fixed<16, 6, 5, 3, 0>, ap_fixed<16, 6, 5, 3, 0>, config4>|  return value|
|ap_return_46  |  out|   16|  ap_ctrl_hs|  transpose<ap_fixed<16, 6, 5, 3, 0>, ap_fixed<16, 6, 5, 3, 0>, config4>|  return value|
|ap_return_47  |  out|   16|  ap_ctrl_hs|  transpose<ap_fixed<16, 6, 5, 3, 0>, ap_fixed<16, 6, 5, 3, 0>, config4>|  return value|
|ap_return_48  |  out|   16|  ap_ctrl_hs|  transpose<ap_fixed<16, 6, 5, 3, 0>, ap_fixed<16, 6, 5, 3, 0>, config4>|  return value|
|ap_return_49  |  out|   16|  ap_ctrl_hs|  transpose<ap_fixed<16, 6, 5, 3, 0>, ap_fixed<16, 6, 5, 3, 0>, config4>|  return value|
|ap_return_50  |  out|   16|  ap_ctrl_hs|  transpose<ap_fixed<16, 6, 5, 3, 0>, ap_fixed<16, 6, 5, 3, 0>, config4>|  return value|
|ap_return_51  |  out|   16|  ap_ctrl_hs|  transpose<ap_fixed<16, 6, 5, 3, 0>, ap_fixed<16, 6, 5, 3, 0>, config4>|  return value|
|ap_return_52  |  out|   16|  ap_ctrl_hs|  transpose<ap_fixed<16, 6, 5, 3, 0>, ap_fixed<16, 6, 5, 3, 0>, config4>|  return value|
|ap_return_53  |  out|   16|  ap_ctrl_hs|  transpose<ap_fixed<16, 6, 5, 3, 0>, ap_fixed<16, 6, 5, 3, 0>, config4>|  return value|
|ap_return_54  |  out|   16|  ap_ctrl_hs|  transpose<ap_fixed<16, 6, 5, 3, 0>, ap_fixed<16, 6, 5, 3, 0>, config4>|  return value|
|ap_return_55  |  out|   16|  ap_ctrl_hs|  transpose<ap_fixed<16, 6, 5, 3, 0>, ap_fixed<16, 6, 5, 3, 0>, config4>|  return value|
|ap_return_56  |  out|   16|  ap_ctrl_hs|  transpose<ap_fixed<16, 6, 5, 3, 0>, ap_fixed<16, 6, 5, 3, 0>, config4>|  return value|
|ap_return_57  |  out|   16|  ap_ctrl_hs|  transpose<ap_fixed<16, 6, 5, 3, 0>, ap_fixed<16, 6, 5, 3, 0>, config4>|  return value|
|ap_return_58  |  out|   16|  ap_ctrl_hs|  transpose<ap_fixed<16, 6, 5, 3, 0>, ap_fixed<16, 6, 5, 3, 0>, config4>|  return value|
|ap_return_59  |  out|   16|  ap_ctrl_hs|  transpose<ap_fixed<16, 6, 5, 3, 0>, ap_fixed<16, 6, 5, 3, 0>, config4>|  return value|
|ap_return_60  |  out|   16|  ap_ctrl_hs|  transpose<ap_fixed<16, 6, 5, 3, 0>, ap_fixed<16, 6, 5, 3, 0>, config4>|  return value|
|ap_return_61  |  out|   16|  ap_ctrl_hs|  transpose<ap_fixed<16, 6, 5, 3, 0>, ap_fixed<16, 6, 5, 3, 0>, config4>|  return value|
|ap_return_62  |  out|   16|  ap_ctrl_hs|  transpose<ap_fixed<16, 6, 5, 3, 0>, ap_fixed<16, 6, 5, 3, 0>, config4>|  return value|
|ap_return_63  |  out|   16|  ap_ctrl_hs|  transpose<ap_fixed<16, 6, 5, 3, 0>, ap_fixed<16, 6, 5, 3, 0>, config4>|  return value|
|ap_return_64  |  out|   16|  ap_ctrl_hs|  transpose<ap_fixed<16, 6, 5, 3, 0>, ap_fixed<16, 6, 5, 3, 0>, config4>|  return value|
|ap_return_65  |  out|   16|  ap_ctrl_hs|  transpose<ap_fixed<16, 6, 5, 3, 0>, ap_fixed<16, 6, 5, 3, 0>, config4>|  return value|
|ap_return_66  |  out|   16|  ap_ctrl_hs|  transpose<ap_fixed<16, 6, 5, 3, 0>, ap_fixed<16, 6, 5, 3, 0>, config4>|  return value|
|ap_return_67  |  out|   16|  ap_ctrl_hs|  transpose<ap_fixed<16, 6, 5, 3, 0>, ap_fixed<16, 6, 5, 3, 0>, config4>|  return value|
|ap_return_68  |  out|   16|  ap_ctrl_hs|  transpose<ap_fixed<16, 6, 5, 3, 0>, ap_fixed<16, 6, 5, 3, 0>, config4>|  return value|
|ap_return_69  |  out|   16|  ap_ctrl_hs|  transpose<ap_fixed<16, 6, 5, 3, 0>, ap_fixed<16, 6, 5, 3, 0>, config4>|  return value|
|ap_return_70  |  out|   16|  ap_ctrl_hs|  transpose<ap_fixed<16, 6, 5, 3, 0>, ap_fixed<16, 6, 5, 3, 0>, config4>|  return value|
|ap_return_71  |  out|   16|  ap_ctrl_hs|  transpose<ap_fixed<16, 6, 5, 3, 0>, ap_fixed<16, 6, 5, 3, 0>, config4>|  return value|
|ap_return_72  |  out|   16|  ap_ctrl_hs|  transpose<ap_fixed<16, 6, 5, 3, 0>, ap_fixed<16, 6, 5, 3, 0>, config4>|  return value|
|ap_return_73  |  out|   16|  ap_ctrl_hs|  transpose<ap_fixed<16, 6, 5, 3, 0>, ap_fixed<16, 6, 5, 3, 0>, config4>|  return value|
|ap_return_74  |  out|   16|  ap_ctrl_hs|  transpose<ap_fixed<16, 6, 5, 3, 0>, ap_fixed<16, 6, 5, 3, 0>, config4>|  return value|
|ap_return_75  |  out|   16|  ap_ctrl_hs|  transpose<ap_fixed<16, 6, 5, 3, 0>, ap_fixed<16, 6, 5, 3, 0>, config4>|  return value|
|ap_return_76  |  out|   16|  ap_ctrl_hs|  transpose<ap_fixed<16, 6, 5, 3, 0>, ap_fixed<16, 6, 5, 3, 0>, config4>|  return value|
|ap_return_77  |  out|   16|  ap_ctrl_hs|  transpose<ap_fixed<16, 6, 5, 3, 0>, ap_fixed<16, 6, 5, 3, 0>, config4>|  return value|
|ap_return_78  |  out|   16|  ap_ctrl_hs|  transpose<ap_fixed<16, 6, 5, 3, 0>, ap_fixed<16, 6, 5, 3, 0>, config4>|  return value|
|ap_return_79  |  out|   16|  ap_ctrl_hs|  transpose<ap_fixed<16, 6, 5, 3, 0>, ap_fixed<16, 6, 5, 3, 0>, config4>|  return value|
|data_0_val    |   in|   16|     ap_none|                                                              data_0_val|        scalar|
|data_1_val    |   in|   16|     ap_none|                                                              data_1_val|        scalar|
|data_2_val    |   in|   16|     ap_none|                                                              data_2_val|        scalar|
|data_3_val    |   in|   16|     ap_none|                                                              data_3_val|        scalar|
|data_4_val    |   in|   16|     ap_none|                                                              data_4_val|        scalar|
|data_5_val    |   in|   16|     ap_none|                                                              data_5_val|        scalar|
|data_6_val    |   in|   16|     ap_none|                                                              data_6_val|        scalar|
|data_7_val    |   in|   16|     ap_none|                                                              data_7_val|        scalar|
|data_8_val    |   in|   16|     ap_none|                                                              data_8_val|        scalar|
|data_9_val    |   in|   16|     ap_none|                                                              data_9_val|        scalar|
|data_10_val   |   in|   16|     ap_none|                                                             data_10_val|        scalar|
|data_11_val   |   in|   16|     ap_none|                                                             data_11_val|        scalar|
|data_12_val   |   in|   16|     ap_none|                                                             data_12_val|        scalar|
|data_13_val   |   in|   16|     ap_none|                                                             data_13_val|        scalar|
|data_14_val   |   in|   16|     ap_none|                                                             data_14_val|        scalar|
|data_15_val   |   in|   16|     ap_none|                                                             data_15_val|        scalar|
|data_16_val   |   in|   16|     ap_none|                                                             data_16_val|        scalar|
|data_17_val   |   in|   16|     ap_none|                                                             data_17_val|        scalar|
|data_18_val   |   in|   16|     ap_none|                                                             data_18_val|        scalar|
|data_19_val   |   in|   16|     ap_none|                                                             data_19_val|        scalar|
|data_20_val   |   in|   16|     ap_none|                                                             data_20_val|        scalar|
|data_21_val   |   in|   16|     ap_none|                                                             data_21_val|        scalar|
|data_22_val   |   in|   16|     ap_none|                                                             data_22_val|        scalar|
|data_23_val   |   in|   16|     ap_none|                                                             data_23_val|        scalar|
|data_24_val   |   in|   16|     ap_none|                                                             data_24_val|        scalar|
|data_25_val   |   in|   16|     ap_none|                                                             data_25_val|        scalar|
|data_26_val   |   in|   16|     ap_none|                                                             data_26_val|        scalar|
|data_27_val   |   in|   16|     ap_none|                                                             data_27_val|        scalar|
|data_28_val   |   in|   16|     ap_none|                                                             data_28_val|        scalar|
|data_29_val   |   in|   16|     ap_none|                                                             data_29_val|        scalar|
|data_30_val   |   in|   16|     ap_none|                                                             data_30_val|        scalar|
|data_31_val   |   in|   16|     ap_none|                                                             data_31_val|        scalar|
|data_32_val   |   in|   16|     ap_none|                                                             data_32_val|        scalar|
|data_33_val   |   in|   16|     ap_none|                                                             data_33_val|        scalar|
|data_34_val   |   in|   16|     ap_none|                                                             data_34_val|        scalar|
|data_35_val   |   in|   16|     ap_none|                                                             data_35_val|        scalar|
|data_36_val   |   in|   16|     ap_none|                                                             data_36_val|        scalar|
|data_37_val   |   in|   16|     ap_none|                                                             data_37_val|        scalar|
|data_38_val   |   in|   16|     ap_none|                                                             data_38_val|        scalar|
|data_39_val   |   in|   16|     ap_none|                                                             data_39_val|        scalar|
|data_40_val   |   in|   16|     ap_none|                                                             data_40_val|        scalar|
|data_41_val   |   in|   16|     ap_none|                                                             data_41_val|        scalar|
|data_42_val   |   in|   16|     ap_none|                                                             data_42_val|        scalar|
|data_43_val   |   in|   16|     ap_none|                                                             data_43_val|        scalar|
|data_44_val   |   in|   16|     ap_none|                                                             data_44_val|        scalar|
|data_45_val   |   in|   16|     ap_none|                                                             data_45_val|        scalar|
|data_46_val   |   in|   16|     ap_none|                                                             data_46_val|        scalar|
|data_47_val   |   in|   16|     ap_none|                                                             data_47_val|        scalar|
|data_48_val   |   in|   16|     ap_none|                                                             data_48_val|        scalar|
|data_49_val   |   in|   16|     ap_none|                                                             data_49_val|        scalar|
|data_50_val   |   in|   16|     ap_none|                                                             data_50_val|        scalar|
|data_51_val   |   in|   16|     ap_none|                                                             data_51_val|        scalar|
|data_52_val   |   in|   16|     ap_none|                                                             data_52_val|        scalar|
|data_53_val   |   in|   16|     ap_none|                                                             data_53_val|        scalar|
|data_54_val   |   in|   16|     ap_none|                                                             data_54_val|        scalar|
|data_55_val   |   in|   16|     ap_none|                                                             data_55_val|        scalar|
|data_56_val   |   in|   16|     ap_none|                                                             data_56_val|        scalar|
|data_57_val   |   in|   16|     ap_none|                                                             data_57_val|        scalar|
|data_58_val   |   in|   16|     ap_none|                                                             data_58_val|        scalar|
|data_59_val   |   in|   16|     ap_none|                                                             data_59_val|        scalar|
|data_60_val   |   in|   16|     ap_none|                                                             data_60_val|        scalar|
|data_61_val   |   in|   16|     ap_none|                                                             data_61_val|        scalar|
|data_62_val   |   in|   16|     ap_none|                                                             data_62_val|        scalar|
|data_63_val   |   in|   16|     ap_none|                                                             data_63_val|        scalar|
|data_64_val   |   in|   16|     ap_none|                                                             data_64_val|        scalar|
|data_65_val   |   in|   16|     ap_none|                                                             data_65_val|        scalar|
|data_66_val   |   in|   16|     ap_none|                                                             data_66_val|        scalar|
|data_67_val   |   in|   16|     ap_none|                                                             data_67_val|        scalar|
|data_68_val   |   in|   16|     ap_none|                                                             data_68_val|        scalar|
|data_69_val   |   in|   16|     ap_none|                                                             data_69_val|        scalar|
|data_70_val   |   in|   16|     ap_none|                                                             data_70_val|        scalar|
|data_71_val   |   in|   16|     ap_none|                                                             data_71_val|        scalar|
|data_72_val   |   in|   16|     ap_none|                                                             data_72_val|        scalar|
|data_73_val   |   in|   16|     ap_none|                                                             data_73_val|        scalar|
|data_74_val   |   in|   16|     ap_none|                                                             data_74_val|        scalar|
|data_75_val   |   in|   16|     ap_none|                                                             data_75_val|        scalar|
|data_76_val   |   in|   16|     ap_none|                                                             data_76_val|        scalar|
|data_77_val   |   in|   16|     ap_none|                                                             data_77_val|        scalar|
|data_78_val   |   in|   16|     ap_none|                                                             data_78_val|        scalar|
|data_79_val   |   in|   16|     ap_none|                                                             data_79_val|        scalar|
+--------------+-----+-----+------------+------------------------------------------------------------------------+--------------+

