

================================================================
== Vivado HLS Report for 'dense_latency_ap_fixed_ap_fixed_33_13_5_3_0_config3_2_0_0_0_0_0'
================================================================
* Date:           Thu Nov 14 17:13:47 2024

* Version:        2020.1 (Build 2897737 on Wed May 27 20:21:37 MDT 2020)
* Project:        myproject_prj
* Solution:       solution1
* Product family: virtexuplus
* Target device:  xcvu13p-flga2577-2-e


================================================================
== Performance Estimates
================================================================
+ Timing: 
    * Summary: 
    +--------+---------+----------+------------+
    |  Clock |  Target | Estimated| Uncertainty|
    +--------+---------+----------+------------+
    |ap_clk  | 5.00 ns | 3.930 ns |   0.62 ns  |
    +--------+---------+----------+------------+

+ Latency: 
    * Summary: 
    +---------+---------+----------+----------+-----+-----+----------+
    |  Latency (cycles) |  Latency (absolute) |  Interval | Pipeline |
    |   min   |   max   |    min   |    max   | min | max |   Type   |
    +---------+---------+----------+----------+-----+-----+----------+
    |        1|        1| 5.000 ns | 5.000 ns |    1|    1| function |
    +---------+---------+----------+----------+-----+-----+----------+

    + Detail: 
        * Instance: 
        N/A

        * Loop: 
        N/A

============================================================
+ Verbose Summary: Synthesis Manager
============================================================
InlineROM: 1
ExposeGlobal: 0
============================================================
+ Verbose Summary: CDFG Model
============================================================
IsTopModel: 0
ResetActiveHigh: 1
IsCombinational: 0
IsDatapathOnly: 0
HasWiredReturn: 1
HasMFsm: 2
HasVarLatency: 0
IsPipeline: 1
IsRtlPipelined: 1
IsInstanceOverlapped: 0
IsDontTouch: 0
HasImplIP: 0
IsGatedGlobalClock: 0

+ Individual pipeline summary: 
  * Pipeline-0: initiation interval (II) = 1, depth = 2


============================================================
+ Verbose Summary: Schedule
============================================================
* Number of FSM states : 2
* Pipeline : 1
  Pipeline-0 : II = 1, D = 2, States = { 1 2 }
* Dataflow Pipeline: 0

* FSM state transitions: 
1 --> 2 
2 --> 

* FSM state operations: 

State 1 <SV = 0> <Delay = 3.93>
ST_1 : Operation 3 [1/1] (0.00ns)   --->   "%data_3_V_read_3 = call i33 @_ssdm_op_Read.ap_auto.i33(i33 %data_3_V_read)" [firmware/nnet_utils/nnet_dense_latency.h:13]   --->   Operation 3 'read' 'data_3_V_read_3' <Predicate = true> <Delay = 0.00>
ST_1 : Operation 4 [1/1] (0.00ns)   --->   "%data_2_V_read_3 = call i33 @_ssdm_op_Read.ap_auto.i33(i33 %data_2_V_read)" [firmware/nnet_utils/nnet_dense_latency.h:13]   --->   Operation 4 'read' 'data_2_V_read_3' <Predicate = true> <Delay = 0.00>
ST_1 : Operation 5 [1/1] (0.00ns)   --->   "%data_1_V_read_3 = call i33 @_ssdm_op_Read.ap_auto.i33(i33 %data_1_V_read)" [firmware/nnet_utils/nnet_dense_latency.h:13]   --->   Operation 5 'read' 'data_1_V_read_3' <Predicate = true> <Delay = 0.00>
ST_1 : Operation 6 [1/1] (0.00ns)   --->   "%data_0_V_read_3 = call i33 @_ssdm_op_Read.ap_auto.i33(i33 %data_0_V_read)" [firmware/nnet_utils/nnet_dense_latency.h:13]   --->   Operation 6 'read' 'data_0_V_read_3' <Predicate = true> <Delay = 0.00>
ST_1 : Operation 7 [1/1] (0.00ns)   --->   "%trunc_ln1118 = trunc i33 %data_0_V_read_3 to i27" [firmware/nnet_utils/nnet_mult.h:73->firmware/nnet_utils/nnet_dense_latency.h:42]   --->   Operation 7 'trunc' 'trunc_ln1118' <Predicate = true> <Delay = 0.00>
ST_1 : Operation 8 [1/1] (0.00ns)   --->   "%shl_ln = call i36 @_ssdm_op_BitConcatenate.i36.i27.i9(i27 %trunc_ln1118, i9 0)" [firmware/nnet_utils/nnet_mult.h:73->firmware/nnet_utils/nnet_dense_latency.h:42]   --->   Operation 8 'bitconcatenate' 'shl_ln' <Predicate = true> <Delay = 0.00>
ST_1 : Operation 9 [1/1] (0.00ns)   --->   "%trunc_ln1118_1 = trunc i33 %data_0_V_read_3 to i31" [firmware/nnet_utils/nnet_mult.h:73->firmware/nnet_utils/nnet_dense_latency.h:42]   --->   Operation 9 'trunc' 'trunc_ln1118_1' <Predicate = true> <Delay = 0.00>
ST_1 : Operation 10 [1/1] (0.00ns)   --->   "%shl_ln1118_1 = call i36 @_ssdm_op_BitConcatenate.i36.i31.i5(i31 %trunc_ln1118_1, i5 0)" [firmware/nnet_utils/nnet_mult.h:73->firmware/nnet_utils/nnet_dense_latency.h:42]   --->   Operation 10 'bitconcatenate' 'shl_ln1118_1' <Predicate = true> <Delay = 0.00>
ST_1 : Operation 11 [1/1] (0.92ns)   --->   "%sub_ln1118 = sub i36 %shl_ln1118_1, %shl_ln" [firmware/nnet_utils/nnet_mult.h:73->firmware/nnet_utils/nnet_dense_latency.h:42]   --->   Operation 11 'sub' 'sub_ln1118' <Predicate = true> <Delay = 0.92> <Core = "AddSub">   --->   Core 14 'AddSub' <Latency = 0> <II = 1> <Delay = 0.78> <FuncUnit> <Opcode : 'add' 'sub'> <InPorts = 2> <OutPorts = 1>
ST_1 : Operation 12 [1/1] (0.00ns)   --->   "%trunc_ln708_3202 = call i16 @_ssdm_op_PartSelect.i16.i36.i32.i32(i36 %sub_ln1118, i32 20, i32 35)" [firmware/nnet_utils/nnet_dense_latency.h:42]   --->   Operation 12 'partselect' 'trunc_ln708_3202' <Predicate = true> <Delay = 0.00>
ST_1 : Operation 13 [1/1] (0.00ns)   --->   "%sext_ln1116_1718_cast = sext i33 %data_2_V_read_3 to i36" [firmware/nnet_utils/nnet_dense_latency.h:13]   --->   Operation 13 'sext' 'sext_ln1116_1718_cast' <Predicate = true> <Delay = 0.00>
ST_1 : Operation 14 [1/1] (3.14ns)   --->   "%mul_ln1118_4022 = mul i36 -551, %sext_ln1116_1718_cast" [firmware/nnet_utils/nnet_mult.h:73->firmware/nnet_utils/nnet_dense_latency.h:42]   --->   Operation 14 'mul' 'mul_ln1118_4022' <Predicate = true> <Delay = 3.14> <Core = "Mul">   --->   Core 16 'Mul' <Latency = 0> <II = 1> <Delay = 3.14> <FuncUnit> <Opcode : 'mul'> <InPorts = 2> <OutPorts = 1>
ST_1 : Operation 15 [1/1] (0.00ns)   --->   "%trunc_ln708_3207 = call i16 @_ssdm_op_PartSelect.i16.i36.i32.i32(i36 %mul_ln1118_4022, i32 20, i32 35)" [firmware/nnet_utils/nnet_dense_latency.h:42]   --->   Operation 15 'partselect' 'trunc_ln708_3207' <Predicate = true> <Delay = 0.00>
ST_1 : Operation 16 [1/1] (0.00ns)   --->   "%trunc_ln1118_2 = trunc i33 %data_2_V_read_3 to i28" [firmware/nnet_utils/nnet_mult.h:73->firmware/nnet_utils/nnet_dense_latency.h:42]   --->   Operation 16 'trunc' 'trunc_ln1118_2' <Predicate = true> <Delay = 0.00>
ST_1 : Operation 17 [1/1] (0.00ns)   --->   "%shl_ln1118_2 = call i36 @_ssdm_op_BitConcatenate.i36.i28.i8(i28 %trunc_ln1118_2, i8 0)" [firmware/nnet_utils/nnet_mult.h:73->firmware/nnet_utils/nnet_dense_latency.h:42]   --->   Operation 17 'bitconcatenate' 'shl_ln1118_2' <Predicate = true> <Delay = 0.00>
ST_1 : Operation 18 [1/1] (0.00ns)   --->   "%trunc_ln1118_3 = trunc i33 %data_2_V_read_3 to i32" [firmware/nnet_utils/nnet_mult.h:73->firmware/nnet_utils/nnet_dense_latency.h:42]   --->   Operation 18 'trunc' 'trunc_ln1118_3' <Predicate = true> <Delay = 0.00>
ST_1 : Operation 19 [1/1] (0.00ns)   --->   "%shl_ln1118_3 = call i36 @_ssdm_op_BitConcatenate.i36.i32.i4(i32 %trunc_ln1118_3, i4 0)" [firmware/nnet_utils/nnet_mult.h:73->firmware/nnet_utils/nnet_dense_latency.h:42]   --->   Operation 19 'bitconcatenate' 'shl_ln1118_3' <Predicate = true> <Delay = 0.00>
ST_1 : Operation 20 [1/1] (0.92ns)   --->   "%sub_ln1118_1 = sub i36 %shl_ln1118_2, %shl_ln1118_3" [firmware/nnet_utils/nnet_mult.h:73->firmware/nnet_utils/nnet_dense_latency.h:42]   --->   Operation 20 'sub' 'sub_ln1118_1' <Predicate = true> <Delay = 0.92> <Core = "AddSub">   --->   Core 14 'AddSub' <Latency = 0> <II = 1> <Delay = 0.78> <FuncUnit> <Opcode : 'add' 'sub'> <InPorts = 2> <OutPorts = 1>
ST_1 : Operation 21 [1/1] (0.00ns)   --->   "%trunc_ln708_3208 = call i16 @_ssdm_op_PartSelect.i16.i36.i32.i32(i36 %sub_ln1118_1, i32 20, i32 35)" [firmware/nnet_utils/nnet_dense_latency.h:42]   --->   Operation 21 'partselect' 'trunc_ln708_3208' <Predicate = true> <Delay = 0.00>
ST_1 : Operation 22 [1/1] (3.14ns)   --->   "%mul_ln1118_4023 = mul i36 312, %sext_ln1116_1718_cast" [firmware/nnet_utils/nnet_mult.h:73->firmware/nnet_utils/nnet_dense_latency.h:42]   --->   Operation 22 'mul' 'mul_ln1118_4023' <Predicate = true> <Delay = 3.14> <Core = "Mul">   --->   Core 16 'Mul' <Latency = 0> <II = 1> <Delay = 3.14> <FuncUnit> <Opcode : 'mul'> <InPorts = 2> <OutPorts = 1>
ST_1 : Operation 23 [1/1] (0.00ns)   --->   "%trunc_ln708_3209 = call i16 @_ssdm_op_PartSelect.i16.i36.i32.i32(i36 %mul_ln1118_4023, i32 20, i32 35)" [firmware/nnet_utils/nnet_dense_latency.h:42]   --->   Operation 23 'partselect' 'trunc_ln708_3209' <Predicate = true> <Delay = 0.00>
ST_1 : Operation 24 [1/1] (3.14ns)   --->   "%mul_ln1118_4024 = mul i36 -602, %sext_ln1116_1718_cast" [firmware/nnet_utils/nnet_mult.h:73->firmware/nnet_utils/nnet_dense_latency.h:42]   --->   Operation 24 'mul' 'mul_ln1118_4024' <Predicate = true> <Delay = 3.14> <Core = "Mul">   --->   Core 16 'Mul' <Latency = 0> <II = 1> <Delay = 3.14> <FuncUnit> <Opcode : 'mul'> <InPorts = 2> <OutPorts = 1>
ST_1 : Operation 25 [1/1] (0.00ns)   --->   "%trunc_ln708_3210 = call i16 @_ssdm_op_PartSelect.i16.i36.i32.i32(i36 %mul_ln1118_4024, i32 20, i32 35)" [firmware/nnet_utils/nnet_dense_latency.h:42]   --->   Operation 25 'partselect' 'trunc_ln708_3210' <Predicate = true> <Delay = 0.00>
ST_1 : Operation 26 [1/1] (0.00ns)   --->   "%sext_ln1116_1719_cast = sext i33 %data_3_V_read_3 to i36" [firmware/nnet_utils/nnet_dense_latency.h:13]   --->   Operation 26 'sext' 'sext_ln1116_1719_cast' <Predicate = true> <Delay = 0.00>
ST_1 : Operation 27 [1/1] (3.14ns)   --->   "%mul_ln1118_4025 = mul i36 -540, %sext_ln1116_1719_cast" [firmware/nnet_utils/nnet_mult.h:73->firmware/nnet_utils/nnet_dense_latency.h:42]   --->   Operation 27 'mul' 'mul_ln1118_4025' <Predicate = true> <Delay = 3.14> <Core = "Mul">   --->   Core 16 'Mul' <Latency = 0> <II = 1> <Delay = 3.14> <FuncUnit> <Opcode : 'mul'> <InPorts = 2> <OutPorts = 1>
ST_1 : Operation 28 [1/1] (0.00ns)   --->   "%trunc_ln708_3211 = call i16 @_ssdm_op_PartSelect.i16.i36.i32.i32(i36 %mul_ln1118_4025, i32 20, i32 35)" [firmware/nnet_utils/nnet_dense_latency.h:42]   --->   Operation 28 'partselect' 'trunc_ln708_3211' <Predicate = true> <Delay = 0.00>
ST_1 : Operation 29 [1/1] (3.14ns)   --->   "%mul_ln1118_4026 = mul i36 601, %sext_ln1116_1719_cast" [firmware/nnet_utils/nnet_mult.h:73->firmware/nnet_utils/nnet_dense_latency.h:42]   --->   Operation 29 'mul' 'mul_ln1118_4026' <Predicate = true> <Delay = 3.14> <Core = "Mul">   --->   Core 16 'Mul' <Latency = 0> <II = 1> <Delay = 3.14> <FuncUnit> <Opcode : 'mul'> <InPorts = 2> <OutPorts = 1>
ST_1 : Operation 30 [1/1] (0.00ns)   --->   "%trunc_ln708_3212 = call i16 @_ssdm_op_PartSelect.i16.i36.i32.i32(i36 %mul_ln1118_4026, i32 20, i32 35)" [firmware/nnet_utils/nnet_dense_latency.h:42]   --->   Operation 30 'partselect' 'trunc_ln708_3212' <Predicate = true> <Delay = 0.00>
ST_1 : Operation 31 [1/1] (3.14ns)   --->   "%mul_ln1118_4027 = mul i36 498, %sext_ln1116_1719_cast" [firmware/nnet_utils/nnet_mult.h:73->firmware/nnet_utils/nnet_dense_latency.h:42]   --->   Operation 31 'mul' 'mul_ln1118_4027' <Predicate = true> <Delay = 3.14> <Core = "Mul">   --->   Core 16 'Mul' <Latency = 0> <II = 1> <Delay = 3.14> <FuncUnit> <Opcode : 'mul'> <InPorts = 2> <OutPorts = 1>
ST_1 : Operation 32 [1/1] (0.00ns)   --->   "%trunc_ln708_3213 = call i16 @_ssdm_op_PartSelect.i16.i36.i32.i32(i36 %mul_ln1118_4027, i32 20, i32 35)" [firmware/nnet_utils/nnet_dense_latency.h:42]   --->   Operation 32 'partselect' 'trunc_ln708_3213' <Predicate = true> <Delay = 0.00>
ST_1 : Operation 33 [1/1] (3.14ns)   --->   "%mul_ln1118_4028 = mul i36 -532, %sext_ln1116_1719_cast" [firmware/nnet_utils/nnet_mult.h:73->firmware/nnet_utils/nnet_dense_latency.h:42]   --->   Operation 33 'mul' 'mul_ln1118_4028' <Predicate = true> <Delay = 3.14> <Core = "Mul">   --->   Core 16 'Mul' <Latency = 0> <II = 1> <Delay = 3.14> <FuncUnit> <Opcode : 'mul'> <InPorts = 2> <OutPorts = 1>
ST_1 : Operation 34 [1/1] (0.00ns)   --->   "%trunc_ln708_3214 = call i16 @_ssdm_op_PartSelect.i16.i36.i32.i32(i36 %mul_ln1118_4028, i32 20, i32 35)" [firmware/nnet_utils/nnet_dense_latency.h:42]   --->   Operation 34 'partselect' 'trunc_ln708_3214' <Predicate = true> <Delay = 0.00>
ST_1 : Operation 35 [1/1] (0.78ns)   --->   "%add_ln703_1519 = add i16 %trunc_ln708_3207, %trunc_ln708_3211" [firmware/nnet_utils/nnet_dense_latency.h:58]   --->   Operation 35 'add' 'add_ln703_1519' <Predicate = true> <Delay = 0.78> <Core = "AddSub">   --->   Core 14 'AddSub' <Latency = 0> <II = 1> <Delay = 0.78> <FuncUnit> <Opcode : 'add' 'sub'> <InPorts = 2> <OutPorts = 1>
ST_1 : Operation 36 [1/1] (0.78ns)   --->   "%add_ln703_1522 = add i16 %trunc_ln708_3208, %trunc_ln708_3212" [firmware/nnet_utils/nnet_dense_latency.h:58]   --->   Operation 36 'add' 'add_ln703_1522' <Predicate = true> <Delay = 0.78> <Core = "AddSub">   --->   Core 14 'AddSub' <Latency = 0> <II = 1> <Delay = 0.78> <FuncUnit> <Opcode : 'add' 'sub'> <InPorts = 2> <OutPorts = 1>
ST_1 : Operation 37 [1/1] (0.78ns)   --->   "%add_ln703_1525 = add i16 %trunc_ln708_3209, %trunc_ln708_3213" [firmware/nnet_utils/nnet_dense_latency.h:58]   --->   Operation 37 'add' 'add_ln703_1525' <Predicate = true> <Delay = 0.78> <Core = "AddSub">   --->   Core 14 'AddSub' <Latency = 0> <II = 1> <Delay = 0.78> <FuncUnit> <Opcode : 'add' 'sub'> <InPorts = 2> <OutPorts = 1>
ST_1 : Operation 38 [1/1] (0.78ns)   --->   "%add_ln703_1528 = add i16 %trunc_ln708_3210, %trunc_ln708_3214" [firmware/nnet_utils/nnet_dense_latency.h:58]   --->   Operation 38 'add' 'add_ln703_1528' <Predicate = true> <Delay = 0.78> <Core = "AddSub">   --->   Core 14 'AddSub' <Latency = 0> <II = 1> <Delay = 0.78> <FuncUnit> <Opcode : 'add' 'sub'> <InPorts = 2> <OutPorts = 1>

State 2 <SV = 1> <Delay = 3.82>
ST_2 : Operation 39 [1/1] (0.00ns)   --->   "call void (...)* @_ssdm_op_SpecPipeline(i32 1, i32 1, i32 1, i32 0, [1 x i8]* @p_str9) nounwind" [firmware/nnet_utils/nnet_dense_latency.h:26]   --->   Operation 39 'specpipeline' <Predicate = true> <Delay = 0.00>
ST_2 : Operation 40 [1/1] (0.00ns)   --->   "call void (...)* @_ssdm_op_SpecResourceLimit(i32 16, [4 x i8]* @p_str20, [1 x i8]* @p_str9, [1 x i8]* @p_str9, [1 x i8]* @p_str9) nounwind" [firmware/nnet_utils/nnet_dense_latency.h:33]   --->   Operation 40 'specresourcelimit' <Predicate = true> <Delay = 0.00>
ST_2 : Operation 41 [1/1] (0.00ns)   --->   "%sext_ln1116_cast = sext i33 %data_0_V_read_3 to i36" [firmware/nnet_utils/nnet_dense_latency.h:13]   --->   Operation 41 'sext' 'sext_ln1116_cast' <Predicate = true> <Delay = 0.00>
ST_2 : Operation 42 [1/1] (3.14ns)   --->   "%mul_ln1118 = mul i36 487, %sext_ln1116_cast" [firmware/nnet_utils/nnet_mult.h:73->firmware/nnet_utils/nnet_dense_latency.h:42]   --->   Operation 42 'mul' 'mul_ln1118' <Predicate = true> <Delay = 3.14> <Core = "Mul">   --->   Core 16 'Mul' <Latency = 0> <II = 1> <Delay = 3.14> <FuncUnit> <Opcode : 'mul'> <InPorts = 2> <OutPorts = 1>
ST_2 : Operation 43 [1/1] (0.00ns)   --->   "%trunc_ln = call i16 @_ssdm_op_PartSelect.i16.i36.i32.i32(i36 %mul_ln1118, i32 20, i32 35)" [firmware/nnet_utils/nnet_dense_latency.h:42]   --->   Operation 43 'partselect' 'trunc_ln' <Predicate = true> <Delay = 0.00>
ST_2 : Operation 44 [1/1] (3.14ns)   --->   "%mul_ln1118_4016 = mul i36 695, %sext_ln1116_cast" [firmware/nnet_utils/nnet_mult.h:73->firmware/nnet_utils/nnet_dense_latency.h:42]   --->   Operation 44 'mul' 'mul_ln1118_4016' <Predicate = true> <Delay = 3.14> <Core = "Mul">   --->   Core 16 'Mul' <Latency = 0> <II = 1> <Delay = 3.14> <FuncUnit> <Opcode : 'mul'> <InPorts = 2> <OutPorts = 1>
ST_2 : Operation 45 [1/1] (0.00ns)   --->   "%trunc_ln708_s = call i16 @_ssdm_op_PartSelect.i16.i36.i32.i32(i36 %mul_ln1118_4016, i32 20, i32 35)" [firmware/nnet_utils/nnet_dense_latency.h:42]   --->   Operation 45 'partselect' 'trunc_ln708_s' <Predicate = true> <Delay = 0.00>
ST_2 : Operation 46 [1/1] (3.14ns)   --->   "%mul_ln1118_4017 = mul i36 -396, %sext_ln1116_cast" [firmware/nnet_utils/nnet_mult.h:73->firmware/nnet_utils/nnet_dense_latency.h:42]   --->   Operation 46 'mul' 'mul_ln1118_4017' <Predicate = true> <Delay = 3.14> <Core = "Mul">   --->   Core 16 'Mul' <Latency = 0> <II = 1> <Delay = 3.14> <FuncUnit> <Opcode : 'mul'> <InPorts = 2> <OutPorts = 1>
ST_2 : Operation 47 [1/1] (0.00ns)   --->   "%trunc_ln708_3201 = call i16 @_ssdm_op_PartSelect.i16.i36.i32.i32(i36 %mul_ln1118_4017, i32 20, i32 35)" [firmware/nnet_utils/nnet_dense_latency.h:42]   --->   Operation 47 'partselect' 'trunc_ln708_3201' <Predicate = true> <Delay = 0.00>
ST_2 : Operation 48 [1/1] (0.00ns)   --->   "%sext_ln1116_1717_cast = sext i33 %data_1_V_read_3 to i36" [firmware/nnet_utils/nnet_dense_latency.h:13]   --->   Operation 48 'sext' 'sext_ln1116_1717_cast' <Predicate = true> <Delay = 0.00>
ST_2 : Operation 49 [1/1] (3.14ns)   --->   "%mul_ln1118_4018 = mul i36 550, %sext_ln1116_1717_cast" [firmware/nnet_utils/nnet_mult.h:73->firmware/nnet_utils/nnet_dense_latency.h:42]   --->   Operation 49 'mul' 'mul_ln1118_4018' <Predicate = true> <Delay = 3.14> <Core = "Mul">   --->   Core 16 'Mul' <Latency = 0> <II = 1> <Delay = 3.14> <FuncUnit> <Opcode : 'mul'> <InPorts = 2> <OutPorts = 1>
ST_2 : Operation 50 [1/1] (0.00ns)   --->   "%trunc_ln708_3203 = call i16 @_ssdm_op_PartSelect.i16.i36.i32.i32(i36 %mul_ln1118_4018, i32 20, i32 35)" [firmware/nnet_utils/nnet_dense_latency.h:42]   --->   Operation 50 'partselect' 'trunc_ln708_3203' <Predicate = true> <Delay = 0.00>
ST_2 : Operation 51 [1/1] (3.14ns)   --->   "%mul_ln1118_4019 = mul i36 -683, %sext_ln1116_1717_cast" [firmware/nnet_utils/nnet_mult.h:73->firmware/nnet_utils/nnet_dense_latency.h:42]   --->   Operation 51 'mul' 'mul_ln1118_4019' <Predicate = true> <Delay = 3.14> <Core = "Mul">   --->   Core 16 'Mul' <Latency = 0> <II = 1> <Delay = 3.14> <FuncUnit> <Opcode : 'mul'> <InPorts = 2> <OutPorts = 1>
ST_2 : Operation 52 [1/1] (0.00ns)   --->   "%trunc_ln708_3204 = call i16 @_ssdm_op_PartSelect.i16.i36.i32.i32(i36 %mul_ln1118_4019, i32 20, i32 35)" [firmware/nnet_utils/nnet_dense_latency.h:42]   --->   Operation 52 'partselect' 'trunc_ln708_3204' <Predicate = true> <Delay = 0.00>
ST_2 : Operation 53 [1/1] (3.14ns)   --->   "%mul_ln1118_4020 = mul i36 109, %sext_ln1116_1717_cast" [firmware/nnet_utils/nnet_mult.h:73->firmware/nnet_utils/nnet_dense_latency.h:42]   --->   Operation 53 'mul' 'mul_ln1118_4020' <Predicate = true> <Delay = 3.14> <Core = "Mul">   --->   Core 16 'Mul' <Latency = 0> <II = 1> <Delay = 3.14> <FuncUnit> <Opcode : 'mul'> <InPorts = 2> <OutPorts = 1>
ST_2 : Operation 54 [1/1] (0.00ns)   --->   "%trunc_ln708_3205 = call i16 @_ssdm_op_PartSelect.i16.i36.i32.i32(i36 %mul_ln1118_4020, i32 20, i32 35)" [firmware/nnet_utils/nnet_dense_latency.h:42]   --->   Operation 54 'partselect' 'trunc_ln708_3205' <Predicate = true> <Delay = 0.00>
ST_2 : Operation 55 [1/1] (3.14ns)   --->   "%mul_ln1118_4021 = mul i36 683, %sext_ln1116_1717_cast" [firmware/nnet_utils/nnet_mult.h:73->firmware/nnet_utils/nnet_dense_latency.h:42]   --->   Operation 55 'mul' 'mul_ln1118_4021' <Predicate = true> <Delay = 3.14> <Core = "Mul">   --->   Core 16 'Mul' <Latency = 0> <II = 1> <Delay = 3.14> <FuncUnit> <Opcode : 'mul'> <InPorts = 2> <OutPorts = 1>
ST_2 : Operation 56 [1/1] (0.00ns)   --->   "%trunc_ln708_3206 = call i16 @_ssdm_op_PartSelect.i16.i36.i32.i32(i36 %mul_ln1118_4021, i32 20, i32 35)" [firmware/nnet_utils/nnet_dense_latency.h:42]   --->   Operation 56 'partselect' 'trunc_ln708_3206' <Predicate = true> <Delay = 0.00>
ST_2 : Operation 57 [1/1] (0.00ns) (grouped into TernaryAdder)   --->   "%add_ln703 = add i16 %trunc_ln708_3203, %trunc_ln" [firmware/nnet_utils/nnet_dense_latency.h:58]   --->   Operation 57 'add' 'add_ln703' <Predicate = true> <Delay = 0.00> <Core = "TAddSub">   --->   Core 83 'TAddSub' <Latency = 0> <II = 1> <Delay = 0.33> <IPBlock> <Opcode : 'add' 'sub'> <InPorts = 3> <OutPorts = 1> <Sync> <CReg>
ST_2 : Operation 58 [1/1] (0.67ns) (root node of TernaryAdder)   --->   "%p_Val2_s = add i16 %add_ln703_1519, %add_ln703" [firmware/nnet_utils/nnet_dense_latency.h:58]   --->   Operation 58 'add' 'p_Val2_s' <Predicate = true> <Delay = 0.67> <Core = "TAddSub">   --->   Core 83 'TAddSub' <Latency = 0> <II = 1> <Delay = 0.33> <IPBlock> <Opcode : 'add' 'sub'> <InPorts = 3> <OutPorts = 1> <Sync> <CReg>
ST_2 : Operation 59 [1/1] (0.00ns) (grouped into TernaryAdder)   --->   "%add_ln703_1521 = add i16 %trunc_ln708_3204, %trunc_ln708_s" [firmware/nnet_utils/nnet_dense_latency.h:58]   --->   Operation 59 'add' 'add_ln703_1521' <Predicate = true> <Delay = 0.00> <Core = "TAddSub">   --->   Core 83 'TAddSub' <Latency = 0> <II = 1> <Delay = 0.33> <IPBlock> <Opcode : 'add' 'sub'> <InPorts = 3> <OutPorts = 1> <Sync> <CReg>
ST_2 : Operation 60 [1/1] (0.67ns) (root node of TernaryAdder)   --->   "%acc_1_V = add i16 %add_ln703_1522, %add_ln703_1521" [firmware/nnet_utils/nnet_dense_latency.h:58]   --->   Operation 60 'add' 'acc_1_V' <Predicate = true> <Delay = 0.67> <Core = "TAddSub">   --->   Core 83 'TAddSub' <Latency = 0> <II = 1> <Delay = 0.33> <IPBlock> <Opcode : 'add' 'sub'> <InPorts = 3> <OutPorts = 1> <Sync> <CReg>
ST_2 : Operation 61 [1/1] (0.00ns) (grouped into TernaryAdder)   --->   "%add_ln703_1524 = add i16 %trunc_ln708_3205, %trunc_ln708_3201" [firmware/nnet_utils/nnet_dense_latency.h:58]   --->   Operation 61 'add' 'add_ln703_1524' <Predicate = true> <Delay = 0.00> <Core = "TAddSub">   --->   Core 83 'TAddSub' <Latency = 0> <II = 1> <Delay = 0.33> <IPBlock> <Opcode : 'add' 'sub'> <InPorts = 3> <OutPorts = 1> <Sync> <CReg>
ST_2 : Operation 62 [1/1] (0.67ns) (root node of TernaryAdder)   --->   "%acc_2_V = add i16 %add_ln703_1525, %add_ln703_1524" [firmware/nnet_utils/nnet_dense_latency.h:58]   --->   Operation 62 'add' 'acc_2_V' <Predicate = true> <Delay = 0.67> <Core = "TAddSub">   --->   Core 83 'TAddSub' <Latency = 0> <II = 1> <Delay = 0.33> <IPBlock> <Opcode : 'add' 'sub'> <InPorts = 3> <OutPorts = 1> <Sync> <CReg>
ST_2 : Operation 63 [1/1] (0.00ns) (grouped into TernaryAdder)   --->   "%add_ln703_1527 = add i16 %trunc_ln708_3206, %trunc_ln708_3202" [firmware/nnet_utils/nnet_dense_latency.h:58]   --->   Operation 63 'add' 'add_ln703_1527' <Predicate = true> <Delay = 0.00> <Core = "TAddSub">   --->   Core 83 'TAddSub' <Latency = 0> <II = 1> <Delay = 0.33> <IPBlock> <Opcode : 'add' 'sub'> <InPorts = 3> <OutPorts = 1> <Sync> <CReg>
ST_2 : Operation 64 [1/1] (0.67ns) (root node of TernaryAdder)   --->   "%acc_3_V = add i16 %add_ln703_1528, %add_ln703_1527" [firmware/nnet_utils/nnet_dense_latency.h:58]   --->   Operation 64 'add' 'acc_3_V' <Predicate = true> <Delay = 0.67> <Core = "TAddSub">   --->   Core 83 'TAddSub' <Latency = 0> <II = 1> <Delay = 0.33> <IPBlock> <Opcode : 'add' 'sub'> <InPorts = 3> <OutPorts = 1> <Sync> <CReg>
ST_2 : Operation 65 [1/1] (0.00ns)   --->   "%res_0_V_write_assign = call i26 @_ssdm_op_BitConcatenate.i26.i16.i10(i16 %p_Val2_s, i10 0)" [firmware/nnet_utils/nnet_mult.h:111->firmware/nnet_utils/nnet_dense_latency.h:66]   --->   Operation 65 'bitconcatenate' 'res_0_V_write_assign' <Predicate = true> <Delay = 0.00>
ST_2 : Operation 66 [1/1] (0.00ns)   --->   "%sext_ln728 = sext i26 %res_0_V_write_assign to i33" [firmware/nnet_utils/nnet_mult.h:111->firmware/nnet_utils/nnet_dense_latency.h:66]   --->   Operation 66 'sext' 'sext_ln728' <Predicate = true> <Delay = 0.00>
ST_2 : Operation 67 [1/1] (0.00ns)   --->   "%res_1_V_write_assign = call i26 @_ssdm_op_BitConcatenate.i26.i16.i10(i16 %acc_1_V, i10 0)" [firmware/nnet_utils/nnet_mult.h:111->firmware/nnet_utils/nnet_dense_latency.h:66]   --->   Operation 67 'bitconcatenate' 'res_1_V_write_assign' <Predicate = true> <Delay = 0.00>
ST_2 : Operation 68 [1/1] (0.00ns)   --->   "%sext_ln728_1 = sext i26 %res_1_V_write_assign to i33" [firmware/nnet_utils/nnet_mult.h:111->firmware/nnet_utils/nnet_dense_latency.h:66]   --->   Operation 68 'sext' 'sext_ln728_1' <Predicate = true> <Delay = 0.00>
ST_2 : Operation 69 [1/1] (0.00ns)   --->   "%res_2_V_write_assign = call i26 @_ssdm_op_BitConcatenate.i26.i16.i10(i16 %acc_2_V, i10 0)" [firmware/nnet_utils/nnet_mult.h:111->firmware/nnet_utils/nnet_dense_latency.h:66]   --->   Operation 69 'bitconcatenate' 'res_2_V_write_assign' <Predicate = true> <Delay = 0.00>
ST_2 : Operation 70 [1/1] (0.00ns)   --->   "%sext_ln728_2 = sext i26 %res_2_V_write_assign to i33" [firmware/nnet_utils/nnet_mult.h:111->firmware/nnet_utils/nnet_dense_latency.h:66]   --->   Operation 70 'sext' 'sext_ln728_2' <Predicate = true> <Delay = 0.00>
ST_2 : Operation 71 [1/1] (0.00ns)   --->   "%res_3_V_write_assign = call i26 @_ssdm_op_BitConcatenate.i26.i16.i10(i16 %acc_3_V, i10 0)" [firmware/nnet_utils/nnet_mult.h:111->firmware/nnet_utils/nnet_dense_latency.h:66]   --->   Operation 71 'bitconcatenate' 'res_3_V_write_assign' <Predicate = true> <Delay = 0.00>
ST_2 : Operation 72 [1/1] (0.00ns)   --->   "%sext_ln728_3 = sext i26 %res_3_V_write_assign to i33" [firmware/nnet_utils/nnet_mult.h:111->firmware/nnet_utils/nnet_dense_latency.h:66]   --->   Operation 72 'sext' 'sext_ln728_3' <Predicate = true> <Delay = 0.00>
ST_2 : Operation 73 [1/1] (0.00ns)   --->   "%mrv = insertvalue { i33, i33, i33, i33 } undef, i33 %sext_ln728, 0" [firmware/nnet_utils/nnet_dense_latency.h:68]   --->   Operation 73 'insertvalue' 'mrv' <Predicate = true> <Delay = 0.00>
ST_2 : Operation 74 [1/1] (0.00ns)   --->   "%mrv_1 = insertvalue { i33, i33, i33, i33 } %mrv, i33 %sext_ln728_1, 1" [firmware/nnet_utils/nnet_dense_latency.h:68]   --->   Operation 74 'insertvalue' 'mrv_1' <Predicate = true> <Delay = 0.00>
ST_2 : Operation 75 [1/1] (0.00ns)   --->   "%mrv_2 = insertvalue { i33, i33, i33, i33 } %mrv_1, i33 %sext_ln728_2, 2" [firmware/nnet_utils/nnet_dense_latency.h:68]   --->   Operation 75 'insertvalue' 'mrv_2' <Predicate = true> <Delay = 0.00>
ST_2 : Operation 76 [1/1] (0.00ns)   --->   "%mrv_3 = insertvalue { i33, i33, i33, i33 } %mrv_2, i33 %sext_ln728_3, 3" [firmware/nnet_utils/nnet_dense_latency.h:68]   --->   Operation 76 'insertvalue' 'mrv_3' <Predicate = true> <Delay = 0.00>
ST_2 : Operation 77 [1/1] (0.00ns)   --->   "ret { i33, i33, i33, i33 } %mrv_3" [firmware/nnet_utils/nnet_dense_latency.h:68]   --->   Operation 77 'ret' <Predicate = true> <Delay = 0.00>


============================================================
+ Verbose Summary: Timing violations
============================================================
Target clock period: 5ns, clock uncertainty: 0.625ns.

 <State 1>: 3.93ns
The critical path consists of the following:
	wire read on port 'data_3_V_read' (firmware/nnet_utils/nnet_dense_latency.h:13) [5]  (0 ns)
	'mul' operation ('mul_ln1118_4025', firmware/nnet_utils/nnet_mult.h:73->firmware/nnet_utils/nnet_dense_latency.h:42) [47]  (3.15 ns)
	'add' operation ('add_ln703_1519', firmware/nnet_utils/nnet_dense_latency.h:58) [56]  (0.785 ns)

 <State 2>: 3.82ns
The critical path consists of the following:
	'mul' operation ('mul_ln1118', firmware/nnet_utils/nnet_mult.h:73->firmware/nnet_utils/nnet_dense_latency.h:42) [12]  (3.15 ns)
	'add' operation ('add_ln703', firmware/nnet_utils/nnet_dense_latency.h:58) [55]  (0 ns)
	'add' operation ('__Val2__', firmware/nnet_utils/nnet_dense_latency.h:58) [57]  (0.675 ns)


============================================================
+ Verbose Summary: Binding
============================================================
N/A
* FSMD analyzer results:
  - Output states:
 - Input state : 
  - Chain level:
	State 1
	State 2


============================================================
+ Verbose Summary: Datapath Resource usage 
============================================================
N/A
