

================================================================
== Vitis HLS Report for 'layernorm_1d_ap_fixed_16_6_5_3_0_ap_fixed_16_6_5_3_0_config2_s'
================================================================
* Date:           Wed Nov 20 09:24:37 2024

* Version:        2020.1 (Build 2902540 on Wed May 27 20:16:15 MDT 2020)
* Project:        myproject_prj
* Solution:       solution1 (Vivado IP Flow Target)
* Product family: virtexuplus
* Target device:  xcvu13p-flga2577-2-e


================================================================
== Performance Estimates
================================================================
+ Timing: 
    * Summary: 
    +--------+---------+----------+------------+
    |  Clock |  Target | Estimated| Uncertainty|
    +--------+---------+----------+------------+
    |ap_clk  | 5.00 ns | 4.285 ns |   0.62 ns  |
    +--------+---------+----------+------------+

+ Latency: 
    * Summary: 
    +---------+---------+-----------+-----------+-----+-----+----------+
    |  Latency (cycles) |   Latency (absolute)  |  Interval | Pipeline |
    |   min   |   max   |    min    |    max    | min | max |   Type   |
    +---------+---------+-----------+-----------+-----+-----+----------+
    |        4|        4| 20.000 ns | 20.000 ns |    1|    1| function |
    +---------+---------+-----------+-----------+-----+-----+----------+

    + Detail: 
        * Instance: 
        +---------------------------------------+-----------------------------+---------+---------+----------+----------+-----+-----+----------+
        |                                       |                             |  Latency (cycles) |  Latency (absolute) |  Interval | Pipeline |
        |                Instance               |            Module           |   min   |   max   |    min   |    max   | min | max |   Type   |
        +---------------------------------------+-----------------------------+---------+---------+----------+----------+-----+-----+----------+
        |grp_lookup_invert_sqr_config2_s_fu_78  |lookup_invert_sqr_config2_s  |        1|        1| 5.000 ns | 5.000 ns |    1|    1| function |
        +---------------------------------------+-----------------------------+---------+---------+----------+----------+-----+-----+----------+

        * Loop: 
        N/A

============================================================
+ Verbose Summary: Synthesis Manager
============================================================
InlineROM: 1
ExposeGlobal: 0
============================================================
+ Verbose Summary: CDFG Model
============================================================
IsTopModel: 0
ResetActiveHigh: 1
IsCombinational: 0
IsDatapathOnly: 0
HasWiredReturn: 1
HasMFsm: 2
HasVarLatency: 0
IsPipeline: 1
IsRtlPipelined: 1
IsInstanceOverlapped: 0
IsDontTouch: 0
HasImplIP: 0
IsGatedGlobalClock: 0

+ Individual pipeline summary: 
  * Pipeline-0: initiation interval (II) = 1, depth = 5


============================================================
+ Verbose Summary: Schedule
============================================================
* Number of FSM states : 5
* Pipeline : 1
  Pipeline-0 : II = 1, D = 5, States = { 1 2 3 4 5 }
* Dataflow Pipeline: 0

* FSM state transitions: 
1 --> 2 
2 --> 3 
3 --> 4 
4 --> 5 
5 --> 

* FSM state operations: 

State 1 <SV = 0> <Delay = 4.04>
ST_1 : Operation 6 [1/1] (0.00ns)   --->   "%p_read49 = read i16 @_ssdm_op_Read.ap_auto.i16, i16 %p_read4"   --->   Operation 6 'read' 'p_read49' <Predicate = true> <Delay = 0.00>
ST_1 : Operation 7 [1/1] (0.00ns)   --->   "%p_read38 = read i16 @_ssdm_op_Read.ap_auto.i16, i16 %p_read3"   --->   Operation 7 'read' 'p_read38' <Predicate = true> <Delay = 0.00>
ST_1 : Operation 8 [1/1] (0.00ns)   --->   "%p_read27 = read i16 @_ssdm_op_Read.ap_auto.i16, i16 %p_read2"   --->   Operation 8 'read' 'p_read27' <Predicate = true> <Delay = 0.00>
ST_1 : Operation 9 [1/1] (0.00ns)   --->   "%p_read16 = read i16 @_ssdm_op_Read.ap_auto.i16, i16 %p_read1"   --->   Operation 9 'read' 'p_read16' <Predicate = true> <Delay = 0.00>
ST_1 : Operation 10 [1/1] (0.00ns)   --->   "%p_read_21 = read i16 @_ssdm_op_Read.ap_auto.i16, i16 %p_read"   --->   Operation 10 'read' 'p_read_21' <Predicate = true> <Delay = 0.00>
ST_1 : Operation 11 [1/1] (0.00ns)   --->   "%shl_ln = bitconcatenate i22 @_ssdm_op_BitConcatenate.i22.i16.i6, i16 %p_read_21, i6"   --->   Operation 11 'bitconcatenate' 'shl_ln' <Predicate = true> <Delay = 0.00>
ST_1 : Operation 12 [1/1] (0.00ns)   --->   "%shl_ln728_1 = bitconcatenate i22 @_ssdm_op_BitConcatenate.i22.i16.i6, i16 %p_read16, i6"   --->   Operation 12 'bitconcatenate' 'shl_ln728_1' <Predicate = true> <Delay = 0.00>
ST_1 : Operation 13 [1/1] (0.00ns)   --->   "%shl_ln728_2 = bitconcatenate i22 @_ssdm_op_BitConcatenate.i22.i16.i6, i16 %p_read27, i6"   --->   Operation 13 'bitconcatenate' 'shl_ln728_2' <Predicate = true> <Delay = 0.00>
ST_1 : Operation 14 [1/1] (0.00ns)   --->   "%shl_ln728_3 = bitconcatenate i22 @_ssdm_op_BitConcatenate.i22.i16.i6, i16 %p_read38, i6"   --->   Operation 14 'bitconcatenate' 'shl_ln728_3' <Predicate = true> <Delay = 0.00>
ST_1 : Operation 15 [1/1] (0.00ns)   --->   "%shl_ln728_4 = bitconcatenate i22 @_ssdm_op_BitConcatenate.i22.i16.i6, i16 %p_read49, i6"   --->   Operation 15 'bitconcatenate' 'shl_ln728_4' <Predicate = true> <Delay = 0.00>
ST_1 : Operation 16 [1/1] (0.82ns)   --->   "%add_ln703 = add i22 %shl_ln, i22 %shl_ln728_1"   --->   Operation 16 'add' 'add_ln703' <Predicate = true> <Delay = 0.82> <CoreInst = "Adder">   --->   Core 1 'Adder' <Latency = 0> <II = 1> <Delay = 0.82> <FuncUnit> <Opcode : 'add' 'sub'> <InPorts = 2> <OutPorts = 1>
ST_1 : Operation 17 [1/1] (0.82ns)   --->   "%add_ln703_1 = add i22 %shl_ln728_4, i22 %shl_ln728_3"   --->   Operation 17 'add' 'add_ln703_1' <Predicate = true> <Delay = 0.82> <CoreInst = "Adder">   --->   Core 1 'Adder' <Latency = 0> <II = 1> <Delay = 0.82> <FuncUnit> <Opcode : 'add' 'sub'> <InPorts = 2> <OutPorts = 1>
ST_1 : Operation 18 [1/1] (0.00ns) (grouped into TernaryAdder)   --->   "%add_ln703_2 = add i22 %shl_ln728_2, i22 %add_ln703_1"   --->   Operation 18 'add' 'add_ln703_2' <Predicate = true> <Delay = 0.00> <CoreInst = "TAddSub">   --->   Core 3 'TAddSub' <Latency = 0> <II = 1> <Delay = 0.34> <IPBlock> <Opcode : 'add' 'sub'> <InPorts = 3> <OutPorts = 1> <Sync>
ST_1 : Operation 19 [1/1] (0.69ns) (root node of TernaryAdder)   --->   "%add_ln703_3 = add i22 %add_ln703, i22 %add_ln703_2"   --->   Operation 19 'add' 'add_ln703_3' <Predicate = true> <Delay = 0.69> <CoreInst = "TAddSub">   --->   Core 3 'TAddSub' <Latency = 0> <II = 1> <Delay = 0.34> <IPBlock> <Opcode : 'add' 'sub'> <InPorts = 3> <OutPorts = 1> <Sync>
ST_1 : Operation 20 [1/1] (0.00ns)   --->   "%sext_ln1118 = sext i22 %add_ln703_3"   --->   Operation 20 'sext' 'sext_ln1118' <Predicate = true> <Delay = 0.00>
ST_1 : Operation 21 [1/1] (2.53ns) (root node of the DSP)   --->   "%r_V = mul i37 %sext_ln1118, i37"   --->   Operation 21 'mul' 'r_V' <Predicate = true> <Delay = 2.53> <CoreInst = "DSP48">   --->   Core 71 'DSP48' <Latency = 0> <II = 1> <Delay = 2.53> <IPBlock> <Opcode : 'mul' 'add' 'sub' 'select'> <InPorts = 2> <OutPorts = 1> <Sync> <CReg>
ST_1 : Operation 22 [1/1] (0.00ns)   --->   "%mean_V = partselect i21 @_ssdm_op_PartSelect.i21.i37.i32.i32, i37 %r_V, i32, i32"   --->   Operation 22 'partselect' 'mean_V' <Predicate = true> <Delay = 0.00>

State 2 <SV = 1> <Delay = 4.15>
ST_2 : Operation 23 [1/1] (0.00ns)   --->   "%sext_ln708 = sext i21 %mean_V"   --->   Operation 23 'sext' 'sext_ln708' <Predicate = true> <Delay = 0.00>
ST_2 : Operation 24 [1/1] (0.82ns)   --->   "%data_diff_V_0 = sub i22 %shl_ln, i22 %sext_ln708"   --->   Operation 24 'sub' 'data_diff_V_0' <Predicate = true> <Delay = 0.82> <CoreInst = "Adder">   --->   Core 1 'Adder' <Latency = 0> <II = 1> <Delay = 0.82> <FuncUnit> <Opcode : 'add' 'sub'> <InPorts = 2> <OutPorts = 1>
ST_2 : Operation 25 [1/1] (0.00ns)   --->   "%sext_ln1118_1 = sext i22 %data_diff_V_0"   --->   Operation 25 'sext' 'sext_ln1118_1' <Predicate = true> <Delay = 0.00>
ST_2 : Operation 26 [1/1] (2.51ns)   --->   "%mul_ln708 = mul i38 %sext_ln1118_1, i38 %sext_ln1118_1"   --->   Operation 26 'mul' 'mul_ln708' <Predicate = true> <Delay = 2.51> <CoreInst = "Multiplier">   --->   Core 4 'Multiplier' <Latency = 0> <II = 1> <Delay = 2.51> <FuncUnit> <Opcode : 'mul'> <InPorts = 2> <OutPorts = 1>
ST_2 : Operation 27 [1/1] (0.00ns)   --->   "%trunc_ln = partselect i22 @_ssdm_op_PartSelect.i22.i38.i32.i32, i38 %mul_ln708, i32, i32"   --->   Operation 27 'partselect' 'trunc_ln' <Predicate = true> <Delay = 0.00>
ST_2 : Operation 28 [1/1] (0.82ns)   --->   "%data_diff_V_1 = sub i22 %shl_ln728_1, i22 %sext_ln708"   --->   Operation 28 'sub' 'data_diff_V_1' <Predicate = true> <Delay = 0.82> <CoreInst = "Adder">   --->   Core 1 'Adder' <Latency = 0> <II = 1> <Delay = 0.82> <FuncUnit> <Opcode : 'add' 'sub'> <InPorts = 2> <OutPorts = 1>
ST_2 : Operation 29 [1/1] (0.00ns)   --->   "%sext_ln1118_2 = sext i22 %data_diff_V_1"   --->   Operation 29 'sext' 'sext_ln1118_2' <Predicate = true> <Delay = 0.00>
ST_2 : Operation 30 [1/1] (2.51ns)   --->   "%mul_ln708_1 = mul i38 %sext_ln1118_2, i38 %sext_ln1118_2"   --->   Operation 30 'mul' 'mul_ln708_1' <Predicate = true> <Delay = 2.51> <CoreInst = "Multiplier">   --->   Core 4 'Multiplier' <Latency = 0> <II = 1> <Delay = 2.51> <FuncUnit> <Opcode : 'mul'> <InPorts = 2> <OutPorts = 1>
ST_2 : Operation 31 [1/1] (0.00ns)   --->   "%trunc_ln708_1 = partselect i22 @_ssdm_op_PartSelect.i22.i38.i32.i32, i38 %mul_ln708_1, i32, i32"   --->   Operation 31 'partselect' 'trunc_ln708_1' <Predicate = true> <Delay = 0.00>
ST_2 : Operation 32 [1/1] (0.82ns)   --->   "%data_diff_V_2 = sub i22 %shl_ln728_2, i22 %sext_ln708"   --->   Operation 32 'sub' 'data_diff_V_2' <Predicate = true> <Delay = 0.82> <CoreInst = "Adder">   --->   Core 1 'Adder' <Latency = 0> <II = 1> <Delay = 0.82> <FuncUnit> <Opcode : 'add' 'sub'> <InPorts = 2> <OutPorts = 1>
ST_2 : Operation 33 [1/1] (0.00ns)   --->   "%sext_ln1118_3 = sext i22 %data_diff_V_2"   --->   Operation 33 'sext' 'sext_ln1118_3' <Predicate = true> <Delay = 0.00>
ST_2 : Operation 34 [1/1] (2.51ns)   --->   "%mul_ln708_2 = mul i38 %sext_ln1118_3, i38 %sext_ln1118_3"   --->   Operation 34 'mul' 'mul_ln708_2' <Predicate = true> <Delay = 2.51> <CoreInst = "Multiplier">   --->   Core 4 'Multiplier' <Latency = 0> <II = 1> <Delay = 2.51> <FuncUnit> <Opcode : 'mul'> <InPorts = 2> <OutPorts = 1>
ST_2 : Operation 35 [1/1] (0.00ns)   --->   "%trunc_ln708_2 = partselect i22 @_ssdm_op_PartSelect.i22.i38.i32.i32, i38 %mul_ln708_2, i32, i32"   --->   Operation 35 'partselect' 'trunc_ln708_2' <Predicate = true> <Delay = 0.00>
ST_2 : Operation 36 [1/1] (0.82ns)   --->   "%data_diff_V_3 = sub i22 %shl_ln728_3, i22 %sext_ln708"   --->   Operation 36 'sub' 'data_diff_V_3' <Predicate = true> <Delay = 0.82> <CoreInst = "Adder">   --->   Core 1 'Adder' <Latency = 0> <II = 1> <Delay = 0.82> <FuncUnit> <Opcode : 'add' 'sub'> <InPorts = 2> <OutPorts = 1>
ST_2 : Operation 37 [1/1] (0.00ns)   --->   "%sext_ln1118_4 = sext i22 %data_diff_V_3"   --->   Operation 37 'sext' 'sext_ln1118_4' <Predicate = true> <Delay = 0.00>
ST_2 : Operation 38 [1/1] (2.51ns)   --->   "%mul_ln708_3 = mul i38 %sext_ln1118_4, i38 %sext_ln1118_4"   --->   Operation 38 'mul' 'mul_ln708_3' <Predicate = true> <Delay = 2.51> <CoreInst = "Multiplier">   --->   Core 4 'Multiplier' <Latency = 0> <II = 1> <Delay = 2.51> <FuncUnit> <Opcode : 'mul'> <InPorts = 2> <OutPorts = 1>
ST_2 : Operation 39 [1/1] (0.00ns)   --->   "%trunc_ln708_3 = partselect i22 @_ssdm_op_PartSelect.i22.i38.i32.i32, i38 %mul_ln708_3, i32, i32"   --->   Operation 39 'partselect' 'trunc_ln708_3' <Predicate = true> <Delay = 0.00>
ST_2 : Operation 40 [1/1] (0.82ns)   --->   "%data_diff_V_4 = sub i22 %shl_ln728_4, i22 %sext_ln708"   --->   Operation 40 'sub' 'data_diff_V_4' <Predicate = true> <Delay = 0.82> <CoreInst = "Adder">   --->   Core 1 'Adder' <Latency = 0> <II = 1> <Delay = 0.82> <FuncUnit> <Opcode : 'add' 'sub'> <InPorts = 2> <OutPorts = 1>
ST_2 : Operation 41 [1/1] (0.00ns)   --->   "%sext_ln1118_5 = sext i22 %data_diff_V_4"   --->   Operation 41 'sext' 'sext_ln1118_5' <Predicate = true> <Delay = 0.00>
ST_2 : Operation 42 [1/1] (2.51ns)   --->   "%mul_ln708_4 = mul i38 %sext_ln1118_5, i38 %sext_ln1118_5"   --->   Operation 42 'mul' 'mul_ln708_4' <Predicate = true> <Delay = 2.51> <CoreInst = "Multiplier">   --->   Core 4 'Multiplier' <Latency = 0> <II = 1> <Delay = 2.51> <FuncUnit> <Opcode : 'mul'> <InPorts = 2> <OutPorts = 1>
ST_2 : Operation 43 [1/1] (0.00ns)   --->   "%trunc_ln708_4 = partselect i22 @_ssdm_op_PartSelect.i22.i38.i32.i32, i38 %mul_ln708_4, i32, i32"   --->   Operation 43 'partselect' 'trunc_ln708_4' <Predicate = true> <Delay = 0.00>
ST_2 : Operation 44 [1/1] (0.82ns)   --->   "%add_ln703_4 = add i22 %trunc_ln, i22 %trunc_ln708_1"   --->   Operation 44 'add' 'add_ln703_4' <Predicate = true> <Delay = 0.82> <CoreInst = "Adder">   --->   Core 1 'Adder' <Latency = 0> <II = 1> <Delay = 0.82> <FuncUnit> <Opcode : 'add' 'sub'> <InPorts = 2> <OutPorts = 1>
ST_2 : Operation 45 [1/1] (0.82ns)   --->   "%add_ln703_5 = add i22 %trunc_ln708_4, i22 %trunc_ln708_3"   --->   Operation 45 'add' 'add_ln703_5' <Predicate = true> <Delay = 0.82> <CoreInst = "Adder">   --->   Core 1 'Adder' <Latency = 0> <II = 1> <Delay = 0.82> <FuncUnit> <Opcode : 'add' 'sub'> <InPorts = 2> <OutPorts = 1>

State 3 <SV = 2> <Delay = 3.22>
ST_3 : Operation 46 [1/1] (0.00ns) (grouped into TernaryAdder)   --->   "%add_ln703_6 = add i22 %trunc_ln708_2, i22 %add_ln703_5"   --->   Operation 46 'add' 'add_ln703_6' <Predicate = true> <Delay = 0.00> <CoreInst = "TAddSub">   --->   Core 3 'TAddSub' <Latency = 0> <II = 1> <Delay = 0.34> <IPBlock> <Opcode : 'add' 'sub'> <InPorts = 3> <OutPorts = 1> <Sync>
ST_3 : Operation 47 [1/1] (0.69ns) (root node of TernaryAdder)   --->   "%add_ln703_7 = add i22 %add_ln703_4, i22 %add_ln703_6"   --->   Operation 47 'add' 'add_ln703_7' <Predicate = true> <Delay = 0.69> <CoreInst = "TAddSub">   --->   Core 3 'TAddSub' <Latency = 0> <II = 1> <Delay = 0.34> <IPBlock> <Opcode : 'add' 'sub'> <InPorts = 3> <OutPorts = 1> <Sync>
ST_3 : Operation 48 [1/1] (0.00ns)   --->   "%sext_ln1118_6 = sext i22 %add_ln703_7"   --->   Operation 48 'sext' 'sext_ln1118_6' <Predicate = true> <Delay = 0.00>
ST_3 : Operation 49 [1/1] (2.53ns) (root node of the DSP)   --->   "%r_V_1 = mul i37 %sext_ln1118_6, i37"   --->   Operation 49 'mul' 'r_V_1' <Predicate = true> <Delay = 2.53> <CoreInst = "DSP48">   --->   Core 71 'DSP48' <Latency = 0> <II = 1> <Delay = 2.53> <IPBlock> <Opcode : 'mul' 'add' 'sub' 'select'> <InPorts = 2> <OutPorts = 1> <Sync> <CReg>
ST_3 : Operation 50 [1/1] (0.00ns)   --->   "%var_V = partselect i21 @_ssdm_op_PartSelect.i21.i37.i32.i32, i37 %r_V_1, i32, i32"   --->   Operation 50 'partselect' 'var_V' <Predicate = true> <Delay = 0.00>

State 4 <SV = 3> <Delay = 4.05>
ST_4 : Operation 51 [2/2] (4.05ns)   --->   "%deno_inver_V = call i21 @lookup_invert_sqr<config2>, i21 %var_V, i21 %invert_sqr_table_V" [firmware/nnet_utils/nnet_layernorm.h:145]   --->   Operation 51 'call' 'deno_inver_V' <Predicate = true> <Delay = 4.05> <CoreType = "Generic">   --->   Core 0 '' <Latency = 0> <II = 1> <Delay = 1.00> <Generic> <Opcode : >

State 5 <SV = 4> <Delay = 4.28>
ST_5 : Operation 52 [1/1] (0.00ns)   --->   "%specpipeline_ln0 = specpipeline void @_ssdm_op_SpecPipeline, i32, i32, i32, i32, void @empty_0"   --->   Operation 52 'specpipeline' 'specpipeline_ln0' <Predicate = true> <Delay = 0.00>
ST_5 : Operation 53 [1/2] (1.77ns)   --->   "%deno_inver_V = call i21 @lookup_invert_sqr<config2>, i21 %var_V, i21 %invert_sqr_table_V" [firmware/nnet_utils/nnet_layernorm.h:145]   --->   Operation 53 'call' 'deno_inver_V' <Predicate = true> <Delay = 1.77> <CoreType = "Generic">   --->   Core 0 '' <Latency = 0> <II = 1> <Delay = 1.00> <Generic> <Opcode : >
ST_5 : Operation 54 [1/1] (0.00ns)   --->   "%sext_ln1118_7 = sext i22 %data_diff_V_0"   --->   Operation 54 'sext' 'sext_ln1118_7' <Predicate = true> <Delay = 0.00>
ST_5 : Operation 55 [1/1] (0.00ns)   --->   "%sext_ln1118_8 = sext i21 %deno_inver_V"   --->   Operation 55 'sext' 'sext_ln1118_8' <Predicate = true> <Delay = 0.00>
ST_5 : Operation 56 [1/1] (2.51ns)   --->   "%mul_ln708_5 = mul i36 %sext_ln1118_8, i36 %sext_ln1118_7"   --->   Operation 56 'mul' 'mul_ln708_5' <Predicate = true> <Delay = 2.51> <CoreInst = "Multiplier">   --->   Core 4 'Multiplier' <Latency = 0> <II = 1> <Delay = 2.51> <FuncUnit> <Opcode : 'mul'> <InPorts = 2> <OutPorts = 1>
ST_5 : Operation 57 [1/1] (0.00ns)   --->   "%trunc_ln708_6 = partselect i16 @_ssdm_op_PartSelect.i16.i36.i32.i32, i36 %mul_ln708_5, i32, i32"   --->   Operation 57 'partselect' 'trunc_ln708_6' <Predicate = true> <Delay = 0.00>
ST_5 : Operation 58 [1/1] (0.00ns)   --->   "%sext_ln1118_9 = sext i22 %data_diff_V_1"   --->   Operation 58 'sext' 'sext_ln1118_9' <Predicate = true> <Delay = 0.00>
ST_5 : Operation 59 [1/1] (2.51ns)   --->   "%mul_ln708_6 = mul i36 %sext_ln1118_8, i36 %sext_ln1118_9"   --->   Operation 59 'mul' 'mul_ln708_6' <Predicate = true> <Delay = 2.51> <CoreInst = "Multiplier">   --->   Core 4 'Multiplier' <Latency = 0> <II = 1> <Delay = 2.51> <FuncUnit> <Opcode : 'mul'> <InPorts = 2> <OutPorts = 1>
ST_5 : Operation 60 [1/1] (0.00ns)   --->   "%trunc_ln708_7 = partselect i16 @_ssdm_op_PartSelect.i16.i36.i32.i32, i36 %mul_ln708_6, i32, i32"   --->   Operation 60 'partselect' 'trunc_ln708_7' <Predicate = true> <Delay = 0.00>
ST_5 : Operation 61 [1/1] (0.00ns)   --->   "%sext_ln1118_10 = sext i22 %data_diff_V_2"   --->   Operation 61 'sext' 'sext_ln1118_10' <Predicate = true> <Delay = 0.00>
ST_5 : Operation 62 [1/1] (2.51ns)   --->   "%mul_ln708_7 = mul i36 %sext_ln1118_8, i36 %sext_ln1118_10"   --->   Operation 62 'mul' 'mul_ln708_7' <Predicate = true> <Delay = 2.51> <CoreInst = "Multiplier">   --->   Core 4 'Multiplier' <Latency = 0> <II = 1> <Delay = 2.51> <FuncUnit> <Opcode : 'mul'> <InPorts = 2> <OutPorts = 1>
ST_5 : Operation 63 [1/1] (0.00ns)   --->   "%trunc_ln708_8 = partselect i16 @_ssdm_op_PartSelect.i16.i36.i32.i32, i36 %mul_ln708_7, i32, i32"   --->   Operation 63 'partselect' 'trunc_ln708_8' <Predicate = true> <Delay = 0.00>
ST_5 : Operation 64 [1/1] (0.00ns)   --->   "%sext_ln1118_11 = sext i22 %data_diff_V_3"   --->   Operation 64 'sext' 'sext_ln1118_11' <Predicate = true> <Delay = 0.00>
ST_5 : Operation 65 [1/1] (2.51ns)   --->   "%mul_ln708_8 = mul i36 %sext_ln1118_8, i36 %sext_ln1118_11"   --->   Operation 65 'mul' 'mul_ln708_8' <Predicate = true> <Delay = 2.51> <CoreInst = "Multiplier">   --->   Core 4 'Multiplier' <Latency = 0> <II = 1> <Delay = 2.51> <FuncUnit> <Opcode : 'mul'> <InPorts = 2> <OutPorts = 1>
ST_5 : Operation 66 [1/1] (0.00ns)   --->   "%trunc_ln708_9 = partselect i16 @_ssdm_op_PartSelect.i16.i36.i32.i32, i36 %mul_ln708_8, i32, i32"   --->   Operation 66 'partselect' 'trunc_ln708_9' <Predicate = true> <Delay = 0.00>
ST_5 : Operation 67 [1/1] (0.00ns)   --->   "%sext_ln1118_12 = sext i22 %data_diff_V_4"   --->   Operation 67 'sext' 'sext_ln1118_12' <Predicate = true> <Delay = 0.00>
ST_5 : Operation 68 [1/1] (2.51ns)   --->   "%mul_ln708_9 = mul i36 %sext_ln1118_8, i36 %sext_ln1118_12"   --->   Operation 68 'mul' 'mul_ln708_9' <Predicate = true> <Delay = 2.51> <CoreInst = "Multiplier">   --->   Core 4 'Multiplier' <Latency = 0> <II = 1> <Delay = 2.51> <FuncUnit> <Opcode : 'mul'> <InPorts = 2> <OutPorts = 1>
ST_5 : Operation 69 [1/1] (0.00ns)   --->   "%trunc_ln708_s = partselect i16 @_ssdm_op_PartSelect.i16.i36.i32.i32, i36 %mul_ln708_9, i32, i32"   --->   Operation 69 'partselect' 'trunc_ln708_s' <Predicate = true> <Delay = 0.00>
ST_5 : Operation 70 [1/1] (0.00ns)   --->   "%mrv = insertvalue i80, i16 %trunc_ln708_6" [firmware/nnet_utils/nnet_layernorm.h:151]   --->   Operation 70 'insertvalue' 'mrv' <Predicate = true> <Delay = 0.00>
ST_5 : Operation 71 [1/1] (0.00ns)   --->   "%mrv_1 = insertvalue i80 %mrv, i16 %trunc_ln708_7" [firmware/nnet_utils/nnet_layernorm.h:151]   --->   Operation 71 'insertvalue' 'mrv_1' <Predicate = true> <Delay = 0.00>
ST_5 : Operation 72 [1/1] (0.00ns)   --->   "%mrv_2 = insertvalue i80 %mrv_1, i16 %trunc_ln708_8" [firmware/nnet_utils/nnet_layernorm.h:151]   --->   Operation 72 'insertvalue' 'mrv_2' <Predicate = true> <Delay = 0.00>
ST_5 : Operation 73 [1/1] (0.00ns)   --->   "%mrv_3 = insertvalue i80 %mrv_2, i16 %trunc_ln708_9" [firmware/nnet_utils/nnet_layernorm.h:151]   --->   Operation 73 'insertvalue' 'mrv_3' <Predicate = true> <Delay = 0.00>
ST_5 : Operation 74 [1/1] (0.00ns)   --->   "%mrv_4 = insertvalue i80 %mrv_3, i16 %trunc_ln708_s" [firmware/nnet_utils/nnet_layernorm.h:151]   --->   Operation 74 'insertvalue' 'mrv_4' <Predicate = true> <Delay = 0.00>
ST_5 : Operation 75 [1/1] (0.00ns)   --->   "%ret_ln151 = ret i80 %mrv_4" [firmware/nnet_utils/nnet_layernorm.h:151]   --->   Operation 75 'ret' 'ret_ln151' <Predicate = true> <Delay = 0.00>


============================================================
+ Verbose Summary: Binding
============================================================
STG Binding: 
---------------- STG Properties BEGIN ----------------
- Is combinational: 0
- Is one-state seq: 0
- Is datapath-only: 0
- Is pipelined: 1
- Is top level: 0
Port [ Return ] is wired: 1; IO mode=ap_ctrl_hs:ce=0
Port [ p_read]:  wired=1; compound=0; hidden=0; nouse=0; global=0; static=0; extern=0; dir=0; type=0; pingpong=0; private_global=0; IO mode=ap_none:ce=0
Port [ p_read1]:  wired=1; compound=0; hidden=0; nouse=0; global=0; static=0; extern=0; dir=0; type=0; pingpong=0; private_global=0; IO mode=ap_none:ce=0
Port [ p_read2]:  wired=1; compound=0; hidden=0; nouse=0; global=0; static=0; extern=0; dir=0; type=0; pingpong=0; private_global=0; IO mode=ap_none:ce=0
Port [ p_read3]:  wired=1; compound=0; hidden=0; nouse=0; global=0; static=0; extern=0; dir=0; type=0; pingpong=0; private_global=0; IO mode=ap_none:ce=0
Port [ p_read4]:  wired=1; compound=0; hidden=0; nouse=0; global=0; static=0; extern=0; dir=0; type=0; pingpong=0; private_global=0; IO mode=ap_none:ce=0
Port [ invert_sqr_table_V]:  wired=0; compound=1; hidden=1; nouse=1; global=1; static=1; extern=0; dir=0; type=1; pingpong=0; private_global=0; MemPort=[1]; IO mode=ap_memory:ce=0
---------------- STG Properties END ------------------

---------------- Datapath Model BEGIN ----------------

<LifeTime>
<method=bitvector/>
p_read49         (read          ) [ 000000]
p_read38         (read          ) [ 000000]
p_read27         (read          ) [ 000000]
p_read16         (read          ) [ 000000]
p_read_21        (read          ) [ 000000]
shl_ln           (bitconcatenate) [ 011000]
shl_ln728_1      (bitconcatenate) [ 011000]
shl_ln728_2      (bitconcatenate) [ 011000]
shl_ln728_3      (bitconcatenate) [ 011000]
shl_ln728_4      (bitconcatenate) [ 011000]
add_ln703        (add           ) [ 000000]
add_ln703_1      (add           ) [ 000000]
add_ln703_2      (add           ) [ 000000]
add_ln703_3      (add           ) [ 000000]
sext_ln1118      (sext          ) [ 000000]
r_V              (mul           ) [ 000000]
mean_V           (partselect    ) [ 011000]
sext_ln708       (sext          ) [ 000000]
data_diff_V_0    (sub           ) [ 010111]
sext_ln1118_1    (sext          ) [ 000000]
mul_ln708        (mul           ) [ 000000]
trunc_ln         (partselect    ) [ 000000]
data_diff_V_1    (sub           ) [ 010111]
sext_ln1118_2    (sext          ) [ 000000]
mul_ln708_1      (mul           ) [ 000000]
trunc_ln708_1    (partselect    ) [ 000000]
data_diff_V_2    (sub           ) [ 010111]
sext_ln1118_3    (sext          ) [ 000000]
mul_ln708_2      (mul           ) [ 000000]
trunc_ln708_2    (partselect    ) [ 010100]
data_diff_V_3    (sub           ) [ 010111]
sext_ln1118_4    (sext          ) [ 000000]
mul_ln708_3      (mul           ) [ 000000]
trunc_ln708_3    (partselect    ) [ 000000]
data_diff_V_4    (sub           ) [ 010111]
sext_ln1118_5    (sext          ) [ 000000]
mul_ln708_4      (mul           ) [ 000000]
trunc_ln708_4    (partselect    ) [ 000000]
add_ln703_4      (add           ) [ 010100]
add_ln703_5      (add           ) [ 010100]
add_ln703_6      (add           ) [ 000000]
add_ln703_7      (add           ) [ 000000]
sext_ln1118_6    (sext          ) [ 000000]
r_V_1            (mul           ) [ 000000]
var_V            (partselect    ) [ 010010]
specpipeline_ln0 (specpipeline  ) [ 000000]
deno_inver_V     (call          ) [ 000000]
sext_ln1118_7    (sext          ) [ 000000]
sext_ln1118_8    (sext          ) [ 000000]
mul_ln708_5      (mul           ) [ 000000]
trunc_ln708_6    (partselect    ) [ 000000]
sext_ln1118_9    (sext          ) [ 000000]
mul_ln708_6      (mul           ) [ 000000]
trunc_ln708_7    (partselect    ) [ 000000]
sext_ln1118_10   (sext          ) [ 000000]
mul_ln708_7      (mul           ) [ 000000]
trunc_ln708_8    (partselect    ) [ 000000]
sext_ln1118_11   (sext          ) [ 000000]
mul_ln708_8      (mul           ) [ 000000]
trunc_ln708_9    (partselect    ) [ 000000]
sext_ln1118_12   (sext          ) [ 000000]
mul_ln708_9      (mul           ) [ 000000]
trunc_ln708_s    (partselect    ) [ 000000]
mrv              (insertvalue   ) [ 000000]
mrv_1            (insertvalue   ) [ 000000]
mrv_2            (insertvalue   ) [ 000000]
mrv_3            (insertvalue   ) [ 000000]
mrv_4            (insertvalue   ) [ 000000]
ret_ln151        (ret           ) [ 000000]
</LifeTime>

<model>

<comp_list>
<comp id="0" class="1000" name="p_read">
<pin_list>
<pin id="1" dir="1" index="0" bw="1" slack="0"/>
</pin_list>
<bind>
<StgValue><ssdm name="p_read"/></StgValue>
</bind>
</comp>

<comp id="2" class="1000" name="p_read1">
<pin_list>
<pin id="3" dir="1" index="0" bw="1" slack="0"/>
</pin_list>
<bind>
<StgValue><ssdm name="p_read1"/></StgValue>
</bind>
</comp>

<comp id="4" class="1000" name="p_read2">
<pin_list>
<pin id="5" dir="1" index="0" bw="1" slack="0"/>
</pin_list>
<bind>
<StgValue><ssdm name="p_read2"/></StgValue>
</bind>
</comp>

<comp id="6" class="1000" name="p_read3">
<pin_list>
<pin id="7" dir="1" index="0" bw="1" slack="0"/>
</pin_list>
<bind>
<StgValue><ssdm name="p_read3"/></StgValue>
</bind>
</comp>

<comp id="8" class="1000" name="p_read4">
<pin_list>
<pin id="9" dir="1" index="0" bw="1" slack="0"/>
</pin_list>
<bind>
<StgValue><ssdm name="p_read4"/></StgValue>
</bind>
</comp>

<comp id="10" class="1000" name="invert_sqr_table_V">
<pin_list>
<pin id="11" dir="1" index="0" bw="1" slack="0"/>
</pin_list>
<bind>
<StgValue><ssdm name="invert_sqr_table_V"/><MemPortTyVec>1 </MemPortTyVec>
</StgValue>
</bind>
</comp>

<comp id="12" class="1001" name="const_12">
<pin_list>
<pin id="13" dir="1" index="0" bw="1" slack="0"/>
</pin_list>
<bind>
<StgValue><ssdm name="_ssdm_op_Read.ap_auto.i16"/></StgValue>
</bind>
</comp>

<comp id="14" class="1001" name="const_14">
<pin_list>
<pin id="15" dir="1" index="0" bw="1" slack="0"/>
</pin_list>
<bind>
<StgValue><ssdm name="_ssdm_op_BitConcatenate.i22.i16.i6"/></StgValue>
</bind>
</comp>

<comp id="16" class="1001" name="const_16">
<pin_list>
<pin id="17" dir="1" index="0" bw="1" slack="0"/>
</pin_list>
<bind>
<StgValue><ssdm name=""/></StgValue>
</bind>
</comp>

<comp id="18" class="1001" name="const_18">
<pin_list>
<pin id="19" dir="1" index="0" bw="1" slack="0"/>
</pin_list>
<bind>
<StgValue><ssdm name=""/></StgValue>
</bind>
</comp>

<comp id="20" class="1001" name="const_20">
<pin_list>
<pin id="21" dir="1" index="0" bw="1" slack="0"/>
</pin_list>
<bind>
<StgValue><ssdm name="_ssdm_op_PartSelect.i21.i37.i32.i32"/></StgValue>
</bind>
</comp>

<comp id="22" class="1001" name="const_22">
<pin_list>
<pin id="23" dir="1" index="0" bw="1" slack="0"/>
</pin_list>
<bind>
<StgValue><ssdm name=""/></StgValue>
</bind>
</comp>

<comp id="24" class="1001" name="const_24">
<pin_list>
<pin id="25" dir="1" index="0" bw="1" slack="0"/>
</pin_list>
<bind>
<StgValue><ssdm name=""/></StgValue>
</bind>
</comp>

<comp id="26" class="1001" name="const_26">
<pin_list>
<pin id="27" dir="1" index="0" bw="1" slack="0"/>
</pin_list>
<bind>
<StgValue><ssdm name="_ssdm_op_PartSelect.i22.i38.i32.i32"/></StgValue>
</bind>
</comp>

<comp id="28" class="1001" name="const_28">
<pin_list>
<pin id="29" dir="1" index="0" bw="1" slack="0"/>
</pin_list>
<bind>
<StgValue><ssdm name=""/></StgValue>
</bind>
</comp>

<comp id="30" class="1001" name="const_30">
<pin_list>
<pin id="31" dir="1" index="0" bw="1" slack="0"/>
</pin_list>
<bind>
<StgValue><ssdm name="lookup_invert_sqr<config2>"/></StgValue>
</bind>
</comp>

<comp id="32" class="1001" name="const_32">
<pin_list>
<pin id="33" dir="1" index="0" bw="1" slack="2147483647"/>
</pin_list>
<bind>
<StgValue><ssdm name="_ssdm_op_SpecPipeline"/></StgValue>
</bind>
</comp>

<comp id="34" class="1001" name="const_34">
<pin_list>
<pin id="35" dir="1" index="0" bw="1" slack="2147483647"/>
</pin_list>
<bind>
<StgValue><ssdm name=""/></StgValue>
</bind>
</comp>

<comp id="36" class="1001" name="const_36">
<pin_list>
<pin id="37" dir="1" index="0" bw="1" slack="2147483647"/>
</pin_list>
<bind>
<StgValue><ssdm name=""/></StgValue>
</bind>
</comp>

<comp id="38" class="1001" name="const_38">
<pin_list>
<pin id="39" dir="1" index="0" bw="1" slack="2147483647"/>
</pin_list>
<bind>
<StgValue><ssdm name="empty_0"/></StgValue>
</bind>
</comp>

<comp id="40" class="1001" name="const_40">
<pin_list>
<pin id="41" dir="1" index="0" bw="1" slack="0"/>
</pin_list>
<bind>
<StgValue><ssdm name="_ssdm_op_PartSelect.i16.i36.i32.i32"/></StgValue>
</bind>
</comp>

<comp id="42" class="1001" name="const_42">
<pin_list>
<pin id="43" dir="1" index="0" bw="1" slack="0"/>
</pin_list>
<bind>
<StgValue><ssdm name=""/></StgValue>
</bind>
</comp>

<comp id="44" class="1001" name="const_44">
<pin_list>
<pin id="45" dir="1" index="0" bw="1" slack="0"/>
</pin_list>
<bind>
<StgValue><ssdm name=""/></StgValue>
</bind>
</comp>

<comp id="46" class="1001" name="const_46">
<pin_list>
<pin id="47" dir="1" index="0" bw="1" slack="0"/>
</pin_list>
<bind>
<StgValue><ssdm name=""/></StgValue>
</bind>
</comp>

<comp id="48" class="1004" name="p_read49_read_fu_48">
<pin_list>
<pin id="49" dir="0" index="0" bw="16" slack="0"/>
<pin id="50" dir="0" index="1" bw="16" slack="0"/>
<pin id="51" dir="1" index="2" bw="16" slack="0"/>
</pin_list>
<bind>
<opcode="read(1150) " fcode="read"/>
<opset="p_read49/1 "/>
</bind>
</comp>

<comp id="54" class="1004" name="p_read38_read_fu_54">
<pin_list>
<pin id="55" dir="0" index="0" bw="16" slack="0"/>
<pin id="56" dir="0" index="1" bw="16" slack="0"/>
<pin id="57" dir="1" index="2" bw="16" slack="0"/>
</pin_list>
<bind>
<opcode="read(1150) " fcode="read"/>
<opset="p_read38/1 "/>
</bind>
</comp>

<comp id="60" class="1004" name="p_read27_read_fu_60">
<pin_list>
<pin id="61" dir="0" index="0" bw="16" slack="0"/>
<pin id="62" dir="0" index="1" bw="16" slack="0"/>
<pin id="63" dir="1" index="2" bw="16" slack="0"/>
</pin_list>
<bind>
<opcode="read(1150) " fcode="read"/>
<opset="p_read27/1 "/>
</bind>
</comp>

<comp id="66" class="1004" name="p_read16_read_fu_66">
<pin_list>
<pin id="67" dir="0" index="0" bw="16" slack="0"/>
<pin id="68" dir="0" index="1" bw="16" slack="0"/>
<pin id="69" dir="1" index="2" bw="16" slack="0"/>
</pin_list>
<bind>
<opcode="read(1150) " fcode="read"/>
<opset="p_read16/1 "/>
</bind>
</comp>

<comp id="72" class="1004" name="p_read_21_read_fu_72">
<pin_list>
<pin id="73" dir="0" index="0" bw="16" slack="0"/>
<pin id="74" dir="0" index="1" bw="16" slack="0"/>
<pin id="75" dir="1" index="2" bw="16" slack="0"/>
</pin_list>
<bind>
<opcode="read(1150) " fcode="read"/>
<opset="p_read_21/1 "/>
</bind>
</comp>

<comp id="78" class="1004" name="grp_lookup_invert_sqr_config2_s_fu_78">
<pin_list>
<pin id="79" dir="0" index="0" bw="21" slack="0"/>
<pin id="80" dir="0" index="1" bw="21" slack="1"/>
<pin id="81" dir="0" index="2" bw="21" slack="0"/>
<pin id="82" dir="1" index="3" bw="21" slack="0"/>
</pin_list>
<bind>
<opcode="call(48) " fcode="call"/>
<opset="deno_inver_V/4 "/>
</bind>
</comp>

<comp id="85" class="1004" name="shl_ln_fu_85">
<pin_list>
<pin id="86" dir="0" index="0" bw="22" slack="0"/>
<pin id="87" dir="0" index="1" bw="16" slack="0"/>
<pin id="88" dir="0" index="2" bw="1" slack="0"/>
<pin id="89" dir="1" index="3" bw="22" slack="0"/>
</pin_list>
<bind>
<opcode="bitconcatenate(1004) " fcode="bitconcatenate"/>
<opset="shl_ln/1 "/>
</bind>
</comp>

<comp id="93" class="1004" name="shl_ln728_1_fu_93">
<pin_list>
<pin id="94" dir="0" index="0" bw="22" slack="0"/>
<pin id="95" dir="0" index="1" bw="16" slack="0"/>
<pin id="96" dir="0" index="2" bw="1" slack="0"/>
<pin id="97" dir="1" index="3" bw="22" slack="0"/>
</pin_list>
<bind>
<opcode="bitconcatenate(1004) " fcode="bitconcatenate"/>
<opset="shl_ln728_1/1 "/>
</bind>
</comp>

<comp id="101" class="1004" name="shl_ln728_2_fu_101">
<pin_list>
<pin id="102" dir="0" index="0" bw="22" slack="0"/>
<pin id="103" dir="0" index="1" bw="16" slack="0"/>
<pin id="104" dir="0" index="2" bw="1" slack="0"/>
<pin id="105" dir="1" index="3" bw="22" slack="0"/>
</pin_list>
<bind>
<opcode="bitconcatenate(1004) " fcode="bitconcatenate"/>
<opset="shl_ln728_2/1 "/>
</bind>
</comp>

<comp id="109" class="1004" name="shl_ln728_3_fu_109">
<pin_list>
<pin id="110" dir="0" index="0" bw="22" slack="0"/>
<pin id="111" dir="0" index="1" bw="16" slack="0"/>
<pin id="112" dir="0" index="2" bw="1" slack="0"/>
<pin id="113" dir="1" index="3" bw="22" slack="0"/>
</pin_list>
<bind>
<opcode="bitconcatenate(1004) " fcode="bitconcatenate"/>
<opset="shl_ln728_3/1 "/>
</bind>
</comp>

<comp id="117" class="1004" name="shl_ln728_4_fu_117">
<pin_list>
<pin id="118" dir="0" index="0" bw="22" slack="0"/>
<pin id="119" dir="0" index="1" bw="16" slack="0"/>
<pin id="120" dir="0" index="2" bw="1" slack="0"/>
<pin id="121" dir="1" index="3" bw="22" slack="0"/>
</pin_list>
<bind>
<opcode="bitconcatenate(1004) " fcode="bitconcatenate"/>
<opset="shl_ln728_4/1 "/>
</bind>
</comp>

<comp id="125" class="1004" name="add_ln703_fu_125">
<pin_list>
<pin id="126" dir="0" index="0" bw="22" slack="0"/>
<pin id="127" dir="0" index="1" bw="22" slack="0"/>
<pin id="128" dir="1" index="2" bw="22" slack="0"/>
</pin_list>
<bind>
<opcode="add(8) " fcode="add"/>
<opset="add_ln703/1 "/>
</bind>
</comp>

<comp id="131" class="1004" name="add_ln703_1_fu_131">
<pin_list>
<pin id="132" dir="0" index="0" bw="22" slack="0"/>
<pin id="133" dir="0" index="1" bw="22" slack="0"/>
<pin id="134" dir="1" index="2" bw="22" slack="0"/>
</pin_list>
<bind>
<opcode="add(8) " fcode="add"/>
<opset="add_ln703_1/1 "/>
</bind>
</comp>

<comp id="137" class="1004" name="add_ln703_2_fu_137">
<pin_list>
<pin id="138" dir="0" index="0" bw="22" slack="0"/>
<pin id="139" dir="0" index="1" bw="22" slack="0"/>
<pin id="140" dir="1" index="2" bw="22" slack="0"/>
</pin_list>
<bind>
<opcode="add(8) " fcode="add"/>
<opset="add_ln703_2/1 "/>
</bind>
</comp>

<comp id="143" class="1004" name="add_ln703_3_fu_143">
<pin_list>
<pin id="144" dir="0" index="0" bw="22" slack="0"/>
<pin id="145" dir="0" index="1" bw="22" slack="0"/>
<pin id="146" dir="1" index="2" bw="22" slack="0"/>
</pin_list>
<bind>
<opcode="add(8) " fcode="add"/>
<opset="add_ln703_3/1 "/>
</bind>
</comp>

<comp id="149" class="1004" name="sext_ln1118_fu_149">
<pin_list>
<pin id="150" dir="0" index="0" bw="22" slack="0"/>
<pin id="151" dir="1" index="1" bw="37" slack="0"/>
</pin_list>
<bind>
<opcode="sext(35) " fcode="sext"/>
<opset="sext_ln1118/1 "/>
</bind>
</comp>

<comp id="153" class="1004" name="mean_V_fu_153">
<pin_list>
<pin id="154" dir="0" index="0" bw="21" slack="0"/>
<pin id="155" dir="0" index="1" bw="37" slack="0"/>
<pin id="156" dir="0" index="2" bw="6" slack="0"/>
<pin id="157" dir="0" index="3" bw="7" slack="0"/>
<pin id="158" dir="1" index="4" bw="21" slack="1"/>
</pin_list>
<bind>
<opcode="partselect(1002) " fcode="partselect"/>
<opset="mean_V/1 "/>
</bind>
</comp>

<comp id="162" class="1004" name="sext_ln708_fu_162">
<pin_list>
<pin id="163" dir="0" index="0" bw="21" slack="1"/>
<pin id="164" dir="1" index="1" bw="22" slack="0"/>
</pin_list>
<bind>
<opcode="sext(35) " fcode="sext"/>
<opset="sext_ln708/2 "/>
</bind>
</comp>

<comp id="165" class="1004" name="data_diff_V_0_fu_165">
<pin_list>
<pin id="166" dir="0" index="0" bw="22" slack="1"/>
<pin id="167" dir="0" index="1" bw="21" slack="0"/>
<pin id="168" dir="1" index="2" bw="22" slack="0"/>
</pin_list>
<bind>
<opcode="sub(10) " fcode="sub"/>
<opset="data_diff_V_0/2 "/>
</bind>
</comp>

<comp id="170" class="1004" name="sext_ln1118_1_fu_170">
<pin_list>
<pin id="171" dir="0" index="0" bw="22" slack="0"/>
<pin id="172" dir="1" index="1" bw="38" slack="0"/>
</pin_list>
<bind>
<opcode="sext(35) " fcode="sext"/>
<opset="sext_ln1118_1/2 "/>
</bind>
</comp>

<comp id="174" class="1004" name="mul_ln708_fu_174">
<pin_list>
<pin id="175" dir="0" index="0" bw="22" slack="0"/>
<pin id="176" dir="0" index="1" bw="22" slack="0"/>
<pin id="177" dir="1" index="2" bw="38" slack="0"/>
</pin_list>
<bind>
<opcode="mul(12) " fcode="mul"/>
<opset="mul_ln708/2 "/>
</bind>
</comp>

<comp id="180" class="1004" name="trunc_ln_fu_180">
<pin_list>
<pin id="181" dir="0" index="0" bw="22" slack="0"/>
<pin id="182" dir="0" index="1" bw="38" slack="0"/>
<pin id="183" dir="0" index="2" bw="6" slack="0"/>
<pin id="184" dir="0" index="3" bw="7" slack="0"/>
<pin id="185" dir="1" index="4" bw="22" slack="0"/>
</pin_list>
<bind>
<opcode="partselect(1002) " fcode="partselect"/>
<opset="trunc_ln/2 "/>
</bind>
</comp>

<comp id="190" class="1004" name="data_diff_V_1_fu_190">
<pin_list>
<pin id="191" dir="0" index="0" bw="22" slack="1"/>
<pin id="192" dir="0" index="1" bw="21" slack="0"/>
<pin id="193" dir="1" index="2" bw="22" slack="0"/>
</pin_list>
<bind>
<opcode="sub(10) " fcode="sub"/>
<opset="data_diff_V_1/2 "/>
</bind>
</comp>

<comp id="195" class="1004" name="sext_ln1118_2_fu_195">
<pin_list>
<pin id="196" dir="0" index="0" bw="22" slack="0"/>
<pin id="197" dir="1" index="1" bw="38" slack="0"/>
</pin_list>
<bind>
<opcode="sext(35) " fcode="sext"/>
<opset="sext_ln1118_2/2 "/>
</bind>
</comp>

<comp id="199" class="1004" name="mul_ln708_1_fu_199">
<pin_list>
<pin id="200" dir="0" index="0" bw="22" slack="0"/>
<pin id="201" dir="0" index="1" bw="22" slack="0"/>
<pin id="202" dir="1" index="2" bw="38" slack="0"/>
</pin_list>
<bind>
<opcode="mul(12) " fcode="mul"/>
<opset="mul_ln708_1/2 "/>
</bind>
</comp>

<comp id="205" class="1004" name="trunc_ln708_1_fu_205">
<pin_list>
<pin id="206" dir="0" index="0" bw="22" slack="0"/>
<pin id="207" dir="0" index="1" bw="38" slack="0"/>
<pin id="208" dir="0" index="2" bw="6" slack="0"/>
<pin id="209" dir="0" index="3" bw="7" slack="0"/>
<pin id="210" dir="1" index="4" bw="22" slack="0"/>
</pin_list>
<bind>
<opcode="partselect(1002) " fcode="partselect"/>
<opset="trunc_ln708_1/2 "/>
</bind>
</comp>

<comp id="215" class="1004" name="data_diff_V_2_fu_215">
<pin_list>
<pin id="216" dir="0" index="0" bw="22" slack="1"/>
<pin id="217" dir="0" index="1" bw="21" slack="0"/>
<pin id="218" dir="1" index="2" bw="22" slack="0"/>
</pin_list>
<bind>
<opcode="sub(10) " fcode="sub"/>
<opset="data_diff_V_2/2 "/>
</bind>
</comp>

<comp id="220" class="1004" name="sext_ln1118_3_fu_220">
<pin_list>
<pin id="221" dir="0" index="0" bw="22" slack="0"/>
<pin id="222" dir="1" index="1" bw="38" slack="0"/>
</pin_list>
<bind>
<opcode="sext(35) " fcode="sext"/>
<opset="sext_ln1118_3/2 "/>
</bind>
</comp>

<comp id="224" class="1004" name="mul_ln708_2_fu_224">
<pin_list>
<pin id="225" dir="0" index="0" bw="22" slack="0"/>
<pin id="226" dir="0" index="1" bw="22" slack="0"/>
<pin id="227" dir="1" index="2" bw="38" slack="0"/>
</pin_list>
<bind>
<opcode="mul(12) " fcode="mul"/>
<opset="mul_ln708_2/2 "/>
</bind>
</comp>

<comp id="230" class="1004" name="trunc_ln708_2_fu_230">
<pin_list>
<pin id="231" dir="0" index="0" bw="22" slack="0"/>
<pin id="232" dir="0" index="1" bw="38" slack="0"/>
<pin id="233" dir="0" index="2" bw="6" slack="0"/>
<pin id="234" dir="0" index="3" bw="7" slack="0"/>
<pin id="235" dir="1" index="4" bw="22" slack="1"/>
</pin_list>
<bind>
<opcode="partselect(1002) " fcode="partselect"/>
<opset="trunc_ln708_2/2 "/>
</bind>
</comp>

<comp id="240" class="1004" name="data_diff_V_3_fu_240">
<pin_list>
<pin id="241" dir="0" index="0" bw="22" slack="1"/>
<pin id="242" dir="0" index="1" bw="21" slack="0"/>
<pin id="243" dir="1" index="2" bw="22" slack="0"/>
</pin_list>
<bind>
<opcode="sub(10) " fcode="sub"/>
<opset="data_diff_V_3/2 "/>
</bind>
</comp>

<comp id="245" class="1004" name="sext_ln1118_4_fu_245">
<pin_list>
<pin id="246" dir="0" index="0" bw="22" slack="0"/>
<pin id="247" dir="1" index="1" bw="38" slack="0"/>
</pin_list>
<bind>
<opcode="sext(35) " fcode="sext"/>
<opset="sext_ln1118_4/2 "/>
</bind>
</comp>

<comp id="249" class="1004" name="mul_ln708_3_fu_249">
<pin_list>
<pin id="250" dir="0" index="0" bw="22" slack="0"/>
<pin id="251" dir="0" index="1" bw="22" slack="0"/>
<pin id="252" dir="1" index="2" bw="38" slack="0"/>
</pin_list>
<bind>
<opcode="mul(12) " fcode="mul"/>
<opset="mul_ln708_3/2 "/>
</bind>
</comp>

<comp id="255" class="1004" name="trunc_ln708_3_fu_255">
<pin_list>
<pin id="256" dir="0" index="0" bw="22" slack="0"/>
<pin id="257" dir="0" index="1" bw="38" slack="0"/>
<pin id="258" dir="0" index="2" bw="6" slack="0"/>
<pin id="259" dir="0" index="3" bw="7" slack="0"/>
<pin id="260" dir="1" index="4" bw="22" slack="0"/>
</pin_list>
<bind>
<opcode="partselect(1002) " fcode="partselect"/>
<opset="trunc_ln708_3/2 "/>
</bind>
</comp>

<comp id="265" class="1004" name="data_diff_V_4_fu_265">
<pin_list>
<pin id="266" dir="0" index="0" bw="22" slack="1"/>
<pin id="267" dir="0" index="1" bw="21" slack="0"/>
<pin id="268" dir="1" index="2" bw="22" slack="0"/>
</pin_list>
<bind>
<opcode="sub(10) " fcode="sub"/>
<opset="data_diff_V_4/2 "/>
</bind>
</comp>

<comp id="270" class="1004" name="sext_ln1118_5_fu_270">
<pin_list>
<pin id="271" dir="0" index="0" bw="22" slack="0"/>
<pin id="272" dir="1" index="1" bw="38" slack="0"/>
</pin_list>
<bind>
<opcode="sext(35) " fcode="sext"/>
<opset="sext_ln1118_5/2 "/>
</bind>
</comp>

<comp id="274" class="1004" name="mul_ln708_4_fu_274">
<pin_list>
<pin id="275" dir="0" index="0" bw="22" slack="0"/>
<pin id="276" dir="0" index="1" bw="22" slack="0"/>
<pin id="277" dir="1" index="2" bw="38" slack="0"/>
</pin_list>
<bind>
<opcode="mul(12) " fcode="mul"/>
<opset="mul_ln708_4/2 "/>
</bind>
</comp>

<comp id="280" class="1004" name="trunc_ln708_4_fu_280">
<pin_list>
<pin id="281" dir="0" index="0" bw="22" slack="0"/>
<pin id="282" dir="0" index="1" bw="38" slack="0"/>
<pin id="283" dir="0" index="2" bw="6" slack="0"/>
<pin id="284" dir="0" index="3" bw="7" slack="0"/>
<pin id="285" dir="1" index="4" bw="22" slack="0"/>
</pin_list>
<bind>
<opcode="partselect(1002) " fcode="partselect"/>
<opset="trunc_ln708_4/2 "/>
</bind>
</comp>

<comp id="290" class="1004" name="add_ln703_4_fu_290">
<pin_list>
<pin id="291" dir="0" index="0" bw="22" slack="0"/>
<pin id="292" dir="0" index="1" bw="22" slack="0"/>
<pin id="293" dir="1" index="2" bw="22" slack="1"/>
</pin_list>
<bind>
<opcode="add(8) " fcode="add"/>
<opset="add_ln703_4/2 "/>
</bind>
</comp>

<comp id="296" class="1004" name="add_ln703_5_fu_296">
<pin_list>
<pin id="297" dir="0" index="0" bw="22" slack="0"/>
<pin id="298" dir="0" index="1" bw="22" slack="0"/>
<pin id="299" dir="1" index="2" bw="22" slack="1"/>
</pin_list>
<bind>
<opcode="add(8) " fcode="add"/>
<opset="add_ln703_5/2 "/>
</bind>
</comp>

<comp id="302" class="1004" name="add_ln703_6_fu_302">
<pin_list>
<pin id="303" dir="0" index="0" bw="22" slack="1"/>
<pin id="304" dir="0" index="1" bw="22" slack="1"/>
<pin id="305" dir="1" index="2" bw="22" slack="0"/>
</pin_list>
<bind>
<opcode="add(8) " fcode="add"/>
<opset="add_ln703_6/3 "/>
</bind>
</comp>

<comp id="306" class="1004" name="add_ln703_7_fu_306">
<pin_list>
<pin id="307" dir="0" index="0" bw="22" slack="1"/>
<pin id="308" dir="0" index="1" bw="22" slack="0"/>
<pin id="309" dir="1" index="2" bw="22" slack="0"/>
</pin_list>
<bind>
<opcode="add(8) " fcode="add"/>
<opset="add_ln703_7/3 "/>
</bind>
</comp>

<comp id="311" class="1004" name="sext_ln1118_6_fu_311">
<pin_list>
<pin id="312" dir="0" index="0" bw="22" slack="0"/>
<pin id="313" dir="1" index="1" bw="37" slack="0"/>
</pin_list>
<bind>
<opcode="sext(35) " fcode="sext"/>
<opset="sext_ln1118_6/3 "/>
</bind>
</comp>

<comp id="315" class="1004" name="var_V_fu_315">
<pin_list>
<pin id="316" dir="0" index="0" bw="21" slack="0"/>
<pin id="317" dir="0" index="1" bw="37" slack="0"/>
<pin id="318" dir="0" index="2" bw="6" slack="0"/>
<pin id="319" dir="0" index="3" bw="7" slack="0"/>
<pin id="320" dir="1" index="4" bw="21" slack="1"/>
</pin_list>
<bind>
<opcode="partselect(1002) " fcode="partselect"/>
<opset="var_V/3 "/>
</bind>
</comp>

<comp id="324" class="1004" name="sext_ln1118_7_fu_324">
<pin_list>
<pin id="325" dir="0" index="0" bw="22" slack="3"/>
<pin id="326" dir="1" index="1" bw="36" slack="0"/>
</pin_list>
<bind>
<opcode="sext(35) " fcode="sext"/>
<opset="sext_ln1118_7/5 "/>
</bind>
</comp>

<comp id="327" class="1004" name="sext_ln1118_8_fu_327">
<pin_list>
<pin id="328" dir="0" index="0" bw="21" slack="0"/>
<pin id="329" dir="1" index="1" bw="36" slack="0"/>
</pin_list>
<bind>
<opcode="sext(35) " fcode="sext"/>
<opset="sext_ln1118_8/5 "/>
</bind>
</comp>

<comp id="331" class="1004" name="mul_ln708_5_fu_331">
<pin_list>
<pin id="332" dir="0" index="0" bw="21" slack="0"/>
<pin id="333" dir="0" index="1" bw="22" slack="0"/>
<pin id="334" dir="1" index="2" bw="36" slack="0"/>
</pin_list>
<bind>
<opcode="mul(12) " fcode="mul"/>
<opset="mul_ln708_5/5 "/>
</bind>
</comp>

<comp id="337" class="1004" name="trunc_ln708_6_fu_337">
<pin_list>
<pin id="338" dir="0" index="0" bw="16" slack="0"/>
<pin id="339" dir="0" index="1" bw="36" slack="0"/>
<pin id="340" dir="0" index="2" bw="6" slack="0"/>
<pin id="341" dir="0" index="3" bw="7" slack="0"/>
<pin id="342" dir="1" index="4" bw="16" slack="0"/>
</pin_list>
<bind>
<opcode="partselect(1002) " fcode="partselect"/>
<opset="trunc_ln708_6/5 "/>
</bind>
</comp>

<comp id="347" class="1004" name="sext_ln1118_9_fu_347">
<pin_list>
<pin id="348" dir="0" index="0" bw="22" slack="3"/>
<pin id="349" dir="1" index="1" bw="36" slack="0"/>
</pin_list>
<bind>
<opcode="sext(35) " fcode="sext"/>
<opset="sext_ln1118_9/5 "/>
</bind>
</comp>

<comp id="350" class="1004" name="mul_ln708_6_fu_350">
<pin_list>
<pin id="351" dir="0" index="0" bw="21" slack="0"/>
<pin id="352" dir="0" index="1" bw="22" slack="0"/>
<pin id="353" dir="1" index="2" bw="36" slack="0"/>
</pin_list>
<bind>
<opcode="mul(12) " fcode="mul"/>
<opset="mul_ln708_6/5 "/>
</bind>
</comp>

<comp id="356" class="1004" name="trunc_ln708_7_fu_356">
<pin_list>
<pin id="357" dir="0" index="0" bw="16" slack="0"/>
<pin id="358" dir="0" index="1" bw="36" slack="0"/>
<pin id="359" dir="0" index="2" bw="6" slack="0"/>
<pin id="360" dir="0" index="3" bw="7" slack="0"/>
<pin id="361" dir="1" index="4" bw="16" slack="0"/>
</pin_list>
<bind>
<opcode="partselect(1002) " fcode="partselect"/>
<opset="trunc_ln708_7/5 "/>
</bind>
</comp>

<comp id="366" class="1004" name="sext_ln1118_10_fu_366">
<pin_list>
<pin id="367" dir="0" index="0" bw="22" slack="3"/>
<pin id="368" dir="1" index="1" bw="36" slack="0"/>
</pin_list>
<bind>
<opcode="sext(35) " fcode="sext"/>
<opset="sext_ln1118_10/5 "/>
</bind>
</comp>

<comp id="369" class="1004" name="mul_ln708_7_fu_369">
<pin_list>
<pin id="370" dir="0" index="0" bw="21" slack="0"/>
<pin id="371" dir="0" index="1" bw="22" slack="0"/>
<pin id="372" dir="1" index="2" bw="36" slack="0"/>
</pin_list>
<bind>
<opcode="mul(12) " fcode="mul"/>
<opset="mul_ln708_7/5 "/>
</bind>
</comp>

<comp id="375" class="1004" name="trunc_ln708_8_fu_375">
<pin_list>
<pin id="376" dir="0" index="0" bw="16" slack="0"/>
<pin id="377" dir="0" index="1" bw="36" slack="0"/>
<pin id="378" dir="0" index="2" bw="6" slack="0"/>
<pin id="379" dir="0" index="3" bw="7" slack="0"/>
<pin id="380" dir="1" index="4" bw="16" slack="0"/>
</pin_list>
<bind>
<opcode="partselect(1002) " fcode="partselect"/>
<opset="trunc_ln708_8/5 "/>
</bind>
</comp>

<comp id="385" class="1004" name="sext_ln1118_11_fu_385">
<pin_list>
<pin id="386" dir="0" index="0" bw="22" slack="3"/>
<pin id="387" dir="1" index="1" bw="36" slack="0"/>
</pin_list>
<bind>
<opcode="sext(35) " fcode="sext"/>
<opset="sext_ln1118_11/5 "/>
</bind>
</comp>

<comp id="388" class="1004" name="mul_ln708_8_fu_388">
<pin_list>
<pin id="389" dir="0" index="0" bw="21" slack="0"/>
<pin id="390" dir="0" index="1" bw="22" slack="0"/>
<pin id="391" dir="1" index="2" bw="36" slack="0"/>
</pin_list>
<bind>
<opcode="mul(12) " fcode="mul"/>
<opset="mul_ln708_8/5 "/>
</bind>
</comp>

<comp id="394" class="1004" name="trunc_ln708_9_fu_394">
<pin_list>
<pin id="395" dir="0" index="0" bw="16" slack="0"/>
<pin id="396" dir="0" index="1" bw="36" slack="0"/>
<pin id="397" dir="0" index="2" bw="6" slack="0"/>
<pin id="398" dir="0" index="3" bw="7" slack="0"/>
<pin id="399" dir="1" index="4" bw="16" slack="0"/>
</pin_list>
<bind>
<opcode="partselect(1002) " fcode="partselect"/>
<opset="trunc_ln708_9/5 "/>
</bind>
</comp>

<comp id="404" class="1004" name="sext_ln1118_12_fu_404">
<pin_list>
<pin id="405" dir="0" index="0" bw="22" slack="3"/>
<pin id="406" dir="1" index="1" bw="36" slack="0"/>
</pin_list>
<bind>
<opcode="sext(35) " fcode="sext"/>
<opset="sext_ln1118_12/5 "/>
</bind>
</comp>

<comp id="407" class="1004" name="mul_ln708_9_fu_407">
<pin_list>
<pin id="408" dir="0" index="0" bw="21" slack="0"/>
<pin id="409" dir="0" index="1" bw="22" slack="0"/>
<pin id="410" dir="1" index="2" bw="36" slack="0"/>
</pin_list>
<bind>
<opcode="mul(12) " fcode="mul"/>
<opset="mul_ln708_9/5 "/>
</bind>
</comp>

<comp id="413" class="1004" name="trunc_ln708_s_fu_413">
<pin_list>
<pin id="414" dir="0" index="0" bw="16" slack="0"/>
<pin id="415" dir="0" index="1" bw="36" slack="0"/>
<pin id="416" dir="0" index="2" bw="6" slack="0"/>
<pin id="417" dir="0" index="3" bw="7" slack="0"/>
<pin id="418" dir="1" index="4" bw="16" slack="0"/>
</pin_list>
<bind>
<opcode="partselect(1002) " fcode="partselect"/>
<opset="trunc_ln708_s/5 "/>
</bind>
</comp>

<comp id="423" class="1004" name="mrv_fu_423">
<pin_list>
<pin id="424" dir="0" index="0" bw="80" slack="0"/>
<pin id="425" dir="0" index="1" bw="16" slack="0"/>
<pin id="426" dir="1" index="2" bw="80" slack="0"/>
</pin_list>
<bind>
<opcode="insertvalue(57) " fcode="insertvalue"/>
<opset="mrv/5 "/>
</bind>
</comp>

<comp id="429" class="1004" name="mrv_1_fu_429">
<pin_list>
<pin id="430" dir="0" index="0" bw="80" slack="0"/>
<pin id="431" dir="0" index="1" bw="16" slack="0"/>
<pin id="432" dir="1" index="2" bw="80" slack="0"/>
</pin_list>
<bind>
<opcode="insertvalue(57) " fcode="insertvalue"/>
<opset="mrv_1/5 "/>
</bind>
</comp>

<comp id="435" class="1004" name="mrv_2_fu_435">
<pin_list>
<pin id="436" dir="0" index="0" bw="80" slack="0"/>
<pin id="437" dir="0" index="1" bw="16" slack="0"/>
<pin id="438" dir="1" index="2" bw="80" slack="0"/>
</pin_list>
<bind>
<opcode="insertvalue(57) " fcode="insertvalue"/>
<opset="mrv_2/5 "/>
</bind>
</comp>

<comp id="441" class="1004" name="mrv_3_fu_441">
<pin_list>
<pin id="442" dir="0" index="0" bw="80" slack="0"/>
<pin id="443" dir="0" index="1" bw="16" slack="0"/>
<pin id="444" dir="1" index="2" bw="80" slack="0"/>
</pin_list>
<bind>
<opcode="insertvalue(57) " fcode="insertvalue"/>
<opset="mrv_3/5 "/>
</bind>
</comp>

<comp id="447" class="1004" name="mrv_4_fu_447">
<pin_list>
<pin id="448" dir="0" index="0" bw="80" slack="0"/>
<pin id="449" dir="0" index="1" bw="16" slack="0"/>
<pin id="450" dir="1" index="2" bw="80" slack="2147483647"/>
</pin_list>
<bind>
<opcode="insertvalue(57) " fcode="insertvalue"/>
<opset="mrv_4/5 "/>
</bind>
</comp>

<comp id="453" class="1007" name="r_V_fu_453">
<pin_list>
<pin id="454" dir="0" index="0" bw="22" slack="0"/>
<pin id="455" dir="0" index="1" bw="37" slack="0"/>
<pin id="456" dir="1" index="2" bw="37" slack="0"/>
</pin_list>
<bind>
<opcode="mul(12) " fcode="mul"/>
<opset="r_V/1 "/>
</bind>
</comp>

<comp id="460" class="1007" name="r_V_1_fu_460">
<pin_list>
<pin id="461" dir="0" index="0" bw="22" slack="0"/>
<pin id="462" dir="0" index="1" bw="37" slack="0"/>
<pin id="463" dir="1" index="2" bw="37" slack="0"/>
</pin_list>
<bind>
<opcode="mul(12) " fcode="mul"/>
<opset="r_V_1/3 "/>
</bind>
</comp>

<comp id="467" class="1005" name="shl_ln_reg_467">
<pin_list>
<pin id="468" dir="0" index="0" bw="22" slack="1"/>
<pin id="469" dir="1" index="1" bw="22" slack="1"/>
</pin_list>
<bind>
<opset="shl_ln "/>
</bind>
</comp>

<comp id="472" class="1005" name="shl_ln728_1_reg_472">
<pin_list>
<pin id="473" dir="0" index="0" bw="22" slack="1"/>
<pin id="474" dir="1" index="1" bw="22" slack="1"/>
</pin_list>
<bind>
<opset="shl_ln728_1 "/>
</bind>
</comp>

<comp id="477" class="1005" name="shl_ln728_2_reg_477">
<pin_list>
<pin id="478" dir="0" index="0" bw="22" slack="1"/>
<pin id="479" dir="1" index="1" bw="22" slack="1"/>
</pin_list>
<bind>
<opset="shl_ln728_2 "/>
</bind>
</comp>

<comp id="482" class="1005" name="shl_ln728_3_reg_482">
<pin_list>
<pin id="483" dir="0" index="0" bw="22" slack="1"/>
<pin id="484" dir="1" index="1" bw="22" slack="1"/>
</pin_list>
<bind>
<opset="shl_ln728_3 "/>
</bind>
</comp>

<comp id="487" class="1005" name="shl_ln728_4_reg_487">
<pin_list>
<pin id="488" dir="0" index="0" bw="22" slack="1"/>
<pin id="489" dir="1" index="1" bw="22" slack="1"/>
</pin_list>
<bind>
<opset="shl_ln728_4 "/>
</bind>
</comp>

<comp id="492" class="1005" name="mean_V_reg_492">
<pin_list>
<pin id="493" dir="0" index="0" bw="21" slack="1"/>
<pin id="494" dir="1" index="1" bw="21" slack="1"/>
</pin_list>
<bind>
<opset="mean_V "/>
</bind>
</comp>

<comp id="497" class="1005" name="data_diff_V_0_reg_497">
<pin_list>
<pin id="498" dir="0" index="0" bw="22" slack="3"/>
<pin id="499" dir="1" index="1" bw="22" slack="3"/>
</pin_list>
<bind>
<opset="data_diff_V_0 "/>
</bind>
</comp>

<comp id="502" class="1005" name="data_diff_V_1_reg_502">
<pin_list>
<pin id="503" dir="0" index="0" bw="22" slack="3"/>
<pin id="504" dir="1" index="1" bw="22" slack="3"/>
</pin_list>
<bind>
<opset="data_diff_V_1 "/>
</bind>
</comp>

<comp id="507" class="1005" name="data_diff_V_2_reg_507">
<pin_list>
<pin id="508" dir="0" index="0" bw="22" slack="3"/>
<pin id="509" dir="1" index="1" bw="22" slack="3"/>
</pin_list>
<bind>
<opset="data_diff_V_2 "/>
</bind>
</comp>

<comp id="512" class="1005" name="trunc_ln708_2_reg_512">
<pin_list>
<pin id="513" dir="0" index="0" bw="22" slack="1"/>
<pin id="514" dir="1" index="1" bw="22" slack="1"/>
</pin_list>
<bind>
<opset="trunc_ln708_2 "/>
</bind>
</comp>

<comp id="517" class="1005" name="data_diff_V_3_reg_517">
<pin_list>
<pin id="518" dir="0" index="0" bw="22" slack="3"/>
<pin id="519" dir="1" index="1" bw="22" slack="3"/>
</pin_list>
<bind>
<opset="data_diff_V_3 "/>
</bind>
</comp>

<comp id="522" class="1005" name="data_diff_V_4_reg_522">
<pin_list>
<pin id="523" dir="0" index="0" bw="22" slack="3"/>
<pin id="524" dir="1" index="1" bw="22" slack="3"/>
</pin_list>
<bind>
<opset="data_diff_V_4 "/>
</bind>
</comp>

<comp id="527" class="1005" name="add_ln703_4_reg_527">
<pin_list>
<pin id="528" dir="0" index="0" bw="22" slack="1"/>
<pin id="529" dir="1" index="1" bw="22" slack="1"/>
</pin_list>
<bind>
<opset="add_ln703_4 "/>
</bind>
</comp>

<comp id="532" class="1005" name="add_ln703_5_reg_532">
<pin_list>
<pin id="533" dir="0" index="0" bw="22" slack="1"/>
<pin id="534" dir="1" index="1" bw="22" slack="1"/>
</pin_list>
<bind>
<opset="add_ln703_5 "/>
</bind>
</comp>

<comp id="537" class="1005" name="var_V_reg_537">
<pin_list>
<pin id="538" dir="0" index="0" bw="21" slack="1"/>
<pin id="539" dir="1" index="1" bw="21" slack="1"/>
</pin_list>
<bind>
<opset="var_V "/>
</bind>
</comp>

</comp_list>

<net_list>
<net id="52"><net_src comp="12" pin="0"/><net_sink comp="48" pin=0"/></net>

<net id="53"><net_src comp="8" pin="0"/><net_sink comp="48" pin=1"/></net>

<net id="58"><net_src comp="12" pin="0"/><net_sink comp="54" pin=0"/></net>

<net id="59"><net_src comp="6" pin="0"/><net_sink comp="54" pin=1"/></net>

<net id="64"><net_src comp="12" pin="0"/><net_sink comp="60" pin=0"/></net>

<net id="65"><net_src comp="4" pin="0"/><net_sink comp="60" pin=1"/></net>

<net id="70"><net_src comp="12" pin="0"/><net_sink comp="66" pin=0"/></net>

<net id="71"><net_src comp="2" pin="0"/><net_sink comp="66" pin=1"/></net>

<net id="76"><net_src comp="12" pin="0"/><net_sink comp="72" pin=0"/></net>

<net id="77"><net_src comp="0" pin="0"/><net_sink comp="72" pin=1"/></net>

<net id="83"><net_src comp="30" pin="0"/><net_sink comp="78" pin=0"/></net>

<net id="84"><net_src comp="10" pin="0"/><net_sink comp="78" pin=2"/></net>

<net id="90"><net_src comp="14" pin="0"/><net_sink comp="85" pin=0"/></net>

<net id="91"><net_src comp="72" pin="2"/><net_sink comp="85" pin=1"/></net>

<net id="92"><net_src comp="16" pin="0"/><net_sink comp="85" pin=2"/></net>

<net id="98"><net_src comp="14" pin="0"/><net_sink comp="93" pin=0"/></net>

<net id="99"><net_src comp="66" pin="2"/><net_sink comp="93" pin=1"/></net>

<net id="100"><net_src comp="16" pin="0"/><net_sink comp="93" pin=2"/></net>

<net id="106"><net_src comp="14" pin="0"/><net_sink comp="101" pin=0"/></net>

<net id="107"><net_src comp="60" pin="2"/><net_sink comp="101" pin=1"/></net>

<net id="108"><net_src comp="16" pin="0"/><net_sink comp="101" pin=2"/></net>

<net id="114"><net_src comp="14" pin="0"/><net_sink comp="109" pin=0"/></net>

<net id="115"><net_src comp="54" pin="2"/><net_sink comp="109" pin=1"/></net>

<net id="116"><net_src comp="16" pin="0"/><net_sink comp="109" pin=2"/></net>

<net id="122"><net_src comp="14" pin="0"/><net_sink comp="117" pin=0"/></net>

<net id="123"><net_src comp="48" pin="2"/><net_sink comp="117" pin=1"/></net>

<net id="124"><net_src comp="16" pin="0"/><net_sink comp="117" pin=2"/></net>

<net id="129"><net_src comp="85" pin="3"/><net_sink comp="125" pin=0"/></net>

<net id="130"><net_src comp="93" pin="3"/><net_sink comp="125" pin=1"/></net>

<net id="135"><net_src comp="117" pin="3"/><net_sink comp="131" pin=0"/></net>

<net id="136"><net_src comp="109" pin="3"/><net_sink comp="131" pin=1"/></net>

<net id="141"><net_src comp="101" pin="3"/><net_sink comp="137" pin=0"/></net>

<net id="142"><net_src comp="131" pin="2"/><net_sink comp="137" pin=1"/></net>

<net id="147"><net_src comp="125" pin="2"/><net_sink comp="143" pin=0"/></net>

<net id="148"><net_src comp="137" pin="2"/><net_sink comp="143" pin=1"/></net>

<net id="152"><net_src comp="143" pin="2"/><net_sink comp="149" pin=0"/></net>

<net id="159"><net_src comp="20" pin="0"/><net_sink comp="153" pin=0"/></net>

<net id="160"><net_src comp="22" pin="0"/><net_sink comp="153" pin=2"/></net>

<net id="161"><net_src comp="24" pin="0"/><net_sink comp="153" pin=3"/></net>

<net id="169"><net_src comp="162" pin="1"/><net_sink comp="165" pin=1"/></net>

<net id="173"><net_src comp="165" pin="2"/><net_sink comp="170" pin=0"/></net>

<net id="178"><net_src comp="170" pin="1"/><net_sink comp="174" pin=0"/></net>

<net id="179"><net_src comp="170" pin="1"/><net_sink comp="174" pin=1"/></net>

<net id="186"><net_src comp="26" pin="0"/><net_sink comp="180" pin=0"/></net>

<net id="187"><net_src comp="174" pin="2"/><net_sink comp="180" pin=1"/></net>

<net id="188"><net_src comp="22" pin="0"/><net_sink comp="180" pin=2"/></net>

<net id="189"><net_src comp="28" pin="0"/><net_sink comp="180" pin=3"/></net>

<net id="194"><net_src comp="162" pin="1"/><net_sink comp="190" pin=1"/></net>

<net id="198"><net_src comp="190" pin="2"/><net_sink comp="195" pin=0"/></net>

<net id="203"><net_src comp="195" pin="1"/><net_sink comp="199" pin=0"/></net>

<net id="204"><net_src comp="195" pin="1"/><net_sink comp="199" pin=1"/></net>

<net id="211"><net_src comp="26" pin="0"/><net_sink comp="205" pin=0"/></net>

<net id="212"><net_src comp="199" pin="2"/><net_sink comp="205" pin=1"/></net>

<net id="213"><net_src comp="22" pin="0"/><net_sink comp="205" pin=2"/></net>

<net id="214"><net_src comp="28" pin="0"/><net_sink comp="205" pin=3"/></net>

<net id="219"><net_src comp="162" pin="1"/><net_sink comp="215" pin=1"/></net>

<net id="223"><net_src comp="215" pin="2"/><net_sink comp="220" pin=0"/></net>

<net id="228"><net_src comp="220" pin="1"/><net_sink comp="224" pin=0"/></net>

<net id="229"><net_src comp="220" pin="1"/><net_sink comp="224" pin=1"/></net>

<net id="236"><net_src comp="26" pin="0"/><net_sink comp="230" pin=0"/></net>

<net id="237"><net_src comp="224" pin="2"/><net_sink comp="230" pin=1"/></net>

<net id="238"><net_src comp="22" pin="0"/><net_sink comp="230" pin=2"/></net>

<net id="239"><net_src comp="28" pin="0"/><net_sink comp="230" pin=3"/></net>

<net id="244"><net_src comp="162" pin="1"/><net_sink comp="240" pin=1"/></net>

<net id="248"><net_src comp="240" pin="2"/><net_sink comp="245" pin=0"/></net>

<net id="253"><net_src comp="245" pin="1"/><net_sink comp="249" pin=0"/></net>

<net id="254"><net_src comp="245" pin="1"/><net_sink comp="249" pin=1"/></net>

<net id="261"><net_src comp="26" pin="0"/><net_sink comp="255" pin=0"/></net>

<net id="262"><net_src comp="249" pin="2"/><net_sink comp="255" pin=1"/></net>

<net id="263"><net_src comp="22" pin="0"/><net_sink comp="255" pin=2"/></net>

<net id="264"><net_src comp="28" pin="0"/><net_sink comp="255" pin=3"/></net>

<net id="269"><net_src comp="162" pin="1"/><net_sink comp="265" pin=1"/></net>

<net id="273"><net_src comp="265" pin="2"/><net_sink comp="270" pin=0"/></net>

<net id="278"><net_src comp="270" pin="1"/><net_sink comp="274" pin=0"/></net>

<net id="279"><net_src comp="270" pin="1"/><net_sink comp="274" pin=1"/></net>

<net id="286"><net_src comp="26" pin="0"/><net_sink comp="280" pin=0"/></net>

<net id="287"><net_src comp="274" pin="2"/><net_sink comp="280" pin=1"/></net>

<net id="288"><net_src comp="22" pin="0"/><net_sink comp="280" pin=2"/></net>

<net id="289"><net_src comp="28" pin="0"/><net_sink comp="280" pin=3"/></net>

<net id="294"><net_src comp="180" pin="4"/><net_sink comp="290" pin=0"/></net>

<net id="295"><net_src comp="205" pin="4"/><net_sink comp="290" pin=1"/></net>

<net id="300"><net_src comp="280" pin="4"/><net_sink comp="296" pin=0"/></net>

<net id="301"><net_src comp="255" pin="4"/><net_sink comp="296" pin=1"/></net>

<net id="310"><net_src comp="302" pin="2"/><net_sink comp="306" pin=1"/></net>

<net id="314"><net_src comp="306" pin="2"/><net_sink comp="311" pin=0"/></net>

<net id="321"><net_src comp="20" pin="0"/><net_sink comp="315" pin=0"/></net>

<net id="322"><net_src comp="22" pin="0"/><net_sink comp="315" pin=2"/></net>

<net id="323"><net_src comp="24" pin="0"/><net_sink comp="315" pin=3"/></net>

<net id="330"><net_src comp="78" pin="3"/><net_sink comp="327" pin=0"/></net>

<net id="335"><net_src comp="327" pin="1"/><net_sink comp="331" pin=0"/></net>

<net id="336"><net_src comp="324" pin="1"/><net_sink comp="331" pin=1"/></net>

<net id="343"><net_src comp="40" pin="0"/><net_sink comp="337" pin=0"/></net>

<net id="344"><net_src comp="331" pin="2"/><net_sink comp="337" pin=1"/></net>

<net id="345"><net_src comp="42" pin="0"/><net_sink comp="337" pin=2"/></net>

<net id="346"><net_src comp="44" pin="0"/><net_sink comp="337" pin=3"/></net>

<net id="354"><net_src comp="327" pin="1"/><net_sink comp="350" pin=0"/></net>

<net id="355"><net_src comp="347" pin="1"/><net_sink comp="350" pin=1"/></net>

<net id="362"><net_src comp="40" pin="0"/><net_sink comp="356" pin=0"/></net>

<net id="363"><net_src comp="350" pin="2"/><net_sink comp="356" pin=1"/></net>

<net id="364"><net_src comp="42" pin="0"/><net_sink comp="356" pin=2"/></net>

<net id="365"><net_src comp="44" pin="0"/><net_sink comp="356" pin=3"/></net>

<net id="373"><net_src comp="327" pin="1"/><net_sink comp="369" pin=0"/></net>

<net id="374"><net_src comp="366" pin="1"/><net_sink comp="369" pin=1"/></net>

<net id="381"><net_src comp="40" pin="0"/><net_sink comp="375" pin=0"/></net>

<net id="382"><net_src comp="369" pin="2"/><net_sink comp="375" pin=1"/></net>

<net id="383"><net_src comp="42" pin="0"/><net_sink comp="375" pin=2"/></net>

<net id="384"><net_src comp="44" pin="0"/><net_sink comp="375" pin=3"/></net>

<net id="392"><net_src comp="327" pin="1"/><net_sink comp="388" pin=0"/></net>

<net id="393"><net_src comp="385" pin="1"/><net_sink comp="388" pin=1"/></net>

<net id="400"><net_src comp="40" pin="0"/><net_sink comp="394" pin=0"/></net>

<net id="401"><net_src comp="388" pin="2"/><net_sink comp="394" pin=1"/></net>

<net id="402"><net_src comp="42" pin="0"/><net_sink comp="394" pin=2"/></net>

<net id="403"><net_src comp="44" pin="0"/><net_sink comp="394" pin=3"/></net>

<net id="411"><net_src comp="327" pin="1"/><net_sink comp="407" pin=0"/></net>

<net id="412"><net_src comp="404" pin="1"/><net_sink comp="407" pin=1"/></net>

<net id="419"><net_src comp="40" pin="0"/><net_sink comp="413" pin=0"/></net>

<net id="420"><net_src comp="407" pin="2"/><net_sink comp="413" pin=1"/></net>

<net id="421"><net_src comp="42" pin="0"/><net_sink comp="413" pin=2"/></net>

<net id="422"><net_src comp="44" pin="0"/><net_sink comp="413" pin=3"/></net>

<net id="427"><net_src comp="46" pin="0"/><net_sink comp="423" pin=0"/></net>

<net id="428"><net_src comp="337" pin="4"/><net_sink comp="423" pin=1"/></net>

<net id="433"><net_src comp="423" pin="2"/><net_sink comp="429" pin=0"/></net>

<net id="434"><net_src comp="356" pin="4"/><net_sink comp="429" pin=1"/></net>

<net id="439"><net_src comp="429" pin="2"/><net_sink comp="435" pin=0"/></net>

<net id="440"><net_src comp="375" pin="4"/><net_sink comp="435" pin=1"/></net>

<net id="445"><net_src comp="435" pin="2"/><net_sink comp="441" pin=0"/></net>

<net id="446"><net_src comp="394" pin="4"/><net_sink comp="441" pin=1"/></net>

<net id="451"><net_src comp="441" pin="2"/><net_sink comp="447" pin=0"/></net>

<net id="452"><net_src comp="413" pin="4"/><net_sink comp="447" pin=1"/></net>

<net id="457"><net_src comp="149" pin="1"/><net_sink comp="453" pin=0"/></net>

<net id="458"><net_src comp="18" pin="0"/><net_sink comp="453" pin=1"/></net>

<net id="459"><net_src comp="453" pin="2"/><net_sink comp="153" pin=1"/></net>

<net id="464"><net_src comp="311" pin="1"/><net_sink comp="460" pin=0"/></net>

<net id="465"><net_src comp="18" pin="0"/><net_sink comp="460" pin=1"/></net>

<net id="466"><net_src comp="460" pin="2"/><net_sink comp="315" pin=1"/></net>

<net id="470"><net_src comp="85" pin="3"/><net_sink comp="467" pin=0"/></net>

<net id="471"><net_src comp="467" pin="1"/><net_sink comp="165" pin=0"/></net>

<net id="475"><net_src comp="93" pin="3"/><net_sink comp="472" pin=0"/></net>

<net id="476"><net_src comp="472" pin="1"/><net_sink comp="190" pin=0"/></net>

<net id="480"><net_src comp="101" pin="3"/><net_sink comp="477" pin=0"/></net>

<net id="481"><net_src comp="477" pin="1"/><net_sink comp="215" pin=0"/></net>

<net id="485"><net_src comp="109" pin="3"/><net_sink comp="482" pin=0"/></net>

<net id="486"><net_src comp="482" pin="1"/><net_sink comp="240" pin=0"/></net>

<net id="490"><net_src comp="117" pin="3"/><net_sink comp="487" pin=0"/></net>

<net id="491"><net_src comp="487" pin="1"/><net_sink comp="265" pin=0"/></net>

<net id="495"><net_src comp="153" pin="4"/><net_sink comp="492" pin=0"/></net>

<net id="496"><net_src comp="492" pin="1"/><net_sink comp="162" pin=0"/></net>

<net id="500"><net_src comp="165" pin="2"/><net_sink comp="497" pin=0"/></net>

<net id="501"><net_src comp="497" pin="1"/><net_sink comp="324" pin=0"/></net>

<net id="505"><net_src comp="190" pin="2"/><net_sink comp="502" pin=0"/></net>

<net id="506"><net_src comp="502" pin="1"/><net_sink comp="347" pin=0"/></net>

<net id="510"><net_src comp="215" pin="2"/><net_sink comp="507" pin=0"/></net>

<net id="511"><net_src comp="507" pin="1"/><net_sink comp="366" pin=0"/></net>

<net id="515"><net_src comp="230" pin="4"/><net_sink comp="512" pin=0"/></net>

<net id="516"><net_src comp="512" pin="1"/><net_sink comp="302" pin=0"/></net>

<net id="520"><net_src comp="240" pin="2"/><net_sink comp="517" pin=0"/></net>

<net id="521"><net_src comp="517" pin="1"/><net_sink comp="385" pin=0"/></net>

<net id="525"><net_src comp="265" pin="2"/><net_sink comp="522" pin=0"/></net>

<net id="526"><net_src comp="522" pin="1"/><net_sink comp="404" pin=0"/></net>

<net id="530"><net_src comp="290" pin="2"/><net_sink comp="527" pin=0"/></net>

<net id="531"><net_src comp="527" pin="1"/><net_sink comp="306" pin=0"/></net>

<net id="535"><net_src comp="296" pin="2"/><net_sink comp="532" pin=0"/></net>

<net id="536"><net_src comp="532" pin="1"/><net_sink comp="302" pin=1"/></net>

<net id="540"><net_src comp="315" pin="4"/><net_sink comp="537" pin=0"/></net>

<net id="541"><net_src comp="537" pin="1"/><net_sink comp="78" pin=1"/></net>

</net_list>

</model> 
---------------- Datapath Model END ------------------

* FSMD analyzer results:
  - Output states:
 - Input state : 
	Port: layernorm_1d<ap_fixed<16, 6, 5, 3, 0>, ap_fixed<16, 6, 5, 3, 0>, config2> : p_read | {1 }
	Port: layernorm_1d<ap_fixed<16, 6, 5, 3, 0>, ap_fixed<16, 6, 5, 3, 0>, config2> : p_read1 | {1 }
	Port: layernorm_1d<ap_fixed<16, 6, 5, 3, 0>, ap_fixed<16, 6, 5, 3, 0>, config2> : p_read2 | {1 }
	Port: layernorm_1d<ap_fixed<16, 6, 5, 3, 0>, ap_fixed<16, 6, 5, 3, 0>, config2> : p_read3 | {1 }
	Port: layernorm_1d<ap_fixed<16, 6, 5, 3, 0>, ap_fixed<16, 6, 5, 3, 0>, config2> : p_read4 | {1 }
	Port: layernorm_1d<ap_fixed<16, 6, 5, 3, 0>, ap_fixed<16, 6, 5, 3, 0>, config2> : invert_sqr_table_V | {4 5 }
  - Chain level:
	State 1
		add_ln703 : 1
		add_ln703_1 : 1
		add_ln703_2 : 2
		add_ln703_3 : 3
		sext_ln1118 : 4
		r_V : 5
		mean_V : 6
	State 2
		data_diff_V_0 : 1
		sext_ln1118_1 : 2
		mul_ln708 : 3
		trunc_ln : 4
		data_diff_V_1 : 1
		sext_ln1118_2 : 2
		mul_ln708_1 : 3
		trunc_ln708_1 : 4
		data_diff_V_2 : 1
		sext_ln1118_3 : 2
		mul_ln708_2 : 3
		trunc_ln708_2 : 4
		data_diff_V_3 : 1
		sext_ln1118_4 : 2
		mul_ln708_3 : 3
		trunc_ln708_3 : 4
		data_diff_V_4 : 1
		sext_ln1118_5 : 2
		mul_ln708_4 : 3
		trunc_ln708_4 : 4
		add_ln703_4 : 5
		add_ln703_5 : 5
	State 3
		add_ln703_7 : 1
		sext_ln1118_6 : 2
		r_V_1 : 3
		var_V : 4
	State 4
	State 5
		sext_ln1118_8 : 1
		mul_ln708_5 : 2
		trunc_ln708_6 : 3
		mul_ln708_6 : 2
		trunc_ln708_7 : 3
		mul_ln708_7 : 2
		trunc_ln708_8 : 3
		mul_ln708_8 : 2
		trunc_ln708_9 : 3
		mul_ln708_9 : 2
		trunc_ln708_s : 3
		mrv : 4
		mrv_1 : 5
		mrv_2 : 6
		mrv_3 : 7
		mrv_4 : 8
		ret_ln151 : 9


============================================================
+ Verbose Summary: Datapath Resource usage 
============================================================

* Functional unit list:
|----------|---------------------------------------|---------|---------|---------|---------|
| Operation|            Functional Unit            |   DSP   |  Delay  |    FF   |   LUT   |
|----------|---------------------------------------|---------|---------|---------|---------|
|   call   | grp_lookup_invert_sqr_config2_s_fu_78 |    0    |  1.206  |    39   |   3383  |
|----------|---------------------------------------|---------|---------|---------|---------|
|          |            mul_ln708_fu_174           |    2    |    0    |    0    |    22   |
|          |           mul_ln708_1_fu_199          |    2    |    0    |    0    |    22   |
|          |           mul_ln708_2_fu_224          |    2    |    0    |    0    |    22   |
|          |           mul_ln708_3_fu_249          |    2    |    0    |    0    |    22   |
|          |           mul_ln708_4_fu_274          |    2    |    0    |    0    |    22   |
|    mul   |           mul_ln708_5_fu_331          |    2    |    0    |    0    |    22   |
|          |           mul_ln708_6_fu_350          |    2    |    0    |    0    |    22   |
|          |           mul_ln708_7_fu_369          |    2    |    0    |    0    |    22   |
|          |           mul_ln708_8_fu_388          |    2    |    0    |    0    |    22   |
|          |           mul_ln708_9_fu_407          |    2    |    0    |    0    |    22   |
|          |               r_V_fu_453              |    1    |    0    |    0    |    0    |
|          |              r_V_1_fu_460             |    1    |    0    |    0    |    0    |
|----------|---------------------------------------|---------|---------|---------|---------|
|          |            add_ln703_fu_125           |    0    |    0    |    0    |    29   |
|          |           add_ln703_1_fu_131          |    0    |    0    |    0    |    29   |
|          |           add_ln703_2_fu_137          |    0    |    0    |    0    |    22   |
|    add   |           add_ln703_3_fu_143          |    0    |    0    |    0    |    22   |
|          |           add_ln703_4_fu_290          |    0    |    0    |    0    |    29   |
|          |           add_ln703_5_fu_296          |    0    |    0    |    0    |    29   |
|          |           add_ln703_6_fu_302          |    0    |    0    |    0    |    22   |
|          |           add_ln703_7_fu_306          |    0    |    0    |    0    |    22   |
|----------|---------------------------------------|---------|---------|---------|---------|
|          |          data_diff_V_0_fu_165         |    0    |    0    |    0    |    29   |
|          |          data_diff_V_1_fu_190         |    0    |    0    |    0    |    29   |
|    sub   |          data_diff_V_2_fu_215         |    0    |    0    |    0    |    29   |
|          |          data_diff_V_3_fu_240         |    0    |    0    |    0    |    29   |
|          |          data_diff_V_4_fu_265         |    0    |    0    |    0    |    29   |
|----------|---------------------------------------|---------|---------|---------|---------|
|          |          p_read49_read_fu_48          |    0    |    0    |    0    |    0    |
|          |          p_read38_read_fu_54          |    0    |    0    |    0    |    0    |
|   read   |          p_read27_read_fu_60          |    0    |    0    |    0    |    0    |
|          |          p_read16_read_fu_66          |    0    |    0    |    0    |    0    |
|          |          p_read_21_read_fu_72         |    0    |    0    |    0    |    0    |
|----------|---------------------------------------|---------|---------|---------|---------|
|          |              shl_ln_fu_85             |    0    |    0    |    0    |    0    |
|          |           shl_ln728_1_fu_93           |    0    |    0    |    0    |    0    |
|bitconcatenate|           shl_ln728_2_fu_101          |    0    |    0    |    0    |    0    |
|          |           shl_ln728_3_fu_109          |    0    |    0    |    0    |    0    |
|          |           shl_ln728_4_fu_117          |    0    |    0    |    0    |    0    |
|----------|---------------------------------------|---------|---------|---------|---------|
|          |           sext_ln1118_fu_149          |    0    |    0    |    0    |    0    |
|          |           sext_ln708_fu_162           |    0    |    0    |    0    |    0    |
|          |          sext_ln1118_1_fu_170         |    0    |    0    |    0    |    0    |
|          |          sext_ln1118_2_fu_195         |    0    |    0    |    0    |    0    |
|          |          sext_ln1118_3_fu_220         |    0    |    0    |    0    |    0    |
|          |          sext_ln1118_4_fu_245         |    0    |    0    |    0    |    0    |
|   sext   |          sext_ln1118_5_fu_270         |    0    |    0    |    0    |    0    |
|          |          sext_ln1118_6_fu_311         |    0    |    0    |    0    |    0    |
|          |          sext_ln1118_7_fu_324         |    0    |    0    |    0    |    0    |
|          |          sext_ln1118_8_fu_327         |    0    |    0    |    0    |    0    |
|          |          sext_ln1118_9_fu_347         |    0    |    0    |    0    |    0    |
|          |         sext_ln1118_10_fu_366         |    0    |    0    |    0    |    0    |
|          |         sext_ln1118_11_fu_385         |    0    |    0    |    0    |    0    |
|          |         sext_ln1118_12_fu_404         |    0    |    0    |    0    |    0    |
|----------|---------------------------------------|---------|---------|---------|---------|
|          |             mean_V_fu_153             |    0    |    0    |    0    |    0    |
|          |            trunc_ln_fu_180            |    0    |    0    |    0    |    0    |
|          |          trunc_ln708_1_fu_205         |    0    |    0    |    0    |    0    |
|          |          trunc_ln708_2_fu_230         |    0    |    0    |    0    |    0    |
|          |          trunc_ln708_3_fu_255         |    0    |    0    |    0    |    0    |
|partselect|          trunc_ln708_4_fu_280         |    0    |    0    |    0    |    0    |
|          |              var_V_fu_315             |    0    |    0    |    0    |    0    |
|          |          trunc_ln708_6_fu_337         |    0    |    0    |    0    |    0    |
|          |          trunc_ln708_7_fu_356         |    0    |    0    |    0    |    0    |
|          |          trunc_ln708_8_fu_375         |    0    |    0    |    0    |    0    |
|          |          trunc_ln708_9_fu_394         |    0    |    0    |    0    |    0    |
|          |          trunc_ln708_s_fu_413         |    0    |    0    |    0    |    0    |
|----------|---------------------------------------|---------|---------|---------|---------|
|          |               mrv_fu_423              |    0    |    0    |    0    |    0    |
|          |              mrv_1_fu_429             |    0    |    0    |    0    |    0    |
|insertvalue|              mrv_2_fu_435             |    0    |    0    |    0    |    0    |
|          |              mrv_3_fu_441             |    0    |    0    |    0    |    0    |
|          |              mrv_4_fu_447             |    0    |    0    |    0    |    0    |
|----------|---------------------------------------|---------|---------|---------|---------|
|   Total  |                                       |    22   |  1.206  |    39   |   3952  |
|----------|---------------------------------------|---------|---------|---------|---------|

Memories:
N/A

* Register list:
+---------------------+--------+
|                     |   FF   |
+---------------------+--------+
| add_ln703_4_reg_527 |   22   |
| add_ln703_5_reg_532 |   22   |
|data_diff_V_0_reg_497|   22   |
|data_diff_V_1_reg_502|   22   |
|data_diff_V_2_reg_507|   22   |
|data_diff_V_3_reg_517|   22   |
|data_diff_V_4_reg_522|   22   |
|    mean_V_reg_492   |   21   |
| shl_ln728_1_reg_472 |   22   |
| shl_ln728_2_reg_477 |   22   |
| shl_ln728_3_reg_482 |   22   |
| shl_ln728_4_reg_487 |   22   |
|    shl_ln_reg_467   |   22   |
|trunc_ln708_2_reg_512|   22   |
|    var_V_reg_537    |   21   |
+---------------------+--------+
|        Total        |   328  |
+---------------------+--------+

* Multiplexer (MUX) list: 
|--------|------|------|------|--------|
|  Comp  |  Pin | Size |  BW  | S x BW |
|--------|------|------|------|--------|
|  Total |      |      |      |    0   |
|--------|------|------|------|--------|



* Summary:
+-----------+--------+--------+--------+--------+
|           |   DSP  |  Delay |   FF   |   LUT  |
+-----------+--------+--------+--------+--------+
|  Function |   22   |    1   |   39   |  3952  |
|   Memory  |    -   |    -   |    -   |    -   |
|Multiplexer|    -   |    -   |    -   |    -   |
|  Register |    -   |    -   |   328  |    -   |
+-----------+--------+--------+--------+--------+
|   Total   |   22   |    1   |   367  |  3952  |
+-----------+--------+--------+--------+--------+
