==============================================================
Vitis HLS - High-Level Synthesis from C, C++ and OpenCL v2024.1 (64-bit)
Tool Version Limit: 2024.05
Copyright 1986-2022 Xilinx, Inc. All Rights Reserved.
Copyright 2022-2024 Advanced Micro Devices, Inc. All Rights Reserved.

==============================================================
INFO: [HLS 200-1505] Using default flow_target 'vivado'
INFO: [HLS 200-1510] Running: config_array_partition -maximum_size 4096 
ERROR: [HLS 200-101] config_array_partition: Unknown option '-maximum_size'.
ERROR: [HLS 200-101] config_array_partition: Unknown option '4096'.
INFO: [HLS 200-1510] Running: config_compile -name_max_length 80 
INFO: [XFORM 203-1161] The maximum of name length is set to 80.
INFO: [HLS 200-1510] Running: set_part xcvu13p-flga2577-2-e 
INFO: [HLS 200-1611] Setting target device to 'xcvu13p-flga2577-2-e'
INFO: [XFORM 203-1161] The maximum of name length is set to 80.
INFO: [HLS 200-1510] Running: config_schedule -enable_dsp_full_reg=false 
INFO: [HLS 200-1510] Running: create_clock -period 5 -name default 
INFO: [SYN 201-201] Setting up clock 'default' with a period of 5ns.
INFO: [HLS 200-1510] Running: set_clock_uncertainty 12.5% default 
INFO: [SYN 201-201] Setting up clock 'default' with an uncertainty of 0.625ns.
INFO: [HLS 200-1510] Running: csim_design 
INFO: [SIM 211-2] *************** CSIM start ***************
INFO: [SIM 211-4] CSIM will launch CLANG as the compiler.
INFO: [HLS 200-2036] Building debug C Simulation binaries
INFO: [SIM 211-1] CSim done with 0 errors.
INFO: [SIM 211-3] *************** CSIM finish ***************
INFO: [HLS 200-2161] Finished Command csim_design Elapsed time: 00:00:08; Allocated memory: 0.000 MB.
INFO: [HLS 200-1510] Running: csynth_design 
INFO: [HLS 200-111] Finished File checks and directory preparation: CPU user time: 0.06 seconds. CPU system time: 0.01 seconds. Elapsed time: 0.07 seconds; current allocated memory: 324.980 MB.
INFO: [HLS 200-10] Analyzing design file 'firmware/myproject.cpp' ... 
WARNING: [HLS 207-5538] 'Resource pragma' is deprecated, use 'bind_op/bind_storage pragma' instead (firmware/nnet_utils/nnet_dense_resource.h:33:9)
WARNING: [HLS 207-5538] 'Resource pragma' is deprecated, use 'bind_op/bind_storage pragma' instead (firmware/nnet_utils/nnet_dense_resource.h:107:9)
WARNING: [HLS 207-5538] 'Resource pragma' is deprecated, use 'bind_op/bind_storage pragma' instead (firmware/nnet_utils/nnet_dense_resource.h:189:9)
WARNING: [HLS 207-5292] unused parameter 'keep' (firmware/nnet_utils/nnet_helpers.h:285:99)
WARNING: [HLS 207-5292] unused parameter 'data' (firmware/nnet_utils/nnet_function_stubs.h:14:36)
WARNING: [HLS 207-5292] unused parameter 'buffer' (firmware/nnet_utils/nnet_function_stubs.h:15:36)
WARNING: [HLS 207-5292] unused parameter 'partition' (firmware/nnet_utils/nnet_function_stubs.h:16:44)
WARNING: [HLS 207-5292] unused parameter 'data' (firmware/nnet_utils/nnet_function_stubs.h:24:24)
WARNING: [HLS 207-5292] unused parameter 'buffer' (firmware/nnet_utils/nnet_function_stubs.h:25:24)
WARNING: [HLS 207-5292] unused parameter 'partition' (firmware/nnet_utils/nnet_function_stubs.h:26:32)
WARNING: [HLS 207-5292] unused parameter 'data' (firmware/nnet_utils/nnet_function_stubs.h:33:30)
WARNING: [HLS 207-5292] unused parameter 'res' (firmware/nnet_utils/nnet_function_stubs.h:33:58)
WARNING: [HLS 207-5292] unused parameter 'weights' (firmware/nnet_utils/nnet_function_stubs.h:34:51)
WARNING: [HLS 207-5292] unused parameter 'biases' (firmware/nnet_utils/nnet_function_stubs.h:35:49)
WARNING: [HLS 207-5292] unused parameter 'data' (firmware/nnet_utils/nnet_function_stubs.h:42:29)
WARNING: [HLS 207-5292] unused parameter 'res' (firmware/nnet_utils/nnet_function_stubs.h:42:80)
WARNING: [HLS 207-5292] unused parameter 'weights' (firmware/nnet_utils/nnet_function_stubs.h:43:50)
WARNING: [HLS 207-5292] unused parameter 'biases' (firmware/nnet_utils/nnet_function_stubs.h:44:48)
WARNING: [HLS 207-5292] unused parameter 'data' (firmware/nnet_utils/nnet_code_gen.h:16:39)
WARNING: [HLS 207-5292] unused parameter 'res' (firmware/nnet_utils/nnet_code_gen.h:17:38)
WARNING: [HLS 207-5292] unused parameter 'weights' (firmware/nnet_utils/nnet_code_gen.h:18:60)
WARNING: [HLS 207-5292] unused parameter 'biases' (firmware/nnet_utils/nnet_code_gen.h:19:58)
INFO: [HLS 200-111] Finished Source Code Analysis and Preprocessing: CPU user time: 19.73 seconds. CPU system time: 1.25 seconds. Elapsed time: 21.07 seconds; current allocated memory: 332.934 MB.
INFO: [HLS 200-777] Using interface defaults for 'Vivado' flow target.
INFO: [HLS 200-1995] There were 4,113 instructions in the design after the 'Compile/Link' phase of compilation. See the Design Size Report for more details: /home/rflynn/transformer-synthesis/hls4ml_projects/pytorch_layernorm_uniform_10_8/myproject_prj/solution1/syn/report/csynth_design_size.rpt
INFO: [HLS 200-1995] There were 15,532 instructions in the design after the 'Unroll/Inline (step 1)' phase of compilation. See the Design Size Report for more details: /home/rflynn/transformer-synthesis/hls4ml_projects/pytorch_layernorm_uniform_10_8/myproject_prj/solution1/syn/report/csynth_design_size.rpt
INFO: [HLS 200-1995] There were 4,255 instructions in the design after the 'Unroll/Inline (step 2)' phase of compilation. See the Design Size Report for more details: /home/rflynn/transformer-synthesis/hls4ml_projects/pytorch_layernorm_uniform_10_8/myproject_prj/solution1/syn/report/csynth_design_size.rpt
INFO: [HLS 200-1995] There were 4,113 instructions in the design after the 'Unroll/Inline (step 3)' phase of compilation. See the Design Size Report for more details: /home/rflynn/transformer-synthesis/hls4ml_projects/pytorch_layernorm_uniform_10_8/myproject_prj/solution1/syn/report/csynth_design_size.rpt
INFO: [HLS 200-1995] There were 4,113 instructions in the design after the 'Unroll/Inline (step 4)' phase of compilation. See the Design Size Report for more details: /home/rflynn/transformer-synthesis/hls4ml_projects/pytorch_layernorm_uniform_10_8/myproject_prj/solution1/syn/report/csynth_design_size.rpt
INFO: [HLS 200-1995] There were 3,595 instructions in the design after the 'Array/Struct (step 1)' phase of compilation. See the Design Size Report for more details: /home/rflynn/transformer-synthesis/hls4ml_projects/pytorch_layernorm_uniform_10_8/myproject_prj/solution1/syn/report/csynth_design_size.rpt
INFO: [HLS 200-1995] There were 3,595 instructions in the design after the 'Array/Struct (step 2)' phase of compilation. See the Design Size Report for more details: /home/rflynn/transformer-synthesis/hls4ml_projects/pytorch_layernorm_uniform_10_8/myproject_prj/solution1/syn/report/csynth_design_size.rpt
INFO: [HLS 200-1995] There were 3,595 instructions in the design after the 'Array/Struct (step 3)' phase of compilation. See the Design Size Report for more details: /home/rflynn/transformer-synthesis/hls4ml_projects/pytorch_layernorm_uniform_10_8/myproject_prj/solution1/syn/report/csynth_design_size.rpt
INFO: [HLS 200-1995] There were 3,755 instructions in the design after the 'Array/Struct (step 4)' phase of compilation. See the Design Size Report for more details: /home/rflynn/transformer-synthesis/hls4ml_projects/pytorch_layernorm_uniform_10_8/myproject_prj/solution1/syn/report/csynth_design_size.rpt
INFO: [HLS 200-1995] There were 3,515 instructions in the design after the 'Array/Struct (step 5)' phase of compilation. See the Design Size Report for more details: /home/rflynn/transformer-synthesis/hls4ml_projects/pytorch_layernorm_uniform_10_8/myproject_prj/solution1/syn/report/csynth_design_size.rpt
INFO: [HLS 200-1995] There were 3,347 instructions in the design after the 'Performance (step 1)' phase of compilation. See the Design Size Report for more details: /home/rflynn/transformer-synthesis/hls4ml_projects/pytorch_layernorm_uniform_10_8/myproject_prj/solution1/syn/report/csynth_design_size.rpt
INFO: [HLS 200-1995] There were 3,347 instructions in the design after the 'Performance (step 2)' phase of compilation. See the Design Size Report for more details: /home/rflynn/transformer-synthesis/hls4ml_projects/pytorch_layernorm_uniform_10_8/myproject_prj/solution1/syn/report/csynth_design_size.rpt
INFO: [HLS 200-1995] There were 3,347 instructions in the design after the 'Performance (step 3)' phase of compilation. See the Design Size Report for more details: /home/rflynn/transformer-synthesis/hls4ml_projects/pytorch_layernorm_uniform_10_8/myproject_prj/solution1/syn/report/csynth_design_size.rpt
INFO: [HLS 200-1995] There were 3,347 instructions in the design after the 'Performance (step 4)' phase of compilation. See the Design Size Report for more details: /home/rflynn/transformer-synthesis/hls4ml_projects/pytorch_layernorm_uniform_10_8/myproject_prj/solution1/syn/report/csynth_design_size.rpt
INFO: [HLS 200-1995] There were 3,428 instructions in the design after the 'HW Transforms (step 1)' phase of compilation. See the Design Size Report for more details: /home/rflynn/transformer-synthesis/hls4ml_projects/pytorch_layernorm_uniform_10_8/myproject_prj/solution1/syn/report/csynth_design_size.rpt
INFO: [HLS 200-1995] There were 3,442 instructions in the design after the 'HW Transforms (step 2)' phase of compilation. See the Design Size Report for more details: /home/rflynn/transformer-synthesis/hls4ml_projects/pytorch_layernorm_uniform_10_8/myproject_prj/solution1/syn/report/csynth_design_size.rpt
INFO: [HLS 214-131] Inlining function 'nnet::product::mult<ap_fixed<19, 6, (ap_q_mode)5, (ap_o_mode)3, 0>, ap_fixed<19, 6, (ap_q_mode)5, (ap_o_mode)3, 0> >::product(ap_fixed<19, 6, (ap_q_mode)5, (ap_o_mode)3, 0>, ap_fixed<19, 6, (ap_q_mode)5, (ap_o_mode)3, 0>)' into 'void nnet::layernorm_1d<ap_fixed<16, 6, (ap_q_mode)5, (ap_o_mode)3, 0>, ap_fixed<33, 13, (ap_q_mode)5, (ap_o_mode)3, 0>, config2>(ap_fixed<16, 6, (ap_q_mode)5, (ap_o_mode)3, 0>*, ap_fixed<33, 13, (ap_q_mode)5, (ap_o_mode)3, 0>*, config2::scale_t*, config2::bias_t*)' (firmware/nnet_utils/nnet_layernorm.h:89:11)
INFO: [HLS 214-131] Inlining function 'nnet::product::mult<ap_fixed<19, 6, (ap_q_mode)5, (ap_o_mode)3, 0>, ap_fixed<19, 6, (ap_q_mode)5, (ap_o_mode)3, 0> >::product(ap_fixed<19, 6, (ap_q_mode)5, (ap_o_mode)3, 0>, ap_fixed<19, 6, (ap_q_mode)5, (ap_o_mode)3, 0>)' into 'void nnet::layernorm_1d<ap_fixed<16, 6, (ap_q_mode)5, (ap_o_mode)3, 0>, ap_fixed<33, 13, (ap_q_mode)5, (ap_o_mode)3, 0>, config2>(ap_fixed<16, 6, (ap_q_mode)5, (ap_o_mode)3, 0>*, ap_fixed<33, 13, (ap_q_mode)5, (ap_o_mode)3, 0>*, config2::scale_t*, config2::bias_t*)' (firmware/nnet_utils/nnet_layernorm.h:81:12)
INFO: [HLS 214-291] Loop 'LAYERNORM_SEQ_LOOP' is marked as complete unroll implied by the pipeline pragma (firmware/nnet_utils/nnet_layernorm.h:119:5)
INFO: [HLS 214-291] Loop 'LAYERNORM_LOAD' is marked as complete unroll implied by the pipeline pragma (firmware/nnet_utils/nnet_layernorm.h:122:9)
INFO: [HLS 214-291] Loop 'LAYERNORM_STORE' is marked as complete unroll implied by the pipeline pragma (firmware/nnet_utils/nnet_layernorm.h:128:9)
INFO: [HLS 214-291] Loop 'LAYERNORM_1D_RESULT' is marked as complete unroll implied by the pipeline pragma (firmware/nnet_utils/nnet_layernorm.h:98:5)
INFO: [HLS 214-291] Loop 'LAYERNORM_1D_VAR' is marked as complete unroll implied by the pipeline pragma (firmware/nnet_utils/nnet_layernorm.h:84:5)
INFO: [HLS 214-291] Loop 'LAYERNORM_1D_SUM' is marked as complete unroll implied by the pipeline pragma (firmware/nnet_utils/nnet_layernorm.h:78:5)
INFO: [HLS 214-291] Loop 'VITIS_LOOP_19_1' is marked as complete unroll implied by the pipeline pragma (firmware/nnet_utils/nnet_array.h:19:19)
INFO: [HLS 214-291] Loop 'VITIS_LOOP_20_2' is marked as complete unroll implied by the pipeline pragma (firmware/nnet_utils/nnet_array.h:20:26)
INFO: [HLS 214-186] Unrolling loop 'LAYERNORM_SEQ_LOOP' (firmware/nnet_utils/nnet_layernorm.h:119:5) in function 'nnet::layernormalize<ap_fixed<16, 6, (ap_q_mode)5, (ap_o_mode)3, 0>, ap_fixed<33, 13, (ap_q_mode)5, (ap_o_mode)3, 0>, config2>' completely with a factor of 10 (firmware/nnet_utils/nnet_layernorm.h:106:0)
WARNING: [HLS 214-189] Pipeline directive for loop 'LAYERNORM_SEQ_LOOP' (firmware/nnet_utils/nnet_layernorm.h:119:5) in function 'nnet::layernormalize<ap_fixed<16, 6, (ap_q_mode)5, (ap_o_mode)3, 0>, ap_fixed<33, 13, (ap_q_mode)5, (ap_o_mode)3, 0>, config2>' has been removed because the loop is unrolled completely (firmware/nnet_utils/nnet_layernorm.h:106:0)
INFO: [HLS 214-186] Unrolling loop 'LAYERNORM_STORE' (firmware/nnet_utils/nnet_layernorm.h:128:9) in function 'nnet::layernormalize<ap_fixed<16, 6, (ap_q_mode)5, (ap_o_mode)3, 0>, ap_fixed<33, 13, (ap_q_mode)5, (ap_o_mode)3, 0>, config2>' completely with a factor of 8 (firmware/nnet_utils/nnet_layernorm.h:106:0)
INFO: [HLS 214-186] Unrolling loop 'LAYERNORM_LOAD' (firmware/nnet_utils/nnet_layernorm.h:122:9) in function 'nnet::layernormalize<ap_fixed<16, 6, (ap_q_mode)5, (ap_o_mode)3, 0>, ap_fixed<33, 13, (ap_q_mode)5, (ap_o_mode)3, 0>, config2>' completely with a factor of 8 (firmware/nnet_utils/nnet_layernorm.h:106:0)
INFO: [HLS 214-186] Unrolling loop 'LAYERNORM_1D_RESULT' (firmware/nnet_utils/nnet_layernorm.h:98:5) in function 'nnet::layernorm_1d<ap_fixed<16, 6, (ap_q_mode)5, (ap_o_mode)3, 0>, ap_fixed<33, 13, (ap_q_mode)5, (ap_o_mode)3, 0>, config2>' completely with a factor of 8 (firmware/nnet_utils/nnet_layernorm.h:48:0)
INFO: [HLS 214-186] Unrolling loop 'LAYERNORM_1D_VAR' (firmware/nnet_utils/nnet_layernorm.h:84:5) in function 'nnet::layernorm_1d<ap_fixed<16, 6, (ap_q_mode)5, (ap_o_mode)3, 0>, ap_fixed<33, 13, (ap_q_mode)5, (ap_o_mode)3, 0>, config2>' completely with a factor of 8 (firmware/nnet_utils/nnet_layernorm.h:48:0)
INFO: [HLS 214-186] Unrolling loop 'LAYERNORM_1D_SUM' (firmware/nnet_utils/nnet_layernorm.h:78:5) in function 'nnet::layernorm_1d<ap_fixed<16, 6, (ap_q_mode)5, (ap_o_mode)3, 0>, ap_fixed<33, 13, (ap_q_mode)5, (ap_o_mode)3, 0>, config2>' completely with a factor of 8 (firmware/nnet_utils/nnet_layernorm.h:48:0)
INFO: [HLS 214-186] Unrolling loop 'VITIS_LOOP_19_1' (firmware/nnet_utils/nnet_array.h:19:19) in function 'nnet::transpose_2d<ap_fixed<16, 6, (ap_q_mode)5, (ap_o_mode)3, 0>, ap_fixed<16, 6, (ap_q_mode)5, (ap_o_mode)3, 0>, config4>' completely with a factor of 8 (firmware/nnet_utils/nnet_array.h:16:0)
INFO: [HLS 214-186] Unrolling loop 'VITIS_LOOP_20_2' (firmware/nnet_utils/nnet_array.h:20:26) in function 'nnet::transpose_2d<ap_fixed<16, 6, (ap_q_mode)5, (ap_o_mode)3, 0>, ap_fixed<16, 6, (ap_q_mode)5, (ap_o_mode)3, 0>, config4>' completely with a factor of 10 (firmware/nnet_utils/nnet_array.h:16:0)
INFO: [HLS 214-186] Unrolling loop 'VITIS_LOOP_19_1' (firmware/nnet_utils/nnet_array.h:19:19) in function 'nnet::transpose_2d<ap_fixed<16, 6, (ap_q_mode)5, (ap_o_mode)3, 0>, ap_fixed<16, 6, (ap_q_mode)5, (ap_o_mode)3, 0>, config3>' completely with a factor of 10 (firmware/nnet_utils/nnet_array.h:16:0)
INFO: [HLS 214-186] Unrolling loop 'VITIS_LOOP_20_2' (firmware/nnet_utils/nnet_array.h:20:26) in function 'nnet::transpose_2d<ap_fixed<16, 6, (ap_q_mode)5, (ap_o_mode)3, 0>, ap_fixed<16, 6, (ap_q_mode)5, (ap_o_mode)3, 0>, config3>' completely with a factor of 8 (firmware/nnet_utils/nnet_array.h:16:0)
INFO: [HLS 214-248] Applying array_partition to 'b2': Complete partitioning on dimension 1. (firmware/weights/b2.h:12:0)
INFO: [HLS 214-248] Applying array_partition to 's2': Complete partitioning on dimension 1. (firmware/weights/s2.h:12:0)
INFO: [HLS 214-248] Applying array_partition to 'in_val': Complete partitioning on dimension 1. (firmware/nnet_utils/nnet_layernorm.h:108:12)
INFO: [HLS 214-248] Applying array_partition to 'outval': Complete partitioning on dimension 1. (firmware/nnet_utils/nnet_layernorm.h:109:11)
INFO: [HLS 214-248] Applying array_partition to 'layer3_out': Complete partitioning on dimension 1. (firmware/myproject.cpp:32:11)
INFO: [HLS 214-248] Applying array_partition to 'layer4_out': Complete partitioning on dimension 1. (firmware/myproject.cpp:36:14)
INFO: [HLS 214-248] Applying array_partition to 'layer2_out': Complete partitioning on dimension 1. (firmware/myproject.cpp:10:0)
INFO: [HLS 214-248] Applying array_reshape to 'input_1': Complete reshaping on dimension 1. (firmware/myproject.cpp:10:0)
INFO: [HLS 200-111] Finished Compiling Optimization and Transform: CPU user time: 3.84 seconds. CPU system time: 0.42 seconds. Elapsed time: 7.38 seconds; current allocated memory: 341.875 MB.
INFO: [HLS 200-111] Finished Checking Pragmas: CPU user time: 0 seconds. CPU system time: 0 seconds. Elapsed time: 0 seconds; current allocated memory: 341.875 MB.
INFO: [HLS 200-10] Starting code transformations ...
INFO: [HLS 200-111] Finished Standard Transforms: CPU user time: 0.07 seconds. CPU system time: 0 seconds. Elapsed time: 0.07 seconds; current allocated memory: 345.176 MB.
INFO: [HLS 200-10] Checking synthesizability ...
INFO: [HLS 200-111] Finished Checking Synthesizability: CPU user time: 0.11 seconds. CPU system time: 0 seconds. Elapsed time: 0.11 seconds; current allocated memory: 348.023 MB.
INFO: [XFORM 203-401] Performing if-conversion on hyperblock from (firmware/nnet_utils/nnet_layernorm.h:79:22) to (firmware/nnet_utils/nnet_layernorm.h:101:1) in function 'nnet::layernorm_1d<ap_fixed<16, 6, (ap_q_mode)5, (ap_o_mode)3, 0>, ap_fixed<33, 13, (ap_q_mode)5, (ap_o_mode)3, 0>, config2>'... converting 3 basic blocks.
INFO: [XFORM 203-11] Balancing expressions in function 'nnet::layernorm_1d<ap_fixed<16, 6, (ap_q_mode)5, (ap_o_mode)3, 0>, ap_fixed<33, 13, (ap_q_mode)5, (ap_o_mode)3, 0>, config2>' (firmware/nnet_utils/nnet_layernorm.h:79:1)...20 expression(s) balanced.
INFO: [HLS 200-111] Finished Loop, function and other optimizations: CPU user time: 0.21 seconds. CPU system time: 0.01 seconds. Elapsed time: 0.22 seconds; current allocated memory: 374.688 MB.
INFO: [HLS 200-111] Finished Architecture Synthesis: CPU user time: 0.15 seconds. CPU system time: 0.01 seconds. Elapsed time: 0.16 seconds; current allocated memory: 413.984 MB.
INFO: [HLS 200-10] Starting hardware synthesis ...
INFO: [HLS 200-10] Synthesizing 'myproject' ...
WARNING: [SYN 201-103] Legalizing function name 'transpose_2d<ap_fixed<16, 6, 5, 3, 0>, ap_fixed<16, 6, 5, 3, 0>, config3>' to 'transpose_2d_ap_fixed_16_6_5_3_0_ap_fixed_16_6_5_3_0_config3_s'.
WARNING: [SYN 201-103] Legalizing function name 'transpose_2d<ap_fixed<16, 6, 5, 3, 0>, ap_fixed<16, 6, 5, 3, 0>, config4>' to 'transpose_2d_ap_fixed_16_6_5_3_0_ap_fixed_16_6_5_3_0_config4_s'.
WARNING: [SYN 201-103] Legalizing function name 'layernorm_1d<ap_fixed<16, 6, 5, 3, 0>, ap_fixed<33, 13, 5, 3, 0>, config2>' to 'layernorm_1d_ap_fixed_16_6_5_3_0_ap_fixed_33_13_5_3_0_config2_s'.
WARNING: [SYN 201-103] Legalizing function name 'layernormalize<ap_fixed<16, 6, 5, 3, 0>, ap_fixed<33, 13, 5, 3, 0>, config2>' to 'layernormalize_ap_fixed_16_6_5_3_0_ap_fixed_33_13_5_3_0_config2_s'.
INFO: [HLS 200-10] ----------------------------------------------------------------
INFO: [HLS 200-42] -- Implementing module 'transpose_2d_ap_fixed_16_6_5_3_0_ap_fixed_16_6_5_3_0_config3_s' 
INFO: [HLS 200-10] ----------------------------------------------------------------
INFO: [SCHED 204-11] Starting scheduling ...
INFO: [SCHED 204-61] Pipelining function 'transpose_2d<ap_fixed<16, 6, 5, 3, 0>, ap_fixed<16, 6, 5, 3, 0>, config3>'.
INFO: [HLS 200-1470] Pipelining result : Target II = NA, Final II = 1, Depth = 1, function 'transpose_2d<ap_fixed<16, 6, 5, 3, 0>, ap_fixed<16, 6, 5, 3, 0>, config3>'
INFO: [SCHED 204-11] Finished scheduling.
INFO: [HLS 200-111] Finished Scheduling: CPU user time: 0.11 seconds. CPU system time: 0.04 seconds. Elapsed time: 0.13 seconds; current allocated memory: 415.109 MB.
INFO: [BIND 205-100] Starting micro-architecture generation ...
INFO: [BIND 205-101] Performing variable lifetime analysis.
INFO: [BIND 205-101] Exploring resource sharing.
INFO: [BIND 205-101] Binding ...
INFO: [BIND 205-100] Finished micro-architecture generation.
INFO: [HLS 200-111] Finished Binding: CPU user time: 0.03 seconds. CPU system time: 0 seconds. Elapsed time: 0.03 seconds; current allocated memory: 415.430 MB.
INFO: [HLS 200-10] ----------------------------------------------------------------
INFO: [HLS 200-42] -- Implementing module 'transpose_2d_ap_fixed_16_6_5_3_0_ap_fixed_16_6_5_3_0_config4_s' 
INFO: [HLS 200-10] ----------------------------------------------------------------
INFO: [SCHED 204-11] Starting scheduling ...
INFO: [SCHED 204-61] Pipelining function 'transpose_2d<ap_fixed<16, 6, 5, 3, 0>, ap_fixed<16, 6, 5, 3, 0>, config4>'.
INFO: [HLS 200-1470] Pipelining result : Target II = NA, Final II = 1, Depth = 1, function 'transpose_2d<ap_fixed<16, 6, 5, 3, 0>, ap_fixed<16, 6, 5, 3, 0>, config4>'
INFO: [SCHED 204-11] Finished scheduling.
INFO: [HLS 200-111] Finished Scheduling: CPU user time: 0.09 seconds. CPU system time: 0 seconds. Elapsed time: 0.09 seconds; current allocated memory: 416.824 MB.
INFO: [BIND 205-100] Starting micro-architecture generation ...
INFO: [BIND 205-101] Performing variable lifetime analysis.
INFO: [BIND 205-101] Exploring resource sharing.
INFO: [BIND 205-101] Binding ...
INFO: [BIND 205-100] Finished micro-architecture generation.
INFO: [HLS 200-111] Finished Binding: CPU user time: 0.02 seconds. CPU system time: 0 seconds. Elapsed time: 0.02 seconds; current allocated memory: 416.824 MB.
INFO: [HLS 200-10] ----------------------------------------------------------------
INFO: [HLS 200-42] -- Implementing module 'layernorm_1d_ap_fixed_16_6_5_3_0_ap_fixed_33_13_5_3_0_config2_s' 
INFO: [HLS 200-10] ----------------------------------------------------------------
INFO: [SCHED 204-11] Starting scheduling ...
INFO: [SCHED 204-61] Pipelining function 'layernorm_1d<ap_fixed<16, 6, 5, 3, 0>, ap_fixed<33, 13, 5, 3, 0>, config2>'.
INFO: [HLS 200-1470] Pipelining result : Target II = NA, Final II = 1, Depth = 4, function 'layernorm_1d<ap_fixed<16, 6, 5, 3, 0>, ap_fixed<33, 13, 5, 3, 0>, config2>'
INFO: [SCHED 204-11] Finished scheduling.
INFO: [HLS 200-111] Finished Scheduling: CPU user time: 0.14 seconds. CPU system time: 0 seconds. Elapsed time: 0.13 seconds; current allocated memory: 418.641 MB.
INFO: [BIND 205-100] Starting micro-architecture generation ...
INFO: [BIND 205-101] Performing variable lifetime analysis.
INFO: [BIND 205-101] Exploring resource sharing.
INFO: [BIND 205-101] Binding ...
INFO: [BIND 205-100] Finished micro-architecture generation.
INFO: [HLS 200-111] Finished Binding: CPU user time: 0.02 seconds. CPU system time: 0 seconds. Elapsed time: 0.02 seconds; current allocated memory: 418.641 MB.
INFO: [HLS 200-10] ----------------------------------------------------------------
INFO: [HLS 200-42] -- Implementing module 'layernormalize_ap_fixed_16_6_5_3_0_ap_fixed_33_13_5_3_0_config2_s' 
INFO: [HLS 200-10] ----------------------------------------------------------------
INFO: [SCHED 204-11] Starting scheduling ...
INFO: [SCHED 204-61] Pipelining function 'layernormalize<ap_fixed<16, 6, 5, 3, 0>, ap_fixed<33, 13, 5, 3, 0>, config2>'.
INFO: [HLS 200-1470] Pipelining result : Target II = NA, Final II = 1, Depth = 5, function 'layernormalize<ap_fixed<16, 6, 5, 3, 0>, ap_fixed<33, 13, 5, 3, 0>, config2>'
INFO: [SCHED 204-11] Finished scheduling.
INFO: [HLS 200-111] Finished Scheduling: CPU user time: 0.12 seconds. CPU system time: 0.01 seconds. Elapsed time: 0.14 seconds; current allocated memory: 420.270 MB.
INFO: [BIND 205-100] Starting micro-architecture generation ...
INFO: [BIND 205-101] Performing variable lifetime analysis.
INFO: [BIND 205-101] Exploring resource sharing.
INFO: [BIND 205-101] Binding ...
INFO: [BIND 205-100] Finished micro-architecture generation.
INFO: [HLS 200-111] Finished Binding: CPU user time: 0.03 seconds. CPU system time: 0 seconds. Elapsed time: 0.03 seconds; current allocated memory: 420.270 MB.
INFO: [HLS 200-10] ----------------------------------------------------------------
INFO: [HLS 200-42] -- Implementing module 'myproject' 
INFO: [HLS 200-10] ----------------------------------------------------------------
INFO: [SCHED 204-11] Starting scheduling ...
INFO: [SCHED 204-61] Pipelining function 'myproject'.
INFO: [HLS 200-1470] Pipelining result : Target II = NA, Final II = 1, Depth = 6, function 'myproject'
INFO: [SCHED 204-11] Finished scheduling.
INFO: [HLS 200-111] Finished Scheduling: CPU user time: 0.17 seconds. CPU system time: 0.01 seconds. Elapsed time: 0.17 seconds; current allocated memory: 423.574 MB.
INFO: [BIND 205-100] Starting micro-architecture generation ...
INFO: [BIND 205-101] Performing variable lifetime analysis.
INFO: [BIND 205-101] Exploring resource sharing.
INFO: [BIND 205-101] Binding ...
INFO: [BIND 205-100] Finished micro-architecture generation.
INFO: [HLS 200-111] Finished Binding: CPU user time: 0.04 seconds. CPU system time: 0.01 seconds. Elapsed time: 0.05 seconds; current allocated memory: 423.574 MB.
INFO: [HLS 200-10] ----------------------------------------------------------------
INFO: [HLS 200-10] -- Generating RTL for module 'transpose_2d_ap_fixed_16_6_5_3_0_ap_fixed_16_6_5_3_0_config3_s' 
INFO: [HLS 200-10] ----------------------------------------------------------------
INFO: [RTGEN 206-100] Finished creating RTL model for 'transpose_2d_ap_fixed_16_6_5_3_0_ap_fixed_16_6_5_3_0_config3_s'.
INFO: [HLS 200-111] Finished Creating RTL model: CPU user time: 0.17 seconds. CPU system time: 0.01 seconds. Elapsed time: 0.19 seconds; current allocated memory: 446.262 MB.
INFO: [HLS 200-10] ----------------------------------------------------------------
INFO: [HLS 200-10] -- Generating RTL for module 'transpose_2d_ap_fixed_16_6_5_3_0_ap_fixed_16_6_5_3_0_config4_s' 
INFO: [HLS 200-10] ----------------------------------------------------------------
INFO: [RTGEN 206-100] Finished creating RTL model for 'transpose_2d_ap_fixed_16_6_5_3_0_ap_fixed_16_6_5_3_0_config4_s'.
INFO: [HLS 200-111] Finished Creating RTL model: CPU user time: 0.2 seconds. CPU system time: 0.01 seconds. Elapsed time: 0.21 seconds; current allocated memory: 465.871 MB.
INFO: [HLS 200-10] ----------------------------------------------------------------
INFO: [HLS 200-10] -- Generating RTL for module 'layernorm_1d_ap_fixed_16_6_5_3_0_ap_fixed_33_13_5_3_0_config2_s' 
INFO: [HLS 200-10] ----------------------------------------------------------------
INFO: [SYN 201-210] Renamed object name 'layernorm_1d_ap_fixed_16_6_5_3_0_ap_fixed_33_13_5_3_0_config2_s_invert_sqr_table_ROM_AUTO_1R' to 'layernorm_1d_ap_fixed_16_6_5_3_0_ap_fixed_33_13_5_3_0_config2_s_invert_sqr_tabkb' due to the length limit 80
INFO: [RTGEN 206-100] Generating core module 'mul_19s_16s_35_1_1': 8 instance(s).
INFO: [RTGEN 206-100] Generating core module 'mul_19s_19s_32_1_1': 8 instance(s).
INFO: [RTGEN 206-100] Finished creating RTL model for 'layernorm_1d_ap_fixed_16_6_5_3_0_ap_fixed_33_13_5_3_0_config2_s'.
INFO: [RTMG 210-279] Implementing memory 'myproject_layernorm_1d_ap_fixed_16_6_5_3_0_ap_fixed_33_13_5_3_0_config2_s_invert_sqr_tabkb' using auto ROMs.
INFO: [HLS 200-111] Finished Creating RTL model: CPU user time: 0.09 seconds. CPU system time: 0.01 seconds. Elapsed time: 0.1 seconds; current allocated memory: 465.871 MB.
INFO: [HLS 200-10] ----------------------------------------------------------------
INFO: [HLS 200-10] -- Generating RTL for module 'layernormalize_ap_fixed_16_6_5_3_0_ap_fixed_33_13_5_3_0_config2_s' 
INFO: [HLS 200-10] ----------------------------------------------------------------
INFO: [RTGEN 206-104] Estimated max fanout for 'layernormalize_ap_fixed_16_6_5_3_0_ap_fixed_33_13_5_3_0_config2_s' is 5280 from HDL expression: (1'b1 == ap_ce_reg)
INFO: [RTGEN 206-100] Finished creating RTL model for 'layernormalize_ap_fixed_16_6_5_3_0_ap_fixed_33_13_5_3_0_config2_s'.
INFO: [HLS 200-111] Finished Creating RTL model: CPU user time: 0.58 seconds. CPU system time: 0.02 seconds. Elapsed time: 0.59 seconds; current allocated memory: 491.660 MB.
INFO: [HLS 200-10] ----------------------------------------------------------------
INFO: [HLS 200-10] -- Generating RTL for module 'myproject' 
INFO: [HLS 200-10] ----------------------------------------------------------------
INFO: [RTGEN 206-500] Setting interface mode on port 'myproject/input_1' to 'ap_vld'.
INFO: [RTGEN 206-500] Setting interface mode on port 'myproject/layer2_out_0' to 'ap_vld'.
INFO: [RTGEN 206-500] Setting interface mode on port 'myproject/layer2_out_1' to 'ap_vld'.
INFO: [RTGEN 206-500] Setting interface mode on port 'myproject/layer2_out_2' to 'ap_vld'.
INFO: [RTGEN 206-500] Setting interface mode on port 'myproject/layer2_out_3' to 'ap_vld'.
INFO: [RTGEN 206-500] Setting interface mode on port 'myproject/layer2_out_4' to 'ap_vld'.
INFO: [RTGEN 206-500] Setting interface mode on port 'myproject/layer2_out_5' to 'ap_vld'.
INFO: [RTGEN 206-500] Setting interface mode on port 'myproject/layer2_out_6' to 'ap_vld'.
INFO: [RTGEN 206-500] Setting interface mode on port 'myproject/layer2_out_7' to 'ap_vld'.
INFO: [RTGEN 206-500] Setting interface mode on port 'myproject/layer2_out_8' to 'ap_vld'.
INFO: [RTGEN 206-500] Setting interface mode on port 'myproject/layer2_out_9' to 'ap_vld'.
INFO: [RTGEN 206-500] Setting interface mode on port 'myproject/layer2_out_10' to 'ap_vld'.
INFO: [RTGEN 206-500] Setting interface mode on port 'myproject/layer2_out_11' to 'ap_vld'.
INFO: [RTGEN 206-500] Setting interface mode on port 'myproject/layer2_out_12' to 'ap_vld'.
INFO: [RTGEN 206-500] Setting interface mode on port 'myproject/layer2_out_13' to 'ap_vld'.
INFO: [RTGEN 206-500] Setting interface mode on port 'myproject/layer2_out_14' to 'ap_vld'.
INFO: [RTGEN 206-500] Setting interface mode on port 'myproject/layer2_out_15' to 'ap_vld'.
INFO: [RTGEN 206-500] Setting interface mode on port 'myproject/layer2_out_16' to 'ap_vld'.
INFO: [RTGEN 206-500] Setting interface mode on port 'myproject/layer2_out_17' to 'ap_vld'.
INFO: [RTGEN 206-500] Setting interface mode on port 'myproject/layer2_out_18' to 'ap_vld'.
INFO: [RTGEN 206-500] Setting interface mode on port 'myproject/layer2_out_19' to 'ap_vld'.
INFO: [RTGEN 206-500] Setting interface mode on port 'myproject/layer2_out_20' to 'ap_vld'.
INFO: [RTGEN 206-500] Setting interface mode on port 'myproject/layer2_out_21' to 'ap_vld'.
INFO: [RTGEN 206-500] Setting interface mode on port 'myproject/layer2_out_22' to 'ap_vld'.
INFO: [RTGEN 206-500] Setting interface mode on port 'myproject/layer2_out_23' to 'ap_vld'.
INFO: [RTGEN 206-500] Setting interface mode on port 'myproject/layer2_out_24' to 'ap_vld'.
INFO: [RTGEN 206-500] Setting interface mode on port 'myproject/layer2_out_25' to 'ap_vld'.
INFO: [RTGEN 206-500] Setting interface mode on port 'myproject/layer2_out_26' to 'ap_vld'.
INFO: [RTGEN 206-500] Setting interface mode on port 'myproject/layer2_out_27' to 'ap_vld'.
INFO: [RTGEN 206-500] Setting interface mode on port 'myproject/layer2_out_28' to 'ap_vld'.
INFO: [RTGEN 206-500] Setting interface mode on port 'myproject/layer2_out_29' to 'ap_vld'.
INFO: [RTGEN 206-500] Setting interface mode on port 'myproject/layer2_out_30' to 'ap_vld'.
INFO: [RTGEN 206-500] Setting interface mode on port 'myproject/layer2_out_31' to 'ap_vld'.
INFO: [RTGEN 206-500] Setting interface mode on port 'myproject/layer2_out_32' to 'ap_vld'.
INFO: [RTGEN 206-500] Setting interface mode on port 'myproject/layer2_out_33' to 'ap_vld'.
INFO: [RTGEN 206-500] Setting interface mode on port 'myproject/layer2_out_34' to 'ap_vld'.
INFO: [RTGEN 206-500] Setting interface mode on port 'myproject/layer2_out_35' to 'ap_vld'.
INFO: [RTGEN 206-500] Setting interface mode on port 'myproject/layer2_out_36' to 'ap_vld'.
INFO: [RTGEN 206-500] Setting interface mode on port 'myproject/layer2_out_37' to 'ap_vld'.
INFO: [RTGEN 206-500] Setting interface mode on port 'myproject/layer2_out_38' to 'ap_vld'.
INFO: [RTGEN 206-500] Setting interface mode on port 'myproject/layer2_out_39' to 'ap_vld'.
INFO: [RTGEN 206-500] Setting interface mode on port 'myproject/layer2_out_40' to 'ap_vld'.
INFO: [RTGEN 206-500] Setting interface mode on port 'myproject/layer2_out_41' to 'ap_vld'.
INFO: [RTGEN 206-500] Setting interface mode on port 'myproject/layer2_out_42' to 'ap_vld'.
INFO: [RTGEN 206-500] Setting interface mode on port 'myproject/layer2_out_43' to 'ap_vld'.
INFO: [RTGEN 206-500] Setting interface mode on port 'myproject/layer2_out_44' to 'ap_vld'.
INFO: [RTGEN 206-500] Setting interface mode on port 'myproject/layer2_out_45' to 'ap_vld'.
INFO: [RTGEN 206-500] Setting interface mode on port 'myproject/layer2_out_46' to 'ap_vld'.
INFO: [RTGEN 206-500] Setting interface mode on port 'myproject/layer2_out_47' to 'ap_vld'.
INFO: [RTGEN 206-500] Setting interface mode on port 'myproject/layer2_out_48' to 'ap_vld'.
INFO: [RTGEN 206-500] Setting interface mode on port 'myproject/layer2_out_49' to 'ap_vld'.
INFO: [RTGEN 206-500] Setting interface mode on port 'myproject/layer2_out_50' to 'ap_vld'.
INFO: [RTGEN 206-500] Setting interface mode on port 'myproject/layer2_out_51' to 'ap_vld'.
INFO: [RTGEN 206-500] Setting interface mode on port 'myproject/layer2_out_52' to 'ap_vld'.
INFO: [RTGEN 206-500] Setting interface mode on port 'myproject/layer2_out_53' to 'ap_vld'.
INFO: [RTGEN 206-500] Setting interface mode on port 'myproject/layer2_out_54' to 'ap_vld'.
INFO: [RTGEN 206-500] Setting interface mode on port 'myproject/layer2_out_55' to 'ap_vld'.
INFO: [RTGEN 206-500] Setting interface mode on port 'myproject/layer2_out_56' to 'ap_vld'.
INFO: [RTGEN 206-500] Setting interface mode on port 'myproject/layer2_out_57' to 'ap_vld'.
INFO: [RTGEN 206-500] Setting interface mode on port 'myproject/layer2_out_58' to 'ap_vld'.
INFO: [RTGEN 206-500] Setting interface mode on port 'myproject/layer2_out_59' to 'ap_vld'.
INFO: [RTGEN 206-500] Setting interface mode on port 'myproject/layer2_out_60' to 'ap_vld'.
INFO: [RTGEN 206-500] Setting interface mode on port 'myproject/layer2_out_61' to 'ap_vld'.
INFO: [RTGEN 206-500] Setting interface mode on port 'myproject/layer2_out_62' to 'ap_vld'.
INFO: [RTGEN 206-500] Setting interface mode on port 'myproject/layer2_out_63' to 'ap_vld'.
INFO: [RTGEN 206-500] Setting interface mode on port 'myproject/layer2_out_64' to 'ap_vld'.
INFO: [RTGEN 206-500] Setting interface mode on port 'myproject/layer2_out_65' to 'ap_vld'.
INFO: [RTGEN 206-500] Setting interface mode on port 'myproject/layer2_out_66' to 'ap_vld'.
INFO: [RTGEN 206-500] Setting interface mode on port 'myproject/layer2_out_67' to 'ap_vld'.
INFO: [RTGEN 206-500] Setting interface mode on port 'myproject/layer2_out_68' to 'ap_vld'.
INFO: [RTGEN 206-500] Setting interface mode on port 'myproject/layer2_out_69' to 'ap_vld'.
INFO: [RTGEN 206-500] Setting interface mode on port 'myproject/layer2_out_70' to 'ap_vld'.
INFO: [RTGEN 206-500] Setting interface mode on port 'myproject/layer2_out_71' to 'ap_vld'.
INFO: [RTGEN 206-500] Setting interface mode on port 'myproject/layer2_out_72' to 'ap_vld'.
INFO: [RTGEN 206-500] Setting interface mode on port 'myproject/layer2_out_73' to 'ap_vld'.
INFO: [RTGEN 206-500] Setting interface mode on port 'myproject/layer2_out_74' to 'ap_vld'.
INFO: [RTGEN 206-500] Setting interface mode on port 'myproject/layer2_out_75' to 'ap_vld'.
INFO: [RTGEN 206-500] Setting interface mode on port 'myproject/layer2_out_76' to 'ap_vld'.
INFO: [RTGEN 206-500] Setting interface mode on port 'myproject/layer2_out_77' to 'ap_vld'.
INFO: [RTGEN 206-500] Setting interface mode on port 'myproject/layer2_out_78' to 'ap_vld'.
INFO: [RTGEN 206-500] Setting interface mode on port 'myproject/layer2_out_79' to 'ap_vld'.
INFO: [RTGEN 206-500] Setting interface mode on function 'myproject' to 'ap_ctrl_hs'.
INFO: [HLS 200-1030] Apply Unified Pipeline Control on module 'myproject' pipeline 'myproject' pipeline type 'function pipeline'
INFO: [RTGEN 206-104] Estimated max fanout for 'myproject' is 18280 from HDL expression: ((1'b0 == ap_block_pp0_stage0_11001_ignoreCallOp170) & (1'b1 == ap_CS_fsm_pp0_stage0))
INFO: [RTGEN 206-100] Finished creating RTL model for 'myproject'.
INFO: [HLS 200-111] Finished Creating RTL model: CPU user time: 0.59 seconds. CPU system time: 0.02 seconds. Elapsed time: 0.62 seconds; current allocated memory: 531.945 MB.
INFO: [HLS 200-111] Finished Generating all RTL models: CPU user time: 0.25 seconds. CPU system time: 0.01 seconds. Elapsed time: 0.27 seconds; current allocated memory: 533.938 MB.
INFO: [HLS 200-111] Finished Updating report files: CPU user time: 2.57 seconds. CPU system time: 0.02 seconds. Elapsed time: 2.59 seconds; current allocated memory: 540.840 MB.
INFO: [VHDL 208-304] Generating VHDL RTL for myproject.
INFO: [VLOG 209-307] Generating Verilog RTL for myproject.
INFO: [HLS 200-789] **** Estimated Fmax: 244.08 MHz
INFO: [HLS 200-2161] Finished Command csynth_design Elapsed time: 00:00:34; Allocated memory: 216.324 MB.
INFO: [HLS 200-1510] Running: add_files -tb myproject_test.cpp -cflags -std=c++0x -DRTL_SIM 
INFO: [HLS 200-10] Adding test bench file 'myproject_test.cpp' to the project
INFO: [HLS 200-1510] Running: cosim_design -trace_level all -setup 
INFO: [COSIM 212-47] Using XSIM for RTL simulation.
INFO: [COSIM 212-14] Instrumenting C test bench ...
INFO: [COSIM 212-302] Starting C TB testing ... 
INFO: [COSIM 212-333] Generating C post check test bench ...
INFO: [COSIM 212-12] Generating RTL test bench ...
INFO: [COSIM 212-1] *** C/RTL co-simulation file generation completed. ***
INFO: [COSIM 212-211] II is measurable only when transaction number is greater than 1 in RTL simulation. Otherwise, they will be marked as all NA. If user wants to calculate them, please make sure there are at least 2 transactions in RTL simulation.
INFO: [HLS 200-2161] Finished Command cosim_design Elapsed time: 00:00:30; Allocated memory: 19.098 MB.
INFO: [HLS 200-1510] Running: source ./project.tcl
INFO: [HLS 200-1510] Running: source run_sim.tcl
INFO: [HLS 200-1510] Running: source check_sim.tcl
INFO: [HLS 200-1510] Running: source dataflow_monitor_API.tcl
INFO: [COSIM 212-302] Starting C TB testing ...  
INFO: [COSIM 212-323] Starting verilog simulation...
INFO: [COSIM 212-15] Starting XSIM ...
INFO: [COSIM 212-316] Starting C post checking ...
==============================================================
Vitis HLS - High-Level Synthesis from C, C++ and OpenCL v2023.2 (64-bit)
Tool Version Limit: 2023.10
Copyright 1986-2022 Xilinx, Inc. All Rights Reserved.
Copyright 2022-2023 Advanced Micro Devices, Inc. All Rights Reserved.

==============================================================
INFO: [SYN 201-201] Setting up clock 'default' with a period of 5ns.
INFO: [SYN 201-201] Setting up clock 'default' with an uncertainty of 0.625ns.
INFO: [HLS 200-1611] Setting target device to 'xcvu13p-flga2577-2-e'
INFO: [HLS 200-1505] Using flow_target 'vivado'
INFO: [HLS 200-1464] Running solution command: config_compile -name_max_length=80
INFO: [XFORM 203-1161] The maximum of name length is set to 80.
INFO: [HLS 200-1464] Running solution command: config_schedule -enable_dsp_full_reg=0
INFO: [HLS 200-1510] Running: config_array_partition -maximum_size 4096 
INFO: [XFORM 203-101] Allowed max sub elements number after partition is 4096.
ERROR: [HLS 200-642] The 'config_array_partition -maximum_size' command is not supported.
INFO: [HLS 200-1510] Running: config_compile -name_max_length 80 
INFO: [XFORM 203-1161] The maximum of name length is set to 80.
INFO: [HLS 200-1510] Running: set_part xcvu13p-flga2577-2-e 
INFO: [XFORM 203-1161] The maximum of name length is set to 80.
INFO: [HLS 200-1510] Running: config_schedule -enable_dsp_full_reg=false 
INFO: [HLS 200-1510] Running: create_clock -period 5 -name default 
INFO: [HLS 200-1510] Running: set_clock_uncertainty 12.5% default 
INFO: [HLS 200-1510] Running: csim_design 
INFO: [SIM 211-2] *************** CSIM start ***************
INFO: [SIM 211-4] CSIM will launch GCC as the compiler.
INFO: [HLS 200-2036] Building debug C Simulation binaries
INFO: [SIM 211-1] CSim done with 0 errors.
INFO: [SIM 211-3] *************** CSIM finish ***************
INFO: [HLS 200-111] Finished Command csim_design CPU user time: 10.18 seconds. CPU system time: 0.91 seconds. Elapsed time: 11.61 seconds; current allocated memory: 0.000 MB.
INFO: [HLS 200-1510] Running: csynth_design 
INFO: [HLS 200-111] Finished File checks and directory preparation: CPU user time: 0.09 seconds. CPU system time: 0.02 seconds. Elapsed time: 0.1 seconds; current allocated memory: 283.051 MB.
INFO: [HLS 200-10] Analyzing design file 'firmware/myproject.cpp' ... 
WARNING: [HLS 207-5536] 'Resource pragma' is deprecated, use 'bind_op/bind_storage pragma' instead (firmware/nnet_utils/nnet_dense_resource.h:33:9)
WARNING: [HLS 207-5536] 'Resource pragma' is deprecated, use 'bind_op/bind_storage pragma' instead (firmware/nnet_utils/nnet_dense_resource.h:107:9)
WARNING: [HLS 207-5536] 'Resource pragma' is deprecated, use 'bind_op/bind_storage pragma' instead (firmware/nnet_utils/nnet_dense_resource.h:189:9)
WARNING: [HLS 207-5292] unused parameter 'keep' (firmware/nnet_utils/nnet_helpers.h:285:99)
WARNING: [HLS 207-5292] unused parameter 'data' (firmware/nnet_utils/nnet_function_stubs.h:14:36)
WARNING: [HLS 207-5292] unused parameter 'buffer' (firmware/nnet_utils/nnet_function_stubs.h:15:36)
WARNING: [HLS 207-5292] unused parameter 'partition' (firmware/nnet_utils/nnet_function_stubs.h:16:44)
WARNING: [HLS 207-5292] unused parameter 'data' (firmware/nnet_utils/nnet_function_stubs.h:24:24)
WARNING: [HLS 207-5292] unused parameter 'buffer' (firmware/nnet_utils/nnet_function_stubs.h:25:24)
WARNING: [HLS 207-5292] unused parameter 'partition' (firmware/nnet_utils/nnet_function_stubs.h:26:32)
WARNING: [HLS 207-5292] unused parameter 'data' (firmware/nnet_utils/nnet_function_stubs.h:33:30)
WARNING: [HLS 207-5292] unused parameter 'res' (firmware/nnet_utils/nnet_function_stubs.h:33:58)
WARNING: [HLS 207-5292] unused parameter 'weights' (firmware/nnet_utils/nnet_function_stubs.h:34:51)
WARNING: [HLS 207-5292] unused parameter 'biases' (firmware/nnet_utils/nnet_function_stubs.h:35:49)
WARNING: [HLS 207-5292] unused parameter 'data' (firmware/nnet_utils/nnet_function_stubs.h:42:29)
WARNING: [HLS 207-5292] unused parameter 'res' (firmware/nnet_utils/nnet_function_stubs.h:42:80)
WARNING: [HLS 207-5292] unused parameter 'weights' (firmware/nnet_utils/nnet_function_stubs.h:43:50)
WARNING: [HLS 207-5292] unused parameter 'biases' (firmware/nnet_utils/nnet_function_stubs.h:44:48)
WARNING: [HLS 207-5292] unused parameter 'data' (firmware/nnet_utils/nnet_code_gen.h:16:39)
WARNING: [HLS 207-5292] unused parameter 'res' (firmware/nnet_utils/nnet_code_gen.h:17:38)
WARNING: [HLS 207-5292] unused parameter 'weights' (firmware/nnet_utils/nnet_code_gen.h:18:60)
WARNING: [HLS 207-5292] unused parameter 'biases' (firmware/nnet_utils/nnet_code_gen.h:19:58)
INFO: [HLS 200-111] Finished Source Code Analysis and Preprocessing: CPU user time: 25.42 seconds. CPU system time: 1.53 seconds. Elapsed time: 27.85 seconds; current allocated memory: 291.863 MB.
INFO: [HLS 200-777] Using interface defaults for 'Vivado' flow target.
INFO: [HLS 200-1995] There were 4,092 instructions in the design after the 'Compile/Link' phase of compilation. See the Design Size Report for more details: /data/hlssynt-users/rflynn/transformer-synthesis/hls4ml_projects/pytorch_layernorm_uniform_10_8/myproject_prj/solution1/syn/report/csynth_design_size.rpt
INFO: [HLS 200-1995] There were 16,612 instructions in the design after the 'Unroll/Inline (step 1)' phase of compilation. See the Design Size Report for more details: /data/hlssynt-users/rflynn/transformer-synthesis/hls4ml_projects/pytorch_layernorm_uniform_10_8/myproject_prj/solution1/syn/report/csynth_design_size.rpt
INFO: [HLS 200-1995] There were 4,445 instructions in the design after the 'Unroll/Inline (step 2)' phase of compilation. See the Design Size Report for more details: /data/hlssynt-users/rflynn/transformer-synthesis/hls4ml_projects/pytorch_layernorm_uniform_10_8/myproject_prj/solution1/syn/report/csynth_design_size.rpt
INFO: [HLS 200-1995] There were 4,443 instructions in the design after the 'Unroll/Inline (step 3)' phase of compilation. See the Design Size Report for more details: /data/hlssynt-users/rflynn/transformer-synthesis/hls4ml_projects/pytorch_layernorm_uniform_10_8/myproject_prj/solution1/syn/report/csynth_design_size.rpt
INFO: [HLS 200-1995] There were 4,443 instructions in the design after the 'Unroll/Inline (step 4)' phase of compilation. See the Design Size Report for more details: /data/hlssynt-users/rflynn/transformer-synthesis/hls4ml_projects/pytorch_layernorm_uniform_10_8/myproject_prj/solution1/syn/report/csynth_design_size.rpt
INFO: [HLS 200-1995] There were 3,925 instructions in the design after the 'Array/Struct (step 1)' phase of compilation. See the Design Size Report for more details: /data/hlssynt-users/rflynn/transformer-synthesis/hls4ml_projects/pytorch_layernorm_uniform_10_8/myproject_prj/solution1/syn/report/csynth_design_size.rpt
INFO: [HLS 200-1995] There were 3,925 instructions in the design after the 'Array/Struct (step 2)' phase of compilation. See the Design Size Report for more details: /data/hlssynt-users/rflynn/transformer-synthesis/hls4ml_projects/pytorch_layernorm_uniform_10_8/myproject_prj/solution1/syn/report/csynth_design_size.rpt
INFO: [HLS 200-1995] There were 3,925 instructions in the design after the 'Array/Struct (step 3)' phase of compilation. See the Design Size Report for more details: /data/hlssynt-users/rflynn/transformer-synthesis/hls4ml_projects/pytorch_layernorm_uniform_10_8/myproject_prj/solution1/syn/report/csynth_design_size.rpt
INFO: [HLS 200-1995] There were 4,085 instructions in the design after the 'Array/Struct (step 4)' phase of compilation. See the Design Size Report for more details: /data/hlssynt-users/rflynn/transformer-synthesis/hls4ml_projects/pytorch_layernorm_uniform_10_8/myproject_prj/solution1/syn/report/csynth_design_size.rpt
INFO: [HLS 200-1995] There were 3,845 instructions in the design after the 'Array/Struct (step 5)' phase of compilation. See the Design Size Report for more details: /data/hlssynt-users/rflynn/transformer-synthesis/hls4ml_projects/pytorch_layernorm_uniform_10_8/myproject_prj/solution1/syn/report/csynth_design_size.rpt
INFO: [HLS 200-1995] There were 3,677 instructions in the design after the 'Performance (step 1)' phase of compilation. See the Design Size Report for more details: /data/hlssynt-users/rflynn/transformer-synthesis/hls4ml_projects/pytorch_layernorm_uniform_10_8/myproject_prj/solution1/syn/report/csynth_design_size.rpt
INFO: [HLS 200-1995] There were 3,677 instructions in the design after the 'Performance (step 2)' phase of compilation. See the Design Size Report for more details: /data/hlssynt-users/rflynn/transformer-synthesis/hls4ml_projects/pytorch_layernorm_uniform_10_8/myproject_prj/solution1/syn/report/csynth_design_size.rpt
INFO: [HLS 200-1995] There were 3,677 instructions in the design after the 'Performance (step 3)' phase of compilation. See the Design Size Report for more details: /data/hlssynt-users/rflynn/transformer-synthesis/hls4ml_projects/pytorch_layernorm_uniform_10_8/myproject_prj/solution1/syn/report/csynth_design_size.rpt
INFO: [HLS 200-1995] There were 3,677 instructions in the design after the 'Performance (step 4)' phase of compilation. See the Design Size Report for more details: /data/hlssynt-users/rflynn/transformer-synthesis/hls4ml_projects/pytorch_layernorm_uniform_10_8/myproject_prj/solution1/syn/report/csynth_design_size.rpt
INFO: [HLS 200-1995] There were 3,758 instructions in the design after the 'HW Transforms (step 1)' phase of compilation. See the Design Size Report for more details: /data/hlssynt-users/rflynn/transformer-synthesis/hls4ml_projects/pytorch_layernorm_uniform_10_8/myproject_prj/solution1/syn/report/csynth_design_size.rpt
INFO: [HLS 200-1995] There were 3,772 instructions in the design after the 'HW Transforms (step 2)' phase of compilation. See the Design Size Report for more details: /data/hlssynt-users/rflynn/transformer-synthesis/hls4ml_projects/pytorch_layernorm_uniform_10_8/myproject_prj/solution1/syn/report/csynth_design_size.rpt
INFO: [HLS 214-131] Inlining function 'nnet::product::mult<ap_fixed<19, 6, (ap_q_mode)5, (ap_o_mode)3, 0>, ap_fixed<19, 6, (ap_q_mode)5, (ap_o_mode)3, 0> >::product(ap_fixed<19, 6, (ap_q_mode)5, (ap_o_mode)3, 0>, ap_fixed<19, 6, (ap_q_mode)5, (ap_o_mode)3, 0>)' into 'void nnet::layernorm_1d<ap_fixed<16, 6, (ap_q_mode)5, (ap_o_mode)3, 0>, ap_fixed<33, 13, (ap_q_mode)5, (ap_o_mode)3, 0>, config2>(ap_fixed<16, 6, (ap_q_mode)5, (ap_o_mode)3, 0>*, ap_fixed<33, 13, (ap_q_mode)5, (ap_o_mode)3, 0>*, config2::scale_t*, config2::bias_t*)' (firmware/nnet_utils/nnet_layernorm.h:89:11)
INFO: [HLS 214-131] Inlining function 'nnet::product::mult<ap_fixed<19, 6, (ap_q_mode)5, (ap_o_mode)3, 0>, ap_fixed<19, 6, (ap_q_mode)5, (ap_o_mode)3, 0> >::product(ap_fixed<19, 6, (ap_q_mode)5, (ap_o_mode)3, 0>, ap_fixed<19, 6, (ap_q_mode)5, (ap_o_mode)3, 0>)' into 'void nnet::layernorm_1d<ap_fixed<16, 6, (ap_q_mode)5, (ap_o_mode)3, 0>, ap_fixed<33, 13, (ap_q_mode)5, (ap_o_mode)3, 0>, config2>(ap_fixed<16, 6, (ap_q_mode)5, (ap_o_mode)3, 0>*, ap_fixed<33, 13, (ap_q_mode)5, (ap_o_mode)3, 0>*, config2::scale_t*, config2::bias_t*)' (firmware/nnet_utils/nnet_layernorm.h:81:12)
INFO: [HLS 214-291] Loop 'LAYERNORM_SEQ_LOOP' is marked as complete unroll implied by the pipeline pragma (firmware/nnet_utils/nnet_layernorm.h:119:5)
INFO: [HLS 214-291] Loop 'LAYERNORM_LOAD' is marked as complete unroll implied by the pipeline pragma (firmware/nnet_utils/nnet_layernorm.h:122:9)
INFO: [HLS 214-291] Loop 'LAYERNORM_STORE' is marked as complete unroll implied by the pipeline pragma (firmware/nnet_utils/nnet_layernorm.h:128:9)
INFO: [HLS 214-291] Loop 'LAYERNORM_1D_RESULT' is marked as complete unroll implied by the pipeline pragma (firmware/nnet_utils/nnet_layernorm.h:98:5)
INFO: [HLS 214-291] Loop 'LAYERNORM_1D_VAR' is marked as complete unroll implied by the pipeline pragma (firmware/nnet_utils/nnet_layernorm.h:84:5)
INFO: [HLS 214-291] Loop 'LAYERNORM_1D_SUM' is marked as complete unroll implied by the pipeline pragma (firmware/nnet_utils/nnet_layernorm.h:78:5)
INFO: [HLS 214-291] Loop 'VITIS_LOOP_19_1' is marked as complete unroll implied by the pipeline pragma (firmware/nnet_utils/nnet_array.h:19:19)
INFO: [HLS 214-291] Loop 'VITIS_LOOP_20_2' is marked as complete unroll implied by the pipeline pragma (firmware/nnet_utils/nnet_array.h:20:26)
INFO: [HLS 214-186] Unrolling loop 'LAYERNORM_SEQ_LOOP' (firmware/nnet_utils/nnet_layernorm.h:119:5) in function 'nnet::layernormalize<ap_fixed<16, 6, (ap_q_mode)5, (ap_o_mode)3, 0>, ap_fixed<33, 13, (ap_q_mode)5, (ap_o_mode)3, 0>, config2>' completely with a factor of 10 (firmware/nnet_utils/nnet_layernorm.h:106:0)
WARNING: [HLS 214-189] Pipeline directive for loop 'LAYERNORM_SEQ_LOOP' (firmware/nnet_utils/nnet_layernorm.h:119:5) in function 'nnet::layernormalize<ap_fixed<16, 6, (ap_q_mode)5, (ap_o_mode)3, 0>, ap_fixed<33, 13, (ap_q_mode)5, (ap_o_mode)3, 0>, config2>' has been removed because the loop is unrolled completely (firmware/nnet_utils/nnet_layernorm.h:106:0)
INFO: [HLS 214-186] Unrolling loop 'LAYERNORM_STORE' (firmware/nnet_utils/nnet_layernorm.h:128:9) in function 'nnet::layernormalize<ap_fixed<16, 6, (ap_q_mode)5, (ap_o_mode)3, 0>, ap_fixed<33, 13, (ap_q_mode)5, (ap_o_mode)3, 0>, config2>' completely with a factor of 8 (firmware/nnet_utils/nnet_layernorm.h:106:0)
INFO: [HLS 214-186] Unrolling loop 'LAYERNORM_LOAD' (firmware/nnet_utils/nnet_layernorm.h:122:9) in function 'nnet::layernormalize<ap_fixed<16, 6, (ap_q_mode)5, (ap_o_mode)3, 0>, ap_fixed<33, 13, (ap_q_mode)5, (ap_o_mode)3, 0>, config2>' completely with a factor of 8 (firmware/nnet_utils/nnet_layernorm.h:106:0)
INFO: [HLS 214-186] Unrolling loop 'LAYERNORM_1D_RESULT' (firmware/nnet_utils/nnet_layernorm.h:98:5) in function 'nnet::layernorm_1d<ap_fixed<16, 6, (ap_q_mode)5, (ap_o_mode)3, 0>, ap_fixed<33, 13, (ap_q_mode)5, (ap_o_mode)3, 0>, config2>' completely with a factor of 8 (firmware/nnet_utils/nnet_layernorm.h:48:0)
INFO: [HLS 214-186] Unrolling loop 'LAYERNORM_1D_VAR' (firmware/nnet_utils/nnet_layernorm.h:84:5) in function 'nnet::layernorm_1d<ap_fixed<16, 6, (ap_q_mode)5, (ap_o_mode)3, 0>, ap_fixed<33, 13, (ap_q_mode)5, (ap_o_mode)3, 0>, config2>' completely with a factor of 8 (firmware/nnet_utils/nnet_layernorm.h:48:0)
INFO: [HLS 214-186] Unrolling loop 'LAYERNORM_1D_SUM' (firmware/nnet_utils/nnet_layernorm.h:78:5) in function 'nnet::layernorm_1d<ap_fixed<16, 6, (ap_q_mode)5, (ap_o_mode)3, 0>, ap_fixed<33, 13, (ap_q_mode)5, (ap_o_mode)3, 0>, config2>' completely with a factor of 8 (firmware/nnet_utils/nnet_layernorm.h:48:0)
INFO: [HLS 214-186] Unrolling loop 'VITIS_LOOP_19_1' (firmware/nnet_utils/nnet_array.h:19:19) in function 'nnet::transpose_2d<ap_fixed<16, 6, (ap_q_mode)5, (ap_o_mode)3, 0>, ap_fixed<16, 6, (ap_q_mode)5, (ap_o_mode)3, 0>, config4>' completely with a factor of 8 (firmware/nnet_utils/nnet_array.h:16:0)
INFO: [HLS 214-186] Unrolling loop 'VITIS_LOOP_20_2' (firmware/nnet_utils/nnet_array.h:20:26) in function 'nnet::transpose_2d<ap_fixed<16, 6, (ap_q_mode)5, (ap_o_mode)3, 0>, ap_fixed<16, 6, (ap_q_mode)5, (ap_o_mode)3, 0>, config4>' completely with a factor of 10 (firmware/nnet_utils/nnet_array.h:16:0)
INFO: [HLS 214-186] Unrolling loop 'VITIS_LOOP_19_1' (firmware/nnet_utils/nnet_array.h:19:19) in function 'nnet::transpose_2d<ap_fixed<16, 6, (ap_q_mode)5, (ap_o_mode)3, 0>, ap_fixed<16, 6, (ap_q_mode)5, (ap_o_mode)3, 0>, config3>' completely with a factor of 10 (firmware/nnet_utils/nnet_array.h:16:0)
INFO: [HLS 214-186] Unrolling loop 'VITIS_LOOP_20_2' (firmware/nnet_utils/nnet_array.h:20:26) in function 'nnet::transpose_2d<ap_fixed<16, 6, (ap_q_mode)5, (ap_o_mode)3, 0>, ap_fixed<16, 6, (ap_q_mode)5, (ap_o_mode)3, 0>, config3>' completely with a factor of 8 (firmware/nnet_utils/nnet_array.h:16:0)
INFO: [HLS 214-248] Applying array_partition to 'b2': Complete partitioning on dimension 1. (firmware/weights/b2.h:12:0)
INFO: [HLS 214-248] Applying array_partition to 's2': Complete partitioning on dimension 1. (firmware/weights/s2.h:12:0)
INFO: [HLS 214-248] Applying array_partition to 'in_val': Complete partitioning on dimension 1. (firmware/nnet_utils/nnet_layernorm.h:108:12)
INFO: [HLS 214-248] Applying array_partition to 'outval': Complete partitioning on dimension 1. (firmware/nnet_utils/nnet_layernorm.h:109:11)
INFO: [HLS 214-248] Applying array_partition to 'layer3_out': Complete partitioning on dimension 1. (firmware/myproject.cpp:32:11)
INFO: [HLS 214-248] Applying array_partition to 'layer4_out': Complete partitioning on dimension 1. (firmware/myproject.cpp:36:14)
INFO: [HLS 214-248] Applying array_partition to 'layer2_out': Complete partitioning on dimension 1. (firmware/myproject.cpp:10:0)
INFO: [HLS 214-248] Applying array_reshape to 'input_1': Complete reshaping on dimension 1. (firmware/myproject.cpp:10:0)
INFO: [HLS 200-111] Finished Compiling Optimization and Transform: CPU user time: 4.56 seconds. CPU system time: 0.5 seconds. Elapsed time: 8.08 seconds; current allocated memory: 292.930 MB.
INFO: [HLS 200-111] Finished Checking Pragmas: CPU user time: 0 seconds. CPU system time: 0 seconds. Elapsed time: 0 seconds; current allocated memory: 292.930 MB.
INFO: [HLS 200-10] Starting code transformations ...
INFO: [HLS 200-111] Finished Standard Transforms: CPU user time: 0.11 seconds. CPU system time: 0 seconds. Elapsed time: 0.21 seconds; current allocated memory: 296.574 MB.
INFO: [HLS 200-10] Checking synthesizability ...
INFO: [HLS 200-111] Finished Checking Synthesizability: CPU user time: 0.12 seconds. CPU system time: 0.01 seconds. Elapsed time: 0.14 seconds; current allocated memory: 298.949 MB.
INFO: [XFORM 203-401] Performing if-conversion on hyperblock from (firmware/nnet_utils/nnet_layernorm.h:79:22) to (firmware/nnet_utils/nnet_layernorm.h:101:1) in function 'nnet::layernorm_1d<ap_fixed<16, 6, (ap_q_mode)5, (ap_o_mode)3, 0>, ap_fixed<33, 13, (ap_q_mode)5, (ap_o_mode)3, 0>, config2>'... converting 3 basic blocks.
INFO: [XFORM 203-11] Balancing expressions in function 'nnet::layernorm_1d<ap_fixed<16, 6, (ap_q_mode)5, (ap_o_mode)3, 0>, ap_fixed<33, 13, (ap_q_mode)5, (ap_o_mode)3, 0>, config2>' (firmware/nnet_utils/nnet_layernorm.h:79:1)...20 expression(s) balanced.
INFO: [HLS 200-111] Finished Loop, function and other optimizations: CPU user time: 0.28 seconds. CPU system time: 0 seconds. Elapsed time: 0.29 seconds; current allocated memory: 325.426 MB.
INFO: [HLS 200-111] Finished Architecture Synthesis: CPU user time: 0.16 seconds. CPU system time: 0.02 seconds. Elapsed time: 0.18 seconds; current allocated memory: 367.488 MB.
INFO: [HLS 200-10] Starting hardware synthesis ...
INFO: [HLS 200-10] Synthesizing 'myproject' ...
WARNING: [SYN 201-103] Legalizing function name 'transpose_2d<ap_fixed<16, 6, 5, 3, 0>, ap_fixed<16, 6, 5, 3, 0>, config3>' to 'transpose_2d_ap_fixed_16_6_5_3_0_ap_fixed_16_6_5_3_0_config3_s'.
WARNING: [SYN 201-103] Legalizing function name 'transpose_2d<ap_fixed<16, 6, 5, 3, 0>, ap_fixed<16, 6, 5, 3, 0>, config4>' to 'transpose_2d_ap_fixed_16_6_5_3_0_ap_fixed_16_6_5_3_0_config4_s'.
WARNING: [SYN 201-103] Legalizing function name 'layernorm_1d<ap_fixed<16, 6, 5, 3, 0>, ap_fixed<33, 13, 5, 3, 0>, config2>' to 'layernorm_1d_ap_fixed_16_6_5_3_0_ap_fixed_33_13_5_3_0_config2_s'.
WARNING: [SYN 201-103] Legalizing function name 'layernormalize<ap_fixed<16, 6, 5, 3, 0>, ap_fixed<33, 13, 5, 3, 0>, config2>' to 'layernormalize_ap_fixed_16_6_5_3_0_ap_fixed_33_13_5_3_0_config2_s'.
INFO: [HLS 200-10] ----------------------------------------------------------------
INFO: [HLS 200-42] -- Implementing module 'transpose_2d_ap_fixed_16_6_5_3_0_ap_fixed_16_6_5_3_0_config3_s' 
INFO: [HLS 200-10] ----------------------------------------------------------------
INFO: [SCHED 204-11] Starting scheduling ...
INFO: [SCHED 204-61] Pipelining function 'transpose_2d<ap_fixed<16, 6, 5, 3, 0>, ap_fixed<16, 6, 5, 3, 0>, config3>'.
INFO: [HLS 200-1470] Pipelining result : Target II = NA, Final II = 1, Depth = 1, function 'transpose_2d<ap_fixed<16, 6, 5, 3, 0>, ap_fixed<16, 6, 5, 3, 0>, config3>'
INFO: [SCHED 204-11] Finished scheduling.
INFO: [HLS 200-111] Finished Scheduling: CPU user time: 0.13 seconds. CPU system time: 0.02 seconds. Elapsed time: 0.19 seconds; current allocated memory: 368.590 MB.
INFO: [BIND 205-100] Starting micro-architecture generation ...
INFO: [BIND 205-101] Performing variable lifetime analysis.
INFO: [BIND 205-101] Exploring resource sharing.
INFO: [BIND 205-101] Binding ...
INFO: [BIND 205-100] Finished micro-architecture generation.
INFO: [HLS 200-111] Finished Binding: CPU user time: 0.03 seconds. CPU system time: 0 seconds. Elapsed time: 0.04 seconds; current allocated memory: 368.934 MB.
INFO: [HLS 200-10] ----------------------------------------------------------------
INFO: [HLS 200-42] -- Implementing module 'transpose_2d_ap_fixed_16_6_5_3_0_ap_fixed_16_6_5_3_0_config4_s' 
INFO: [HLS 200-10] ----------------------------------------------------------------
INFO: [SCHED 204-11] Starting scheduling ...
INFO: [SCHED 204-61] Pipelining function 'transpose_2d<ap_fixed<16, 6, 5, 3, 0>, ap_fixed<16, 6, 5, 3, 0>, config4>'.
INFO: [HLS 200-1470] Pipelining result : Target II = NA, Final II = 1, Depth = 1, function 'transpose_2d<ap_fixed<16, 6, 5, 3, 0>, ap_fixed<16, 6, 5, 3, 0>, config4>'
INFO: [SCHED 204-11] Finished scheduling.
INFO: [HLS 200-111] Finished Scheduling: CPU user time: 0.12 seconds. CPU system time: 0.01 seconds. Elapsed time: 0.12 seconds; current allocated memory: 370.137 MB.
INFO: [BIND 205-100] Starting micro-architecture generation ...
INFO: [BIND 205-101] Performing variable lifetime analysis.
INFO: [BIND 205-101] Exploring resource sharing.
INFO: [BIND 205-101] Binding ...
INFO: [BIND 205-100] Finished micro-architecture generation.
INFO: [HLS 200-111] Finished Binding: CPU user time: 0.03 seconds. CPU system time: 0 seconds. Elapsed time: 0.03 seconds; current allocated memory: 370.137 MB.
INFO: [HLS 200-10] ----------------------------------------------------------------
INFO: [HLS 200-42] -- Implementing module 'layernorm_1d_ap_fixed_16_6_5_3_0_ap_fixed_33_13_5_3_0_config2_s' 
INFO: [HLS 200-10] ----------------------------------------------------------------
INFO: [SCHED 204-11] Starting scheduling ...
INFO: [SCHED 204-61] Pipelining function 'layernorm_1d<ap_fixed<16, 6, 5, 3, 0>, ap_fixed<33, 13, 5, 3, 0>, config2>'.
INFO: [HLS 200-1470] Pipelining result : Target II = NA, Final II = 1, Depth = 4, function 'layernorm_1d<ap_fixed<16, 6, 5, 3, 0>, ap_fixed<33, 13, 5, 3, 0>, config2>'
INFO: [SCHED 204-11] Finished scheduling.
INFO: [HLS 200-111] Finished Scheduling: CPU user time: 0.21 seconds. CPU system time: 0 seconds. Elapsed time: 0.22 seconds; current allocated memory: 372.066 MB.
INFO: [BIND 205-100] Starting micro-architecture generation ...
INFO: [BIND 205-101] Performing variable lifetime analysis.
INFO: [BIND 205-101] Exploring resource sharing.
INFO: [BIND 205-101] Binding ...
INFO: [BIND 205-100] Finished micro-architecture generation.
INFO: [HLS 200-111] Finished Binding: CPU user time: 0.02 seconds. CPU system time: 0 seconds. Elapsed time: 0.02 seconds; current allocated memory: 372.066 MB.
INFO: [HLS 200-10] ----------------------------------------------------------------
INFO: [HLS 200-42] -- Implementing module 'layernormalize_ap_fixed_16_6_5_3_0_ap_fixed_33_13_5_3_0_config2_s' 
INFO: [HLS 200-10] ----------------------------------------------------------------
INFO: [SCHED 204-11] Starting scheduling ...
INFO: [SCHED 204-61] Pipelining function 'layernormalize<ap_fixed<16, 6, 5, 3, 0>, ap_fixed<33, 13, 5, 3, 0>, config2>'.
INFO: [HLS 200-1470] Pipelining result : Target II = NA, Final II = 1, Depth = 4, function 'layernormalize<ap_fixed<16, 6, 5, 3, 0>, ap_fixed<33, 13, 5, 3, 0>, config2>'
INFO: [SCHED 204-11] Finished scheduling.
INFO: [HLS 200-111] Finished Scheduling: CPU user time: 0.14 seconds. CPU system time: 0.01 seconds. Elapsed time: 0.16 seconds; current allocated memory: 373.840 MB.
INFO: [BIND 205-100] Starting micro-architecture generation ...
INFO: [BIND 205-101] Performing variable lifetime analysis.
INFO: [BIND 205-101] Exploring resource sharing.
INFO: [BIND 205-101] Binding ...
INFO: [BIND 205-100] Finished micro-architecture generation.
INFO: [HLS 200-111] Finished Binding: CPU user time: 0.03 seconds. CPU system time: 0 seconds. Elapsed time: 0.04 seconds; current allocated memory: 373.840 MB.
INFO: [HLS 200-10] ----------------------------------------------------------------
INFO: [HLS 200-42] -- Implementing module 'myproject' 
INFO: [HLS 200-10] ----------------------------------------------------------------
INFO: [SCHED 204-11] Starting scheduling ...
INFO: [SCHED 204-61] Pipelining function 'myproject'.
INFO: [HLS 200-1470] Pipelining result : Target II = NA, Final II = 1, Depth = 4, function 'myproject'
INFO: [SCHED 204-11] Finished scheduling.
INFO: [HLS 200-111] Finished Scheduling: CPU user time: 0.19 seconds. CPU system time: 0.01 seconds. Elapsed time: 0.2 seconds; current allocated memory: 376.730 MB.
INFO: [BIND 205-100] Starting micro-architecture generation ...
INFO: [BIND 205-101] Performing variable lifetime analysis.
INFO: [BIND 205-101] Exploring resource sharing.
INFO: [BIND 205-101] Binding ...
INFO: [BIND 205-100] Finished micro-architecture generation.
INFO: [HLS 200-111] Finished Binding: CPU user time: 0.04 seconds. CPU system time: 0.01 seconds. Elapsed time: 0.06 seconds; current allocated memory: 376.730 MB.
INFO: [HLS 200-10] ----------------------------------------------------------------
INFO: [HLS 200-10] -- Generating RTL for module 'transpose_2d_ap_fixed_16_6_5_3_0_ap_fixed_16_6_5_3_0_config3_s' 
INFO: [HLS 200-10] ----------------------------------------------------------------
INFO: [RTGEN 206-100] Finished creating RTL model for 'transpose_2d_ap_fixed_16_6_5_3_0_ap_fixed_16_6_5_3_0_config3_s'.
INFO: [HLS 200-111] Finished Creating RTL model: CPU user time: 0.21 seconds. CPU system time: 0.01 seconds. Elapsed time: 0.23 seconds; current allocated memory: 398.957 MB.
INFO: [HLS 200-10] ----------------------------------------------------------------
INFO: [HLS 200-10] -- Generating RTL for module 'transpose_2d_ap_fixed_16_6_5_3_0_ap_fixed_16_6_5_3_0_config4_s' 
INFO: [HLS 200-10] ----------------------------------------------------------------
INFO: [RTGEN 206-100] Finished creating RTL model for 'transpose_2d_ap_fixed_16_6_5_3_0_ap_fixed_16_6_5_3_0_config4_s'.
INFO: [HLS 200-111] Finished Creating RTL model: CPU user time: 0.23 seconds. CPU system time: 0.02 seconds. Elapsed time: 0.26 seconds; current allocated memory: 418.617 MB.
INFO: [HLS 200-10] ----------------------------------------------------------------
INFO: [HLS 200-10] -- Generating RTL for module 'layernorm_1d_ap_fixed_16_6_5_3_0_ap_fixed_33_13_5_3_0_config2_s' 
INFO: [HLS 200-10] ----------------------------------------------------------------
INFO: [SYN 201-210] Renamed object name 'layernorm_1d_ap_fixed_16_6_5_3_0_ap_fixed_33_13_5_3_0_config2_s_invert_sqr_table_ROM_AUTO_1R' to 'layernorm_1d_ap_fixed_16_6_5_3_0_ap_fixed_33_13_5_3_0_config2_s_invert_sqr_tabkb' due to the length limit 80
INFO: [HLS 200-1030] Apply Unified Pipeline Control on module 'layernorm_1d_ap_fixed_16_6_5_3_0_ap_fixed_33_13_5_3_0_config2_s' pipeline 'layernorm_1d<ap_fixed<16, 6, 5, 3, 0>, ap_fixed<33, 13, 5, 3, 0>, config2>' pipeline type 'function pipeline'
INFO: [RTGEN 206-100] Generating core module 'mul_19s_16s_35_1_1': 8 instance(s).
INFO: [RTGEN 206-100] Generating core module 'mul_19s_19s_32_1_1': 8 instance(s).
INFO: [RTGEN 206-100] Finished creating RTL model for 'layernorm_1d_ap_fixed_16_6_5_3_0_ap_fixed_33_13_5_3_0_config2_s'.
INFO: [RTMG 210-279] Implementing memory 'myproject_layernorm_1d_ap_fixed_16_6_5_3_0_ap_fixed_33_13_5_3_0_config2_s_invert_sqr_tabkb' using auto ROMs.
INFO: [HLS 200-111] Finished Creating RTL model: CPU user time: 0.1 seconds. CPU system time: 0.02 seconds. Elapsed time: 0.12 seconds; current allocated memory: 418.617 MB.
INFO: [HLS 200-10] ----------------------------------------------------------------
INFO: [HLS 200-10] -- Generating RTL for module 'layernormalize_ap_fixed_16_6_5_3_0_ap_fixed_33_13_5_3_0_config2_s' 
INFO: [HLS 200-10] ----------------------------------------------------------------
INFO: [HLS 200-1030] Apply Unified Pipeline Control on module 'layernormalize_ap_fixed_16_6_5_3_0_ap_fixed_33_13_5_3_0_config2_s' pipeline 'layernormalize<ap_fixed<16, 6, 5, 3, 0>, ap_fixed<33, 13, 5, 3, 0>, config2>' pipeline type 'function pipeline'
INFO: [RTGEN 206-100] Finished creating RTL model for 'layernormalize_ap_fixed_16_6_5_3_0_ap_fixed_33_13_5_3_0_config2_s'.
INFO: [HLS 200-111] Finished Creating RTL model: CPU user time: 0.33 seconds. CPU system time: 0.02 seconds. Elapsed time: 0.35 seconds; current allocated memory: 444.863 MB.
INFO: [HLS 200-10] ----------------------------------------------------------------
INFO: [HLS 200-10] -- Generating RTL for module 'myproject' 
INFO: [HLS 200-10] ----------------------------------------------------------------
INFO: [RTGEN 206-500] Setting interface mode on port 'myproject/input_1' to 'ap_vld'.
INFO: [RTGEN 206-500] Setting interface mode on port 'myproject/layer2_out_0' to 'ap_vld'.
INFO: [RTGEN 206-500] Setting interface mode on port 'myproject/layer2_out_1' to 'ap_vld'.
INFO: [RTGEN 206-500] Setting interface mode on port 'myproject/layer2_out_2' to 'ap_vld'.
INFO: [RTGEN 206-500] Setting interface mode on port 'myproject/layer2_out_3' to 'ap_vld'.
INFO: [RTGEN 206-500] Setting interface mode on port 'myproject/layer2_out_4' to 'ap_vld'.
INFO: [RTGEN 206-500] Setting interface mode on port 'myproject/layer2_out_5' to 'ap_vld'.
INFO: [RTGEN 206-500] Setting interface mode on port 'myproject/layer2_out_6' to 'ap_vld'.
INFO: [RTGEN 206-500] Setting interface mode on port 'myproject/layer2_out_7' to 'ap_vld'.
INFO: [RTGEN 206-500] Setting interface mode on port 'myproject/layer2_out_8' to 'ap_vld'.
INFO: [RTGEN 206-500] Setting interface mode on port 'myproject/layer2_out_9' to 'ap_vld'.
INFO: [RTGEN 206-500] Setting interface mode on port 'myproject/layer2_out_10' to 'ap_vld'.
INFO: [RTGEN 206-500] Setting interface mode on port 'myproject/layer2_out_11' to 'ap_vld'.
INFO: [RTGEN 206-500] Setting interface mode on port 'myproject/layer2_out_12' to 'ap_vld'.
INFO: [RTGEN 206-500] Setting interface mode on port 'myproject/layer2_out_13' to 'ap_vld'.
INFO: [RTGEN 206-500] Setting interface mode on port 'myproject/layer2_out_14' to 'ap_vld'.
INFO: [RTGEN 206-500] Setting interface mode on port 'myproject/layer2_out_15' to 'ap_vld'.
INFO: [RTGEN 206-500] Setting interface mode on port 'myproject/layer2_out_16' to 'ap_vld'.
INFO: [RTGEN 206-500] Setting interface mode on port 'myproject/layer2_out_17' to 'ap_vld'.
INFO: [RTGEN 206-500] Setting interface mode on port 'myproject/layer2_out_18' to 'ap_vld'.
INFO: [RTGEN 206-500] Setting interface mode on port 'myproject/layer2_out_19' to 'ap_vld'.
INFO: [RTGEN 206-500] Setting interface mode on port 'myproject/layer2_out_20' to 'ap_vld'.
INFO: [RTGEN 206-500] Setting interface mode on port 'myproject/layer2_out_21' to 'ap_vld'.
INFO: [RTGEN 206-500] Setting interface mode on port 'myproject/layer2_out_22' to 'ap_vld'.
INFO: [RTGEN 206-500] Setting interface mode on port 'myproject/layer2_out_23' to 'ap_vld'.
INFO: [RTGEN 206-500] Setting interface mode on port 'myproject/layer2_out_24' to 'ap_vld'.
INFO: [RTGEN 206-500] Setting interface mode on port 'myproject/layer2_out_25' to 'ap_vld'.
INFO: [RTGEN 206-500] Setting interface mode on port 'myproject/layer2_out_26' to 'ap_vld'.
INFO: [RTGEN 206-500] Setting interface mode on port 'myproject/layer2_out_27' to 'ap_vld'.
INFO: [RTGEN 206-500] Setting interface mode on port 'myproject/layer2_out_28' to 'ap_vld'.
INFO: [RTGEN 206-500] Setting interface mode on port 'myproject/layer2_out_29' to 'ap_vld'.
INFO: [RTGEN 206-500] Setting interface mode on port 'myproject/layer2_out_30' to 'ap_vld'.
INFO: [RTGEN 206-500] Setting interface mode on port 'myproject/layer2_out_31' to 'ap_vld'.
INFO: [RTGEN 206-500] Setting interface mode on port 'myproject/layer2_out_32' to 'ap_vld'.
INFO: [RTGEN 206-500] Setting interface mode on port 'myproject/layer2_out_33' to 'ap_vld'.
INFO: [RTGEN 206-500] Setting interface mode on port 'myproject/layer2_out_34' to 'ap_vld'.
INFO: [RTGEN 206-500] Setting interface mode on port 'myproject/layer2_out_35' to 'ap_vld'.
INFO: [RTGEN 206-500] Setting interface mode on port 'myproject/layer2_out_36' to 'ap_vld'.
INFO: [RTGEN 206-500] Setting interface mode on port 'myproject/layer2_out_37' to 'ap_vld'.
INFO: [RTGEN 206-500] Setting interface mode on port 'myproject/layer2_out_38' to 'ap_vld'.
INFO: [RTGEN 206-500] Setting interface mode on port 'myproject/layer2_out_39' to 'ap_vld'.
INFO: [RTGEN 206-500] Setting interface mode on port 'myproject/layer2_out_40' to 'ap_vld'.
INFO: [RTGEN 206-500] Setting interface mode on port 'myproject/layer2_out_41' to 'ap_vld'.
INFO: [RTGEN 206-500] Setting interface mode on port 'myproject/layer2_out_42' to 'ap_vld'.
INFO: [RTGEN 206-500] Setting interface mode on port 'myproject/layer2_out_43' to 'ap_vld'.
INFO: [RTGEN 206-500] Setting interface mode on port 'myproject/layer2_out_44' to 'ap_vld'.
INFO: [RTGEN 206-500] Setting interface mode on port 'myproject/layer2_out_45' to 'ap_vld'.
INFO: [RTGEN 206-500] Setting interface mode on port 'myproject/layer2_out_46' to 'ap_vld'.
INFO: [RTGEN 206-500] Setting interface mode on port 'myproject/layer2_out_47' to 'ap_vld'.
INFO: [RTGEN 206-500] Setting interface mode on port 'myproject/layer2_out_48' to 'ap_vld'.
INFO: [RTGEN 206-500] Setting interface mode on port 'myproject/layer2_out_49' to 'ap_vld'.
INFO: [RTGEN 206-500] Setting interface mode on port 'myproject/layer2_out_50' to 'ap_vld'.
INFO: [RTGEN 206-500] Setting interface mode on port 'myproject/layer2_out_51' to 'ap_vld'.
INFO: [RTGEN 206-500] Setting interface mode on port 'myproject/layer2_out_52' to 'ap_vld'.
INFO: [RTGEN 206-500] Setting interface mode on port 'myproject/layer2_out_53' to 'ap_vld'.
INFO: [RTGEN 206-500] Setting interface mode on port 'myproject/layer2_out_54' to 'ap_vld'.
INFO: [RTGEN 206-500] Setting interface mode on port 'myproject/layer2_out_55' to 'ap_vld'.
INFO: [RTGEN 206-500] Setting interface mode on port 'myproject/layer2_out_56' to 'ap_vld'.
INFO: [RTGEN 206-500] Setting interface mode on port 'myproject/layer2_out_57' to 'ap_vld'.
INFO: [RTGEN 206-500] Setting interface mode on port 'myproject/layer2_out_58' to 'ap_vld'.
INFO: [RTGEN 206-500] Setting interface mode on port 'myproject/layer2_out_59' to 'ap_vld'.
INFO: [RTGEN 206-500] Setting interface mode on port 'myproject/layer2_out_60' to 'ap_vld'.
INFO: [RTGEN 206-500] Setting interface mode on port 'myproject/layer2_out_61' to 'ap_vld'.
INFO: [RTGEN 206-500] Setting interface mode on port 'myproject/layer2_out_62' to 'ap_vld'.
INFO: [RTGEN 206-500] Setting interface mode on port 'myproject/layer2_out_63' to 'ap_vld'.
INFO: [RTGEN 206-500] Setting interface mode on port 'myproject/layer2_out_64' to 'ap_vld'.
INFO: [RTGEN 206-500] Setting interface mode on port 'myproject/layer2_out_65' to 'ap_vld'.
INFO: [RTGEN 206-500] Setting interface mode on port 'myproject/layer2_out_66' to 'ap_vld'.
INFO: [RTGEN 206-500] Setting interface mode on port 'myproject/layer2_out_67' to 'ap_vld'.
INFO: [RTGEN 206-500] Setting interface mode on port 'myproject/layer2_out_68' to 'ap_vld'.
INFO: [RTGEN 206-500] Setting interface mode on port 'myproject/layer2_out_69' to 'ap_vld'.
INFO: [RTGEN 206-500] Setting interface mode on port 'myproject/layer2_out_70' to 'ap_vld'.
INFO: [RTGEN 206-500] Setting interface mode on port 'myproject/layer2_out_71' to 'ap_vld'.
INFO: [RTGEN 206-500] Setting interface mode on port 'myproject/layer2_out_72' to 'ap_vld'.
INFO: [RTGEN 206-500] Setting interface mode on port 'myproject/layer2_out_73' to 'ap_vld'.
INFO: [RTGEN 206-500] Setting interface mode on port 'myproject/layer2_out_74' to 'ap_vld'.
INFO: [RTGEN 206-500] Setting interface mode on port 'myproject/layer2_out_75' to 'ap_vld'.
INFO: [RTGEN 206-500] Setting interface mode on port 'myproject/layer2_out_76' to 'ap_vld'.
INFO: [RTGEN 206-500] Setting interface mode on port 'myproject/layer2_out_77' to 'ap_vld'.
INFO: [RTGEN 206-500] Setting interface mode on port 'myproject/layer2_out_78' to 'ap_vld'.
INFO: [RTGEN 206-500] Setting interface mode on port 'myproject/layer2_out_79' to 'ap_vld'.
INFO: [RTGEN 206-500] Setting interface mode on function 'myproject' to 'ap_ctrl_hs'.
INFO: [HLS 200-1030] Apply Unified Pipeline Control on module 'myproject' pipeline 'myproject' pipeline type 'function pipeline'
INFO: [RTGEN 206-104] Estimated max fanout for 'myproject' is 10440 from HDL expression: ((1'b0 == ap_block_pp0_stage0_11001_ignoreCallOp168) & (1'b1 == ap_CS_fsm_pp0_stage0))
INFO: [RTGEN 206-100] Finished creating RTL model for 'myproject'.
INFO: [HLS 200-111] Finished Creating RTL model: CPU user time: 0.65 seconds. CPU system time: 0.05 seconds. Elapsed time: 0.71 seconds; current allocated memory: 482.723 MB.
INFO: [HLS 200-111] Finished Generating all RTL models: CPU user time: 0.27 seconds. CPU system time: 0.03 seconds. Elapsed time: 0.3 seconds; current allocated memory: 482.723 MB.
INFO: [HLS 200-111] Finished Updating report files: CPU user time: 2.59 seconds. CPU system time: 0.03 seconds. Elapsed time: 2.63 seconds; current allocated memory: 489.336 MB.
INFO: [VHDL 208-304] Generating VHDL RTL for myproject.
INFO: [VLOG 209-307] Generating Verilog RTL for myproject.
INFO: [HLS 200-789] **** Estimated Fmax: 244.08 MHz
INFO: [HLS 200-111] Finished Command csynth_design CPU user time: 36.13 seconds. CPU system time: 2.32 seconds. Elapsed time: 42.57 seconds; current allocated memory: 206.285 MB.
INFO: [HLS 200-1510] Running: add_files -tb myproject_test.cpp -cflags -std=c++0x -DRTL_SIM 
INFO: [HLS 200-10] Adding test bench file 'myproject_test.cpp' to the project
INFO: [HLS 200-1510] Running: cosim_design -trace_level all -setup 
INFO: [COSIM 212-47] Using XSIM for RTL simulation.
INFO: [COSIM 212-14] Instrumenting C test bench ...
INFO: [COSIM 212-302] Starting C TB testing ... 
INFO: [COSIM 212-333] Generating C post check test bench ...
INFO: [COSIM 212-12] Generating RTL test bench ...
INFO: [COSIM 212-1] *** C/RTL co-simulation file generation completed. ***
INFO: [COSIM 212-211] II is measurable only when transaction number is greater than 1 in RTL simulation. Otherwise, they will be marked as all NA. If user wants to calculate them, please make sure there are at least 2 transactions in RTL simulation.
INFO: [HLS 200-111] Finished Command cosim_design CPU user time: 25.27 seconds. CPU system time: 2.23 seconds. Elapsed time: 28.02 seconds; current allocated memory: 11.402 MB.
INFO: [COSIM 212-302] Starting C TB testing ...  
INFO: [COSIM 212-323] Starting verilog simulation...
INFO: [COSIM 212-15] Starting XSIM ...
INFO: [COSIM 212-316] Starting C post checking ...
