Copyright 1986-2022 Xilinx, Inc. All Rights Reserved. Copyright 2022-2023 Advanced Micro Devices, Inc. All Rights Reserved.
---------------------------------------------------------------------------------------------------------------------------------------------
| Tool Version : Vivado v.2023.2 (lin64) Build 4029153 Fri Oct 13 20:13:54 MDT 2023
| Date         : Mon Dec 16 19:18:45 2024
| Host         : olhsw-04.cern.ch running 64-bit AlmaLinux release 9.3 (Shamrock Pampas Cat)
| Command      : report_utilization -file vivado_synth.rpt
| Design       : myproject
| Device       : xcvu13p-flga2577-2-e
| Speed File   : -2
| Design State : Optimized
---------------------------------------------------------------------------------------------------------------------------------------------

Utilization Design Information

Table of Contents
-----------------
1. CLB Logic
1.1 Summary of Registers by Type
2. BLOCKRAM
3. ARITHMETIC
4. I/O
5. CLOCK
6. ADVANCED
7. CONFIGURATION
8. Primitives
9. Black Boxes
10. Instantiated Netlists
11. SLR Connectivity
12. SLR Connectivity Matrix
13. SLR IO Utilization

1. CLB Logic
------------

+-------------------------+-------+-------+------------+-----------+-------+
|        Site Type        |  Used | Fixed | Prohibited | Available | Util% |
+-------------------------+-------+-------+------------+-----------+-------+
| CLB LUTs*               | 25088 |     0 |          0 |   1728000 |  1.45 |
|   LUT as Logic          | 25088 |     0 |          0 |   1728000 |  1.45 |
|   LUT as Memory         |     0 |     0 |          0 |    791040 |  0.00 |
| CLB Registers           | 17644 |     0 |          0 |   3456000 |  0.51 |
|   Register as Flip Flop | 17644 |     0 |          0 |   3456000 |  0.51 |
|   Register as Latch     |     0 |     0 |          0 |   3456000 |  0.00 |
| CARRY8                  |  2400 |     0 |          0 |    216000 |  1.11 |
| F7 Muxes                |     0 |     0 |          0 |    864000 |  0.00 |
| F8 Muxes                |     0 |     0 |          0 |    432000 |  0.00 |
| F9 Muxes                |     0 |     0 |          0 |    216000 |  0.00 |
+-------------------------+-------+-------+------------+-----------+-------+
* Warning! The Final LUT count, after physical optimizations and full implementation, is typically lower. Run opt_design after synthesis, if not already completed, for a more realistic count.
Warning! LUT value is adjusted to account for LUT combining.


1.1 Summary of Registers by Type
--------------------------------

+-------+--------------+-------------+--------------+
| Total | Clock Enable | Synchronous | Asynchronous |
+-------+--------------+-------------+--------------+
| 0     |            _ |           - |            - |
| 0     |            _ |           - |          Set |
| 0     |            _ |           - |        Reset |
| 0     |            _ |         Set |            - |
| 0     |            _ |       Reset |            - |
| 0     |          Yes |           - |            - |
| 0     |          Yes |           - |          Set |
| 0     |          Yes |           - |        Reset |
| 0     |          Yes |         Set |            - |
| 17644 |          Yes |       Reset |            - |
+-------+--------------+-------------+--------------+


2. BLOCKRAM
-----------

+-------------------+------+-------+------------+-----------+-------+
|     Site Type     | Used | Fixed | Prohibited | Available | Util% |
+-------------------+------+-------+------------+-----------+-------+
| Block RAM Tile    |   60 |     0 |          0 |      2688 |  2.23 |
|   RAMB36/FIFO*    |   60 |     0 |          0 |      2688 |  2.23 |
|     RAMB36E2 only |   60 |       |            |           |       |
|   RAMB18          |    0 |     0 |          0 |      5376 |  0.00 |
| URAM              |    0 |     0 |          0 |      1280 |  0.00 |
+-------------------+------+-------+------------+-----------+-------+
* Note: Each Block RAM Tile only has one FIFO logic available and therefore can accommodate only one FIFO36E2 or one FIFO18E2. However, if a FIFO18E2 occupies a Block RAM Tile, that tile can still accommodate a RAMB18E2


3. ARITHMETIC
-------------

+----------------+------+-------+------------+-----------+-------+
|    Site Type   | Used | Fixed | Prohibited | Available | Util% |
+----------------+------+-------+------------+-----------+-------+
| DSPs           |  960 |     0 |          0 |     12288 |  7.81 |
|   DSP48E2 only |  960 |       |            |           |       |
+----------------+------+-------+------------+-----------+-------+


4. I/O
------

+------------+-------+-------+------------+-----------+---------+
|  Site Type |  Used | Fixed | Prohibited | Available |  Util%  |
+------------+-------+-------+------------+-----------+---------+
| Bonded IOB | 24007 |     0 |          0 |       448 | 5358.71 |
+------------+-------+-------+------------+-----------+---------+


5. CLOCK
--------

+----------------------+------+-------+------------+-----------+-------+
|       Site Type      | Used | Fixed | Prohibited | Available | Util% |
+----------------------+------+-------+------------+-----------+-------+
| GLOBAL CLOCK BUFFERs |    1 |     0 |          0 |      1344 |  0.07 |
|   BUFGCE             |    1 |     0 |          0 |       384 |  0.26 |
|   BUFGCE_DIV         |    0 |     0 |          0 |        64 |  0.00 |
|   BUFG_GT            |    0 |     0 |          0 |       768 |  0.00 |
|   BUFGCTRL*          |    0 |     0 |          0 |       128 |  0.00 |
| PLL                  |    0 |     0 |          0 |        32 |  0.00 |
| MMCM                 |    0 |     0 |          0 |        16 |  0.00 |
+----------------------+------+-------+------------+-----------+-------+
* Note: Each used BUFGCTRL counts as two GLOBAL CLOCK BUFFERs. This table does not include global clocking resources, only buffer cell usage. See the Clock Utilization Report (report_clock_utilization) for detailed accounting of global clocking resource availability.


6. ADVANCED
-----------

+-----------------+------+-------+------------+-----------+-------+
|    Site Type    | Used | Fixed | Prohibited | Available | Util% |
+-----------------+------+-------+------------+-----------+-------+
| CMACE4          |    0 |     0 |          0 |        12 |  0.00 |
| GTYE4_CHANNEL   |    0 |     0 |          0 |       128 |  0.00 |
| GTYE4_COMMON    |    0 |     0 |          0 |        32 |  0.00 |
| ILKNE4          |    0 |     0 |          0 |         8 |  0.00 |
| OBUFDS_GTE4     |    0 |     0 |          0 |        64 |  0.00 |
| OBUFDS_GTE4_ADV |    0 |     0 |          0 |        64 |  0.00 |
| PCIE40E4        |    0 |     0 |          0 |         4 |  0.00 |
| SYSMONE4        |    0 |     0 |          0 |         4 |  0.00 |
+-----------------+------+-------+------------+-----------+-------+


7. CONFIGURATION
----------------

+-------------+------+-------+------------+-----------+-------+
|  Site Type  | Used | Fixed | Prohibited | Available | Util% |
+-------------+------+-------+------------+-----------+-------+
| BSCANE2     |    0 |     0 |          0 |        16 |  0.00 |
| DNA_PORTE2  |    0 |     0 |          0 |         4 |  0.00 |
| EFUSE_USR   |    0 |     0 |          0 |         4 |  0.00 |
| FRAME_ECCE4 |    0 |     0 |          0 |         4 |  0.00 |
| ICAPE3      |    0 |     0 |          0 |         8 |  0.00 |
| MASTER_JTAG |    0 |     0 |          0 |         4 |  0.00 |
| STARTUPE3   |    0 |     0 |          0 |         4 |  0.00 |
+-------------+------+-------+------------+-----------+-------+


8. Primitives
-------------

+----------+-------+---------------------+
| Ref Name |  Used | Functional Category |
+----------+-------+---------------------+
| FDRE     | 17644 |            Register |
| OBUF     | 16323 |                 I/O |
| LUT3     | 15813 |                 CLB |
| INBUF    |  7684 |                 I/O |
| IBUFCTRL |  7684 |              Others |
| LUT6     |  5370 |                 CLB |
| LUT2     |  4891 |                 CLB |
| LUT5     |  4380 |                 CLB |
| LUT4     |  4265 |                 CLB |
| CARRY8   |  2400 |                 CLB |
| LUT1     |   990 |                 CLB |
| DSP48E2  |   960 |          Arithmetic |
| RAMB36E2 |    60 |            BLOCKRAM |
| BUFGCE   |     1 |               Clock |
+----------+-------+---------------------+


9. Black Boxes
--------------

+----------+------+
| Ref Name | Used |
+----------+------+


10. Instantiated Netlists
-------------------------

+----------+------+
| Ref Name | Used |
+----------+------+


11. SLR Connectivity
--------------------

+----------------------------------+------+-------+-----------+-------+
|                                  | Used | Fixed | Available | Util% |
+----------------------------------+------+-------+-----------+-------+
| SLR3 <-> SLR2                    |    0 |       |     23040 |  0.00 |
|   SLR2 -> SLR3                   |    0 |       |           |  0.00 |
|     Using TX_REG only            |    0 |     0 |           |       |
|     Using RX_REG only            |    0 |     0 |           |       |
|     Using Both TX_REG and RX_REG |    0 |     0 |           |       |
|   SLR3 -> SLR2                   |    0 |       |           |  0.00 |
|     Using TX_REG only            |    0 |     0 |           |       |
|     Using RX_REG only            |    0 |     0 |           |       |
|     Using Both TX_REG and RX_REG |    0 |     0 |           |       |
| SLR2 <-> SLR1                    |    0 |       |     23040 |  0.00 |
|   SLR1 -> SLR2                   |    0 |       |           |  0.00 |
|     Using TX_REG only            |    0 |     0 |           |       |
|     Using RX_REG only            |    0 |     0 |           |       |
|     Using Both TX_REG and RX_REG |    0 |     0 |           |       |
|   SLR2 -> SLR1                   |    0 |       |           |  0.00 |
|     Using TX_REG only            |    0 |     0 |           |       |
|     Using RX_REG only            |    0 |     0 |           |       |
|     Using Both TX_REG and RX_REG |    0 |     0 |           |       |
| SLR1 <-> SLR0                    |    0 |       |     23040 |  0.00 |
|   SLR0 -> SLR1                   |    0 |       |           |  0.00 |
|     Using TX_REG only            |    0 |     0 |           |       |
|     Using RX_REG only            |    0 |     0 |           |       |
|     Using Both TX_REG and RX_REG |    0 |     0 |           |       |
|   SLR1 -> SLR0                   |    0 |       |           |  0.00 |
|     Using TX_REG only            |    0 |     0 |           |       |
|     Using RX_REG only            |    0 |     0 |           |       |
|     Using Both TX_REG and RX_REG |    0 |     0 |           |       |
+----------------------------------+------+-------+-----------+-------+
| Total SLLs Used                  |    0 |       |           |       |
+----------------------------------+------+-------+-----------+-------+


12. SLR Connectivity Matrix
---------------------------

+-----------+------+------+------+------+
| FROM \ TO | SLR3 | SLR2 | SLR1 | SLR0 |
+-----------+------+------+------+------+
| SLR3      |    0 |    0 |    0 |    0 |
| SLR2      |    0 |    0 |    0 |    0 |
| SLR1      |    0 |    0 |    0 |    0 |
| SLR0      |    0 |    0 |    0 |    0 |
+-----------+------+------+------+------+


13. SLR IO Utilization
----------------------

+-----------+-----------+---------+------------+----------+------------+----------+-----+
| SLR Index | Used IOBs | (%)IOBs | Used IPADs | (%)IPADs | Used OPADs | (%)OPADs | GTs |
+-----------+-----------+---------+------------+----------+------------+----------+-----+
| SLR3      |         0 |    0.00 |          0 |     0.00 |          0 |     0.00 |   0 |
| SLR2      |         0 |    0.00 |          0 |     0.00 |          0 |     0.00 |   0 |
| SLR1      |         0 |    0.00 |          0 |     0.00 |          0 |     0.00 |   0 |
| SLR0      |         0 |    0.00 |          0 |     0.00 |          0 |     0.00 |   0 |
+-----------+-----------+---------+------------+----------+------------+----------+-----+
| Total     |         0 |         |          0 |          |          0 |          |   0 |
+-----------+-----------+---------+------------+----------+------------+----------+-----+


