

================================================================
== Synthesis Summary Report of 'myproject'
================================================================
+ General Information: 
    * Date:           Tue Oct 22 17:19:14 2024
    * Version:        2023.2 (Build 4023990 on Oct 11 2023)
    * Project:        myproject_prj
    * Solution:       solution1 (Vivado IP Flow Target)
    * Product family: virtexuplus
    * Target device:  xcvu13p-flga2577-2-e
    

+ Performance & Resource Estimates: 
    
    PS: '+' for module; 'o' for loop; '*' for dataflow
    +-------------------------------------------------------------------+------+------+---------+--------+----------+---------+------+----------+----------+----------+------------+------------+-----+
    |                              Modules                              | Issue|      | Latency | Latency| Iteration|         | Trip |          |          |          |            |            |     |
    |                              & Loops                              | Type | Slack| (cycles)|  (ns)  |  Latency | Interval| Count| Pipelined|   BRAM   |    DSP   |     FF     |     LUT    | URAM|
    +-------------------------------------------------------------------+------+------+---------+--------+----------+---------+------+----------+----------+----------+------------+------------+-----+
    |+ myproject                                                        |     -|  0.12|        -|       -|         -|        -|     -|        no|  16 (~0%)|  68 (~0%)|  2007 (~0%)|  3998 (~0%)|    -|
    | + transpose_2d_ap_fixed_16_6_5_3_0_ap_fixed_16_6_5_3_0_config3_s  |    II|  4.37|        0|   0.000|         -|        1|     -|       yes|         -|         -|           -|           -|    -|
    | + transpose_2d_ap_fixed_16_6_5_3_0_ap_fixed_16_6_5_3_0_config4_s  |    II|  4.37|        0|   0.000|         -|        1|     -|       yes|         -|         -|           -|           -|    -|
    | + layernorm_1d_ap_fixed_16_6_5_3_0_ap_fixed_16_6_5_3_0_config2_s  |     -|  0.12|        -|       -|         -|        -|     -|        no|   4 (~0%)|  17 (~0%)|   340 (~0%)|   986 (~0%)|    -|
    |  o VITIS_LOOP_63_1                                                |     -|  4.37|        -|       -|         2|        -|     -|        no|         -|         -|           -|           -|    -|
    | + layernorm_1d_ap_fixed_16_6_5_3_0_ap_fixed_16_6_5_3_0_config2_s  |     -|  0.12|        -|       -|         -|        -|     -|        no|   4 (~0%)|  17 (~0%)|   340 (~0%)|   986 (~0%)|    -|
    |  o VITIS_LOOP_63_1                                                |     -|  4.37|        -|       -|         2|        -|     -|        no|         -|         -|           -|           -|    -|
    | + layernorm_1d_ap_fixed_16_6_5_3_0_ap_fixed_16_6_5_3_0_config2_s  |     -|  0.12|        -|       -|         -|        -|     -|        no|   4 (~0%)|  17 (~0%)|   340 (~0%)|   986 (~0%)|    -|
    |  o VITIS_LOOP_63_1                                                |     -|  4.37|        -|       -|         2|        -|     -|        no|         -|         -|           -|           -|    -|
    | + layernorm_1d_ap_fixed_16_6_5_3_0_ap_fixed_16_6_5_3_0_config2_s  |     -|  0.12|        -|       -|         -|        -|     -|        no|   4 (~0%)|  17 (~0%)|   340 (~0%)|   986 (~0%)|    -|
    |  o VITIS_LOOP_63_1                                                |     -|  4.37|        -|       -|         2|        -|     -|        no|         -|         -|           -|           -|    -|
    +-------------------------------------------------------------------+------+------+---------+--------+----------+---------+------+----------+----------+----------+------------+------------+-----+


================================================================
== HW Interfaces
================================================================
* Other Ports
+---------------+--------+-----------+----------+
| Port          | Mode   | Direction | Bitwidth |
+---------------+--------+-----------+----------+
| input_1       | ap_vld | in        | 320      |
| layer2_out_0  | ap_vld | out       | 16       |
| layer2_out_1  | ap_vld | out       | 16       |
| layer2_out_10 | ap_vld | out       | 16       |
| layer2_out_11 | ap_vld | out       | 16       |
| layer2_out_12 | ap_vld | out       | 16       |
| layer2_out_13 | ap_vld | out       | 16       |
| layer2_out_14 | ap_vld | out       | 16       |
| layer2_out_15 | ap_vld | out       | 16       |
| layer2_out_16 | ap_vld | out       | 16       |
| layer2_out_17 | ap_vld | out       | 16       |
| layer2_out_18 | ap_vld | out       | 16       |
| layer2_out_19 | ap_vld | out       | 16       |
| layer2_out_2  | ap_vld | out       | 16       |
| layer2_out_3  | ap_vld | out       | 16       |
| layer2_out_4  | ap_vld | out       | 16       |
| layer2_out_5  | ap_vld | out       | 16       |
| layer2_out_6  | ap_vld | out       | 16       |
| layer2_out_7  | ap_vld | out       | 16       |
| layer2_out_8  | ap_vld | out       | 16       |
| layer2_out_9  | ap_vld | out       | 16       |
+---------------+--------+-----------+----------+

* TOP LEVEL CONTROL
+-----------+------------+-----------------------------------+
| Interface | Type       | Ports                             |
+-----------+------------+-----------------------------------+
| ap_clk    | clock      | ap_clk                            |
| ap_rst    | reset      | ap_rst                            |
| ap_ctrl   | ap_ctrl_hs | ap_done ap_idle ap_ready ap_start |
+-----------+------------+-----------------------------------+


================================================================
== SW I/O Information
================================================================
* Top Function Arguments
+------------+-----------+--------------------------------------+
| Argument   | Direction | Datatype                             |
+------------+-----------+--------------------------------------+
| input_1    | in        | ap_fixed<16, 6, AP_TRN, AP_WRAP, 0>* |
| layer2_out | out       | ap_fixed<16, 6, AP_TRN, AP_WRAP, 0>* |
+------------+-----------+--------------------------------------+

* SW-to-HW Mapping
+------------+----------------------+---------+
| Argument   | HW Interface         | HW Type |
+------------+----------------------+---------+
| input_1    | input_1              | port    |
| input_1    | input_1_ap_vld       | port    |
| layer2_out | layer2_out_0         | port    |
| layer2_out | layer2_out_0_ap_vld  | port    |
| layer2_out | layer2_out_1         | port    |
| layer2_out | layer2_out_1_ap_vld  | port    |
| layer2_out | layer2_out_2         | port    |
| layer2_out | layer2_out_2_ap_vld  | port    |
| layer2_out | layer2_out_3         | port    |
| layer2_out | layer2_out_3_ap_vld  | port    |
| layer2_out | layer2_out_4         | port    |
| layer2_out | layer2_out_4_ap_vld  | port    |
| layer2_out | layer2_out_5         | port    |
| layer2_out | layer2_out_5_ap_vld  | port    |
| layer2_out | layer2_out_6         | port    |
| layer2_out | layer2_out_6_ap_vld  | port    |
| layer2_out | layer2_out_7         | port    |
| layer2_out | layer2_out_7_ap_vld  | port    |
| layer2_out | layer2_out_8         | port    |
| layer2_out | layer2_out_8_ap_vld  | port    |
| layer2_out | layer2_out_9         | port    |
| layer2_out | layer2_out_9_ap_vld  | port    |
| layer2_out | layer2_out_10        | port    |
| layer2_out | layer2_out_10_ap_vld | port    |
| layer2_out | layer2_out_11        | port    |
| layer2_out | layer2_out_11_ap_vld | port    |
| layer2_out | layer2_out_12        | port    |
| layer2_out | layer2_out_12_ap_vld | port    |
| layer2_out | layer2_out_13        | port    |
| layer2_out | layer2_out_13_ap_vld | port    |
| layer2_out | layer2_out_14        | port    |
| layer2_out | layer2_out_14_ap_vld | port    |
| layer2_out | layer2_out_15        | port    |
| layer2_out | layer2_out_15_ap_vld | port    |
| layer2_out | layer2_out_16        | port    |
| layer2_out | layer2_out_16_ap_vld | port    |
| layer2_out | layer2_out_17        | port    |
| layer2_out | layer2_out_17_ap_vld | port    |
| layer2_out | layer2_out_18        | port    |
| layer2_out | layer2_out_18_ap_vld | port    |
| layer2_out | layer2_out_19        | port    |
| layer2_out | layer2_out_19_ap_vld | port    |
+------------+----------------------+---------+


================================================================
== M_AXI Burst Information
================================================================
 Note: All burst requests might be further partitioned into multiple requests during RTL generation based on max_read_burst_length or max_write_burst_length settings.


================================================================
== Bind Op Report
================================================================
+-----------------------------------------------------------------------------------------------------------------------------------------------+-----+--------+-------------+-----+--------+---------+
| Name                                                                                                                                          | DSP | Pragma | Variable    | Op  | Impl   | Latency |
+-----------------------------------------------------------------------------------------------------------------------------------------------+-----+--------+-------------+-----+--------+---------+
| + myproject                                                                                                                                   | 68  |        |             |     |        |         |
|  + layernorm_1d_ap_fixed_16_6_5_3_0_ap_fixed_16_6_5_3_0_config2_s (grp_layernorm_1d_ap_fixed_16_6_5_3_0_ap_fixed_16_6_5_3_0_config2_s_fu_250) | 17  |        |             |     |        |         |
|    mul_19s_12ns_31_1_1_U27                                                                                                                    | 1   |        | mul_ln73    | mul | auto   | 0       |
|    sub_ln114_fu_267_p2                                                                                                                        |     |        | sub_ln114   | sub | fabric | 0       |
|    mul_19s_19s_32_1_1_U28                                                                                                                     | 1   |        | mul_ln115   | mul | auto   | 0       |
|    sub_ln114_1_fu_273_p2                                                                                                                      |     |        | sub_ln114_1 | sub | fabric | 0       |
|    mul_19s_19s_32_1_1_U29                                                                                                                     | 1   |        | mul_ln115_1 | mul | auto   | 0       |
|    sub_ln114_2_fu_279_p2                                                                                                                      |     |        | sub_ln114_2 | sub | fabric | 0       |
|    mul_19s_19s_32_1_1_U30                                                                                                                     | 1   |        | mul_ln115_2 | mul | auto   | 0       |
|    sub_ln114_3_fu_285_p2                                                                                                                      |     |        | sub_ln114_3 | sub | fabric | 0       |
|    mul_19s_19s_32_1_1_U31                                                                                                                     | 1   |        | mul_ln115_3 | mul | auto   | 0       |
|    sub_ln114_4_fu_291_p2                                                                                                                      |     |        | sub_ln114_4 | sub | fabric | 0       |
|    mul_19s_19s_32_1_1_U32                                                                                                                     | 1   |        | mul_ln115_4 | mul | auto   | 0       |
|    mul_19s_12ns_31_1_1_U33                                                                                                                    | 1   |        | mul_ln73_1  | mul | auto   | 0       |
|    add_ln64_fu_489_p2                                                                                                                         |     |        | add_ln64    | add | fabric | 0       |
|    sub_ln64_fu_503_p2                                                                                                                         |     |        | sub_ln64    | sub | fabric | 0       |
|    sub_ln64_1_fu_523_p2                                                                                                                       |     |        | sub_ln64_1  | sub | fabric | 0       |
|    sub_ln63_fu_573_p2                                                                                                                         |     |        | sub_ln63    | sub | fabric | 0       |
|    mul_29ns_19s_39_1_1_U22                                                                                                                    | 2   |        | mul_ln122   | mul | auto   | 0       |
|    mul_29ns_19s_39_1_1_U23                                                                                                                    | 2   |        | mul_ln122_1 | mul | auto   | 0       |
|    mul_29ns_19s_39_1_1_U24                                                                                                                    | 2   |        | mul_ln122_2 | mul | auto   | 0       |
|    mul_29ns_19s_39_1_1_U25                                                                                                                    | 2   |        | mul_ln122_3 | mul | auto   | 0       |
|    mul_29ns_19s_39_1_1_U26                                                                                                                    | 2   |        | mul_ln122_4 | mul | auto   | 0       |
|  + layernorm_1d_ap_fixed_16_6_5_3_0_ap_fixed_16_6_5_3_0_config2_s (grp_layernorm_1d_ap_fixed_16_6_5_3_0_ap_fixed_16_6_5_3_0_config2_s_fu_263) | 17  |        |             |     |        |         |
|    mul_19s_12ns_31_1_1_U27                                                                                                                    | 1   |        | mul_ln73    | mul | auto   | 0       |
|    sub_ln114_fu_267_p2                                                                                                                        |     |        | sub_ln114   | sub | fabric | 0       |
|    mul_19s_19s_32_1_1_U28                                                                                                                     | 1   |        | mul_ln115   | mul | auto   | 0       |
|    sub_ln114_1_fu_273_p2                                                                                                                      |     |        | sub_ln114_1 | sub | fabric | 0       |
|    mul_19s_19s_32_1_1_U29                                                                                                                     | 1   |        | mul_ln115_1 | mul | auto   | 0       |
|    sub_ln114_2_fu_279_p2                                                                                                                      |     |        | sub_ln114_2 | sub | fabric | 0       |
|    mul_19s_19s_32_1_1_U30                                                                                                                     | 1   |        | mul_ln115_2 | mul | auto   | 0       |
|    sub_ln114_3_fu_285_p2                                                                                                                      |     |        | sub_ln114_3 | sub | fabric | 0       |
|    mul_19s_19s_32_1_1_U31                                                                                                                     | 1   |        | mul_ln115_3 | mul | auto   | 0       |
|    sub_ln114_4_fu_291_p2                                                                                                                      |     |        | sub_ln114_4 | sub | fabric | 0       |
|    mul_19s_19s_32_1_1_U32                                                                                                                     | 1   |        | mul_ln115_4 | mul | auto   | 0       |
|    mul_19s_12ns_31_1_1_U33                                                                                                                    | 1   |        | mul_ln73_1  | mul | auto   | 0       |
|    add_ln64_fu_489_p2                                                                                                                         |     |        | add_ln64    | add | fabric | 0       |
|    sub_ln64_fu_503_p2                                                                                                                         |     |        | sub_ln64    | sub | fabric | 0       |
|    sub_ln64_1_fu_523_p2                                                                                                                       |     |        | sub_ln64_1  | sub | fabric | 0       |
|    sub_ln63_fu_573_p2                                                                                                                         |     |        | sub_ln63    | sub | fabric | 0       |
|    mul_29ns_19s_39_1_1_U22                                                                                                                    | 2   |        | mul_ln122   | mul | auto   | 0       |
|    mul_29ns_19s_39_1_1_U23                                                                                                                    | 2   |        | mul_ln122_1 | mul | auto   | 0       |
|    mul_29ns_19s_39_1_1_U24                                                                                                                    | 2   |        | mul_ln122_2 | mul | auto   | 0       |
|    mul_29ns_19s_39_1_1_U25                                                                                                                    | 2   |        | mul_ln122_3 | mul | auto   | 0       |
|    mul_29ns_19s_39_1_1_U26                                                                                                                    | 2   |        | mul_ln122_4 | mul | auto   | 0       |
|  + layernorm_1d_ap_fixed_16_6_5_3_0_ap_fixed_16_6_5_3_0_config2_s (grp_layernorm_1d_ap_fixed_16_6_5_3_0_ap_fixed_16_6_5_3_0_config2_s_fu_276) | 17  |        |             |     |        |         |
|    mul_19s_12ns_31_1_1_U27                                                                                                                    | 1   |        | mul_ln73    | mul | auto   | 0       |
|    sub_ln114_fu_267_p2                                                                                                                        |     |        | sub_ln114   | sub | fabric | 0       |
|    mul_19s_19s_32_1_1_U28                                                                                                                     | 1   |        | mul_ln115   | mul | auto   | 0       |
|    sub_ln114_1_fu_273_p2                                                                                                                      |     |        | sub_ln114_1 | sub | fabric | 0       |
|    mul_19s_19s_32_1_1_U29                                                                                                                     | 1   |        | mul_ln115_1 | mul | auto   | 0       |
|    sub_ln114_2_fu_279_p2                                                                                                                      |     |        | sub_ln114_2 | sub | fabric | 0       |
|    mul_19s_19s_32_1_1_U30                                                                                                                     | 1   |        | mul_ln115_2 | mul | auto   | 0       |
|    sub_ln114_3_fu_285_p2                                                                                                                      |     |        | sub_ln114_3 | sub | fabric | 0       |
|    mul_19s_19s_32_1_1_U31                                                                                                                     | 1   |        | mul_ln115_3 | mul | auto   | 0       |
|    sub_ln114_4_fu_291_p2                                                                                                                      |     |        | sub_ln114_4 | sub | fabric | 0       |
|    mul_19s_19s_32_1_1_U32                                                                                                                     | 1   |        | mul_ln115_4 | mul | auto   | 0       |
|    mul_19s_12ns_31_1_1_U33                                                                                                                    | 1   |        | mul_ln73_1  | mul | auto   | 0       |
|    add_ln64_fu_489_p2                                                                                                                         |     |        | add_ln64    | add | fabric | 0       |
|    sub_ln64_fu_503_p2                                                                                                                         |     |        | sub_ln64    | sub | fabric | 0       |
|    sub_ln64_1_fu_523_p2                                                                                                                       |     |        | sub_ln64_1  | sub | fabric | 0       |
|    sub_ln63_fu_573_p2                                                                                                                         |     |        | sub_ln63    | sub | fabric | 0       |
|    mul_29ns_19s_39_1_1_U22                                                                                                                    | 2   |        | mul_ln122   | mul | auto   | 0       |
|    mul_29ns_19s_39_1_1_U23                                                                                                                    | 2   |        | mul_ln122_1 | mul | auto   | 0       |
|    mul_29ns_19s_39_1_1_U24                                                                                                                    | 2   |        | mul_ln122_2 | mul | auto   | 0       |
|    mul_29ns_19s_39_1_1_U25                                                                                                                    | 2   |        | mul_ln122_3 | mul | auto   | 0       |
|    mul_29ns_19s_39_1_1_U26                                                                                                                    | 2   |        | mul_ln122_4 | mul | auto   | 0       |
|  + layernorm_1d_ap_fixed_16_6_5_3_0_ap_fixed_16_6_5_3_0_config2_s (grp_layernorm_1d_ap_fixed_16_6_5_3_0_ap_fixed_16_6_5_3_0_config2_s_fu_289) | 17  |        |             |     |        |         |
|    mul_19s_12ns_31_1_1_U27                                                                                                                    | 1   |        | mul_ln73    | mul | auto   | 0       |
|    sub_ln114_fu_267_p2                                                                                                                        |     |        | sub_ln114   | sub | fabric | 0       |
|    mul_19s_19s_32_1_1_U28                                                                                                                     | 1   |        | mul_ln115   | mul | auto   | 0       |
|    sub_ln114_1_fu_273_p2                                                                                                                      |     |        | sub_ln114_1 | sub | fabric | 0       |
|    mul_19s_19s_32_1_1_U29                                                                                                                     | 1   |        | mul_ln115_1 | mul | auto   | 0       |
|    sub_ln114_2_fu_279_p2                                                                                                                      |     |        | sub_ln114_2 | sub | fabric | 0       |
|    mul_19s_19s_32_1_1_U30                                                                                                                     | 1   |        | mul_ln115_2 | mul | auto   | 0       |
|    sub_ln114_3_fu_285_p2                                                                                                                      |     |        | sub_ln114_3 | sub | fabric | 0       |
|    mul_19s_19s_32_1_1_U31                                                                                                                     | 1   |        | mul_ln115_3 | mul | auto   | 0       |
|    sub_ln114_4_fu_291_p2                                                                                                                      |     |        | sub_ln114_4 | sub | fabric | 0       |
|    mul_19s_19s_32_1_1_U32                                                                                                                     | 1   |        | mul_ln115_4 | mul | auto   | 0       |
|    mul_19s_12ns_31_1_1_U33                                                                                                                    | 1   |        | mul_ln73_1  | mul | auto   | 0       |
|    add_ln64_fu_489_p2                                                                                                                         |     |        | add_ln64    | add | fabric | 0       |
|    sub_ln64_fu_503_p2                                                                                                                         |     |        | sub_ln64    | sub | fabric | 0       |
|    sub_ln64_1_fu_523_p2                                                                                                                       |     |        | sub_ln64_1  | sub | fabric | 0       |
|    sub_ln63_fu_573_p2                                                                                                                         |     |        | sub_ln63    | sub | fabric | 0       |
|    mul_29ns_19s_39_1_1_U22                                                                                                                    | 2   |        | mul_ln122   | mul | auto   | 0       |
|    mul_29ns_19s_39_1_1_U23                                                                                                                    | 2   |        | mul_ln122_1 | mul | auto   | 0       |
|    mul_29ns_19s_39_1_1_U24                                                                                                                    | 2   |        | mul_ln122_2 | mul | auto   | 0       |
|    mul_29ns_19s_39_1_1_U25                                                                                                                    | 2   |        | mul_ln122_3 | mul | auto   | 0       |
|    mul_29ns_19s_39_1_1_U26                                                                                                                    | 2   |        | mul_ln122_4 | mul | auto   | 0       |
+-----------------------------------------------------------------------------------------------------------------------------------------------+-----+--------+-------------+-----+--------+---------+


================================================================
== Storage Report
================================================================
+-----------------------------------------------------------------------------------------------------------------------------------------------+--------+------+------+------+--------+------------------+------+---------+------------------+
| Name                                                                                                                                          | Usage  | Type | BRAM | URAM | Pragma | Variable         | Impl | Latency | Bitwidth, Depth, |
|                                                                                                                                               |        |      |      |      |        |                  |      |         | Banks            |
+-----------------------------------------------------------------------------------------------------------------------------------------------+--------+------+------+------+--------+------------------+------+---------+------------------+
| + myproject                                                                                                                                   |        |      | 16   | 0    |        |                  |      |         |                  |
|  + layernorm_1d_ap_fixed_16_6_5_3_0_ap_fixed_16_6_5_3_0_config2_s (grp_layernorm_1d_ap_fixed_16_6_5_3_0_ap_fixed_16_6_5_3_0_config2_s_fu_250) |        |      | 4    | 0    |        |                  |      |         |                  |
|    index_table_U                                                                                                                              | rom_1p |      | 2    |      |        | index_table      | auto | 1       | 21, 1024, 1      |
|    invert_sqr_table_U                                                                                                                         | rom_1p |      | 2    |      |        | invert_sqr_table | auto | 1       | 29, 1024, 1      |
|  + layernorm_1d_ap_fixed_16_6_5_3_0_ap_fixed_16_6_5_3_0_config2_s (grp_layernorm_1d_ap_fixed_16_6_5_3_0_ap_fixed_16_6_5_3_0_config2_s_fu_263) |        |      | 4    | 0    |        |                  |      |         |                  |
|    index_table_U                                                                                                                              | rom_1p |      | 2    |      |        | index_table      | auto | 1       | 21, 1024, 1      |
|    invert_sqr_table_U                                                                                                                         | rom_1p |      | 2    |      |        | invert_sqr_table | auto | 1       | 29, 1024, 1      |
|  + layernorm_1d_ap_fixed_16_6_5_3_0_ap_fixed_16_6_5_3_0_config2_s (grp_layernorm_1d_ap_fixed_16_6_5_3_0_ap_fixed_16_6_5_3_0_config2_s_fu_276) |        |      | 4    | 0    |        |                  |      |         |                  |
|    index_table_U                                                                                                                              | rom_1p |      | 2    |      |        | index_table      | auto | 1       | 21, 1024, 1      |
|    invert_sqr_table_U                                                                                                                         | rom_1p |      | 2    |      |        | invert_sqr_table | auto | 1       | 29, 1024, 1      |
|  + layernorm_1d_ap_fixed_16_6_5_3_0_ap_fixed_16_6_5_3_0_config2_s (grp_layernorm_1d_ap_fixed_16_6_5_3_0_ap_fixed_16_6_5_3_0_config2_s_fu_289) |        |      | 4    | 0    |        |                  |      |         |                  |
|    index_table_U                                                                                                                              | rom_1p |      | 2    |      |        | index_table      | auto | 1       | 21, 1024, 1      |
|    invert_sqr_table_U                                                                                                                         | rom_1p |      | 2    |      |        | invert_sqr_table | auto | 1       | 29, 1024, 1      |
+-----------------------------------------------------------------------------------------------------------------------------------------------+--------+------+------+------+--------+------------------+------+---------+------------------+


================================================================
== Pragma Report
================================================================
* Valid Pragma Syntax
+----------------------+----------------------------------------------------------+-----------------------------------------------------------------------------------------------+
| Type                 | Options                                                  | Location                                                                                      |
+----------------------+----------------------------------------------------------+-----------------------------------------------------------------------------------------------+
| array_reshape        | variable=input_1 complete dim=0                          | firmware/myproject.cpp:13 in myproject, input_1                                               |
| array_partition      | variable=layer2_out complete dim=0                       | firmware/myproject.cpp:14 in myproject, layer2_out                                            |
| interface            | ap_vld port=input_1,layer2_out                           | firmware/myproject.cpp:15 in myproject, input_1,layer2_out                                    |
| pipeline             |                                                          | firmware/myproject.cpp:16 in myproject                                                        |
| array_partition      | variable=layer3_out complete dim=0                       | firmware/myproject.cpp:33 in myproject, layer3_out                                            |
| array_partition      | variable=layer4_out complete dim=0                       | firmware/myproject.cpp:37 in myproject, layer4_out                                            |
| pipeline             |                                                          | firmware/nnet_utils/nnet_array.h:17 in transpose_2d                                           |
| inline               |                                                          | firmware/nnet_utils/nnet_dense.h:40 in dense                                                  |
| function_instantiate | variable=weights,biases                                  | firmware/nnet_utils/nnet_dense_latency.h:21 in dense_latency, weights,biases                  |
| pipeline             | II=CONFIG_T::reuse_factor                                | firmware/nnet_utils/nnet_dense_latency.h:26 in dense_latency                                  |
| array_partition      | variable=biases complete                                 | firmware/nnet_utils/nnet_dense_latency.h:29 in dense_latency, biases                          |
| array_partition      | variable=mult complete                                   | firmware/nnet_utils/nnet_dense_latency.h:30 in dense_latency, mult                            |
| array_partition      | variable=acc complete                                    | firmware/nnet_utils/nnet_dense_latency.h:31 in dense_latency, acc                             |
| allocation           | operation instances=mul limit=CONFIG_T::multiplier_limit | firmware/nnet_utils/nnet_dense_latency.h:33 in dense_latency                                  |
| function_instantiate | variable=weights,biases                                  | firmware/nnet_utils/nnet_dense_resource.h:28 in dense_resource_rf_leq_nin, weights,biases     |
| array_reshape        | variable=weights block factor=block_factor               | firmware/nnet_utils/nnet_dense_resource.h:30 in dense_resource_rf_leq_nin, weights            |
| array_partition      | variable=biases complete                                 | firmware/nnet_utils/nnet_dense_resource.h:31 in dense_resource_rf_leq_nin, biases             |
| array_partition      | variable=acc complete                                    | firmware/nnet_utils/nnet_dense_resource.h:34 in dense_resource_rf_leq_nin, acc                |
| unroll               |                                                          | firmware/nnet_utils/nnet_dense_resource.h:38 in dense_resource_rf_leq_nin                     |
| pipeline             | II=1 rewind                                              | firmware/nnet_utils/nnet_dense_resource.h:44 in dense_resource_rf_leq_nin                     |
| unroll               |                                                          | firmware/nnet_utils/nnet_dense_resource.h:53 in dense_resource_rf_leq_nin                     |
| unroll               |                                                          | firmware/nnet_utils/nnet_dense_resource.h:78 in dense_resource_rf_leq_nin                     |
| function_instantiate | variable=weights,biases                                  | firmware/nnet_utils/nnet_dense_resource.h:99 in dense_resource_rf_gt_nin_rem0, weights,biases |
| array_reshape        | variable=weights block factor=block_factor               | firmware/nnet_utils/nnet_dense_resource.h:101 in dense_resource_rf_gt_nin_rem0, weights       |
| array_partition      | variable=biases complete                                 | firmware/nnet_utils/nnet_dense_resource.h:102 in dense_resource_rf_gt_nin_rem0, biases        |
| array_partition      | variable=acc complete                                    | firmware/nnet_utils/nnet_dense_resource.h:105 in dense_resource_rf_gt_nin_rem0, acc           |
| unroll               |                                                          | firmware/nnet_utils/nnet_dense_resource.h:109 in dense_resource_rf_gt_nin_rem0                |
| pipeline             | II=1 rewind                                              | firmware/nnet_utils/nnet_dense_resource.h:130 in dense_resource_rf_gt_nin_rem0                |
| unroll               |                                                          | firmware/nnet_utils/nnet_dense_resource.h:137 in dense_resource_rf_gt_nin_rem0                |
| unroll               |                                                          | firmware/nnet_utils/nnet_dense_resource.h:157 in dense_resource_rf_gt_nin_rem0                |
| function_instantiate | variable=weights,biases                                  | firmware/nnet_utils/nnet_dense_resource.h:178 in dense_resource_rf_gt_nin, weights,biases     |
| array_reshape        | variable=weights block factor=block_factor               | firmware/nnet_utils/nnet_dense_resource.h:180 in dense_resource_rf_gt_nin, weights            |
| array_partition      | variable=biases complete                                 | firmware/nnet_utils/nnet_dense_resource.h:181 in dense_resource_rf_gt_nin, biases             |
| array_partition      | variable=acc complete                                    | firmware/nnet_utils/nnet_dense_resource.h:184 in dense_resource_rf_gt_nin, acc                |
| unroll               |                                                          | firmware/nnet_utils/nnet_dense_resource.h:188 in dense_resource_rf_gt_nin                     |
| pipeline             | II=1 rewind                                              | firmware/nnet_utils/nnet_dense_resource.h:194 in dense_resource_rf_gt_nin                     |
| array_partition      | variable=tmpmult complete                                | firmware/nnet_utils/nnet_dense_resource.h:196 in dense_resource_rf_gt_nin, tmpmult            |
| unroll               |                                                          | firmware/nnet_utils/nnet_dense_resource.h:200 in dense_resource_rf_gt_nin                     |
| array_partition      | variable=mult complete                                   | firmware/nnet_utils/nnet_dense_resource.h:210 in dense_resource_rf_gt_nin, mult               |
| unroll               |                                                          | firmware/nnet_utils/nnet_dense_resource.h:214 in dense_resource_rf_gt_nin                     |
| unroll               |                                                          | firmware/nnet_utils/nnet_dense_resource.h:220 in dense_resource_rf_gt_nin                     |
| unroll               |                                                          | firmware/nnet_utils/nnet_dense_resource.h:230 in dense_resource_rf_gt_nin                     |
| unroll               |                                                          | firmware/nnet_utils/nnet_dense_resource.h:240 in dense_resource_rf_gt_nin                     |
| inline               | recursive                                                | firmware/nnet_utils/nnet_dense_resource.h:250 in dense_resource                               |
| inline               |                                                          | firmware/nnet_utils/nnet_dense_seq.h:16 in dense_seq                                          |
| array_partition      | variable=in_val complete                                 | firmware/nnet_utils/nnet_dense_seq.h:19 in dense_seq, in_val                                  |
| pipeline             | II=CONFIG_T::reuse_factor                                | firmware/nnet_utils/nnet_dense_seq.h:23 in dense_seq                                          |
| unroll               |                                                          | firmware/nnet_utils/nnet_dense_seq.h:25 in dense_seq                                          |
| pipeline             | II=CONFIG_T::reuse_factor                                | firmware/nnet_utils/nnet_dense_seq.h:32 in dense_seq                                          |
| unroll               |                                                          | firmware/nnet_utils/nnet_dense_seq.h:34 in dense_seq                                          |
| pipeline             | II=CONFIG_T::reuse_factor                                | firmware/nnet_utils/nnet_layernorm.h:79 in layernorm_1d                                       |
| array_partition      | variable=data complete                                   | firmware/nnet_utils/nnet_layernorm.h:80 in layernorm_1d, data                                 |
| array_partition      | variable=res complete                                    | firmware/nnet_utils/nnet_layernorm.h:81 in layernorm_1d, res                                  |
| array_partition      | variable=data_diff complete                              | firmware/nnet_utils/nnet_layernorm.h:105 in layernorm_1d, data_diff                           |
| function_instantiate | variable=scale,bias                                      | firmware/nnet_utils/nnet_layernorm.h:134 in layernormalize, scale,bias                        |
| array_partition      | variable=scale complete                                  | firmware/nnet_utils/nnet_layernorm.h:136 in layernormalize, scale                             |
| array_partition      | variable=bias complete                                   | firmware/nnet_utils/nnet_layernorm.h:137 in layernormalize, bias                              |
| array_partition      | variable=in_val complete                                 | firmware/nnet_utils/nnet_layernorm.h:138 in layernormalize, in_val                            |
| array_partition      | variable=outval complete                                 | firmware/nnet_utils/nnet_layernorm.h:139 in layernormalize, outval                            |
| pipeline             |                                                          | firmware/nnet_utils/nnet_layernorm.h:142 in layernormalize                                    |
| unroll               |                                                          | firmware/nnet_utils/nnet_layernorm.h:145 in layernormalize                                    |
| unroll               |                                                          | firmware/nnet_utils/nnet_layernorm.h:151 in layernormalize                                    |
| inline               |                                                          | firmware/nnet_utils/nnet_mult.h:25 in product                                                 |
| inline               |                                                          | firmware/nnet_utils/nnet_mult.h:34 in product                                                 |
| inline               |                                                          | firmware/nnet_utils/nnet_mult.h:46 in product                                                 |
| inline               |                                                          | firmware/nnet_utils/nnet_mult.h:58 in product                                                 |
| inline               |                                                          | firmware/nnet_utils/nnet_mult.h:72 in product                                                 |
| inline               |                                                          | firmware/nnet_utils/nnet_mult.h:82 in product                                                 |
| pipeline             |                                                          | firmware/nnet_utils/nnet_stream.h:23 in clone_stream                                          |
| unroll               |                                                          | firmware/nnet_utils/nnet_stream.h:33 in clone_stream                                          |
| pipeline             |                                                          | firmware/nnet_utils/nnet_stream.h:47 in clone_stream                                          |
| unroll               |                                                          | firmware/nnet_utils/nnet_stream.h:59 in clone_stream                                          |
| pipeline             |                                                          | firmware/nnet_utils/nnet_stream.h:74 in repack_stream                                         |
| unroll               |                                                          | firmware/nnet_utils/nnet_stream.h:81 in repack_stream                                         |
| pipeline             |                                                          | firmware/nnet_utils/nnet_stream.h:91 in repack_stream                                         |
| pipeline             |                                                          | firmware/nnet_utils/nnet_stream.h:99 in repack_stream                                         |
| unroll               |                                                          | firmware/nnet_utils/nnet_stream.h:103 in repack_stream                                        |
| pipeline             |                                                          | firmware/nnet_utils/nnet_stream.h:114 in repack_stream                                        |
| unroll               |                                                          | firmware/nnet_utils/nnet_stream.h:118 in repack_stream                                        |
| pipeline             |                                                          | firmware/nnet_utils/nnet_stream.h:139 in broadcast_stream_1x1xc                               |
| pipeline             |                                                          | firmware/nnet_utils/nnet_stream.h:142 in broadcast_stream_1x1xc                               |
| unroll               |                                                          | firmware/nnet_utils/nnet_stream.h:146 in broadcast_stream_1x1xc                               |
| pipeline             |                                                          | firmware/nnet_utils/nnet_stream.h:160 in broadcast_stream_hxwx1                               |
| unroll               |                                                          | firmware/nnet_utils/nnet_stream.h:165 in broadcast_stream_hxwx1                               |
| array_partition      | variable=data_array complete                             | firmware/nnet_utils/nnet_stream.h:185 in transpose_2d, data_array                             |
| pipeline             |                                                          | firmware/nnet_utils/nnet_stream.h:188 in transpose_2d                                         |
| pipeline             |                                                          | firmware/nnet_utils/nnet_stream.h:196 in transpose_2d                                         |
| unroll               |                                                          | firmware/nnet_utils/nnet_types.h:28 in operator=                                              |
+----------------------+----------------------------------------------------------+-----------------------------------------------------------------------------------------------+


