

================================================================
== Vitis HLS Report for 'layernormalize_ap_fixed_16_6_5_3_0_ap_fixed_33_13_5_3_0_config2_s'
================================================================
* Date:           Tue Mar 11 17:47:47 2025

* Version:        2023.2 (Build 4023990 on Oct 11 2023)
* Project:        myproject_prj
* Solution:       solution1 (Vivado IP Flow Target)
* Product family: virtexuplus
* Target device:  xcvu13p-flga2577-2-e


================================================================
== Performance Estimates
================================================================
+ Timing: 
    * Summary: 
    +--------+---------+----------+------------+
    |  Clock |  Target | Estimated| Uncertainty|
    +--------+---------+----------+------------+
    |ap_clk  |  5.00 ns|  4.252 ns|     0.62 ns|
    +--------+---------+----------+------------+

+ Latency: 
    * Summary: 
    +---------+---------+-----------+-----------+-----+-----+---------+
    |  Latency (cycles) |   Latency (absolute)  |  Interval | Pipeline|
    |   min   |   max   |    min    |    max    | min | max |   Type  |
    +---------+---------+-----------+-----------+-----+-----+---------+
    |        8|        8|  40.000 ns|  40.000 ns|    1|    1|      yes|
    +---------+---------+-----------+-----------+-----+-----+---------+

    + Detail: 
        * Instance: 
        +----------------------------------------------------------------------------+-----------------------------------------------------------------+---------+---------+-----------+-----------+-----+-----+---------+
        |                                                                            |                                                                 |  Latency (cycles) |   Latency (absolute)  |  Interval | Pipeline|
        |                                  Instance                                  |                              Module                             |   min   |   max   |    min    |    max    | min | max |   Type  |
        +----------------------------------------------------------------------------+-----------------------------------------------------------------+---------+---------+-----------+-----------+-----+-----+---------+
        |grp_layernorm_1d_ap_fixed_16_6_5_3_0_ap_fixed_33_13_5_3_0_config2_s_fu_334  |layernorm_1d_ap_fixed_16_6_5_3_0_ap_fixed_33_13_5_3_0_config2_s  |        8|        8|  40.000 ns|  40.000 ns|    1|    1|      yes|
        |grp_layernorm_1d_ap_fixed_16_6_5_3_0_ap_fixed_33_13_5_3_0_config2_s_fu_348  |layernorm_1d_ap_fixed_16_6_5_3_0_ap_fixed_33_13_5_3_0_config2_s  |        8|        8|  40.000 ns|  40.000 ns|    1|    1|      yes|
        |grp_layernorm_1d_ap_fixed_16_6_5_3_0_ap_fixed_33_13_5_3_0_config2_s_fu_362  |layernorm_1d_ap_fixed_16_6_5_3_0_ap_fixed_33_13_5_3_0_config2_s  |        8|        8|  40.000 ns|  40.000 ns|    1|    1|      yes|
        |grp_layernorm_1d_ap_fixed_16_6_5_3_0_ap_fixed_33_13_5_3_0_config2_s_fu_376  |layernorm_1d_ap_fixed_16_6_5_3_0_ap_fixed_33_13_5_3_0_config2_s  |        8|        8|  40.000 ns|  40.000 ns|    1|    1|      yes|
        |grp_layernorm_1d_ap_fixed_16_6_5_3_0_ap_fixed_33_13_5_3_0_config2_s_fu_390  |layernorm_1d_ap_fixed_16_6_5_3_0_ap_fixed_33_13_5_3_0_config2_s  |        8|        8|  40.000 ns|  40.000 ns|    1|    1|      yes|
        |grp_layernorm_1d_ap_fixed_16_6_5_3_0_ap_fixed_33_13_5_3_0_config2_s_fu_404  |layernorm_1d_ap_fixed_16_6_5_3_0_ap_fixed_33_13_5_3_0_config2_s  |        8|        8|  40.000 ns|  40.000 ns|    1|    1|      yes|
        |grp_layernorm_1d_ap_fixed_16_6_5_3_0_ap_fixed_33_13_5_3_0_config2_s_fu_418  |layernorm_1d_ap_fixed_16_6_5_3_0_ap_fixed_33_13_5_3_0_config2_s  |        8|        8|  40.000 ns|  40.000 ns|    1|    1|      yes|
        |grp_layernorm_1d_ap_fixed_16_6_5_3_0_ap_fixed_33_13_5_3_0_config2_s_fu_432  |layernorm_1d_ap_fixed_16_6_5_3_0_ap_fixed_33_13_5_3_0_config2_s  |        8|        8|  40.000 ns|  40.000 ns|    1|    1|      yes|
        |grp_layernorm_1d_ap_fixed_16_6_5_3_0_ap_fixed_33_13_5_3_0_config2_s_fu_446  |layernorm_1d_ap_fixed_16_6_5_3_0_ap_fixed_33_13_5_3_0_config2_s  |        8|        8|  40.000 ns|  40.000 ns|    1|    1|      yes|
        |grp_layernorm_1d_ap_fixed_16_6_5_3_0_ap_fixed_33_13_5_3_0_config2_s_fu_460  |layernorm_1d_ap_fixed_16_6_5_3_0_ap_fixed_33_13_5_3_0_config2_s  |        8|        8|  40.000 ns|  40.000 ns|    1|    1|      yes|
        +----------------------------------------------------------------------------+-----------------------------------------------------------------+---------+---------+-----------+-----------+-----+-----+---------+

        * Loop: 
        N/A



================================================================
== Utilization Estimates
================================================================
* Summary: 
+---------------------+---------+-------+---------+---------+------+
|         Name        | BRAM_18K|  DSP  |    FF   |   LUT   | URAM |
+---------------------+---------+-------+---------+---------+------+
|DSP                  |        -|      -|        -|        -|     -|
|Expression           |        -|      -|        0|        2|     -|
|FIFO                 |        -|      -|        -|        -|     -|
|Instance             |       20|    230|    12220|    35160|     -|
|Memory               |        -|      -|        -|        -|     -|
|Multiplexer          |        -|      -|        -|        -|     -|
|Register             |        -|      -|        9|        -|     -|
+---------------------+---------+-------+---------+---------+------+
|Total                |       20|    230|    12229|    35162|     0|
+---------------------+---------+-------+---------+---------+------+
|Available SLR        |     1344|   3072|   864000|   432000|   320|
+---------------------+---------+-------+---------+---------+------+
|Utilization SLR (%)  |        1|      7|        1|        8|     0|
+---------------------+---------+-------+---------+---------+------+
|Available            |     5376|  12288|  3456000|  1728000|  1280|
+---------------------+---------+-------+---------+---------+------+
|Utilization (%)      |       ~0|      1|       ~0|        2|     0|
+---------------------+---------+-------+---------+---------+------+

+ Detail: 
    * Instance: 
    +----------------------------------------------------------------------------+-----------------------------------------------------------------+---------+----+------+------+-----+
    |                                  Instance                                  |                              Module                             | BRAM_18K| DSP|  FF  |  LUT | URAM|
    +----------------------------------------------------------------------------+-----------------------------------------------------------------+---------+----+------+------+-----+
    |grp_layernorm_1d_ap_fixed_16_6_5_3_0_ap_fixed_33_13_5_3_0_config2_s_fu_334  |layernorm_1d_ap_fixed_16_6_5_3_0_ap_fixed_33_13_5_3_0_config2_s  |        2|  23|  1222|  3516|    0|
    |grp_layernorm_1d_ap_fixed_16_6_5_3_0_ap_fixed_33_13_5_3_0_config2_s_fu_348  |layernorm_1d_ap_fixed_16_6_5_3_0_ap_fixed_33_13_5_3_0_config2_s  |        2|  23|  1222|  3516|    0|
    |grp_layernorm_1d_ap_fixed_16_6_5_3_0_ap_fixed_33_13_5_3_0_config2_s_fu_362  |layernorm_1d_ap_fixed_16_6_5_3_0_ap_fixed_33_13_5_3_0_config2_s  |        2|  23|  1222|  3516|    0|
    |grp_layernorm_1d_ap_fixed_16_6_5_3_0_ap_fixed_33_13_5_3_0_config2_s_fu_376  |layernorm_1d_ap_fixed_16_6_5_3_0_ap_fixed_33_13_5_3_0_config2_s  |        2|  23|  1222|  3516|    0|
    |grp_layernorm_1d_ap_fixed_16_6_5_3_0_ap_fixed_33_13_5_3_0_config2_s_fu_390  |layernorm_1d_ap_fixed_16_6_5_3_0_ap_fixed_33_13_5_3_0_config2_s  |        2|  23|  1222|  3516|    0|
    |grp_layernorm_1d_ap_fixed_16_6_5_3_0_ap_fixed_33_13_5_3_0_config2_s_fu_404  |layernorm_1d_ap_fixed_16_6_5_3_0_ap_fixed_33_13_5_3_0_config2_s  |        2|  23|  1222|  3516|    0|
    |grp_layernorm_1d_ap_fixed_16_6_5_3_0_ap_fixed_33_13_5_3_0_config2_s_fu_418  |layernorm_1d_ap_fixed_16_6_5_3_0_ap_fixed_33_13_5_3_0_config2_s  |        2|  23|  1222|  3516|    0|
    |grp_layernorm_1d_ap_fixed_16_6_5_3_0_ap_fixed_33_13_5_3_0_config2_s_fu_432  |layernorm_1d_ap_fixed_16_6_5_3_0_ap_fixed_33_13_5_3_0_config2_s  |        2|  23|  1222|  3516|    0|
    |grp_layernorm_1d_ap_fixed_16_6_5_3_0_ap_fixed_33_13_5_3_0_config2_s_fu_446  |layernorm_1d_ap_fixed_16_6_5_3_0_ap_fixed_33_13_5_3_0_config2_s  |        2|  23|  1222|  3516|    0|
    |grp_layernorm_1d_ap_fixed_16_6_5_3_0_ap_fixed_33_13_5_3_0_config2_s_fu_460  |layernorm_1d_ap_fixed_16_6_5_3_0_ap_fixed_33_13_5_3_0_config2_s  |        2|  23|  1222|  3516|    0|
    +----------------------------------------------------------------------------+-----------------------------------------------------------------+---------+----+------+------+-----+
    |Total                                                                       |                                                                 |       20| 230| 12220| 35160|    0|
    +----------------------------------------------------------------------------+-----------------------------------------------------------------+---------+----+------+------+-----+

    * DSP: 
    N/A

    * Memory: 
    N/A

    * FIFO: 
    N/A

    * Expression: 
    +---------------+----------+----+---+----+------------+------------+
    | Variable Name | Operation| DSP| FF| LUT| Bitwidth P0| Bitwidth P1|
    +---------------+----------+----+---+----+------------+------------+
    |ap_enable_pp0  |       xor|   0|  0|   2|           1|           2|
    +---------------+----------+----+---+----+------------+------------+
    |Total          |          |   0|  0|   2|           1|           2|
    +---------------+----------+----+---+----+------------+------------+

    * Multiplexer: 
    N/A

    * Register: 
    +-------------------------+---+----+-----+-----------+
    |           Name          | FF| LUT| Bits| Const Bits|
    +-------------------------+---+----+-----+-----------+
    |ap_CS_fsm                |  1|   0|    1|          0|
    |ap_enable_reg_pp0_iter1  |  1|   0|    1|          0|
    |ap_enable_reg_pp0_iter2  |  1|   0|    1|          0|
    |ap_enable_reg_pp0_iter3  |  1|   0|    1|          0|
    |ap_enable_reg_pp0_iter4  |  1|   0|    1|          0|
    |ap_enable_reg_pp0_iter5  |  1|   0|    1|          0|
    |ap_enable_reg_pp0_iter6  |  1|   0|    1|          0|
    |ap_enable_reg_pp0_iter7  |  1|   0|    1|          0|
    |ap_enable_reg_pp0_iter8  |  1|   0|    1|          0|
    +-------------------------+---+----+-----+-----------+
    |Total                    |  9|   0|    9|          0|
    +-------------------------+---+----+-----+-----------+



================================================================
== Interface
================================================================
* Summary: 
+--------------+-----+------+------------+------------------------------------------------------------------------------+--------------+
|   RTL Ports  | Dir | Bits |  Protocol  |                                 Source Object                                |    C Type    |
+--------------+-----+------+------------+------------------------------------------------------------------------------+--------------+
|ap_clk        |   in|     1|  ap_ctrl_hs|  layernormalize<ap_fixed<16, 6, 5, 3, 0>, ap_fixed<33, 13, 5, 3, 0>, config2>|  return value|
|ap_rst        |   in|     1|  ap_ctrl_hs|  layernormalize<ap_fixed<16, 6, 5, 3, 0>, ap_fixed<33, 13, 5, 3, 0>, config2>|  return value|
|ap_start      |   in|     1|  ap_ctrl_hs|  layernormalize<ap_fixed<16, 6, 5, 3, 0>, ap_fixed<33, 13, 5, 3, 0>, config2>|  return value|
|ap_done       |  out|     1|  ap_ctrl_hs|  layernormalize<ap_fixed<16, 6, 5, 3, 0>, ap_fixed<33, 13, 5, 3, 0>, config2>|  return value|
|ap_idle       |  out|     1|  ap_ctrl_hs|  layernormalize<ap_fixed<16, 6, 5, 3, 0>, ap_fixed<33, 13, 5, 3, 0>, config2>|  return value|
|ap_ready      |  out|     1|  ap_ctrl_hs|  layernormalize<ap_fixed<16, 6, 5, 3, 0>, ap_fixed<33, 13, 5, 3, 0>, config2>|  return value|
|ap_ce         |   in|     1|  ap_ctrl_hs|  layernormalize<ap_fixed<16, 6, 5, 3, 0>, ap_fixed<33, 13, 5, 3, 0>, config2>|  return value|
|ap_return_0   |  out|    33|  ap_ctrl_hs|  layernormalize<ap_fixed<16, 6, 5, 3, 0>, ap_fixed<33, 13, 5, 3, 0>, config2>|  return value|
|ap_return_1   |  out|    33|  ap_ctrl_hs|  layernormalize<ap_fixed<16, 6, 5, 3, 0>, ap_fixed<33, 13, 5, 3, 0>, config2>|  return value|
|ap_return_2   |  out|    33|  ap_ctrl_hs|  layernormalize<ap_fixed<16, 6, 5, 3, 0>, ap_fixed<33, 13, 5, 3, 0>, config2>|  return value|
|ap_return_3   |  out|    33|  ap_ctrl_hs|  layernormalize<ap_fixed<16, 6, 5, 3, 0>, ap_fixed<33, 13, 5, 3, 0>, config2>|  return value|
|ap_return_4   |  out|    33|  ap_ctrl_hs|  layernormalize<ap_fixed<16, 6, 5, 3, 0>, ap_fixed<33, 13, 5, 3, 0>, config2>|  return value|
|ap_return_5   |  out|    33|  ap_ctrl_hs|  layernormalize<ap_fixed<16, 6, 5, 3, 0>, ap_fixed<33, 13, 5, 3, 0>, config2>|  return value|
|ap_return_6   |  out|    33|  ap_ctrl_hs|  layernormalize<ap_fixed<16, 6, 5, 3, 0>, ap_fixed<33, 13, 5, 3, 0>, config2>|  return value|
|ap_return_7   |  out|    33|  ap_ctrl_hs|  layernormalize<ap_fixed<16, 6, 5, 3, 0>, ap_fixed<33, 13, 5, 3, 0>, config2>|  return value|
|ap_return_8   |  out|    33|  ap_ctrl_hs|  layernormalize<ap_fixed<16, 6, 5, 3, 0>, ap_fixed<33, 13, 5, 3, 0>, config2>|  return value|
|ap_return_9   |  out|    33|  ap_ctrl_hs|  layernormalize<ap_fixed<16, 6, 5, 3, 0>, ap_fixed<33, 13, 5, 3, 0>, config2>|  return value|
|ap_return_10  |  out|    33|  ap_ctrl_hs|  layernormalize<ap_fixed<16, 6, 5, 3, 0>, ap_fixed<33, 13, 5, 3, 0>, config2>|  return value|
|ap_return_11  |  out|    33|  ap_ctrl_hs|  layernormalize<ap_fixed<16, 6, 5, 3, 0>, ap_fixed<33, 13, 5, 3, 0>, config2>|  return value|
|ap_return_12  |  out|    33|  ap_ctrl_hs|  layernormalize<ap_fixed<16, 6, 5, 3, 0>, ap_fixed<33, 13, 5, 3, 0>, config2>|  return value|
|ap_return_13  |  out|    33|  ap_ctrl_hs|  layernormalize<ap_fixed<16, 6, 5, 3, 0>, ap_fixed<33, 13, 5, 3, 0>, config2>|  return value|
|ap_return_14  |  out|    33|  ap_ctrl_hs|  layernormalize<ap_fixed<16, 6, 5, 3, 0>, ap_fixed<33, 13, 5, 3, 0>, config2>|  return value|
|ap_return_15  |  out|    33|  ap_ctrl_hs|  layernormalize<ap_fixed<16, 6, 5, 3, 0>, ap_fixed<33, 13, 5, 3, 0>, config2>|  return value|
|ap_return_16  |  out|    33|  ap_ctrl_hs|  layernormalize<ap_fixed<16, 6, 5, 3, 0>, ap_fixed<33, 13, 5, 3, 0>, config2>|  return value|
|ap_return_17  |  out|    33|  ap_ctrl_hs|  layernormalize<ap_fixed<16, 6, 5, 3, 0>, ap_fixed<33, 13, 5, 3, 0>, config2>|  return value|
|ap_return_18  |  out|    33|  ap_ctrl_hs|  layernormalize<ap_fixed<16, 6, 5, 3, 0>, ap_fixed<33, 13, 5, 3, 0>, config2>|  return value|
|ap_return_19  |  out|    33|  ap_ctrl_hs|  layernormalize<ap_fixed<16, 6, 5, 3, 0>, ap_fixed<33, 13, 5, 3, 0>, config2>|  return value|
|ap_return_20  |  out|    33|  ap_ctrl_hs|  layernormalize<ap_fixed<16, 6, 5, 3, 0>, ap_fixed<33, 13, 5, 3, 0>, config2>|  return value|
|ap_return_21  |  out|    33|  ap_ctrl_hs|  layernormalize<ap_fixed<16, 6, 5, 3, 0>, ap_fixed<33, 13, 5, 3, 0>, config2>|  return value|
|ap_return_22  |  out|    33|  ap_ctrl_hs|  layernormalize<ap_fixed<16, 6, 5, 3, 0>, ap_fixed<33, 13, 5, 3, 0>, config2>|  return value|
|ap_return_23  |  out|    33|  ap_ctrl_hs|  layernormalize<ap_fixed<16, 6, 5, 3, 0>, ap_fixed<33, 13, 5, 3, 0>, config2>|  return value|
|ap_return_24  |  out|    33|  ap_ctrl_hs|  layernormalize<ap_fixed<16, 6, 5, 3, 0>, ap_fixed<33, 13, 5, 3, 0>, config2>|  return value|
|ap_return_25  |  out|    33|  ap_ctrl_hs|  layernormalize<ap_fixed<16, 6, 5, 3, 0>, ap_fixed<33, 13, 5, 3, 0>, config2>|  return value|
|ap_return_26  |  out|    33|  ap_ctrl_hs|  layernormalize<ap_fixed<16, 6, 5, 3, 0>, ap_fixed<33, 13, 5, 3, 0>, config2>|  return value|
|ap_return_27  |  out|    33|  ap_ctrl_hs|  layernormalize<ap_fixed<16, 6, 5, 3, 0>, ap_fixed<33, 13, 5, 3, 0>, config2>|  return value|
|ap_return_28  |  out|    33|  ap_ctrl_hs|  layernormalize<ap_fixed<16, 6, 5, 3, 0>, ap_fixed<33, 13, 5, 3, 0>, config2>|  return value|
|ap_return_29  |  out|    33|  ap_ctrl_hs|  layernormalize<ap_fixed<16, 6, 5, 3, 0>, ap_fixed<33, 13, 5, 3, 0>, config2>|  return value|
|ap_return_30  |  out|    33|  ap_ctrl_hs|  layernormalize<ap_fixed<16, 6, 5, 3, 0>, ap_fixed<33, 13, 5, 3, 0>, config2>|  return value|
|ap_return_31  |  out|    33|  ap_ctrl_hs|  layernormalize<ap_fixed<16, 6, 5, 3, 0>, ap_fixed<33, 13, 5, 3, 0>, config2>|  return value|
|ap_return_32  |  out|    33|  ap_ctrl_hs|  layernormalize<ap_fixed<16, 6, 5, 3, 0>, ap_fixed<33, 13, 5, 3, 0>, config2>|  return value|
|ap_return_33  |  out|    33|  ap_ctrl_hs|  layernormalize<ap_fixed<16, 6, 5, 3, 0>, ap_fixed<33, 13, 5, 3, 0>, config2>|  return value|
|ap_return_34  |  out|    33|  ap_ctrl_hs|  layernormalize<ap_fixed<16, 6, 5, 3, 0>, ap_fixed<33, 13, 5, 3, 0>, config2>|  return value|
|ap_return_35  |  out|    33|  ap_ctrl_hs|  layernormalize<ap_fixed<16, 6, 5, 3, 0>, ap_fixed<33, 13, 5, 3, 0>, config2>|  return value|
|ap_return_36  |  out|    33|  ap_ctrl_hs|  layernormalize<ap_fixed<16, 6, 5, 3, 0>, ap_fixed<33, 13, 5, 3, 0>, config2>|  return value|
|ap_return_37  |  out|    33|  ap_ctrl_hs|  layernormalize<ap_fixed<16, 6, 5, 3, 0>, ap_fixed<33, 13, 5, 3, 0>, config2>|  return value|
|ap_return_38  |  out|    33|  ap_ctrl_hs|  layernormalize<ap_fixed<16, 6, 5, 3, 0>, ap_fixed<33, 13, 5, 3, 0>, config2>|  return value|
|ap_return_39  |  out|    33|  ap_ctrl_hs|  layernormalize<ap_fixed<16, 6, 5, 3, 0>, ap_fixed<33, 13, 5, 3, 0>, config2>|  return value|
|ap_return_40  |  out|    33|  ap_ctrl_hs|  layernormalize<ap_fixed<16, 6, 5, 3, 0>, ap_fixed<33, 13, 5, 3, 0>, config2>|  return value|
|ap_return_41  |  out|    33|  ap_ctrl_hs|  layernormalize<ap_fixed<16, 6, 5, 3, 0>, ap_fixed<33, 13, 5, 3, 0>, config2>|  return value|
|ap_return_42  |  out|    33|  ap_ctrl_hs|  layernormalize<ap_fixed<16, 6, 5, 3, 0>, ap_fixed<33, 13, 5, 3, 0>, config2>|  return value|
|ap_return_43  |  out|    33|  ap_ctrl_hs|  layernormalize<ap_fixed<16, 6, 5, 3, 0>, ap_fixed<33, 13, 5, 3, 0>, config2>|  return value|
|ap_return_44  |  out|    33|  ap_ctrl_hs|  layernormalize<ap_fixed<16, 6, 5, 3, 0>, ap_fixed<33, 13, 5, 3, 0>, config2>|  return value|
|ap_return_45  |  out|    33|  ap_ctrl_hs|  layernormalize<ap_fixed<16, 6, 5, 3, 0>, ap_fixed<33, 13, 5, 3, 0>, config2>|  return value|
|ap_return_46  |  out|    33|  ap_ctrl_hs|  layernormalize<ap_fixed<16, 6, 5, 3, 0>, ap_fixed<33, 13, 5, 3, 0>, config2>|  return value|
|ap_return_47  |  out|    33|  ap_ctrl_hs|  layernormalize<ap_fixed<16, 6, 5, 3, 0>, ap_fixed<33, 13, 5, 3, 0>, config2>|  return value|
|ap_return_48  |  out|    33|  ap_ctrl_hs|  layernormalize<ap_fixed<16, 6, 5, 3, 0>, ap_fixed<33, 13, 5, 3, 0>, config2>|  return value|
|ap_return_49  |  out|    33|  ap_ctrl_hs|  layernormalize<ap_fixed<16, 6, 5, 3, 0>, ap_fixed<33, 13, 5, 3, 0>, config2>|  return value|
|ap_return_50  |  out|    33|  ap_ctrl_hs|  layernormalize<ap_fixed<16, 6, 5, 3, 0>, ap_fixed<33, 13, 5, 3, 0>, config2>|  return value|
|ap_return_51  |  out|    33|  ap_ctrl_hs|  layernormalize<ap_fixed<16, 6, 5, 3, 0>, ap_fixed<33, 13, 5, 3, 0>, config2>|  return value|
|ap_return_52  |  out|    33|  ap_ctrl_hs|  layernormalize<ap_fixed<16, 6, 5, 3, 0>, ap_fixed<33, 13, 5, 3, 0>, config2>|  return value|
|ap_return_53  |  out|    33|  ap_ctrl_hs|  layernormalize<ap_fixed<16, 6, 5, 3, 0>, ap_fixed<33, 13, 5, 3, 0>, config2>|  return value|
|ap_return_54  |  out|    33|  ap_ctrl_hs|  layernormalize<ap_fixed<16, 6, 5, 3, 0>, ap_fixed<33, 13, 5, 3, 0>, config2>|  return value|
|ap_return_55  |  out|    33|  ap_ctrl_hs|  layernormalize<ap_fixed<16, 6, 5, 3, 0>, ap_fixed<33, 13, 5, 3, 0>, config2>|  return value|
|ap_return_56  |  out|    33|  ap_ctrl_hs|  layernormalize<ap_fixed<16, 6, 5, 3, 0>, ap_fixed<33, 13, 5, 3, 0>, config2>|  return value|
|ap_return_57  |  out|    33|  ap_ctrl_hs|  layernormalize<ap_fixed<16, 6, 5, 3, 0>, ap_fixed<33, 13, 5, 3, 0>, config2>|  return value|
|ap_return_58  |  out|    33|  ap_ctrl_hs|  layernormalize<ap_fixed<16, 6, 5, 3, 0>, ap_fixed<33, 13, 5, 3, 0>, config2>|  return value|
|ap_return_59  |  out|    33|  ap_ctrl_hs|  layernormalize<ap_fixed<16, 6, 5, 3, 0>, ap_fixed<33, 13, 5, 3, 0>, config2>|  return value|
|ap_return_60  |  out|    33|  ap_ctrl_hs|  layernormalize<ap_fixed<16, 6, 5, 3, 0>, ap_fixed<33, 13, 5, 3, 0>, config2>|  return value|
|ap_return_61  |  out|    33|  ap_ctrl_hs|  layernormalize<ap_fixed<16, 6, 5, 3, 0>, ap_fixed<33, 13, 5, 3, 0>, config2>|  return value|
|ap_return_62  |  out|    33|  ap_ctrl_hs|  layernormalize<ap_fixed<16, 6, 5, 3, 0>, ap_fixed<33, 13, 5, 3, 0>, config2>|  return value|
|ap_return_63  |  out|    33|  ap_ctrl_hs|  layernormalize<ap_fixed<16, 6, 5, 3, 0>, ap_fixed<33, 13, 5, 3, 0>, config2>|  return value|
|ap_return_64  |  out|    33|  ap_ctrl_hs|  layernormalize<ap_fixed<16, 6, 5, 3, 0>, ap_fixed<33, 13, 5, 3, 0>, config2>|  return value|
|ap_return_65  |  out|    33|  ap_ctrl_hs|  layernormalize<ap_fixed<16, 6, 5, 3, 0>, ap_fixed<33, 13, 5, 3, 0>, config2>|  return value|
|ap_return_66  |  out|    33|  ap_ctrl_hs|  layernormalize<ap_fixed<16, 6, 5, 3, 0>, ap_fixed<33, 13, 5, 3, 0>, config2>|  return value|
|ap_return_67  |  out|    33|  ap_ctrl_hs|  layernormalize<ap_fixed<16, 6, 5, 3, 0>, ap_fixed<33, 13, 5, 3, 0>, config2>|  return value|
|ap_return_68  |  out|    33|  ap_ctrl_hs|  layernormalize<ap_fixed<16, 6, 5, 3, 0>, ap_fixed<33, 13, 5, 3, 0>, config2>|  return value|
|ap_return_69  |  out|    33|  ap_ctrl_hs|  layernormalize<ap_fixed<16, 6, 5, 3, 0>, ap_fixed<33, 13, 5, 3, 0>, config2>|  return value|
|ap_return_70  |  out|    33|  ap_ctrl_hs|  layernormalize<ap_fixed<16, 6, 5, 3, 0>, ap_fixed<33, 13, 5, 3, 0>, config2>|  return value|
|ap_return_71  |  out|    33|  ap_ctrl_hs|  layernormalize<ap_fixed<16, 6, 5, 3, 0>, ap_fixed<33, 13, 5, 3, 0>, config2>|  return value|
|ap_return_72  |  out|    33|  ap_ctrl_hs|  layernormalize<ap_fixed<16, 6, 5, 3, 0>, ap_fixed<33, 13, 5, 3, 0>, config2>|  return value|
|ap_return_73  |  out|    33|  ap_ctrl_hs|  layernormalize<ap_fixed<16, 6, 5, 3, 0>, ap_fixed<33, 13, 5, 3, 0>, config2>|  return value|
|ap_return_74  |  out|    33|  ap_ctrl_hs|  layernormalize<ap_fixed<16, 6, 5, 3, 0>, ap_fixed<33, 13, 5, 3, 0>, config2>|  return value|
|ap_return_75  |  out|    33|  ap_ctrl_hs|  layernormalize<ap_fixed<16, 6, 5, 3, 0>, ap_fixed<33, 13, 5, 3, 0>, config2>|  return value|
|ap_return_76  |  out|    33|  ap_ctrl_hs|  layernormalize<ap_fixed<16, 6, 5, 3, 0>, ap_fixed<33, 13, 5, 3, 0>, config2>|  return value|
|ap_return_77  |  out|    33|  ap_ctrl_hs|  layernormalize<ap_fixed<16, 6, 5, 3, 0>, ap_fixed<33, 13, 5, 3, 0>, config2>|  return value|
|ap_return_78  |  out|    33|  ap_ctrl_hs|  layernormalize<ap_fixed<16, 6, 5, 3, 0>, ap_fixed<33, 13, 5, 3, 0>, config2>|  return value|
|ap_return_79  |  out|    33|  ap_ctrl_hs|  layernormalize<ap_fixed<16, 6, 5, 3, 0>, ap_fixed<33, 13, 5, 3, 0>, config2>|  return value|
|data_val      |   in|  1280|     ap_none|                                                                      data_val|        scalar|
+--------------+-----+------+------------+------------------------------------------------------------------------------+--------------+

