==============================================================
Vitis HLS - High-Level Synthesis from C, C++ and OpenCL v2023.2 (64-bit)
Tool Version Limit: 2023.10
Copyright 1986-2022 Xilinx, Inc. All Rights Reserved.
Copyright 2022-2023 Advanced Micro Devices, Inc. All Rights Reserved.

==============================================================
INFO: [HLS 200-1505] Using default flow_target 'vivado'
INFO: [HLS 200-1510] Running: config_array_partition -maximum_size 4096 
INFO: [XFORM 203-101] Allowed max sub elements number after partition is 4096.
ERROR: [HLS 200-642] The 'config_array_partition -maximum_size' command is not supported.
INFO: [HLS 200-1510] Running: config_compile -name_max_length 80 
INFO: [XFORM 203-1161] The maximum of name length is set to 80.
INFO: [HLS 200-1510] Running: set_part xcvu13p-flga2577-2-e 
INFO: [HLS 200-1611] Setting target device to 'xcvu13p-flga2577-2-e'
INFO: [XFORM 203-1161] The maximum of name length is set to 80.
INFO: [HLS 200-1510] Running: config_schedule -enable_dsp_full_reg=false 
INFO: [HLS 200-1510] Running: create_clock -period 5 -name default 
INFO: [SYN 201-201] Setting up clock 'default' with a period of 5ns.
INFO: [HLS 200-1510] Running: set_clock_uncertainty 12.5% default 
INFO: [SYN 201-201] Setting up clock 'default' with an uncertainty of 0.625ns.
INFO: [HLS 200-1510] Running: csim_design 
INFO: [SIM 211-2] *************** CSIM start ***************
INFO: [SIM 211-4] CSIM will launch GCC as the compiler.
INFO: [HLS 200-2036] Building debug C Simulation binaries
INFO: [SIM 211-1] CSim done with 0 errors.
INFO: [SIM 211-3] *************** CSIM finish ***************
INFO: [HLS 200-111] Finished Command csim_design CPU user time: 12.15 seconds. CPU system time: 1 seconds. Elapsed time: 13.84 seconds; current allocated memory: 0.219 MB.
INFO: [HLS 200-1510] Running: csynth_design 
INFO: [HLS 200-111] Finished File checks and directory preparation: CPU user time: 0.1 seconds. CPU system time: 0.01 seconds. Elapsed time: 0.11 seconds; current allocated memory: 254.344 MB.
INFO: [HLS 200-10] Analyzing design file 'firmware/myproject.cpp' ... 
WARNING: [HLS 207-5536] 'Resource pragma' is deprecated, use 'bind_op/bind_storage pragma' instead (firmware/nnet_utils/nnet_dense_resource.h:33:9)
WARNING: [HLS 207-5536] 'Resource pragma' is deprecated, use 'bind_op/bind_storage pragma' instead (firmware/nnet_utils/nnet_dense_resource.h:107:9)
WARNING: [HLS 207-5536] 'Resource pragma' is deprecated, use 'bind_op/bind_storage pragma' instead (firmware/nnet_utils/nnet_dense_resource.h:189:9)
WARNING: [HLS 207-5292] unused parameter 'keep' (firmware/nnet_utils/nnet_helpers.h:285:99)
WARNING: [HLS 207-5292] unused parameter 'data' (firmware/nnet_utils/nnet_function_stubs.h:14:36)
WARNING: [HLS 207-5292] unused parameter 'buffer' (firmware/nnet_utils/nnet_function_stubs.h:15:36)
WARNING: [HLS 207-5292] unused parameter 'partition' (firmware/nnet_utils/nnet_function_stubs.h:16:44)
WARNING: [HLS 207-5292] unused parameter 'data' (firmware/nnet_utils/nnet_function_stubs.h:24:24)
WARNING: [HLS 207-5292] unused parameter 'buffer' (firmware/nnet_utils/nnet_function_stubs.h:25:24)
WARNING: [HLS 207-5292] unused parameter 'partition' (firmware/nnet_utils/nnet_function_stubs.h:26:32)
WARNING: [HLS 207-5292] unused parameter 'data' (firmware/nnet_utils/nnet_function_stubs.h:33:30)
WARNING: [HLS 207-5292] unused parameter 'res' (firmware/nnet_utils/nnet_function_stubs.h:33:58)
WARNING: [HLS 207-5292] unused parameter 'weights' (firmware/nnet_utils/nnet_function_stubs.h:34:51)
WARNING: [HLS 207-5292] unused parameter 'biases' (firmware/nnet_utils/nnet_function_stubs.h:35:49)
INFO: [HLS 200-111] Finished Source Code Analysis and Preprocessing: CPU user time: 29.3 seconds. CPU system time: 1.98 seconds. Elapsed time: 32.46 seconds; current allocated memory: 262.355 MB.
INFO: [HLS 200-777] Using interface defaults for 'Vivado' flow target.
INFO: [HLS 200-1995] There were 4,016 instructions in the design after the 'Compile/Link' phase of compilation. See the Design Size Report for more details: /data/hlssynt-users/rflynn/transformer-synthesis/hls4ml_projects/keras_layernorm_uniform_20_10/myproject_prj/solution1/syn/report/csynth_design_size.rpt
INFO: [HLS 200-1995] There were 39,380 instructions in the design after the 'Unroll/Inline (step 1)' phase of compilation. See the Design Size Report for more details: /data/hlssynt-users/rflynn/transformer-synthesis/hls4ml_projects/keras_layernorm_uniform_20_10/myproject_prj/solution1/syn/report/csynth_design_size.rpt
INFO: [HLS 200-1995] There were 9,333 instructions in the design after the 'Unroll/Inline (step 2)' phase of compilation. See the Design Size Report for more details: /data/hlssynt-users/rflynn/transformer-synthesis/hls4ml_projects/keras_layernorm_uniform_20_10/myproject_prj/solution1/syn/report/csynth_design_size.rpt
INFO: [HLS 200-1995] There were 9,331 instructions in the design after the 'Unroll/Inline (step 3)' phase of compilation. See the Design Size Report for more details: /data/hlssynt-users/rflynn/transformer-synthesis/hls4ml_projects/keras_layernorm_uniform_20_10/myproject_prj/solution1/syn/report/csynth_design_size.rpt
INFO: [HLS 200-1995] There were 9,331 instructions in the design after the 'Unroll/Inline (step 4)' phase of compilation. See the Design Size Report for more details: /data/hlssynt-users/rflynn/transformer-synthesis/hls4ml_projects/keras_layernorm_uniform_20_10/myproject_prj/solution1/syn/report/csynth_design_size.rpt
INFO: [HLS 200-1995] There were 8,465 instructions in the design after the 'Array/Struct (step 1)' phase of compilation. See the Design Size Report for more details: /data/hlssynt-users/rflynn/transformer-synthesis/hls4ml_projects/keras_layernorm_uniform_20_10/myproject_prj/solution1/syn/report/csynth_design_size.rpt
INFO: [HLS 200-1995] There were 8,465 instructions in the design after the 'Array/Struct (step 2)' phase of compilation. See the Design Size Report for more details: /data/hlssynt-users/rflynn/transformer-synthesis/hls4ml_projects/keras_layernorm_uniform_20_10/myproject_prj/solution1/syn/report/csynth_design_size.rpt
INFO: [HLS 200-1995] There were 8,465 instructions in the design after the 'Array/Struct (step 3)' phase of compilation. See the Design Size Report for more details: /data/hlssynt-users/rflynn/transformer-synthesis/hls4ml_projects/keras_layernorm_uniform_20_10/myproject_prj/solution1/syn/report/csynth_design_size.rpt
INFO: [HLS 200-1995] There were 8,865 instructions in the design after the 'Array/Struct (step 4)' phase of compilation. See the Design Size Report for more details: /data/hlssynt-users/rflynn/transformer-synthesis/hls4ml_projects/keras_layernorm_uniform_20_10/myproject_prj/solution1/syn/report/csynth_design_size.rpt
INFO: [HLS 200-1995] There were 8,265 instructions in the design after the 'Array/Struct (step 5)' phase of compilation. See the Design Size Report for more details: /data/hlssynt-users/rflynn/transformer-synthesis/hls4ml_projects/keras_layernorm_uniform_20_10/myproject_prj/solution1/syn/report/csynth_design_size.rpt
INFO: [HLS 200-1995] There were 7,855 instructions in the design after the 'Performance (step 1)' phase of compilation. See the Design Size Report for more details: /data/hlssynt-users/rflynn/transformer-synthesis/hls4ml_projects/keras_layernorm_uniform_20_10/myproject_prj/solution1/syn/report/csynth_design_size.rpt
INFO: [HLS 200-1995] There were 7,855 instructions in the design after the 'Performance (step 2)' phase of compilation. See the Design Size Report for more details: /data/hlssynt-users/rflynn/transformer-synthesis/hls4ml_projects/keras_layernorm_uniform_20_10/myproject_prj/solution1/syn/report/csynth_design_size.rpt
INFO: [HLS 200-1995] There were 7,855 instructions in the design after the 'Performance (step 3)' phase of compilation. See the Design Size Report for more details: /data/hlssynt-users/rflynn/transformer-synthesis/hls4ml_projects/keras_layernorm_uniform_20_10/myproject_prj/solution1/syn/report/csynth_design_size.rpt
INFO: [HLS 200-1995] There were 7,855 instructions in the design after the 'Performance (step 4)' phase of compilation. See the Design Size Report for more details: /data/hlssynt-users/rflynn/transformer-synthesis/hls4ml_projects/keras_layernorm_uniform_20_10/myproject_prj/solution1/syn/report/csynth_design_size.rpt
INFO: [HLS 200-1995] There were 8,056 instructions in the design after the 'HW Transforms (step 1)' phase of compilation. See the Design Size Report for more details: /data/hlssynt-users/rflynn/transformer-synthesis/hls4ml_projects/keras_layernorm_uniform_20_10/myproject_prj/solution1/syn/report/csynth_design_size.rpt
INFO: [HLS 200-1995] There were 8,078 instructions in the design after the 'HW Transforms (step 2)' phase of compilation. See the Design Size Report for more details: /data/hlssynt-users/rflynn/transformer-synthesis/hls4ml_projects/keras_layernorm_uniform_20_10/myproject_prj/solution1/syn/report/csynth_design_size.rpt
INFO: [HLS 214-131] Inlining function 'nnet::product::mult<ap_fixed<22, 6, (ap_q_mode)5, (ap_o_mode)3, 0>, ap_fixed<22, 6, (ap_q_mode)5, (ap_o_mode)3, 0> >::product(ap_fixed<22, 6, (ap_q_mode)5, (ap_o_mode)3, 0>, ap_fixed<22, 6, (ap_q_mode)5, (ap_o_mode)3, 0>)' into 'void nnet::layernorm_1d<ap_fixed<16, 6, (ap_q_mode)5, (ap_o_mode)3, 0>, ap_fixed<33, 13, (ap_q_mode)5, (ap_o_mode)3, 0>, config2>(ap_fixed<16, 6, (ap_q_mode)5, (ap_o_mode)3, 0>*, ap_fixed<33, 13, (ap_q_mode)5, (ap_o_mode)3, 0>*, config2::scale_t*, config2::bias_t*)' (firmware/nnet_utils/nnet_layernorm.h:138:11)
INFO: [HLS 214-131] Inlining function 'nnet::product::mult<ap_fixed<22, 6, (ap_q_mode)5, (ap_o_mode)3, 0>, ap_fixed<22, 6, (ap_q_mode)5, (ap_o_mode)3, 0> >::product(ap_fixed<22, 6, (ap_q_mode)5, (ap_o_mode)3, 0>, ap_fixed<22, 6, (ap_q_mode)5, (ap_o_mode)3, 0>)' into 'void nnet::layernorm_1d<ap_fixed<16, 6, (ap_q_mode)5, (ap_o_mode)3, 0>, ap_fixed<33, 13, (ap_q_mode)5, (ap_o_mode)3, 0>, config2>(ap_fixed<16, 6, (ap_q_mode)5, (ap_o_mode)3, 0>*, ap_fixed<33, 13, (ap_q_mode)5, (ap_o_mode)3, 0>*, config2::scale_t*, config2::bias_t*)' (firmware/nnet_utils/nnet_layernorm.h:130:12)
INFO: [HLS 214-291] Loop 'LAYERNORM_SEQ_LOOP' is marked as complete unroll implied by the pipeline pragma (firmware/nnet_utils/nnet_layernorm.h:169:5)
INFO: [HLS 214-291] Loop 'LAYERNORM_LOAD' is marked as complete unroll implied by the pipeline pragma (firmware/nnet_utils/nnet_layernorm.h:172:9)
INFO: [HLS 214-291] Loop 'LAYERNORM_STORE' is marked as complete unroll implied by the pipeline pragma (firmware/nnet_utils/nnet_layernorm.h:178:9)
INFO: [HLS 214-291] Loop 'LAYERNORM_1D_RESULT' is marked as complete unroll implied by the pipeline pragma (firmware/nnet_utils/nnet_layernorm.h:148:5)
INFO: [HLS 214-291] Loop 'LAYERNORM_1D_VAR' is marked as complete unroll implied by the pipeline pragma (firmware/nnet_utils/nnet_layernorm.h:133:5)
INFO: [HLS 214-291] Loop 'LAYERNORM_1D_SUM' is marked as complete unroll implied by the pipeline pragma (firmware/nnet_utils/nnet_layernorm.h:127:5)
INFO: [HLS 214-186] Unrolling loop 'LAYERNORM_SEQ_LOOP' (firmware/nnet_utils/nnet_layernorm.h:169:5) in function 'nnet::layernormalize<ap_fixed<16, 6, (ap_q_mode)5, (ap_o_mode)3, 0>, ap_fixed<33, 13, (ap_q_mode)5, (ap_o_mode)3, 0>, config2>' completely with a factor of 20 (firmware/nnet_utils/nnet_layernorm.h:156:0)
WARNING: [HLS 214-189] Pipeline directive for loop 'LAYERNORM_SEQ_LOOP' (firmware/nnet_utils/nnet_layernorm.h:169:5) in function 'nnet::layernormalize<ap_fixed<16, 6, (ap_q_mode)5, (ap_o_mode)3, 0>, ap_fixed<33, 13, (ap_q_mode)5, (ap_o_mode)3, 0>, config2>' has been removed because the loop is unrolled completely (firmware/nnet_utils/nnet_layernorm.h:156:0)
INFO: [HLS 214-186] Unrolling loop 'LAYERNORM_STORE' (firmware/nnet_utils/nnet_layernorm.h:178:9) in function 'nnet::layernormalize<ap_fixed<16, 6, (ap_q_mode)5, (ap_o_mode)3, 0>, ap_fixed<33, 13, (ap_q_mode)5, (ap_o_mode)3, 0>, config2>' completely with a factor of 10 (firmware/nnet_utils/nnet_layernorm.h:156:0)
INFO: [HLS 214-186] Unrolling loop 'LAYERNORM_LOAD' (firmware/nnet_utils/nnet_layernorm.h:172:9) in function 'nnet::layernormalize<ap_fixed<16, 6, (ap_q_mode)5, (ap_o_mode)3, 0>, ap_fixed<33, 13, (ap_q_mode)5, (ap_o_mode)3, 0>, config2>' completely with a factor of 10 (firmware/nnet_utils/nnet_layernorm.h:156:0)
INFO: [HLS 214-186] Unrolling loop 'LAYERNORM_1D_RESULT' (firmware/nnet_utils/nnet_layernorm.h:148:5) in function 'nnet::layernorm_1d<ap_fixed<16, 6, (ap_q_mode)5, (ap_o_mode)3, 0>, ap_fixed<33, 13, (ap_q_mode)5, (ap_o_mode)3, 0>, config2>' completely with a factor of 10 (firmware/nnet_utils/nnet_layernorm.h:91:0)
INFO: [HLS 214-186] Unrolling loop 'LAYERNORM_1D_VAR' (firmware/nnet_utils/nnet_layernorm.h:133:5) in function 'nnet::layernorm_1d<ap_fixed<16, 6, (ap_q_mode)5, (ap_o_mode)3, 0>, ap_fixed<33, 13, (ap_q_mode)5, (ap_o_mode)3, 0>, config2>' completely with a factor of 10 (firmware/nnet_utils/nnet_layernorm.h:91:0)
INFO: [HLS 214-186] Unrolling loop 'LAYERNORM_1D_SUM' (firmware/nnet_utils/nnet_layernorm.h:127:5) in function 'nnet::layernorm_1d<ap_fixed<16, 6, (ap_q_mode)5, (ap_o_mode)3, 0>, ap_fixed<33, 13, (ap_q_mode)5, (ap_o_mode)3, 0>, config2>' completely with a factor of 10 (firmware/nnet_utils/nnet_layernorm.h:91:0)
INFO: [HLS 214-248] Applying array_partition to 'b2': Complete partitioning on dimension 1. (firmware/weights/b2.h:12:0)
INFO: [HLS 214-248] Applying array_partition to 's2': Complete partitioning on dimension 1. (firmware/weights/s2.h:12:0)
INFO: [HLS 214-248] Applying array_partition to 'in_val': Complete partitioning on dimension 1. (firmware/nnet_utils/nnet_layernorm.h:158:12)
INFO: [HLS 214-248] Applying array_partition to 'outval': Complete partitioning on dimension 1. (firmware/nnet_utils/nnet_layernorm.h:159:11)
INFO: [HLS 214-248] Applying array_partition to 'layer2_out': Complete partitioning on dimension 1. (firmware/myproject.cpp:10:0)
INFO: [HLS 214-248] Applying array_reshape to 'layer_normalization_input': Complete reshaping on dimension 1. (firmware/myproject.cpp:10:0)
INFO: [HLS 200-111] Finished Compiling Optimization and Transform: CPU user time: 11.71 seconds. CPU system time: 0.56 seconds. Elapsed time: 13.69 seconds; current allocated memory: 263.285 MB.
INFO: [HLS 200-111] Finished Checking Pragmas: CPU user time: 0 seconds. CPU system time: 0.01 seconds. Elapsed time: 0 seconds; current allocated memory: 263.285 MB.
INFO: [HLS 200-10] Starting code transformations ...
INFO: [HLS 200-111] Finished Standard Transforms: CPU user time: 0.24 seconds. CPU system time: 0 seconds. Elapsed time: 0.36 seconds; current allocated memory: 268.074 MB.
INFO: [HLS 200-10] Checking synthesizability ...
INFO: [HLS 200-111] Finished Checking Synthesizability: CPU user time: 0.28 seconds. CPU system time: 0.01 seconds. Elapsed time: 0.29 seconds; current allocated memory: 272.145 MB.
INFO: [XFORM 203-401] Performing if-conversion on hyperblock from (firmware/nnet_utils/nnet_layernorm.h:128:22) to (firmware/nnet_utils/nnet_layernorm.h:151:1) in function 'nnet::layernorm_1d<ap_fixed<16, 6, (ap_q_mode)5, (ap_o_mode)3, 0>, ap_fixed<33, 13, (ap_q_mode)5, (ap_o_mode)3, 0>, config2>'... converting 3 basic blocks.
INFO: [XFORM 203-11] Balancing expressions in function 'nnet::layernorm_1d<ap_fixed<16, 6, (ap_q_mode)5, (ap_o_mode)3, 0>, ap_fixed<33, 13, (ap_q_mode)5, (ap_o_mode)3, 0>, config2>' (firmware/nnet_utils/nnet_layernorm.h:73:1)...18 expression(s) balanced.
INFO: [HLS 200-111] Finished Loop, function and other optimizations: CPU user time: 0.92 seconds. CPU system time: 0.02 seconds. Elapsed time: 0.94 seconds; current allocated memory: 309.098 MB.
INFO: [HLS 200-111] Finished Architecture Synthesis: CPU user time: 0.4 seconds. CPU system time: 0.01 seconds. Elapsed time: 0.43 seconds; current allocated memory: 351.430 MB.
INFO: [HLS 200-10] Starting hardware synthesis ...
INFO: [HLS 200-10] Synthesizing 'myproject' ...
WARNING: [SYN 201-103] Legalizing function name 'layernorm_1d<ap_fixed<16, 6, 5, 3, 0>, ap_fixed<33, 13, 5, 3, 0>, config2>' to 'layernorm_1d_ap_fixed_16_6_5_3_0_ap_fixed_33_13_5_3_0_config2_s'.
WARNING: [SYN 201-103] Legalizing function name 'layernormalize<ap_fixed<16, 6, 5, 3, 0>, ap_fixed<33, 13, 5, 3, 0>, config2>' to 'layernormalize_ap_fixed_16_6_5_3_0_ap_fixed_33_13_5_3_0_config2_s'.
INFO: [HLS 200-10] ----------------------------------------------------------------
INFO: [HLS 200-42] -- Implementing module 'layernorm_1d_ap_fixed_16_6_5_3_0_ap_fixed_33_13_5_3_0_config2_s' 
INFO: [HLS 200-10] ----------------------------------------------------------------
INFO: [SCHED 204-11] Starting scheduling ...
INFO: [SCHED 204-61] Pipelining function 'layernorm_1d<ap_fixed<16, 6, 5, 3, 0>, ap_fixed<33, 13, 5, 3, 0>, config2>'.
INFO: [HLS 200-1470] Pipelining result : Target II = NA, Final II = 1, Depth = 6, function 'layernorm_1d<ap_fixed<16, 6, 5, 3, 0>, ap_fixed<33, 13, 5, 3, 0>, config2>'
INFO: [SCHED 204-11] Finished scheduling.
INFO: [HLS 200-111] Finished Scheduling: CPU user time: 0.4 seconds. CPU system time: 0.03 seconds. Elapsed time: 0.49 seconds; current allocated memory: 353.887 MB.
INFO: [BIND 205-100] Starting micro-architecture generation ...
INFO: [BIND 205-101] Performing variable lifetime analysis.
INFO: [BIND 205-101] Exploring resource sharing.
INFO: [BIND 205-101] Binding ...
INFO: [BIND 205-100] Finished micro-architecture generation.
INFO: [HLS 200-111] Finished Binding: CPU user time: 0.03 seconds. CPU system time: 0 seconds. Elapsed time: 0.04 seconds; current allocated memory: 353.887 MB.
INFO: [HLS 200-10] ----------------------------------------------------------------
INFO: [HLS 200-42] -- Implementing module 'layernormalize_ap_fixed_16_6_5_3_0_ap_fixed_33_13_5_3_0_config2_s' 
INFO: [HLS 200-10] ----------------------------------------------------------------
INFO: [SCHED 204-11] Starting scheduling ...
INFO: [SCHED 204-61] Pipelining function 'layernormalize<ap_fixed<16, 6, 5, 3, 0>, ap_fixed<33, 13, 5, 3, 0>, config2>'.
INFO: [HLS 200-1470] Pipelining result : Target II = NA, Final II = 1, Depth = 6, function 'layernormalize<ap_fixed<16, 6, 5, 3, 0>, ap_fixed<33, 13, 5, 3, 0>, config2>'
INFO: [SCHED 204-11] Finished scheduling.
INFO: [HLS 200-111] Finished Scheduling: CPU user time: 0.39 seconds. CPU system time: 0.01 seconds. Elapsed time: 0.4 seconds; current allocated memory: 357.207 MB.
INFO: [BIND 205-100] Starting micro-architecture generation ...
INFO: [BIND 205-101] Performing variable lifetime analysis.
INFO: [BIND 205-101] Exploring resource sharing.
INFO: [BIND 205-101] Binding ...
INFO: [BIND 205-100] Finished micro-architecture generation.
INFO: [HLS 200-111] Finished Binding: CPU user time: 0.12 seconds. CPU system time: 0 seconds. Elapsed time: 0.12 seconds; current allocated memory: 357.504 MB.
INFO: [HLS 200-10] ----------------------------------------------------------------
INFO: [HLS 200-42] -- Implementing module 'myproject' 
INFO: [HLS 200-10] ----------------------------------------------------------------
INFO: [SCHED 204-11] Starting scheduling ...
INFO: [SCHED 204-61] Pipelining function 'myproject'.
INFO: [HLS 200-1470] Pipelining result : Target II = NA, Final II = 1, Depth = 6, function 'myproject'
INFO: [SCHED 204-11] Finished scheduling.
INFO: [HLS 200-111] Finished Scheduling: CPU user time: 0.37 seconds. CPU system time: 0.01 seconds. Elapsed time: 0.39 seconds; current allocated memory: 362.719 MB.
INFO: [BIND 205-100] Starting micro-architecture generation ...
INFO: [BIND 205-101] Performing variable lifetime analysis.
INFO: [BIND 205-101] Exploring resource sharing.
INFO: [BIND 205-101] Binding ...
INFO: [BIND 205-100] Finished micro-architecture generation.
INFO: [HLS 200-111] Finished Binding: CPU user time: 0.08 seconds. CPU system time: 0.01 seconds. Elapsed time: 0.08 seconds; current allocated memory: 362.719 MB.
INFO: [HLS 200-10] ----------------------------------------------------------------
INFO: [HLS 200-10] -- Generating RTL for module 'layernorm_1d_ap_fixed_16_6_5_3_0_ap_fixed_33_13_5_3_0_config2_s' 
INFO: [HLS 200-10] ----------------------------------------------------------------
INFO: [SYN 201-210] Renamed object name 'layernorm_1d_ap_fixed_16_6_5_3_0_ap_fixed_33_13_5_3_0_config2_s_invert_sqr_table_ROM_AUTO_1R' to 'layernorm_1d_ap_fixed_16_6_5_3_0_ap_fixed_33_13_5_3_0_config2_s_invert_sqr_tabkb' due to the length limit 80
INFO: [HLS 200-1030] Apply Unified Pipeline Control on module 'layernorm_1d_ap_fixed_16_6_5_3_0_ap_fixed_33_13_5_3_0_config2_s' pipeline 'layernorm_1d<ap_fixed<16, 6, 5, 3, 0>, ap_fixed<33, 13, 5, 3, 0>, config2>' pipeline type 'function pipeline'
INFO: [RTGEN 206-100] Generating core module 'mul_22s_14ns_36_1_1': 2 instance(s).
INFO: [RTGEN 206-100] Generating core module 'mul_22s_22s_38_1_1': 10 instance(s).
INFO: [RTGEN 206-100] Generating core module 'mul_22s_9ns_31_1_1': 10 instance(s).
INFO: [RTGEN 206-100] Finished creating RTL model for 'layernorm_1d_ap_fixed_16_6_5_3_0_ap_fixed_33_13_5_3_0_config2_s'.
INFO: [RTMG 210-279] Implementing memory 'myproject_layernorm_1d_ap_fixed_16_6_5_3_0_ap_fixed_33_13_5_3_0_config2_s_invert_sqr_tabkb' using auto ROMs.
INFO: [HLS 200-111] Finished Creating RTL model: CPU user time: 0.13 seconds. CPU system time: 0 seconds. Elapsed time: 0.15 seconds; current allocated memory: 366.539 MB.
INFO: [HLS 200-10] ----------------------------------------------------------------
INFO: [HLS 200-10] -- Generating RTL for module 'layernormalize_ap_fixed_16_6_5_3_0_ap_fixed_33_13_5_3_0_config2_s' 
INFO: [HLS 200-10] ----------------------------------------------------------------
INFO: [HLS 200-1030] Apply Unified Pipeline Control on module 'layernormalize_ap_fixed_16_6_5_3_0_ap_fixed_33_13_5_3_0_config2_s' pipeline 'layernormalize<ap_fixed<16, 6, 5, 3, 0>, ap_fixed<33, 13, 5, 3, 0>, config2>' pipeline type 'function pipeline'
INFO: [RTGEN 206-104] Estimated max fanout for 'layernormalize_ap_fixed_16_6_5_3_0_ap_fixed_33_13_5_3_0_config2_s' is 6600 from HDL expression: ((1'b0 == ap_block_pp0_stage0_11001) & (1'b1 == ap_ce))
INFO: [RTGEN 206-100] Finished creating RTL model for 'layernormalize_ap_fixed_16_6_5_3_0_ap_fixed_33_13_5_3_0_config2_s'.
INFO: [HLS 200-111] Finished Creating RTL model: CPU user time: 2.35 seconds. CPU system time: 0.09 seconds. Elapsed time: 2.45 seconds; current allocated memory: 508.824 MB.
INFO: [HLS 200-10] ----------------------------------------------------------------
INFO: [HLS 200-10] -- Generating RTL for module 'myproject' 
INFO: [HLS 200-10] ----------------------------------------------------------------
INFO: [RTGEN 206-500] Setting interface mode on port 'myproject/layer_normalization_input' to 'ap_vld'.
INFO: [RTGEN 206-500] Setting interface mode on port 'myproject/layer2_out_0' to 'ap_vld'.
INFO: [RTGEN 206-500] Setting interface mode on port 'myproject/layer2_out_1' to 'ap_vld'.
INFO: [RTGEN 206-500] Setting interface mode on port 'myproject/layer2_out_2' to 'ap_vld'.
INFO: [RTGEN 206-500] Setting interface mode on port 'myproject/layer2_out_3' to 'ap_vld'.
INFO: [RTGEN 206-500] Setting interface mode on port 'myproject/layer2_out_4' to 'ap_vld'.
INFO: [RTGEN 206-500] Setting interface mode on port 'myproject/layer2_out_5' to 'ap_vld'.
INFO: [RTGEN 206-500] Setting interface mode on port 'myproject/layer2_out_6' to 'ap_vld'.
INFO: [RTGEN 206-500] Setting interface mode on port 'myproject/layer2_out_7' to 'ap_vld'.
INFO: [RTGEN 206-500] Setting interface mode on port 'myproject/layer2_out_8' to 'ap_vld'.
INFO: [RTGEN 206-500] Setting interface mode on port 'myproject/layer2_out_9' to 'ap_vld'.
INFO: [RTGEN 206-500] Setting interface mode on port 'myproject/layer2_out_10' to 'ap_vld'.
INFO: [RTGEN 206-500] Setting interface mode on port 'myproject/layer2_out_11' to 'ap_vld'.
INFO: [RTGEN 206-500] Setting interface mode on port 'myproject/layer2_out_12' to 'ap_vld'.
INFO: [RTGEN 206-500] Setting interface mode on port 'myproject/layer2_out_13' to 'ap_vld'.
INFO: [RTGEN 206-500] Setting interface mode on port 'myproject/layer2_out_14' to 'ap_vld'.
INFO: [RTGEN 206-500] Setting interface mode on port 'myproject/layer2_out_15' to 'ap_vld'.
INFO: [RTGEN 206-500] Setting interface mode on port 'myproject/layer2_out_16' to 'ap_vld'.
INFO: [RTGEN 206-500] Setting interface mode on port 'myproject/layer2_out_17' to 'ap_vld'.
INFO: [RTGEN 206-500] Setting interface mode on port 'myproject/layer2_out_18' to 'ap_vld'.
INFO: [RTGEN 206-500] Setting interface mode on port 'myproject/layer2_out_19' to 'ap_vld'.
INFO: [RTGEN 206-500] Setting interface mode on port 'myproject/layer2_out_20' to 'ap_vld'.
INFO: [RTGEN 206-500] Setting interface mode on port 'myproject/layer2_out_21' to 'ap_vld'.
INFO: [RTGEN 206-500] Setting interface mode on port 'myproject/layer2_out_22' to 'ap_vld'.
INFO: [RTGEN 206-500] Setting interface mode on port 'myproject/layer2_out_23' to 'ap_vld'.
INFO: [RTGEN 206-500] Setting interface mode on port 'myproject/layer2_out_24' to 'ap_vld'.
INFO: [RTGEN 206-500] Setting interface mode on port 'myproject/layer2_out_25' to 'ap_vld'.
INFO: [RTGEN 206-500] Setting interface mode on port 'myproject/layer2_out_26' to 'ap_vld'.
INFO: [RTGEN 206-500] Setting interface mode on port 'myproject/layer2_out_27' to 'ap_vld'.
INFO: [RTGEN 206-500] Setting interface mode on port 'myproject/layer2_out_28' to 'ap_vld'.
INFO: [RTGEN 206-500] Setting interface mode on port 'myproject/layer2_out_29' to 'ap_vld'.
INFO: [RTGEN 206-500] Setting interface mode on port 'myproject/layer2_out_30' to 'ap_vld'.
INFO: [RTGEN 206-500] Setting interface mode on port 'myproject/layer2_out_31' to 'ap_vld'.
INFO: [RTGEN 206-500] Setting interface mode on port 'myproject/layer2_out_32' to 'ap_vld'.
INFO: [RTGEN 206-500] Setting interface mode on port 'myproject/layer2_out_33' to 'ap_vld'.
INFO: [RTGEN 206-500] Setting interface mode on port 'myproject/layer2_out_34' to 'ap_vld'.
INFO: [RTGEN 206-500] Setting interface mode on port 'myproject/layer2_out_35' to 'ap_vld'.
INFO: [RTGEN 206-500] Setting interface mode on port 'myproject/layer2_out_36' to 'ap_vld'.
INFO: [RTGEN 206-500] Setting interface mode on port 'myproject/layer2_out_37' to 'ap_vld'.
INFO: [RTGEN 206-500] Setting interface mode on port 'myproject/layer2_out_38' to 'ap_vld'.
INFO: [RTGEN 206-500] Setting interface mode on port 'myproject/layer2_out_39' to 'ap_vld'.
INFO: [RTGEN 206-500] Setting interface mode on port 'myproject/layer2_out_40' to 'ap_vld'.
INFO: [RTGEN 206-500] Setting interface mode on port 'myproject/layer2_out_41' to 'ap_vld'.
INFO: [RTGEN 206-500] Setting interface mode on port 'myproject/layer2_out_42' to 'ap_vld'.
INFO: [RTGEN 206-500] Setting interface mode on port 'myproject/layer2_out_43' to 'ap_vld'.
INFO: [RTGEN 206-500] Setting interface mode on port 'myproject/layer2_out_44' to 'ap_vld'.
INFO: [RTGEN 206-500] Setting interface mode on port 'myproject/layer2_out_45' to 'ap_vld'.
INFO: [RTGEN 206-500] Setting interface mode on port 'myproject/layer2_out_46' to 'ap_vld'.
INFO: [RTGEN 206-500] Setting interface mode on port 'myproject/layer2_out_47' to 'ap_vld'.
INFO: [RTGEN 206-500] Setting interface mode on port 'myproject/layer2_out_48' to 'ap_vld'.
INFO: [RTGEN 206-500] Setting interface mode on port 'myproject/layer2_out_49' to 'ap_vld'.
INFO: [RTGEN 206-500] Setting interface mode on port 'myproject/layer2_out_50' to 'ap_vld'.
INFO: [RTGEN 206-500] Setting interface mode on port 'myproject/layer2_out_51' to 'ap_vld'.
INFO: [RTGEN 206-500] Setting interface mode on port 'myproject/layer2_out_52' to 'ap_vld'.
INFO: [RTGEN 206-500] Setting interface mode on port 'myproject/layer2_out_53' to 'ap_vld'.
INFO: [RTGEN 206-500] Setting interface mode on port 'myproject/layer2_out_54' to 'ap_vld'.
INFO: [RTGEN 206-500] Setting interface mode on port 'myproject/layer2_out_55' to 'ap_vld'.
INFO: [RTGEN 206-500] Setting interface mode on port 'myproject/layer2_out_56' to 'ap_vld'.
INFO: [RTGEN 206-500] Setting interface mode on port 'myproject/layer2_out_57' to 'ap_vld'.
INFO: [RTGEN 206-500] Setting interface mode on port 'myproject/layer2_out_58' to 'ap_vld'.
INFO: [RTGEN 206-500] Setting interface mode on port 'myproject/layer2_out_59' to 'ap_vld'.
INFO: [RTGEN 206-500] Setting interface mode on port 'myproject/layer2_out_60' to 'ap_vld'.
INFO: [RTGEN 206-500] Setting interface mode on port 'myproject/layer2_out_61' to 'ap_vld'.
INFO: [RTGEN 206-500] Setting interface mode on port 'myproject/layer2_out_62' to 'ap_vld'.
INFO: [RTGEN 206-500] Setting interface mode on port 'myproject/layer2_out_63' to 'ap_vld'.
INFO: [RTGEN 206-500] Setting interface mode on port 'myproject/layer2_out_64' to 'ap_vld'.
INFO: [RTGEN 206-500] Setting interface mode on port 'myproject/layer2_out_65' to 'ap_vld'.
INFO: [RTGEN 206-500] Setting interface mode on port 'myproject/layer2_out_66' to 'ap_vld'.
INFO: [RTGEN 206-500] Setting interface mode on port 'myproject/layer2_out_67' to 'ap_vld'.
INFO: [RTGEN 206-500] Setting interface mode on port 'myproject/layer2_out_68' to 'ap_vld'.
INFO: [RTGEN 206-500] Setting interface mode on port 'myproject/layer2_out_69' to 'ap_vld'.
INFO: [RTGEN 206-500] Setting interface mode on port 'myproject/layer2_out_70' to 'ap_vld'.
INFO: [RTGEN 206-500] Setting interface mode on port 'myproject/layer2_out_71' to 'ap_vld'.
INFO: [RTGEN 206-500] Setting interface mode on port 'myproject/layer2_out_72' to 'ap_vld'.
INFO: [RTGEN 206-500] Setting interface mode on port 'myproject/layer2_out_73' to 'ap_vld'.
INFO: [RTGEN 206-500] Setting interface mode on port 'myproject/layer2_out_74' to 'ap_vld'.
INFO: [RTGEN 206-500] Setting interface mode on port 'myproject/layer2_out_75' to 'ap_vld'.
INFO: [RTGEN 206-500] Setting interface mode on port 'myproject/layer2_out_76' to 'ap_vld'.
INFO: [RTGEN 206-500] Setting interface mode on port 'myproject/layer2_out_77' to 'ap_vld'.
INFO: [RTGEN 206-500] Setting interface mode on port 'myproject/layer2_out_78' to 'ap_vld'.
INFO: [RTGEN 206-500] Setting interface mode on port 'myproject/layer2_out_79' to 'ap_vld'.
INFO: [RTGEN 206-500] Setting interface mode on port 'myproject/layer2_out_80' to 'ap_vld'.
INFO: [RTGEN 206-500] Setting interface mode on port 'myproject/layer2_out_81' to 'ap_vld'.
INFO: [RTGEN 206-500] Setting interface mode on port 'myproject/layer2_out_82' to 'ap_vld'.
INFO: [RTGEN 206-500] Setting interface mode on port 'myproject/layer2_out_83' to 'ap_vld'.
INFO: [RTGEN 206-500] Setting interface mode on port 'myproject/layer2_out_84' to 'ap_vld'.
INFO: [RTGEN 206-500] Setting interface mode on port 'myproject/layer2_out_85' to 'ap_vld'.
INFO: [RTGEN 206-500] Setting interface mode on port 'myproject/layer2_out_86' to 'ap_vld'.
INFO: [RTGEN 206-500] Setting interface mode on port 'myproject/layer2_out_87' to 'ap_vld'.
INFO: [RTGEN 206-500] Setting interface mode on port 'myproject/layer2_out_88' to 'ap_vld'.
INFO: [RTGEN 206-500] Setting interface mode on port 'myproject/layer2_out_89' to 'ap_vld'.
INFO: [RTGEN 206-500] Setting interface mode on port 'myproject/layer2_out_90' to 'ap_vld'.
INFO: [RTGEN 206-500] Setting interface mode on port 'myproject/layer2_out_91' to 'ap_vld'.
INFO: [RTGEN 206-500] Setting interface mode on port 'myproject/layer2_out_92' to 'ap_vld'.
INFO: [RTGEN 206-500] Setting interface mode on port 'myproject/layer2_out_93' to 'ap_vld'.
INFO: [RTGEN 206-500] Setting interface mode on port 'myproject/layer2_out_94' to 'ap_vld'.
INFO: [RTGEN 206-500] Setting interface mode on port 'myproject/layer2_out_95' to 'ap_vld'.
INFO: [RTGEN 206-500] Setting interface mode on port 'myproject/layer2_out_96' to 'ap_vld'.
INFO: [RTGEN 206-500] Setting interface mode on port 'myproject/layer2_out_97' to 'ap_vld'.
INFO: [RTGEN 206-500] Setting interface mode on port 'myproject/layer2_out_98' to 'ap_vld'.
INFO: [RTGEN 206-500] Setting interface mode on port 'myproject/layer2_out_99' to 'ap_vld'.
INFO: [RTGEN 206-500] Setting interface mode on port 'myproject/layer2_out_100' to 'ap_vld'.
INFO: [RTGEN 206-500] Setting interface mode on port 'myproject/layer2_out_101' to 'ap_vld'.
INFO: [RTGEN 206-500] Setting interface mode on port 'myproject/layer2_out_102' to 'ap_vld'.
INFO: [RTGEN 206-500] Setting interface mode on port 'myproject/layer2_out_103' to 'ap_vld'.
INFO: [RTGEN 206-500] Setting interface mode on port 'myproject/layer2_out_104' to 'ap_vld'.
INFO: [RTGEN 206-500] Setting interface mode on port 'myproject/layer2_out_105' to 'ap_vld'.
INFO: [RTGEN 206-500] Setting interface mode on port 'myproject/layer2_out_106' to 'ap_vld'.
INFO: [RTGEN 206-500] Setting interface mode on port 'myproject/layer2_out_107' to 'ap_vld'.
INFO: [RTGEN 206-500] Setting interface mode on port 'myproject/layer2_out_108' to 'ap_vld'.
INFO: [RTGEN 206-500] Setting interface mode on port 'myproject/layer2_out_109' to 'ap_vld'.
INFO: [RTGEN 206-500] Setting interface mode on port 'myproject/layer2_out_110' to 'ap_vld'.
INFO: [RTGEN 206-500] Setting interface mode on port 'myproject/layer2_out_111' to 'ap_vld'.
INFO: [RTGEN 206-500] Setting interface mode on port 'myproject/layer2_out_112' to 'ap_vld'.
INFO: [RTGEN 206-500] Setting interface mode on port 'myproject/layer2_out_113' to 'ap_vld'.
INFO: [RTGEN 206-500] Setting interface mode on port 'myproject/layer2_out_114' to 'ap_vld'.
INFO: [RTGEN 206-500] Setting interface mode on port 'myproject/layer2_out_115' to 'ap_vld'.
INFO: [RTGEN 206-500] Setting interface mode on port 'myproject/layer2_out_116' to 'ap_vld'.
INFO: [RTGEN 206-500] Setting interface mode on port 'myproject/layer2_out_117' to 'ap_vld'.
INFO: [RTGEN 206-500] Setting interface mode on port 'myproject/layer2_out_118' to 'ap_vld'.
INFO: [RTGEN 206-500] Setting interface mode on port 'myproject/layer2_out_119' to 'ap_vld'.
INFO: [RTGEN 206-500] Setting interface mode on port 'myproject/layer2_out_120' to 'ap_vld'.
INFO: [RTGEN 206-500] Setting interface mode on port 'myproject/layer2_out_121' to 'ap_vld'.
INFO: [RTGEN 206-500] Setting interface mode on port 'myproject/layer2_out_122' to 'ap_vld'.
INFO: [RTGEN 206-500] Setting interface mode on port 'myproject/layer2_out_123' to 'ap_vld'.
INFO: [RTGEN 206-500] Setting interface mode on port 'myproject/layer2_out_124' to 'ap_vld'.
INFO: [RTGEN 206-500] Setting interface mode on port 'myproject/layer2_out_125' to 'ap_vld'.
INFO: [RTGEN 206-500] Setting interface mode on port 'myproject/layer2_out_126' to 'ap_vld'.
INFO: [RTGEN 206-500] Setting interface mode on port 'myproject/layer2_out_127' to 'ap_vld'.
INFO: [RTGEN 206-500] Setting interface mode on port 'myproject/layer2_out_128' to 'ap_vld'.
INFO: [RTGEN 206-500] Setting interface mode on port 'myproject/layer2_out_129' to 'ap_vld'.
INFO: [RTGEN 206-500] Setting interface mode on port 'myproject/layer2_out_130' to 'ap_vld'.
INFO: [RTGEN 206-500] Setting interface mode on port 'myproject/layer2_out_131' to 'ap_vld'.
INFO: [RTGEN 206-500] Setting interface mode on port 'myproject/layer2_out_132' to 'ap_vld'.
INFO: [RTGEN 206-500] Setting interface mode on port 'myproject/layer2_out_133' to 'ap_vld'.
INFO: [RTGEN 206-500] Setting interface mode on port 'myproject/layer2_out_134' to 'ap_vld'.
INFO: [RTGEN 206-500] Setting interface mode on port 'myproject/layer2_out_135' to 'ap_vld'.
INFO: [RTGEN 206-500] Setting interface mode on port 'myproject/layer2_out_136' to 'ap_vld'.
INFO: [RTGEN 206-500] Setting interface mode on port 'myproject/layer2_out_137' to 'ap_vld'.
INFO: [RTGEN 206-500] Setting interface mode on port 'myproject/layer2_out_138' to 'ap_vld'.
INFO: [RTGEN 206-500] Setting interface mode on port 'myproject/layer2_out_139' to 'ap_vld'.
INFO: [RTGEN 206-500] Setting interface mode on port 'myproject/layer2_out_140' to 'ap_vld'.
INFO: [RTGEN 206-500] Setting interface mode on port 'myproject/layer2_out_141' to 'ap_vld'.
INFO: [RTGEN 206-500] Setting interface mode on port 'myproject/layer2_out_142' to 'ap_vld'.
INFO: [RTGEN 206-500] Setting interface mode on port 'myproject/layer2_out_143' to 'ap_vld'.
INFO: [RTGEN 206-500] Setting interface mode on port 'myproject/layer2_out_144' to 'ap_vld'.
INFO: [RTGEN 206-500] Setting interface mode on port 'myproject/layer2_out_145' to 'ap_vld'.
INFO: [RTGEN 206-500] Setting interface mode on port 'myproject/layer2_out_146' to 'ap_vld'.
INFO: [RTGEN 206-500] Setting interface mode on port 'myproject/layer2_out_147' to 'ap_vld'.
INFO: [RTGEN 206-500] Setting interface mode on port 'myproject/layer2_out_148' to 'ap_vld'.
INFO: [RTGEN 206-500] Setting interface mode on port 'myproject/layer2_out_149' to 'ap_vld'.
INFO: [RTGEN 206-500] Setting interface mode on port 'myproject/layer2_out_150' to 'ap_vld'.
INFO: [RTGEN 206-500] Setting interface mode on port 'myproject/layer2_out_151' to 'ap_vld'.
INFO: [RTGEN 206-500] Setting interface mode on port 'myproject/layer2_out_152' to 'ap_vld'.
INFO: [RTGEN 206-500] Setting interface mode on port 'myproject/layer2_out_153' to 'ap_vld'.
INFO: [RTGEN 206-500] Setting interface mode on port 'myproject/layer2_out_154' to 'ap_vld'.
INFO: [RTGEN 206-500] Setting interface mode on port 'myproject/layer2_out_155' to 'ap_vld'.
INFO: [RTGEN 206-500] Setting interface mode on port 'myproject/layer2_out_156' to 'ap_vld'.
INFO: [RTGEN 206-500] Setting interface mode on port 'myproject/layer2_out_157' to 'ap_vld'.
INFO: [RTGEN 206-500] Setting interface mode on port 'myproject/layer2_out_158' to 'ap_vld'.
INFO: [RTGEN 206-500] Setting interface mode on port 'myproject/layer2_out_159' to 'ap_vld'.
INFO: [RTGEN 206-500] Setting interface mode on port 'myproject/layer2_out_160' to 'ap_vld'.
INFO: [RTGEN 206-500] Setting interface mode on port 'myproject/layer2_out_161' to 'ap_vld'.
INFO: [RTGEN 206-500] Setting interface mode on port 'myproject/layer2_out_162' to 'ap_vld'.
INFO: [RTGEN 206-500] Setting interface mode on port 'myproject/layer2_out_163' to 'ap_vld'.
INFO: [RTGEN 206-500] Setting interface mode on port 'myproject/layer2_out_164' to 'ap_vld'.
INFO: [RTGEN 206-500] Setting interface mode on port 'myproject/layer2_out_165' to 'ap_vld'.
INFO: [RTGEN 206-500] Setting interface mode on port 'myproject/layer2_out_166' to 'ap_vld'.
INFO: [RTGEN 206-500] Setting interface mode on port 'myproject/layer2_out_167' to 'ap_vld'.
INFO: [RTGEN 206-500] Setting interface mode on port 'myproject/layer2_out_168' to 'ap_vld'.
INFO: [RTGEN 206-500] Setting interface mode on port 'myproject/layer2_out_169' to 'ap_vld'.
INFO: [RTGEN 206-500] Setting interface mode on port 'myproject/layer2_out_170' to 'ap_vld'.
INFO: [RTGEN 206-500] Setting interface mode on port 'myproject/layer2_out_171' to 'ap_vld'.
INFO: [RTGEN 206-500] Setting interface mode on port 'myproject/layer2_out_172' to 'ap_vld'.
INFO: [RTGEN 206-500] Setting interface mode on port 'myproject/layer2_out_173' to 'ap_vld'.
INFO: [RTGEN 206-500] Setting interface mode on port 'myproject/layer2_out_174' to 'ap_vld'.
INFO: [RTGEN 206-500] Setting interface mode on port 'myproject/layer2_out_175' to 'ap_vld'.
INFO: [RTGEN 206-500] Setting interface mode on port 'myproject/layer2_out_176' to 'ap_vld'.
INFO: [RTGEN 206-500] Setting interface mode on port 'myproject/layer2_out_177' to 'ap_vld'.
INFO: [RTGEN 206-500] Setting interface mode on port 'myproject/layer2_out_178' to 'ap_vld'.
INFO: [RTGEN 206-500] Setting interface mode on port 'myproject/layer2_out_179' to 'ap_vld'.
INFO: [RTGEN 206-500] Setting interface mode on port 'myproject/layer2_out_180' to 'ap_vld'.
INFO: [RTGEN 206-500] Setting interface mode on port 'myproject/layer2_out_181' to 'ap_vld'.
INFO: [RTGEN 206-500] Setting interface mode on port 'myproject/layer2_out_182' to 'ap_vld'.
INFO: [RTGEN 206-500] Setting interface mode on port 'myproject/layer2_out_183' to 'ap_vld'.
INFO: [RTGEN 206-500] Setting interface mode on port 'myproject/layer2_out_184' to 'ap_vld'.
INFO: [RTGEN 206-500] Setting interface mode on port 'myproject/layer2_out_185' to 'ap_vld'.
INFO: [RTGEN 206-500] Setting interface mode on port 'myproject/layer2_out_186' to 'ap_vld'.
INFO: [RTGEN 206-500] Setting interface mode on port 'myproject/layer2_out_187' to 'ap_vld'.
INFO: [RTGEN 206-500] Setting interface mode on port 'myproject/layer2_out_188' to 'ap_vld'.
INFO: [RTGEN 206-500] Setting interface mode on port 'myproject/layer2_out_189' to 'ap_vld'.
INFO: [RTGEN 206-500] Setting interface mode on port 'myproject/layer2_out_190' to 'ap_vld'.
INFO: [RTGEN 206-500] Setting interface mode on port 'myproject/layer2_out_191' to 'ap_vld'.
INFO: [RTGEN 206-500] Setting interface mode on port 'myproject/layer2_out_192' to 'ap_vld'.
INFO: [RTGEN 206-500] Setting interface mode on port 'myproject/layer2_out_193' to 'ap_vld'.
INFO: [RTGEN 206-500] Setting interface mode on port 'myproject/layer2_out_194' to 'ap_vld'.
INFO: [RTGEN 206-500] Setting interface mode on port 'myproject/layer2_out_195' to 'ap_vld'.
INFO: [RTGEN 206-500] Setting interface mode on port 'myproject/layer2_out_196' to 'ap_vld'.
INFO: [RTGEN 206-500] Setting interface mode on port 'myproject/layer2_out_197' to 'ap_vld'.
INFO: [RTGEN 206-500] Setting interface mode on port 'myproject/layer2_out_198' to 'ap_vld'.
INFO: [RTGEN 206-500] Setting interface mode on port 'myproject/layer2_out_199' to 'ap_vld'.
INFO: [RTGEN 206-500] Setting interface mode on function 'myproject' to 'ap_ctrl_hs'.
INFO: [HLS 200-1030] Apply Unified Pipeline Control on module 'myproject' pipeline 'myproject' pipeline type 'function pipeline'
INFO: [RTGEN 206-104] Estimated max fanout for 'myproject' is 37400 from HDL expression: ((1'b0 == ap_block_pp0_stage0_11001_ignoreCallOp8) & (1'b1 == ap_CS_fsm_pp0_stage0))
INFO: [RTGEN 206-100] Finished creating RTL model for 'myproject'.
INFO: [HLS 200-111] Finished Creating RTL model: CPU user time: 1.8 seconds. CPU system time: 0.09 seconds. Elapsed time: 1.89 seconds; current allocated memory: 559.906 MB.
INFO: [HLS 200-111] Finished Generating all RTL models: CPU user time: 0.4 seconds. CPU system time: 0.03 seconds. Elapsed time: 0.43 seconds; current allocated memory: 559.906 MB.
INFO: [HLS 200-111] Finished Updating report files: CPU user time: 8.03 seconds. CPU system time: 0.05 seconds. Elapsed time: 8.1 seconds; current allocated memory: 571.719 MB.
INFO: [VHDL 208-304] Generating VHDL RTL for myproject.
INFO: [VLOG 209-307] Generating Verilog RTL for myproject.
INFO: [HLS 200-789] **** Estimated Fmax: 231.39 MHz
INFO: [HLS 200-111] Finished Command csynth_design CPU user time: 57.08 seconds. CPU system time: 2.93 seconds. Elapsed time: 62.86 seconds; current allocated memory: 317.773 MB.
INFO: [HLS 200-1510] Running: add_files -tb myproject_test.cpp -cflags -std=c++0x -DRTL_SIM 
INFO: [HLS 200-10] Adding test bench file 'myproject_test.cpp' to the project
INFO: [HLS 200-1510] Running: cosim_design -trace_level all -setup 
INFO: [COSIM 212-47] Using XSIM for RTL simulation.
INFO: [COSIM 212-14] Instrumenting C test bench ...
INFO: [COSIM 212-302] Starting C TB testing ... 
INFO: [COSIM 212-333] Generating C post check test bench ...
INFO: [COSIM 212-12] Generating RTL test bench ...
INFO: [COSIM 212-1] *** C/RTL co-simulation file generation completed. ***
INFO: [COSIM 212-211] II is measurable only when transaction number is greater than 1 in RTL simulation. Otherwise, they will be marked as all NA. If user wants to calculate them, please make sure there are at least 2 transactions in RTL simulation.
INFO: [HLS 200-111] Finished Command cosim_design CPU user time: 40.95 seconds. CPU system time: 2.59 seconds. Elapsed time: 44.18 seconds; current allocated memory: 19.129 MB.
INFO: [COSIM 212-302] Starting C TB testing ...  
INFO: [COSIM 212-323] Starting verilog simulation...
INFO: [COSIM 212-15] Starting XSIM ...
INFO: [COSIM 212-316] Starting C post checking ...
