

================================================================
== Vitis HLS Report for 'transpose_2d_ap_fixed_16_6_5_3_0_ap_fixed_16_6_5_3_0_config3_s'
================================================================
* Date:           Mon Nov 18 12:35:00 2024

* Version:        2020.1 (Build 2902540 on Wed May 27 20:16:15 MDT 2020)
* Project:        myproject_prj
* Solution:       solution1 (Vivado IP Flow Target)
* Product family: virtexuplus
* Target device:  xcvu13p-flga2577-2-e


================================================================
== Performance Estimates
================================================================
+ Timing: 
    * Summary: 
    +--------+---------+----------+------------+
    |  Clock |  Target | Estimated| Uncertainty|
    +--------+---------+----------+------------+
    |ap_clk  | 5.00 ns | 0.594 ns |   0.62 ns  |
    +--------+---------+----------+------------+

+ Latency: 
    * Summary: 
    +---------+---------+-----------+-----------+-----+-----+----------+
    |  Latency (cycles) |   Latency (absolute)  |  Interval | Pipeline |
    |   min   |   max   |    min    |    max    | min | max |   Type   |
    +---------+---------+-----------+-----------+-----+-----+----------+
    |       10|       10| 50.000 ns | 50.000 ns |   10|   10| function |
    +---------+---------+-----------+-----------+-----+-----+----------+

    + Detail: 
        * Instance: 
        N/A

        * Loop: 
        N/A



================================================================
== Utilization Estimates
================================================================
* Summary: 
+---------------------+---------+-------+---------+---------+------+
|         Name        | BRAM_18K|  DSP  |    FF   |   LUT   | URAM |
+---------------------+---------+-------+---------+---------+------+
|DSP                  |        -|      -|        -|        -|     -|
|Expression           |        -|      -|        0|        4|     -|
|FIFO                 |        -|      -|        -|        -|     -|
|Instance             |        -|      -|        -|        -|     -|
|Memory               |        -|      -|        -|        -|     -|
|Multiplexer          |        -|      -|        -|      168|     -|
|Register             |        -|      -|      300|        -|     -|
+---------------------+---------+-------+---------+---------+------+
|Total                |        0|      0|      300|      172|     0|
+---------------------+---------+-------+---------+---------+------+
|Available SLR        |     1344|   3072|   864000|   432000|   320|
+---------------------+---------+-------+---------+---------+------+
|Utilization SLR (%)  |        0|      0|    ~0   |    ~0   |     0|
+---------------------+---------+-------+---------+---------+------+
|Available            |     5376|  12288|  3456000|  1728000|  1280|
+---------------------+---------+-------+---------+---------+------+
|Utilization (%)      |        0|      0|    ~0   |    ~0   |     0|
+---------------------+---------+-------+---------+---------+------+

+ Detail: 
    * Instance: 
    N/A

    * DSP: 
    N/A

    * Memory: 
    N/A

    * FIFO: 
    N/A

    * Expression: 
    +---------------------------+----------+----+---+----+------------+------------+
    |       Variable Name       | Operation| DSP| FF| LUT| Bitwidth P0| Bitwidth P1|
    +---------------------------+----------+----+---+----+------------+------------+
    |ap_block_pp0_stage0_11001  |    and   |   0|  0|   2|           1|           1|
    |ap_enable_pp0              |    xor   |   0|  0|   2|           1|           2|
    +---------------------------+----------+----+---+----+------------+------------+
    |Total                      |          |   0|  0|   4|           2|           3|
    +---------------------------+----------+----+---+----+------------+------------+

    * Multiplexer: 
    +-------------------------+----+-----------+-----+-----------+
    |           Name          | LUT| Input Size| Bits| Total Bits|
    +-------------------------+----+-----------+-----+-----------+
    |ap_NS_fsm                |  50|         11|    1|         11|
    |ap_enable_reg_pp0_iter0  |   9|          2|    1|          2|
    |ap_enable_reg_pp0_iter1  |   9|          2|    1|          2|
    |input_1_address0         |  50|         11|    5|         55|
    |input_1_address1         |  50|         11|    5|         55|
    +-------------------------+----+-----------+-----+-----------+
    |Total                    | 168|         37|   13|        125|
    +-------------------------+----+-----------+-----+-----------+

    * Register: 
    +-----------------------------+----+----+-----+-----------+
    |             Name            | FF | LUT| Bits| Const Bits|
    +-----------------------------+----+----+-----+-----------+
    |ap_CS_fsm                    |  10|   0|   10|          0|
    |ap_enable_reg_pp0_iter0_reg  |   1|   0|    1|          0|
    |ap_enable_reg_pp0_iter1      |   1|   0|    1|          0|
    |input_1_load_10_reg_459      |  16|   0|   16|          0|
    |input_1_load_11_reg_464      |  16|   0|   16|          0|
    |input_1_load_12_reg_479      |  16|   0|   16|          0|
    |input_1_load_13_reg_484      |  16|   0|   16|          0|
    |input_1_load_14_reg_499      |  16|   0|   16|          0|
    |input_1_load_15_reg_504      |  16|   0|   16|          0|
    |input_1_load_16_reg_519      |  16|   0|   16|          0|
    |input_1_load_17_reg_524      |  16|   0|   16|          0|
    |input_1_load_1_reg_364       |  16|   0|   16|          0|
    |input_1_load_2_reg_379       |  16|   0|   16|          0|
    |input_1_load_3_reg_384       |  16|   0|   16|          0|
    |input_1_load_4_reg_399       |  16|   0|   16|          0|
    |input_1_load_5_reg_404       |  16|   0|   16|          0|
    |input_1_load_6_reg_419       |  16|   0|   16|          0|
    |input_1_load_7_reg_424       |  16|   0|   16|          0|
    |input_1_load_8_reg_439       |  16|   0|   16|          0|
    |input_1_load_9_reg_444       |  16|   0|   16|          0|
    |input_1_load_reg_359         |  16|   0|   16|          0|
    +-----------------------------+----+----+-----+-----------+
    |Total                        | 300|   0|  300|          0|
    +-----------------------------+----+----+-----+-----------+



================================================================
== Interface
================================================================
* Summary: 
+------------------+-----+-----+------------+---------------------------------------------------------------------------+--------------+
|     RTL Ports    | Dir | Bits|  Protocol  |                               Source Object                               |    C Type    |
+------------------+-----+-----+------------+---------------------------------------------------------------------------+--------------+
|ap_clk            |  in |    1| ap_ctrl_hs | transpose_2d<ap_fixed<16, 6, 5, 3, 0>, ap_fixed<16, 6, 5, 3, 0>, config3> | return value |
|ap_rst            |  in |    1| ap_ctrl_hs | transpose_2d<ap_fixed<16, 6, 5, 3, 0>, ap_fixed<16, 6, 5, 3, 0>, config3> | return value |
|ap_start          |  in |    1| ap_ctrl_hs | transpose_2d<ap_fixed<16, 6, 5, 3, 0>, ap_fixed<16, 6, 5, 3, 0>, config3> | return value |
|ap_done           | out |    1| ap_ctrl_hs | transpose_2d<ap_fixed<16, 6, 5, 3, 0>, ap_fixed<16, 6, 5, 3, 0>, config3> | return value |
|ap_idle           | out |    1| ap_ctrl_hs | transpose_2d<ap_fixed<16, 6, 5, 3, 0>, ap_fixed<16, 6, 5, 3, 0>, config3> | return value |
|ap_ready          | out |    1| ap_ctrl_hs | transpose_2d<ap_fixed<16, 6, 5, 3, 0>, ap_fixed<16, 6, 5, 3, 0>, config3> | return value |
|ap_return_0       | out |   16| ap_ctrl_hs | transpose_2d<ap_fixed<16, 6, 5, 3, 0>, ap_fixed<16, 6, 5, 3, 0>, config3> | return value |
|ap_return_1       | out |   16| ap_ctrl_hs | transpose_2d<ap_fixed<16, 6, 5, 3, 0>, ap_fixed<16, 6, 5, 3, 0>, config3> | return value |
|ap_return_2       | out |   16| ap_ctrl_hs | transpose_2d<ap_fixed<16, 6, 5, 3, 0>, ap_fixed<16, 6, 5, 3, 0>, config3> | return value |
|ap_return_3       | out |   16| ap_ctrl_hs | transpose_2d<ap_fixed<16, 6, 5, 3, 0>, ap_fixed<16, 6, 5, 3, 0>, config3> | return value |
|ap_return_4       | out |   16| ap_ctrl_hs | transpose_2d<ap_fixed<16, 6, 5, 3, 0>, ap_fixed<16, 6, 5, 3, 0>, config3> | return value |
|ap_return_5       | out |   16| ap_ctrl_hs | transpose_2d<ap_fixed<16, 6, 5, 3, 0>, ap_fixed<16, 6, 5, 3, 0>, config3> | return value |
|ap_return_6       | out |   16| ap_ctrl_hs | transpose_2d<ap_fixed<16, 6, 5, 3, 0>, ap_fixed<16, 6, 5, 3, 0>, config3> | return value |
|ap_return_7       | out |   16| ap_ctrl_hs | transpose_2d<ap_fixed<16, 6, 5, 3, 0>, ap_fixed<16, 6, 5, 3, 0>, config3> | return value |
|ap_return_8       | out |   16| ap_ctrl_hs | transpose_2d<ap_fixed<16, 6, 5, 3, 0>, ap_fixed<16, 6, 5, 3, 0>, config3> | return value |
|ap_return_9       | out |   16| ap_ctrl_hs | transpose_2d<ap_fixed<16, 6, 5, 3, 0>, ap_fixed<16, 6, 5, 3, 0>, config3> | return value |
|ap_return_10      | out |   16| ap_ctrl_hs | transpose_2d<ap_fixed<16, 6, 5, 3, 0>, ap_fixed<16, 6, 5, 3, 0>, config3> | return value |
|ap_return_11      | out |   16| ap_ctrl_hs | transpose_2d<ap_fixed<16, 6, 5, 3, 0>, ap_fixed<16, 6, 5, 3, 0>, config3> | return value |
|ap_return_12      | out |   16| ap_ctrl_hs | transpose_2d<ap_fixed<16, 6, 5, 3, 0>, ap_fixed<16, 6, 5, 3, 0>, config3> | return value |
|ap_return_13      | out |   16| ap_ctrl_hs | transpose_2d<ap_fixed<16, 6, 5, 3, 0>, ap_fixed<16, 6, 5, 3, 0>, config3> | return value |
|ap_return_14      | out |   16| ap_ctrl_hs | transpose_2d<ap_fixed<16, 6, 5, 3, 0>, ap_fixed<16, 6, 5, 3, 0>, config3> | return value |
|ap_return_15      | out |   16| ap_ctrl_hs | transpose_2d<ap_fixed<16, 6, 5, 3, 0>, ap_fixed<16, 6, 5, 3, 0>, config3> | return value |
|ap_return_16      | out |   16| ap_ctrl_hs | transpose_2d<ap_fixed<16, 6, 5, 3, 0>, ap_fixed<16, 6, 5, 3, 0>, config3> | return value |
|ap_return_17      | out |   16| ap_ctrl_hs | transpose_2d<ap_fixed<16, 6, 5, 3, 0>, ap_fixed<16, 6, 5, 3, 0>, config3> | return value |
|ap_return_18      | out |   16| ap_ctrl_hs | transpose_2d<ap_fixed<16, 6, 5, 3, 0>, ap_fixed<16, 6, 5, 3, 0>, config3> | return value |
|ap_return_19      | out |   16| ap_ctrl_hs | transpose_2d<ap_fixed<16, 6, 5, 3, 0>, ap_fixed<16, 6, 5, 3, 0>, config3> | return value |
|input_1_address0  | out |    5|  ap_memory |                                  input_1                                  |     array    |
|input_1_ce0       | out |    1|  ap_memory |                                  input_1                                  |     array    |
|input_1_q0        |  in |   16|  ap_memory |                                  input_1                                  |     array    |
|input_1_address1  | out |    5|  ap_memory |                                  input_1                                  |     array    |
|input_1_ce1       | out |    1|  ap_memory |                                  input_1                                  |     array    |
|input_1_q1        |  in |   16|  ap_memory |                                  input_1                                  |     array    |
+------------------+-----+-----+------------+---------------------------------------------------------------------------+--------------+

============================================================
+ Verbose Summary: Synthesis Manager
============================================================
InlineROM: 1
ExposeGlobal: 0
============================================================
+ Verbose Summary: CDFG Model
============================================================
IsTopModel: 0
ResetActiveHigh: 1
IsCombinational: 2
IsDatapathOnly: 2
HasWiredReturn: 1
HasMFsm: 2
HasVarLatency: 0
IsPipeline: 1
IsRtlPipelined: 1
IsInstanceOverlapped: 0
IsDontTouch: 0
HasImplIP: 0
IsGatedGlobalClock: 0

+ Individual pipeline summary: 
  * Pipeline-0: initiation interval (II) = 10, depth = 11


============================================================
+ Verbose Summary: Schedule
============================================================
* Number of FSM states : 11
* Pipeline : 1
  Pipeline-0 : II = 10, D = 11, States = { 1 2 3 4 5 6 7 8 9 10 11 }
* Dataflow Pipeline: 0

* FSM state transitions: 
1 --> 2 
2 --> 3 
3 --> 4 
4 --> 5 
5 --> 6 
6 --> 7 
7 --> 8 
8 --> 9 
9 --> 10 
10 --> 11 
11 --> 

* FSM state operations: 

State 1 <SV = 0> <Delay = 0.59>
ST_1 : Operation 12 [1/1] (0.00ns)   --->   "%input_1_addr = getelementptr i16 %input_1, i64, i64"   --->   Operation 12 'getelementptr' 'input_1_addr' <Predicate = true> <Delay = 0.00>
ST_1 : Operation 13 [2/2] (0.59ns)   --->   "%input_1_load = load i5 %input_1_addr"   --->   Operation 13 'load' 'input_1_load' <Predicate = true> <Delay = 0.59> <CoreInst = "RAM">   --->   Core 23 'RAM' <Latency = 1> <II = 1> <Delay = 0.59> <Storage> <Opcode : 'load' 'store'> <Ports = 2> <Width = 16> <Depth = 20> <RAM>
ST_1 : Operation 14 [1/1] (0.00ns)   --->   "%input_1_addr_1 = getelementptr i16 %input_1, i64, i64"   --->   Operation 14 'getelementptr' 'input_1_addr_1' <Predicate = true> <Delay = 0.00>
ST_1 : Operation 15 [2/2] (0.59ns)   --->   "%input_1_load_1 = load i5 %input_1_addr_1"   --->   Operation 15 'load' 'input_1_load_1' <Predicate = true> <Delay = 0.59> <CoreInst = "RAM">   --->   Core 23 'RAM' <Latency = 1> <II = 1> <Delay = 0.59> <Storage> <Opcode : 'load' 'store'> <Ports = 2> <Width = 16> <Depth = 20> <RAM>

State 2 <SV = 1> <Delay = 0.59>
ST_2 : Operation 16 [1/2] (0.59ns)   --->   "%input_1_load = load i5 %input_1_addr"   --->   Operation 16 'load' 'input_1_load' <Predicate = true> <Delay = 0.59> <CoreInst = "RAM">   --->   Core 23 'RAM' <Latency = 1> <II = 1> <Delay = 0.59> <Storage> <Opcode : 'load' 'store'> <Ports = 2> <Width = 16> <Depth = 20> <RAM>
ST_2 : Operation 17 [1/2] (0.59ns)   --->   "%input_1_load_1 = load i5 %input_1_addr_1"   --->   Operation 17 'load' 'input_1_load_1' <Predicate = true> <Delay = 0.59> <CoreInst = "RAM">   --->   Core 23 'RAM' <Latency = 1> <II = 1> <Delay = 0.59> <Storage> <Opcode : 'load' 'store'> <Ports = 2> <Width = 16> <Depth = 20> <RAM>
ST_2 : Operation 18 [1/1] (0.00ns)   --->   "%input_1_addr_2 = getelementptr i16 %input_1, i64, i64"   --->   Operation 18 'getelementptr' 'input_1_addr_2' <Predicate = true> <Delay = 0.00>
ST_2 : Operation 19 [2/2] (0.59ns)   --->   "%input_1_load_2 = load i5 %input_1_addr_2"   --->   Operation 19 'load' 'input_1_load_2' <Predicate = true> <Delay = 0.59> <CoreInst = "RAM">   --->   Core 23 'RAM' <Latency = 1> <II = 1> <Delay = 0.59> <Storage> <Opcode : 'load' 'store'> <Ports = 2> <Width = 16> <Depth = 20> <RAM>
ST_2 : Operation 20 [1/1] (0.00ns)   --->   "%input_1_addr_3 = getelementptr i16 %input_1, i64, i64"   --->   Operation 20 'getelementptr' 'input_1_addr_3' <Predicate = true> <Delay = 0.00>
ST_2 : Operation 21 [2/2] (0.59ns)   --->   "%input_1_load_3 = load i5 %input_1_addr_3"   --->   Operation 21 'load' 'input_1_load_3' <Predicate = true> <Delay = 0.59> <CoreInst = "RAM">   --->   Core 23 'RAM' <Latency = 1> <II = 1> <Delay = 0.59> <Storage> <Opcode : 'load' 'store'> <Ports = 2> <Width = 16> <Depth = 20> <RAM>

State 3 <SV = 2> <Delay = 0.59>
ST_3 : Operation 22 [1/2] (0.59ns)   --->   "%input_1_load_2 = load i5 %input_1_addr_2"   --->   Operation 22 'load' 'input_1_load_2' <Predicate = true> <Delay = 0.59> <CoreInst = "RAM">   --->   Core 23 'RAM' <Latency = 1> <II = 1> <Delay = 0.59> <Storage> <Opcode : 'load' 'store'> <Ports = 2> <Width = 16> <Depth = 20> <RAM>
ST_3 : Operation 23 [1/2] (0.59ns)   --->   "%input_1_load_3 = load i5 %input_1_addr_3"   --->   Operation 23 'load' 'input_1_load_3' <Predicate = true> <Delay = 0.59> <CoreInst = "RAM">   --->   Core 23 'RAM' <Latency = 1> <II = 1> <Delay = 0.59> <Storage> <Opcode : 'load' 'store'> <Ports = 2> <Width = 16> <Depth = 20> <RAM>
ST_3 : Operation 24 [1/1] (0.00ns)   --->   "%input_1_addr_4 = getelementptr i16 %input_1, i64, i64"   --->   Operation 24 'getelementptr' 'input_1_addr_4' <Predicate = true> <Delay = 0.00>
ST_3 : Operation 25 [2/2] (0.59ns)   --->   "%input_1_load_4 = load i5 %input_1_addr_4"   --->   Operation 25 'load' 'input_1_load_4' <Predicate = true> <Delay = 0.59> <CoreInst = "RAM">   --->   Core 23 'RAM' <Latency = 1> <II = 1> <Delay = 0.59> <Storage> <Opcode : 'load' 'store'> <Ports = 2> <Width = 16> <Depth = 20> <RAM>
ST_3 : Operation 26 [1/1] (0.00ns)   --->   "%input_1_addr_5 = getelementptr i16 %input_1, i64, i64"   --->   Operation 26 'getelementptr' 'input_1_addr_5' <Predicate = true> <Delay = 0.00>
ST_3 : Operation 27 [2/2] (0.59ns)   --->   "%input_1_load_5 = load i5 %input_1_addr_5"   --->   Operation 27 'load' 'input_1_load_5' <Predicate = true> <Delay = 0.59> <CoreInst = "RAM">   --->   Core 23 'RAM' <Latency = 1> <II = 1> <Delay = 0.59> <Storage> <Opcode : 'load' 'store'> <Ports = 2> <Width = 16> <Depth = 20> <RAM>

State 4 <SV = 3> <Delay = 0.59>
ST_4 : Operation 28 [1/2] (0.59ns)   --->   "%input_1_load_4 = load i5 %input_1_addr_4"   --->   Operation 28 'load' 'input_1_load_4' <Predicate = true> <Delay = 0.59> <CoreInst = "RAM">   --->   Core 23 'RAM' <Latency = 1> <II = 1> <Delay = 0.59> <Storage> <Opcode : 'load' 'store'> <Ports = 2> <Width = 16> <Depth = 20> <RAM>
ST_4 : Operation 29 [1/2] (0.59ns)   --->   "%input_1_load_5 = load i5 %input_1_addr_5"   --->   Operation 29 'load' 'input_1_load_5' <Predicate = true> <Delay = 0.59> <CoreInst = "RAM">   --->   Core 23 'RAM' <Latency = 1> <II = 1> <Delay = 0.59> <Storage> <Opcode : 'load' 'store'> <Ports = 2> <Width = 16> <Depth = 20> <RAM>
ST_4 : Operation 30 [1/1] (0.00ns)   --->   "%input_1_addr_6 = getelementptr i16 %input_1, i64, i64"   --->   Operation 30 'getelementptr' 'input_1_addr_6' <Predicate = true> <Delay = 0.00>
ST_4 : Operation 31 [2/2] (0.59ns)   --->   "%input_1_load_6 = load i5 %input_1_addr_6"   --->   Operation 31 'load' 'input_1_load_6' <Predicate = true> <Delay = 0.59> <CoreInst = "RAM">   --->   Core 23 'RAM' <Latency = 1> <II = 1> <Delay = 0.59> <Storage> <Opcode : 'load' 'store'> <Ports = 2> <Width = 16> <Depth = 20> <RAM>
ST_4 : Operation 32 [1/1] (0.00ns)   --->   "%input_1_addr_7 = getelementptr i16 %input_1, i64, i64"   --->   Operation 32 'getelementptr' 'input_1_addr_7' <Predicate = true> <Delay = 0.00>
ST_4 : Operation 33 [2/2] (0.59ns)   --->   "%input_1_load_7 = load i5 %input_1_addr_7"   --->   Operation 33 'load' 'input_1_load_7' <Predicate = true> <Delay = 0.59> <CoreInst = "RAM">   --->   Core 23 'RAM' <Latency = 1> <II = 1> <Delay = 0.59> <Storage> <Opcode : 'load' 'store'> <Ports = 2> <Width = 16> <Depth = 20> <RAM>

State 5 <SV = 4> <Delay = 0.59>
ST_5 : Operation 34 [1/2] (0.59ns)   --->   "%input_1_load_6 = load i5 %input_1_addr_6"   --->   Operation 34 'load' 'input_1_load_6' <Predicate = true> <Delay = 0.59> <CoreInst = "RAM">   --->   Core 23 'RAM' <Latency = 1> <II = 1> <Delay = 0.59> <Storage> <Opcode : 'load' 'store'> <Ports = 2> <Width = 16> <Depth = 20> <RAM>
ST_5 : Operation 35 [1/2] (0.59ns)   --->   "%input_1_load_7 = load i5 %input_1_addr_7"   --->   Operation 35 'load' 'input_1_load_7' <Predicate = true> <Delay = 0.59> <CoreInst = "RAM">   --->   Core 23 'RAM' <Latency = 1> <II = 1> <Delay = 0.59> <Storage> <Opcode : 'load' 'store'> <Ports = 2> <Width = 16> <Depth = 20> <RAM>
ST_5 : Operation 36 [1/1] (0.00ns)   --->   "%input_1_addr_8 = getelementptr i16 %input_1, i64, i64"   --->   Operation 36 'getelementptr' 'input_1_addr_8' <Predicate = true> <Delay = 0.00>
ST_5 : Operation 37 [2/2] (0.59ns)   --->   "%input_1_load_8 = load i5 %input_1_addr_8"   --->   Operation 37 'load' 'input_1_load_8' <Predicate = true> <Delay = 0.59> <CoreInst = "RAM">   --->   Core 23 'RAM' <Latency = 1> <II = 1> <Delay = 0.59> <Storage> <Opcode : 'load' 'store'> <Ports = 2> <Width = 16> <Depth = 20> <RAM>
ST_5 : Operation 38 [1/1] (0.00ns)   --->   "%input_1_addr_9 = getelementptr i16 %input_1, i64, i64"   --->   Operation 38 'getelementptr' 'input_1_addr_9' <Predicate = true> <Delay = 0.00>
ST_5 : Operation 39 [2/2] (0.59ns)   --->   "%input_1_load_9 = load i5 %input_1_addr_9"   --->   Operation 39 'load' 'input_1_load_9' <Predicate = true> <Delay = 0.59> <CoreInst = "RAM">   --->   Core 23 'RAM' <Latency = 1> <II = 1> <Delay = 0.59> <Storage> <Opcode : 'load' 'store'> <Ports = 2> <Width = 16> <Depth = 20> <RAM>

State 6 <SV = 5> <Delay = 0.59>
ST_6 : Operation 40 [1/2] (0.59ns)   --->   "%input_1_load_8 = load i5 %input_1_addr_8"   --->   Operation 40 'load' 'input_1_load_8' <Predicate = true> <Delay = 0.59> <CoreInst = "RAM">   --->   Core 23 'RAM' <Latency = 1> <II = 1> <Delay = 0.59> <Storage> <Opcode : 'load' 'store'> <Ports = 2> <Width = 16> <Depth = 20> <RAM>
ST_6 : Operation 41 [1/2] (0.59ns)   --->   "%input_1_load_9 = load i5 %input_1_addr_9"   --->   Operation 41 'load' 'input_1_load_9' <Predicate = true> <Delay = 0.59> <CoreInst = "RAM">   --->   Core 23 'RAM' <Latency = 1> <II = 1> <Delay = 0.59> <Storage> <Opcode : 'load' 'store'> <Ports = 2> <Width = 16> <Depth = 20> <RAM>
ST_6 : Operation 42 [1/1] (0.00ns)   --->   "%input_1_addr_10 = getelementptr i16 %input_1, i64, i64"   --->   Operation 42 'getelementptr' 'input_1_addr_10' <Predicate = true> <Delay = 0.00>
ST_6 : Operation 43 [2/2] (0.59ns)   --->   "%input_1_load_10 = load i5 %input_1_addr_10"   --->   Operation 43 'load' 'input_1_load_10' <Predicate = true> <Delay = 0.59> <CoreInst = "RAM">   --->   Core 23 'RAM' <Latency = 1> <II = 1> <Delay = 0.59> <Storage> <Opcode : 'load' 'store'> <Ports = 2> <Width = 16> <Depth = 20> <RAM>
ST_6 : Operation 44 [1/1] (0.00ns)   --->   "%input_1_addr_11 = getelementptr i16 %input_1, i64, i64"   --->   Operation 44 'getelementptr' 'input_1_addr_11' <Predicate = true> <Delay = 0.00>
ST_6 : Operation 45 [2/2] (0.59ns)   --->   "%input_1_load_11 = load i5 %input_1_addr_11"   --->   Operation 45 'load' 'input_1_load_11' <Predicate = true> <Delay = 0.59> <CoreInst = "RAM">   --->   Core 23 'RAM' <Latency = 1> <II = 1> <Delay = 0.59> <Storage> <Opcode : 'load' 'store'> <Ports = 2> <Width = 16> <Depth = 20> <RAM>

State 7 <SV = 6> <Delay = 0.59>
ST_7 : Operation 46 [1/2] (0.59ns)   --->   "%input_1_load_10 = load i5 %input_1_addr_10"   --->   Operation 46 'load' 'input_1_load_10' <Predicate = true> <Delay = 0.59> <CoreInst = "RAM">   --->   Core 23 'RAM' <Latency = 1> <II = 1> <Delay = 0.59> <Storage> <Opcode : 'load' 'store'> <Ports = 2> <Width = 16> <Depth = 20> <RAM>
ST_7 : Operation 47 [1/2] (0.59ns)   --->   "%input_1_load_11 = load i5 %input_1_addr_11"   --->   Operation 47 'load' 'input_1_load_11' <Predicate = true> <Delay = 0.59> <CoreInst = "RAM">   --->   Core 23 'RAM' <Latency = 1> <II = 1> <Delay = 0.59> <Storage> <Opcode : 'load' 'store'> <Ports = 2> <Width = 16> <Depth = 20> <RAM>
ST_7 : Operation 48 [1/1] (0.00ns)   --->   "%input_1_addr_12 = getelementptr i16 %input_1, i64, i64"   --->   Operation 48 'getelementptr' 'input_1_addr_12' <Predicate = true> <Delay = 0.00>
ST_7 : Operation 49 [2/2] (0.59ns)   --->   "%input_1_load_12 = load i5 %input_1_addr_12"   --->   Operation 49 'load' 'input_1_load_12' <Predicate = true> <Delay = 0.59> <CoreInst = "RAM">   --->   Core 23 'RAM' <Latency = 1> <II = 1> <Delay = 0.59> <Storage> <Opcode : 'load' 'store'> <Ports = 2> <Width = 16> <Depth = 20> <RAM>
ST_7 : Operation 50 [1/1] (0.00ns)   --->   "%input_1_addr_13 = getelementptr i16 %input_1, i64, i64"   --->   Operation 50 'getelementptr' 'input_1_addr_13' <Predicate = true> <Delay = 0.00>
ST_7 : Operation 51 [2/2] (0.59ns)   --->   "%input_1_load_13 = load i5 %input_1_addr_13"   --->   Operation 51 'load' 'input_1_load_13' <Predicate = true> <Delay = 0.59> <CoreInst = "RAM">   --->   Core 23 'RAM' <Latency = 1> <II = 1> <Delay = 0.59> <Storage> <Opcode : 'load' 'store'> <Ports = 2> <Width = 16> <Depth = 20> <RAM>

State 8 <SV = 7> <Delay = 0.59>
ST_8 : Operation 52 [1/2] (0.59ns)   --->   "%input_1_load_12 = load i5 %input_1_addr_12"   --->   Operation 52 'load' 'input_1_load_12' <Predicate = true> <Delay = 0.59> <CoreInst = "RAM">   --->   Core 23 'RAM' <Latency = 1> <II = 1> <Delay = 0.59> <Storage> <Opcode : 'load' 'store'> <Ports = 2> <Width = 16> <Depth = 20> <RAM>
ST_8 : Operation 53 [1/2] (0.59ns)   --->   "%input_1_load_13 = load i5 %input_1_addr_13"   --->   Operation 53 'load' 'input_1_load_13' <Predicate = true> <Delay = 0.59> <CoreInst = "RAM">   --->   Core 23 'RAM' <Latency = 1> <II = 1> <Delay = 0.59> <Storage> <Opcode : 'load' 'store'> <Ports = 2> <Width = 16> <Depth = 20> <RAM>
ST_8 : Operation 54 [1/1] (0.00ns)   --->   "%input_1_addr_14 = getelementptr i16 %input_1, i64, i64"   --->   Operation 54 'getelementptr' 'input_1_addr_14' <Predicate = true> <Delay = 0.00>
ST_8 : Operation 55 [2/2] (0.59ns)   --->   "%input_1_load_14 = load i5 %input_1_addr_14"   --->   Operation 55 'load' 'input_1_load_14' <Predicate = true> <Delay = 0.59> <CoreInst = "RAM">   --->   Core 23 'RAM' <Latency = 1> <II = 1> <Delay = 0.59> <Storage> <Opcode : 'load' 'store'> <Ports = 2> <Width = 16> <Depth = 20> <RAM>
ST_8 : Operation 56 [1/1] (0.00ns)   --->   "%input_1_addr_15 = getelementptr i16 %input_1, i64, i64"   --->   Operation 56 'getelementptr' 'input_1_addr_15' <Predicate = true> <Delay = 0.00>
ST_8 : Operation 57 [2/2] (0.59ns)   --->   "%input_1_load_15 = load i5 %input_1_addr_15"   --->   Operation 57 'load' 'input_1_load_15' <Predicate = true> <Delay = 0.59> <CoreInst = "RAM">   --->   Core 23 'RAM' <Latency = 1> <II = 1> <Delay = 0.59> <Storage> <Opcode : 'load' 'store'> <Ports = 2> <Width = 16> <Depth = 20> <RAM>

State 9 <SV = 8> <Delay = 0.59>
ST_9 : Operation 58 [1/2] (0.59ns)   --->   "%input_1_load_14 = load i5 %input_1_addr_14"   --->   Operation 58 'load' 'input_1_load_14' <Predicate = true> <Delay = 0.59> <CoreInst = "RAM">   --->   Core 23 'RAM' <Latency = 1> <II = 1> <Delay = 0.59> <Storage> <Opcode : 'load' 'store'> <Ports = 2> <Width = 16> <Depth = 20> <RAM>
ST_9 : Operation 59 [1/2] (0.59ns)   --->   "%input_1_load_15 = load i5 %input_1_addr_15"   --->   Operation 59 'load' 'input_1_load_15' <Predicate = true> <Delay = 0.59> <CoreInst = "RAM">   --->   Core 23 'RAM' <Latency = 1> <II = 1> <Delay = 0.59> <Storage> <Opcode : 'load' 'store'> <Ports = 2> <Width = 16> <Depth = 20> <RAM>
ST_9 : Operation 60 [1/1] (0.00ns)   --->   "%input_1_addr_16 = getelementptr i16 %input_1, i64, i64"   --->   Operation 60 'getelementptr' 'input_1_addr_16' <Predicate = true> <Delay = 0.00>
ST_9 : Operation 61 [2/2] (0.59ns)   --->   "%input_1_load_16 = load i5 %input_1_addr_16"   --->   Operation 61 'load' 'input_1_load_16' <Predicate = true> <Delay = 0.59> <CoreInst = "RAM">   --->   Core 23 'RAM' <Latency = 1> <II = 1> <Delay = 0.59> <Storage> <Opcode : 'load' 'store'> <Ports = 2> <Width = 16> <Depth = 20> <RAM>
ST_9 : Operation 62 [1/1] (0.00ns)   --->   "%input_1_addr_17 = getelementptr i16 %input_1, i64, i64"   --->   Operation 62 'getelementptr' 'input_1_addr_17' <Predicate = true> <Delay = 0.00>
ST_9 : Operation 63 [2/2] (0.59ns)   --->   "%input_1_load_17 = load i5 %input_1_addr_17"   --->   Operation 63 'load' 'input_1_load_17' <Predicate = true> <Delay = 0.59> <CoreInst = "RAM">   --->   Core 23 'RAM' <Latency = 1> <II = 1> <Delay = 0.59> <Storage> <Opcode : 'load' 'store'> <Ports = 2> <Width = 16> <Depth = 20> <RAM>

State 10 <SV = 9> <Delay = 0.59>
ST_10 : Operation 64 [1/2] (0.59ns)   --->   "%input_1_load_16 = load i5 %input_1_addr_16"   --->   Operation 64 'load' 'input_1_load_16' <Predicate = true> <Delay = 0.59> <CoreInst = "RAM">   --->   Core 23 'RAM' <Latency = 1> <II = 1> <Delay = 0.59> <Storage> <Opcode : 'load' 'store'> <Ports = 2> <Width = 16> <Depth = 20> <RAM>
ST_10 : Operation 65 [1/2] (0.59ns)   --->   "%input_1_load_17 = load i5 %input_1_addr_17"   --->   Operation 65 'load' 'input_1_load_17' <Predicate = true> <Delay = 0.59> <CoreInst = "RAM">   --->   Core 23 'RAM' <Latency = 1> <II = 1> <Delay = 0.59> <Storage> <Opcode : 'load' 'store'> <Ports = 2> <Width = 16> <Depth = 20> <RAM>
ST_10 : Operation 66 [1/1] (0.00ns)   --->   "%input_1_addr_18 = getelementptr i16 %input_1, i64, i64"   --->   Operation 66 'getelementptr' 'input_1_addr_18' <Predicate = true> <Delay = 0.00>
ST_10 : Operation 67 [2/2] (0.59ns)   --->   "%input_1_load_18 = load i5 %input_1_addr_18"   --->   Operation 67 'load' 'input_1_load_18' <Predicate = true> <Delay = 0.59> <CoreInst = "RAM">   --->   Core 23 'RAM' <Latency = 1> <II = 1> <Delay = 0.59> <Storage> <Opcode : 'load' 'store'> <Ports = 2> <Width = 16> <Depth = 20> <RAM>
ST_10 : Operation 68 [1/1] (0.00ns)   --->   "%input_1_addr_19 = getelementptr i16 %input_1, i64, i64"   --->   Operation 68 'getelementptr' 'input_1_addr_19' <Predicate = true> <Delay = 0.00>
ST_10 : Operation 69 [2/2] (0.59ns)   --->   "%input_1_load_19 = load i5 %input_1_addr_19"   --->   Operation 69 'load' 'input_1_load_19' <Predicate = true> <Delay = 0.59> <CoreInst = "RAM">   --->   Core 23 'RAM' <Latency = 1> <II = 1> <Delay = 0.59> <Storage> <Opcode : 'load' 'store'> <Ports = 2> <Width = 16> <Depth = 20> <RAM>

State 11 <SV = 10> <Delay = 0.59>
ST_11 : Operation 70 [1/1] (0.00ns)   --->   "%specinterface_ln0 = specinterface void @_ssdm_op_SpecInterface, i16 %input_1, void @empty_1, i32, i32, void @empty_0, i32, i32, void @empty_0, void @empty_0, void @empty_0, i32, i32, i32, i32, void @empty_0, void @empty_0"   --->   Operation 70 'specinterface' 'specinterface_ln0' <Predicate = true> <Delay = 0.00>
ST_11 : Operation 71 [1/1] (0.00ns)   --->   "%specpipeline_ln16 = specpipeline void @_ssdm_op_SpecPipeline, i32, i32, i32, i32, void @empty_0" [firmware/nnet_utils/nnet_array.h:16]   --->   Operation 71 'specpipeline' 'specpipeline_ln16' <Predicate = true> <Delay = 0.00>
ST_11 : Operation 72 [1/2] (0.59ns)   --->   "%input_1_load_18 = load i5 %input_1_addr_18"   --->   Operation 72 'load' 'input_1_load_18' <Predicate = true> <Delay = 0.59> <CoreInst = "RAM">   --->   Core 23 'RAM' <Latency = 1> <II = 1> <Delay = 0.59> <Storage> <Opcode : 'load' 'store'> <Ports = 2> <Width = 16> <Depth = 20> <RAM>
ST_11 : Operation 73 [1/2] (0.59ns)   --->   "%input_1_load_19 = load i5 %input_1_addr_19"   --->   Operation 73 'load' 'input_1_load_19' <Predicate = true> <Delay = 0.59> <CoreInst = "RAM">   --->   Core 23 'RAM' <Latency = 1> <II = 1> <Delay = 0.59> <Storage> <Opcode : 'load' 'store'> <Ports = 2> <Width = 16> <Depth = 20> <RAM>
ST_11 : Operation 74 [1/1] (0.00ns)   --->   "%mrv = insertvalue i320, i16 %input_1_load" [firmware/nnet_utils/nnet_array.h:24]   --->   Operation 74 'insertvalue' 'mrv' <Predicate = true> <Delay = 0.00>
ST_11 : Operation 75 [1/1] (0.00ns)   --->   "%mrv_1 = insertvalue i320 %mrv, i16 %input_1_load_5" [firmware/nnet_utils/nnet_array.h:24]   --->   Operation 75 'insertvalue' 'mrv_1' <Predicate = true> <Delay = 0.00>
ST_11 : Operation 76 [1/1] (0.00ns)   --->   "%mrv_2 = insertvalue i320 %mrv_1, i16 %input_1_load_10" [firmware/nnet_utils/nnet_array.h:24]   --->   Operation 76 'insertvalue' 'mrv_2' <Predicate = true> <Delay = 0.00>
ST_11 : Operation 77 [1/1] (0.00ns)   --->   "%mrv_3 = insertvalue i320 %mrv_2, i16 %input_1_load_15" [firmware/nnet_utils/nnet_array.h:24]   --->   Operation 77 'insertvalue' 'mrv_3' <Predicate = true> <Delay = 0.00>
ST_11 : Operation 78 [1/1] (0.00ns)   --->   "%mrv_4 = insertvalue i320 %mrv_3, i16 %input_1_load_1" [firmware/nnet_utils/nnet_array.h:24]   --->   Operation 78 'insertvalue' 'mrv_4' <Predicate = true> <Delay = 0.00>
ST_11 : Operation 79 [1/1] (0.00ns)   --->   "%mrv_5 = insertvalue i320 %mrv_4, i16 %input_1_load_6" [firmware/nnet_utils/nnet_array.h:24]   --->   Operation 79 'insertvalue' 'mrv_5' <Predicate = true> <Delay = 0.00>
ST_11 : Operation 80 [1/1] (0.00ns)   --->   "%mrv_6 = insertvalue i320 %mrv_5, i16 %input_1_load_11" [firmware/nnet_utils/nnet_array.h:24]   --->   Operation 80 'insertvalue' 'mrv_6' <Predicate = true> <Delay = 0.00>
ST_11 : Operation 81 [1/1] (0.00ns)   --->   "%mrv_7 = insertvalue i320 %mrv_6, i16 %input_1_load_16" [firmware/nnet_utils/nnet_array.h:24]   --->   Operation 81 'insertvalue' 'mrv_7' <Predicate = true> <Delay = 0.00>
ST_11 : Operation 82 [1/1] (0.00ns)   --->   "%mrv_8 = insertvalue i320 %mrv_7, i16 %input_1_load_2" [firmware/nnet_utils/nnet_array.h:24]   --->   Operation 82 'insertvalue' 'mrv_8' <Predicate = true> <Delay = 0.00>
ST_11 : Operation 83 [1/1] (0.00ns)   --->   "%mrv_9 = insertvalue i320 %mrv_8, i16 %input_1_load_7" [firmware/nnet_utils/nnet_array.h:24]   --->   Operation 83 'insertvalue' 'mrv_9' <Predicate = true> <Delay = 0.00>
ST_11 : Operation 84 [1/1] (0.00ns)   --->   "%mrv_10 = insertvalue i320 %mrv_9, i16 %input_1_load_12" [firmware/nnet_utils/nnet_array.h:24]   --->   Operation 84 'insertvalue' 'mrv_10' <Predicate = true> <Delay = 0.00>
ST_11 : Operation 85 [1/1] (0.00ns)   --->   "%mrv_11 = insertvalue i320 %mrv_10, i16 %input_1_load_17" [firmware/nnet_utils/nnet_array.h:24]   --->   Operation 85 'insertvalue' 'mrv_11' <Predicate = true> <Delay = 0.00>
ST_11 : Operation 86 [1/1] (0.00ns)   --->   "%mrv_12 = insertvalue i320 %mrv_11, i16 %input_1_load_3" [firmware/nnet_utils/nnet_array.h:24]   --->   Operation 86 'insertvalue' 'mrv_12' <Predicate = true> <Delay = 0.00>
ST_11 : Operation 87 [1/1] (0.00ns)   --->   "%mrv_13 = insertvalue i320 %mrv_12, i16 %input_1_load_8" [firmware/nnet_utils/nnet_array.h:24]   --->   Operation 87 'insertvalue' 'mrv_13' <Predicate = true> <Delay = 0.00>
ST_11 : Operation 88 [1/1] (0.00ns)   --->   "%mrv_14 = insertvalue i320 %mrv_13, i16 %input_1_load_13" [firmware/nnet_utils/nnet_array.h:24]   --->   Operation 88 'insertvalue' 'mrv_14' <Predicate = true> <Delay = 0.00>
ST_11 : Operation 89 [1/1] (0.00ns)   --->   "%mrv_15 = insertvalue i320 %mrv_14, i16 %input_1_load_18" [firmware/nnet_utils/nnet_array.h:24]   --->   Operation 89 'insertvalue' 'mrv_15' <Predicate = true> <Delay = 0.00>
ST_11 : Operation 90 [1/1] (0.00ns)   --->   "%mrv_16 = insertvalue i320 %mrv_15, i16 %input_1_load_4" [firmware/nnet_utils/nnet_array.h:24]   --->   Operation 90 'insertvalue' 'mrv_16' <Predicate = true> <Delay = 0.00>
ST_11 : Operation 91 [1/1] (0.00ns)   --->   "%mrv_17 = insertvalue i320 %mrv_16, i16 %input_1_load_9" [firmware/nnet_utils/nnet_array.h:24]   --->   Operation 91 'insertvalue' 'mrv_17' <Predicate = true> <Delay = 0.00>
ST_11 : Operation 92 [1/1] (0.00ns)   --->   "%mrv_18 = insertvalue i320 %mrv_17, i16 %input_1_load_14" [firmware/nnet_utils/nnet_array.h:24]   --->   Operation 92 'insertvalue' 'mrv_18' <Predicate = true> <Delay = 0.00>
ST_11 : Operation 93 [1/1] (0.00ns)   --->   "%mrv_s = insertvalue i320 %mrv_18, i16 %input_1_load_19" [firmware/nnet_utils/nnet_array.h:24]   --->   Operation 93 'insertvalue' 'mrv_s' <Predicate = true> <Delay = 0.00>
ST_11 : Operation 94 [1/1] (0.00ns)   --->   "%ret_ln24 = ret i320 %mrv_s" [firmware/nnet_utils/nnet_array.h:24]   --->   Operation 94 'ret' 'ret_ln24' <Predicate = true> <Delay = 0.00>


============================================================
+ Verbose Summary: Binding
============================================================
STG Binding: 
---------------- STG Properties BEGIN ----------------
- Is combinational: 0
- Is one-state seq: 0
- Is datapath-only: 0
- Is pipelined: 1
- Is top level: 0
Port [ Return ] is wired: 1; IO mode=ap_ctrl_hs:ce=0
Port [ input_1]:  wired=1; compound=1; hidden=0; nouse=0; global=0; static=0; extern=0; dir=0; type=1; pingpong=0; private_global=0; MemPort=[11]; IO mode=ap_memory:ce=0
---------------- STG Properties END ------------------

---------------- Datapath Model BEGIN ----------------

<LifeTime>
<method=bitvector/>
input_1_addr      (getelementptr) [ 001000000000]
input_1_addr_1    (getelementptr) [ 001000000000]
input_1_load      (load         ) [ 010111111111]
input_1_load_1    (load         ) [ 010111111111]
input_1_addr_2    (getelementptr) [ 000100000000]
input_1_addr_3    (getelementptr) [ 000100000000]
input_1_load_2    (load         ) [ 010011111111]
input_1_load_3    (load         ) [ 010011111111]
input_1_addr_4    (getelementptr) [ 000010000000]
input_1_addr_5    (getelementptr) [ 000010000000]
input_1_load_4    (load         ) [ 010001111111]
input_1_load_5    (load         ) [ 010001111111]
input_1_addr_6    (getelementptr) [ 000001000000]
input_1_addr_7    (getelementptr) [ 000001000000]
input_1_load_6    (load         ) [ 010000111111]
input_1_load_7    (load         ) [ 010000111111]
input_1_addr_8    (getelementptr) [ 000000100000]
input_1_addr_9    (getelementptr) [ 000000100000]
input_1_load_8    (load         ) [ 010000011111]
input_1_load_9    (load         ) [ 010000011111]
input_1_addr_10   (getelementptr) [ 000000010000]
input_1_addr_11   (getelementptr) [ 000000010000]
input_1_load_10   (load         ) [ 010000001111]
input_1_load_11   (load         ) [ 010000001111]
input_1_addr_12   (getelementptr) [ 000000001000]
input_1_addr_13   (getelementptr) [ 000000001000]
input_1_load_12   (load         ) [ 010000000111]
input_1_load_13   (load         ) [ 010000000111]
input_1_addr_14   (getelementptr) [ 000000000100]
input_1_addr_15   (getelementptr) [ 000000000100]
input_1_load_14   (load         ) [ 010000000011]
input_1_load_15   (load         ) [ 010000000011]
input_1_addr_16   (getelementptr) [ 000000000010]
input_1_addr_17   (getelementptr) [ 000000000010]
input_1_load_16   (load         ) [ 010000000001]
input_1_load_17   (load         ) [ 010000000001]
input_1_addr_18   (getelementptr) [ 010000000001]
input_1_addr_19   (getelementptr) [ 010000000001]
specinterface_ln0 (specinterface) [ 000000000000]
specpipeline_ln16 (specpipeline ) [ 000000000000]
input_1_load_18   (load         ) [ 000000000000]
input_1_load_19   (load         ) [ 000000000000]
mrv               (insertvalue  ) [ 000000000000]
mrv_1             (insertvalue  ) [ 000000000000]
mrv_2             (insertvalue  ) [ 000000000000]
mrv_3             (insertvalue  ) [ 000000000000]
mrv_4             (insertvalue  ) [ 000000000000]
mrv_5             (insertvalue  ) [ 000000000000]
mrv_6             (insertvalue  ) [ 000000000000]
mrv_7             (insertvalue  ) [ 000000000000]
mrv_8             (insertvalue  ) [ 000000000000]
mrv_9             (insertvalue  ) [ 000000000000]
mrv_10            (insertvalue  ) [ 000000000000]
mrv_11            (insertvalue  ) [ 000000000000]
mrv_12            (insertvalue  ) [ 000000000000]
mrv_13            (insertvalue  ) [ 000000000000]
mrv_14            (insertvalue  ) [ 000000000000]
mrv_15            (insertvalue  ) [ 000000000000]
mrv_16            (insertvalue  ) [ 000000000000]
mrv_17            (insertvalue  ) [ 000000000000]
mrv_18            (insertvalue  ) [ 000000000000]
mrv_s             (insertvalue  ) [ 000000000000]
ret_ln24          (ret          ) [ 000000000000]
</LifeTime>

<model>

<comp_list>
<comp id="0" class="1000" name="input_1">
<pin_list>
<pin id="1" dir="1" index="0" bw="1" slack="0"/>
</pin_list>
<bind>
<StgValue><ssdm name="input_1"/><MemPortTyVec>1 1 </MemPortTyVec>
</StgValue>
</bind>
</comp>

<comp id="2" class="1001" name="const_2">
<pin_list>
<pin id="3" dir="1" index="0" bw="1" slack="0"/>
</pin_list>
<bind>
<StgValue><ssdm name=""/></StgValue>
</bind>
</comp>

<comp id="4" class="1001" name="const_4">
<pin_list>
<pin id="5" dir="1" index="0" bw="1" slack="0"/>
</pin_list>
<bind>
<StgValue><ssdm name=""/></StgValue>
</bind>
</comp>

<comp id="6" class="1001" name="const_6">
<pin_list>
<pin id="7" dir="1" index="0" bw="1" slack="0"/>
</pin_list>
<bind>
<StgValue><ssdm name=""/></StgValue>
</bind>
</comp>

<comp id="8" class="1001" name="const_8">
<pin_list>
<pin id="9" dir="1" index="0" bw="1" slack="0"/>
</pin_list>
<bind>
<StgValue><ssdm name=""/></StgValue>
</bind>
</comp>

<comp id="10" class="1001" name="const_10">
<pin_list>
<pin id="11" dir="1" index="0" bw="1" slack="0"/>
</pin_list>
<bind>
<StgValue><ssdm name=""/></StgValue>
</bind>
</comp>

<comp id="12" class="1001" name="const_12">
<pin_list>
<pin id="13" dir="1" index="0" bw="1" slack="0"/>
</pin_list>
<bind>
<StgValue><ssdm name=""/></StgValue>
</bind>
</comp>

<comp id="14" class="1001" name="const_14">
<pin_list>
<pin id="15" dir="1" index="0" bw="1" slack="0"/>
</pin_list>
<bind>
<StgValue><ssdm name=""/></StgValue>
</bind>
</comp>

<comp id="16" class="1001" name="const_16">
<pin_list>
<pin id="17" dir="1" index="0" bw="1" slack="0"/>
</pin_list>
<bind>
<StgValue><ssdm name=""/></StgValue>
</bind>
</comp>

<comp id="18" class="1001" name="const_18">
<pin_list>
<pin id="19" dir="1" index="0" bw="1" slack="0"/>
</pin_list>
<bind>
<StgValue><ssdm name=""/></StgValue>
</bind>
</comp>

<comp id="20" class="1001" name="const_20">
<pin_list>
<pin id="21" dir="1" index="0" bw="1" slack="0"/>
</pin_list>
<bind>
<StgValue><ssdm name=""/></StgValue>
</bind>
</comp>

<comp id="22" class="1001" name="const_22">
<pin_list>
<pin id="23" dir="1" index="0" bw="1" slack="0"/>
</pin_list>
<bind>
<StgValue><ssdm name=""/></StgValue>
</bind>
</comp>

<comp id="24" class="1001" name="const_24">
<pin_list>
<pin id="25" dir="1" index="0" bw="1" slack="0"/>
</pin_list>
<bind>
<StgValue><ssdm name=""/></StgValue>
</bind>
</comp>

<comp id="26" class="1001" name="const_26">
<pin_list>
<pin id="27" dir="1" index="0" bw="1" slack="0"/>
</pin_list>
<bind>
<StgValue><ssdm name=""/></StgValue>
</bind>
</comp>

<comp id="28" class="1001" name="const_28">
<pin_list>
<pin id="29" dir="1" index="0" bw="1" slack="0"/>
</pin_list>
<bind>
<StgValue><ssdm name=""/></StgValue>
</bind>
</comp>

<comp id="30" class="1001" name="const_30">
<pin_list>
<pin id="31" dir="1" index="0" bw="1" slack="0"/>
</pin_list>
<bind>
<StgValue><ssdm name=""/></StgValue>
</bind>
</comp>

<comp id="32" class="1001" name="const_32">
<pin_list>
<pin id="33" dir="1" index="0" bw="1" slack="0"/>
</pin_list>
<bind>
<StgValue><ssdm name=""/></StgValue>
</bind>
</comp>

<comp id="34" class="1001" name="const_34">
<pin_list>
<pin id="35" dir="1" index="0" bw="1" slack="0"/>
</pin_list>
<bind>
<StgValue><ssdm name=""/></StgValue>
</bind>
</comp>

<comp id="36" class="1001" name="const_36">
<pin_list>
<pin id="37" dir="1" index="0" bw="1" slack="0"/>
</pin_list>
<bind>
<StgValue><ssdm name=""/></StgValue>
</bind>
</comp>

<comp id="38" class="1001" name="const_38">
<pin_list>
<pin id="39" dir="1" index="0" bw="1" slack="0"/>
</pin_list>
<bind>
<StgValue><ssdm name=""/></StgValue>
</bind>
</comp>

<comp id="40" class="1001" name="const_40">
<pin_list>
<pin id="41" dir="1" index="0" bw="1" slack="0"/>
</pin_list>
<bind>
<StgValue><ssdm name=""/></StgValue>
</bind>
</comp>

<comp id="42" class="1001" name="const_42">
<pin_list>
<pin id="43" dir="1" index="0" bw="1" slack="2147483647"/>
</pin_list>
<bind>
<StgValue><ssdm name="_ssdm_op_SpecInterface"/></StgValue>
</bind>
</comp>

<comp id="44" class="1001" name="const_44">
<pin_list>
<pin id="45" dir="1" index="0" bw="1" slack="2147483647"/>
</pin_list>
<bind>
<StgValue><ssdm name="empty_1"/></StgValue>
</bind>
</comp>

<comp id="46" class="1001" name="const_46">
<pin_list>
<pin id="47" dir="1" index="0" bw="1" slack="2147483647"/>
</pin_list>
<bind>
<StgValue><ssdm name=""/></StgValue>
</bind>
</comp>

<comp id="48" class="1001" name="const_48">
<pin_list>
<pin id="49" dir="1" index="0" bw="1" slack="2147483647"/>
</pin_list>
<bind>
<StgValue><ssdm name="empty_0"/></StgValue>
</bind>
</comp>

<comp id="50" class="1001" name="const_50">
<pin_list>
<pin id="51" dir="1" index="0" bw="1" slack="2147483647"/>
</pin_list>
<bind>
<StgValue><ssdm name=""/></StgValue>
</bind>
</comp>

<comp id="52" class="1001" name="const_52">
<pin_list>
<pin id="53" dir="1" index="0" bw="1" slack="2147483647"/>
</pin_list>
<bind>
<StgValue><ssdm name="_ssdm_op_SpecPipeline"/></StgValue>
</bind>
</comp>

<comp id="54" class="1001" name="const_54">
<pin_list>
<pin id="55" dir="1" index="0" bw="1" slack="2147483647"/>
</pin_list>
<bind>
<StgValue><ssdm name=""/></StgValue>
</bind>
</comp>

<comp id="56" class="1001" name="const_56">
<pin_list>
<pin id="57" dir="1" index="0" bw="1" slack="0"/>
</pin_list>
<bind>
<StgValue><ssdm name=""/></StgValue>
</bind>
</comp>

<comp id="58" class="1004" name="input_1_addr_gep_fu_58">
<pin_list>
<pin id="59" dir="0" index="0" bw="16" slack="0"/>
<pin id="60" dir="0" index="1" bw="1" slack="0"/>
<pin id="61" dir="0" index="2" bw="1" slack="0"/>
<pin id="62" dir="1" index="3" bw="5" slack="0"/>
</pin_list>
<bind>
<opcode="getelementptr(29) " fcode="getelementptr"/>
<opset="input_1_addr/1 "/>
</bind>
</comp>

<comp id="66" class="1004" name="grp_access_fu_66">
<pin_list>
<pin id="67" dir="0" index="0" bw="5" slack="0"/>
<pin id="68" dir="0" index="1" bw="16" slack="2147483647"/>
<pin id="69" dir="0" index="2" bw="0" slack="0"/>
<pin id="71" dir="0" index="4" bw="5" slack="2147483647"/>
<pin id="72" dir="0" index="5" bw="16" slack="2147483647"/>
<pin id="73" dir="0" index="6" bw="0" slack="2147483647"/>
<pin id="70" dir="1" index="3" bw="16" slack="0"/>
<pin id="74" dir="1" index="7" bw="16" slack="0"/>
</pin_list>
<bind>
<opcode="load(27) " fcode="load"/>
<opset="input_1_load/1 input_1_load_1/1 input_1_load_2/2 input_1_load_3/2 input_1_load_4/3 input_1_load_5/3 input_1_load_6/4 input_1_load_7/4 input_1_load_8/5 input_1_load_9/5 input_1_load_10/6 input_1_load_11/6 input_1_load_12/7 input_1_load_13/7 input_1_load_14/8 input_1_load_15/8 input_1_load_16/9 input_1_load_17/9 input_1_load_18/10 input_1_load_19/10 "/>
</bind>
</comp>

<comp id="76" class="1004" name="input_1_addr_1_gep_fu_76">
<pin_list>
<pin id="77" dir="0" index="0" bw="16" slack="0"/>
<pin id="78" dir="0" index="1" bw="1" slack="0"/>
<pin id="79" dir="0" index="2" bw="1" slack="0"/>
<pin id="80" dir="1" index="3" bw="5" slack="0"/>
</pin_list>
<bind>
<opcode="getelementptr(29) " fcode="getelementptr"/>
<opset="input_1_addr_1/1 "/>
</bind>
</comp>

<comp id="85" class="1004" name="input_1_addr_2_gep_fu_85">
<pin_list>
<pin id="86" dir="0" index="0" bw="16" slack="0"/>
<pin id="87" dir="0" index="1" bw="1" slack="0"/>
<pin id="88" dir="0" index="2" bw="3" slack="0"/>
<pin id="89" dir="1" index="3" bw="5" slack="0"/>
</pin_list>
<bind>
<opcode="getelementptr(29) " fcode="getelementptr"/>
<opset="input_1_addr_2/2 "/>
</bind>
</comp>

<comp id="94" class="1004" name="input_1_addr_3_gep_fu_94">
<pin_list>
<pin id="95" dir="0" index="0" bw="16" slack="0"/>
<pin id="96" dir="0" index="1" bw="1" slack="0"/>
<pin id="97" dir="0" index="2" bw="3" slack="0"/>
<pin id="98" dir="1" index="3" bw="5" slack="0"/>
</pin_list>
<bind>
<opcode="getelementptr(29) " fcode="getelementptr"/>
<opset="input_1_addr_3/2 "/>
</bind>
</comp>

<comp id="103" class="1004" name="input_1_addr_4_gep_fu_103">
<pin_list>
<pin id="104" dir="0" index="0" bw="16" slack="0"/>
<pin id="105" dir="0" index="1" bw="1" slack="0"/>
<pin id="106" dir="0" index="2" bw="4" slack="0"/>
<pin id="107" dir="1" index="3" bw="5" slack="0"/>
</pin_list>
<bind>
<opcode="getelementptr(29) " fcode="getelementptr"/>
<opset="input_1_addr_4/3 "/>
</bind>
</comp>

<comp id="112" class="1004" name="input_1_addr_5_gep_fu_112">
<pin_list>
<pin id="113" dir="0" index="0" bw="16" slack="0"/>
<pin id="114" dir="0" index="1" bw="1" slack="0"/>
<pin id="115" dir="0" index="2" bw="4" slack="0"/>
<pin id="116" dir="1" index="3" bw="5" slack="0"/>
</pin_list>
<bind>
<opcode="getelementptr(29) " fcode="getelementptr"/>
<opset="input_1_addr_5/3 "/>
</bind>
</comp>

<comp id="121" class="1004" name="input_1_addr_6_gep_fu_121">
<pin_list>
<pin id="122" dir="0" index="0" bw="16" slack="0"/>
<pin id="123" dir="0" index="1" bw="1" slack="0"/>
<pin id="124" dir="0" index="2" bw="4" slack="0"/>
<pin id="125" dir="1" index="3" bw="5" slack="0"/>
</pin_list>
<bind>
<opcode="getelementptr(29) " fcode="getelementptr"/>
<opset="input_1_addr_6/4 "/>
</bind>
</comp>

<comp id="130" class="1004" name="input_1_addr_7_gep_fu_130">
<pin_list>
<pin id="131" dir="0" index="0" bw="16" slack="0"/>
<pin id="132" dir="0" index="1" bw="1" slack="0"/>
<pin id="133" dir="0" index="2" bw="4" slack="0"/>
<pin id="134" dir="1" index="3" bw="5" slack="0"/>
</pin_list>
<bind>
<opcode="getelementptr(29) " fcode="getelementptr"/>
<opset="input_1_addr_7/4 "/>
</bind>
</comp>

<comp id="139" class="1004" name="input_1_addr_8_gep_fu_139">
<pin_list>
<pin id="140" dir="0" index="0" bw="16" slack="0"/>
<pin id="141" dir="0" index="1" bw="1" slack="0"/>
<pin id="142" dir="0" index="2" bw="5" slack="0"/>
<pin id="143" dir="1" index="3" bw="5" slack="0"/>
</pin_list>
<bind>
<opcode="getelementptr(29) " fcode="getelementptr"/>
<opset="input_1_addr_8/5 "/>
</bind>
</comp>

<comp id="148" class="1004" name="input_1_addr_9_gep_fu_148">
<pin_list>
<pin id="149" dir="0" index="0" bw="16" slack="0"/>
<pin id="150" dir="0" index="1" bw="1" slack="0"/>
<pin id="151" dir="0" index="2" bw="5" slack="0"/>
<pin id="152" dir="1" index="3" bw="5" slack="0"/>
</pin_list>
<bind>
<opcode="getelementptr(29) " fcode="getelementptr"/>
<opset="input_1_addr_9/5 "/>
</bind>
</comp>

<comp id="157" class="1004" name="input_1_addr_10_gep_fu_157">
<pin_list>
<pin id="158" dir="0" index="0" bw="16" slack="0"/>
<pin id="159" dir="0" index="1" bw="1" slack="0"/>
<pin id="160" dir="0" index="2" bw="5" slack="0"/>
<pin id="161" dir="1" index="3" bw="5" slack="0"/>
</pin_list>
<bind>
<opcode="getelementptr(29) " fcode="getelementptr"/>
<opset="input_1_addr_10/6 "/>
</bind>
</comp>

<comp id="166" class="1004" name="input_1_addr_11_gep_fu_166">
<pin_list>
<pin id="167" dir="0" index="0" bw="16" slack="0"/>
<pin id="168" dir="0" index="1" bw="1" slack="0"/>
<pin id="169" dir="0" index="2" bw="5" slack="0"/>
<pin id="170" dir="1" index="3" bw="5" slack="0"/>
</pin_list>
<bind>
<opcode="getelementptr(29) " fcode="getelementptr"/>
<opset="input_1_addr_11/6 "/>
</bind>
</comp>

<comp id="175" class="1004" name="input_1_addr_12_gep_fu_175">
<pin_list>
<pin id="176" dir="0" index="0" bw="16" slack="0"/>
<pin id="177" dir="0" index="1" bw="1" slack="0"/>
<pin id="178" dir="0" index="2" bw="5" slack="0"/>
<pin id="179" dir="1" index="3" bw="5" slack="0"/>
</pin_list>
<bind>
<opcode="getelementptr(29) " fcode="getelementptr"/>
<opset="input_1_addr_12/7 "/>
</bind>
</comp>

<comp id="184" class="1004" name="input_1_addr_13_gep_fu_184">
<pin_list>
<pin id="185" dir="0" index="0" bw="16" slack="0"/>
<pin id="186" dir="0" index="1" bw="1" slack="0"/>
<pin id="187" dir="0" index="2" bw="5" slack="0"/>
<pin id="188" dir="1" index="3" bw="5" slack="0"/>
</pin_list>
<bind>
<opcode="getelementptr(29) " fcode="getelementptr"/>
<opset="input_1_addr_13/7 "/>
</bind>
</comp>

<comp id="193" class="1004" name="input_1_addr_14_gep_fu_193">
<pin_list>
<pin id="194" dir="0" index="0" bw="16" slack="0"/>
<pin id="195" dir="0" index="1" bw="1" slack="0"/>
<pin id="196" dir="0" index="2" bw="5" slack="0"/>
<pin id="197" dir="1" index="3" bw="5" slack="0"/>
</pin_list>
<bind>
<opcode="getelementptr(29) " fcode="getelementptr"/>
<opset="input_1_addr_14/8 "/>
</bind>
</comp>

<comp id="202" class="1004" name="input_1_addr_15_gep_fu_202">
<pin_list>
<pin id="203" dir="0" index="0" bw="16" slack="0"/>
<pin id="204" dir="0" index="1" bw="1" slack="0"/>
<pin id="205" dir="0" index="2" bw="5" slack="0"/>
<pin id="206" dir="1" index="3" bw="5" slack="0"/>
</pin_list>
<bind>
<opcode="getelementptr(29) " fcode="getelementptr"/>
<opset="input_1_addr_15/8 "/>
</bind>
</comp>

<comp id="211" class="1004" name="input_1_addr_16_gep_fu_211">
<pin_list>
<pin id="212" dir="0" index="0" bw="16" slack="0"/>
<pin id="213" dir="0" index="1" bw="1" slack="0"/>
<pin id="214" dir="0" index="2" bw="6" slack="0"/>
<pin id="215" dir="1" index="3" bw="5" slack="0"/>
</pin_list>
<bind>
<opcode="getelementptr(29) " fcode="getelementptr"/>
<opset="input_1_addr_16/9 "/>
</bind>
</comp>

<comp id="220" class="1004" name="input_1_addr_17_gep_fu_220">
<pin_list>
<pin id="221" dir="0" index="0" bw="16" slack="0"/>
<pin id="222" dir="0" index="1" bw="1" slack="0"/>
<pin id="223" dir="0" index="2" bw="6" slack="0"/>
<pin id="224" dir="1" index="3" bw="5" slack="0"/>
</pin_list>
<bind>
<opcode="getelementptr(29) " fcode="getelementptr"/>
<opset="input_1_addr_17/9 "/>
</bind>
</comp>

<comp id="229" class="1004" name="input_1_addr_18_gep_fu_229">
<pin_list>
<pin id="230" dir="0" index="0" bw="16" slack="0"/>
<pin id="231" dir="0" index="1" bw="1" slack="0"/>
<pin id="232" dir="0" index="2" bw="6" slack="0"/>
<pin id="233" dir="1" index="3" bw="5" slack="0"/>
</pin_list>
<bind>
<opcode="getelementptr(29) " fcode="getelementptr"/>
<opset="input_1_addr_18/10 "/>
</bind>
</comp>

<comp id="238" class="1004" name="input_1_addr_19_gep_fu_238">
<pin_list>
<pin id="239" dir="0" index="0" bw="16" slack="0"/>
<pin id="240" dir="0" index="1" bw="1" slack="0"/>
<pin id="241" dir="0" index="2" bw="6" slack="0"/>
<pin id="242" dir="1" index="3" bw="5" slack="0"/>
</pin_list>
<bind>
<opcode="getelementptr(29) " fcode="getelementptr"/>
<opset="input_1_addr_19/10 "/>
</bind>
</comp>

<comp id="247" class="1004" name="mrv_fu_247">
<pin_list>
<pin id="248" dir="0" index="0" bw="320" slack="0"/>
<pin id="249" dir="0" index="1" bw="16" slack="9"/>
<pin id="250" dir="1" index="2" bw="320" slack="0"/>
</pin_list>
<bind>
<opcode="insertvalue(57) " fcode="insertvalue"/>
<opset="mrv/11 "/>
</bind>
</comp>

<comp id="252" class="1004" name="mrv_1_fu_252">
<pin_list>
<pin id="253" dir="0" index="0" bw="320" slack="0"/>
<pin id="254" dir="0" index="1" bw="16" slack="7"/>
<pin id="255" dir="1" index="2" bw="320" slack="0"/>
</pin_list>
<bind>
<opcode="insertvalue(57) " fcode="insertvalue"/>
<opset="mrv_1/11 "/>
</bind>
</comp>

<comp id="257" class="1004" name="mrv_2_fu_257">
<pin_list>
<pin id="258" dir="0" index="0" bw="320" slack="0"/>
<pin id="259" dir="0" index="1" bw="16" slack="4"/>
<pin id="260" dir="1" index="2" bw="320" slack="0"/>
</pin_list>
<bind>
<opcode="insertvalue(57) " fcode="insertvalue"/>
<opset="mrv_2/11 "/>
</bind>
</comp>

<comp id="262" class="1004" name="mrv_3_fu_262">
<pin_list>
<pin id="263" dir="0" index="0" bw="320" slack="0"/>
<pin id="264" dir="0" index="1" bw="16" slack="2"/>
<pin id="265" dir="1" index="2" bw="320" slack="0"/>
</pin_list>
<bind>
<opcode="insertvalue(57) " fcode="insertvalue"/>
<opset="mrv_3/11 "/>
</bind>
</comp>

<comp id="267" class="1004" name="mrv_4_fu_267">
<pin_list>
<pin id="268" dir="0" index="0" bw="320" slack="0"/>
<pin id="269" dir="0" index="1" bw="16" slack="9"/>
<pin id="270" dir="1" index="2" bw="320" slack="0"/>
</pin_list>
<bind>
<opcode="insertvalue(57) " fcode="insertvalue"/>
<opset="mrv_4/11 "/>
</bind>
</comp>

<comp id="272" class="1004" name="mrv_5_fu_272">
<pin_list>
<pin id="273" dir="0" index="0" bw="320" slack="0"/>
<pin id="274" dir="0" index="1" bw="16" slack="6"/>
<pin id="275" dir="1" index="2" bw="320" slack="0"/>
</pin_list>
<bind>
<opcode="insertvalue(57) " fcode="insertvalue"/>
<opset="mrv_5/11 "/>
</bind>
</comp>

<comp id="277" class="1004" name="mrv_6_fu_277">
<pin_list>
<pin id="278" dir="0" index="0" bw="320" slack="0"/>
<pin id="279" dir="0" index="1" bw="16" slack="4"/>
<pin id="280" dir="1" index="2" bw="320" slack="0"/>
</pin_list>
<bind>
<opcode="insertvalue(57) " fcode="insertvalue"/>
<opset="mrv_6/11 "/>
</bind>
</comp>

<comp id="282" class="1004" name="mrv_7_fu_282">
<pin_list>
<pin id="283" dir="0" index="0" bw="320" slack="0"/>
<pin id="284" dir="0" index="1" bw="16" slack="1"/>
<pin id="285" dir="1" index="2" bw="320" slack="0"/>
</pin_list>
<bind>
<opcode="insertvalue(57) " fcode="insertvalue"/>
<opset="mrv_7/11 "/>
</bind>
</comp>

<comp id="287" class="1004" name="mrv_8_fu_287">
<pin_list>
<pin id="288" dir="0" index="0" bw="320" slack="0"/>
<pin id="289" dir="0" index="1" bw="16" slack="8"/>
<pin id="290" dir="1" index="2" bw="320" slack="0"/>
</pin_list>
<bind>
<opcode="insertvalue(57) " fcode="insertvalue"/>
<opset="mrv_8/11 "/>
</bind>
</comp>

<comp id="292" class="1004" name="mrv_9_fu_292">
<pin_list>
<pin id="293" dir="0" index="0" bw="320" slack="0"/>
<pin id="294" dir="0" index="1" bw="16" slack="6"/>
<pin id="295" dir="1" index="2" bw="320" slack="0"/>
</pin_list>
<bind>
<opcode="insertvalue(57) " fcode="insertvalue"/>
<opset="mrv_9/11 "/>
</bind>
</comp>

<comp id="297" class="1004" name="mrv_10_fu_297">
<pin_list>
<pin id="298" dir="0" index="0" bw="320" slack="0"/>
<pin id="299" dir="0" index="1" bw="16" slack="3"/>
<pin id="300" dir="1" index="2" bw="320" slack="0"/>
</pin_list>
<bind>
<opcode="insertvalue(57) " fcode="insertvalue"/>
<opset="mrv_10/11 "/>
</bind>
</comp>

<comp id="302" class="1004" name="mrv_11_fu_302">
<pin_list>
<pin id="303" dir="0" index="0" bw="320" slack="0"/>
<pin id="304" dir="0" index="1" bw="16" slack="1"/>
<pin id="305" dir="1" index="2" bw="320" slack="0"/>
</pin_list>
<bind>
<opcode="insertvalue(57) " fcode="insertvalue"/>
<opset="mrv_11/11 "/>
</bind>
</comp>

<comp id="307" class="1004" name="mrv_12_fu_307">
<pin_list>
<pin id="308" dir="0" index="0" bw="320" slack="0"/>
<pin id="309" dir="0" index="1" bw="16" slack="8"/>
<pin id="310" dir="1" index="2" bw="320" slack="0"/>
</pin_list>
<bind>
<opcode="insertvalue(57) " fcode="insertvalue"/>
<opset="mrv_12/11 "/>
</bind>
</comp>

<comp id="312" class="1004" name="mrv_13_fu_312">
<pin_list>
<pin id="313" dir="0" index="0" bw="320" slack="0"/>
<pin id="314" dir="0" index="1" bw="16" slack="5"/>
<pin id="315" dir="1" index="2" bw="320" slack="0"/>
</pin_list>
<bind>
<opcode="insertvalue(57) " fcode="insertvalue"/>
<opset="mrv_13/11 "/>
</bind>
</comp>

<comp id="317" class="1004" name="mrv_14_fu_317">
<pin_list>
<pin id="318" dir="0" index="0" bw="320" slack="0"/>
<pin id="319" dir="0" index="1" bw="16" slack="3"/>
<pin id="320" dir="1" index="2" bw="320" slack="0"/>
</pin_list>
<bind>
<opcode="insertvalue(57) " fcode="insertvalue"/>
<opset="mrv_14/11 "/>
</bind>
</comp>

<comp id="322" class="1004" name="mrv_15_fu_322">
<pin_list>
<pin id="323" dir="0" index="0" bw="320" slack="0"/>
<pin id="324" dir="0" index="1" bw="16" slack="0"/>
<pin id="325" dir="1" index="2" bw="320" slack="0"/>
</pin_list>
<bind>
<opcode="insertvalue(57) " fcode="insertvalue"/>
<opset="mrv_15/11 "/>
</bind>
</comp>

<comp id="328" class="1004" name="mrv_16_fu_328">
<pin_list>
<pin id="329" dir="0" index="0" bw="320" slack="0"/>
<pin id="330" dir="0" index="1" bw="16" slack="7"/>
<pin id="331" dir="1" index="2" bw="320" slack="0"/>
</pin_list>
<bind>
<opcode="insertvalue(57) " fcode="insertvalue"/>
<opset="mrv_16/11 "/>
</bind>
</comp>

<comp id="333" class="1004" name="mrv_17_fu_333">
<pin_list>
<pin id="334" dir="0" index="0" bw="320" slack="0"/>
<pin id="335" dir="0" index="1" bw="16" slack="5"/>
<pin id="336" dir="1" index="2" bw="320" slack="0"/>
</pin_list>
<bind>
<opcode="insertvalue(57) " fcode="insertvalue"/>
<opset="mrv_17/11 "/>
</bind>
</comp>

<comp id="338" class="1004" name="mrv_18_fu_338">
<pin_list>
<pin id="339" dir="0" index="0" bw="320" slack="0"/>
<pin id="340" dir="0" index="1" bw="16" slack="2"/>
<pin id="341" dir="1" index="2" bw="320" slack="0"/>
</pin_list>
<bind>
<opcode="insertvalue(57) " fcode="insertvalue"/>
<opset="mrv_18/11 "/>
</bind>
</comp>

<comp id="343" class="1004" name="mrv_s_fu_343">
<pin_list>
<pin id="344" dir="0" index="0" bw="320" slack="0"/>
<pin id="345" dir="0" index="1" bw="16" slack="0"/>
<pin id="346" dir="1" index="2" bw="320" slack="2147483647"/>
</pin_list>
<bind>
<opcode="insertvalue(57) " fcode="insertvalue"/>
<opset="mrv_s/11 "/>
</bind>
</comp>

<comp id="349" class="1005" name="input_1_addr_reg_349">
<pin_list>
<pin id="350" dir="0" index="0" bw="5" slack="1"/>
<pin id="351" dir="1" index="1" bw="5" slack="1"/>
</pin_list>
<bind>
<opset="input_1_addr "/>
</bind>
</comp>

<comp id="354" class="1005" name="input_1_addr_1_reg_354">
<pin_list>
<pin id="355" dir="0" index="0" bw="5" slack="1"/>
<pin id="356" dir="1" index="1" bw="5" slack="1"/>
</pin_list>
<bind>
<opset="input_1_addr_1 "/>
</bind>
</comp>

<comp id="359" class="1005" name="input_1_load_reg_359">
<pin_list>
<pin id="360" dir="0" index="0" bw="16" slack="9"/>
<pin id="361" dir="1" index="1" bw="16" slack="9"/>
</pin_list>
<bind>
<opset="input_1_load "/>
</bind>
</comp>

<comp id="364" class="1005" name="input_1_load_1_reg_364">
<pin_list>
<pin id="365" dir="0" index="0" bw="16" slack="9"/>
<pin id="366" dir="1" index="1" bw="16" slack="9"/>
</pin_list>
<bind>
<opset="input_1_load_1 "/>
</bind>
</comp>

<comp id="369" class="1005" name="input_1_addr_2_reg_369">
<pin_list>
<pin id="370" dir="0" index="0" bw="5" slack="1"/>
<pin id="371" dir="1" index="1" bw="5" slack="1"/>
</pin_list>
<bind>
<opset="input_1_addr_2 "/>
</bind>
</comp>

<comp id="374" class="1005" name="input_1_addr_3_reg_374">
<pin_list>
<pin id="375" dir="0" index="0" bw="5" slack="1"/>
<pin id="376" dir="1" index="1" bw="5" slack="1"/>
</pin_list>
<bind>
<opset="input_1_addr_3 "/>
</bind>
</comp>

<comp id="379" class="1005" name="input_1_load_2_reg_379">
<pin_list>
<pin id="380" dir="0" index="0" bw="16" slack="8"/>
<pin id="381" dir="1" index="1" bw="16" slack="8"/>
</pin_list>
<bind>
<opset="input_1_load_2 "/>
</bind>
</comp>

<comp id="384" class="1005" name="input_1_load_3_reg_384">
<pin_list>
<pin id="385" dir="0" index="0" bw="16" slack="8"/>
<pin id="386" dir="1" index="1" bw="16" slack="8"/>
</pin_list>
<bind>
<opset="input_1_load_3 "/>
</bind>
</comp>

<comp id="389" class="1005" name="input_1_addr_4_reg_389">
<pin_list>
<pin id="390" dir="0" index="0" bw="5" slack="1"/>
<pin id="391" dir="1" index="1" bw="5" slack="1"/>
</pin_list>
<bind>
<opset="input_1_addr_4 "/>
</bind>
</comp>

<comp id="394" class="1005" name="input_1_addr_5_reg_394">
<pin_list>
<pin id="395" dir="0" index="0" bw="5" slack="1"/>
<pin id="396" dir="1" index="1" bw="5" slack="1"/>
</pin_list>
<bind>
<opset="input_1_addr_5 "/>
</bind>
</comp>

<comp id="399" class="1005" name="input_1_load_4_reg_399">
<pin_list>
<pin id="400" dir="0" index="0" bw="16" slack="7"/>
<pin id="401" dir="1" index="1" bw="16" slack="7"/>
</pin_list>
<bind>
<opset="input_1_load_4 "/>
</bind>
</comp>

<comp id="404" class="1005" name="input_1_load_5_reg_404">
<pin_list>
<pin id="405" dir="0" index="0" bw="16" slack="7"/>
<pin id="406" dir="1" index="1" bw="16" slack="7"/>
</pin_list>
<bind>
<opset="input_1_load_5 "/>
</bind>
</comp>

<comp id="409" class="1005" name="input_1_addr_6_reg_409">
<pin_list>
<pin id="410" dir="0" index="0" bw="5" slack="1"/>
<pin id="411" dir="1" index="1" bw="5" slack="1"/>
</pin_list>
<bind>
<opset="input_1_addr_6 "/>
</bind>
</comp>

<comp id="414" class="1005" name="input_1_addr_7_reg_414">
<pin_list>
<pin id="415" dir="0" index="0" bw="5" slack="1"/>
<pin id="416" dir="1" index="1" bw="5" slack="1"/>
</pin_list>
<bind>
<opset="input_1_addr_7 "/>
</bind>
</comp>

<comp id="419" class="1005" name="input_1_load_6_reg_419">
<pin_list>
<pin id="420" dir="0" index="0" bw="16" slack="6"/>
<pin id="421" dir="1" index="1" bw="16" slack="6"/>
</pin_list>
<bind>
<opset="input_1_load_6 "/>
</bind>
</comp>

<comp id="424" class="1005" name="input_1_load_7_reg_424">
<pin_list>
<pin id="425" dir="0" index="0" bw="16" slack="6"/>
<pin id="426" dir="1" index="1" bw="16" slack="6"/>
</pin_list>
<bind>
<opset="input_1_load_7 "/>
</bind>
</comp>

<comp id="429" class="1005" name="input_1_addr_8_reg_429">
<pin_list>
<pin id="430" dir="0" index="0" bw="5" slack="1"/>
<pin id="431" dir="1" index="1" bw="5" slack="1"/>
</pin_list>
<bind>
<opset="input_1_addr_8 "/>
</bind>
</comp>

<comp id="434" class="1005" name="input_1_addr_9_reg_434">
<pin_list>
<pin id="435" dir="0" index="0" bw="5" slack="1"/>
<pin id="436" dir="1" index="1" bw="5" slack="1"/>
</pin_list>
<bind>
<opset="input_1_addr_9 "/>
</bind>
</comp>

<comp id="439" class="1005" name="input_1_load_8_reg_439">
<pin_list>
<pin id="440" dir="0" index="0" bw="16" slack="5"/>
<pin id="441" dir="1" index="1" bw="16" slack="5"/>
</pin_list>
<bind>
<opset="input_1_load_8 "/>
</bind>
</comp>

<comp id="444" class="1005" name="input_1_load_9_reg_444">
<pin_list>
<pin id="445" dir="0" index="0" bw="16" slack="5"/>
<pin id="446" dir="1" index="1" bw="16" slack="5"/>
</pin_list>
<bind>
<opset="input_1_load_9 "/>
</bind>
</comp>

<comp id="449" class="1005" name="input_1_addr_10_reg_449">
<pin_list>
<pin id="450" dir="0" index="0" bw="5" slack="1"/>
<pin id="451" dir="1" index="1" bw="5" slack="1"/>
</pin_list>
<bind>
<opset="input_1_addr_10 "/>
</bind>
</comp>

<comp id="454" class="1005" name="input_1_addr_11_reg_454">
<pin_list>
<pin id="455" dir="0" index="0" bw="5" slack="1"/>
<pin id="456" dir="1" index="1" bw="5" slack="1"/>
</pin_list>
<bind>
<opset="input_1_addr_11 "/>
</bind>
</comp>

<comp id="459" class="1005" name="input_1_load_10_reg_459">
<pin_list>
<pin id="460" dir="0" index="0" bw="16" slack="4"/>
<pin id="461" dir="1" index="1" bw="16" slack="4"/>
</pin_list>
<bind>
<opset="input_1_load_10 "/>
</bind>
</comp>

<comp id="464" class="1005" name="input_1_load_11_reg_464">
<pin_list>
<pin id="465" dir="0" index="0" bw="16" slack="4"/>
<pin id="466" dir="1" index="1" bw="16" slack="4"/>
</pin_list>
<bind>
<opset="input_1_load_11 "/>
</bind>
</comp>

<comp id="469" class="1005" name="input_1_addr_12_reg_469">
<pin_list>
<pin id="470" dir="0" index="0" bw="5" slack="1"/>
<pin id="471" dir="1" index="1" bw="5" slack="1"/>
</pin_list>
<bind>
<opset="input_1_addr_12 "/>
</bind>
</comp>

<comp id="474" class="1005" name="input_1_addr_13_reg_474">
<pin_list>
<pin id="475" dir="0" index="0" bw="5" slack="1"/>
<pin id="476" dir="1" index="1" bw="5" slack="1"/>
</pin_list>
<bind>
<opset="input_1_addr_13 "/>
</bind>
</comp>

<comp id="479" class="1005" name="input_1_load_12_reg_479">
<pin_list>
<pin id="480" dir="0" index="0" bw="16" slack="3"/>
<pin id="481" dir="1" index="1" bw="16" slack="3"/>
</pin_list>
<bind>
<opset="input_1_load_12 "/>
</bind>
</comp>

<comp id="484" class="1005" name="input_1_load_13_reg_484">
<pin_list>
<pin id="485" dir="0" index="0" bw="16" slack="3"/>
<pin id="486" dir="1" index="1" bw="16" slack="3"/>
</pin_list>
<bind>
<opset="input_1_load_13 "/>
</bind>
</comp>

<comp id="489" class="1005" name="input_1_addr_14_reg_489">
<pin_list>
<pin id="490" dir="0" index="0" bw="5" slack="1"/>
<pin id="491" dir="1" index="1" bw="5" slack="1"/>
</pin_list>
<bind>
<opset="input_1_addr_14 "/>
</bind>
</comp>

<comp id="494" class="1005" name="input_1_addr_15_reg_494">
<pin_list>
<pin id="495" dir="0" index="0" bw="5" slack="1"/>
<pin id="496" dir="1" index="1" bw="5" slack="1"/>
</pin_list>
<bind>
<opset="input_1_addr_15 "/>
</bind>
</comp>

<comp id="499" class="1005" name="input_1_load_14_reg_499">
<pin_list>
<pin id="500" dir="0" index="0" bw="16" slack="2"/>
<pin id="501" dir="1" index="1" bw="16" slack="2"/>
</pin_list>
<bind>
<opset="input_1_load_14 "/>
</bind>
</comp>

<comp id="504" class="1005" name="input_1_load_15_reg_504">
<pin_list>
<pin id="505" dir="0" index="0" bw="16" slack="2"/>
<pin id="506" dir="1" index="1" bw="16" slack="2"/>
</pin_list>
<bind>
<opset="input_1_load_15 "/>
</bind>
</comp>

<comp id="509" class="1005" name="input_1_addr_16_reg_509">
<pin_list>
<pin id="510" dir="0" index="0" bw="5" slack="1"/>
<pin id="511" dir="1" index="1" bw="5" slack="1"/>
</pin_list>
<bind>
<opset="input_1_addr_16 "/>
</bind>
</comp>

<comp id="514" class="1005" name="input_1_addr_17_reg_514">
<pin_list>
<pin id="515" dir="0" index="0" bw="5" slack="1"/>
<pin id="516" dir="1" index="1" bw="5" slack="1"/>
</pin_list>
<bind>
<opset="input_1_addr_17 "/>
</bind>
</comp>

<comp id="519" class="1005" name="input_1_load_16_reg_519">
<pin_list>
<pin id="520" dir="0" index="0" bw="16" slack="1"/>
<pin id="521" dir="1" index="1" bw="16" slack="1"/>
</pin_list>
<bind>
<opset="input_1_load_16 "/>
</bind>
</comp>

<comp id="524" class="1005" name="input_1_load_17_reg_524">
<pin_list>
<pin id="525" dir="0" index="0" bw="16" slack="1"/>
<pin id="526" dir="1" index="1" bw="16" slack="1"/>
</pin_list>
<bind>
<opset="input_1_load_17 "/>
</bind>
</comp>

<comp id="529" class="1005" name="input_1_addr_18_reg_529">
<pin_list>
<pin id="530" dir="0" index="0" bw="5" slack="1"/>
<pin id="531" dir="1" index="1" bw="5" slack="1"/>
</pin_list>
<bind>
<opset="input_1_addr_18 "/>
</bind>
</comp>

<comp id="534" class="1005" name="input_1_addr_19_reg_534">
<pin_list>
<pin id="535" dir="0" index="0" bw="5" slack="1"/>
<pin id="536" dir="1" index="1" bw="5" slack="1"/>
</pin_list>
<bind>
<opset="input_1_addr_19 "/>
</bind>
</comp>

</comp_list>

<net_list>
<net id="63"><net_src comp="0" pin="0"/><net_sink comp="58" pin=0"/></net>

<net id="64"><net_src comp="2" pin="0"/><net_sink comp="58" pin=1"/></net>

<net id="65"><net_src comp="2" pin="0"/><net_sink comp="58" pin=2"/></net>

<net id="75"><net_src comp="58" pin="3"/><net_sink comp="66" pin=2"/></net>

<net id="81"><net_src comp="0" pin="0"/><net_sink comp="76" pin=0"/></net>

<net id="82"><net_src comp="2" pin="0"/><net_sink comp="76" pin=1"/></net>

<net id="83"><net_src comp="4" pin="0"/><net_sink comp="76" pin=2"/></net>

<net id="84"><net_src comp="76" pin="3"/><net_sink comp="66" pin=0"/></net>

<net id="90"><net_src comp="0" pin="0"/><net_sink comp="85" pin=0"/></net>

<net id="91"><net_src comp="2" pin="0"/><net_sink comp="85" pin=1"/></net>

<net id="92"><net_src comp="6" pin="0"/><net_sink comp="85" pin=2"/></net>

<net id="93"><net_src comp="85" pin="3"/><net_sink comp="66" pin=2"/></net>

<net id="99"><net_src comp="0" pin="0"/><net_sink comp="94" pin=0"/></net>

<net id="100"><net_src comp="2" pin="0"/><net_sink comp="94" pin=1"/></net>

<net id="101"><net_src comp="8" pin="0"/><net_sink comp="94" pin=2"/></net>

<net id="102"><net_src comp="94" pin="3"/><net_sink comp="66" pin=0"/></net>

<net id="108"><net_src comp="0" pin="0"/><net_sink comp="103" pin=0"/></net>

<net id="109"><net_src comp="2" pin="0"/><net_sink comp="103" pin=1"/></net>

<net id="110"><net_src comp="10" pin="0"/><net_sink comp="103" pin=2"/></net>

<net id="111"><net_src comp="103" pin="3"/><net_sink comp="66" pin=2"/></net>

<net id="117"><net_src comp="0" pin="0"/><net_sink comp="112" pin=0"/></net>

<net id="118"><net_src comp="2" pin="0"/><net_sink comp="112" pin=1"/></net>

<net id="119"><net_src comp="12" pin="0"/><net_sink comp="112" pin=2"/></net>

<net id="120"><net_src comp="112" pin="3"/><net_sink comp="66" pin=0"/></net>

<net id="126"><net_src comp="0" pin="0"/><net_sink comp="121" pin=0"/></net>

<net id="127"><net_src comp="2" pin="0"/><net_sink comp="121" pin=1"/></net>

<net id="128"><net_src comp="14" pin="0"/><net_sink comp="121" pin=2"/></net>

<net id="129"><net_src comp="121" pin="3"/><net_sink comp="66" pin=2"/></net>

<net id="135"><net_src comp="0" pin="0"/><net_sink comp="130" pin=0"/></net>

<net id="136"><net_src comp="2" pin="0"/><net_sink comp="130" pin=1"/></net>

<net id="137"><net_src comp="16" pin="0"/><net_sink comp="130" pin=2"/></net>

<net id="138"><net_src comp="130" pin="3"/><net_sink comp="66" pin=0"/></net>

<net id="144"><net_src comp="0" pin="0"/><net_sink comp="139" pin=0"/></net>

<net id="145"><net_src comp="2" pin="0"/><net_sink comp="139" pin=1"/></net>

<net id="146"><net_src comp="18" pin="0"/><net_sink comp="139" pin=2"/></net>

<net id="147"><net_src comp="139" pin="3"/><net_sink comp="66" pin=2"/></net>

<net id="153"><net_src comp="0" pin="0"/><net_sink comp="148" pin=0"/></net>

<net id="154"><net_src comp="2" pin="0"/><net_sink comp="148" pin=1"/></net>

<net id="155"><net_src comp="20" pin="0"/><net_sink comp="148" pin=2"/></net>

<net id="156"><net_src comp="148" pin="3"/><net_sink comp="66" pin=0"/></net>

<net id="162"><net_src comp="0" pin="0"/><net_sink comp="157" pin=0"/></net>

<net id="163"><net_src comp="2" pin="0"/><net_sink comp="157" pin=1"/></net>

<net id="164"><net_src comp="22" pin="0"/><net_sink comp="157" pin=2"/></net>

<net id="165"><net_src comp="157" pin="3"/><net_sink comp="66" pin=2"/></net>

<net id="171"><net_src comp="0" pin="0"/><net_sink comp="166" pin=0"/></net>

<net id="172"><net_src comp="2" pin="0"/><net_sink comp="166" pin=1"/></net>

<net id="173"><net_src comp="24" pin="0"/><net_sink comp="166" pin=2"/></net>

<net id="174"><net_src comp="166" pin="3"/><net_sink comp="66" pin=0"/></net>

<net id="180"><net_src comp="0" pin="0"/><net_sink comp="175" pin=0"/></net>

<net id="181"><net_src comp="2" pin="0"/><net_sink comp="175" pin=1"/></net>

<net id="182"><net_src comp="26" pin="0"/><net_sink comp="175" pin=2"/></net>

<net id="183"><net_src comp="175" pin="3"/><net_sink comp="66" pin=2"/></net>

<net id="189"><net_src comp="0" pin="0"/><net_sink comp="184" pin=0"/></net>

<net id="190"><net_src comp="2" pin="0"/><net_sink comp="184" pin=1"/></net>

<net id="191"><net_src comp="28" pin="0"/><net_sink comp="184" pin=2"/></net>

<net id="192"><net_src comp="184" pin="3"/><net_sink comp="66" pin=0"/></net>

<net id="198"><net_src comp="0" pin="0"/><net_sink comp="193" pin=0"/></net>

<net id="199"><net_src comp="2" pin="0"/><net_sink comp="193" pin=1"/></net>

<net id="200"><net_src comp="30" pin="0"/><net_sink comp="193" pin=2"/></net>

<net id="201"><net_src comp="193" pin="3"/><net_sink comp="66" pin=2"/></net>

<net id="207"><net_src comp="0" pin="0"/><net_sink comp="202" pin=0"/></net>

<net id="208"><net_src comp="2" pin="0"/><net_sink comp="202" pin=1"/></net>

<net id="209"><net_src comp="32" pin="0"/><net_sink comp="202" pin=2"/></net>

<net id="210"><net_src comp="202" pin="3"/><net_sink comp="66" pin=0"/></net>

<net id="216"><net_src comp="0" pin="0"/><net_sink comp="211" pin=0"/></net>

<net id="217"><net_src comp="2" pin="0"/><net_sink comp="211" pin=1"/></net>

<net id="218"><net_src comp="34" pin="0"/><net_sink comp="211" pin=2"/></net>

<net id="219"><net_src comp="211" pin="3"/><net_sink comp="66" pin=2"/></net>

<net id="225"><net_src comp="0" pin="0"/><net_sink comp="220" pin=0"/></net>

<net id="226"><net_src comp="2" pin="0"/><net_sink comp="220" pin=1"/></net>

<net id="227"><net_src comp="36" pin="0"/><net_sink comp="220" pin=2"/></net>

<net id="228"><net_src comp="220" pin="3"/><net_sink comp="66" pin=0"/></net>

<net id="234"><net_src comp="0" pin="0"/><net_sink comp="229" pin=0"/></net>

<net id="235"><net_src comp="2" pin="0"/><net_sink comp="229" pin=1"/></net>

<net id="236"><net_src comp="38" pin="0"/><net_sink comp="229" pin=2"/></net>

<net id="237"><net_src comp="229" pin="3"/><net_sink comp="66" pin=2"/></net>

<net id="243"><net_src comp="0" pin="0"/><net_sink comp="238" pin=0"/></net>

<net id="244"><net_src comp="2" pin="0"/><net_sink comp="238" pin=1"/></net>

<net id="245"><net_src comp="40" pin="0"/><net_sink comp="238" pin=2"/></net>

<net id="246"><net_src comp="238" pin="3"/><net_sink comp="66" pin=0"/></net>

<net id="251"><net_src comp="56" pin="0"/><net_sink comp="247" pin=0"/></net>

<net id="256"><net_src comp="247" pin="2"/><net_sink comp="252" pin=0"/></net>

<net id="261"><net_src comp="252" pin="2"/><net_sink comp="257" pin=0"/></net>

<net id="266"><net_src comp="257" pin="2"/><net_sink comp="262" pin=0"/></net>

<net id="271"><net_src comp="262" pin="2"/><net_sink comp="267" pin=0"/></net>

<net id="276"><net_src comp="267" pin="2"/><net_sink comp="272" pin=0"/></net>

<net id="281"><net_src comp="272" pin="2"/><net_sink comp="277" pin=0"/></net>

<net id="286"><net_src comp="277" pin="2"/><net_sink comp="282" pin=0"/></net>

<net id="291"><net_src comp="282" pin="2"/><net_sink comp="287" pin=0"/></net>

<net id="296"><net_src comp="287" pin="2"/><net_sink comp="292" pin=0"/></net>

<net id="301"><net_src comp="292" pin="2"/><net_sink comp="297" pin=0"/></net>

<net id="306"><net_src comp="297" pin="2"/><net_sink comp="302" pin=0"/></net>

<net id="311"><net_src comp="302" pin="2"/><net_sink comp="307" pin=0"/></net>

<net id="316"><net_src comp="307" pin="2"/><net_sink comp="312" pin=0"/></net>

<net id="321"><net_src comp="312" pin="2"/><net_sink comp="317" pin=0"/></net>

<net id="326"><net_src comp="317" pin="2"/><net_sink comp="322" pin=0"/></net>

<net id="327"><net_src comp="66" pin="7"/><net_sink comp="322" pin=1"/></net>

<net id="332"><net_src comp="322" pin="2"/><net_sink comp="328" pin=0"/></net>

<net id="337"><net_src comp="328" pin="2"/><net_sink comp="333" pin=0"/></net>

<net id="342"><net_src comp="333" pin="2"/><net_sink comp="338" pin=0"/></net>

<net id="347"><net_src comp="338" pin="2"/><net_sink comp="343" pin=0"/></net>

<net id="348"><net_src comp="66" pin="3"/><net_sink comp="343" pin=1"/></net>

<net id="352"><net_src comp="58" pin="3"/><net_sink comp="349" pin=0"/></net>

<net id="353"><net_src comp="349" pin="1"/><net_sink comp="66" pin=2"/></net>

<net id="357"><net_src comp="76" pin="3"/><net_sink comp="354" pin=0"/></net>

<net id="358"><net_src comp="354" pin="1"/><net_sink comp="66" pin=0"/></net>

<net id="362"><net_src comp="66" pin="7"/><net_sink comp="359" pin=0"/></net>

<net id="363"><net_src comp="359" pin="1"/><net_sink comp="247" pin=1"/></net>

<net id="367"><net_src comp="66" pin="3"/><net_sink comp="364" pin=0"/></net>

<net id="368"><net_src comp="364" pin="1"/><net_sink comp="267" pin=1"/></net>

<net id="372"><net_src comp="85" pin="3"/><net_sink comp="369" pin=0"/></net>

<net id="373"><net_src comp="369" pin="1"/><net_sink comp="66" pin=2"/></net>

<net id="377"><net_src comp="94" pin="3"/><net_sink comp="374" pin=0"/></net>

<net id="378"><net_src comp="374" pin="1"/><net_sink comp="66" pin=0"/></net>

<net id="382"><net_src comp="66" pin="7"/><net_sink comp="379" pin=0"/></net>

<net id="383"><net_src comp="379" pin="1"/><net_sink comp="287" pin=1"/></net>

<net id="387"><net_src comp="66" pin="3"/><net_sink comp="384" pin=0"/></net>

<net id="388"><net_src comp="384" pin="1"/><net_sink comp="307" pin=1"/></net>

<net id="392"><net_src comp="103" pin="3"/><net_sink comp="389" pin=0"/></net>

<net id="393"><net_src comp="389" pin="1"/><net_sink comp="66" pin=2"/></net>

<net id="397"><net_src comp="112" pin="3"/><net_sink comp="394" pin=0"/></net>

<net id="398"><net_src comp="394" pin="1"/><net_sink comp="66" pin=0"/></net>

<net id="402"><net_src comp="66" pin="7"/><net_sink comp="399" pin=0"/></net>

<net id="403"><net_src comp="399" pin="1"/><net_sink comp="328" pin=1"/></net>

<net id="407"><net_src comp="66" pin="3"/><net_sink comp="404" pin=0"/></net>

<net id="408"><net_src comp="404" pin="1"/><net_sink comp="252" pin=1"/></net>

<net id="412"><net_src comp="121" pin="3"/><net_sink comp="409" pin=0"/></net>

<net id="413"><net_src comp="409" pin="1"/><net_sink comp="66" pin=2"/></net>

<net id="417"><net_src comp="130" pin="3"/><net_sink comp="414" pin=0"/></net>

<net id="418"><net_src comp="414" pin="1"/><net_sink comp="66" pin=0"/></net>

<net id="422"><net_src comp="66" pin="7"/><net_sink comp="419" pin=0"/></net>

<net id="423"><net_src comp="419" pin="1"/><net_sink comp="272" pin=1"/></net>

<net id="427"><net_src comp="66" pin="3"/><net_sink comp="424" pin=0"/></net>

<net id="428"><net_src comp="424" pin="1"/><net_sink comp="292" pin=1"/></net>

<net id="432"><net_src comp="139" pin="3"/><net_sink comp="429" pin=0"/></net>

<net id="433"><net_src comp="429" pin="1"/><net_sink comp="66" pin=2"/></net>

<net id="437"><net_src comp="148" pin="3"/><net_sink comp="434" pin=0"/></net>

<net id="438"><net_src comp="434" pin="1"/><net_sink comp="66" pin=0"/></net>

<net id="442"><net_src comp="66" pin="7"/><net_sink comp="439" pin=0"/></net>

<net id="443"><net_src comp="439" pin="1"/><net_sink comp="312" pin=1"/></net>

<net id="447"><net_src comp="66" pin="3"/><net_sink comp="444" pin=0"/></net>

<net id="448"><net_src comp="444" pin="1"/><net_sink comp="333" pin=1"/></net>

<net id="452"><net_src comp="157" pin="3"/><net_sink comp="449" pin=0"/></net>

<net id="453"><net_src comp="449" pin="1"/><net_sink comp="66" pin=2"/></net>

<net id="457"><net_src comp="166" pin="3"/><net_sink comp="454" pin=0"/></net>

<net id="458"><net_src comp="454" pin="1"/><net_sink comp="66" pin=0"/></net>

<net id="462"><net_src comp="66" pin="7"/><net_sink comp="459" pin=0"/></net>

<net id="463"><net_src comp="459" pin="1"/><net_sink comp="257" pin=1"/></net>

<net id="467"><net_src comp="66" pin="3"/><net_sink comp="464" pin=0"/></net>

<net id="468"><net_src comp="464" pin="1"/><net_sink comp="277" pin=1"/></net>

<net id="472"><net_src comp="175" pin="3"/><net_sink comp="469" pin=0"/></net>

<net id="473"><net_src comp="469" pin="1"/><net_sink comp="66" pin=2"/></net>

<net id="477"><net_src comp="184" pin="3"/><net_sink comp="474" pin=0"/></net>

<net id="478"><net_src comp="474" pin="1"/><net_sink comp="66" pin=0"/></net>

<net id="482"><net_src comp="66" pin="7"/><net_sink comp="479" pin=0"/></net>

<net id="483"><net_src comp="479" pin="1"/><net_sink comp="297" pin=1"/></net>

<net id="487"><net_src comp="66" pin="3"/><net_sink comp="484" pin=0"/></net>

<net id="488"><net_src comp="484" pin="1"/><net_sink comp="317" pin=1"/></net>

<net id="492"><net_src comp="193" pin="3"/><net_sink comp="489" pin=0"/></net>

<net id="493"><net_src comp="489" pin="1"/><net_sink comp="66" pin=2"/></net>

<net id="497"><net_src comp="202" pin="3"/><net_sink comp="494" pin=0"/></net>

<net id="498"><net_src comp="494" pin="1"/><net_sink comp="66" pin=0"/></net>

<net id="502"><net_src comp="66" pin="7"/><net_sink comp="499" pin=0"/></net>

<net id="503"><net_src comp="499" pin="1"/><net_sink comp="338" pin=1"/></net>

<net id="507"><net_src comp="66" pin="3"/><net_sink comp="504" pin=0"/></net>

<net id="508"><net_src comp="504" pin="1"/><net_sink comp="262" pin=1"/></net>

<net id="512"><net_src comp="211" pin="3"/><net_sink comp="509" pin=0"/></net>

<net id="513"><net_src comp="509" pin="1"/><net_sink comp="66" pin=2"/></net>

<net id="517"><net_src comp="220" pin="3"/><net_sink comp="514" pin=0"/></net>

<net id="518"><net_src comp="514" pin="1"/><net_sink comp="66" pin=0"/></net>

<net id="522"><net_src comp="66" pin="7"/><net_sink comp="519" pin=0"/></net>

<net id="523"><net_src comp="519" pin="1"/><net_sink comp="282" pin=1"/></net>

<net id="527"><net_src comp="66" pin="3"/><net_sink comp="524" pin=0"/></net>

<net id="528"><net_src comp="524" pin="1"/><net_sink comp="302" pin=1"/></net>

<net id="532"><net_src comp="229" pin="3"/><net_sink comp="529" pin=0"/></net>

<net id="533"><net_src comp="529" pin="1"/><net_sink comp="66" pin=2"/></net>

<net id="537"><net_src comp="238" pin="3"/><net_sink comp="534" pin=0"/></net>

<net id="538"><net_src comp="534" pin="1"/><net_sink comp="66" pin=0"/></net>

</net_list>

</model> 
---------------- Datapath Model END ------------------

* FSMD analyzer results:
  - Output states:
	Port: input_1 | {}
 - Input state : 
	Port: transpose_2d<ap_fixed<16, 6, 5, 3, 0>, ap_fixed<16, 6, 5, 3, 0>, config3> : input_1 | {1 2 3 4 5 6 7 8 9 10 11 }
  - Chain level:
	State 1
		input_1_load : 1
		input_1_load_1 : 1
	State 2
		input_1_load_2 : 1
		input_1_load_3 : 1
	State 3
		input_1_load_4 : 1
		input_1_load_5 : 1
	State 4
		input_1_load_6 : 1
		input_1_load_7 : 1
	State 5
		input_1_load_8 : 1
		input_1_load_9 : 1
	State 6
		input_1_load_10 : 1
		input_1_load_11 : 1
	State 7
		input_1_load_12 : 1
		input_1_load_13 : 1
	State 8
		input_1_load_14 : 1
		input_1_load_15 : 1
	State 9
		input_1_load_16 : 1
		input_1_load_17 : 1
	State 10
		input_1_load_18 : 1
		input_1_load_19 : 1
	State 11
		mrv_1 : 1
		mrv_2 : 2
		mrv_3 : 3
		mrv_4 : 4
		mrv_5 : 5
		mrv_6 : 6
		mrv_7 : 7
		mrv_8 : 8
		mrv_9 : 9
		mrv_10 : 10
		mrv_11 : 11
		mrv_12 : 12
		mrv_13 : 13
		mrv_14 : 14
		mrv_15 : 15
		mrv_16 : 16
		mrv_17 : 17
		mrv_18 : 18
		mrv_s : 19
		ret_ln24 : 20


============================================================
+ Verbose Summary: Datapath Resource usage 
============================================================

* Functional unit list:
|----------|----------------|
| Operation| Functional Unit|
|----------|----------------|
|          |   mrv_fu_247   |
|          |  mrv_1_fu_252  |
|          |  mrv_2_fu_257  |
|          |  mrv_3_fu_262  |
|          |  mrv_4_fu_267  |
|          |  mrv_5_fu_272  |
|          |  mrv_6_fu_277  |
|          |  mrv_7_fu_282  |
|          |  mrv_8_fu_287  |
|insertvalue|  mrv_9_fu_292  |
|          |  mrv_10_fu_297 |
|          |  mrv_11_fu_302 |
|          |  mrv_12_fu_307 |
|          |  mrv_13_fu_312 |
|          |  mrv_14_fu_317 |
|          |  mrv_15_fu_322 |
|          |  mrv_16_fu_328 |
|          |  mrv_17_fu_333 |
|          |  mrv_18_fu_338 |
|          |  mrv_s_fu_343  |
|----------|----------------|
|   Total  |                |
|----------|----------------|

Memories:
N/A

* Register list:
+-----------------------+--------+
|                       |   FF   |
+-----------------------+--------+
|input_1_addr_10_reg_449|    5   |
|input_1_addr_11_reg_454|    5   |
|input_1_addr_12_reg_469|    5   |
|input_1_addr_13_reg_474|    5   |
|input_1_addr_14_reg_489|    5   |
|input_1_addr_15_reg_494|    5   |
|input_1_addr_16_reg_509|    5   |
|input_1_addr_17_reg_514|    5   |
|input_1_addr_18_reg_529|    5   |
|input_1_addr_19_reg_534|    5   |
| input_1_addr_1_reg_354|    5   |
| input_1_addr_2_reg_369|    5   |
| input_1_addr_3_reg_374|    5   |
| input_1_addr_4_reg_389|    5   |
| input_1_addr_5_reg_394|    5   |
| input_1_addr_6_reg_409|    5   |
| input_1_addr_7_reg_414|    5   |
| input_1_addr_8_reg_429|    5   |
| input_1_addr_9_reg_434|    5   |
|  input_1_addr_reg_349 |    5   |
|input_1_load_10_reg_459|   16   |
|input_1_load_11_reg_464|   16   |
|input_1_load_12_reg_479|   16   |
|input_1_load_13_reg_484|   16   |
|input_1_load_14_reg_499|   16   |
|input_1_load_15_reg_504|   16   |
|input_1_load_16_reg_519|   16   |
|input_1_load_17_reg_524|   16   |
| input_1_load_1_reg_364|   16   |
| input_1_load_2_reg_379|   16   |
| input_1_load_3_reg_384|   16   |
| input_1_load_4_reg_399|   16   |
| input_1_load_5_reg_404|   16   |
| input_1_load_6_reg_419|   16   |
| input_1_load_7_reg_424|   16   |
| input_1_load_8_reg_439|   16   |
| input_1_load_9_reg_444|   16   |
|  input_1_load_reg_359 |   16   |
+-----------------------+--------+
|         Total         |   388  |
+-----------------------+--------+

* Multiplexer (MUX) list: 
|------------------|------|------|------|--------||---------||---------|
|       Comp       |  Pin | Size |  BW  | S x BW ||  Delay  ||   LUT   |
|------------------|------|------|------|--------||---------||---------|
| grp_access_fu_66 |  p0  |  20  |   5  |   100  ||    97   |
| grp_access_fu_66 |  p2  |  20  |   0  |    0   ||    97   |
|------------------|------|------|------|--------||---------||---------|
|       Total      |      |      |      |   100  || 2.01767 ||   194   |
|------------------|------|------|------|--------||---------||---------|



* Summary:
+-----------+--------+--------+--------+
|           |  Delay |   FF   |   LUT  |
+-----------+--------+--------+--------+
|  Function |    -   |    -   |    -   |
|   Memory  |    -   |    -   |    -   |
|Multiplexer|    2   |    -   |   194  |
|  Register |    -   |   388  |    -   |
+-----------+--------+--------+--------+
|   Total   |    2   |   388  |   194  |
+-----------+--------+--------+--------+
