================================================================
== Design Size Report
================================================================

* Total Instructions per Compilation Phase
+---------------+-----------------------------+--------------+----------------------------------------------------------------------------------------+
| Phase         | Step                        | Instructions | Description                                                                            |
+---------------+-----------------------------+--------------+----------------------------------------------------------------------------------------+
| Compile/Link  |                             |  4,092       | After all functions are compiled and linked into a single design                       |
|               |                             |              |                                                                                        |
| Unroll/Inline |                             |              | After user unroll and inline pragmas are applied                                       |
|               | (1) unroll                  | 96,800       | user unroll pragmas are applied                                                        |
|               | (2) simplification          | 25,761       | simplification of applied user unroll pragmas                                          |
|               | (3) inline                  | 25,759       | user inline pragmas are applied                                                        |
|               | (4) simplification          | 25,759       | simplification of applied user inline pragmas                                          |
|               |                             |              |                                                                                        |
| Array/Struct  |                             |              | After user array partition and struct aggregate/disaggregate pragmas are applied       |
|               | (1) array partition         | 22,781       | user array partition pragmas are applied                                               |
|               | (2) simplification          | 22,781       | simplification of applied user array partition & struct aggregate/disaggregate pragmas |
|               | (3) aggregate/disaggregate  | 22,781       | user struct aggregate/disaggregate pragmas are applied                                 |
|               | (4) array reshape           | 23,741       | apply array reshape pragmas                                                            |
|               | (5) access patterns         | 22,301       | array access pattern optmizations                                                      |
|               |                             |              |                                                                                        |
| Performance   |                             |              | After transformations are applied to meet performance pragma targets                   |
|               | (1) loop simplification     | 21,325       | loop and instruction simplification                                                    |
|               | (2) parallelization         | 21,325       | loops are unrolled or pipelined to meet performance targets                            |
|               | (3) array partition         | 21,325       | arrays are partitioned to meet performance targets                                     |
|               | (4) simplification          | 21,325       | simplification of design after performance transformations                             |
|               |                             |              |                                                                                        |
| HW Transforms |                             |              | After hardware transfomations                                                          |
|               | (1) lowering                | 21,806       | initial conversion to HW specific instructions                                         |
|               | (2) optimizations           | 21,840       | high level synthesis optimizations                                                     |
+---------------+-----------------------------+--------------+----------------------------------------------------------------------------------------+

* Instructions per Function for each Compilation Phase
+--------------------------------------+----------------------+----------------+-------------------+-------------------+-------------------+-------------------+
| Function                             | Location             | Compile/Link   | Unroll/Inline     | Array/Struct      | Performance       | HW Transforms     |
+--------------------------------------+----------------------+----------------+-------------------+-------------------+-------------------+-------------------+
| + myproject                          | myproject.cpp:7      | 4,092          | 25,759            | 22,301            | 21,325            | 21,840            |
|    transpose_2d<ap_fixed<16, 6,...   | nnet_array.h:16      |   29           | 1,919             |   962             |   961             |   962             |
|    transpose_2d<ap_fixed<16, 6,...   | nnet_array.h:16      |   29           | 1,919             |   961             |   481             |   482             |
|  + layernormalize<ap_fixed<16, ...   | nnet_layernorm.h:104 | 4,010          | 21,907            | 18,933            | 17,477            | 17,507            |
|   + layernorm_1d<ap_fixed<16, 6,...  | nnet_layernorm.h:46  | 3,947          | 18,960 (30 calls) | 16,950 (30 calls) | 16,470 (30 calls) | 16,500 (30 calls) |
|      init_invert_sqr_table<config... | nnet_layernorm.h:32  |  414           |                   |                   |                   |                   |
|      product                         | nnet_mult.h:70       |  298 (2 calls) |                   |                   |                   |                   |
+--------------------------------------+----------------------+----------------+-------------------+-------------------+-------------------+-------------------+

* Design Size Message Settings
+---------------------------------------------+--------+------------------------------------------------------------------+
| Message Setting                             | Value  | Description                                                      |
+---------------------------------------------+--------+------------------------------------------------------------------+
| config_compile -design_size_maximum_warning | 100000 | Show a warning when total design instructions exceeds this value |
+---------------------------------------------+--------+------------------------------------------------------------------+


