0.0365429 -1.45579 1.18165 0.979013 -0.740231 1.77539 -0.584001 -1.13475 0.30896 -0.364771 -1.04654 -0.761426 1.03175 -0.601833 1.37962 -0.180905 1.67551 -0.152586 0.336663 -1.67893 
0.929914 -0.759508 -1.61984 -0.767321 2.217 0.477102 -0.918813 -1.0703 -0.155731 1.66632 -1.14511 0.726672 1.4499 -1.03319 0.00172138 0.211127 -0.376823 1.56876 0.125607 -1.52897 
0.256343 1.23289 -0.107908 0.937971 -2.31978 -0.666596 0.410137 -0.748819 1.79031 -0.786016 1.55393 1.32444 -0.821031 -1.53586 -0.522208 -1.0504 0.82164 -1.36973 0.515005 1.08335 
1.11912 -1.59958 1.51071 -0.182614 -0.846664 -1.56982 0.93141 -0.613778 0.122126 1.13059 -1.3847 0.707445 0.472446 -0.97998 1.18397 0.483488 -1.39255 1.5487 0.0156145 -0.6544 
2.43489 -2.7115 0.245479 0.940779 -0.909774 -1.28122 0.924581 0.298917 1.13279 -1.07301 -1.20762 -0.356073 1.83139 -0.999617 0.733751 0.638904 -1.02122 0.868392 -1.405 0.920149 
0.489177 -1.53508 -0.637989 1.39049 0.293928 -0.520209 -0.771685 -0.682928 1.91442 0.061636 -0.546524 0.214464 -0.726299 1.86734 -0.808332 0.128168 0.978951 1.18663 -1.21121 -1.08179 
-1.32603 -1.09166 -0.521354 1.40049 1.53818 1.20237 -1.81723 -0.0356627 0.48704 0.163214 0.0696001 -0.291193 -1.72252 1.16491 0.780418 -1.36 0.283629 1.6315 0.0756731 -0.63138 
-0.528793 1.74586 -0.531335 -1.10572 0.420461 -0.974845 0.804493 -0.167054 1.45732 -1.11882 -0.794664 -0.987174 0.351442 1.76169 -0.333535 0.171139 0.254146 -1.82785 1.42014 -0.017334 
0.791688 -1.4717 0.374748 1.16074 -0.855047 -0.256044 -0.432555 1.19299 -1.51625 1.01032 -1.80947 0.601534 1.17227 0.0864801 -0.0513315 0.852028 0.968003 0.384609 -1.72053 -0.483454 
1.27418 -1.13753 -1.21812 0.456647 0.625993 1.48984 1.53378 -1.35972 -0.590199 -1.07261 -1.00607 0.0804958 1.69375 0.261959 -1.02931 1.73702 -0.0144415 -1.20519 0.195055 -0.710712 
-1.62681 0.405236 -0.640968 1.07856 0.78348 -1.80099 -1.05296 1.74972 0.741929 0.36303 0.995709 1.1002 -0.947615 -1.72885 0.581654 -1.6366 -0.373796 0.386328 1.40795 0.21696 
0.142166 -0.240122 -0.145873 -1.43993 1.68402 -0.379632 1.20237 -1.405 -1.1677 1.75021 -0.121092 -0.650379 -1.61814 1.60349 0.787095 -0.183469 0.330194 1.12315 0.786241 -2.0555 
0.655 -1.57308 0.813157 0.896399 -0.792002 -0.126886 1.28128 0.80757 -0.355821 -1.6056 -0.678556 0.319343 1.59421 -1.37149 0.136361 1.16793 0.305826 -0.123107 -1.81768 0.468087 
0.22189 0.749909 0.502337 -1.97134 0.498227 0.44399 -0.312284 -1.79917 1.03874 0.628153 -0.978845 -1.37943 1.14439 0.818549 0.395771 0.454703 -1.16148 -0.124388 -1.04722 1.87851 
2.05001 0.655505 -1.94601 -0.141356 -0.617909 -0.684436 -0.175656 0.19836 -1.57798 2.24032 3.37921 -1.74765 0.507193 -0.686145 -1.45273 0.357843 1.49926 -0.766809 0.310913 -1.39869 
1.4551 -1.59389 -0.0632658 0.507654 -0.304944 -1.13177 -0.299422 1.82528 -0.547219 0.154238 -1.55905 -0.986799 0.663562 1.5903 0.292475 -1.157 0.534745 1.64961 -0.781054 -0.244687 
1.90438 0.249141 -1.76742 -0.271358 -0.11511 0.540483 -1.72598 0.761155 0.942007 -0.518085 -1.2656 0.468741 -0.42968 2.22457 -0.999006 -1.71552 0.525971 1.29804 -0.2847 0.177295 
0.443839 1.00242 1.17332 -1.54148 -1.07762 -0.649973 -0.850568 1.00911 1.41343 -0.920567 -0.495501 -0.853674 -0.50974 1.9438 -0.0847521 -1.705 -0.224827 1.20227 0.767359 -0.0390682 
-0.259958 0.640651 1.26415 -1.70946 0.065114 1.78496 -0.49336 -1.02849 0.357566 -0.619678 0.716023 -1.10441 0.200463 1.36504 -1.17741 -0.432732 1.51938 -0.273555 0.829941 -1.64267 
2.35823 0.199093 -0.366327 -1.39853 -0.7921 -1.10837 0.726241 -0.308405 -0.860419 1.55171 -0.741735 1.0639 0.473789 -1.57646 0.781453 1.82711 0.0754995 -0.577831 -0.192275 -1.13251 
-0.684368 1.13194 0.145085 0.944427 -1.53709 -0.908797 0.866561 1.87436 -0.523063 -1.30918 0.960177 -0.726129 -0.977444 1.44938 -0.705026 0.0379572 0.00199699 -1.64016 1.52229 0.0779123 
1.61144 0.300995 -0.732116 -1.32622 0.145897 1.83444 -1.75046 -1.85006 0.551259 1.21433 0.926587 -1.87172 0.621901 0.475571 -0.151842 0.366145 0.284309 -1.54289 -0.555215 1.44835 
-0.0925493 -0.371537 -1.34799 0.0724287 1.73965 1.07288 -1.18474 1.29933 -0.764591 -0.423561 1.60447 -0.925095 -1.0961 -0.178416 0.595353 0.725647 -0.429729 -1.77323 0.890463 0.587468 
-0.94613 1.67637 -0.694155 0.612201 -0.647674 -0.833062 -1.43037 0.175783 0.891851 1.19639 0.113446 0.89169 1.2419 -0.847915 -1.39955 -1.94101 0.318719 1.09996 0.239619 0.283564 
0.348781 1.66184 -1.38664 -0.364648 -0.257415 0.627431 1.34666 -1.18767 -1.12521 0.33974 1.64987 0.626453 -1.33543 -1.87936 0.937971 1.43499 0.801641 -0.127798 -1.25906 -0.848778 
1.46628 -2.76606 1.38523 -1.2739 1.18992 0.56049 -0.0982399 -1.4385 1.52519 -0.548192 -1.01464 0.412005 1.72107 -0.887456 -0.231126 -1.42605 1.66224 -0.0850811 -0.37156 0.221716 
0.891707 1.58505 -0.981306 -0.406121 -1.08873 0.406582 -1.25736 1.37435 -1.04443 0.522612 -1.28543 -0.111945 -0.275615 1.79342 -0.121209 -0.705742 1.97824 -0.31175 -0.634339 -0.325776 
0.339228 0.459528 1.09464 -1.86686 -0.0252104 -1.43296 0.884383 1.50644 -0.653675 -0.304072 -0.0530319 0.192192 1.21973 0.453965 -1.81323 0.582321 0.640778 -1.98079 0.247317 0.512622 
-0.0463524 0.85848 0.172361 -1.86046 0.876244 1.20994 1.81637 -2.02535 -0.983381 -0.0166016 -1.45273 -0.564077 2.12142 -0.48986 0.385124 0.0217276 1.11253 -0.0495605 -1.81222 0.72777 
0.262568 -0.0821524 2.14339 -2.48836 0.164913 -0.582248 -0.982051 -0.816799 1.50633 0.87517 0.909285 0.115354 -1.61899 -0.717639 1.31162 1.02452 -0.0155029 1.24619 -0.986189 -1.26841 
