================================================================
== Design Size Report
================================================================

* Total Instructions per Compilation Phase
+---------------+-----------------------------+--------------+----------------------------------------------------------------------------------------+
| Phase         | Step                        | Instructions | Description                                                                            |
+---------------+-----------------------------+--------------+----------------------------------------------------------------------------------------+
| Compile/Link  |                             |  4,092       | After all functions are compiled and linked into a single design                       |
|               |                             |              |                                                                                        |
| Unroll/Inline |                             |              | After user unroll and inline pragmas are applied                                       |
|               | (1) unroll                  | 16,612       | user unroll pragmas are applied                                                        |
|               | (2) simplification          |  4,445       | simplification of applied user unroll pragmas                                          |
|               | (3) inline                  |  4,443       | user inline pragmas are applied                                                        |
|               | (4) simplification          |  4,443       | simplification of applied user inline pragmas                                          |
|               |                             |              |                                                                                        |
| Array/Struct  |                             |              | After user array partition and struct aggregate/disaggregate pragmas are applied       |
|               | (1) array partition         |  3,925       | user array partition pragmas are applied                                               |
|               | (2) simplification          |  3,925       | simplification of applied user array partition & struct aggregate/disaggregate pragmas |
|               | (3) aggregate/disaggregate  |  3,925       | user struct aggregate/disaggregate pragmas are applied                                 |
|               | (4) array reshape           |  4,085       | apply array reshape pragmas                                                            |
|               | (5) access patterns         |  3,845       | array access pattern optmizations                                                      |
|               |                             |              |                                                                                        |
| Performance   |                             |              | After transformations are applied to meet performance pragma targets                   |
|               | (1) loop simplification     |  3,677       | loop and instruction simplification                                                    |
|               | (2) parallelization         |  3,677       | loops are unrolled or pipelined to meet performance targets                            |
|               | (3) array partition         |  3,677       | arrays are partitioned to meet performance targets                                     |
|               | (4) simplification          |  3,677       | simplification of design after performance transformations                             |
|               |                             |              |                                                                                        |
| HW Transforms |                             |              | After hardware transfomations                                                          |
|               | (1) lowering                |  3,758       | initial conversion to HW specific instructions                                         |
|               | (2) optimizations           |  3,772       | high level synthesis optimizations                                                     |
+---------------+-----------------------------+--------------+----------------------------------------------------------------------------------------+

* Instructions per Function for each Compilation Phase
+--------------------------------------+----------------------+----------------+------------------+------------------+------------------+------------------+
| Function                             | Location             | Compile/Link   | Unroll/Inline    | Array/Struct     | Performance      | HW Transforms    |
+--------------------------------------+----------------------+----------------+------------------+------------------+------------------+------------------+
| + myproject                          | myproject.cpp:7      | 4,092          | 4,443            | 3,845            | 3,677            | 3,772            |
|    transpose_2d<ap_fixed<16, 6,...   | nnet_array.h:16      |   29           |  319             |  162             |  161             |  162             |
|    transpose_2d<ap_fixed<16, 6,...   | nnet_array.h:16      |   29           |  319             |  161             |   81             |   82             |
|  + layernormalize<ap_fixed<16, ...   | nnet_layernorm.h:104 | 4,010          | 3,791            | 3,277            | 3,029            | 3,039            |
|   + layernorm_1d<ap_fixed<16, 6,...  | nnet_layernorm.h:46  | 3,947          | 3,280 (10 calls) | 2,930 (10 calls) | 2,850 (10 calls) | 2,860 (10 calls) |
|      init_invert_sqr_table<config... | nnet_layernorm.h:32  |  414           |                  |                  |                  |                  |
|      product                         | nnet_mult.h:70       |  298 (2 calls) |                  |                  |                  |                  |
+--------------------------------------+----------------------+----------------+------------------+------------------+------------------+------------------+

* Design Size Message Settings
+---------------------------------------------+--------+------------------------------------------------------------------+
| Message Setting                             | Value  | Description                                                      |
+---------------------------------------------+--------+------------------------------------------------------------------+
| config_compile -design_size_maximum_warning | 100000 | Show a warning when total design instructions exceeds this value |
+---------------------------------------------+--------+------------------------------------------------------------------+


