#-----------------------------------------------------------
# xsim v2023.2 (64-bit)
# SW Build 4029153 on Fri Oct 13 20:13:54 MDT 2023
# IP Build 4028589 on Sat Oct 14 00:45:43 MDT 2023
# SharedData Build 4025554 on Tue Oct 10 17:18:54 MDT 2023
# Start of session at: Tue Oct 22 19:29:41 2024
# Process ID: 3447797
# Current directory: /data/hlssynt-users/rflynn/transformer-synthesis/hls4ml_projects/keras_layernorm_Vivado/myproject_prj/solution1/sim/verilog
# Command line: xsim -mode tcl -source {xsim.dir/myproject/xsim_script.tcl}
# Log file: /data/hlssynt-users/rflynn/transformer-synthesis/hls4ml_projects/keras_layernorm_Vivado/myproject_prj/solution1/sim/verilog/xsim.log
# Journal file: /data/hlssynt-users/rflynn/transformer-synthesis/hls4ml_projects/keras_layernorm_Vivado/myproject_prj/solution1/sim/verilog/xsim.jou
# Running On: olivb-20.cern.ch, OS: Linux, CPU Frequency: 3200.000 MHz, CPU Physical cores: 23, Host memory: 66857 MB
#-----------------------------------------------------------
source xsim.dir/myproject/xsim_script.tcl
# xsim {myproject} -view {{myproject_dataflow_ana.wcfg}} -tclbatch {myproject.tcl} -protoinst {myproject.protoinst}
INFO: [Wavedata 42-565] Reading protoinst file myproject.protoinst
INFO: [Wavedata 42-564]   Found protocol instance at /apatb_myproject_top/AESL_inst_myproject//AESL_inst_myproject_activity
INFO: [Wavedata 42-564]   Found protocol instance at /apatb_myproject_top/AESL_inst_myproject/grp_layernorm_1d_ap_fixed_16_6_5_3_0_ap_fixed_33_13_5_3_0_config2_s_fu_292/grp_layernorm_1d_ap_fixed_16_6_5_3_0_ap_fixed_33_13_5_3_0_config2_s_fu_292_activity
INFO: [Wavedata 42-564]   Found protocol instance at /apatb_myproject_top/AESL_inst_myproject/grp_layernorm_1d_ap_fixed_16_6_5_3_0_ap_fixed_33_13_5_3_0_config2_s_fu_303/grp_layernorm_1d_ap_fixed_16_6_5_3_0_ap_fixed_33_13_5_3_0_config2_s_fu_303_activity
INFO: [Wavedata 42-564]   Found protocol instance at /apatb_myproject_top/AESL_inst_myproject/grp_layernorm_1d_ap_fixed_16_6_5_3_0_ap_fixed_33_13_5_3_0_config2_s_fu_314/grp_layernorm_1d_ap_fixed_16_6_5_3_0_ap_fixed_33_13_5_3_0_config2_s_fu_314_activity
INFO: [Wavedata 42-564]   Found protocol instance at /apatb_myproject_top/AESL_inst_myproject/grp_layernorm_1d_ap_fixed_16_6_5_3_0_ap_fixed_33_13_5_3_0_config2_s_fu_325/grp_layernorm_1d_ap_fixed_16_6_5_3_0_ap_fixed_33_13_5_3_0_config2_s_fu_325_activity
Time resolution is 1 ps
open_wave_config myproject_dataflow_ana.wcfg
source myproject.tcl
## set designtopgroup [add_wave_group "Design Top Signals"]
## set coutputgroup [add_wave_group "C Outputs" -into $designtopgroup]
## set return_group [add_wave_group return(wire) -into $coutputgroup]
## add_wave /apatb_myproject_top/AESL_inst_myproject/layer2_out_19_ap_vld -into $return_group -color #ffff00 -radix hex
## add_wave /apatb_myproject_top/AESL_inst_myproject/layer2_out_19 -into $return_group -radix hex
## add_wave /apatb_myproject_top/AESL_inst_myproject/layer2_out_18_ap_vld -into $return_group -color #ffff00 -radix hex
## add_wave /apatb_myproject_top/AESL_inst_myproject/layer2_out_18 -into $return_group -radix hex
## add_wave /apatb_myproject_top/AESL_inst_myproject/layer2_out_17_ap_vld -into $return_group -color #ffff00 -radix hex
## add_wave /apatb_myproject_top/AESL_inst_myproject/layer2_out_17 -into $return_group -radix hex
## add_wave /apatb_myproject_top/AESL_inst_myproject/layer2_out_16_ap_vld -into $return_group -color #ffff00 -radix hex
## add_wave /apatb_myproject_top/AESL_inst_myproject/layer2_out_16 -into $return_group -radix hex
## add_wave /apatb_myproject_top/AESL_inst_myproject/layer2_out_15_ap_vld -into $return_group -color #ffff00 -radix hex
## add_wave /apatb_myproject_top/AESL_inst_myproject/layer2_out_15 -into $return_group -radix hex
## add_wave /apatb_myproject_top/AESL_inst_myproject/layer2_out_14_ap_vld -into $return_group -color #ffff00 -radix hex
## add_wave /apatb_myproject_top/AESL_inst_myproject/layer2_out_14 -into $return_group -radix hex
## add_wave /apatb_myproject_top/AESL_inst_myproject/layer2_out_13_ap_vld -into $return_group -color #ffff00 -radix hex
## add_wave /apatb_myproject_top/AESL_inst_myproject/layer2_out_13 -into $return_group -radix hex
## add_wave /apatb_myproject_top/AESL_inst_myproject/layer2_out_12_ap_vld -into $return_group -color #ffff00 -radix hex
## add_wave /apatb_myproject_top/AESL_inst_myproject/layer2_out_12 -into $return_group -radix hex
## add_wave /apatb_myproject_top/AESL_inst_myproject/layer2_out_11_ap_vld -into $return_group -color #ffff00 -radix hex
## add_wave /apatb_myproject_top/AESL_inst_myproject/layer2_out_11 -into $return_group -radix hex
## add_wave /apatb_myproject_top/AESL_inst_myproject/layer2_out_10_ap_vld -into $return_group -color #ffff00 -radix hex
## add_wave /apatb_myproject_top/AESL_inst_myproject/layer2_out_10 -into $return_group -radix hex
## add_wave /apatb_myproject_top/AESL_inst_myproject/layer2_out_9_ap_vld -into $return_group -color #ffff00 -radix hex
## add_wave /apatb_myproject_top/AESL_inst_myproject/layer2_out_9 -into $return_group -radix hex
## add_wave /apatb_myproject_top/AESL_inst_myproject/layer2_out_8_ap_vld -into $return_group -color #ffff00 -radix hex
## add_wave /apatb_myproject_top/AESL_inst_myproject/layer2_out_8 -into $return_group -radix hex
## add_wave /apatb_myproject_top/AESL_inst_myproject/layer2_out_7_ap_vld -into $return_group -color #ffff00 -radix hex
## add_wave /apatb_myproject_top/AESL_inst_myproject/layer2_out_7 -into $return_group -radix hex
## add_wave /apatb_myproject_top/AESL_inst_myproject/layer2_out_6_ap_vld -into $return_group -color #ffff00 -radix hex
## add_wave /apatb_myproject_top/AESL_inst_myproject/layer2_out_6 -into $return_group -radix hex
## add_wave /apatb_myproject_top/AESL_inst_myproject/layer2_out_5_ap_vld -into $return_group -color #ffff00 -radix hex
## add_wave /apatb_myproject_top/AESL_inst_myproject/layer2_out_5 -into $return_group -radix hex
## add_wave /apatb_myproject_top/AESL_inst_myproject/layer2_out_4_ap_vld -into $return_group -color #ffff00 -radix hex
## add_wave /apatb_myproject_top/AESL_inst_myproject/layer2_out_4 -into $return_group -radix hex
## add_wave /apatb_myproject_top/AESL_inst_myproject/layer2_out_3_ap_vld -into $return_group -color #ffff00 -radix hex
## add_wave /apatb_myproject_top/AESL_inst_myproject/layer2_out_3 -into $return_group -radix hex
## add_wave /apatb_myproject_top/AESL_inst_myproject/layer2_out_2_ap_vld -into $return_group -color #ffff00 -radix hex
## add_wave /apatb_myproject_top/AESL_inst_myproject/layer2_out_2 -into $return_group -radix hex
## add_wave /apatb_myproject_top/AESL_inst_myproject/layer2_out_1_ap_vld -into $return_group -color #ffff00 -radix hex
## add_wave /apatb_myproject_top/AESL_inst_myproject/layer2_out_1 -into $return_group -radix hex
## add_wave /apatb_myproject_top/AESL_inst_myproject/layer2_out_0_ap_vld -into $return_group -color #ffff00 -radix hex
## add_wave /apatb_myproject_top/AESL_inst_myproject/layer2_out_0 -into $return_group -radix hex
## set cinputgroup [add_wave_group "C Inputs" -into $designtopgroup]
## set return_group [add_wave_group return(wire) -into $cinputgroup]
## add_wave /apatb_myproject_top/AESL_inst_myproject/layer_normalization_input -into $return_group -radix hex
## add_wave /apatb_myproject_top/AESL_inst_myproject/layer_normalization_input_ap_vld -into $return_group -color #ffff00 -radix hex
## set blocksiggroup [add_wave_group "Block-level IO Handshake" -into $designtopgroup]
## add_wave /apatb_myproject_top/AESL_inst_myproject/ap_start -into $blocksiggroup
## add_wave /apatb_myproject_top/AESL_inst_myproject/ap_done -into $blocksiggroup
## add_wave /apatb_myproject_top/AESL_inst_myproject/ap_idle -into $blocksiggroup
## add_wave /apatb_myproject_top/AESL_inst_myproject/ap_ready -into $blocksiggroup
## set resetgroup [add_wave_group "Reset" -into $designtopgroup]
## add_wave /apatb_myproject_top/AESL_inst_myproject/ap_rst -into $resetgroup
## set clockgroup [add_wave_group "Clock" -into $designtopgroup]
## add_wave /apatb_myproject_top/AESL_inst_myproject/ap_clk -into $clockgroup
## set testbenchgroup [add_wave_group "Test Bench Signals"]
## set tbinternalsiggroup [add_wave_group "Internal Signals" -into $testbenchgroup]
## set tb_simstatus_group [add_wave_group "Simulation Status" -into $tbinternalsiggroup]
## set tb_portdepth_group [add_wave_group "Port Depth" -into $tbinternalsiggroup]
## add_wave /apatb_myproject_top/AUTOTB_TRANSACTION_NUM -into $tb_simstatus_group -radix hex
## add_wave /apatb_myproject_top/ready_cnt -into $tb_simstatus_group -radix hex
## add_wave /apatb_myproject_top/done_cnt -into $tb_simstatus_group -radix hex
## add_wave /apatb_myproject_top/LENGTH_layer2_out_0 -into $tb_portdepth_group -radix hex
## add_wave /apatb_myproject_top/LENGTH_layer2_out_1 -into $tb_portdepth_group -radix hex
## add_wave /apatb_myproject_top/LENGTH_layer2_out_10 -into $tb_portdepth_group -radix hex
## add_wave /apatb_myproject_top/LENGTH_layer2_out_11 -into $tb_portdepth_group -radix hex
## add_wave /apatb_myproject_top/LENGTH_layer2_out_12 -into $tb_portdepth_group -radix hex
## add_wave /apatb_myproject_top/LENGTH_layer2_out_13 -into $tb_portdepth_group -radix hex
## add_wave /apatb_myproject_top/LENGTH_layer2_out_14 -into $tb_portdepth_group -radix hex
## add_wave /apatb_myproject_top/LENGTH_layer2_out_15 -into $tb_portdepth_group -radix hex
## add_wave /apatb_myproject_top/LENGTH_layer2_out_16 -into $tb_portdepth_group -radix hex
## add_wave /apatb_myproject_top/LENGTH_layer2_out_17 -into $tb_portdepth_group -radix hex
## add_wave /apatb_myproject_top/LENGTH_layer2_out_18 -into $tb_portdepth_group -radix hex
## add_wave /apatb_myproject_top/LENGTH_layer2_out_19 -into $tb_portdepth_group -radix hex
## add_wave /apatb_myproject_top/LENGTH_layer2_out_2 -into $tb_portdepth_group -radix hex
## add_wave /apatb_myproject_top/LENGTH_layer2_out_3 -into $tb_portdepth_group -radix hex
## add_wave /apatb_myproject_top/LENGTH_layer2_out_4 -into $tb_portdepth_group -radix hex
## add_wave /apatb_myproject_top/LENGTH_layer2_out_5 -into $tb_portdepth_group -radix hex
## add_wave /apatb_myproject_top/LENGTH_layer2_out_6 -into $tb_portdepth_group -radix hex
## add_wave /apatb_myproject_top/LENGTH_layer2_out_7 -into $tb_portdepth_group -radix hex
## add_wave /apatb_myproject_top/LENGTH_layer2_out_8 -into $tb_portdepth_group -radix hex
## add_wave /apatb_myproject_top/LENGTH_layer2_out_9 -into $tb_portdepth_group -radix hex
## add_wave /apatb_myproject_top/LENGTH_layer_normalization_input -into $tb_portdepth_group -radix hex
## set tbcoutputgroup [add_wave_group "C Outputs" -into $testbenchgroup]
## set tb_return_group [add_wave_group return(wire) -into $tbcoutputgroup]
## add_wave /apatb_myproject_top/layer2_out_19_ap_vld -into $tb_return_group -color #ffff00 -radix hex
## add_wave /apatb_myproject_top/layer2_out_19 -into $tb_return_group -radix hex
## add_wave /apatb_myproject_top/layer2_out_18_ap_vld -into $tb_return_group -color #ffff00 -radix hex
## add_wave /apatb_myproject_top/layer2_out_18 -into $tb_return_group -radix hex
## add_wave /apatb_myproject_top/layer2_out_17_ap_vld -into $tb_return_group -color #ffff00 -radix hex
## add_wave /apatb_myproject_top/layer2_out_17 -into $tb_return_group -radix hex
## add_wave /apatb_myproject_top/layer2_out_16_ap_vld -into $tb_return_group -color #ffff00 -radix hex
## add_wave /apatb_myproject_top/layer2_out_16 -into $tb_return_group -radix hex
## add_wave /apatb_myproject_top/layer2_out_15_ap_vld -into $tb_return_group -color #ffff00 -radix hex
## add_wave /apatb_myproject_top/layer2_out_15 -into $tb_return_group -radix hex
## add_wave /apatb_myproject_top/layer2_out_14_ap_vld -into $tb_return_group -color #ffff00 -radix hex
## add_wave /apatb_myproject_top/layer2_out_14 -into $tb_return_group -radix hex
## add_wave /apatb_myproject_top/layer2_out_13_ap_vld -into $tb_return_group -color #ffff00 -radix hex
## add_wave /apatb_myproject_top/layer2_out_13 -into $tb_return_group -radix hex
## add_wave /apatb_myproject_top/layer2_out_12_ap_vld -into $tb_return_group -color #ffff00 -radix hex
## add_wave /apatb_myproject_top/layer2_out_12 -into $tb_return_group -radix hex
## add_wave /apatb_myproject_top/layer2_out_11_ap_vld -into $tb_return_group -color #ffff00 -radix hex
## add_wave /apatb_myproject_top/layer2_out_11 -into $tb_return_group -radix hex
## add_wave /apatb_myproject_top/layer2_out_10_ap_vld -into $tb_return_group -color #ffff00 -radix hex
## add_wave /apatb_myproject_top/layer2_out_10 -into $tb_return_group -radix hex
## add_wave /apatb_myproject_top/layer2_out_9_ap_vld -into $tb_return_group -color #ffff00 -radix hex
## add_wave /apatb_myproject_top/layer2_out_9 -into $tb_return_group -radix hex
## add_wave /apatb_myproject_top/layer2_out_8_ap_vld -into $tb_return_group -color #ffff00 -radix hex
## add_wave /apatb_myproject_top/layer2_out_8 -into $tb_return_group -radix hex
## add_wave /apatb_myproject_top/layer2_out_7_ap_vld -into $tb_return_group -color #ffff00 -radix hex
## add_wave /apatb_myproject_top/layer2_out_7 -into $tb_return_group -radix hex
## add_wave /apatb_myproject_top/layer2_out_6_ap_vld -into $tb_return_group -color #ffff00 -radix hex
## add_wave /apatb_myproject_top/layer2_out_6 -into $tb_return_group -radix hex
## add_wave /apatb_myproject_top/layer2_out_5_ap_vld -into $tb_return_group -color #ffff00 -radix hex
## add_wave /apatb_myproject_top/layer2_out_5 -into $tb_return_group -radix hex
## add_wave /apatb_myproject_top/layer2_out_4_ap_vld -into $tb_return_group -color #ffff00 -radix hex
## add_wave /apatb_myproject_top/layer2_out_4 -into $tb_return_group -radix hex
## add_wave /apatb_myproject_top/layer2_out_3_ap_vld -into $tb_return_group -color #ffff00 -radix hex
## add_wave /apatb_myproject_top/layer2_out_3 -into $tb_return_group -radix hex
## add_wave /apatb_myproject_top/layer2_out_2_ap_vld -into $tb_return_group -color #ffff00 -radix hex
## add_wave /apatb_myproject_top/layer2_out_2 -into $tb_return_group -radix hex
## add_wave /apatb_myproject_top/layer2_out_1_ap_vld -into $tb_return_group -color #ffff00 -radix hex
## add_wave /apatb_myproject_top/layer2_out_1 -into $tb_return_group -radix hex
## add_wave /apatb_myproject_top/layer2_out_0_ap_vld -into $tb_return_group -color #ffff00 -radix hex
## add_wave /apatb_myproject_top/layer2_out_0 -into $tb_return_group -radix hex
## set tbcinputgroup [add_wave_group "C Inputs" -into $testbenchgroup]
## set tb_return_group [add_wave_group return(wire) -into $tbcinputgroup]
## add_wave /apatb_myproject_top/layer_normalization_input -into $tb_return_group -radix hex
## add_wave /apatb_myproject_top/layer_normalization_input_ap_vld -into $tb_return_group -color #ffff00 -radix hex
## save_wave_config myproject.wcfg
## run all
////////////////////////////////////////////////////////////////////////////////////
// Inter-Transaction Progress: Completed Transaction / Total Transaction
// Intra-Transaction Progress: Measured Latency / Latency Estimation * 100%
//
// RTL Simulation : "Inter-Transaction Progress" ["Intra-Transaction Progress"] @ "Simulation Time"
////////////////////////////////////////////////////////////////////////////////////
// RTL Simulation : 0 / 60 [0.00%] @ "113000"
// RTL Simulation : 1 / 60 [75.00%] @ "143000"
// RTL Simulation : 2 / 60 [75.00%] @ "148000"
// RTL Simulation : 3 / 60 [75.00%] @ "153000"
// RTL Simulation : 4 / 60 [75.00%] @ "158000"
// RTL Simulation : 5 / 60 [75.00%] @ "163000"
// RTL Simulation : 6 / 60 [75.00%] @ "168000"
// RTL Simulation : 7 / 60 [75.00%] @ "173000"
// RTL Simulation : 8 / 60 [75.00%] @ "178000"
// RTL Simulation : 9 / 60 [75.00%] @ "183000"
// RTL Simulation : 10 / 60 [75.00%] @ "188000"
// RTL Simulation : 11 / 60 [75.00%] @ "193000"
// RTL Simulation : 12 / 60 [75.00%] @ "198000"
// RTL Simulation : 13 / 60 [75.00%] @ "203000"
// RTL Simulation : 14 / 60 [75.00%] @ "208000"
// RTL Simulation : 15 / 60 [75.00%] @ "213000"
// RTL Simulation : 16 / 60 [75.00%] @ "218000"
// RTL Simulation : 17 / 60 [75.00%] @ "223000"
// RTL Simulation : 18 / 60 [75.00%] @ "228000"
// RTL Simulation : 19 / 60 [75.00%] @ "233000"
// RTL Simulation : 20 / 60 [75.00%] @ "238000"
// RTL Simulation : 21 / 60 [75.00%] @ "243000"
// RTL Simulation : 22 / 60 [75.00%] @ "248000"
// RTL Simulation : 23 / 60 [75.00%] @ "253000"
// RTL Simulation : 24 / 60 [75.00%] @ "258000"
// RTL Simulation : 25 / 60 [75.00%] @ "263000"
// RTL Simulation : 26 / 60 [75.00%] @ "268000"
// RTL Simulation : 27 / 60 [75.00%] @ "273000"
// RTL Simulation : 28 / 60 [75.00%] @ "278000"
// RTL Simulation : 29 / 60 [75.00%] @ "283000"
// RTL Simulation : 30 / 60 [75.00%] @ "288000"
// RTL Simulation : 31 / 60 [75.00%] @ "293000"
// RTL Simulation : 32 / 60 [75.00%] @ "298000"
// RTL Simulation : 33 / 60 [75.00%] @ "303000"
// RTL Simulation : 34 / 60 [75.00%] @ "308000"
// RTL Simulation : 35 / 60 [75.00%] @ "313000"
// RTL Simulation : 36 / 60 [75.00%] @ "318000"
// RTL Simulation : 37 / 60 [75.00%] @ "323000"
// RTL Simulation : 38 / 60 [75.00%] @ "328000"
// RTL Simulation : 39 / 60 [75.00%] @ "333000"
// RTL Simulation : 40 / 60 [75.00%] @ "338000"
// RTL Simulation : 41 / 60 [75.00%] @ "343000"
// RTL Simulation : 42 / 60 [75.00%] @ "348000"
// RTL Simulation : 43 / 60 [75.00%] @ "353000"
// RTL Simulation : 44 / 60 [75.00%] @ "358000"
// RTL Simulation : 45 / 60 [75.00%] @ "363000"
// RTL Simulation : 46 / 60 [75.00%] @ "368000"
// RTL Simulation : 47 / 60 [75.00%] @ "373000"
// RTL Simulation : 48 / 60 [75.00%] @ "378000"
// RTL Simulation : 49 / 60 [75.00%] @ "383000"
// RTL Simulation : 50 / 60 [75.00%] @ "388000"
// RTL Simulation : 51 / 60 [75.00%] @ "393000"
// RTL Simulation : 52 / 60 [75.00%] @ "398000"
// RTL Simulation : 53 / 60 [75.00%] @ "403000"
// RTL Simulation : 54 / 60 [75.00%] @ "408000"
// RTL Simulation : 55 / 60 [75.00%] @ "413000"
// RTL Simulation : 56 / 60 [75.00%] @ "418000"
// RTL Simulation : 57 / 60 [75.00%] @ "423000"
// RTL Simulation : 58 / 60 [75.00%] @ "428000"
// RTL Simulation : 59 / 60 [75.00%] @ "433000"
// RTL Simulation : 60 / 60 [100.00%] @ "438000"
////////////////////////////////////////////////////////////////////////////////////
$finish called at time : 467500 ps : File "/data/hlssynt-users/rflynn/transformer-synthesis/hls4ml_projects/keras_layernorm_Vivado/myproject_prj/solution1/sim/verilog/myproject.autotb.v" Line 1450
## quit
INFO: [Common 17-206] Exiting xsim at Tue Oct 22 19:29:48 2024...
