

================================================================
== Vivado HLS Report for 'data_prep_ap_fixed_16_6_5_3_0_ap_fixed_33_13_5_3_0_config3_167'
================================================================
* Date:           Thu Nov 14 17:15:24 2024

* Version:        2020.1 (Build 2897737 on Wed May 27 20:21:37 MDT 2020)
* Project:        myproject_prj
* Solution:       solution1
* Product family: virtexuplus
* Target device:  xcvu13p-flga2577-2-e


================================================================
== Performance Estimates
================================================================
+ Timing: 
    * Summary: 
    +--------+---------+----------+------------+
    |  Clock |  Target | Estimated| Uncertainty|
    +--------+---------+----------+------------+
    |ap_clk  | 5.00 ns | 2.916 ns |   0.62 ns  |
    +--------+---------+----------+------------+

+ Latency: 
    * Summary: 
    +---------+---------+-----------+-----------+-----+-----+---------+
    |  Latency (cycles) |   Latency (absolute)  |  Interval | Pipeline|
    |   min   |   max   |    min    |    max    | min | max |   Type  |
    +---------+---------+-----------+-----------+-----+-----+---------+
    |       19|       19| 95.000 ns | 95.000 ns |   19|   19|   none  |
    +---------+---------+-----------+-----------+-----+-----+---------+

    + Detail: 
        * Instance: 
        N/A

        * Loop: 
        N/A



================================================================
== Utilization Estimates
================================================================
* Summary: 
+---------------------+---------+-------+---------+---------+------+
|         Name        | BRAM_18K| DSP48E|    FF   |   LUT   | URAM |
+---------------------+---------+-------+---------+---------+------+
|DSP                  |        -|      -|        -|        -|     -|
|Expression           |        -|      -|        0|        4|     -|
|FIFO                 |        -|      -|        -|        -|     -|
|Instance             |        -|      -|        -|        -|     -|
|Memory               |        -|      -|        -|        -|     -|
|Multiplexer          |        -|      -|        -|      568|     -|
|Register             |        -|      -|     1238|        -|     -|
+---------------------+---------+-------+---------+---------+------+
|Total                |        0|      0|     1238|      572|     0|
+---------------------+---------+-------+---------+---------+------+
|Available SLR        |     1344|   3072|   864000|   432000|   320|
+---------------------+---------+-------+---------+---------+------+
|Utilization SLR (%)  |        0|      0|    ~0   |    ~0   |     0|
+---------------------+---------+-------+---------+---------+------+
|Available            |     5376|  12288|  3456000|  1728000|  1280|
+---------------------+---------+-------+---------+---------+------+
|Utilization (%)      |        0|      0|    ~0   |    ~0   |     0|
+---------------------+---------+-------+---------+---------+------+

+ Detail: 
    * Instance: 
    N/A

    * DSP48E: 
    N/A

    * Memory: 
    N/A

    * FIFO: 
    N/A

    * Expression: 
    +------------------+----------+-------+---+----+------------+------------+
    |   Variable Name  | Operation| DSP48E| FF| LUT| Bitwidth P0| Bitwidth P1|
    +------------------+----------+-------+---+----+------------+------------+
    |ap_block_state1   |    or    |      0|  0|   2|           1|           1|
    |ap_block_state10  |    or    |      0|  0|   2|           1|           1|
    +------------------+----------+-------+---+----+------------+------------+
    |Total             |          |      0|  0|   4|           2|           2|
    +------------------+----------+-------+---+----+------------+------------+

    * Multiplexer: 
    +---------------+-----+-----------+-----+-----------+
    |      Name     | LUT | Input Size| Bits| Total Bits|
    +---------------+-----+-----------+-----+-----------+
    |ap_NS_fsm      |  101|         21|    1|         21|
    |ap_done        |    9|          2|    1|          2|
    |d_V_V14_blk_n  |    9|          2|    1|          2|
    |d_V_V14_din    |  101|         21|   16|        336|
    |d_V_V15_blk_n  |    9|          2|    1|          2|
    |d_V_V15_din    |  101|         21|   16|        336|
    |d_V_V16_blk_n  |    9|          2|    1|          2|
    |d_V_V16_din    |  101|         21|   16|        336|
    |d_V_V17_blk_n  |    9|          2|    1|          2|
    |d_V_V17_din    |  101|         21|   16|        336|
    |data_V_blk_n   |    9|          2|    1|          2|
    |real_start     |    9|          2|    1|          2|
    +---------------+-----+-----------+-----+-----------+
    |Total          |  568|        119|   72|       1379|
    +---------------+-----+-----------+-----+-----------+

    * Register: 
    +--------------------+----+----+-----+-----------+
    |        Name        | FF | LUT| Bits| Const Bits|
    +--------------------+----+----+-----+-----------+
    |ap_CS_fsm           |  20|   0|   20|          0|
    |ap_done_reg         |   1|   0|    1|          0|
    |start_once_reg      |   1|   0|    1|          0|
    |tmp_V_360_reg_1176  |  16|   0|   16|          0|
    |tmp_V_361_reg_1181  |  16|   0|   16|          0|
    |tmp_V_362_reg_1186  |  16|   0|   16|          0|
    |tmp_V_363_reg_1191  |  16|   0|   16|          0|
    |tmp_V_364_reg_1196  |  16|   0|   16|          0|
    |tmp_V_365_reg_1201  |  16|   0|   16|          0|
    |tmp_V_366_reg_1206  |  16|   0|   16|          0|
    |tmp_V_367_reg_1211  |  16|   0|   16|          0|
    |tmp_V_368_reg_1216  |  16|   0|   16|          0|
    |tmp_V_369_reg_1221  |  16|   0|   16|          0|
    |tmp_V_370_reg_1226  |  16|   0|   16|          0|
    |tmp_V_371_reg_1231  |  16|   0|   16|          0|
    |tmp_V_372_reg_1236  |  16|   0|   16|          0|
    |tmp_V_373_reg_1241  |  16|   0|   16|          0|
    |tmp_V_374_reg_1246  |  16|   0|   16|          0|
    |tmp_V_375_reg_1251  |  16|   0|   16|          0|
    |tmp_V_376_reg_1256  |  16|   0|   16|          0|
    |tmp_V_377_reg_1261  |  16|   0|   16|          0|
    |tmp_V_378_reg_1266  |  16|   0|   16|          0|
    |tmp_V_379_reg_1271  |  16|   0|   16|          0|
    |tmp_V_380_reg_1276  |  16|   0|   16|          0|
    |tmp_V_381_reg_1281  |  16|   0|   16|          0|
    |tmp_V_382_reg_1286  |  16|   0|   16|          0|
    |tmp_V_383_reg_1291  |  16|   0|   16|          0|
    |tmp_V_384_reg_1296  |  16|   0|   16|          0|
    |tmp_V_385_reg_1301  |  16|   0|   16|          0|
    |tmp_V_386_reg_1306  |  16|   0|   16|          0|
    |tmp_V_387_reg_1311  |  16|   0|   16|          0|
    |tmp_V_388_reg_1316  |  16|   0|   16|          0|
    |tmp_V_389_reg_1321  |  16|   0|   16|          0|
    |tmp_V_390_reg_1326  |  16|   0|   16|          0|
    |tmp_V_391_reg_1331  |  16|   0|   16|          0|
    |tmp_V_392_reg_1336  |  16|   0|   16|          0|
    |tmp_V_393_reg_1341  |  16|   0|   16|          0|
    |tmp_V_394_reg_1346  |  16|   0|   16|          0|
    |tmp_V_395_reg_1351  |  16|   0|   16|          0|
    |tmp_V_396_reg_1356  |  16|   0|   16|          0|
    |tmp_V_397_reg_1361  |  16|   0|   16|          0|
    |tmp_V_398_reg_1366  |  16|   0|   16|          0|
    |tmp_V_399_reg_1371  |  16|   0|   16|          0|
    |tmp_V_400_reg_1376  |  16|   0|   16|          0|
    |tmp_V_401_reg_1381  |  16|   0|   16|          0|
    |tmp_V_402_reg_1386  |  16|   0|   16|          0|
    |tmp_V_403_reg_1391  |  16|   0|   16|          0|
    |tmp_V_404_reg_1396  |  16|   0|   16|          0|
    |tmp_V_405_reg_1401  |  16|   0|   16|          0|
    |tmp_V_406_reg_1406  |  16|   0|   16|          0|
    |tmp_V_407_reg_1411  |  16|   0|   16|          0|
    |tmp_V_408_reg_1416  |  16|   0|   16|          0|
    |tmp_V_409_reg_1421  |  16|   0|   16|          0|
    |tmp_V_410_reg_1426  |  16|   0|   16|          0|
    |tmp_V_411_reg_1431  |  16|   0|   16|          0|
    |tmp_V_412_reg_1436  |  16|   0|   16|          0|
    |tmp_V_413_reg_1441  |  16|   0|   16|          0|
    |tmp_V_414_reg_1446  |  16|   0|   16|          0|
    |tmp_V_415_reg_1451  |  16|   0|   16|          0|
    |tmp_V_416_reg_1456  |  16|   0|   16|          0|
    |tmp_V_417_reg_1461  |  16|   0|   16|          0|
    |tmp_V_418_reg_1466  |  16|   0|   16|          0|
    |tmp_V_419_reg_1471  |  16|   0|   16|          0|
    |tmp_V_420_reg_1476  |  16|   0|   16|          0|
    |tmp_V_421_reg_1481  |  16|   0|   16|          0|
    |tmp_V_422_reg_1486  |  16|   0|   16|          0|
    |tmp_V_423_reg_1491  |  16|   0|   16|          0|
    |tmp_V_424_reg_1496  |  16|   0|   16|          0|
    |tmp_V_425_reg_1501  |  16|   0|   16|          0|
    |tmp_V_426_reg_1506  |  16|   0|   16|          0|
    |tmp_V_427_reg_1511  |  16|   0|   16|          0|
    |tmp_V_428_reg_1516  |  16|   0|   16|          0|
    |tmp_V_429_reg_1521  |  16|   0|   16|          0|
    |tmp_V_430_reg_1526  |  16|   0|   16|          0|
    |tmp_V_431_reg_1531  |  16|   0|   16|          0|
    |tmp_V_432_reg_1536  |  16|   0|   16|          0|
    |tmp_V_433_reg_1541  |  16|   0|   16|          0|
    |tmp_V_434_reg_1546  |  16|   0|   16|          0|
    |tmp_V_435_reg_1551  |  16|   0|   16|          0|
    +--------------------+----+----+-----+-----------+
    |Total               |1238|   0| 1238|          0|
    +--------------------+----+----+-----+-----------+



================================================================
== Interface
================================================================
* Summary: 
+----------------+-----+------+------------+----------------------------------------------------------------------------+--------------+
|    RTL Ports   | Dir | Bits |  Protocol  |                                Source Object                               |    C Type    |
+----------------+-----+------+------------+----------------------------------------------------------------------------+--------------+
|ap_clk          |  in |     1| ap_ctrl_hs | data_prep<ap_fixed<16, 6, 5, 3, 0>, ap_fixed<33, 13, 5, 3, 0>, config3>167 | return value |
|ap_rst          |  in |     1| ap_ctrl_hs | data_prep<ap_fixed<16, 6, 5, 3, 0>, ap_fixed<33, 13, 5, 3, 0>, config3>167 | return value |
|ap_start        |  in |     1| ap_ctrl_hs | data_prep<ap_fixed<16, 6, 5, 3, 0>, ap_fixed<33, 13, 5, 3, 0>, config3>167 | return value |
|start_full_n    |  in |     1| ap_ctrl_hs | data_prep<ap_fixed<16, 6, 5, 3, 0>, ap_fixed<33, 13, 5, 3, 0>, config3>167 | return value |
|ap_done         | out |     1| ap_ctrl_hs | data_prep<ap_fixed<16, 6, 5, 3, 0>, ap_fixed<33, 13, 5, 3, 0>, config3>167 | return value |
|ap_continue     |  in |     1| ap_ctrl_hs | data_prep<ap_fixed<16, 6, 5, 3, 0>, ap_fixed<33, 13, 5, 3, 0>, config3>167 | return value |
|ap_idle         | out |     1| ap_ctrl_hs | data_prep<ap_fixed<16, 6, 5, 3, 0>, ap_fixed<33, 13, 5, 3, 0>, config3>167 | return value |
|ap_ready        | out |     1| ap_ctrl_hs | data_prep<ap_fixed<16, 6, 5, 3, 0>, ap_fixed<33, 13, 5, 3, 0>, config3>167 | return value |
|start_out       | out |     1| ap_ctrl_hs | data_prep<ap_fixed<16, 6, 5, 3, 0>, ap_fixed<33, 13, 5, 3, 0>, config3>167 | return value |
|start_write     | out |     1| ap_ctrl_hs | data_prep<ap_fixed<16, 6, 5, 3, 0>, ap_fixed<33, 13, 5, 3, 0>, config3>167 | return value |
|data_V_dout     |  in |  1280|   ap_fifo  |                                   data_V                                   |    pointer   |
|data_V_empty_n  |  in |     1|   ap_fifo  |                                   data_V                                   |    pointer   |
|data_V_read     | out |     1|   ap_fifo  |                                   data_V                                   |    pointer   |
|d_V_V14_din     | out |    16|   ap_fifo  |                                   d_V_V14                                  |    pointer   |
|d_V_V14_full_n  |  in |     1|   ap_fifo  |                                   d_V_V14                                  |    pointer   |
|d_V_V14_write   | out |     1|   ap_fifo  |                                   d_V_V14                                  |    pointer   |
|d_V_V15_din     | out |    16|   ap_fifo  |                                   d_V_V15                                  |    pointer   |
|d_V_V15_full_n  |  in |     1|   ap_fifo  |                                   d_V_V15                                  |    pointer   |
|d_V_V15_write   | out |     1|   ap_fifo  |                                   d_V_V15                                  |    pointer   |
|d_V_V16_din     | out |    16|   ap_fifo  |                                   d_V_V16                                  |    pointer   |
|d_V_V16_full_n  |  in |     1|   ap_fifo  |                                   d_V_V16                                  |    pointer   |
|d_V_V16_write   | out |     1|   ap_fifo  |                                   d_V_V16                                  |    pointer   |
|d_V_V17_din     | out |    16|   ap_fifo  |                                   d_V_V17                                  |    pointer   |
|d_V_V17_full_n  |  in |     1|   ap_fifo  |                                   d_V_V17                                  |    pointer   |
|d_V_V17_write   | out |     1|   ap_fifo  |                                   d_V_V17                                  |    pointer   |
+----------------+-----+------+------------+----------------------------------------------------------------------------+--------------+

