

================================================================
== Vivado HLS Report for 'data_prep_ap_fixed_16_6_5_3_0_ap_fixed_33_13_5_3_0_config3_169'
================================================================
* Date:           Thu Nov 14 17:15:26 2024

* Version:        2020.1 (Build 2897737 on Wed May 27 20:21:37 MDT 2020)
* Project:        myproject_prj
* Solution:       solution1
* Product family: virtexuplus
* Target device:  xcvu13p-flga2577-2-e


================================================================
== Performance Estimates
================================================================
+ Timing: 
    * Summary: 
    +--------+---------+----------+------------+
    |  Clock |  Target | Estimated| Uncertainty|
    +--------+---------+----------+------------+
    |ap_clk  | 5.00 ns | 2.916 ns |   0.62 ns  |
    +--------+---------+----------+------------+

+ Latency: 
    * Summary: 
    +---------+---------+-----------+-----------+-----+-----+---------+
    |  Latency (cycles) |   Latency (absolute)  |  Interval | Pipeline|
    |   min   |   max   |    min    |    max    | min | max |   Type  |
    +---------+---------+-----------+-----------+-----+-----+---------+
    |       19|       19| 95.000 ns | 95.000 ns |   19|   19|   none  |
    +---------+---------+-----------+-----------+-----+-----+---------+

    + Detail: 
        * Instance: 
        N/A

        * Loop: 
        N/A



================================================================
== Utilization Estimates
================================================================
* Summary: 
+---------------------+---------+-------+---------+---------+------+
|         Name        | BRAM_18K| DSP48E|    FF   |   LUT   | URAM |
+---------------------+---------+-------+---------+---------+------+
|DSP                  |        -|      -|        -|        -|     -|
|Expression           |        -|      -|        0|        4|     -|
|FIFO                 |        -|      -|        -|        -|     -|
|Instance             |        -|      -|        -|        -|     -|
|Memory               |        -|      -|        -|        -|     -|
|Multiplexer          |        -|      -|        -|      559|     -|
|Register             |        -|      -|     1237|        -|     -|
+---------------------+---------+-------+---------+---------+------+
|Total                |        0|      0|     1237|      563|     0|
+---------------------+---------+-------+---------+---------+------+
|Available SLR        |     1344|   3072|   864000|   432000|   320|
+---------------------+---------+-------+---------+---------+------+
|Utilization SLR (%)  |        0|      0|    ~0   |    ~0   |     0|
+---------------------+---------+-------+---------+---------+------+
|Available            |     5376|  12288|  3456000|  1728000|  1280|
+---------------------+---------+-------+---------+---------+------+
|Utilization (%)      |        0|      0|    ~0   |    ~0   |     0|
+---------------------+---------+-------+---------+---------+------+

+ Detail: 
    * Instance: 
    N/A

    * DSP48E: 
    N/A

    * Memory: 
    N/A

    * FIFO: 
    N/A

    * Expression: 
    +------------------+----------+-------+---+----+------------+------------+
    |   Variable Name  | Operation| DSP48E| FF| LUT| Bitwidth P0| Bitwidth P1|
    +------------------+----------+-------+---+----+------------+------------+
    |ap_block_state1   |    or    |      0|  0|   2|           1|           1|
    |ap_block_state10  |    or    |      0|  0|   2|           1|           1|
    +------------------+----------+-------+---+----+------------+------------+
    |Total             |          |      0|  0|   4|           2|           2|
    +------------------+----------+-------+---+----+------------+------------+

    * Multiplexer: 
    +---------------+-----+-----------+-----+-----------+
    |      Name     | LUT | Input Size| Bits| Total Bits|
    +---------------+-----+-----------+-----+-----------+
    |ap_NS_fsm      |  101|         21|    1|         21|
    |ap_done        |    9|          2|    1|          2|
    |d_V_V14_blk_n  |    9|          2|    1|          2|
    |d_V_V14_din    |  101|         21|   16|        336|
    |d_V_V15_blk_n  |    9|          2|    1|          2|
    |d_V_V15_din    |  101|         21|   16|        336|
    |d_V_V16_blk_n  |    9|          2|    1|          2|
    |d_V_V16_din    |  101|         21|   16|        336|
    |d_V_V17_blk_n  |    9|          2|    1|          2|
    |d_V_V17_din    |  101|         21|   16|        336|
    |data_V_blk_n   |    9|          2|    1|          2|
    +---------------+-----+-----------+-----+-----------+
    |Total          |  559|        117|   71|       1377|
    +---------------+-----+-----------+-----+-----------+

    * Register: 
    +--------------------+----+----+-----+-----------+
    |        Name        | FF | LUT| Bits| Const Bits|
    +--------------------+----+----+-----+-----------+
    |ap_CS_fsm           |  20|   0|   20|          0|
    |ap_done_reg         |   1|   0|    1|          0|
    |tmp_V_202_reg_1176  |  16|   0|   16|          0|
    |tmp_V_203_reg_1181  |  16|   0|   16|          0|
    |tmp_V_204_reg_1186  |  16|   0|   16|          0|
    |tmp_V_205_reg_1191  |  16|   0|   16|          0|
    |tmp_V_206_reg_1196  |  16|   0|   16|          0|
    |tmp_V_207_reg_1201  |  16|   0|   16|          0|
    |tmp_V_208_reg_1206  |  16|   0|   16|          0|
    |tmp_V_209_reg_1211  |  16|   0|   16|          0|
    |tmp_V_210_reg_1216  |  16|   0|   16|          0|
    |tmp_V_211_reg_1221  |  16|   0|   16|          0|
    |tmp_V_212_reg_1226  |  16|   0|   16|          0|
    |tmp_V_213_reg_1231  |  16|   0|   16|          0|
    |tmp_V_214_reg_1236  |  16|   0|   16|          0|
    |tmp_V_215_reg_1241  |  16|   0|   16|          0|
    |tmp_V_216_reg_1246  |  16|   0|   16|          0|
    |tmp_V_217_reg_1251  |  16|   0|   16|          0|
    |tmp_V_218_reg_1256  |  16|   0|   16|          0|
    |tmp_V_219_reg_1261  |  16|   0|   16|          0|
    |tmp_V_220_reg_1266  |  16|   0|   16|          0|
    |tmp_V_221_reg_1271  |  16|   0|   16|          0|
    |tmp_V_222_reg_1276  |  16|   0|   16|          0|
    |tmp_V_223_reg_1281  |  16|   0|   16|          0|
    |tmp_V_224_reg_1286  |  16|   0|   16|          0|
    |tmp_V_225_reg_1291  |  16|   0|   16|          0|
    |tmp_V_226_reg_1296  |  16|   0|   16|          0|
    |tmp_V_227_reg_1301  |  16|   0|   16|          0|
    |tmp_V_228_reg_1306  |  16|   0|   16|          0|
    |tmp_V_229_reg_1311  |  16|   0|   16|          0|
    |tmp_V_230_reg_1316  |  16|   0|   16|          0|
    |tmp_V_231_reg_1321  |  16|   0|   16|          0|
    |tmp_V_232_reg_1326  |  16|   0|   16|          0|
    |tmp_V_233_reg_1331  |  16|   0|   16|          0|
    |tmp_V_234_reg_1336  |  16|   0|   16|          0|
    |tmp_V_235_reg_1341  |  16|   0|   16|          0|
    |tmp_V_236_reg_1346  |  16|   0|   16|          0|
    |tmp_V_237_reg_1351  |  16|   0|   16|          0|
    |tmp_V_238_reg_1356  |  16|   0|   16|          0|
    |tmp_V_239_reg_1361  |  16|   0|   16|          0|
    |tmp_V_240_reg_1366  |  16|   0|   16|          0|
    |tmp_V_241_reg_1371  |  16|   0|   16|          0|
    |tmp_V_242_reg_1376  |  16|   0|   16|          0|
    |tmp_V_243_reg_1381  |  16|   0|   16|          0|
    |tmp_V_244_reg_1386  |  16|   0|   16|          0|
    |tmp_V_245_reg_1391  |  16|   0|   16|          0|
    |tmp_V_246_reg_1396  |  16|   0|   16|          0|
    |tmp_V_247_reg_1401  |  16|   0|   16|          0|
    |tmp_V_248_reg_1406  |  16|   0|   16|          0|
    |tmp_V_249_reg_1411  |  16|   0|   16|          0|
    |tmp_V_250_reg_1416  |  16|   0|   16|          0|
    |tmp_V_251_reg_1421  |  16|   0|   16|          0|
    |tmp_V_252_reg_1426  |  16|   0|   16|          0|
    |tmp_V_253_reg_1431  |  16|   0|   16|          0|
    |tmp_V_254_reg_1436  |  16|   0|   16|          0|
    |tmp_V_255_reg_1441  |  16|   0|   16|          0|
    |tmp_V_256_reg_1446  |  16|   0|   16|          0|
    |tmp_V_257_reg_1451  |  16|   0|   16|          0|
    |tmp_V_258_reg_1456  |  16|   0|   16|          0|
    |tmp_V_259_reg_1461  |  16|   0|   16|          0|
    |tmp_V_260_reg_1466  |  16|   0|   16|          0|
    |tmp_V_261_reg_1471  |  16|   0|   16|          0|
    |tmp_V_262_reg_1476  |  16|   0|   16|          0|
    |tmp_V_263_reg_1481  |  16|   0|   16|          0|
    |tmp_V_264_reg_1486  |  16|   0|   16|          0|
    |tmp_V_265_reg_1491  |  16|   0|   16|          0|
    |tmp_V_266_reg_1496  |  16|   0|   16|          0|
    |tmp_V_267_reg_1501  |  16|   0|   16|          0|
    |tmp_V_268_reg_1506  |  16|   0|   16|          0|
    |tmp_V_269_reg_1511  |  16|   0|   16|          0|
    |tmp_V_270_reg_1516  |  16|   0|   16|          0|
    |tmp_V_271_reg_1521  |  16|   0|   16|          0|
    |tmp_V_272_reg_1526  |  16|   0|   16|          0|
    |tmp_V_273_reg_1531  |  16|   0|   16|          0|
    |tmp_V_274_reg_1536  |  16|   0|   16|          0|
    |tmp_V_275_reg_1541  |  16|   0|   16|          0|
    |tmp_V_276_reg_1546  |  16|   0|   16|          0|
    |tmp_V_277_reg_1551  |  16|   0|   16|          0|
    +--------------------+----+----+-----+-----------+
    |Total               |1237|   0| 1237|          0|
    +--------------------+----+----+-----+-----------+



================================================================
== Interface
================================================================
* Summary: 
+----------------+-----+------+------------+----------------------------------------------------------------------------+--------------+
|    RTL Ports   | Dir | Bits |  Protocol  |                                Source Object                               |    C Type    |
+----------------+-----+------+------------+----------------------------------------------------------------------------+--------------+
|ap_clk          |  in |     1| ap_ctrl_hs | data_prep<ap_fixed<16, 6, 5, 3, 0>, ap_fixed<33, 13, 5, 3, 0>, config3>169 | return value |
|ap_rst          |  in |     1| ap_ctrl_hs | data_prep<ap_fixed<16, 6, 5, 3, 0>, ap_fixed<33, 13, 5, 3, 0>, config3>169 | return value |
|ap_start        |  in |     1| ap_ctrl_hs | data_prep<ap_fixed<16, 6, 5, 3, 0>, ap_fixed<33, 13, 5, 3, 0>, config3>169 | return value |
|ap_done         | out |     1| ap_ctrl_hs | data_prep<ap_fixed<16, 6, 5, 3, 0>, ap_fixed<33, 13, 5, 3, 0>, config3>169 | return value |
|ap_continue     |  in |     1| ap_ctrl_hs | data_prep<ap_fixed<16, 6, 5, 3, 0>, ap_fixed<33, 13, 5, 3, 0>, config3>169 | return value |
|ap_idle         | out |     1| ap_ctrl_hs | data_prep<ap_fixed<16, 6, 5, 3, 0>, ap_fixed<33, 13, 5, 3, 0>, config3>169 | return value |
|ap_ready        | out |     1| ap_ctrl_hs | data_prep<ap_fixed<16, 6, 5, 3, 0>, ap_fixed<33, 13, 5, 3, 0>, config3>169 | return value |
|data_V_dout     |  in |  1280|   ap_fifo  |                                   data_V                                   |    pointer   |
|data_V_empty_n  |  in |     1|   ap_fifo  |                                   data_V                                   |    pointer   |
|data_V_read     | out |     1|   ap_fifo  |                                   data_V                                   |    pointer   |
|d_V_V14_din     | out |    16|   ap_fifo  |                                   d_V_V14                                  |    pointer   |
|d_V_V14_full_n  |  in |     1|   ap_fifo  |                                   d_V_V14                                  |    pointer   |
|d_V_V14_write   | out |     1|   ap_fifo  |                                   d_V_V14                                  |    pointer   |
|d_V_V15_din     | out |    16|   ap_fifo  |                                   d_V_V15                                  |    pointer   |
|d_V_V15_full_n  |  in |     1|   ap_fifo  |                                   d_V_V15                                  |    pointer   |
|d_V_V15_write   | out |     1|   ap_fifo  |                                   d_V_V15                                  |    pointer   |
|d_V_V16_din     | out |    16|   ap_fifo  |                                   d_V_V16                                  |    pointer   |
|d_V_V16_full_n  |  in |     1|   ap_fifo  |                                   d_V_V16                                  |    pointer   |
|d_V_V16_write   | out |     1|   ap_fifo  |                                   d_V_V16                                  |    pointer   |
|d_V_V17_din     | out |    16|   ap_fifo  |                                   d_V_V17                                  |    pointer   |
|d_V_V17_full_n  |  in |     1|   ap_fifo  |                                   d_V_V17                                  |    pointer   |
|d_V_V17_write   | out |     1|   ap_fifo  |                                   d_V_V17                                  |    pointer   |
+----------------+-----+------+------------+----------------------------------------------------------------------------+--------------+

