

================================================================
== Vivado HLS Report for 'data_prep_ap_fixed_16_6_5_3_0_ap_fixed_33_13_5_3_0_config3_168'
================================================================
* Date:           Thu Nov 14 17:15:25 2024

* Version:        2020.1 (Build 2897737 on Wed May 27 20:21:37 MDT 2020)
* Project:        myproject_prj
* Solution:       solution1
* Product family: virtexuplus
* Target device:  xcvu13p-flga2577-2-e


================================================================
== Performance Estimates
================================================================
+ Timing: 
    * Summary: 
    +--------+---------+----------+------------+
    |  Clock |  Target | Estimated| Uncertainty|
    +--------+---------+----------+------------+
    |ap_clk  | 5.00 ns | 2.916 ns |   0.62 ns  |
    +--------+---------+----------+------------+

+ Latency: 
    * Summary: 
    +---------+---------+-----------+-----------+-----+-----+---------+
    |  Latency (cycles) |   Latency (absolute)  |  Interval | Pipeline|
    |   min   |   max   |    min    |    max    | min | max |   Type  |
    +---------+---------+-----------+-----------+-----+-----+---------+
    |       19|       19| 95.000 ns | 95.000 ns |   19|   19|   none  |
    +---------+---------+-----------+-----------+-----+-----+---------+

    + Detail: 
        * Instance: 
        N/A

        * Loop: 
        N/A



================================================================
== Utilization Estimates
================================================================
* Summary: 
+---------------------+---------+-------+---------+---------+------+
|         Name        | BRAM_18K| DSP48E|    FF   |   LUT   | URAM |
+---------------------+---------+-------+---------+---------+------+
|DSP                  |        -|      -|        -|        -|     -|
|Expression           |        -|      -|        0|        4|     -|
|FIFO                 |        -|      -|        -|        -|     -|
|Instance             |        -|      -|        -|        -|     -|
|Memory               |        -|      -|        -|        -|     -|
|Multiplexer          |        -|      -|        -|      559|     -|
|Register             |        -|      -|     1237|        -|     -|
+---------------------+---------+-------+---------+---------+------+
|Total                |        0|      0|     1237|      563|     0|
+---------------------+---------+-------+---------+---------+------+
|Available SLR        |     1344|   3072|   864000|   432000|   320|
+---------------------+---------+-------+---------+---------+------+
|Utilization SLR (%)  |        0|      0|    ~0   |    ~0   |     0|
+---------------------+---------+-------+---------+---------+------+
|Available            |     5376|  12288|  3456000|  1728000|  1280|
+---------------------+---------+-------+---------+---------+------+
|Utilization (%)      |        0|      0|    ~0   |    ~0   |     0|
+---------------------+---------+-------+---------+---------+------+

+ Detail: 
    * Instance: 
    N/A

    * DSP48E: 
    N/A

    * Memory: 
    N/A

    * FIFO: 
    N/A

    * Expression: 
    +------------------+----------+-------+---+----+------------+------------+
    |   Variable Name  | Operation| DSP48E| FF| LUT| Bitwidth P0| Bitwidth P1|
    +------------------+----------+-------+---+----+------------+------------+
    |ap_block_state1   |    or    |      0|  0|   2|           1|           1|
    |ap_block_state10  |    or    |      0|  0|   2|           1|           1|
    +------------------+----------+-------+---+----+------------+------------+
    |Total             |          |      0|  0|   4|           2|           2|
    +------------------+----------+-------+---+----+------------+------------+

    * Multiplexer: 
    +--------------+-----+-----------+-----+-----------+
    |     Name     | LUT | Input Size| Bits| Total Bits|
    +--------------+-----+-----------+-----+-----------+
    |ap_NS_fsm     |  101|         21|    1|         21|
    |ap_done       |    9|          2|    1|          2|
    |d_V_V1_blk_n  |    9|          2|    1|          2|
    |d_V_V1_din    |  101|         21|   16|        336|
    |d_V_V2_blk_n  |    9|          2|    1|          2|
    |d_V_V2_din    |  101|         21|   16|        336|
    |d_V_V3_blk_n  |    9|          2|    1|          2|
    |d_V_V3_din    |  101|         21|   16|        336|
    |d_V_V_blk_n   |    9|          2|    1|          2|
    |d_V_V_din     |  101|         21|   16|        336|
    |data_V_blk_n  |    9|          2|    1|          2|
    +--------------+-----+-----------+-----+-----------+
    |Total         |  559|        117|   71|       1377|
    +--------------+-----+-----------+-----+-----------+

    * Register: 
    +--------------------+----+----+-----+-----------+
    |        Name        | FF | LUT| Bits| Const Bits|
    +--------------------+----+----+-----+-----------+
    |ap_CS_fsm           |  20|   0|   20|          0|
    |ap_done_reg         |   1|   0|    1|          0|
    |tmp_V_281_reg_1176  |  16|   0|   16|          0|
    |tmp_V_282_reg_1181  |  16|   0|   16|          0|
    |tmp_V_283_reg_1186  |  16|   0|   16|          0|
    |tmp_V_284_reg_1191  |  16|   0|   16|          0|
    |tmp_V_285_reg_1196  |  16|   0|   16|          0|
    |tmp_V_286_reg_1201  |  16|   0|   16|          0|
    |tmp_V_287_reg_1206  |  16|   0|   16|          0|
    |tmp_V_288_reg_1211  |  16|   0|   16|          0|
    |tmp_V_289_reg_1216  |  16|   0|   16|          0|
    |tmp_V_290_reg_1221  |  16|   0|   16|          0|
    |tmp_V_291_reg_1226  |  16|   0|   16|          0|
    |tmp_V_292_reg_1231  |  16|   0|   16|          0|
    |tmp_V_293_reg_1236  |  16|   0|   16|          0|
    |tmp_V_294_reg_1241  |  16|   0|   16|          0|
    |tmp_V_295_reg_1246  |  16|   0|   16|          0|
    |tmp_V_296_reg_1251  |  16|   0|   16|          0|
    |tmp_V_297_reg_1256  |  16|   0|   16|          0|
    |tmp_V_298_reg_1261  |  16|   0|   16|          0|
    |tmp_V_299_reg_1266  |  16|   0|   16|          0|
    |tmp_V_300_reg_1271  |  16|   0|   16|          0|
    |tmp_V_301_reg_1276  |  16|   0|   16|          0|
    |tmp_V_302_reg_1281  |  16|   0|   16|          0|
    |tmp_V_303_reg_1286  |  16|   0|   16|          0|
    |tmp_V_304_reg_1291  |  16|   0|   16|          0|
    |tmp_V_305_reg_1296  |  16|   0|   16|          0|
    |tmp_V_306_reg_1301  |  16|   0|   16|          0|
    |tmp_V_307_reg_1306  |  16|   0|   16|          0|
    |tmp_V_308_reg_1311  |  16|   0|   16|          0|
    |tmp_V_309_reg_1316  |  16|   0|   16|          0|
    |tmp_V_310_reg_1321  |  16|   0|   16|          0|
    |tmp_V_311_reg_1326  |  16|   0|   16|          0|
    |tmp_V_312_reg_1331  |  16|   0|   16|          0|
    |tmp_V_313_reg_1336  |  16|   0|   16|          0|
    |tmp_V_314_reg_1341  |  16|   0|   16|          0|
    |tmp_V_315_reg_1346  |  16|   0|   16|          0|
    |tmp_V_316_reg_1351  |  16|   0|   16|          0|
    |tmp_V_317_reg_1356  |  16|   0|   16|          0|
    |tmp_V_318_reg_1361  |  16|   0|   16|          0|
    |tmp_V_319_reg_1366  |  16|   0|   16|          0|
    |tmp_V_320_reg_1371  |  16|   0|   16|          0|
    |tmp_V_321_reg_1376  |  16|   0|   16|          0|
    |tmp_V_322_reg_1381  |  16|   0|   16|          0|
    |tmp_V_323_reg_1386  |  16|   0|   16|          0|
    |tmp_V_324_reg_1391  |  16|   0|   16|          0|
    |tmp_V_325_reg_1396  |  16|   0|   16|          0|
    |tmp_V_326_reg_1401  |  16|   0|   16|          0|
    |tmp_V_327_reg_1406  |  16|   0|   16|          0|
    |tmp_V_328_reg_1411  |  16|   0|   16|          0|
    |tmp_V_329_reg_1416  |  16|   0|   16|          0|
    |tmp_V_330_reg_1421  |  16|   0|   16|          0|
    |tmp_V_331_reg_1426  |  16|   0|   16|          0|
    |tmp_V_332_reg_1431  |  16|   0|   16|          0|
    |tmp_V_333_reg_1436  |  16|   0|   16|          0|
    |tmp_V_334_reg_1441  |  16|   0|   16|          0|
    |tmp_V_335_reg_1446  |  16|   0|   16|          0|
    |tmp_V_336_reg_1451  |  16|   0|   16|          0|
    |tmp_V_337_reg_1456  |  16|   0|   16|          0|
    |tmp_V_338_reg_1461  |  16|   0|   16|          0|
    |tmp_V_339_reg_1466  |  16|   0|   16|          0|
    |tmp_V_340_reg_1471  |  16|   0|   16|          0|
    |tmp_V_341_reg_1476  |  16|   0|   16|          0|
    |tmp_V_342_reg_1481  |  16|   0|   16|          0|
    |tmp_V_343_reg_1486  |  16|   0|   16|          0|
    |tmp_V_344_reg_1491  |  16|   0|   16|          0|
    |tmp_V_345_reg_1496  |  16|   0|   16|          0|
    |tmp_V_346_reg_1501  |  16|   0|   16|          0|
    |tmp_V_347_reg_1506  |  16|   0|   16|          0|
    |tmp_V_348_reg_1511  |  16|   0|   16|          0|
    |tmp_V_349_reg_1516  |  16|   0|   16|          0|
    |tmp_V_350_reg_1521  |  16|   0|   16|          0|
    |tmp_V_351_reg_1526  |  16|   0|   16|          0|
    |tmp_V_352_reg_1531  |  16|   0|   16|          0|
    |tmp_V_353_reg_1536  |  16|   0|   16|          0|
    |tmp_V_354_reg_1541  |  16|   0|   16|          0|
    |tmp_V_355_reg_1546  |  16|   0|   16|          0|
    |tmp_V_356_reg_1551  |  16|   0|   16|          0|
    +--------------------+----+----+-----+-----------+
    |Total               |1237|   0| 1237|          0|
    +--------------------+----+----+-----+-----------+



================================================================
== Interface
================================================================
* Summary: 
+----------------+-----+------+------------+----------------------------------------------------------------------------+--------------+
|    RTL Ports   | Dir | Bits |  Protocol  |                                Source Object                               |    C Type    |
+----------------+-----+------+------------+----------------------------------------------------------------------------+--------------+
|ap_clk          |  in |     1| ap_ctrl_hs | data_prep<ap_fixed<16, 6, 5, 3, 0>, ap_fixed<33, 13, 5, 3, 0>, config3>168 | return value |
|ap_rst          |  in |     1| ap_ctrl_hs | data_prep<ap_fixed<16, 6, 5, 3, 0>, ap_fixed<33, 13, 5, 3, 0>, config3>168 | return value |
|ap_start        |  in |     1| ap_ctrl_hs | data_prep<ap_fixed<16, 6, 5, 3, 0>, ap_fixed<33, 13, 5, 3, 0>, config3>168 | return value |
|ap_done         | out |     1| ap_ctrl_hs | data_prep<ap_fixed<16, 6, 5, 3, 0>, ap_fixed<33, 13, 5, 3, 0>, config3>168 | return value |
|ap_continue     |  in |     1| ap_ctrl_hs | data_prep<ap_fixed<16, 6, 5, 3, 0>, ap_fixed<33, 13, 5, 3, 0>, config3>168 | return value |
|ap_idle         | out |     1| ap_ctrl_hs | data_prep<ap_fixed<16, 6, 5, 3, 0>, ap_fixed<33, 13, 5, 3, 0>, config3>168 | return value |
|ap_ready        | out |     1| ap_ctrl_hs | data_prep<ap_fixed<16, 6, 5, 3, 0>, ap_fixed<33, 13, 5, 3, 0>, config3>168 | return value |
|data_V_dout     |  in |  1280|   ap_fifo  |                                   data_V                                   |    pointer   |
|data_V_empty_n  |  in |     1|   ap_fifo  |                                   data_V                                   |    pointer   |
|data_V_read     | out |     1|   ap_fifo  |                                   data_V                                   |    pointer   |
|d_V_V_din       | out |    16|   ap_fifo  |                                    d_V_V                                   |    pointer   |
|d_V_V_full_n    |  in |     1|   ap_fifo  |                                    d_V_V                                   |    pointer   |
|d_V_V_write     | out |     1|   ap_fifo  |                                    d_V_V                                   |    pointer   |
|d_V_V1_din      | out |    16|   ap_fifo  |                                   d_V_V1                                   |    pointer   |
|d_V_V1_full_n   |  in |     1|   ap_fifo  |                                   d_V_V1                                   |    pointer   |
|d_V_V1_write    | out |     1|   ap_fifo  |                                   d_V_V1                                   |    pointer   |
|d_V_V2_din      | out |    16|   ap_fifo  |                                   d_V_V2                                   |    pointer   |
|d_V_V2_full_n   |  in |     1|   ap_fifo  |                                   d_V_V2                                   |    pointer   |
|d_V_V2_write    | out |     1|   ap_fifo  |                                   d_V_V2                                   |    pointer   |
|d_V_V3_din      | out |    16|   ap_fifo  |                                   d_V_V3                                   |    pointer   |
|d_V_V3_full_n   |  in |     1|   ap_fifo  |                                   d_V_V3                                   |    pointer   |
|d_V_V3_write    | out |     1|   ap_fifo  |                                   d_V_V3                                   |    pointer   |
+----------------+-----+------+------------+----------------------------------------------------------------------------+--------------+

