

================================================================
== Vivado HLS Report for 'dense_out_ap_fixed_33_13_5_3_0_ap_fixed_33_13_5_3_0_config3_s'
================================================================
* Date:           Thu Nov 14 17:17:28 2024

* Version:        2020.1 (Build 2897737 on Wed May 27 20:21:37 MDT 2020)
* Project:        myproject_prj
* Solution:       solution1
* Product family: virtexuplus
* Target device:  xcvu13p-flga2577-2-e


================================================================
== Performance Estimates
================================================================
+ Timing: 
    * Summary: 
    +--------+---------+----------+------------+
    |  Clock |  Target | Estimated| Uncertainty|
    +--------+---------+----------+------------+
    |ap_clk  | 5.00 ns | 5.116 ns |   0.62 ns  |
    +--------+---------+----------+------------+

+ Latency: 
    * Summary: 
    +---------+---------+----------+----------+-----+-----+---------+
    |  Latency (cycles) |  Latency (absolute) |  Interval | Pipeline|
    |   min   |   max   |    min   |    max   | min | max |   Type  |
    +---------+---------+----------+----------+-----+-----+---------+
    |       21|       21| 0.107 us | 0.107 us |   21|   21|   none  |
    +---------+---------+----------+----------+-----+-----+---------+

    + Detail: 
        * Instance: 
        +----------------------------------------------------------------------------+-----------------------------------------------------------------+---------+---------+----------+----------+-----+-----+----------+
        |                                                                            |                                                                 |  Latency (cycles) |  Latency (absolute) |  Interval | Pipeline |
        |                                  Instance                                  |                              Module                             |   min   |   max   |    min   |    max   | min | max |   Type   |
        +----------------------------------------------------------------------------+-----------------------------------------------------------------+---------+---------+----------+----------+-----+-----+----------+
        |grp_dense_latency_ap_fixed_ap_fixed_33_13_5_3_0_config3_2_0_0_0_0_0_fu_770  |dense_latency_ap_fixed_ap_fixed_33_13_5_3_0_config3_2_0_0_0_0_0  |        1|        1| 5.116 ns | 5.116 ns |    1|    1| function |
        +----------------------------------------------------------------------------+-----------------------------------------------------------------+---------+---------+----------+----------+-----+-----+----------+

        * Loop: 
        N/A



================================================================
== Utilization Estimates
================================================================
* Summary: 
+---------------------+---------+-------+---------+---------+------+
|         Name        | BRAM_18K| DSP48E|    FF   |   LUT   | URAM |
+---------------------+---------+-------+---------+---------+------+
|DSP                  |        -|      -|        -|        -|     -|
|Expression           |        -|      -|        0|        4|     -|
|FIFO                 |        -|      -|        -|        -|     -|
|Instance             |        -|     28|      239|      636|     -|
|Memory               |        -|      -|        -|        -|     -|
|Multiplexer          |        -|      -|        -|      874|     -|
|Register             |        -|      -|     2795|        -|     -|
+---------------------+---------+-------+---------+---------+------+
|Total                |        0|     28|     3034|     1514|     0|
+---------------------+---------+-------+---------+---------+------+
|Available SLR        |     1344|   3072|   864000|   432000|   320|
+---------------------+---------+-------+---------+---------+------+
|Utilization SLR (%)  |        0|   ~0  |    ~0   |    ~0   |     0|
+---------------------+---------+-------+---------+---------+------+
|Available            |     5376|  12288|  3456000|  1728000|  1280|
+---------------------+---------+-------+---------+---------+------+
|Utilization (%)      |        0|   ~0  |    ~0   |    ~0   |     0|
+---------------------+---------+-------+---------+---------+------+

+ Detail: 
    * Instance: 
    +----------------------------------------------------------------------------+-----------------------------------------------------------------+---------+-------+-----+-----+-----+
    |                                  Instance                                  |                              Module                             | BRAM_18K| DSP48E|  FF | LUT | URAM|
    +----------------------------------------------------------------------------+-----------------------------------------------------------------+---------+-------+-----+-----+-----+
    |grp_dense_latency_ap_fixed_ap_fixed_33_13_5_3_0_config3_2_0_0_0_0_0_fu_770  |dense_latency_ap_fixed_ap_fixed_33_13_5_3_0_config3_2_0_0_0_0_0  |        0|     28|  239|  636|    0|
    +----------------------------------------------------------------------------+-----------------------------------------------------------------+---------+-------+-----+-----+-----+
    |Total                                                                       |                                                                 |        0|     28|  239|  636|    0|
    +----------------------------------------------------------------------------+-----------------------------------------------------------------+---------+-------+-----+-----+-----+

    * DSP48E: 
    N/A

    * Memory: 
    N/A

    * FIFO: 
    N/A

    * Expression: 
    +------------------+----------+-------+---+----+------------+------------+
    |   Variable Name  | Operation| DSP48E| FF| LUT| Bitwidth P0| Bitwidth P1|
    +------------------+----------+-------+---+----+------------+------------+
    |ap_block_state1   |    or    |      0|  0|   2|           1|           1|
    |ap_block_state10  |    or    |      0|  0|   2|           1|           1|
    +------------------+----------+-------+---+----+------------+------------+
    |Total             |          |      0|  0|   4|           2|           2|
    +------------------+----------+-------+---+----+------------+------------+

    * Multiplexer: 
    +-----------------------+-----+-----------+-----+-----------+
    |          Name         | LUT | Input Size| Bits| Total Bits|
    +-----------------------+-----+-----------+-----+-----------+
    |ap_NS_fsm              |  109|         23|    1|         23|
    |ap_done                |    9|          2|    1|          2|
    |data_in_0_0_V_V_blk_n  |    9|          2|    1|          2|
    |data_in_0_1_V_V_blk_n  |    9|          2|    1|          2|
    |data_in_1_0_V_V_blk_n  |    9|          2|    1|          2|
    |data_in_1_1_V_V_blk_n  |    9|          2|    1|          2|
    |res_0_V                |    9|          2|   33|         66|
    |res_10_V               |    9|          2|   33|         66|
    |res_11_V               |    9|          2|   33|         66|
    |res_12_V               |    9|          2|   33|         66|
    |res_13_V               |    9|          2|   33|         66|
    |res_14_V               |    9|          2|   33|         66|
    |res_15_V               |    9|          2|   33|         66|
    |res_16_V               |    9|          2|   33|         66|
    |res_17_V               |    9|          2|   33|         66|
    |res_18_V               |    9|          2|   33|         66|
    |res_19_V               |    9|          2|   33|         66|
    |res_1_V                |    9|          2|   33|         66|
    |res_20_V               |    9|          2|   33|         66|
    |res_21_V               |    9|          2|   33|         66|
    |res_22_V               |    9|          2|   33|         66|
    |res_23_V               |    9|          2|   33|         66|
    |res_24_V               |    9|          2|   33|         66|
    |res_25_V               |    9|          2|   33|         66|
    |res_26_V               |    9|          2|   33|         66|
    |res_27_V               |    9|          2|   33|         66|
    |res_28_V               |    9|          2|   33|         66|
    |res_29_V               |    9|          2|   33|         66|
    |res_2_V                |    9|          2|   33|         66|
    |res_30_V               |    9|          2|   33|         66|
    |res_31_V               |    9|          2|   33|         66|
    |res_32_V               |    9|          2|   33|         66|
    |res_33_V               |    9|          2|   33|         66|
    |res_34_V               |    9|          2|   33|         66|
    |res_35_V               |    9|          2|   33|         66|
    |res_36_V               |    9|          2|   33|         66|
    |res_37_V               |    9|          2|   33|         66|
    |res_38_V               |    9|          2|   33|         66|
    |res_39_V               |    9|          2|   33|         66|
    |res_3_V                |    9|          2|   33|         66|
    |res_40_V               |    9|          2|   33|         66|
    |res_41_V               |    9|          2|   33|         66|
    |res_42_V               |    9|          2|   33|         66|
    |res_43_V               |    9|          2|   33|         66|
    |res_44_V               |    9|          2|   33|         66|
    |res_45_V               |    9|          2|   33|         66|
    |res_46_V               |    9|          2|   33|         66|
    |res_47_V               |    9|          2|   33|         66|
    |res_48_V               |    9|          2|   33|         66|
    |res_49_V               |    9|          2|   33|         66|
    |res_4_V                |    9|          2|   33|         66|
    |res_50_V               |    9|          2|   33|         66|
    |res_51_V               |    9|          2|   33|         66|
    |res_52_V               |    9|          2|   33|         66|
    |res_53_V               |    9|          2|   33|         66|
    |res_54_V               |    9|          2|   33|         66|
    |res_55_V               |    9|          2|   33|         66|
    |res_56_V               |    9|          2|   33|         66|
    |res_57_V               |    9|          2|   33|         66|
    |res_58_V               |    9|          2|   33|         66|
    |res_59_V               |    9|          2|   33|         66|
    |res_5_V                |    9|          2|   33|         66|
    |res_60_V               |    9|          2|   33|         66|
    |res_61_V               |    9|          2|   33|         66|
    |res_62_V               |    9|          2|   33|         66|
    |res_63_V               |    9|          2|   33|         66|
    |res_64_V               |    9|          2|   33|         66|
    |res_65_V               |    9|          2|   33|         66|
    |res_66_V               |    9|          2|   33|         66|
    |res_67_V               |    9|          2|   33|         66|
    |res_68_V               |    9|          2|   33|         66|
    |res_69_V               |    9|          2|   33|         66|
    |res_6_V                |    9|          2|   33|         66|
    |res_70_V               |    9|          2|   33|         66|
    |res_71_V               |    9|          2|   33|         66|
    |res_72_V               |    9|          2|   33|         66|
    |res_73_V               |    9|          2|   33|         66|
    |res_74_V               |    9|          2|   33|         66|
    |res_75_V               |    9|          2|   33|         66|
    |res_76_V               |    9|          2|   33|         66|
    |res_77_V               |    9|          2|   33|         66|
    |res_78_V               |    9|          2|   33|         66|
    |res_79_V               |    9|          2|   33|         66|
    |res_7_V                |    9|          2|   33|         66|
    |res_8_V                |    9|          2|   33|         66|
    |res_9_V                |    9|          2|   33|         66|
    +-----------------------+-----+-----------+-----+-----------+
    |Total                  |  874|        193| 2646|       5313|
    +-----------------------+-----+-----------+-----+-----------+

    * Register: 
    +---------------+----+----+-----+-----------+
    |      Name     | FF | LUT| Bits| Const Bits|
    +---------------+----+----+-----+-----------+
    |ap_CS_fsm      |  22|   0|   22|          0|
    |ap_done_reg    |   1|   0|    1|          0|
    |reg_874        |  33|   0|   33|          0|
    |reg_879        |  33|   0|   33|          0|
    |reg_884        |  33|   0|   33|          0|
    |reg_889        |  33|   0|   33|          0|
    |res_0_V_preg   |  33|   0|   33|          0|
    |res_10_V_preg  |  33|   0|   33|          0|
    |res_11_V_preg  |  33|   0|   33|          0|
    |res_12_V_preg  |  33|   0|   33|          0|
    |res_13_V_preg  |  33|   0|   33|          0|
    |res_14_V_preg  |  33|   0|   33|          0|
    |res_15_V_preg  |  33|   0|   33|          0|
    |res_16_V_preg  |  33|   0|   33|          0|
    |res_17_V_preg  |  33|   0|   33|          0|
    |res_18_V_preg  |  33|   0|   33|          0|
    |res_19_V_preg  |  33|   0|   33|          0|
    |res_1_V_preg   |  33|   0|   33|          0|
    |res_20_V_preg  |  33|   0|   33|          0|
    |res_21_V_preg  |  33|   0|   33|          0|
    |res_22_V_preg  |  33|   0|   33|          0|
    |res_23_V_preg  |  33|   0|   33|          0|
    |res_24_V_preg  |  33|   0|   33|          0|
    |res_25_V_preg  |  33|   0|   33|          0|
    |res_26_V_preg  |  33|   0|   33|          0|
    |res_27_V_preg  |  33|   0|   33|          0|
    |res_28_V_preg  |  33|   0|   33|          0|
    |res_29_V_preg  |  33|   0|   33|          0|
    |res_2_V_preg   |  33|   0|   33|          0|
    |res_30_V_preg  |  33|   0|   33|          0|
    |res_31_V_preg  |  33|   0|   33|          0|
    |res_32_V_preg  |  33|   0|   33|          0|
    |res_33_V_preg  |  33|   0|   33|          0|
    |res_34_V_preg  |  33|   0|   33|          0|
    |res_35_V_preg  |  33|   0|   33|          0|
    |res_36_V_preg  |  33|   0|   33|          0|
    |res_37_V_preg  |  33|   0|   33|          0|
    |res_38_V_preg  |  33|   0|   33|          0|
    |res_39_V_preg  |  33|   0|   33|          0|
    |res_3_V_preg   |  33|   0|   33|          0|
    |res_40_V_preg  |  33|   0|   33|          0|
    |res_41_V_preg  |  33|   0|   33|          0|
    |res_42_V_preg  |  33|   0|   33|          0|
    |res_43_V_preg  |  33|   0|   33|          0|
    |res_44_V_preg  |  33|   0|   33|          0|
    |res_45_V_preg  |  33|   0|   33|          0|
    |res_46_V_preg  |  33|   0|   33|          0|
    |res_47_V_preg  |  33|   0|   33|          0|
    |res_48_V_preg  |  33|   0|   33|          0|
    |res_49_V_preg  |  33|   0|   33|          0|
    |res_4_V_preg   |  33|   0|   33|          0|
    |res_50_V_preg  |  33|   0|   33|          0|
    |res_51_V_preg  |  33|   0|   33|          0|
    |res_52_V_preg  |  33|   0|   33|          0|
    |res_53_V_preg  |  33|   0|   33|          0|
    |res_54_V_preg  |  33|   0|   33|          0|
    |res_55_V_preg  |  33|   0|   33|          0|
    |res_56_V_preg  |  33|   0|   33|          0|
    |res_57_V_preg  |  33|   0|   33|          0|
    |res_58_V_preg  |  33|   0|   33|          0|
    |res_59_V_preg  |  33|   0|   33|          0|
    |res_5_V_preg   |  33|   0|   33|          0|
    |res_60_V_preg  |  33|   0|   33|          0|
    |res_61_V_preg  |  33|   0|   33|          0|
    |res_62_V_preg  |  33|   0|   33|          0|
    |res_63_V_preg  |  33|   0|   33|          0|
    |res_64_V_preg  |  33|   0|   33|          0|
    |res_65_V_preg  |  33|   0|   33|          0|
    |res_66_V_preg  |  33|   0|   33|          0|
    |res_67_V_preg  |  33|   0|   33|          0|
    |res_68_V_preg  |  33|   0|   33|          0|
    |res_69_V_preg  |  33|   0|   33|          0|
    |res_6_V_preg   |  33|   0|   33|          0|
    |res_70_V_preg  |  33|   0|   33|          0|
    |res_71_V_preg  |  33|   0|   33|          0|
    |res_72_V_preg  |  33|   0|   33|          0|
    |res_73_V_preg  |  33|   0|   33|          0|
    |res_74_V_preg  |  33|   0|   33|          0|
    |res_75_V_preg  |  33|   0|   33|          0|
    |res_76_V_preg  |  33|   0|   33|          0|
    |res_77_V_preg  |  33|   0|   33|          0|
    |res_78_V_preg  |  33|   0|   33|          0|
    |res_79_V_preg  |  33|   0|   33|          0|
    |res_7_V_preg   |  33|   0|   33|          0|
    |res_8_V_preg   |  33|   0|   33|          0|
    |res_9_V_preg   |  33|   0|   33|          0|
    +---------------+----+----+-----+-----------+
    |Total          |2795|   0| 2795|          0|
    +---------------+----+----+-----+-----------+



================================================================
== Interface
================================================================
* Summary: 
+-------------------------+-----+-----+------------+--------------------------------------------------------------------------+--------------+
|        RTL Ports        | Dir | Bits|  Protocol  |                               Source Object                              |    C Type    |
+-------------------------+-----+-----+------------+--------------------------------------------------------------------------+--------------+
|ap_clk                   |  in |    1| ap_ctrl_hs | dense_out<ap_fixed<33, 13, 5, 3, 0>, ap_fixed<33, 13, 5, 3, 0>, config3> | return value |
|ap_rst                   |  in |    1| ap_ctrl_hs | dense_out<ap_fixed<33, 13, 5, 3, 0>, ap_fixed<33, 13, 5, 3, 0>, config3> | return value |
|ap_start                 |  in |    1| ap_ctrl_hs | dense_out<ap_fixed<33, 13, 5, 3, 0>, ap_fixed<33, 13, 5, 3, 0>, config3> | return value |
|ap_done                  | out |    1| ap_ctrl_hs | dense_out<ap_fixed<33, 13, 5, 3, 0>, ap_fixed<33, 13, 5, 3, 0>, config3> | return value |
|ap_continue              |  in |    1| ap_ctrl_hs | dense_out<ap_fixed<33, 13, 5, 3, 0>, ap_fixed<33, 13, 5, 3, 0>, config3> | return value |
|ap_idle                  | out |    1| ap_ctrl_hs | dense_out<ap_fixed<33, 13, 5, 3, 0>, ap_fixed<33, 13, 5, 3, 0>, config3> | return value |
|ap_ready                 | out |    1| ap_ctrl_hs | dense_out<ap_fixed<33, 13, 5, 3, 0>, ap_fixed<33, 13, 5, 3, 0>, config3> | return value |
|data_in_0_0_V_V_dout     |  in |   33|   ap_fifo  |                              data_in_0_0_V_V                             |    pointer   |
|data_in_0_0_V_V_empty_n  |  in |    1|   ap_fifo  |                              data_in_0_0_V_V                             |    pointer   |
|data_in_0_0_V_V_read     | out |    1|   ap_fifo  |                              data_in_0_0_V_V                             |    pointer   |
|data_in_0_1_V_V_dout     |  in |   33|   ap_fifo  |                              data_in_0_1_V_V                             |    pointer   |
|data_in_0_1_V_V_empty_n  |  in |    1|   ap_fifo  |                              data_in_0_1_V_V                             |    pointer   |
|data_in_0_1_V_V_read     | out |    1|   ap_fifo  |                              data_in_0_1_V_V                             |    pointer   |
|data_in_1_0_V_V_dout     |  in |   33|   ap_fifo  |                              data_in_1_0_V_V                             |    pointer   |
|data_in_1_0_V_V_empty_n  |  in |    1|   ap_fifo  |                              data_in_1_0_V_V                             |    pointer   |
|data_in_1_0_V_V_read     | out |    1|   ap_fifo  |                              data_in_1_0_V_V                             |    pointer   |
|data_in_1_1_V_V_dout     |  in |   33|   ap_fifo  |                              data_in_1_1_V_V                             |    pointer   |
|data_in_1_1_V_V_empty_n  |  in |    1|   ap_fifo  |                              data_in_1_1_V_V                             |    pointer   |
|data_in_1_1_V_V_read     | out |    1|   ap_fifo  |                              data_in_1_1_V_V                             |    pointer   |
|res_0_V                  | out |   33|   ap_vld   |                                  res_0_V                                 |    pointer   |
|res_0_V_ap_vld           | out |    1|   ap_vld   |                                  res_0_V                                 |    pointer   |
|res_1_V                  | out |   33|   ap_vld   |                                  res_1_V                                 |    pointer   |
|res_1_V_ap_vld           | out |    1|   ap_vld   |                                  res_1_V                                 |    pointer   |
|res_2_V                  | out |   33|   ap_vld   |                                  res_2_V                                 |    pointer   |
|res_2_V_ap_vld           | out |    1|   ap_vld   |                                  res_2_V                                 |    pointer   |
|res_3_V                  | out |   33|   ap_vld   |                                  res_3_V                                 |    pointer   |
|res_3_V_ap_vld           | out |    1|   ap_vld   |                                  res_3_V                                 |    pointer   |
|res_4_V                  | out |   33|   ap_vld   |                                  res_4_V                                 |    pointer   |
|res_4_V_ap_vld           | out |    1|   ap_vld   |                                  res_4_V                                 |    pointer   |
|res_5_V                  | out |   33|   ap_vld   |                                  res_5_V                                 |    pointer   |
|res_5_V_ap_vld           | out |    1|   ap_vld   |                                  res_5_V                                 |    pointer   |
|res_6_V                  | out |   33|   ap_vld   |                                  res_6_V                                 |    pointer   |
|res_6_V_ap_vld           | out |    1|   ap_vld   |                                  res_6_V                                 |    pointer   |
|res_7_V                  | out |   33|   ap_vld   |                                  res_7_V                                 |    pointer   |
|res_7_V_ap_vld           | out |    1|   ap_vld   |                                  res_7_V                                 |    pointer   |
|res_8_V                  | out |   33|   ap_vld   |                                  res_8_V                                 |    pointer   |
|res_8_V_ap_vld           | out |    1|   ap_vld   |                                  res_8_V                                 |    pointer   |
|res_9_V                  | out |   33|   ap_vld   |                                  res_9_V                                 |    pointer   |
|res_9_V_ap_vld           | out |    1|   ap_vld   |                                  res_9_V                                 |    pointer   |
|res_10_V                 | out |   33|   ap_vld   |                                 res_10_V                                 |    pointer   |
|res_10_V_ap_vld          | out |    1|   ap_vld   |                                 res_10_V                                 |    pointer   |
|res_11_V                 | out |   33|   ap_vld   |                                 res_11_V                                 |    pointer   |
|res_11_V_ap_vld          | out |    1|   ap_vld   |                                 res_11_V                                 |    pointer   |
|res_12_V                 | out |   33|   ap_vld   |                                 res_12_V                                 |    pointer   |
|res_12_V_ap_vld          | out |    1|   ap_vld   |                                 res_12_V                                 |    pointer   |
|res_13_V                 | out |   33|   ap_vld   |                                 res_13_V                                 |    pointer   |
|res_13_V_ap_vld          | out |    1|   ap_vld   |                                 res_13_V                                 |    pointer   |
|res_14_V                 | out |   33|   ap_vld   |                                 res_14_V                                 |    pointer   |
|res_14_V_ap_vld          | out |    1|   ap_vld   |                                 res_14_V                                 |    pointer   |
|res_15_V                 | out |   33|   ap_vld   |                                 res_15_V                                 |    pointer   |
|res_15_V_ap_vld          | out |    1|   ap_vld   |                                 res_15_V                                 |    pointer   |
|res_16_V                 | out |   33|   ap_vld   |                                 res_16_V                                 |    pointer   |
|res_16_V_ap_vld          | out |    1|   ap_vld   |                                 res_16_V                                 |    pointer   |
|res_17_V                 | out |   33|   ap_vld   |                                 res_17_V                                 |    pointer   |
|res_17_V_ap_vld          | out |    1|   ap_vld   |                                 res_17_V                                 |    pointer   |
|res_18_V                 | out |   33|   ap_vld   |                                 res_18_V                                 |    pointer   |
|res_18_V_ap_vld          | out |    1|   ap_vld   |                                 res_18_V                                 |    pointer   |
|res_19_V                 | out |   33|   ap_vld   |                                 res_19_V                                 |    pointer   |
|res_19_V_ap_vld          | out |    1|   ap_vld   |                                 res_19_V                                 |    pointer   |
|res_20_V                 | out |   33|   ap_vld   |                                 res_20_V                                 |    pointer   |
|res_20_V_ap_vld          | out |    1|   ap_vld   |                                 res_20_V                                 |    pointer   |
|res_21_V                 | out |   33|   ap_vld   |                                 res_21_V                                 |    pointer   |
|res_21_V_ap_vld          | out |    1|   ap_vld   |                                 res_21_V                                 |    pointer   |
|res_22_V                 | out |   33|   ap_vld   |                                 res_22_V                                 |    pointer   |
|res_22_V_ap_vld          | out |    1|   ap_vld   |                                 res_22_V                                 |    pointer   |
|res_23_V                 | out |   33|   ap_vld   |                                 res_23_V                                 |    pointer   |
|res_23_V_ap_vld          | out |    1|   ap_vld   |                                 res_23_V                                 |    pointer   |
|res_24_V                 | out |   33|   ap_vld   |                                 res_24_V                                 |    pointer   |
|res_24_V_ap_vld          | out |    1|   ap_vld   |                                 res_24_V                                 |    pointer   |
|res_25_V                 | out |   33|   ap_vld   |                                 res_25_V                                 |    pointer   |
|res_25_V_ap_vld          | out |    1|   ap_vld   |                                 res_25_V                                 |    pointer   |
|res_26_V                 | out |   33|   ap_vld   |                                 res_26_V                                 |    pointer   |
|res_26_V_ap_vld          | out |    1|   ap_vld   |                                 res_26_V                                 |    pointer   |
|res_27_V                 | out |   33|   ap_vld   |                                 res_27_V                                 |    pointer   |
|res_27_V_ap_vld          | out |    1|   ap_vld   |                                 res_27_V                                 |    pointer   |
|res_28_V                 | out |   33|   ap_vld   |                                 res_28_V                                 |    pointer   |
|res_28_V_ap_vld          | out |    1|   ap_vld   |                                 res_28_V                                 |    pointer   |
|res_29_V                 | out |   33|   ap_vld   |                                 res_29_V                                 |    pointer   |
|res_29_V_ap_vld          | out |    1|   ap_vld   |                                 res_29_V                                 |    pointer   |
|res_30_V                 | out |   33|   ap_vld   |                                 res_30_V                                 |    pointer   |
|res_30_V_ap_vld          | out |    1|   ap_vld   |                                 res_30_V                                 |    pointer   |
|res_31_V                 | out |   33|   ap_vld   |                                 res_31_V                                 |    pointer   |
|res_31_V_ap_vld          | out |    1|   ap_vld   |                                 res_31_V                                 |    pointer   |
|res_32_V                 | out |   33|   ap_vld   |                                 res_32_V                                 |    pointer   |
|res_32_V_ap_vld          | out |    1|   ap_vld   |                                 res_32_V                                 |    pointer   |
|res_33_V                 | out |   33|   ap_vld   |                                 res_33_V                                 |    pointer   |
|res_33_V_ap_vld          | out |    1|   ap_vld   |                                 res_33_V                                 |    pointer   |
|res_34_V                 | out |   33|   ap_vld   |                                 res_34_V                                 |    pointer   |
|res_34_V_ap_vld          | out |    1|   ap_vld   |                                 res_34_V                                 |    pointer   |
|res_35_V                 | out |   33|   ap_vld   |                                 res_35_V                                 |    pointer   |
|res_35_V_ap_vld          | out |    1|   ap_vld   |                                 res_35_V                                 |    pointer   |
|res_36_V                 | out |   33|   ap_vld   |                                 res_36_V                                 |    pointer   |
|res_36_V_ap_vld          | out |    1|   ap_vld   |                                 res_36_V                                 |    pointer   |
|res_37_V                 | out |   33|   ap_vld   |                                 res_37_V                                 |    pointer   |
|res_37_V_ap_vld          | out |    1|   ap_vld   |                                 res_37_V                                 |    pointer   |
|res_38_V                 | out |   33|   ap_vld   |                                 res_38_V                                 |    pointer   |
|res_38_V_ap_vld          | out |    1|   ap_vld   |                                 res_38_V                                 |    pointer   |
|res_39_V                 | out |   33|   ap_vld   |                                 res_39_V                                 |    pointer   |
|res_39_V_ap_vld          | out |    1|   ap_vld   |                                 res_39_V                                 |    pointer   |
|res_40_V                 | out |   33|   ap_vld   |                                 res_40_V                                 |    pointer   |
|res_40_V_ap_vld          | out |    1|   ap_vld   |                                 res_40_V                                 |    pointer   |
|res_41_V                 | out |   33|   ap_vld   |                                 res_41_V                                 |    pointer   |
|res_41_V_ap_vld          | out |    1|   ap_vld   |                                 res_41_V                                 |    pointer   |
|res_42_V                 | out |   33|   ap_vld   |                                 res_42_V                                 |    pointer   |
|res_42_V_ap_vld          | out |    1|   ap_vld   |                                 res_42_V                                 |    pointer   |
|res_43_V                 | out |   33|   ap_vld   |                                 res_43_V                                 |    pointer   |
|res_43_V_ap_vld          | out |    1|   ap_vld   |                                 res_43_V                                 |    pointer   |
|res_44_V                 | out |   33|   ap_vld   |                                 res_44_V                                 |    pointer   |
|res_44_V_ap_vld          | out |    1|   ap_vld   |                                 res_44_V                                 |    pointer   |
|res_45_V                 | out |   33|   ap_vld   |                                 res_45_V                                 |    pointer   |
|res_45_V_ap_vld          | out |    1|   ap_vld   |                                 res_45_V                                 |    pointer   |
|res_46_V                 | out |   33|   ap_vld   |                                 res_46_V                                 |    pointer   |
|res_46_V_ap_vld          | out |    1|   ap_vld   |                                 res_46_V                                 |    pointer   |
|res_47_V                 | out |   33|   ap_vld   |                                 res_47_V                                 |    pointer   |
|res_47_V_ap_vld          | out |    1|   ap_vld   |                                 res_47_V                                 |    pointer   |
|res_48_V                 | out |   33|   ap_vld   |                                 res_48_V                                 |    pointer   |
|res_48_V_ap_vld          | out |    1|   ap_vld   |                                 res_48_V                                 |    pointer   |
|res_49_V                 | out |   33|   ap_vld   |                                 res_49_V                                 |    pointer   |
|res_49_V_ap_vld          | out |    1|   ap_vld   |                                 res_49_V                                 |    pointer   |
|res_50_V                 | out |   33|   ap_vld   |                                 res_50_V                                 |    pointer   |
|res_50_V_ap_vld          | out |    1|   ap_vld   |                                 res_50_V                                 |    pointer   |
|res_51_V                 | out |   33|   ap_vld   |                                 res_51_V                                 |    pointer   |
|res_51_V_ap_vld          | out |    1|   ap_vld   |                                 res_51_V                                 |    pointer   |
|res_52_V                 | out |   33|   ap_vld   |                                 res_52_V                                 |    pointer   |
|res_52_V_ap_vld          | out |    1|   ap_vld   |                                 res_52_V                                 |    pointer   |
|res_53_V                 | out |   33|   ap_vld   |                                 res_53_V                                 |    pointer   |
|res_53_V_ap_vld          | out |    1|   ap_vld   |                                 res_53_V                                 |    pointer   |
|res_54_V                 | out |   33|   ap_vld   |                                 res_54_V                                 |    pointer   |
|res_54_V_ap_vld          | out |    1|   ap_vld   |                                 res_54_V                                 |    pointer   |
|res_55_V                 | out |   33|   ap_vld   |                                 res_55_V                                 |    pointer   |
|res_55_V_ap_vld          | out |    1|   ap_vld   |                                 res_55_V                                 |    pointer   |
|res_56_V                 | out |   33|   ap_vld   |                                 res_56_V                                 |    pointer   |
|res_56_V_ap_vld          | out |    1|   ap_vld   |                                 res_56_V                                 |    pointer   |
|res_57_V                 | out |   33|   ap_vld   |                                 res_57_V                                 |    pointer   |
|res_57_V_ap_vld          | out |    1|   ap_vld   |                                 res_57_V                                 |    pointer   |
|res_58_V                 | out |   33|   ap_vld   |                                 res_58_V                                 |    pointer   |
|res_58_V_ap_vld          | out |    1|   ap_vld   |                                 res_58_V                                 |    pointer   |
|res_59_V                 | out |   33|   ap_vld   |                                 res_59_V                                 |    pointer   |
|res_59_V_ap_vld          | out |    1|   ap_vld   |                                 res_59_V                                 |    pointer   |
|res_60_V                 | out |   33|   ap_vld   |                                 res_60_V                                 |    pointer   |
|res_60_V_ap_vld          | out |    1|   ap_vld   |                                 res_60_V                                 |    pointer   |
|res_61_V                 | out |   33|   ap_vld   |                                 res_61_V                                 |    pointer   |
|res_61_V_ap_vld          | out |    1|   ap_vld   |                                 res_61_V                                 |    pointer   |
|res_62_V                 | out |   33|   ap_vld   |                                 res_62_V                                 |    pointer   |
|res_62_V_ap_vld          | out |    1|   ap_vld   |                                 res_62_V                                 |    pointer   |
|res_63_V                 | out |   33|   ap_vld   |                                 res_63_V                                 |    pointer   |
|res_63_V_ap_vld          | out |    1|   ap_vld   |                                 res_63_V                                 |    pointer   |
|res_64_V                 | out |   33|   ap_vld   |                                 res_64_V                                 |    pointer   |
|res_64_V_ap_vld          | out |    1|   ap_vld   |                                 res_64_V                                 |    pointer   |
|res_65_V                 | out |   33|   ap_vld   |                                 res_65_V                                 |    pointer   |
|res_65_V_ap_vld          | out |    1|   ap_vld   |                                 res_65_V                                 |    pointer   |
|res_66_V                 | out |   33|   ap_vld   |                                 res_66_V                                 |    pointer   |
|res_66_V_ap_vld          | out |    1|   ap_vld   |                                 res_66_V                                 |    pointer   |
|res_67_V                 | out |   33|   ap_vld   |                                 res_67_V                                 |    pointer   |
|res_67_V_ap_vld          | out |    1|   ap_vld   |                                 res_67_V                                 |    pointer   |
|res_68_V                 | out |   33|   ap_vld   |                                 res_68_V                                 |    pointer   |
|res_68_V_ap_vld          | out |    1|   ap_vld   |                                 res_68_V                                 |    pointer   |
|res_69_V                 | out |   33|   ap_vld   |                                 res_69_V                                 |    pointer   |
|res_69_V_ap_vld          | out |    1|   ap_vld   |                                 res_69_V                                 |    pointer   |
|res_70_V                 | out |   33|   ap_vld   |                                 res_70_V                                 |    pointer   |
|res_70_V_ap_vld          | out |    1|   ap_vld   |                                 res_70_V                                 |    pointer   |
|res_71_V                 | out |   33|   ap_vld   |                                 res_71_V                                 |    pointer   |
|res_71_V_ap_vld          | out |    1|   ap_vld   |                                 res_71_V                                 |    pointer   |
|res_72_V                 | out |   33|   ap_vld   |                                 res_72_V                                 |    pointer   |
|res_72_V_ap_vld          | out |    1|   ap_vld   |                                 res_72_V                                 |    pointer   |
|res_73_V                 | out |   33|   ap_vld   |                                 res_73_V                                 |    pointer   |
|res_73_V_ap_vld          | out |    1|   ap_vld   |                                 res_73_V                                 |    pointer   |
|res_74_V                 | out |   33|   ap_vld   |                                 res_74_V                                 |    pointer   |
|res_74_V_ap_vld          | out |    1|   ap_vld   |                                 res_74_V                                 |    pointer   |
|res_75_V                 | out |   33|   ap_vld   |                                 res_75_V                                 |    pointer   |
|res_75_V_ap_vld          | out |    1|   ap_vld   |                                 res_75_V                                 |    pointer   |
|res_76_V                 | out |   33|   ap_vld   |                                 res_76_V                                 |    pointer   |
|res_76_V_ap_vld          | out |    1|   ap_vld   |                                 res_76_V                                 |    pointer   |
|res_77_V                 | out |   33|   ap_vld   |                                 res_77_V                                 |    pointer   |
|res_77_V_ap_vld          | out |    1|   ap_vld   |                                 res_77_V                                 |    pointer   |
|res_78_V                 | out |   33|   ap_vld   |                                 res_78_V                                 |    pointer   |
|res_78_V_ap_vld          | out |    1|   ap_vld   |                                 res_78_V                                 |    pointer   |
|res_79_V                 | out |   33|   ap_vld   |                                 res_79_V                                 |    pointer   |
|res_79_V_ap_vld          | out |    1|   ap_vld   |                                 res_79_V                                 |    pointer   |
+-------------------------+-----+-----+------------+--------------------------------------------------------------------------+--------------+

