

================================================================
== Vivado HLS Report for 'read_stream_array_ap_fixed_16_6_5_3_0_4_s'
================================================================
* Date:           Thu Nov 14 17:15:26 2024

* Version:        2020.1 (Build 2897737 on Wed May 27 20:21:37 MDT 2020)
* Project:        myproject_prj
* Solution:       solution1
* Product family: virtexuplus
* Target device:  xcvu13p-flga2577-2-e


================================================================
== Performance Estimates
================================================================
+ Timing: 
    * Summary: 
    +--------+---------+----------+------------+
    |  Clock |  Target | Estimated| Uncertainty|
    +--------+---------+----------+------------+
    |ap_clk  | 5.00 ns | 1.458 ns |   0.62 ns  |
    +--------+---------+----------+------------+

+ Latency: 
    * Summary: 
    +---------+---------+----------+----------+-----+-----+---------+
    |  Latency (cycles) |  Latency (absolute) |  Interval | Pipeline|
    |   min   |   max   |    min   |    max   | min | max |   Type  |
    +---------+---------+----------+----------+-----+-----+---------+
    |        0|        0|   0 ns   |   0 ns   |    0|    0|   none  |
    +---------+---------+----------+----------+-----+-----+---------+

    + Detail: 
        * Instance: 
        N/A

        * Loop: 
        N/A



================================================================
== Utilization Estimates
================================================================
* Summary: 
+---------------------+---------+-------+---------+---------+------+
|         Name        | BRAM_18K| DSP48E|    FF   |   LUT   | URAM |
+---------------------+---------+-------+---------+---------+------+
|DSP                  |        -|      -|        -|        -|     -|
|Expression           |        -|      -|        0|        2|     -|
|FIFO                 |        -|      -|        -|        -|     -|
|Instance             |        -|      -|        -|        -|     -|
|Memory               |        -|      -|        -|        -|     -|
|Multiplexer          |        -|      -|        -|       72|     -|
|Register             |        -|      -|       65|        -|     -|
+---------------------+---------+-------+---------+---------+------+
|Total                |        0|      0|       65|       74|     0|
+---------------------+---------+-------+---------+---------+------+
|Available SLR        |     1344|   3072|   864000|   432000|   320|
+---------------------+---------+-------+---------+---------+------+
|Utilization SLR (%)  |        0|      0|    ~0   |    ~0   |     0|
+---------------------+---------+-------+---------+---------+------+
|Available            |     5376|  12288|  3456000|  1728000|  1280|
+---------------------+---------+-------+---------+---------+------+
|Utilization (%)      |        0|      0|    ~0   |    ~0   |     0|
+---------------------+---------+-------+---------+---------+------+

+ Detail: 
    * Instance: 
    N/A

    * DSP48E: 
    N/A

    * Memory: 
    N/A

    * FIFO: 
    N/A

    * Expression: 
    +-----------------+----------+-------+---+----+------------+------------+
    |  Variable Name  | Operation| DSP48E| FF| LUT| Bitwidth P0| Bitwidth P1|
    +-----------------+----------+-------+---+----+------------+------------+
    |ap_block_state1  |    or    |      0|  0|   2|           1|           1|
    +-----------------+----------+-------+---+----+------------+------------+
    |Total            |          |      0|  0|   2|           1|           1|
    +-----------------+----------+-------+---+----+------------+------------+

    * Multiplexer: 
    +---------------------+----+-----------+-----+-----------+
    |         Name        | LUT| Input Size| Bits| Total Bits|
    +---------------------+----+-----------+-----+-----------+
    |ap_return_0          |   9|          2|   16|         32|
    |ap_return_1          |   9|          2|   16|         32|
    |ap_return_2          |   9|          2|   16|         32|
    |ap_return_3          |   9|          2|   16|         32|
    |data_in_0_V_V_blk_n  |   9|          2|    1|          2|
    |data_in_1_V_V_blk_n  |   9|          2|    1|          2|
    |data_in_2_V_V_blk_n  |   9|          2|    1|          2|
    |data_in_3_V_V_blk_n  |   9|          2|    1|          2|
    +---------------------+----+-----------+-----+-----------+
    |Total                |  72|         16|   68|        136|
    +---------------------+----+-----------+-----+-----------+

    * Register: 
    +------------------+----+----+-----+-----------+
    |       Name       | FF | LUT| Bits| Const Bits|
    +------------------+----+----+-----+-----------+
    |ap_CS_fsm         |   1|   0|    1|          0|
    |ap_return_0_preg  |  16|   0|   16|          0|
    |ap_return_1_preg  |  16|   0|   16|          0|
    |ap_return_2_preg  |  16|   0|   16|          0|
    |ap_return_3_preg  |  16|   0|   16|          0|
    +------------------+----+----+-----+-----------+
    |Total             |  65|   0|   65|          0|
    +------------------+----+----+-----+-----------+



================================================================
== Interface
================================================================
* Summary: 
+-----------------------+-----+-----+------------+------------------------------------------------+--------------+
|       RTL Ports       | Dir | Bits|  Protocol  |                  Source Object                 |    C Type    |
+-----------------------+-----+-----+------------+------------------------------------------------+--------------+
|ap_clk                 |  in |    1| ap_ctrl_hs | read_stream_array<ap_fixed<16, 6, 5, 3, 0>, 4> | return value |
|ap_rst                 |  in |    1| ap_ctrl_hs | read_stream_array<ap_fixed<16, 6, 5, 3, 0>, 4> | return value |
|ap_start               |  in |    1| ap_ctrl_hs | read_stream_array<ap_fixed<16, 6, 5, 3, 0>, 4> | return value |
|ap_done                | out |    1| ap_ctrl_hs | read_stream_array<ap_fixed<16, 6, 5, 3, 0>, 4> | return value |
|ap_idle                | out |    1| ap_ctrl_hs | read_stream_array<ap_fixed<16, 6, 5, 3, 0>, 4> | return value |
|ap_ready               | out |    1| ap_ctrl_hs | read_stream_array<ap_fixed<16, 6, 5, 3, 0>, 4> | return value |
|ap_return_0            | out |   16| ap_ctrl_hs | read_stream_array<ap_fixed<16, 6, 5, 3, 0>, 4> | return value |
|ap_return_1            | out |   16| ap_ctrl_hs | read_stream_array<ap_fixed<16, 6, 5, 3, 0>, 4> | return value |
|ap_return_2            | out |   16| ap_ctrl_hs | read_stream_array<ap_fixed<16, 6, 5, 3, 0>, 4> | return value |
|ap_return_3            | out |   16| ap_ctrl_hs | read_stream_array<ap_fixed<16, 6, 5, 3, 0>, 4> | return value |
|data_in_0_V_V_blk_n    | out |    1| ap_ctrl_hs | read_stream_array<ap_fixed<16, 6, 5, 3, 0>, 4> | return value |
|data_in_1_V_V_blk_n    | out |    1| ap_ctrl_hs | read_stream_array<ap_fixed<16, 6, 5, 3, 0>, 4> | return value |
|data_in_2_V_V_blk_n    | out |    1| ap_ctrl_hs | read_stream_array<ap_fixed<16, 6, 5, 3, 0>, 4> | return value |
|data_in_3_V_V_blk_n    | out |    1| ap_ctrl_hs | read_stream_array<ap_fixed<16, 6, 5, 3, 0>, 4> | return value |
|data_in_0_V_V_dout     |  in |   16|   ap_fifo  |                  data_in_0_V_V                 |    pointer   |
|data_in_0_V_V_empty_n  |  in |    1|   ap_fifo  |                  data_in_0_V_V                 |    pointer   |
|data_in_0_V_V_read     | out |    1|   ap_fifo  |                  data_in_0_V_V                 |    pointer   |
|data_in_1_V_V_dout     |  in |   16|   ap_fifo  |                  data_in_1_V_V                 |    pointer   |
|data_in_1_V_V_empty_n  |  in |    1|   ap_fifo  |                  data_in_1_V_V                 |    pointer   |
|data_in_1_V_V_read     | out |    1|   ap_fifo  |                  data_in_1_V_V                 |    pointer   |
|data_in_2_V_V_dout     |  in |   16|   ap_fifo  |                  data_in_2_V_V                 |    pointer   |
|data_in_2_V_V_empty_n  |  in |    1|   ap_fifo  |                  data_in_2_V_V                 |    pointer   |
|data_in_2_V_V_read     | out |    1|   ap_fifo  |                  data_in_2_V_V                 |    pointer   |
|data_in_3_V_V_dout     |  in |   16|   ap_fifo  |                  data_in_3_V_V                 |    pointer   |
|data_in_3_V_V_empty_n  |  in |    1|   ap_fifo  |                  data_in_3_V_V                 |    pointer   |
|data_in_3_V_V_read     | out |    1|   ap_fifo  |                  data_in_3_V_V                 |    pointer   |
+-----------------------+-----+-----+------------+------------------------------------------------+--------------+

