

================================================================
== Vitis HLS Report for 'layernorm_1d_ap_fixed_16_6_5_3_0_ap_fixed_33_13_5_3_0_config2_s'
================================================================
* Date:           Wed Nov 20 14:25:16 2024

* Version:        2020.1 (Build 2902540 on Wed May 27 20:16:15 MDT 2020)
* Project:        myproject_prj
* Solution:       solution1 (Vivado IP Flow Target)
* Product family: virtexuplus
* Target device:  xcvu13p-flga2577-2-e


================================================================
== Performance Estimates
================================================================
+ Timing: 
    * Summary: 
    +--------+---------+----------+------------+
    |  Clock |  Target | Estimated| Uncertainty|
    +--------+---------+----------+------------+
    |ap_clk  | 5.00 ns | 4.027 ns |   0.62 ns  |
    +--------+---------+----------+------------+

+ Latency: 
    * Summary: 
    +---------+---------+-----------+-----------+-----+-----+----------+
    |  Latency (cycles) |   Latency (absolute)  |  Interval | Pipeline |
    |   min   |   max   |    min    |    max    | min | max |   Type   |
    +---------+---------+-----------+-----------+-----+-----+----------+
    |        4|        4| 20.000 ns | 20.000 ns |    1|    1| function |
    +---------+---------+-----------+-----------+-----+-----+----------+

    + Detail: 
        * Instance: 
        N/A

        * Loop: 
        N/A



================================================================
== Utilization Estimates
================================================================
* Summary: 
+---------------------+---------+-------+---------+---------+------+
|         Name        | BRAM_18K|  DSP  |    FF   |   LUT   | URAM |
+---------------------+---------+-------+---------+---------+------+
|DSP                  |        -|      7|        -|        -|     -|
|Expression           |        -|      -|        0|      452|     -|
|FIFO                 |        -|      -|        -|        -|     -|
|Instance             |        -|     10|        0|      110|     -|
|Memory               |        8|      -|        0|        0|     -|
|Multiplexer          |        -|      -|        -|        -|     -|
|Register             |        -|      -|      659|      160|     -|
+---------------------+---------+-------+---------+---------+------+
|Total                |        8|     17|      659|      722|     0|
+---------------------+---------+-------+---------+---------+------+
|Available SLR        |     1344|   3072|   864000|   432000|   320|
+---------------------+---------+-------+---------+---------+------+
|Utilization SLR (%)  |    ~0   |   ~0  |    ~0   |    ~0   |     0|
+---------------------+---------+-------+---------+---------+------+
|Available            |     5376|  12288|  3456000|  1728000|  1280|
+---------------------+---------+-------+---------+---------+------+
|Utilization (%)      |    ~0   |   ~0  |    ~0   |    ~0   |     0|
+---------------------+---------+-------+---------+---------+------+

+ Detail: 
    * Instance: 
    +-----------------------+--------------------+---------+----+---+----+-----+
    |        Instance       |       Module       | BRAM_18K| DSP| FF| LUT| URAM|
    +-----------------------+--------------------+---------+----+---+----+-----+
    |mul_22s_22s_38_1_1_U1  |mul_22s_22s_38_1_1  |        0|   2|  0|  22|    0|
    |mul_22s_22s_38_1_1_U2  |mul_22s_22s_38_1_1  |        0|   2|  0|  22|    0|
    |mul_22s_22s_38_1_1_U3  |mul_22s_22s_38_1_1  |        0|   2|  0|  22|    0|
    |mul_22s_22s_38_1_1_U4  |mul_22s_22s_38_1_1  |        0|   2|  0|  22|    0|
    |mul_22s_22s_38_1_1_U5  |mul_22s_22s_38_1_1  |        0|   2|  0|  22|    0|
    +-----------------------+--------------------+---------+----+---+----+-----+
    |Total                  |                    |        0|  10|  0| 110|    0|
    +-----------------------+--------------------+---------+----+---+----+-----+

    * DSP: 
    +----------------------------+-------------------------+-----------+
    |          Instance          |          Module         | Expression|
    +----------------------------+-------------------------+-----------+
    |mul_mul_15ns_22s_37_1_1_U6  |mul_mul_15ns_22s_37_1_1  |  i0 * i1  |
    |mul_mul_15ns_22s_37_1_1_U7  |mul_mul_15ns_22s_37_1_1  |  i0 * i1  |
    |mul_mul_22s_9ns_31_1_1_U8   |mul_mul_22s_9ns_31_1_1   |  i0 * i1  |
    |mul_mul_22s_9ns_31_1_1_U9   |mul_mul_22s_9ns_31_1_1   |  i0 * i1  |
    |mul_mul_22s_9ns_31_1_1_U10  |mul_mul_22s_9ns_31_1_1   |  i0 * i1  |
    |mul_mul_22s_9ns_31_1_1_U11  |mul_mul_22s_9ns_31_1_1   |  i0 * i1  |
    |mul_mul_22s_9ns_31_1_1_U12  |mul_mul_22s_9ns_31_1_1   |  i0 * i1  |
    +----------------------------+-------------------------+-----------+

    * Memory: 
    +--------------------+----------------------------------------------------------------------------------+---------+---+----+-----+-------+-----+------+-------------+
    |       Memory       |                                      Module                                      | BRAM_18K| FF| LUT| URAM| Words | Bits| Banks| W*Bits*Banks|
    +--------------------+----------------------------------------------------------------------------------+---------+---+----+-----+-------+-----+------+-------------+
    |invert_sqr_table_U  |layernorm_1d_ap_fixed_16_6_5_3_0_ap_fixed_33_13_5_3_0_config2_s_invert_sqr_tabkb  |        8|  0|   0|    0|  16384|    9|     1|       147456|
    +--------------------+----------------------------------------------------------------------------------+---------+---+----+-----+-------+-----+------+-------------+
    |Total               |                                                                                  |        8|  0|   0|    0|  16384|    9|     1|       147456|
    +--------------------+----------------------------------------------------------------------------------+---------+---+----+-----+-------+-----+------+-------------+

    * FIFO: 
    N/A

    * Expression: 
    +-----------------------------+----------+----+---+----+------------+------------+
    |        Variable Name        | Operation| DSP| FF| LUT| Bitwidth P0| Bitwidth P1|
    +-----------------------------+----------+----+---+----+------------+------------+
    |add_ln695_fu_387_p2          |     +    |   0|  0|  27|           1|          20|
    |add_ln703_1_fu_161_p2        |     +    |   0|  0|  22|          22|          22|
    |add_ln703_2_fu_167_p2        |     +    |   0|  0|  22|          22|          22|
    |add_ln703_3_fu_173_p2        |     +    |   0|  0|  22|          22|          22|
    |add_ln703_4_fu_332_p2        |     +    |   0|  0|  22|          22|          22|
    |add_ln703_5_fu_320_p2        |     +    |   0|  0|  22|          22|          22|
    |add_ln703_6_fu_326_p2        |     +    |   0|  0|  22|          22|          22|
    |add_ln703_7_fu_336_p2        |     +    |   0|  0|  22|          22|          22|
    |add_ln703_fu_155_p2          |     +    |   0|  0|  22|          22|          22|
    |sub_ln703_1_fu_220_p2        |     -    |   0|  0|  29|          22|          22|
    |sub_ln703_2_fu_245_p2        |     -    |   0|  0|  29|          22|          22|
    |sub_ln703_3_fu_270_p2        |     -    |   0|  0|  29|          22|          22|
    |sub_ln703_4_fu_295_p2        |     -    |   0|  0|  29|          22|          22|
    |sub_ln703_fu_195_p2          |     -    |   0|  0|  29|          22|          22|
    |ap_block_pp0_stage0_11001    |    and   |   0|  0|   2|           1|           1|
    |icmp_ln143_fu_438_p2         |   icmp   |   0|  0|  11|           6|           1|
    |icmp_ln851_fu_371_p2         |   icmp   |   0|  0|  13|          16|           1|
    |ap_block_pp0_stage0_subdone  |    or    |   0|  0|   2|           1|           1|
    |index_1_fu_416_p3            |  select  |   0|  0|  20|           1|           1|
    |index_2_fu_444_p3            |  select  |   0|  0|  14|           1|           2|
    |index_fu_400_p3              |  select  |   0|  0|  20|           1|          20|
    |select_ln850_fu_393_p3       |  select  |   0|  0|  20|           1|          20|
    |ap_enable_pp0                |    xor   |   0|  0|   2|           1|           2|
    +-----------------------------+----------+----+---+----+------------+------------+
    |Total                        |          |   0|  0| 452|         316|         355|
    +-----------------------------+----------+----+---+----+------------+------------+

    * Multiplexer: 
    N/A

    * Register: 
    +-------------------------+----+----+-----+-----------+
    |           Name          | FF | LUT| Bits| Const Bits|
    +-------------------------+----+----+-----+-----------+
    |add_ln703_6_reg_636      |  22|   0|   22|          0|
    |ap_CS_fsm                |   1|   0|    1|          0|
    |ap_enable_reg_pp0_iter1  |   1|   0|    1|          0|
    |ap_enable_reg_pp0_iter2  |   1|   0|    1|          0|
    |ap_enable_reg_pp0_iter3  |   1|   0|    1|          0|
    |ap_enable_reg_pp0_iter4  |   1|   0|    1|          0|
    |icmp_ln851_reg_651       |   1|   0|    1|          0|
    |mean_V_reg_596           |  21|   0|   21|          0|
    |r_V_1_reg_641            |  37|   0|   37|          0|
    |shl_ln728_1_reg_576      |  16|   0|   22|          6|
    |shl_ln728_2_reg_581      |  16|   0|   22|          6|
    |shl_ln728_3_reg_586      |  16|   0|   22|          6|
    |shl_ln728_4_reg_591      |  16|   0|   22|          6|
    |shl_ln_reg_571           |  16|   0|   22|          6|
    |sub_ln703_1_reg_611      |  22|   0|   22|          0|
    |sub_ln703_2_reg_621      |  22|   0|   22|          0|
    |sub_ln703_3_reg_626      |  22|   0|   22|          0|
    |sub_ln703_4_reg_631      |  22|   0|   22|          0|
    |sub_ln703_reg_601        |  22|   0|   22|          0|
    |tmp_reg_646              |  19|   0|   19|          0|
    |trunc_ln708_1_reg_616    |  22|   0|   22|          0|
    |trunc_ln_reg_606         |  22|   0|   22|          0|
    |sub_ln703_1_reg_611      |  64|  32|   22|          0|
    |sub_ln703_2_reg_621      |  64|  32|   22|          0|
    |sub_ln703_3_reg_626      |  64|  32|   22|          0|
    |sub_ln703_4_reg_631      |  64|  32|   22|          0|
    |sub_ln703_reg_601        |  64|  32|   22|          0|
    +-------------------------+----+----+-----+-----------+
    |Total                    | 659| 160|  479|         30|
    +-------------------------+----+----+-----+-----------+



================================================================
== Interface
================================================================
* Summary: 
+-------------+-----+-----+------------+----------------------------------------------------------------------------+--------------+
|  RTL Ports  | Dir | Bits|  Protocol  |                                Source Object                               |    C Type    |
+-------------+-----+-----+------------+----------------------------------------------------------------------------+--------------+
|ap_clk       |  in |    1| ap_ctrl_hs | layernorm_1d<ap_fixed<16, 6, 5, 3, 0>, ap_fixed<33, 13, 5, 3, 0>, config2> | return value |
|ap_rst       |  in |    1| ap_ctrl_hs | layernorm_1d<ap_fixed<16, 6, 5, 3, 0>, ap_fixed<33, 13, 5, 3, 0>, config2> | return value |
|ap_start     |  in |    1| ap_ctrl_hs | layernorm_1d<ap_fixed<16, 6, 5, 3, 0>, ap_fixed<33, 13, 5, 3, 0>, config2> | return value |
|ap_done      | out |    1| ap_ctrl_hs | layernorm_1d<ap_fixed<16, 6, 5, 3, 0>, ap_fixed<33, 13, 5, 3, 0>, config2> | return value |
|ap_idle      | out |    1| ap_ctrl_hs | layernorm_1d<ap_fixed<16, 6, 5, 3, 0>, ap_fixed<33, 13, 5, 3, 0>, config2> | return value |
|ap_ready     | out |    1| ap_ctrl_hs | layernorm_1d<ap_fixed<16, 6, 5, 3, 0>, ap_fixed<33, 13, 5, 3, 0>, config2> | return value |
|ap_ce        |  in |    1| ap_ctrl_hs | layernorm_1d<ap_fixed<16, 6, 5, 3, 0>, ap_fixed<33, 13, 5, 3, 0>, config2> | return value |
|ap_return_0  | out |   33| ap_ctrl_hs | layernorm_1d<ap_fixed<16, 6, 5, 3, 0>, ap_fixed<33, 13, 5, 3, 0>, config2> | return value |
|ap_return_1  | out |   33| ap_ctrl_hs | layernorm_1d<ap_fixed<16, 6, 5, 3, 0>, ap_fixed<33, 13, 5, 3, 0>, config2> | return value |
|ap_return_2  | out |   33| ap_ctrl_hs | layernorm_1d<ap_fixed<16, 6, 5, 3, 0>, ap_fixed<33, 13, 5, 3, 0>, config2> | return value |
|ap_return_3  | out |   33| ap_ctrl_hs | layernorm_1d<ap_fixed<16, 6, 5, 3, 0>, ap_fixed<33, 13, 5, 3, 0>, config2> | return value |
|ap_return_4  | out |   33| ap_ctrl_hs | layernorm_1d<ap_fixed<16, 6, 5, 3, 0>, ap_fixed<33, 13, 5, 3, 0>, config2> | return value |
|p_read       |  in |   16|   ap_none  |                                   p_read                                   |    scalar    |
|p_read1      |  in |   16|   ap_none  |                                   p_read1                                  |    scalar    |
|p_read2      |  in |   16|   ap_none  |                                   p_read2                                  |    scalar    |
|p_read3      |  in |   16|   ap_none  |                                   p_read3                                  |    scalar    |
|p_read4      |  in |   16|   ap_none  |                                   p_read4                                  |    scalar    |
+-------------+-----+-----+------------+----------------------------------------------------------------------------+--------------+

