

================================================================
== Vitis HLS Report for 'layernormalize_ap_fixed_16_6_5_3_0_ap_fixed_16_6_5_3_0_config2_s'
================================================================
* Date:           Mon Oct  7 10:29:15 2024

* Version:        2023.2 (Build 4023990 on Oct 11 2023)
* Project:        myproject_prj
* Solution:       solution1 (Vivado IP Flow Target)
* Product family: virtexuplus
* Target device:  xcvu13p-flga2577-2-e


================================================================
== Performance Estimates
================================================================
+ Timing: 
    * Summary: 
    +--------+---------+----------+------------+
    |  Clock |  Target | Estimated| Uncertainty|
    +--------+---------+----------+------------+
    |ap_clk  |  5.00 ns|  4.254 ns|     0.62 ns|
    +--------+---------+----------+------------+

+ Latency: 
    * Summary: 
    +---------+---------+----------+----------+-----+-----+---------+
    |  Latency (cycles) |  Latency (absolute) |  Interval | Pipeline|
    |   min   |   max   |    min   |    max   | min | max |   Type  |
    +---------+---------+----------+----------+-----+-----+---------+
    |        ?|        ?|         ?|         ?|    ?|    ?|       no|
    +---------+---------+----------+----------+-----+-----+---------+

    + Detail: 
        * Instance: 
        N/A

        * Loop: 
        N/A

============================================================
+ Verbose Summary: Synthesis Manager
============================================================
InlineROM: 1
ExposeGlobal: 0
============================================================
+ Verbose Summary: CDFG Model
============================================================
IsTopModel: 0
ResetActiveHigh: 1
IsCombinational: 0
IsDatapathOnly: 0
HasWiredReturn: 1
HasMFsm: 0
HasVarLatency: 1
IsPipeline: 0
IsRtlPipelined: 0
IsInstanceOverlapped: 0
IsDontTouch: 0
HasImplIP: 0
IsGatedGlobalClock: 0


============================================================
+ Verbose Summary: Schedule
============================================================
* Number of FSM states : 2
* Pipeline : 0
* Dataflow Pipeline: 0

* FSM state transitions: 
1 --> 2 
2 --> 

* FSM state operations: 

State 1 <SV = 0> <Delay = 4.13>
ST_1 : Operation 3 [1/1] (0.00ns)   --->   "%data_99_val_read = read i16 @_ssdm_op_Read.ap_auto.i16, i16 %data_99_val" [firmware/nnet_utils/nnet_layernorm.h:131]   --->   Operation 3 'read' 'data_99_val_read' <Predicate = true> <Delay = 0.00>
ST_1 : Operation 4 [1/1] (0.00ns)   --->   "%data_98_val_read = read i16 @_ssdm_op_Read.ap_auto.i16, i16 %data_98_val" [firmware/nnet_utils/nnet_layernorm.h:131]   --->   Operation 4 'read' 'data_98_val_read' <Predicate = true> <Delay = 0.00>
ST_1 : Operation 5 [1/1] (0.00ns)   --->   "%data_97_val_read = read i16 @_ssdm_op_Read.ap_auto.i16, i16 %data_97_val" [firmware/nnet_utils/nnet_layernorm.h:131]   --->   Operation 5 'read' 'data_97_val_read' <Predicate = true> <Delay = 0.00>
ST_1 : Operation 6 [1/1] (0.00ns)   --->   "%data_96_val_read = read i16 @_ssdm_op_Read.ap_auto.i16, i16 %data_96_val" [firmware/nnet_utils/nnet_layernorm.h:131]   --->   Operation 6 'read' 'data_96_val_read' <Predicate = true> <Delay = 0.00>
ST_1 : Operation 7 [1/1] (0.00ns)   --->   "%data_95_val_read = read i16 @_ssdm_op_Read.ap_auto.i16, i16 %data_95_val" [firmware/nnet_utils/nnet_layernorm.h:131]   --->   Operation 7 'read' 'data_95_val_read' <Predicate = true> <Delay = 0.00>
ST_1 : Operation 8 [1/1] (0.00ns)   --->   "%data_94_val_read = read i16 @_ssdm_op_Read.ap_auto.i16, i16 %data_94_val" [firmware/nnet_utils/nnet_layernorm.h:131]   --->   Operation 8 'read' 'data_94_val_read' <Predicate = true> <Delay = 0.00>
ST_1 : Operation 9 [1/1] (0.00ns)   --->   "%data_93_val_read = read i16 @_ssdm_op_Read.ap_auto.i16, i16 %data_93_val" [firmware/nnet_utils/nnet_layernorm.h:131]   --->   Operation 9 'read' 'data_93_val_read' <Predicate = true> <Delay = 0.00>
ST_1 : Operation 10 [1/1] (0.00ns)   --->   "%data_92_val_read = read i16 @_ssdm_op_Read.ap_auto.i16, i16 %data_92_val" [firmware/nnet_utils/nnet_layernorm.h:131]   --->   Operation 10 'read' 'data_92_val_read' <Predicate = true> <Delay = 0.00>
ST_1 : Operation 11 [1/1] (0.00ns)   --->   "%data_91_val_read = read i16 @_ssdm_op_Read.ap_auto.i16, i16 %data_91_val" [firmware/nnet_utils/nnet_layernorm.h:131]   --->   Operation 11 'read' 'data_91_val_read' <Predicate = true> <Delay = 0.00>
ST_1 : Operation 12 [1/1] (0.00ns)   --->   "%data_90_val_read = read i16 @_ssdm_op_Read.ap_auto.i16, i16 %data_90_val" [firmware/nnet_utils/nnet_layernorm.h:131]   --->   Operation 12 'read' 'data_90_val_read' <Predicate = true> <Delay = 0.00>
ST_1 : Operation 13 [1/1] (0.00ns)   --->   "%data_89_val_read = read i16 @_ssdm_op_Read.ap_auto.i16, i16 %data_89_val" [firmware/nnet_utils/nnet_layernorm.h:131]   --->   Operation 13 'read' 'data_89_val_read' <Predicate = true> <Delay = 0.00>
ST_1 : Operation 14 [1/1] (0.00ns)   --->   "%data_88_val_read = read i16 @_ssdm_op_Read.ap_auto.i16, i16 %data_88_val" [firmware/nnet_utils/nnet_layernorm.h:131]   --->   Operation 14 'read' 'data_88_val_read' <Predicate = true> <Delay = 0.00>
ST_1 : Operation 15 [1/1] (0.00ns)   --->   "%data_87_val_read = read i16 @_ssdm_op_Read.ap_auto.i16, i16 %data_87_val" [firmware/nnet_utils/nnet_layernorm.h:131]   --->   Operation 15 'read' 'data_87_val_read' <Predicate = true> <Delay = 0.00>
ST_1 : Operation 16 [1/1] (0.00ns)   --->   "%data_86_val_read = read i16 @_ssdm_op_Read.ap_auto.i16, i16 %data_86_val" [firmware/nnet_utils/nnet_layernorm.h:131]   --->   Operation 16 'read' 'data_86_val_read' <Predicate = true> <Delay = 0.00>
ST_1 : Operation 17 [1/1] (0.00ns)   --->   "%data_85_val_read = read i16 @_ssdm_op_Read.ap_auto.i16, i16 %data_85_val" [firmware/nnet_utils/nnet_layernorm.h:131]   --->   Operation 17 'read' 'data_85_val_read' <Predicate = true> <Delay = 0.00>
ST_1 : Operation 18 [1/1] (0.00ns)   --->   "%data_84_val_read = read i16 @_ssdm_op_Read.ap_auto.i16, i16 %data_84_val" [firmware/nnet_utils/nnet_layernorm.h:131]   --->   Operation 18 'read' 'data_84_val_read' <Predicate = true> <Delay = 0.00>
ST_1 : Operation 19 [1/1] (0.00ns)   --->   "%data_83_val_read = read i16 @_ssdm_op_Read.ap_auto.i16, i16 %data_83_val" [firmware/nnet_utils/nnet_layernorm.h:131]   --->   Operation 19 'read' 'data_83_val_read' <Predicate = true> <Delay = 0.00>
ST_1 : Operation 20 [1/1] (0.00ns)   --->   "%data_82_val_read = read i16 @_ssdm_op_Read.ap_auto.i16, i16 %data_82_val" [firmware/nnet_utils/nnet_layernorm.h:131]   --->   Operation 20 'read' 'data_82_val_read' <Predicate = true> <Delay = 0.00>
ST_1 : Operation 21 [1/1] (0.00ns)   --->   "%data_81_val_read = read i16 @_ssdm_op_Read.ap_auto.i16, i16 %data_81_val" [firmware/nnet_utils/nnet_layernorm.h:131]   --->   Operation 21 'read' 'data_81_val_read' <Predicate = true> <Delay = 0.00>
ST_1 : Operation 22 [1/1] (0.00ns)   --->   "%data_80_val_read = read i16 @_ssdm_op_Read.ap_auto.i16, i16 %data_80_val" [firmware/nnet_utils/nnet_layernorm.h:131]   --->   Operation 22 'read' 'data_80_val_read' <Predicate = true> <Delay = 0.00>
ST_1 : Operation 23 [1/1] (0.00ns)   --->   "%data_79_val_read = read i16 @_ssdm_op_Read.ap_auto.i16, i16 %data_79_val" [firmware/nnet_utils/nnet_layernorm.h:131]   --->   Operation 23 'read' 'data_79_val_read' <Predicate = true> <Delay = 0.00>
ST_1 : Operation 24 [1/1] (0.00ns)   --->   "%data_78_val_read = read i16 @_ssdm_op_Read.ap_auto.i16, i16 %data_78_val" [firmware/nnet_utils/nnet_layernorm.h:131]   --->   Operation 24 'read' 'data_78_val_read' <Predicate = true> <Delay = 0.00>
ST_1 : Operation 25 [1/1] (0.00ns)   --->   "%data_77_val_read = read i16 @_ssdm_op_Read.ap_auto.i16, i16 %data_77_val" [firmware/nnet_utils/nnet_layernorm.h:131]   --->   Operation 25 'read' 'data_77_val_read' <Predicate = true> <Delay = 0.00>
ST_1 : Operation 26 [1/1] (0.00ns)   --->   "%data_76_val_read = read i16 @_ssdm_op_Read.ap_auto.i16, i16 %data_76_val" [firmware/nnet_utils/nnet_layernorm.h:131]   --->   Operation 26 'read' 'data_76_val_read' <Predicate = true> <Delay = 0.00>
ST_1 : Operation 27 [1/1] (0.00ns)   --->   "%data_75_val_read = read i16 @_ssdm_op_Read.ap_auto.i16, i16 %data_75_val" [firmware/nnet_utils/nnet_layernorm.h:131]   --->   Operation 27 'read' 'data_75_val_read' <Predicate = true> <Delay = 0.00>
ST_1 : Operation 28 [1/1] (0.00ns)   --->   "%data_74_val_read = read i16 @_ssdm_op_Read.ap_auto.i16, i16 %data_74_val" [firmware/nnet_utils/nnet_layernorm.h:131]   --->   Operation 28 'read' 'data_74_val_read' <Predicate = true> <Delay = 0.00>
ST_1 : Operation 29 [1/1] (0.00ns)   --->   "%data_73_val_read = read i16 @_ssdm_op_Read.ap_auto.i16, i16 %data_73_val" [firmware/nnet_utils/nnet_layernorm.h:131]   --->   Operation 29 'read' 'data_73_val_read' <Predicate = true> <Delay = 0.00>
ST_1 : Operation 30 [1/1] (0.00ns)   --->   "%data_72_val_read = read i16 @_ssdm_op_Read.ap_auto.i16, i16 %data_72_val" [firmware/nnet_utils/nnet_layernorm.h:131]   --->   Operation 30 'read' 'data_72_val_read' <Predicate = true> <Delay = 0.00>
ST_1 : Operation 31 [1/1] (0.00ns)   --->   "%data_71_val_read = read i16 @_ssdm_op_Read.ap_auto.i16, i16 %data_71_val" [firmware/nnet_utils/nnet_layernorm.h:131]   --->   Operation 31 'read' 'data_71_val_read' <Predicate = true> <Delay = 0.00>
ST_1 : Operation 32 [1/1] (0.00ns)   --->   "%data_70_val_read = read i16 @_ssdm_op_Read.ap_auto.i16, i16 %data_70_val" [firmware/nnet_utils/nnet_layernorm.h:131]   --->   Operation 32 'read' 'data_70_val_read' <Predicate = true> <Delay = 0.00>
ST_1 : Operation 33 [1/1] (0.00ns)   --->   "%data_69_val_read = read i16 @_ssdm_op_Read.ap_auto.i16, i16 %data_69_val" [firmware/nnet_utils/nnet_layernorm.h:131]   --->   Operation 33 'read' 'data_69_val_read' <Predicate = true> <Delay = 0.00>
ST_1 : Operation 34 [1/1] (0.00ns)   --->   "%data_68_val_read = read i16 @_ssdm_op_Read.ap_auto.i16, i16 %data_68_val" [firmware/nnet_utils/nnet_layernorm.h:131]   --->   Operation 34 'read' 'data_68_val_read' <Predicate = true> <Delay = 0.00>
ST_1 : Operation 35 [1/1] (0.00ns)   --->   "%data_67_val_read = read i16 @_ssdm_op_Read.ap_auto.i16, i16 %data_67_val" [firmware/nnet_utils/nnet_layernorm.h:131]   --->   Operation 35 'read' 'data_67_val_read' <Predicate = true> <Delay = 0.00>
ST_1 : Operation 36 [1/1] (0.00ns)   --->   "%data_66_val_read = read i16 @_ssdm_op_Read.ap_auto.i16, i16 %data_66_val" [firmware/nnet_utils/nnet_layernorm.h:131]   --->   Operation 36 'read' 'data_66_val_read' <Predicate = true> <Delay = 0.00>
ST_1 : Operation 37 [1/1] (0.00ns)   --->   "%data_65_val_read = read i16 @_ssdm_op_Read.ap_auto.i16, i16 %data_65_val" [firmware/nnet_utils/nnet_layernorm.h:131]   --->   Operation 37 'read' 'data_65_val_read' <Predicate = true> <Delay = 0.00>
ST_1 : Operation 38 [1/1] (0.00ns)   --->   "%data_64_val_read = read i16 @_ssdm_op_Read.ap_auto.i16, i16 %data_64_val" [firmware/nnet_utils/nnet_layernorm.h:131]   --->   Operation 38 'read' 'data_64_val_read' <Predicate = true> <Delay = 0.00>
ST_1 : Operation 39 [1/1] (0.00ns)   --->   "%data_63_val_read = read i16 @_ssdm_op_Read.ap_auto.i16, i16 %data_63_val" [firmware/nnet_utils/nnet_layernorm.h:131]   --->   Operation 39 'read' 'data_63_val_read' <Predicate = true> <Delay = 0.00>
ST_1 : Operation 40 [1/1] (0.00ns)   --->   "%data_62_val_read = read i16 @_ssdm_op_Read.ap_auto.i16, i16 %data_62_val" [firmware/nnet_utils/nnet_layernorm.h:131]   --->   Operation 40 'read' 'data_62_val_read' <Predicate = true> <Delay = 0.00>
ST_1 : Operation 41 [1/1] (0.00ns)   --->   "%data_61_val_read = read i16 @_ssdm_op_Read.ap_auto.i16, i16 %data_61_val" [firmware/nnet_utils/nnet_layernorm.h:131]   --->   Operation 41 'read' 'data_61_val_read' <Predicate = true> <Delay = 0.00>
ST_1 : Operation 42 [1/1] (0.00ns)   --->   "%data_60_val_read = read i16 @_ssdm_op_Read.ap_auto.i16, i16 %data_60_val" [firmware/nnet_utils/nnet_layernorm.h:131]   --->   Operation 42 'read' 'data_60_val_read' <Predicate = true> <Delay = 0.00>
ST_1 : Operation 43 [1/1] (0.00ns)   --->   "%data_59_val_read = read i16 @_ssdm_op_Read.ap_auto.i16, i16 %data_59_val" [firmware/nnet_utils/nnet_layernorm.h:131]   --->   Operation 43 'read' 'data_59_val_read' <Predicate = true> <Delay = 0.00>
ST_1 : Operation 44 [1/1] (0.00ns)   --->   "%data_58_val_read = read i16 @_ssdm_op_Read.ap_auto.i16, i16 %data_58_val" [firmware/nnet_utils/nnet_layernorm.h:131]   --->   Operation 44 'read' 'data_58_val_read' <Predicate = true> <Delay = 0.00>
ST_1 : Operation 45 [1/1] (0.00ns)   --->   "%data_57_val_read = read i16 @_ssdm_op_Read.ap_auto.i16, i16 %data_57_val" [firmware/nnet_utils/nnet_layernorm.h:131]   --->   Operation 45 'read' 'data_57_val_read' <Predicate = true> <Delay = 0.00>
ST_1 : Operation 46 [1/1] (0.00ns)   --->   "%data_56_val_read = read i16 @_ssdm_op_Read.ap_auto.i16, i16 %data_56_val" [firmware/nnet_utils/nnet_layernorm.h:131]   --->   Operation 46 'read' 'data_56_val_read' <Predicate = true> <Delay = 0.00>
ST_1 : Operation 47 [1/1] (0.00ns)   --->   "%data_55_val_read = read i16 @_ssdm_op_Read.ap_auto.i16, i16 %data_55_val" [firmware/nnet_utils/nnet_layernorm.h:131]   --->   Operation 47 'read' 'data_55_val_read' <Predicate = true> <Delay = 0.00>
ST_1 : Operation 48 [1/1] (0.00ns)   --->   "%data_54_val_read = read i16 @_ssdm_op_Read.ap_auto.i16, i16 %data_54_val" [firmware/nnet_utils/nnet_layernorm.h:131]   --->   Operation 48 'read' 'data_54_val_read' <Predicate = true> <Delay = 0.00>
ST_1 : Operation 49 [1/1] (0.00ns)   --->   "%data_53_val_read = read i16 @_ssdm_op_Read.ap_auto.i16, i16 %data_53_val" [firmware/nnet_utils/nnet_layernorm.h:131]   --->   Operation 49 'read' 'data_53_val_read' <Predicate = true> <Delay = 0.00>
ST_1 : Operation 50 [1/1] (0.00ns)   --->   "%data_52_val_read = read i16 @_ssdm_op_Read.ap_auto.i16, i16 %data_52_val" [firmware/nnet_utils/nnet_layernorm.h:131]   --->   Operation 50 'read' 'data_52_val_read' <Predicate = true> <Delay = 0.00>
ST_1 : Operation 51 [1/1] (0.00ns)   --->   "%data_51_val_read = read i16 @_ssdm_op_Read.ap_auto.i16, i16 %data_51_val" [firmware/nnet_utils/nnet_layernorm.h:131]   --->   Operation 51 'read' 'data_51_val_read' <Predicate = true> <Delay = 0.00>
ST_1 : Operation 52 [1/1] (0.00ns)   --->   "%data_50_val_read = read i16 @_ssdm_op_Read.ap_auto.i16, i16 %data_50_val" [firmware/nnet_utils/nnet_layernorm.h:131]   --->   Operation 52 'read' 'data_50_val_read' <Predicate = true> <Delay = 0.00>
ST_1 : Operation 53 [1/1] (0.00ns)   --->   "%data_49_val_read = read i16 @_ssdm_op_Read.ap_auto.i16, i16 %data_49_val" [firmware/nnet_utils/nnet_layernorm.h:131]   --->   Operation 53 'read' 'data_49_val_read' <Predicate = true> <Delay = 0.00>
ST_1 : Operation 54 [1/1] (0.00ns)   --->   "%data_48_val_read = read i16 @_ssdm_op_Read.ap_auto.i16, i16 %data_48_val" [firmware/nnet_utils/nnet_layernorm.h:131]   --->   Operation 54 'read' 'data_48_val_read' <Predicate = true> <Delay = 0.00>
ST_1 : Operation 55 [1/1] (0.00ns)   --->   "%data_47_val_read = read i16 @_ssdm_op_Read.ap_auto.i16, i16 %data_47_val" [firmware/nnet_utils/nnet_layernorm.h:131]   --->   Operation 55 'read' 'data_47_val_read' <Predicate = true> <Delay = 0.00>
ST_1 : Operation 56 [1/1] (0.00ns)   --->   "%data_46_val_read = read i16 @_ssdm_op_Read.ap_auto.i16, i16 %data_46_val" [firmware/nnet_utils/nnet_layernorm.h:131]   --->   Operation 56 'read' 'data_46_val_read' <Predicate = true> <Delay = 0.00>
ST_1 : Operation 57 [1/1] (0.00ns)   --->   "%data_45_val_read = read i16 @_ssdm_op_Read.ap_auto.i16, i16 %data_45_val" [firmware/nnet_utils/nnet_layernorm.h:131]   --->   Operation 57 'read' 'data_45_val_read' <Predicate = true> <Delay = 0.00>
ST_1 : Operation 58 [1/1] (0.00ns)   --->   "%data_44_val_read = read i16 @_ssdm_op_Read.ap_auto.i16, i16 %data_44_val" [firmware/nnet_utils/nnet_layernorm.h:131]   --->   Operation 58 'read' 'data_44_val_read' <Predicate = true> <Delay = 0.00>
ST_1 : Operation 59 [1/1] (0.00ns)   --->   "%data_43_val_read = read i16 @_ssdm_op_Read.ap_auto.i16, i16 %data_43_val" [firmware/nnet_utils/nnet_layernorm.h:131]   --->   Operation 59 'read' 'data_43_val_read' <Predicate = true> <Delay = 0.00>
ST_1 : Operation 60 [1/1] (0.00ns)   --->   "%data_42_val_read = read i16 @_ssdm_op_Read.ap_auto.i16, i16 %data_42_val" [firmware/nnet_utils/nnet_layernorm.h:131]   --->   Operation 60 'read' 'data_42_val_read' <Predicate = true> <Delay = 0.00>
ST_1 : Operation 61 [1/1] (0.00ns)   --->   "%data_41_val_read = read i16 @_ssdm_op_Read.ap_auto.i16, i16 %data_41_val" [firmware/nnet_utils/nnet_layernorm.h:131]   --->   Operation 61 'read' 'data_41_val_read' <Predicate = true> <Delay = 0.00>
ST_1 : Operation 62 [1/1] (0.00ns)   --->   "%data_40_val_read = read i16 @_ssdm_op_Read.ap_auto.i16, i16 %data_40_val" [firmware/nnet_utils/nnet_layernorm.h:131]   --->   Operation 62 'read' 'data_40_val_read' <Predicate = true> <Delay = 0.00>
ST_1 : Operation 63 [1/1] (0.00ns)   --->   "%data_39_val_read = read i16 @_ssdm_op_Read.ap_auto.i16, i16 %data_39_val" [firmware/nnet_utils/nnet_layernorm.h:131]   --->   Operation 63 'read' 'data_39_val_read' <Predicate = true> <Delay = 0.00>
ST_1 : Operation 64 [1/1] (0.00ns)   --->   "%data_38_val_read = read i16 @_ssdm_op_Read.ap_auto.i16, i16 %data_38_val" [firmware/nnet_utils/nnet_layernorm.h:131]   --->   Operation 64 'read' 'data_38_val_read' <Predicate = true> <Delay = 0.00>
ST_1 : Operation 65 [1/1] (0.00ns)   --->   "%data_37_val_read = read i16 @_ssdm_op_Read.ap_auto.i16, i16 %data_37_val" [firmware/nnet_utils/nnet_layernorm.h:131]   --->   Operation 65 'read' 'data_37_val_read' <Predicate = true> <Delay = 0.00>
ST_1 : Operation 66 [1/1] (0.00ns)   --->   "%data_36_val_read = read i16 @_ssdm_op_Read.ap_auto.i16, i16 %data_36_val" [firmware/nnet_utils/nnet_layernorm.h:131]   --->   Operation 66 'read' 'data_36_val_read' <Predicate = true> <Delay = 0.00>
ST_1 : Operation 67 [1/1] (0.00ns)   --->   "%data_35_val_read = read i16 @_ssdm_op_Read.ap_auto.i16, i16 %data_35_val" [firmware/nnet_utils/nnet_layernorm.h:131]   --->   Operation 67 'read' 'data_35_val_read' <Predicate = true> <Delay = 0.00>
ST_1 : Operation 68 [1/1] (0.00ns)   --->   "%data_34_val_read = read i16 @_ssdm_op_Read.ap_auto.i16, i16 %data_34_val" [firmware/nnet_utils/nnet_layernorm.h:131]   --->   Operation 68 'read' 'data_34_val_read' <Predicate = true> <Delay = 0.00>
ST_1 : Operation 69 [1/1] (0.00ns)   --->   "%data_33_val_read = read i16 @_ssdm_op_Read.ap_auto.i16, i16 %data_33_val" [firmware/nnet_utils/nnet_layernorm.h:131]   --->   Operation 69 'read' 'data_33_val_read' <Predicate = true> <Delay = 0.00>
ST_1 : Operation 70 [1/1] (0.00ns)   --->   "%data_32_val_read = read i16 @_ssdm_op_Read.ap_auto.i16, i16 %data_32_val" [firmware/nnet_utils/nnet_layernorm.h:131]   --->   Operation 70 'read' 'data_32_val_read' <Predicate = true> <Delay = 0.00>
ST_1 : Operation 71 [1/1] (0.00ns)   --->   "%data_31_val_read = read i16 @_ssdm_op_Read.ap_auto.i16, i16 %data_31_val" [firmware/nnet_utils/nnet_layernorm.h:131]   --->   Operation 71 'read' 'data_31_val_read' <Predicate = true> <Delay = 0.00>
ST_1 : Operation 72 [1/1] (0.00ns)   --->   "%data_30_val_read = read i16 @_ssdm_op_Read.ap_auto.i16, i16 %data_30_val" [firmware/nnet_utils/nnet_layernorm.h:131]   --->   Operation 72 'read' 'data_30_val_read' <Predicate = true> <Delay = 0.00>
ST_1 : Operation 73 [1/1] (0.00ns)   --->   "%data_29_val_read = read i16 @_ssdm_op_Read.ap_auto.i16, i16 %data_29_val" [firmware/nnet_utils/nnet_layernorm.h:131]   --->   Operation 73 'read' 'data_29_val_read' <Predicate = true> <Delay = 0.00>
ST_1 : Operation 74 [1/1] (0.00ns)   --->   "%data_28_val_read = read i16 @_ssdm_op_Read.ap_auto.i16, i16 %data_28_val" [firmware/nnet_utils/nnet_layernorm.h:131]   --->   Operation 74 'read' 'data_28_val_read' <Predicate = true> <Delay = 0.00>
ST_1 : Operation 75 [1/1] (0.00ns)   --->   "%data_27_val_read = read i16 @_ssdm_op_Read.ap_auto.i16, i16 %data_27_val" [firmware/nnet_utils/nnet_layernorm.h:131]   --->   Operation 75 'read' 'data_27_val_read' <Predicate = true> <Delay = 0.00>
ST_1 : Operation 76 [1/1] (0.00ns)   --->   "%data_26_val_read = read i16 @_ssdm_op_Read.ap_auto.i16, i16 %data_26_val" [firmware/nnet_utils/nnet_layernorm.h:131]   --->   Operation 76 'read' 'data_26_val_read' <Predicate = true> <Delay = 0.00>
ST_1 : Operation 77 [1/1] (0.00ns)   --->   "%data_25_val_read = read i16 @_ssdm_op_Read.ap_auto.i16, i16 %data_25_val" [firmware/nnet_utils/nnet_layernorm.h:131]   --->   Operation 77 'read' 'data_25_val_read' <Predicate = true> <Delay = 0.00>
ST_1 : Operation 78 [1/1] (0.00ns)   --->   "%data_24_val_read = read i16 @_ssdm_op_Read.ap_auto.i16, i16 %data_24_val" [firmware/nnet_utils/nnet_layernorm.h:131]   --->   Operation 78 'read' 'data_24_val_read' <Predicate = true> <Delay = 0.00>
ST_1 : Operation 79 [1/1] (0.00ns)   --->   "%data_23_val_read = read i16 @_ssdm_op_Read.ap_auto.i16, i16 %data_23_val" [firmware/nnet_utils/nnet_layernorm.h:131]   --->   Operation 79 'read' 'data_23_val_read' <Predicate = true> <Delay = 0.00>
ST_1 : Operation 80 [1/1] (0.00ns)   --->   "%data_22_val_read = read i16 @_ssdm_op_Read.ap_auto.i16, i16 %data_22_val" [firmware/nnet_utils/nnet_layernorm.h:131]   --->   Operation 80 'read' 'data_22_val_read' <Predicate = true> <Delay = 0.00>
ST_1 : Operation 81 [1/1] (0.00ns)   --->   "%data_21_val_read = read i16 @_ssdm_op_Read.ap_auto.i16, i16 %data_21_val" [firmware/nnet_utils/nnet_layernorm.h:131]   --->   Operation 81 'read' 'data_21_val_read' <Predicate = true> <Delay = 0.00>
ST_1 : Operation 82 [1/1] (0.00ns)   --->   "%data_20_val_read = read i16 @_ssdm_op_Read.ap_auto.i16, i16 %data_20_val" [firmware/nnet_utils/nnet_layernorm.h:131]   --->   Operation 82 'read' 'data_20_val_read' <Predicate = true> <Delay = 0.00>
ST_1 : Operation 83 [1/1] (0.00ns)   --->   "%data_19_val_read = read i16 @_ssdm_op_Read.ap_auto.i16, i16 %data_19_val" [firmware/nnet_utils/nnet_layernorm.h:131]   --->   Operation 83 'read' 'data_19_val_read' <Predicate = true> <Delay = 0.00>
ST_1 : Operation 84 [1/1] (0.00ns)   --->   "%data_18_val_read = read i16 @_ssdm_op_Read.ap_auto.i16, i16 %data_18_val" [firmware/nnet_utils/nnet_layernorm.h:131]   --->   Operation 84 'read' 'data_18_val_read' <Predicate = true> <Delay = 0.00>
ST_1 : Operation 85 [1/1] (0.00ns)   --->   "%data_17_val_read = read i16 @_ssdm_op_Read.ap_auto.i16, i16 %data_17_val" [firmware/nnet_utils/nnet_layernorm.h:131]   --->   Operation 85 'read' 'data_17_val_read' <Predicate = true> <Delay = 0.00>
ST_1 : Operation 86 [1/1] (0.00ns)   --->   "%data_16_val_read = read i16 @_ssdm_op_Read.ap_auto.i16, i16 %data_16_val" [firmware/nnet_utils/nnet_layernorm.h:131]   --->   Operation 86 'read' 'data_16_val_read' <Predicate = true> <Delay = 0.00>
ST_1 : Operation 87 [1/1] (0.00ns)   --->   "%data_15_val_read = read i16 @_ssdm_op_Read.ap_auto.i16, i16 %data_15_val" [firmware/nnet_utils/nnet_layernorm.h:131]   --->   Operation 87 'read' 'data_15_val_read' <Predicate = true> <Delay = 0.00>
ST_1 : Operation 88 [1/1] (0.00ns)   --->   "%data_14_val_read = read i16 @_ssdm_op_Read.ap_auto.i16, i16 %data_14_val" [firmware/nnet_utils/nnet_layernorm.h:131]   --->   Operation 88 'read' 'data_14_val_read' <Predicate = true> <Delay = 0.00>
ST_1 : Operation 89 [1/1] (0.00ns)   --->   "%data_13_val_read = read i16 @_ssdm_op_Read.ap_auto.i16, i16 %data_13_val" [firmware/nnet_utils/nnet_layernorm.h:131]   --->   Operation 89 'read' 'data_13_val_read' <Predicate = true> <Delay = 0.00>
ST_1 : Operation 90 [1/1] (0.00ns)   --->   "%data_12_val_read = read i16 @_ssdm_op_Read.ap_auto.i16, i16 %data_12_val" [firmware/nnet_utils/nnet_layernorm.h:131]   --->   Operation 90 'read' 'data_12_val_read' <Predicate = true> <Delay = 0.00>
ST_1 : Operation 91 [1/1] (0.00ns)   --->   "%data_11_val_read = read i16 @_ssdm_op_Read.ap_auto.i16, i16 %data_11_val" [firmware/nnet_utils/nnet_layernorm.h:131]   --->   Operation 91 'read' 'data_11_val_read' <Predicate = true> <Delay = 0.00>
ST_1 : Operation 92 [1/1] (0.00ns)   --->   "%data_10_val_read = read i16 @_ssdm_op_Read.ap_auto.i16, i16 %data_10_val" [firmware/nnet_utils/nnet_layernorm.h:131]   --->   Operation 92 'read' 'data_10_val_read' <Predicate = true> <Delay = 0.00>
ST_1 : Operation 93 [1/1] (0.00ns)   --->   "%data_9_val_read = read i16 @_ssdm_op_Read.ap_auto.i16, i16 %data_9_val" [firmware/nnet_utils/nnet_layernorm.h:131]   --->   Operation 93 'read' 'data_9_val_read' <Predicate = true> <Delay = 0.00>
ST_1 : Operation 94 [1/1] (0.00ns)   --->   "%data_8_val_read = read i16 @_ssdm_op_Read.ap_auto.i16, i16 %data_8_val" [firmware/nnet_utils/nnet_layernorm.h:131]   --->   Operation 94 'read' 'data_8_val_read' <Predicate = true> <Delay = 0.00>
ST_1 : Operation 95 [1/1] (0.00ns)   --->   "%data_7_val_read = read i16 @_ssdm_op_Read.ap_auto.i16, i16 %data_7_val" [firmware/nnet_utils/nnet_layernorm.h:131]   --->   Operation 95 'read' 'data_7_val_read' <Predicate = true> <Delay = 0.00>
ST_1 : Operation 96 [1/1] (0.00ns)   --->   "%data_6_val_read = read i16 @_ssdm_op_Read.ap_auto.i16, i16 %data_6_val" [firmware/nnet_utils/nnet_layernorm.h:131]   --->   Operation 96 'read' 'data_6_val_read' <Predicate = true> <Delay = 0.00>
ST_1 : Operation 97 [1/1] (0.00ns)   --->   "%data_5_val_read = read i16 @_ssdm_op_Read.ap_auto.i16, i16 %data_5_val" [firmware/nnet_utils/nnet_layernorm.h:131]   --->   Operation 97 'read' 'data_5_val_read' <Predicate = true> <Delay = 0.00>
ST_1 : Operation 98 [1/1] (0.00ns)   --->   "%data_4_val_read = read i16 @_ssdm_op_Read.ap_auto.i16, i16 %data_4_val" [firmware/nnet_utils/nnet_layernorm.h:131]   --->   Operation 98 'read' 'data_4_val_read' <Predicate = true> <Delay = 0.00>
ST_1 : Operation 99 [1/1] (0.00ns)   --->   "%data_3_val_read = read i16 @_ssdm_op_Read.ap_auto.i16, i16 %data_3_val" [firmware/nnet_utils/nnet_layernorm.h:131]   --->   Operation 99 'read' 'data_3_val_read' <Predicate = true> <Delay = 0.00>
ST_1 : Operation 100 [1/1] (0.00ns)   --->   "%data_2_val_read = read i16 @_ssdm_op_Read.ap_auto.i16, i16 %data_2_val" [firmware/nnet_utils/nnet_layernorm.h:131]   --->   Operation 100 'read' 'data_2_val_read' <Predicate = true> <Delay = 0.00>
ST_1 : Operation 101 [1/1] (0.00ns)   --->   "%data_1_val_read = read i16 @_ssdm_op_Read.ap_auto.i16, i16 %data_1_val" [firmware/nnet_utils/nnet_layernorm.h:131]   --->   Operation 101 'read' 'data_1_val_read' <Predicate = true> <Delay = 0.00>
ST_1 : Operation 102 [1/1] (0.00ns)   --->   "%data_0_val_read = read i16 @_ssdm_op_Read.ap_auto.i16, i16 %data_0_val" [firmware/nnet_utils/nnet_layernorm.h:131]   --->   Operation 102 'read' 'data_0_val_read' <Predicate = true> <Delay = 0.00>
ST_1 : Operation 103 [2/2] (4.13ns)   --->   "%call_ret1 = call i160 @layernorm_1d<ap_fixed<16, 6, 5, 3, 0>, ap_fixed<16, 6, 5, 3, 0>, config2>, i16 %data_0_val_read, i16 %data_1_val_read, i16 %data_2_val_read, i16 %data_3_val_read, i16 %data_4_val_read, i16 %data_5_val_read, i16 %data_6_val_read, i16 %data_7_val_read, i16 %data_8_val_read, i16 %data_9_val_read, i21 %index_table, i29 %invert_sqr_table" [firmware/nnet_utils/nnet_layernorm.h:148]   --->   Operation 103 'call' 'call_ret1' <Predicate = true> <Delay = 4.13> <CoreType = "Generic">   --->   Core 0 '' <Latency = 0> <II = 1> <Delay = 1.00> <Generic> <Opcode : >
ST_1 : Operation 104 [2/2] (4.13ns)   --->   "%call_ret2 = call i160 @layernorm_1d<ap_fixed<16, 6, 5, 3, 0>, ap_fixed<16, 6, 5, 3, 0>, config2>, i16 %data_10_val_read, i16 %data_11_val_read, i16 %data_12_val_read, i16 %data_13_val_read, i16 %data_14_val_read, i16 %data_15_val_read, i16 %data_16_val_read, i16 %data_17_val_read, i16 %data_18_val_read, i16 %data_19_val_read, i21 %index_table, i29 %invert_sqr_table" [firmware/nnet_utils/nnet_layernorm.h:148]   --->   Operation 104 'call' 'call_ret2' <Predicate = true> <Delay = 4.13> <CoreType = "Generic">   --->   Core 0 '' <Latency = 0> <II = 1> <Delay = 1.00> <Generic> <Opcode : >
ST_1 : Operation 105 [2/2] (4.13ns)   --->   "%call_ret3 = call i160 @layernorm_1d<ap_fixed<16, 6, 5, 3, 0>, ap_fixed<16, 6, 5, 3, 0>, config2>, i16 %data_20_val_read, i16 %data_21_val_read, i16 %data_22_val_read, i16 %data_23_val_read, i16 %data_24_val_read, i16 %data_25_val_read, i16 %data_26_val_read, i16 %data_27_val_read, i16 %data_28_val_read, i16 %data_29_val_read, i21 %index_table, i29 %invert_sqr_table" [firmware/nnet_utils/nnet_layernorm.h:148]   --->   Operation 105 'call' 'call_ret3' <Predicate = true> <Delay = 4.13> <CoreType = "Generic">   --->   Core 0 '' <Latency = 0> <II = 1> <Delay = 1.00> <Generic> <Opcode : >
ST_1 : Operation 106 [2/2] (4.13ns)   --->   "%call_ret4 = call i160 @layernorm_1d<ap_fixed<16, 6, 5, 3, 0>, ap_fixed<16, 6, 5, 3, 0>, config2>, i16 %data_30_val_read, i16 %data_31_val_read, i16 %data_32_val_read, i16 %data_33_val_read, i16 %data_34_val_read, i16 %data_35_val_read, i16 %data_36_val_read, i16 %data_37_val_read, i16 %data_38_val_read, i16 %data_39_val_read, i21 %index_table, i29 %invert_sqr_table" [firmware/nnet_utils/nnet_layernorm.h:148]   --->   Operation 106 'call' 'call_ret4' <Predicate = true> <Delay = 4.13> <CoreType = "Generic">   --->   Core 0 '' <Latency = 0> <II = 1> <Delay = 1.00> <Generic> <Opcode : >
ST_1 : Operation 107 [2/2] (4.13ns)   --->   "%call_ret5 = call i160 @layernorm_1d<ap_fixed<16, 6, 5, 3, 0>, ap_fixed<16, 6, 5, 3, 0>, config2>, i16 %data_40_val_read, i16 %data_41_val_read, i16 %data_42_val_read, i16 %data_43_val_read, i16 %data_44_val_read, i16 %data_45_val_read, i16 %data_46_val_read, i16 %data_47_val_read, i16 %data_48_val_read, i16 %data_49_val_read, i21 %index_table, i29 %invert_sqr_table" [firmware/nnet_utils/nnet_layernorm.h:148]   --->   Operation 107 'call' 'call_ret5' <Predicate = true> <Delay = 4.13> <CoreType = "Generic">   --->   Core 0 '' <Latency = 0> <II = 1> <Delay = 1.00> <Generic> <Opcode : >
ST_1 : Operation 108 [2/2] (4.13ns)   --->   "%call_ret6 = call i160 @layernorm_1d<ap_fixed<16, 6, 5, 3, 0>, ap_fixed<16, 6, 5, 3, 0>, config2>, i16 %data_50_val_read, i16 %data_51_val_read, i16 %data_52_val_read, i16 %data_53_val_read, i16 %data_54_val_read, i16 %data_55_val_read, i16 %data_56_val_read, i16 %data_57_val_read, i16 %data_58_val_read, i16 %data_59_val_read, i21 %index_table, i29 %invert_sqr_table" [firmware/nnet_utils/nnet_layernorm.h:148]   --->   Operation 108 'call' 'call_ret6' <Predicate = true> <Delay = 4.13> <CoreType = "Generic">   --->   Core 0 '' <Latency = 0> <II = 1> <Delay = 1.00> <Generic> <Opcode : >
ST_1 : Operation 109 [2/2] (4.13ns)   --->   "%call_ret7 = call i160 @layernorm_1d<ap_fixed<16, 6, 5, 3, 0>, ap_fixed<16, 6, 5, 3, 0>, config2>, i16 %data_60_val_read, i16 %data_61_val_read, i16 %data_62_val_read, i16 %data_63_val_read, i16 %data_64_val_read, i16 %data_65_val_read, i16 %data_66_val_read, i16 %data_67_val_read, i16 %data_68_val_read, i16 %data_69_val_read, i21 %index_table, i29 %invert_sqr_table" [firmware/nnet_utils/nnet_layernorm.h:148]   --->   Operation 109 'call' 'call_ret7' <Predicate = true> <Delay = 4.13> <CoreType = "Generic">   --->   Core 0 '' <Latency = 0> <II = 1> <Delay = 1.00> <Generic> <Opcode : >
ST_1 : Operation 110 [2/2] (4.13ns)   --->   "%call_ret8 = call i160 @layernorm_1d<ap_fixed<16, 6, 5, 3, 0>, ap_fixed<16, 6, 5, 3, 0>, config2>, i16 %data_70_val_read, i16 %data_71_val_read, i16 %data_72_val_read, i16 %data_73_val_read, i16 %data_74_val_read, i16 %data_75_val_read, i16 %data_76_val_read, i16 %data_77_val_read, i16 %data_78_val_read, i16 %data_79_val_read, i21 %index_table, i29 %invert_sqr_table" [firmware/nnet_utils/nnet_layernorm.h:148]   --->   Operation 110 'call' 'call_ret8' <Predicate = true> <Delay = 4.13> <CoreType = "Generic">   --->   Core 0 '' <Latency = 0> <II = 1> <Delay = 1.00> <Generic> <Opcode : >
ST_1 : Operation 111 [2/2] (4.13ns)   --->   "%call_ret9 = call i160 @layernorm_1d<ap_fixed<16, 6, 5, 3, 0>, ap_fixed<16, 6, 5, 3, 0>, config2>, i16 %data_80_val_read, i16 %data_81_val_read, i16 %data_82_val_read, i16 %data_83_val_read, i16 %data_84_val_read, i16 %data_85_val_read, i16 %data_86_val_read, i16 %data_87_val_read, i16 %data_88_val_read, i16 %data_89_val_read, i21 %index_table, i29 %invert_sqr_table" [firmware/nnet_utils/nnet_layernorm.h:148]   --->   Operation 111 'call' 'call_ret9' <Predicate = true> <Delay = 4.13> <CoreType = "Generic">   --->   Core 0 '' <Latency = 0> <II = 1> <Delay = 1.00> <Generic> <Opcode : >
ST_1 : Operation 112 [2/2] (4.13ns)   --->   "%call_ret = call i160 @layernorm_1d<ap_fixed<16, 6, 5, 3, 0>, ap_fixed<16, 6, 5, 3, 0>, config2>, i16 %data_90_val_read, i16 %data_91_val_read, i16 %data_92_val_read, i16 %data_93_val_read, i16 %data_94_val_read, i16 %data_95_val_read, i16 %data_96_val_read, i16 %data_97_val_read, i16 %data_98_val_read, i16 %data_99_val_read, i21 %index_table, i29 %invert_sqr_table" [firmware/nnet_utils/nnet_layernorm.h:148]   --->   Operation 112 'call' 'call_ret' <Predicate = true> <Delay = 4.13> <CoreType = "Generic">   --->   Core 0 '' <Latency = 0> <II = 1> <Delay = 1.00> <Generic> <Opcode : >

State 2 <SV = 1> <Delay = 2.95>
ST_2 : Operation 113 [1/2] (2.95ns)   --->   "%call_ret1 = call i160 @layernorm_1d<ap_fixed<16, 6, 5, 3, 0>, ap_fixed<16, 6, 5, 3, 0>, config2>, i16 %data_0_val_read, i16 %data_1_val_read, i16 %data_2_val_read, i16 %data_3_val_read, i16 %data_4_val_read, i16 %data_5_val_read, i16 %data_6_val_read, i16 %data_7_val_read, i16 %data_8_val_read, i16 %data_9_val_read, i21 %index_table, i29 %invert_sqr_table" [firmware/nnet_utils/nnet_layernorm.h:148]   --->   Operation 113 'call' 'call_ret1' <Predicate = true> <Delay = 2.95> <CoreType = "Generic">   --->   Core 0 '' <Latency = 0> <II = 1> <Delay = 1.00> <Generic> <Opcode : >
ST_2 : Operation 114 [1/1] (0.00ns)   --->   "%outval = extractvalue i160 %call_ret1" [firmware/nnet_utils/nnet_layernorm.h:148]   --->   Operation 114 'extractvalue' 'outval' <Predicate = true> <Delay = 0.00>
ST_2 : Operation 115 [1/1] (0.00ns)   --->   "%outval_1 = extractvalue i160 %call_ret1" [firmware/nnet_utils/nnet_layernorm.h:148]   --->   Operation 115 'extractvalue' 'outval_1' <Predicate = true> <Delay = 0.00>
ST_2 : Operation 116 [1/1] (0.00ns)   --->   "%outval_2 = extractvalue i160 %call_ret1" [firmware/nnet_utils/nnet_layernorm.h:148]   --->   Operation 116 'extractvalue' 'outval_2' <Predicate = true> <Delay = 0.00>
ST_2 : Operation 117 [1/1] (0.00ns)   --->   "%outval_3 = extractvalue i160 %call_ret1" [firmware/nnet_utils/nnet_layernorm.h:148]   --->   Operation 117 'extractvalue' 'outval_3' <Predicate = true> <Delay = 0.00>
ST_2 : Operation 118 [1/1] (0.00ns)   --->   "%outval_4 = extractvalue i160 %call_ret1" [firmware/nnet_utils/nnet_layernorm.h:148]   --->   Operation 118 'extractvalue' 'outval_4' <Predicate = true> <Delay = 0.00>
ST_2 : Operation 119 [1/1] (0.00ns)   --->   "%outval_5 = extractvalue i160 %call_ret1" [firmware/nnet_utils/nnet_layernorm.h:148]   --->   Operation 119 'extractvalue' 'outval_5' <Predicate = true> <Delay = 0.00>
ST_2 : Operation 120 [1/1] (0.00ns)   --->   "%outval_6 = extractvalue i160 %call_ret1" [firmware/nnet_utils/nnet_layernorm.h:148]   --->   Operation 120 'extractvalue' 'outval_6' <Predicate = true> <Delay = 0.00>
ST_2 : Operation 121 [1/1] (0.00ns)   --->   "%outval_7 = extractvalue i160 %call_ret1" [firmware/nnet_utils/nnet_layernorm.h:148]   --->   Operation 121 'extractvalue' 'outval_7' <Predicate = true> <Delay = 0.00>
ST_2 : Operation 122 [1/1] (0.00ns)   --->   "%outval_8 = extractvalue i160 %call_ret1" [firmware/nnet_utils/nnet_layernorm.h:148]   --->   Operation 122 'extractvalue' 'outval_8' <Predicate = true> <Delay = 0.00>
ST_2 : Operation 123 [1/1] (0.00ns)   --->   "%outval_9 = extractvalue i160 %call_ret1" [firmware/nnet_utils/nnet_layernorm.h:148]   --->   Operation 123 'extractvalue' 'outval_9' <Predicate = true> <Delay = 0.00>
ST_2 : Operation 124 [1/2] (2.95ns)   --->   "%call_ret2 = call i160 @layernorm_1d<ap_fixed<16, 6, 5, 3, 0>, ap_fixed<16, 6, 5, 3, 0>, config2>, i16 %data_10_val_read, i16 %data_11_val_read, i16 %data_12_val_read, i16 %data_13_val_read, i16 %data_14_val_read, i16 %data_15_val_read, i16 %data_16_val_read, i16 %data_17_val_read, i16 %data_18_val_read, i16 %data_19_val_read, i21 %index_table, i29 %invert_sqr_table" [firmware/nnet_utils/nnet_layernorm.h:148]   --->   Operation 124 'call' 'call_ret2' <Predicate = true> <Delay = 2.95> <CoreType = "Generic">   --->   Core 0 '' <Latency = 0> <II = 1> <Delay = 1.00> <Generic> <Opcode : >
ST_2 : Operation 125 [1/1] (0.00ns)   --->   "%outval_10 = extractvalue i160 %call_ret2" [firmware/nnet_utils/nnet_layernorm.h:148]   --->   Operation 125 'extractvalue' 'outval_10' <Predicate = true> <Delay = 0.00>
ST_2 : Operation 126 [1/1] (0.00ns)   --->   "%outval_11 = extractvalue i160 %call_ret2" [firmware/nnet_utils/nnet_layernorm.h:148]   --->   Operation 126 'extractvalue' 'outval_11' <Predicate = true> <Delay = 0.00>
ST_2 : Operation 127 [1/1] (0.00ns)   --->   "%outval_12 = extractvalue i160 %call_ret2" [firmware/nnet_utils/nnet_layernorm.h:148]   --->   Operation 127 'extractvalue' 'outval_12' <Predicate = true> <Delay = 0.00>
ST_2 : Operation 128 [1/1] (0.00ns)   --->   "%outval_13 = extractvalue i160 %call_ret2" [firmware/nnet_utils/nnet_layernorm.h:148]   --->   Operation 128 'extractvalue' 'outval_13' <Predicate = true> <Delay = 0.00>
ST_2 : Operation 129 [1/1] (0.00ns)   --->   "%outval_14 = extractvalue i160 %call_ret2" [firmware/nnet_utils/nnet_layernorm.h:148]   --->   Operation 129 'extractvalue' 'outval_14' <Predicate = true> <Delay = 0.00>
ST_2 : Operation 130 [1/1] (0.00ns)   --->   "%outval_15 = extractvalue i160 %call_ret2" [firmware/nnet_utils/nnet_layernorm.h:148]   --->   Operation 130 'extractvalue' 'outval_15' <Predicate = true> <Delay = 0.00>
ST_2 : Operation 131 [1/1] (0.00ns)   --->   "%outval_16 = extractvalue i160 %call_ret2" [firmware/nnet_utils/nnet_layernorm.h:148]   --->   Operation 131 'extractvalue' 'outval_16' <Predicate = true> <Delay = 0.00>
ST_2 : Operation 132 [1/1] (0.00ns)   --->   "%outval_17 = extractvalue i160 %call_ret2" [firmware/nnet_utils/nnet_layernorm.h:148]   --->   Operation 132 'extractvalue' 'outval_17' <Predicate = true> <Delay = 0.00>
ST_2 : Operation 133 [1/1] (0.00ns)   --->   "%outval_18 = extractvalue i160 %call_ret2" [firmware/nnet_utils/nnet_layernorm.h:148]   --->   Operation 133 'extractvalue' 'outval_18' <Predicate = true> <Delay = 0.00>
ST_2 : Operation 134 [1/1] (0.00ns)   --->   "%outval_19 = extractvalue i160 %call_ret2" [firmware/nnet_utils/nnet_layernorm.h:148]   --->   Operation 134 'extractvalue' 'outval_19' <Predicate = true> <Delay = 0.00>
ST_2 : Operation 135 [1/2] (2.95ns)   --->   "%call_ret3 = call i160 @layernorm_1d<ap_fixed<16, 6, 5, 3, 0>, ap_fixed<16, 6, 5, 3, 0>, config2>, i16 %data_20_val_read, i16 %data_21_val_read, i16 %data_22_val_read, i16 %data_23_val_read, i16 %data_24_val_read, i16 %data_25_val_read, i16 %data_26_val_read, i16 %data_27_val_read, i16 %data_28_val_read, i16 %data_29_val_read, i21 %index_table, i29 %invert_sqr_table" [firmware/nnet_utils/nnet_layernorm.h:148]   --->   Operation 135 'call' 'call_ret3' <Predicate = true> <Delay = 2.95> <CoreType = "Generic">   --->   Core 0 '' <Latency = 0> <II = 1> <Delay = 1.00> <Generic> <Opcode : >
ST_2 : Operation 136 [1/1] (0.00ns)   --->   "%outval_20 = extractvalue i160 %call_ret3" [firmware/nnet_utils/nnet_layernorm.h:148]   --->   Operation 136 'extractvalue' 'outval_20' <Predicate = true> <Delay = 0.00>
ST_2 : Operation 137 [1/1] (0.00ns)   --->   "%outval_21 = extractvalue i160 %call_ret3" [firmware/nnet_utils/nnet_layernorm.h:148]   --->   Operation 137 'extractvalue' 'outval_21' <Predicate = true> <Delay = 0.00>
ST_2 : Operation 138 [1/1] (0.00ns)   --->   "%outval_22 = extractvalue i160 %call_ret3" [firmware/nnet_utils/nnet_layernorm.h:148]   --->   Operation 138 'extractvalue' 'outval_22' <Predicate = true> <Delay = 0.00>
ST_2 : Operation 139 [1/1] (0.00ns)   --->   "%outval_23 = extractvalue i160 %call_ret3" [firmware/nnet_utils/nnet_layernorm.h:148]   --->   Operation 139 'extractvalue' 'outval_23' <Predicate = true> <Delay = 0.00>
ST_2 : Operation 140 [1/1] (0.00ns)   --->   "%outval_24 = extractvalue i160 %call_ret3" [firmware/nnet_utils/nnet_layernorm.h:148]   --->   Operation 140 'extractvalue' 'outval_24' <Predicate = true> <Delay = 0.00>
ST_2 : Operation 141 [1/1] (0.00ns)   --->   "%outval_25 = extractvalue i160 %call_ret3" [firmware/nnet_utils/nnet_layernorm.h:148]   --->   Operation 141 'extractvalue' 'outval_25' <Predicate = true> <Delay = 0.00>
ST_2 : Operation 142 [1/1] (0.00ns)   --->   "%outval_26 = extractvalue i160 %call_ret3" [firmware/nnet_utils/nnet_layernorm.h:148]   --->   Operation 142 'extractvalue' 'outval_26' <Predicate = true> <Delay = 0.00>
ST_2 : Operation 143 [1/1] (0.00ns)   --->   "%outval_27 = extractvalue i160 %call_ret3" [firmware/nnet_utils/nnet_layernorm.h:148]   --->   Operation 143 'extractvalue' 'outval_27' <Predicate = true> <Delay = 0.00>
ST_2 : Operation 144 [1/1] (0.00ns)   --->   "%outval_28 = extractvalue i160 %call_ret3" [firmware/nnet_utils/nnet_layernorm.h:148]   --->   Operation 144 'extractvalue' 'outval_28' <Predicate = true> <Delay = 0.00>
ST_2 : Operation 145 [1/1] (0.00ns)   --->   "%outval_29 = extractvalue i160 %call_ret3" [firmware/nnet_utils/nnet_layernorm.h:148]   --->   Operation 145 'extractvalue' 'outval_29' <Predicate = true> <Delay = 0.00>
ST_2 : Operation 146 [1/2] (2.95ns)   --->   "%call_ret4 = call i160 @layernorm_1d<ap_fixed<16, 6, 5, 3, 0>, ap_fixed<16, 6, 5, 3, 0>, config2>, i16 %data_30_val_read, i16 %data_31_val_read, i16 %data_32_val_read, i16 %data_33_val_read, i16 %data_34_val_read, i16 %data_35_val_read, i16 %data_36_val_read, i16 %data_37_val_read, i16 %data_38_val_read, i16 %data_39_val_read, i21 %index_table, i29 %invert_sqr_table" [firmware/nnet_utils/nnet_layernorm.h:148]   --->   Operation 146 'call' 'call_ret4' <Predicate = true> <Delay = 2.95> <CoreType = "Generic">   --->   Core 0 '' <Latency = 0> <II = 1> <Delay = 1.00> <Generic> <Opcode : >
ST_2 : Operation 147 [1/1] (0.00ns)   --->   "%outval_30 = extractvalue i160 %call_ret4" [firmware/nnet_utils/nnet_layernorm.h:148]   --->   Operation 147 'extractvalue' 'outval_30' <Predicate = true> <Delay = 0.00>
ST_2 : Operation 148 [1/1] (0.00ns)   --->   "%outval_31 = extractvalue i160 %call_ret4" [firmware/nnet_utils/nnet_layernorm.h:148]   --->   Operation 148 'extractvalue' 'outval_31' <Predicate = true> <Delay = 0.00>
ST_2 : Operation 149 [1/1] (0.00ns)   --->   "%outval_32 = extractvalue i160 %call_ret4" [firmware/nnet_utils/nnet_layernorm.h:148]   --->   Operation 149 'extractvalue' 'outval_32' <Predicate = true> <Delay = 0.00>
ST_2 : Operation 150 [1/1] (0.00ns)   --->   "%outval_33 = extractvalue i160 %call_ret4" [firmware/nnet_utils/nnet_layernorm.h:148]   --->   Operation 150 'extractvalue' 'outval_33' <Predicate = true> <Delay = 0.00>
ST_2 : Operation 151 [1/1] (0.00ns)   --->   "%outval_34 = extractvalue i160 %call_ret4" [firmware/nnet_utils/nnet_layernorm.h:148]   --->   Operation 151 'extractvalue' 'outval_34' <Predicate = true> <Delay = 0.00>
ST_2 : Operation 152 [1/1] (0.00ns)   --->   "%outval_35 = extractvalue i160 %call_ret4" [firmware/nnet_utils/nnet_layernorm.h:148]   --->   Operation 152 'extractvalue' 'outval_35' <Predicate = true> <Delay = 0.00>
ST_2 : Operation 153 [1/1] (0.00ns)   --->   "%outval_36 = extractvalue i160 %call_ret4" [firmware/nnet_utils/nnet_layernorm.h:148]   --->   Operation 153 'extractvalue' 'outval_36' <Predicate = true> <Delay = 0.00>
ST_2 : Operation 154 [1/1] (0.00ns)   --->   "%outval_37 = extractvalue i160 %call_ret4" [firmware/nnet_utils/nnet_layernorm.h:148]   --->   Operation 154 'extractvalue' 'outval_37' <Predicate = true> <Delay = 0.00>
ST_2 : Operation 155 [1/1] (0.00ns)   --->   "%outval_38 = extractvalue i160 %call_ret4" [firmware/nnet_utils/nnet_layernorm.h:148]   --->   Operation 155 'extractvalue' 'outval_38' <Predicate = true> <Delay = 0.00>
ST_2 : Operation 156 [1/1] (0.00ns)   --->   "%outval_39 = extractvalue i160 %call_ret4" [firmware/nnet_utils/nnet_layernorm.h:148]   --->   Operation 156 'extractvalue' 'outval_39' <Predicate = true> <Delay = 0.00>
ST_2 : Operation 157 [1/2] (2.95ns)   --->   "%call_ret5 = call i160 @layernorm_1d<ap_fixed<16, 6, 5, 3, 0>, ap_fixed<16, 6, 5, 3, 0>, config2>, i16 %data_40_val_read, i16 %data_41_val_read, i16 %data_42_val_read, i16 %data_43_val_read, i16 %data_44_val_read, i16 %data_45_val_read, i16 %data_46_val_read, i16 %data_47_val_read, i16 %data_48_val_read, i16 %data_49_val_read, i21 %index_table, i29 %invert_sqr_table" [firmware/nnet_utils/nnet_layernorm.h:148]   --->   Operation 157 'call' 'call_ret5' <Predicate = true> <Delay = 2.95> <CoreType = "Generic">   --->   Core 0 '' <Latency = 0> <II = 1> <Delay = 1.00> <Generic> <Opcode : >
ST_2 : Operation 158 [1/1] (0.00ns)   --->   "%outval_40 = extractvalue i160 %call_ret5" [firmware/nnet_utils/nnet_layernorm.h:148]   --->   Operation 158 'extractvalue' 'outval_40' <Predicate = true> <Delay = 0.00>
ST_2 : Operation 159 [1/1] (0.00ns)   --->   "%outval_41 = extractvalue i160 %call_ret5" [firmware/nnet_utils/nnet_layernorm.h:148]   --->   Operation 159 'extractvalue' 'outval_41' <Predicate = true> <Delay = 0.00>
ST_2 : Operation 160 [1/1] (0.00ns)   --->   "%outval_42 = extractvalue i160 %call_ret5" [firmware/nnet_utils/nnet_layernorm.h:148]   --->   Operation 160 'extractvalue' 'outval_42' <Predicate = true> <Delay = 0.00>
ST_2 : Operation 161 [1/1] (0.00ns)   --->   "%outval_43 = extractvalue i160 %call_ret5" [firmware/nnet_utils/nnet_layernorm.h:148]   --->   Operation 161 'extractvalue' 'outval_43' <Predicate = true> <Delay = 0.00>
ST_2 : Operation 162 [1/1] (0.00ns)   --->   "%outval_44 = extractvalue i160 %call_ret5" [firmware/nnet_utils/nnet_layernorm.h:148]   --->   Operation 162 'extractvalue' 'outval_44' <Predicate = true> <Delay = 0.00>
ST_2 : Operation 163 [1/1] (0.00ns)   --->   "%outval_45 = extractvalue i160 %call_ret5" [firmware/nnet_utils/nnet_layernorm.h:148]   --->   Operation 163 'extractvalue' 'outval_45' <Predicate = true> <Delay = 0.00>
ST_2 : Operation 164 [1/1] (0.00ns)   --->   "%outval_46 = extractvalue i160 %call_ret5" [firmware/nnet_utils/nnet_layernorm.h:148]   --->   Operation 164 'extractvalue' 'outval_46' <Predicate = true> <Delay = 0.00>
ST_2 : Operation 165 [1/1] (0.00ns)   --->   "%outval_47 = extractvalue i160 %call_ret5" [firmware/nnet_utils/nnet_layernorm.h:148]   --->   Operation 165 'extractvalue' 'outval_47' <Predicate = true> <Delay = 0.00>
ST_2 : Operation 166 [1/1] (0.00ns)   --->   "%outval_48 = extractvalue i160 %call_ret5" [firmware/nnet_utils/nnet_layernorm.h:148]   --->   Operation 166 'extractvalue' 'outval_48' <Predicate = true> <Delay = 0.00>
ST_2 : Operation 167 [1/1] (0.00ns)   --->   "%outval_49 = extractvalue i160 %call_ret5" [firmware/nnet_utils/nnet_layernorm.h:148]   --->   Operation 167 'extractvalue' 'outval_49' <Predicate = true> <Delay = 0.00>
ST_2 : Operation 168 [1/2] (2.95ns)   --->   "%call_ret6 = call i160 @layernorm_1d<ap_fixed<16, 6, 5, 3, 0>, ap_fixed<16, 6, 5, 3, 0>, config2>, i16 %data_50_val_read, i16 %data_51_val_read, i16 %data_52_val_read, i16 %data_53_val_read, i16 %data_54_val_read, i16 %data_55_val_read, i16 %data_56_val_read, i16 %data_57_val_read, i16 %data_58_val_read, i16 %data_59_val_read, i21 %index_table, i29 %invert_sqr_table" [firmware/nnet_utils/nnet_layernorm.h:148]   --->   Operation 168 'call' 'call_ret6' <Predicate = true> <Delay = 2.95> <CoreType = "Generic">   --->   Core 0 '' <Latency = 0> <II = 1> <Delay = 1.00> <Generic> <Opcode : >
ST_2 : Operation 169 [1/1] (0.00ns)   --->   "%outval_50 = extractvalue i160 %call_ret6" [firmware/nnet_utils/nnet_layernorm.h:148]   --->   Operation 169 'extractvalue' 'outval_50' <Predicate = true> <Delay = 0.00>
ST_2 : Operation 170 [1/1] (0.00ns)   --->   "%outval_51 = extractvalue i160 %call_ret6" [firmware/nnet_utils/nnet_layernorm.h:148]   --->   Operation 170 'extractvalue' 'outval_51' <Predicate = true> <Delay = 0.00>
ST_2 : Operation 171 [1/1] (0.00ns)   --->   "%outval_52 = extractvalue i160 %call_ret6" [firmware/nnet_utils/nnet_layernorm.h:148]   --->   Operation 171 'extractvalue' 'outval_52' <Predicate = true> <Delay = 0.00>
ST_2 : Operation 172 [1/1] (0.00ns)   --->   "%outval_53 = extractvalue i160 %call_ret6" [firmware/nnet_utils/nnet_layernorm.h:148]   --->   Operation 172 'extractvalue' 'outval_53' <Predicate = true> <Delay = 0.00>
ST_2 : Operation 173 [1/1] (0.00ns)   --->   "%outval_54 = extractvalue i160 %call_ret6" [firmware/nnet_utils/nnet_layernorm.h:148]   --->   Operation 173 'extractvalue' 'outval_54' <Predicate = true> <Delay = 0.00>
ST_2 : Operation 174 [1/1] (0.00ns)   --->   "%outval_55 = extractvalue i160 %call_ret6" [firmware/nnet_utils/nnet_layernorm.h:148]   --->   Operation 174 'extractvalue' 'outval_55' <Predicate = true> <Delay = 0.00>
ST_2 : Operation 175 [1/1] (0.00ns)   --->   "%outval_56 = extractvalue i160 %call_ret6" [firmware/nnet_utils/nnet_layernorm.h:148]   --->   Operation 175 'extractvalue' 'outval_56' <Predicate = true> <Delay = 0.00>
ST_2 : Operation 176 [1/1] (0.00ns)   --->   "%outval_57 = extractvalue i160 %call_ret6" [firmware/nnet_utils/nnet_layernorm.h:148]   --->   Operation 176 'extractvalue' 'outval_57' <Predicate = true> <Delay = 0.00>
ST_2 : Operation 177 [1/1] (0.00ns)   --->   "%outval_58 = extractvalue i160 %call_ret6" [firmware/nnet_utils/nnet_layernorm.h:148]   --->   Operation 177 'extractvalue' 'outval_58' <Predicate = true> <Delay = 0.00>
ST_2 : Operation 178 [1/1] (0.00ns)   --->   "%outval_59 = extractvalue i160 %call_ret6" [firmware/nnet_utils/nnet_layernorm.h:148]   --->   Operation 178 'extractvalue' 'outval_59' <Predicate = true> <Delay = 0.00>
ST_2 : Operation 179 [1/2] (2.95ns)   --->   "%call_ret7 = call i160 @layernorm_1d<ap_fixed<16, 6, 5, 3, 0>, ap_fixed<16, 6, 5, 3, 0>, config2>, i16 %data_60_val_read, i16 %data_61_val_read, i16 %data_62_val_read, i16 %data_63_val_read, i16 %data_64_val_read, i16 %data_65_val_read, i16 %data_66_val_read, i16 %data_67_val_read, i16 %data_68_val_read, i16 %data_69_val_read, i21 %index_table, i29 %invert_sqr_table" [firmware/nnet_utils/nnet_layernorm.h:148]   --->   Operation 179 'call' 'call_ret7' <Predicate = true> <Delay = 2.95> <CoreType = "Generic">   --->   Core 0 '' <Latency = 0> <II = 1> <Delay = 1.00> <Generic> <Opcode : >
ST_2 : Operation 180 [1/1] (0.00ns)   --->   "%outval_60 = extractvalue i160 %call_ret7" [firmware/nnet_utils/nnet_layernorm.h:148]   --->   Operation 180 'extractvalue' 'outval_60' <Predicate = true> <Delay = 0.00>
ST_2 : Operation 181 [1/1] (0.00ns)   --->   "%outval_61 = extractvalue i160 %call_ret7" [firmware/nnet_utils/nnet_layernorm.h:148]   --->   Operation 181 'extractvalue' 'outval_61' <Predicate = true> <Delay = 0.00>
ST_2 : Operation 182 [1/1] (0.00ns)   --->   "%outval_62 = extractvalue i160 %call_ret7" [firmware/nnet_utils/nnet_layernorm.h:148]   --->   Operation 182 'extractvalue' 'outval_62' <Predicate = true> <Delay = 0.00>
ST_2 : Operation 183 [1/1] (0.00ns)   --->   "%outval_63 = extractvalue i160 %call_ret7" [firmware/nnet_utils/nnet_layernorm.h:148]   --->   Operation 183 'extractvalue' 'outval_63' <Predicate = true> <Delay = 0.00>
ST_2 : Operation 184 [1/1] (0.00ns)   --->   "%outval_64 = extractvalue i160 %call_ret7" [firmware/nnet_utils/nnet_layernorm.h:148]   --->   Operation 184 'extractvalue' 'outval_64' <Predicate = true> <Delay = 0.00>
ST_2 : Operation 185 [1/1] (0.00ns)   --->   "%outval_65 = extractvalue i160 %call_ret7" [firmware/nnet_utils/nnet_layernorm.h:148]   --->   Operation 185 'extractvalue' 'outval_65' <Predicate = true> <Delay = 0.00>
ST_2 : Operation 186 [1/1] (0.00ns)   --->   "%outval_66 = extractvalue i160 %call_ret7" [firmware/nnet_utils/nnet_layernorm.h:148]   --->   Operation 186 'extractvalue' 'outval_66' <Predicate = true> <Delay = 0.00>
ST_2 : Operation 187 [1/1] (0.00ns)   --->   "%outval_67 = extractvalue i160 %call_ret7" [firmware/nnet_utils/nnet_layernorm.h:148]   --->   Operation 187 'extractvalue' 'outval_67' <Predicate = true> <Delay = 0.00>
ST_2 : Operation 188 [1/1] (0.00ns)   --->   "%outval_68 = extractvalue i160 %call_ret7" [firmware/nnet_utils/nnet_layernorm.h:148]   --->   Operation 188 'extractvalue' 'outval_68' <Predicate = true> <Delay = 0.00>
ST_2 : Operation 189 [1/1] (0.00ns)   --->   "%outval_69 = extractvalue i160 %call_ret7" [firmware/nnet_utils/nnet_layernorm.h:148]   --->   Operation 189 'extractvalue' 'outval_69' <Predicate = true> <Delay = 0.00>
ST_2 : Operation 190 [1/2] (2.95ns)   --->   "%call_ret8 = call i160 @layernorm_1d<ap_fixed<16, 6, 5, 3, 0>, ap_fixed<16, 6, 5, 3, 0>, config2>, i16 %data_70_val_read, i16 %data_71_val_read, i16 %data_72_val_read, i16 %data_73_val_read, i16 %data_74_val_read, i16 %data_75_val_read, i16 %data_76_val_read, i16 %data_77_val_read, i16 %data_78_val_read, i16 %data_79_val_read, i21 %index_table, i29 %invert_sqr_table" [firmware/nnet_utils/nnet_layernorm.h:148]   --->   Operation 190 'call' 'call_ret8' <Predicate = true> <Delay = 2.95> <CoreType = "Generic">   --->   Core 0 '' <Latency = 0> <II = 1> <Delay = 1.00> <Generic> <Opcode : >
ST_2 : Operation 191 [1/1] (0.00ns)   --->   "%outval_70 = extractvalue i160 %call_ret8" [firmware/nnet_utils/nnet_layernorm.h:148]   --->   Operation 191 'extractvalue' 'outval_70' <Predicate = true> <Delay = 0.00>
ST_2 : Operation 192 [1/1] (0.00ns)   --->   "%outval_71 = extractvalue i160 %call_ret8" [firmware/nnet_utils/nnet_layernorm.h:148]   --->   Operation 192 'extractvalue' 'outval_71' <Predicate = true> <Delay = 0.00>
ST_2 : Operation 193 [1/1] (0.00ns)   --->   "%outval_72 = extractvalue i160 %call_ret8" [firmware/nnet_utils/nnet_layernorm.h:148]   --->   Operation 193 'extractvalue' 'outval_72' <Predicate = true> <Delay = 0.00>
ST_2 : Operation 194 [1/1] (0.00ns)   --->   "%outval_73 = extractvalue i160 %call_ret8" [firmware/nnet_utils/nnet_layernorm.h:148]   --->   Operation 194 'extractvalue' 'outval_73' <Predicate = true> <Delay = 0.00>
ST_2 : Operation 195 [1/1] (0.00ns)   --->   "%outval_74 = extractvalue i160 %call_ret8" [firmware/nnet_utils/nnet_layernorm.h:148]   --->   Operation 195 'extractvalue' 'outval_74' <Predicate = true> <Delay = 0.00>
ST_2 : Operation 196 [1/1] (0.00ns)   --->   "%outval_75 = extractvalue i160 %call_ret8" [firmware/nnet_utils/nnet_layernorm.h:148]   --->   Operation 196 'extractvalue' 'outval_75' <Predicate = true> <Delay = 0.00>
ST_2 : Operation 197 [1/1] (0.00ns)   --->   "%outval_76 = extractvalue i160 %call_ret8" [firmware/nnet_utils/nnet_layernorm.h:148]   --->   Operation 197 'extractvalue' 'outval_76' <Predicate = true> <Delay = 0.00>
ST_2 : Operation 198 [1/1] (0.00ns)   --->   "%outval_77 = extractvalue i160 %call_ret8" [firmware/nnet_utils/nnet_layernorm.h:148]   --->   Operation 198 'extractvalue' 'outval_77' <Predicate = true> <Delay = 0.00>
ST_2 : Operation 199 [1/1] (0.00ns)   --->   "%outval_78 = extractvalue i160 %call_ret8" [firmware/nnet_utils/nnet_layernorm.h:148]   --->   Operation 199 'extractvalue' 'outval_78' <Predicate = true> <Delay = 0.00>
ST_2 : Operation 200 [1/1] (0.00ns)   --->   "%outval_79 = extractvalue i160 %call_ret8" [firmware/nnet_utils/nnet_layernorm.h:148]   --->   Operation 200 'extractvalue' 'outval_79' <Predicate = true> <Delay = 0.00>
ST_2 : Operation 201 [1/2] (2.95ns)   --->   "%call_ret9 = call i160 @layernorm_1d<ap_fixed<16, 6, 5, 3, 0>, ap_fixed<16, 6, 5, 3, 0>, config2>, i16 %data_80_val_read, i16 %data_81_val_read, i16 %data_82_val_read, i16 %data_83_val_read, i16 %data_84_val_read, i16 %data_85_val_read, i16 %data_86_val_read, i16 %data_87_val_read, i16 %data_88_val_read, i16 %data_89_val_read, i21 %index_table, i29 %invert_sqr_table" [firmware/nnet_utils/nnet_layernorm.h:148]   --->   Operation 201 'call' 'call_ret9' <Predicate = true> <Delay = 2.95> <CoreType = "Generic">   --->   Core 0 '' <Latency = 0> <II = 1> <Delay = 1.00> <Generic> <Opcode : >
ST_2 : Operation 202 [1/1] (0.00ns)   --->   "%outval_80 = extractvalue i160 %call_ret9" [firmware/nnet_utils/nnet_layernorm.h:148]   --->   Operation 202 'extractvalue' 'outval_80' <Predicate = true> <Delay = 0.00>
ST_2 : Operation 203 [1/1] (0.00ns)   --->   "%outval_81 = extractvalue i160 %call_ret9" [firmware/nnet_utils/nnet_layernorm.h:148]   --->   Operation 203 'extractvalue' 'outval_81' <Predicate = true> <Delay = 0.00>
ST_2 : Operation 204 [1/1] (0.00ns)   --->   "%outval_82 = extractvalue i160 %call_ret9" [firmware/nnet_utils/nnet_layernorm.h:148]   --->   Operation 204 'extractvalue' 'outval_82' <Predicate = true> <Delay = 0.00>
ST_2 : Operation 205 [1/1] (0.00ns)   --->   "%outval_83 = extractvalue i160 %call_ret9" [firmware/nnet_utils/nnet_layernorm.h:148]   --->   Operation 205 'extractvalue' 'outval_83' <Predicate = true> <Delay = 0.00>
ST_2 : Operation 206 [1/1] (0.00ns)   --->   "%outval_84 = extractvalue i160 %call_ret9" [firmware/nnet_utils/nnet_layernorm.h:148]   --->   Operation 206 'extractvalue' 'outval_84' <Predicate = true> <Delay = 0.00>
ST_2 : Operation 207 [1/1] (0.00ns)   --->   "%outval_85 = extractvalue i160 %call_ret9" [firmware/nnet_utils/nnet_layernorm.h:148]   --->   Operation 207 'extractvalue' 'outval_85' <Predicate = true> <Delay = 0.00>
ST_2 : Operation 208 [1/1] (0.00ns)   --->   "%outval_86 = extractvalue i160 %call_ret9" [firmware/nnet_utils/nnet_layernorm.h:148]   --->   Operation 208 'extractvalue' 'outval_86' <Predicate = true> <Delay = 0.00>
ST_2 : Operation 209 [1/1] (0.00ns)   --->   "%outval_87 = extractvalue i160 %call_ret9" [firmware/nnet_utils/nnet_layernorm.h:148]   --->   Operation 209 'extractvalue' 'outval_87' <Predicate = true> <Delay = 0.00>
ST_2 : Operation 210 [1/1] (0.00ns)   --->   "%outval_88 = extractvalue i160 %call_ret9" [firmware/nnet_utils/nnet_layernorm.h:148]   --->   Operation 210 'extractvalue' 'outval_88' <Predicate = true> <Delay = 0.00>
ST_2 : Operation 211 [1/1] (0.00ns)   --->   "%outval_89 = extractvalue i160 %call_ret9" [firmware/nnet_utils/nnet_layernorm.h:148]   --->   Operation 211 'extractvalue' 'outval_89' <Predicate = true> <Delay = 0.00>
ST_2 : Operation 212 [1/2] (2.95ns)   --->   "%call_ret = call i160 @layernorm_1d<ap_fixed<16, 6, 5, 3, 0>, ap_fixed<16, 6, 5, 3, 0>, config2>, i16 %data_90_val_read, i16 %data_91_val_read, i16 %data_92_val_read, i16 %data_93_val_read, i16 %data_94_val_read, i16 %data_95_val_read, i16 %data_96_val_read, i16 %data_97_val_read, i16 %data_98_val_read, i16 %data_99_val_read, i21 %index_table, i29 %invert_sqr_table" [firmware/nnet_utils/nnet_layernorm.h:148]   --->   Operation 212 'call' 'call_ret' <Predicate = true> <Delay = 2.95> <CoreType = "Generic">   --->   Core 0 '' <Latency = 0> <II = 1> <Delay = 1.00> <Generic> <Opcode : >
ST_2 : Operation 213 [1/1] (0.00ns)   --->   "%outval_90 = extractvalue i160 %call_ret" [firmware/nnet_utils/nnet_layernorm.h:148]   --->   Operation 213 'extractvalue' 'outval_90' <Predicate = true> <Delay = 0.00>
ST_2 : Operation 214 [1/1] (0.00ns)   --->   "%outval_91 = extractvalue i160 %call_ret" [firmware/nnet_utils/nnet_layernorm.h:148]   --->   Operation 214 'extractvalue' 'outval_91' <Predicate = true> <Delay = 0.00>
ST_2 : Operation 215 [1/1] (0.00ns)   --->   "%outval_92 = extractvalue i160 %call_ret" [firmware/nnet_utils/nnet_layernorm.h:148]   --->   Operation 215 'extractvalue' 'outval_92' <Predicate = true> <Delay = 0.00>
ST_2 : Operation 216 [1/1] (0.00ns)   --->   "%outval_93 = extractvalue i160 %call_ret" [firmware/nnet_utils/nnet_layernorm.h:148]   --->   Operation 216 'extractvalue' 'outval_93' <Predicate = true> <Delay = 0.00>
ST_2 : Operation 217 [1/1] (0.00ns)   --->   "%outval_94 = extractvalue i160 %call_ret" [firmware/nnet_utils/nnet_layernorm.h:148]   --->   Operation 217 'extractvalue' 'outval_94' <Predicate = true> <Delay = 0.00>
ST_2 : Operation 218 [1/1] (0.00ns)   --->   "%outval_95 = extractvalue i160 %call_ret" [firmware/nnet_utils/nnet_layernorm.h:148]   --->   Operation 218 'extractvalue' 'outval_95' <Predicate = true> <Delay = 0.00>
ST_2 : Operation 219 [1/1] (0.00ns)   --->   "%outval_96 = extractvalue i160 %call_ret" [firmware/nnet_utils/nnet_layernorm.h:148]   --->   Operation 219 'extractvalue' 'outval_96' <Predicate = true> <Delay = 0.00>
ST_2 : Operation 220 [1/1] (0.00ns)   --->   "%outval_97 = extractvalue i160 %call_ret" [firmware/nnet_utils/nnet_layernorm.h:148]   --->   Operation 220 'extractvalue' 'outval_97' <Predicate = true> <Delay = 0.00>
ST_2 : Operation 221 [1/1] (0.00ns)   --->   "%outval_98 = extractvalue i160 %call_ret" [firmware/nnet_utils/nnet_layernorm.h:148]   --->   Operation 221 'extractvalue' 'outval_98' <Predicate = true> <Delay = 0.00>
ST_2 : Operation 222 [1/1] (0.00ns)   --->   "%outval_99 = extractvalue i160 %call_ret" [firmware/nnet_utils/nnet_layernorm.h:148]   --->   Operation 222 'extractvalue' 'outval_99' <Predicate = true> <Delay = 0.00>
ST_2 : Operation 223 [1/1] (0.00ns)   --->   "%mrv = insertvalue i1600 <undef>, i16 %outval" [firmware/nnet_utils/nnet_layernorm.h:155]   --->   Operation 223 'insertvalue' 'mrv' <Predicate = true> <Delay = 0.00>
ST_2 : Operation 224 [1/1] (0.00ns)   --->   "%mrv_1 = insertvalue i1600 %mrv, i16 %outval_1" [firmware/nnet_utils/nnet_layernorm.h:155]   --->   Operation 224 'insertvalue' 'mrv_1' <Predicate = true> <Delay = 0.00>
ST_2 : Operation 225 [1/1] (0.00ns)   --->   "%mrv_2 = insertvalue i1600 %mrv_1, i16 %outval_2" [firmware/nnet_utils/nnet_layernorm.h:155]   --->   Operation 225 'insertvalue' 'mrv_2' <Predicate = true> <Delay = 0.00>
ST_2 : Operation 226 [1/1] (0.00ns)   --->   "%mrv_3 = insertvalue i1600 %mrv_2, i16 %outval_3" [firmware/nnet_utils/nnet_layernorm.h:155]   --->   Operation 226 'insertvalue' 'mrv_3' <Predicate = true> <Delay = 0.00>
ST_2 : Operation 227 [1/1] (0.00ns)   --->   "%mrv_4 = insertvalue i1600 %mrv_3, i16 %outval_4" [firmware/nnet_utils/nnet_layernorm.h:155]   --->   Operation 227 'insertvalue' 'mrv_4' <Predicate = true> <Delay = 0.00>
ST_2 : Operation 228 [1/1] (0.00ns)   --->   "%mrv_5 = insertvalue i1600 %mrv_4, i16 %outval_5" [firmware/nnet_utils/nnet_layernorm.h:155]   --->   Operation 228 'insertvalue' 'mrv_5' <Predicate = true> <Delay = 0.00>
ST_2 : Operation 229 [1/1] (0.00ns)   --->   "%mrv_6 = insertvalue i1600 %mrv_5, i16 %outval_6" [firmware/nnet_utils/nnet_layernorm.h:155]   --->   Operation 229 'insertvalue' 'mrv_6' <Predicate = true> <Delay = 0.00>
ST_2 : Operation 230 [1/1] (0.00ns)   --->   "%mrv_7 = insertvalue i1600 %mrv_6, i16 %outval_7" [firmware/nnet_utils/nnet_layernorm.h:155]   --->   Operation 230 'insertvalue' 'mrv_7' <Predicate = true> <Delay = 0.00>
ST_2 : Operation 231 [1/1] (0.00ns)   --->   "%mrv_8 = insertvalue i1600 %mrv_7, i16 %outval_8" [firmware/nnet_utils/nnet_layernorm.h:155]   --->   Operation 231 'insertvalue' 'mrv_8' <Predicate = true> <Delay = 0.00>
ST_2 : Operation 232 [1/1] (0.00ns)   --->   "%mrv_9 = insertvalue i1600 %mrv_8, i16 %outval_9" [firmware/nnet_utils/nnet_layernorm.h:155]   --->   Operation 232 'insertvalue' 'mrv_9' <Predicate = true> <Delay = 0.00>
ST_2 : Operation 233 [1/1] (0.00ns)   --->   "%mrv_10 = insertvalue i1600 %mrv_9, i16 %outval_10" [firmware/nnet_utils/nnet_layernorm.h:155]   --->   Operation 233 'insertvalue' 'mrv_10' <Predicate = true> <Delay = 0.00>
ST_2 : Operation 234 [1/1] (0.00ns)   --->   "%mrv_11 = insertvalue i1600 %mrv_10, i16 %outval_11" [firmware/nnet_utils/nnet_layernorm.h:155]   --->   Operation 234 'insertvalue' 'mrv_11' <Predicate = true> <Delay = 0.00>
ST_2 : Operation 235 [1/1] (0.00ns)   --->   "%mrv_12 = insertvalue i1600 %mrv_11, i16 %outval_12" [firmware/nnet_utils/nnet_layernorm.h:155]   --->   Operation 235 'insertvalue' 'mrv_12' <Predicate = true> <Delay = 0.00>
ST_2 : Operation 236 [1/1] (0.00ns)   --->   "%mrv_13 = insertvalue i1600 %mrv_12, i16 %outval_13" [firmware/nnet_utils/nnet_layernorm.h:155]   --->   Operation 236 'insertvalue' 'mrv_13' <Predicate = true> <Delay = 0.00>
ST_2 : Operation 237 [1/1] (0.00ns)   --->   "%mrv_14 = insertvalue i1600 %mrv_13, i16 %outval_14" [firmware/nnet_utils/nnet_layernorm.h:155]   --->   Operation 237 'insertvalue' 'mrv_14' <Predicate = true> <Delay = 0.00>
ST_2 : Operation 238 [1/1] (0.00ns)   --->   "%mrv_15 = insertvalue i1600 %mrv_14, i16 %outval_15" [firmware/nnet_utils/nnet_layernorm.h:155]   --->   Operation 238 'insertvalue' 'mrv_15' <Predicate = true> <Delay = 0.00>
ST_2 : Operation 239 [1/1] (0.00ns)   --->   "%mrv_16 = insertvalue i1600 %mrv_15, i16 %outval_16" [firmware/nnet_utils/nnet_layernorm.h:155]   --->   Operation 239 'insertvalue' 'mrv_16' <Predicate = true> <Delay = 0.00>
ST_2 : Operation 240 [1/1] (0.00ns)   --->   "%mrv_17 = insertvalue i1600 %mrv_16, i16 %outval_17" [firmware/nnet_utils/nnet_layernorm.h:155]   --->   Operation 240 'insertvalue' 'mrv_17' <Predicate = true> <Delay = 0.00>
ST_2 : Operation 241 [1/1] (0.00ns)   --->   "%mrv_18 = insertvalue i1600 %mrv_17, i16 %outval_18" [firmware/nnet_utils/nnet_layernorm.h:155]   --->   Operation 241 'insertvalue' 'mrv_18' <Predicate = true> <Delay = 0.00>
ST_2 : Operation 242 [1/1] (0.00ns)   --->   "%mrv_19 = insertvalue i1600 %mrv_18, i16 %outval_19" [firmware/nnet_utils/nnet_layernorm.h:155]   --->   Operation 242 'insertvalue' 'mrv_19' <Predicate = true> <Delay = 0.00>
ST_2 : Operation 243 [1/1] (0.00ns)   --->   "%mrv_20 = insertvalue i1600 %mrv_19, i16 %outval_20" [firmware/nnet_utils/nnet_layernorm.h:155]   --->   Operation 243 'insertvalue' 'mrv_20' <Predicate = true> <Delay = 0.00>
ST_2 : Operation 244 [1/1] (0.00ns)   --->   "%mrv_21 = insertvalue i1600 %mrv_20, i16 %outval_21" [firmware/nnet_utils/nnet_layernorm.h:155]   --->   Operation 244 'insertvalue' 'mrv_21' <Predicate = true> <Delay = 0.00>
ST_2 : Operation 245 [1/1] (0.00ns)   --->   "%mrv_22 = insertvalue i1600 %mrv_21, i16 %outval_22" [firmware/nnet_utils/nnet_layernorm.h:155]   --->   Operation 245 'insertvalue' 'mrv_22' <Predicate = true> <Delay = 0.00>
ST_2 : Operation 246 [1/1] (0.00ns)   --->   "%mrv_23 = insertvalue i1600 %mrv_22, i16 %outval_23" [firmware/nnet_utils/nnet_layernorm.h:155]   --->   Operation 246 'insertvalue' 'mrv_23' <Predicate = true> <Delay = 0.00>
ST_2 : Operation 247 [1/1] (0.00ns)   --->   "%mrv_24 = insertvalue i1600 %mrv_23, i16 %outval_24" [firmware/nnet_utils/nnet_layernorm.h:155]   --->   Operation 247 'insertvalue' 'mrv_24' <Predicate = true> <Delay = 0.00>
ST_2 : Operation 248 [1/1] (0.00ns)   --->   "%mrv_25 = insertvalue i1600 %mrv_24, i16 %outval_25" [firmware/nnet_utils/nnet_layernorm.h:155]   --->   Operation 248 'insertvalue' 'mrv_25' <Predicate = true> <Delay = 0.00>
ST_2 : Operation 249 [1/1] (0.00ns)   --->   "%mrv_26 = insertvalue i1600 %mrv_25, i16 %outval_26" [firmware/nnet_utils/nnet_layernorm.h:155]   --->   Operation 249 'insertvalue' 'mrv_26' <Predicate = true> <Delay = 0.00>
ST_2 : Operation 250 [1/1] (0.00ns)   --->   "%mrv_27 = insertvalue i1600 %mrv_26, i16 %outval_27" [firmware/nnet_utils/nnet_layernorm.h:155]   --->   Operation 250 'insertvalue' 'mrv_27' <Predicate = true> <Delay = 0.00>
ST_2 : Operation 251 [1/1] (0.00ns)   --->   "%mrv_28 = insertvalue i1600 %mrv_27, i16 %outval_28" [firmware/nnet_utils/nnet_layernorm.h:155]   --->   Operation 251 'insertvalue' 'mrv_28' <Predicate = true> <Delay = 0.00>
ST_2 : Operation 252 [1/1] (0.00ns)   --->   "%mrv_29 = insertvalue i1600 %mrv_28, i16 %outval_29" [firmware/nnet_utils/nnet_layernorm.h:155]   --->   Operation 252 'insertvalue' 'mrv_29' <Predicate = true> <Delay = 0.00>
ST_2 : Operation 253 [1/1] (0.00ns)   --->   "%mrv_30 = insertvalue i1600 %mrv_29, i16 %outval_30" [firmware/nnet_utils/nnet_layernorm.h:155]   --->   Operation 253 'insertvalue' 'mrv_30' <Predicate = true> <Delay = 0.00>
ST_2 : Operation 254 [1/1] (0.00ns)   --->   "%mrv_31 = insertvalue i1600 %mrv_30, i16 %outval_31" [firmware/nnet_utils/nnet_layernorm.h:155]   --->   Operation 254 'insertvalue' 'mrv_31' <Predicate = true> <Delay = 0.00>
ST_2 : Operation 255 [1/1] (0.00ns)   --->   "%mrv_32 = insertvalue i1600 %mrv_31, i16 %outval_32" [firmware/nnet_utils/nnet_layernorm.h:155]   --->   Operation 255 'insertvalue' 'mrv_32' <Predicate = true> <Delay = 0.00>
ST_2 : Operation 256 [1/1] (0.00ns)   --->   "%mrv_33 = insertvalue i1600 %mrv_32, i16 %outval_33" [firmware/nnet_utils/nnet_layernorm.h:155]   --->   Operation 256 'insertvalue' 'mrv_33' <Predicate = true> <Delay = 0.00>
ST_2 : Operation 257 [1/1] (0.00ns)   --->   "%mrv_34 = insertvalue i1600 %mrv_33, i16 %outval_34" [firmware/nnet_utils/nnet_layernorm.h:155]   --->   Operation 257 'insertvalue' 'mrv_34' <Predicate = true> <Delay = 0.00>
ST_2 : Operation 258 [1/1] (0.00ns)   --->   "%mrv_35 = insertvalue i1600 %mrv_34, i16 %outval_35" [firmware/nnet_utils/nnet_layernorm.h:155]   --->   Operation 258 'insertvalue' 'mrv_35' <Predicate = true> <Delay = 0.00>
ST_2 : Operation 259 [1/1] (0.00ns)   --->   "%mrv_36 = insertvalue i1600 %mrv_35, i16 %outval_36" [firmware/nnet_utils/nnet_layernorm.h:155]   --->   Operation 259 'insertvalue' 'mrv_36' <Predicate = true> <Delay = 0.00>
ST_2 : Operation 260 [1/1] (0.00ns)   --->   "%mrv_37 = insertvalue i1600 %mrv_36, i16 %outval_37" [firmware/nnet_utils/nnet_layernorm.h:155]   --->   Operation 260 'insertvalue' 'mrv_37' <Predicate = true> <Delay = 0.00>
ST_2 : Operation 261 [1/1] (0.00ns)   --->   "%mrv_38 = insertvalue i1600 %mrv_37, i16 %outval_38" [firmware/nnet_utils/nnet_layernorm.h:155]   --->   Operation 261 'insertvalue' 'mrv_38' <Predicate = true> <Delay = 0.00>
ST_2 : Operation 262 [1/1] (0.00ns)   --->   "%mrv_39 = insertvalue i1600 %mrv_38, i16 %outval_39" [firmware/nnet_utils/nnet_layernorm.h:155]   --->   Operation 262 'insertvalue' 'mrv_39' <Predicate = true> <Delay = 0.00>
ST_2 : Operation 263 [1/1] (0.00ns)   --->   "%mrv_40 = insertvalue i1600 %mrv_39, i16 %outval_40" [firmware/nnet_utils/nnet_layernorm.h:155]   --->   Operation 263 'insertvalue' 'mrv_40' <Predicate = true> <Delay = 0.00>
ST_2 : Operation 264 [1/1] (0.00ns)   --->   "%mrv_41 = insertvalue i1600 %mrv_40, i16 %outval_41" [firmware/nnet_utils/nnet_layernorm.h:155]   --->   Operation 264 'insertvalue' 'mrv_41' <Predicate = true> <Delay = 0.00>
ST_2 : Operation 265 [1/1] (0.00ns)   --->   "%mrv_42 = insertvalue i1600 %mrv_41, i16 %outval_42" [firmware/nnet_utils/nnet_layernorm.h:155]   --->   Operation 265 'insertvalue' 'mrv_42' <Predicate = true> <Delay = 0.00>
ST_2 : Operation 266 [1/1] (0.00ns)   --->   "%mrv_43 = insertvalue i1600 %mrv_42, i16 %outval_43" [firmware/nnet_utils/nnet_layernorm.h:155]   --->   Operation 266 'insertvalue' 'mrv_43' <Predicate = true> <Delay = 0.00>
ST_2 : Operation 267 [1/1] (0.00ns)   --->   "%mrv_44 = insertvalue i1600 %mrv_43, i16 %outval_44" [firmware/nnet_utils/nnet_layernorm.h:155]   --->   Operation 267 'insertvalue' 'mrv_44' <Predicate = true> <Delay = 0.00>
ST_2 : Operation 268 [1/1] (0.00ns)   --->   "%mrv_45 = insertvalue i1600 %mrv_44, i16 %outval_45" [firmware/nnet_utils/nnet_layernorm.h:155]   --->   Operation 268 'insertvalue' 'mrv_45' <Predicate = true> <Delay = 0.00>
ST_2 : Operation 269 [1/1] (0.00ns)   --->   "%mrv_46 = insertvalue i1600 %mrv_45, i16 %outval_46" [firmware/nnet_utils/nnet_layernorm.h:155]   --->   Operation 269 'insertvalue' 'mrv_46' <Predicate = true> <Delay = 0.00>
ST_2 : Operation 270 [1/1] (0.00ns)   --->   "%mrv_47 = insertvalue i1600 %mrv_46, i16 %outval_47" [firmware/nnet_utils/nnet_layernorm.h:155]   --->   Operation 270 'insertvalue' 'mrv_47' <Predicate = true> <Delay = 0.00>
ST_2 : Operation 271 [1/1] (0.00ns)   --->   "%mrv_48 = insertvalue i1600 %mrv_47, i16 %outval_48" [firmware/nnet_utils/nnet_layernorm.h:155]   --->   Operation 271 'insertvalue' 'mrv_48' <Predicate = true> <Delay = 0.00>
ST_2 : Operation 272 [1/1] (0.00ns)   --->   "%mrv_49 = insertvalue i1600 %mrv_48, i16 %outval_49" [firmware/nnet_utils/nnet_layernorm.h:155]   --->   Operation 272 'insertvalue' 'mrv_49' <Predicate = true> <Delay = 0.00>
ST_2 : Operation 273 [1/1] (0.00ns)   --->   "%mrv_50 = insertvalue i1600 %mrv_49, i16 %outval_50" [firmware/nnet_utils/nnet_layernorm.h:155]   --->   Operation 273 'insertvalue' 'mrv_50' <Predicate = true> <Delay = 0.00>
ST_2 : Operation 274 [1/1] (0.00ns)   --->   "%mrv_51 = insertvalue i1600 %mrv_50, i16 %outval_51" [firmware/nnet_utils/nnet_layernorm.h:155]   --->   Operation 274 'insertvalue' 'mrv_51' <Predicate = true> <Delay = 0.00>
ST_2 : Operation 275 [1/1] (0.00ns)   --->   "%mrv_52 = insertvalue i1600 %mrv_51, i16 %outval_52" [firmware/nnet_utils/nnet_layernorm.h:155]   --->   Operation 275 'insertvalue' 'mrv_52' <Predicate = true> <Delay = 0.00>
ST_2 : Operation 276 [1/1] (0.00ns)   --->   "%mrv_53 = insertvalue i1600 %mrv_52, i16 %outval_53" [firmware/nnet_utils/nnet_layernorm.h:155]   --->   Operation 276 'insertvalue' 'mrv_53' <Predicate = true> <Delay = 0.00>
ST_2 : Operation 277 [1/1] (0.00ns)   --->   "%mrv_54 = insertvalue i1600 %mrv_53, i16 %outval_54" [firmware/nnet_utils/nnet_layernorm.h:155]   --->   Operation 277 'insertvalue' 'mrv_54' <Predicate = true> <Delay = 0.00>
ST_2 : Operation 278 [1/1] (0.00ns)   --->   "%mrv_55 = insertvalue i1600 %mrv_54, i16 %outval_55" [firmware/nnet_utils/nnet_layernorm.h:155]   --->   Operation 278 'insertvalue' 'mrv_55' <Predicate = true> <Delay = 0.00>
ST_2 : Operation 279 [1/1] (0.00ns)   --->   "%mrv_56 = insertvalue i1600 %mrv_55, i16 %outval_56" [firmware/nnet_utils/nnet_layernorm.h:155]   --->   Operation 279 'insertvalue' 'mrv_56' <Predicate = true> <Delay = 0.00>
ST_2 : Operation 280 [1/1] (0.00ns)   --->   "%mrv_57 = insertvalue i1600 %mrv_56, i16 %outval_57" [firmware/nnet_utils/nnet_layernorm.h:155]   --->   Operation 280 'insertvalue' 'mrv_57' <Predicate = true> <Delay = 0.00>
ST_2 : Operation 281 [1/1] (0.00ns)   --->   "%mrv_58 = insertvalue i1600 %mrv_57, i16 %outval_58" [firmware/nnet_utils/nnet_layernorm.h:155]   --->   Operation 281 'insertvalue' 'mrv_58' <Predicate = true> <Delay = 0.00>
ST_2 : Operation 282 [1/1] (0.00ns)   --->   "%mrv_59 = insertvalue i1600 %mrv_58, i16 %outval_59" [firmware/nnet_utils/nnet_layernorm.h:155]   --->   Operation 282 'insertvalue' 'mrv_59' <Predicate = true> <Delay = 0.00>
ST_2 : Operation 283 [1/1] (0.00ns)   --->   "%mrv_60 = insertvalue i1600 %mrv_59, i16 %outval_60" [firmware/nnet_utils/nnet_layernorm.h:155]   --->   Operation 283 'insertvalue' 'mrv_60' <Predicate = true> <Delay = 0.00>
ST_2 : Operation 284 [1/1] (0.00ns)   --->   "%mrv_61 = insertvalue i1600 %mrv_60, i16 %outval_61" [firmware/nnet_utils/nnet_layernorm.h:155]   --->   Operation 284 'insertvalue' 'mrv_61' <Predicate = true> <Delay = 0.00>
ST_2 : Operation 285 [1/1] (0.00ns)   --->   "%mrv_62 = insertvalue i1600 %mrv_61, i16 %outval_62" [firmware/nnet_utils/nnet_layernorm.h:155]   --->   Operation 285 'insertvalue' 'mrv_62' <Predicate = true> <Delay = 0.00>
ST_2 : Operation 286 [1/1] (0.00ns)   --->   "%mrv_63 = insertvalue i1600 %mrv_62, i16 %outval_63" [firmware/nnet_utils/nnet_layernorm.h:155]   --->   Operation 286 'insertvalue' 'mrv_63' <Predicate = true> <Delay = 0.00>
ST_2 : Operation 287 [1/1] (0.00ns)   --->   "%mrv_64 = insertvalue i1600 %mrv_63, i16 %outval_64" [firmware/nnet_utils/nnet_layernorm.h:155]   --->   Operation 287 'insertvalue' 'mrv_64' <Predicate = true> <Delay = 0.00>
ST_2 : Operation 288 [1/1] (0.00ns)   --->   "%mrv_65 = insertvalue i1600 %mrv_64, i16 %outval_65" [firmware/nnet_utils/nnet_layernorm.h:155]   --->   Operation 288 'insertvalue' 'mrv_65' <Predicate = true> <Delay = 0.00>
ST_2 : Operation 289 [1/1] (0.00ns)   --->   "%mrv_66 = insertvalue i1600 %mrv_65, i16 %outval_66" [firmware/nnet_utils/nnet_layernorm.h:155]   --->   Operation 289 'insertvalue' 'mrv_66' <Predicate = true> <Delay = 0.00>
ST_2 : Operation 290 [1/1] (0.00ns)   --->   "%mrv_67 = insertvalue i1600 %mrv_66, i16 %outval_67" [firmware/nnet_utils/nnet_layernorm.h:155]   --->   Operation 290 'insertvalue' 'mrv_67' <Predicate = true> <Delay = 0.00>
ST_2 : Operation 291 [1/1] (0.00ns)   --->   "%mrv_68 = insertvalue i1600 %mrv_67, i16 %outval_68" [firmware/nnet_utils/nnet_layernorm.h:155]   --->   Operation 291 'insertvalue' 'mrv_68' <Predicate = true> <Delay = 0.00>
ST_2 : Operation 292 [1/1] (0.00ns)   --->   "%mrv_69 = insertvalue i1600 %mrv_68, i16 %outval_69" [firmware/nnet_utils/nnet_layernorm.h:155]   --->   Operation 292 'insertvalue' 'mrv_69' <Predicate = true> <Delay = 0.00>
ST_2 : Operation 293 [1/1] (0.00ns)   --->   "%mrv_70 = insertvalue i1600 %mrv_69, i16 %outval_70" [firmware/nnet_utils/nnet_layernorm.h:155]   --->   Operation 293 'insertvalue' 'mrv_70' <Predicate = true> <Delay = 0.00>
ST_2 : Operation 294 [1/1] (0.00ns)   --->   "%mrv_71 = insertvalue i1600 %mrv_70, i16 %outval_71" [firmware/nnet_utils/nnet_layernorm.h:155]   --->   Operation 294 'insertvalue' 'mrv_71' <Predicate = true> <Delay = 0.00>
ST_2 : Operation 295 [1/1] (0.00ns)   --->   "%mrv_72 = insertvalue i1600 %mrv_71, i16 %outval_72" [firmware/nnet_utils/nnet_layernorm.h:155]   --->   Operation 295 'insertvalue' 'mrv_72' <Predicate = true> <Delay = 0.00>
ST_2 : Operation 296 [1/1] (0.00ns)   --->   "%mrv_73 = insertvalue i1600 %mrv_72, i16 %outval_73" [firmware/nnet_utils/nnet_layernorm.h:155]   --->   Operation 296 'insertvalue' 'mrv_73' <Predicate = true> <Delay = 0.00>
ST_2 : Operation 297 [1/1] (0.00ns)   --->   "%mrv_74 = insertvalue i1600 %mrv_73, i16 %outval_74" [firmware/nnet_utils/nnet_layernorm.h:155]   --->   Operation 297 'insertvalue' 'mrv_74' <Predicate = true> <Delay = 0.00>
ST_2 : Operation 298 [1/1] (0.00ns)   --->   "%mrv_75 = insertvalue i1600 %mrv_74, i16 %outval_75" [firmware/nnet_utils/nnet_layernorm.h:155]   --->   Operation 298 'insertvalue' 'mrv_75' <Predicate = true> <Delay = 0.00>
ST_2 : Operation 299 [1/1] (0.00ns)   --->   "%mrv_76 = insertvalue i1600 %mrv_75, i16 %outval_76" [firmware/nnet_utils/nnet_layernorm.h:155]   --->   Operation 299 'insertvalue' 'mrv_76' <Predicate = true> <Delay = 0.00>
ST_2 : Operation 300 [1/1] (0.00ns)   --->   "%mrv_77 = insertvalue i1600 %mrv_76, i16 %outval_77" [firmware/nnet_utils/nnet_layernorm.h:155]   --->   Operation 300 'insertvalue' 'mrv_77' <Predicate = true> <Delay = 0.00>
ST_2 : Operation 301 [1/1] (0.00ns)   --->   "%mrv_78 = insertvalue i1600 %mrv_77, i16 %outval_78" [firmware/nnet_utils/nnet_layernorm.h:155]   --->   Operation 301 'insertvalue' 'mrv_78' <Predicate = true> <Delay = 0.00>
ST_2 : Operation 302 [1/1] (0.00ns)   --->   "%mrv_79 = insertvalue i1600 %mrv_78, i16 %outval_79" [firmware/nnet_utils/nnet_layernorm.h:155]   --->   Operation 302 'insertvalue' 'mrv_79' <Predicate = true> <Delay = 0.00>
ST_2 : Operation 303 [1/1] (0.00ns)   --->   "%mrv_80 = insertvalue i1600 %mrv_79, i16 %outval_80" [firmware/nnet_utils/nnet_layernorm.h:155]   --->   Operation 303 'insertvalue' 'mrv_80' <Predicate = true> <Delay = 0.00>
ST_2 : Operation 304 [1/1] (0.00ns)   --->   "%mrv_81 = insertvalue i1600 %mrv_80, i16 %outval_81" [firmware/nnet_utils/nnet_layernorm.h:155]   --->   Operation 304 'insertvalue' 'mrv_81' <Predicate = true> <Delay = 0.00>
ST_2 : Operation 305 [1/1] (0.00ns)   --->   "%mrv_82 = insertvalue i1600 %mrv_81, i16 %outval_82" [firmware/nnet_utils/nnet_layernorm.h:155]   --->   Operation 305 'insertvalue' 'mrv_82' <Predicate = true> <Delay = 0.00>
ST_2 : Operation 306 [1/1] (0.00ns)   --->   "%mrv_83 = insertvalue i1600 %mrv_82, i16 %outval_83" [firmware/nnet_utils/nnet_layernorm.h:155]   --->   Operation 306 'insertvalue' 'mrv_83' <Predicate = true> <Delay = 0.00>
ST_2 : Operation 307 [1/1] (0.00ns)   --->   "%mrv_84 = insertvalue i1600 %mrv_83, i16 %outval_84" [firmware/nnet_utils/nnet_layernorm.h:155]   --->   Operation 307 'insertvalue' 'mrv_84' <Predicate = true> <Delay = 0.00>
ST_2 : Operation 308 [1/1] (0.00ns)   --->   "%mrv_85 = insertvalue i1600 %mrv_84, i16 %outval_85" [firmware/nnet_utils/nnet_layernorm.h:155]   --->   Operation 308 'insertvalue' 'mrv_85' <Predicate = true> <Delay = 0.00>
ST_2 : Operation 309 [1/1] (0.00ns)   --->   "%mrv_86 = insertvalue i1600 %mrv_85, i16 %outval_86" [firmware/nnet_utils/nnet_layernorm.h:155]   --->   Operation 309 'insertvalue' 'mrv_86' <Predicate = true> <Delay = 0.00>
ST_2 : Operation 310 [1/1] (0.00ns)   --->   "%mrv_87 = insertvalue i1600 %mrv_86, i16 %outval_87" [firmware/nnet_utils/nnet_layernorm.h:155]   --->   Operation 310 'insertvalue' 'mrv_87' <Predicate = true> <Delay = 0.00>
ST_2 : Operation 311 [1/1] (0.00ns)   --->   "%mrv_88 = insertvalue i1600 %mrv_87, i16 %outval_88" [firmware/nnet_utils/nnet_layernorm.h:155]   --->   Operation 311 'insertvalue' 'mrv_88' <Predicate = true> <Delay = 0.00>
ST_2 : Operation 312 [1/1] (0.00ns)   --->   "%mrv_89 = insertvalue i1600 %mrv_88, i16 %outval_89" [firmware/nnet_utils/nnet_layernorm.h:155]   --->   Operation 312 'insertvalue' 'mrv_89' <Predicate = true> <Delay = 0.00>
ST_2 : Operation 313 [1/1] (0.00ns)   --->   "%mrv_90 = insertvalue i1600 %mrv_89, i16 %outval_90" [firmware/nnet_utils/nnet_layernorm.h:155]   --->   Operation 313 'insertvalue' 'mrv_90' <Predicate = true> <Delay = 0.00>
ST_2 : Operation 314 [1/1] (0.00ns)   --->   "%mrv_91 = insertvalue i1600 %mrv_90, i16 %outval_91" [firmware/nnet_utils/nnet_layernorm.h:155]   --->   Operation 314 'insertvalue' 'mrv_91' <Predicate = true> <Delay = 0.00>
ST_2 : Operation 315 [1/1] (0.00ns)   --->   "%mrv_92 = insertvalue i1600 %mrv_91, i16 %outval_92" [firmware/nnet_utils/nnet_layernorm.h:155]   --->   Operation 315 'insertvalue' 'mrv_92' <Predicate = true> <Delay = 0.00>
ST_2 : Operation 316 [1/1] (0.00ns)   --->   "%mrv_93 = insertvalue i1600 %mrv_92, i16 %outval_93" [firmware/nnet_utils/nnet_layernorm.h:155]   --->   Operation 316 'insertvalue' 'mrv_93' <Predicate = true> <Delay = 0.00>
ST_2 : Operation 317 [1/1] (0.00ns)   --->   "%mrv_94 = insertvalue i1600 %mrv_93, i16 %outval_94" [firmware/nnet_utils/nnet_layernorm.h:155]   --->   Operation 317 'insertvalue' 'mrv_94' <Predicate = true> <Delay = 0.00>
ST_2 : Operation 318 [1/1] (0.00ns)   --->   "%mrv_95 = insertvalue i1600 %mrv_94, i16 %outval_95" [firmware/nnet_utils/nnet_layernorm.h:155]   --->   Operation 318 'insertvalue' 'mrv_95' <Predicate = true> <Delay = 0.00>
ST_2 : Operation 319 [1/1] (0.00ns)   --->   "%mrv_96 = insertvalue i1600 %mrv_95, i16 %outval_96" [firmware/nnet_utils/nnet_layernorm.h:155]   --->   Operation 319 'insertvalue' 'mrv_96' <Predicate = true> <Delay = 0.00>
ST_2 : Operation 320 [1/1] (0.00ns)   --->   "%mrv_97 = insertvalue i1600 %mrv_96, i16 %outval_97" [firmware/nnet_utils/nnet_layernorm.h:155]   --->   Operation 320 'insertvalue' 'mrv_97' <Predicate = true> <Delay = 0.00>
ST_2 : Operation 321 [1/1] (0.00ns)   --->   "%mrv_98 = insertvalue i1600 %mrv_97, i16 %outval_98" [firmware/nnet_utils/nnet_layernorm.h:155]   --->   Operation 321 'insertvalue' 'mrv_98' <Predicate = true> <Delay = 0.00>
ST_2 : Operation 322 [1/1] (0.00ns)   --->   "%mrv_s = insertvalue i1600 %mrv_98, i16 %outval_99" [firmware/nnet_utils/nnet_layernorm.h:155]   --->   Operation 322 'insertvalue' 'mrv_s' <Predicate = true> <Delay = 0.00>
ST_2 : Operation 323 [1/1] (0.00ns)   --->   "%ret_ln155 = ret i1600 %mrv_s" [firmware/nnet_utils/nnet_layernorm.h:155]   --->   Operation 323 'ret' 'ret_ln155' <Predicate = true> <Delay = 0.00>


============================================================
+ Verbose Summary: Timing violations
============================================================
Target clock period: 5.000ns, clock uncertainty: 0.625ns.

 <State 1>: 4.137ns
The critical path consists of the following:
	wire read operation ('data_9_val_read', firmware/nnet_utils/nnet_layernorm.h:131) on port 'data_9_val' (firmware/nnet_utils/nnet_layernorm.h:131) [193]  (0.000 ns)
	'call' operation 160 bit ('call_ret1', firmware/nnet_utils/nnet_layernorm.h:148) to 'layernorm_1d<ap_fixed<16, 6, 5, 3, 0>, ap_fixed<16, 6, 5, 3, 0>, config2>' [203]  (4.137 ns)

 <State 2>: 2.952ns
The critical path consists of the following:
	'call' operation 160 bit ('call_ret1', firmware/nnet_utils/nnet_layernorm.h:148) to 'layernorm_1d<ap_fixed<16, 6, 5, 3, 0>, ap_fixed<16, 6, 5, 3, 0>, config2>' [203]  (2.952 ns)


============================================================
+ Verbose Summary: Binding
============================================================
N/A
* FSMD analyzer results:
  - Output states:
 - Input state : 
  - Chain level:
	State 1
	State 2


============================================================
+ Verbose Summary: Datapath Resource usage 
============================================================
N/A
