==============================================================
Vitis HLS - High-Level Synthesis from C, C++ and OpenCL v2023.2 (64-bit)
Tool Version Limit: 2023.10
Copyright 1986-2022 Xilinx, Inc. All Rights Reserved.
Copyright 2022-2023 Advanced Micro Devices, Inc. All Rights Reserved.

==============================================================
INFO: [HLS 200-1505] Using default flow_target 'vivado'
INFO: [HLS 200-1510] Running: config_array_partition -maximum_size 4096 
INFO: [XFORM 203-101] Allowed max sub elements number after partition is 4096.
ERROR: [HLS 200-642] The 'config_array_partition -maximum_size' command is not supported.
INFO: [HLS 200-1510] Running: config_compile -name_max_length 80 
INFO: [XFORM 203-1161] The maximum of name length is set to 80.
INFO: [HLS 200-1510] Running: set_part xcvu13p-flga2577-2-e 
INFO: [HLS 200-1611] Setting target device to 'xcvu13p-flga2577-2-e'
INFO: [XFORM 203-1161] The maximum of name length is set to 80.
INFO: [HLS 200-1510] Running: config_schedule -enable_dsp_full_reg=false 
INFO: [HLS 200-1510] Running: create_clock -period 5 -name default 
INFO: [SYN 201-201] Setting up clock 'default' with a period of 5ns.
INFO: [HLS 200-1510] Running: set_clock_uncertainty 12.5% default 
INFO: [SYN 201-201] Setting up clock 'default' with an uncertainty of 0.625ns.
INFO: [HLS 200-1510] Running: csim_design 
INFO: [SIM 211-2] *************** CSIM start ***************
INFO: [SIM 211-4] CSIM will launch GCC as the compiler.
INFO: [HLS 200-2036] Building debug C Simulation binaries
INFO: [SIM 211-1] CSim done with 0 errors.
INFO: [SIM 211-3] *************** CSIM finish ***************
INFO: [HLS 200-111] Finished Command csim_design CPU user time: 15.98 seconds. CPU system time: 1.15 seconds. Elapsed time: 17.64 seconds; current allocated memory: 0.234 MB.
INFO: [HLS 200-1510] Running: csynth_design 
INFO: [HLS 200-111] Finished File checks and directory preparation: CPU user time: 0.13 seconds. CPU system time: 0.02 seconds. Elapsed time: 0.14 seconds; current allocated memory: 254.328 MB.
INFO: [HLS 200-10] Analyzing design file 'firmware/myproject.cpp' ... 
WARNING: [HLS 207-5292] unused parameter 'keep' (firmware/nnet_utils/nnet_helpers.h:285:99)
WARNING: [HLS 207-5292] unused parameter 'data' (firmware/nnet_utils/nnet_code_gen.h:11:36)
WARNING: [HLS 207-5292] unused parameter 'buffer' (firmware/nnet_utils/nnet_code_gen.h:12:36)
WARNING: [HLS 207-5292] unused parameter 'partition' (firmware/nnet_utils/nnet_code_gen.h:13:44)
WARNING: [HLS 207-5292] unused parameter 'data' (firmware/nnet_utils/nnet_code_gen.h:21:24)
WARNING: [HLS 207-5292] unused parameter 'buffer' (firmware/nnet_utils/nnet_code_gen.h:22:24)
WARNING: [HLS 207-5292] unused parameter 'partition' (firmware/nnet_utils/nnet_code_gen.h:23:32)
INFO: [HLS 200-111] Finished Source Code Analysis and Preprocessing: CPU user time: 41.9 seconds. CPU system time: 2.16 seconds. Elapsed time: 45.12 seconds; current allocated memory: 262.238 MB.
INFO: [HLS 200-777] Using interface defaults for 'Vivado' flow target.
INFO: [HLS 200-1995] There were 4,397 instructions in the design after the 'Compile/Link' phase of compilation. See the Design Size Report for more details: /data/hlssynt-users/rflynn/transformer-synthesis/hls4ml_projects/keras_layernorm_Vivado/myproject_prj/solution1/syn/report/csynth_design_size.rpt
INFO: [HLS 200-1995] There were 4,424 instructions in the design after the 'Unroll/Inline (step 1)' phase of compilation. See the Design Size Report for more details: /data/hlssynt-users/rflynn/transformer-synthesis/hls4ml_projects/keras_layernorm_Vivado/myproject_prj/solution1/syn/report/csynth_design_size.rpt
INFO: [HLS 200-1995] There were 1,095 instructions in the design after the 'Unroll/Inline (step 2)' phase of compilation. See the Design Size Report for more details: /data/hlssynt-users/rflynn/transformer-synthesis/hls4ml_projects/keras_layernorm_Vivado/myproject_prj/solution1/syn/report/csynth_design_size.rpt
INFO: [HLS 200-1995] There were 1,073 instructions in the design after the 'Unroll/Inline (step 3)' phase of compilation. See the Design Size Report for more details: /data/hlssynt-users/rflynn/transformer-synthesis/hls4ml_projects/keras_layernorm_Vivado/myproject_prj/solution1/syn/report/csynth_design_size.rpt
INFO: [HLS 200-1995] There were 1,005 instructions in the design after the 'Unroll/Inline (step 4)' phase of compilation. See the Design Size Report for more details: /data/hlssynt-users/rflynn/transformer-synthesis/hls4ml_projects/keras_layernorm_Vivado/myproject_prj/solution1/syn/report/csynth_design_size.rpt
INFO: [HLS 200-1995] There were 947 instructions in the design after the 'Array/Struct (step 1)' phase of compilation. See the Design Size Report for more details: /data/hlssynt-users/rflynn/transformer-synthesis/hls4ml_projects/keras_layernorm_Vivado/myproject_prj/solution1/syn/report/csynth_design_size.rpt
INFO: [HLS 200-1995] There were 947 instructions in the design after the 'Array/Struct (step 2)' phase of compilation. See the Design Size Report for more details: /data/hlssynt-users/rflynn/transformer-synthesis/hls4ml_projects/keras_layernorm_Vivado/myproject_prj/solution1/syn/report/csynth_design_size.rpt
INFO: [HLS 200-1995] There were 947 instructions in the design after the 'Array/Struct (step 3)' phase of compilation. See the Design Size Report for more details: /data/hlssynt-users/rflynn/transformer-synthesis/hls4ml_projects/keras_layernorm_Vivado/myproject_prj/solution1/syn/report/csynth_design_size.rpt
INFO: [HLS 200-1995] There were 987 instructions in the design after the 'Array/Struct (step 4)' phase of compilation. See the Design Size Report for more details: /data/hlssynt-users/rflynn/transformer-synthesis/hls4ml_projects/keras_layernorm_Vivado/myproject_prj/solution1/syn/report/csynth_design_size.rpt
INFO: [HLS 200-1995] There were 931 instructions in the design after the 'Array/Struct (step 5)' phase of compilation. See the Design Size Report for more details: /data/hlssynt-users/rflynn/transformer-synthesis/hls4ml_projects/keras_layernorm_Vivado/myproject_prj/solution1/syn/report/csynth_design_size.rpt
INFO: [HLS 200-1995] There were 882 instructions in the design after the 'Performance (step 1)' phase of compilation. See the Design Size Report for more details: /data/hlssynt-users/rflynn/transformer-synthesis/hls4ml_projects/keras_layernorm_Vivado/myproject_prj/solution1/syn/report/csynth_design_size.rpt
INFO: [HLS 200-1995] There were 882 instructions in the design after the 'Performance (step 2)' phase of compilation. See the Design Size Report for more details: /data/hlssynt-users/rflynn/transformer-synthesis/hls4ml_projects/keras_layernorm_Vivado/myproject_prj/solution1/syn/report/csynth_design_size.rpt
INFO: [HLS 200-1995] There were 882 instructions in the design after the 'Performance (step 3)' phase of compilation. See the Design Size Report for more details: /data/hlssynt-users/rflynn/transformer-synthesis/hls4ml_projects/keras_layernorm_Vivado/myproject_prj/solution1/syn/report/csynth_design_size.rpt
INFO: [HLS 200-1995] There were 882 instructions in the design after the 'Performance (step 4)' phase of compilation. See the Design Size Report for more details: /data/hlssynt-users/rflynn/transformer-synthesis/hls4ml_projects/keras_layernorm_Vivado/myproject_prj/solution1/syn/report/csynth_design_size.rpt
INFO: [HLS 200-1995] There were 903 instructions in the design after the 'HW Transforms (step 1)' phase of compilation. See the Design Size Report for more details: /data/hlssynt-users/rflynn/transformer-synthesis/hls4ml_projects/keras_layernorm_Vivado/myproject_prj/solution1/syn/report/csynth_design_size.rpt
INFO: [HLS 200-1995] There were 917 instructions in the design after the 'HW Transforms (step 2)' phase of compilation. See the Design Size Report for more details: /data/hlssynt-users/rflynn/transformer-synthesis/hls4ml_projects/keras_layernorm_Vivado/myproject_prj/solution1/syn/report/csynth_design_size.rpt
INFO: [HLS 214-131] Inlining function 'nnet::product::mult<ap_fixed<19, 6, (ap_q_mode)5, (ap_o_mode)3, 0>, ap_fixed<19, 6, (ap_q_mode)5, (ap_o_mode)3, 0> >::product(ap_fixed<19, 6, (ap_q_mode)5, (ap_o_mode)3, 0>, ap_fixed<19, 6, (ap_q_mode)5, (ap_o_mode)3, 0>)' into 'void nnet::layernorm_1d<ap_fixed<16, 6, (ap_q_mode)5, (ap_o_mode)3, 0>, ap_fixed<33, 13, (ap_q_mode)5, (ap_o_mode)3, 0>, config2>(ap_fixed<16, 6, (ap_q_mode)5, (ap_o_mode)3, 0>*, ap_fixed<33, 13, (ap_q_mode)5, (ap_o_mode)3, 0>*, config2::scale_t*, config2::bias_t*)' (firmware/nnet_utils/nnet_layernorm.h:118:11)
INFO: [HLS 214-131] Inlining function 'nnet::product::mult<ap_fixed<19, 6, (ap_q_mode)5, (ap_o_mode)3, 0>, ap_fixed<19, 6, (ap_q_mode)5, (ap_o_mode)3, 0> >::product(ap_fixed<19, 6, (ap_q_mode)5, (ap_o_mode)3, 0>, ap_fixed<19, 6, (ap_q_mode)5, (ap_o_mode)3, 0>)' into 'void nnet::layernorm_1d<ap_fixed<16, 6, (ap_q_mode)5, (ap_o_mode)3, 0>, ap_fixed<33, 13, (ap_q_mode)5, (ap_o_mode)3, 0>, config2>(ap_fixed<16, 6, (ap_q_mode)5, (ap_o_mode)3, 0>*, ap_fixed<33, 13, (ap_q_mode)5, (ap_o_mode)3, 0>*, config2::scale_t*, config2::bias_t*)' (firmware/nnet_utils/nnet_layernorm.h:111:12)
INFO: [HLS 214-291] Loop 'VITIS_LOOP_141_1' is marked as complete unroll implied by the pipeline pragma (firmware/nnet_utils/nnet_layernorm.h:141:20)
INFO: [HLS 214-291] Loop 'load' is marked as complete unroll implied by the pipeline pragma (firmware/nnet_utils/nnet_layernorm.h:144:9)
INFO: [HLS 214-291] Loop 'store' is marked as complete unroll implied by the pipeline pragma (firmware/nnet_utils/nnet_layernorm.h:150:9)
INFO: [HLS 214-291] Loop 'VITIS_LOOP_121_3' is marked as complete unroll implied by the pipeline pragma (firmware/nnet_utils/nnet_layernorm.h:121:23)
INFO: [HLS 214-291] Loop 'VITIS_LOOP_113_2' is marked as complete unroll implied by the pipeline pragma (firmware/nnet_utils/nnet_layernorm.h:113:23)
INFO: [HLS 214-291] Loop 'VITIS_LOOP_108_1' is marked as complete unroll implied by the pipeline pragma (firmware/nnet_utils/nnet_layernorm.h:108:23)
INFO: [HLS 214-291] Loop 'VITIS_LOOP_63_1' is marked as complete unroll implied by the pipeline pragma (firmware/nnet_utils/nnet_layernorm.h:63:22)
INFO: [HLS 214-186] Unrolling loop 'VITIS_LOOP_141_1' (firmware/nnet_utils/nnet_layernorm.h:141:20) in function 'nnet::layernormalize<ap_fixed<16, 6, (ap_q_mode)5, (ap_o_mode)3, 0>, ap_fixed<33, 13, (ap_q_mode)5, (ap_o_mode)3, 0>, config2>' completely with a factor of 4 (firmware/nnet_utils/nnet_layernorm.h:129:0)
WARNING: [HLS 214-189] Pipeline directive for loop 'VITIS_LOOP_141_1' (firmware/nnet_utils/nnet_layernorm.h:141:20) in function 'nnet::layernormalize<ap_fixed<16, 6, (ap_q_mode)5, (ap_o_mode)3, 0>, ap_fixed<33, 13, (ap_q_mode)5, (ap_o_mode)3, 0>, config2>' has been removed because the loop is unrolled completely (firmware/nnet_utils/nnet_layernorm.h:129:0)
INFO: [HLS 214-186] Unrolling loop 'store' (firmware/nnet_utils/nnet_layernorm.h:150:9) in function 'nnet::layernormalize<ap_fixed<16, 6, (ap_q_mode)5, (ap_o_mode)3, 0>, ap_fixed<33, 13, (ap_q_mode)5, (ap_o_mode)3, 0>, config2>' completely with a factor of 5 (firmware/nnet_utils/nnet_layernorm.h:129:0)
INFO: [HLS 214-186] Unrolling loop 'load' (firmware/nnet_utils/nnet_layernorm.h:144:9) in function 'nnet::layernormalize<ap_fixed<16, 6, (ap_q_mode)5, (ap_o_mode)3, 0>, ap_fixed<33, 13, (ap_q_mode)5, (ap_o_mode)3, 0>, config2>' completely with a factor of 5 (firmware/nnet_utils/nnet_layernorm.h:129:0)
INFO: [HLS 214-186] Unrolling loop 'VITIS_LOOP_121_3' (firmware/nnet_utils/nnet_layernorm.h:121:23) in function 'nnet::layernorm_1d<ap_fixed<16, 6, (ap_q_mode)5, (ap_o_mode)3, 0>, ap_fixed<33, 13, (ap_q_mode)5, (ap_o_mode)3, 0>, config2>' completely with a factor of 5 (firmware/nnet_utils/nnet_layernorm.h:78:0)
INFO: [HLS 214-186] Unrolling loop 'VITIS_LOOP_113_2' (firmware/nnet_utils/nnet_layernorm.h:113:23) in function 'nnet::layernorm_1d<ap_fixed<16, 6, (ap_q_mode)5, (ap_o_mode)3, 0>, ap_fixed<33, 13, (ap_q_mode)5, (ap_o_mode)3, 0>, config2>' completely with a factor of 5 (firmware/nnet_utils/nnet_layernorm.h:78:0)
INFO: [HLS 214-186] Unrolling loop 'VITIS_LOOP_108_1' (firmware/nnet_utils/nnet_layernorm.h:108:23) in function 'nnet::layernorm_1d<ap_fixed<16, 6, (ap_q_mode)5, (ap_o_mode)3, 0>, ap_fixed<33, 13, (ap_q_mode)5, (ap_o_mode)3, 0>, config2>' completely with a factor of 5 (firmware/nnet_utils/nnet_layernorm.h:78:0)
INFO: [HLS 214-178] Inlining function 'void nnet::lookup_invert_sqr<config2>(config2::mean_t, config2::table_t&, config2::table_t*, config2::table_t*)' into 'void nnet::layernorm_1d<ap_fixed<16, 6, (ap_q_mode)5, (ap_o_mode)3, 0>, ap_fixed<33, 13, (ap_q_mode)5, (ap_o_mode)3, 0>, config2>(ap_fixed<16, 6, (ap_q_mode)5, (ap_o_mode)3, 0>*, ap_fixed<33, 13, (ap_q_mode)5, (ap_o_mode)3, 0>*, config2::scale_t*, config2::bias_t*)' (firmware/nnet_utils/nnet_layernorm.h:78:0)
INFO: [HLS 214-248] Applying array_partition to 'b2': Complete partitioning on dimension 1. (firmware/weights/b2.h:12:0)
INFO: [HLS 214-248] Applying array_partition to 's2': Complete partitioning on dimension 1. (firmware/weights/s2.h:12:0)
INFO: [HLS 214-248] Applying array_partition to 'in_val': Complete partitioning on dimension 1. (firmware/nnet_utils/nnet_layernorm.h:131:12)
INFO: [HLS 214-248] Applying array_partition to 'outval': Complete partitioning on dimension 1. (firmware/nnet_utils/nnet_layernorm.h:132:11)
INFO: [HLS 214-248] Applying array_partition to 'layer2_out': Complete partitioning on dimension 1. (firmware/myproject.cpp:10:0)
INFO: [HLS 214-248] Applying array_reshape to 'layer_normalization_input': Complete reshaping on dimension 1. (firmware/myproject.cpp:10:0)
INFO: [HLS 200-111] Finished Compiling Optimization and Transform: CPU user time: 4.08 seconds. CPU system time: 0.6 seconds. Elapsed time: 8.69 seconds; current allocated memory: 263.195 MB.
INFO: [HLS 200-111] Finished Checking Pragmas: CPU user time: 0 seconds. CPU system time: 0 seconds. Elapsed time: 0 seconds; current allocated memory: 263.195 MB.
INFO: [HLS 200-10] Starting code transformations ...
INFO: [HLS 200-111] Finished Standard Transforms: CPU user time: 0.03 seconds. CPU system time: 0.01 seconds. Elapsed time: 0.16 seconds; current allocated memory: 264.809 MB.
INFO: [HLS 200-10] Checking synthesizability ...
INFO: [XFORM 203-602] Inlining function 'nnet::layernormalize<ap_fixed<16, 6, (ap_q_mode)5, (ap_o_mode)3, 0>, ap_fixed<33, 13, (ap_q_mode)5, (ap_o_mode)3, 0>, config2>' into 'myproject' (firmware/myproject.cpp:32) automatically.
INFO: [HLS 200-111] Finished Checking Synthesizability: CPU user time: 0.03 seconds. CPU system time: 0 seconds. Elapsed time: 0.05 seconds; current allocated memory: 266.227 MB.
INFO: [XFORM 203-502] Unrolling all loops for pipelining in function 'nnet::layernorm_1d<ap_fixed<16, 6, (ap_q_mode)5, (ap_o_mode)3, 0>, ap_fixed<33, 13, (ap_q_mode)5, (ap_o_mode)3, 0>, config2>' (firmware/nnet_utils/nnet_layernorm.h:52:1).
WARNING: [HLS 200-932] Cannot unroll loop 'VITIS_LOOP_63_1' (firmware/nnet_utils/nnet_layernorm.h:63) in function 'nnet::layernorm_1d<ap_fixed<16, 6, (ap_q_mode)5, (ap_o_mode)3, 0>, ap_fixed<33, 13, (ap_q_mode)5, (ap_o_mode)3, 0>, config2>' completely: variable loop bound.
INFO: [XFORM 203-602] Inlining function 'nnet::layernormalize<ap_fixed<16, 6, (ap_q_mode)5, (ap_o_mode)3, 0>, ap_fixed<33, 13, (ap_q_mode)5, (ap_o_mode)3, 0>, config2>' into 'myproject' (firmware/myproject.cpp:32) automatically.
INFO: [XFORM 203-11] Balancing expressions in function 'nnet::layernorm_1d<ap_fixed<16, 6, (ap_q_mode)5, (ap_o_mode)3, 0>, ap_fixed<33, 13, (ap_q_mode)5, (ap_o_mode)3, 0>, config2>' (firmware/nnet_utils/nnet_layernorm.h:52:1)...8 expression(s) balanced.
INFO: [HLS 200-111] Finished Loop, function and other optimizations: CPU user time: 0.11 seconds. CPU system time: 0.02 seconds. Elapsed time: 0.13 seconds; current allocated memory: 290.238 MB.
INFO: [HLS 200-111] Finished Architecture Synthesis: CPU user time: 0.08 seconds. CPU system time: 0 seconds. Elapsed time: 0.09 seconds; current allocated memory: 297.988 MB.
INFO: [HLS 200-10] Starting hardware synthesis ...
INFO: [HLS 200-10] Synthesizing 'myproject' ...
WARNING: [SYN 201-103] Legalizing function name 'layernorm_1d<ap_fixed<16, 6, 5, 3, 0>, ap_fixed<33, 13, 5, 3, 0>, config2>' to 'layernorm_1d_ap_fixed_16_6_5_3_0_ap_fixed_33_13_5_3_0_config2_s'.
INFO: [HLS 200-10] ----------------------------------------------------------------
INFO: [HLS 200-42] -- Implementing module 'layernorm_1d_ap_fixed_16_6_5_3_0_ap_fixed_33_13_5_3_0_config2_s' 
INFO: [HLS 200-10] ----------------------------------------------------------------
INFO: [SCHED 204-11] Starting scheduling ...
WARNING: [SCHED 204-65] Unable to satisfy pipeline directive for function 'layernorm_1d<ap_fixed<16, 6, 5, 3, 0>, ap_fixed<33, 13, 5, 3, 0>, config2>': contains subloop(s) that are not unrolled.
WARNING: [SCHED 204-65] Unable to satisfy pipeline directive for function 'layernorm_1d<ap_fixed<16, 6, 5, 3, 0>, ap_fixed<33, 13, 5, 3, 0>, config2>': contains subloop(s) that are not unrolled.
INFO: [SCHED 204-11] Finished scheduling.
INFO: [HLS 200-111] Finished Scheduling: CPU user time: 0.28 seconds. CPU system time: 0.02 seconds. Elapsed time: 0.34 seconds; current allocated memory: 297.988 MB.
INFO: [BIND 205-100] Starting micro-architecture generation ...
INFO: [BIND 205-101] Performing variable lifetime analysis.
INFO: [BIND 205-101] Exploring resource sharing.
INFO: [BIND 205-101] Binding ...
INFO: [BIND 205-100] Finished micro-architecture generation.
INFO: [HLS 200-111] Finished Binding: CPU user time: 0.04 seconds. CPU system time: 0.01 seconds. Elapsed time: 0.05 seconds; current allocated memory: 297.988 MB.
INFO: [HLS 200-10] ----------------------------------------------------------------
INFO: [HLS 200-42] -- Implementing module 'myproject' 
INFO: [HLS 200-10] ----------------------------------------------------------------
INFO: [SCHED 204-11] Starting scheduling ...
WARNING: [SCHED 204-67] Unable to satisfy pipeline directive for function 'myproject': contains subfunction 'layernorm_1d<ap_fixed<16, 6, 5, 3, 0>, ap_fixed<33, 13, 5, 3, 0>, config2>' which is not pipelined.
WARNING: [SCHED 204-67] Unable to satisfy pipeline directive for function 'myproject': contains subfunction 'layernorm_1d<ap_fixed<16, 6, 5, 3, 0>, ap_fixed<33, 13, 5, 3, 0>, config2>' which is not pipelined.
INFO: [SCHED 204-11] Finished scheduling.
INFO: [HLS 200-111] Finished Scheduling: CPU user time: 0.06 seconds. CPU system time: 0 seconds. Elapsed time: 0.07 seconds; current allocated memory: 297.988 MB.
INFO: [BIND 205-100] Starting micro-architecture generation ...
INFO: [BIND 205-101] Performing variable lifetime analysis.
INFO: [BIND 205-101] Exploring resource sharing.
INFO: [BIND 205-101] Binding ...
INFO: [BIND 205-100] Finished micro-architecture generation.
INFO: [HLS 200-111] Finished Binding: CPU user time: 0.03 seconds. CPU system time: 0.01 seconds. Elapsed time: 0.03 seconds; current allocated memory: 297.988 MB.
INFO: [HLS 200-10] ----------------------------------------------------------------
INFO: [HLS 200-10] -- Generating RTL for module 'layernorm_1d_ap_fixed_16_6_5_3_0_ap_fixed_33_13_5_3_0_config2_s' 
INFO: [HLS 200-10] ----------------------------------------------------------------
INFO: [SYN 201-210] Renamed object name 'layernorm_1d_ap_fixed_16_6_5_3_0_ap_fixed_33_13_5_3_0_config2_s_index_table_ROM_AUTO_1R' to 'layernorm_1d_ap_fixed_16_6_5_3_0_ap_fixed_33_13_5_3_0_config2_s_index_table_Rbkb' due to the length limit 80
INFO: [SYN 201-210] Renamed object name 'layernorm_1d_ap_fixed_16_6_5_3_0_ap_fixed_33_13_5_3_0_config2_s_invert_sqr_table_ROM_AUTO_1R' to 'layernorm_1d_ap_fixed_16_6_5_3_0_ap_fixed_33_13_5_3_0_config2_s_invert_sqr_tacud' due to the length limit 80
INFO: [RTGEN 206-100] Generating core module 'mul_19s_12ns_31_1_1': 2 instance(s).
INFO: [RTGEN 206-100] Generating core module 'mul_19s_19s_32_1_1': 5 instance(s).
INFO: [RTGEN 206-100] Generating core module 'mul_25ns_19s_44_1_1': 5 instance(s).
INFO: [RTGEN 206-100] Finished creating RTL model for 'layernorm_1d_ap_fixed_16_6_5_3_0_ap_fixed_33_13_5_3_0_config2_s'.
INFO: [RTMG 210-279] Implementing memory 'myproject_layernorm_1d_ap_fixed_16_6_5_3_0_ap_fixed_33_13_5_3_0_config2_s_index_table_Rbkb' using auto ROMs.
INFO: [RTMG 210-279] Implementing memory 'myproject_layernorm_1d_ap_fixed_16_6_5_3_0_ap_fixed_33_13_5_3_0_config2_s_invert_sqr_tacud' using auto ROMs.
INFO: [HLS 200-111] Finished Creating RTL model: CPU user time: 0.06 seconds. CPU system time: 0.01 seconds. Elapsed time: 0.09 seconds; current allocated memory: 297.988 MB.
INFO: [HLS 200-10] ----------------------------------------------------------------
INFO: [HLS 200-10] -- Generating RTL for module 'myproject' 
INFO: [HLS 200-10] ----------------------------------------------------------------
INFO: [RTGEN 206-500] Setting interface mode on port 'myproject/layer_normalization_input' to 'ap_vld'.
INFO: [RTGEN 206-500] Setting interface mode on port 'myproject/layer2_out_0' to 'ap_vld'.
INFO: [RTGEN 206-500] Setting interface mode on port 'myproject/layer2_out_1' to 'ap_vld'.
INFO: [RTGEN 206-500] Setting interface mode on port 'myproject/layer2_out_2' to 'ap_vld'.
INFO: [RTGEN 206-500] Setting interface mode on port 'myproject/layer2_out_3' to 'ap_vld'.
INFO: [RTGEN 206-500] Setting interface mode on port 'myproject/layer2_out_4' to 'ap_vld'.
INFO: [RTGEN 206-500] Setting interface mode on port 'myproject/layer2_out_5' to 'ap_vld'.
INFO: [RTGEN 206-500] Setting interface mode on port 'myproject/layer2_out_6' to 'ap_vld'.
INFO: [RTGEN 206-500] Setting interface mode on port 'myproject/layer2_out_7' to 'ap_vld'.
INFO: [RTGEN 206-500] Setting interface mode on port 'myproject/layer2_out_8' to 'ap_vld'.
INFO: [RTGEN 206-500] Setting interface mode on port 'myproject/layer2_out_9' to 'ap_vld'.
INFO: [RTGEN 206-500] Setting interface mode on port 'myproject/layer2_out_10' to 'ap_vld'.
INFO: [RTGEN 206-500] Setting interface mode on port 'myproject/layer2_out_11' to 'ap_vld'.
INFO: [RTGEN 206-500] Setting interface mode on port 'myproject/layer2_out_12' to 'ap_vld'.
INFO: [RTGEN 206-500] Setting interface mode on port 'myproject/layer2_out_13' to 'ap_vld'.
INFO: [RTGEN 206-500] Setting interface mode on port 'myproject/layer2_out_14' to 'ap_vld'.
INFO: [RTGEN 206-500] Setting interface mode on port 'myproject/layer2_out_15' to 'ap_vld'.
INFO: [RTGEN 206-500] Setting interface mode on port 'myproject/layer2_out_16' to 'ap_vld'.
INFO: [RTGEN 206-500] Setting interface mode on port 'myproject/layer2_out_17' to 'ap_vld'.
INFO: [RTGEN 206-500] Setting interface mode on port 'myproject/layer2_out_18' to 'ap_vld'.
INFO: [RTGEN 206-500] Setting interface mode on port 'myproject/layer2_out_19' to 'ap_vld'.
INFO: [RTGEN 206-500] Setting interface mode on function 'myproject' to 'ap_ctrl_hs'.
INFO: [RTGEN 206-100] Finished creating RTL model for 'myproject'.
INFO: [HLS 200-111] Finished Creating RTL model: CPU user time: 0.13 seconds. CPU system time: 0.03 seconds. Elapsed time: 0.16 seconds; current allocated memory: 298.441 MB.
INFO: [HLS 200-111] Finished Generating all RTL models: CPU user time: 0.24 seconds. CPU system time: 0.03 seconds. Elapsed time: 0.27 seconds; current allocated memory: 302.641 MB.
INFO: [HLS 200-111] Finished Updating report files: CPU user time: 1.07 seconds. CPU system time: 0.04 seconds. Elapsed time: 1.11 seconds; current allocated memory: 306.777 MB.
INFO: [VHDL 208-304] Generating VHDL RTL for myproject.
INFO: [VLOG 209-307] Generating Verilog RTL for myproject.
INFO: [HLS 200-790] **** Loop Constraint Status: All loop constraints were satisfied.
INFO: [HLS 200-789] **** Estimated Fmax: 233.65 MHz
INFO: [HLS 200-111] Finished Command csynth_design CPU user time: 48.31 seconds. CPU system time: 2.96 seconds. Elapsed time: 56.55 seconds; current allocated memory: 53.008 MB.
INFO: [HLS 200-1510] Running: add_files -tb myproject_test.cpp -cflags -std=c++0x -DRTL_SIM 
INFO: [HLS 200-10] Adding test bench file 'myproject_test.cpp' to the project
INFO: [HLS 200-1510] Running: cosim_design -trace_level all -setup 
INFO: [COSIM 212-47] Using XSIM for RTL simulation.
INFO: [COSIM 212-14] Instrumenting C test bench ...
INFO: [COSIM 212-302] Starting C TB testing ... 
INFO: [COSIM 212-333] Generating C post check test bench ...
INFO: [COSIM 212-12] Generating RTL test bench ...
INFO: [COSIM 212-1] *** C/RTL co-simulation file generation completed. ***
INFO: [HLS 200-111] Finished Command cosim_design CPU user time: 37.51 seconds. CPU system time: 2.9 seconds. Elapsed time: 40.99 seconds; current allocated memory: 14.227 MB.
INFO: [COSIM 212-302] Starting C TB testing ...  
INFO: [COSIM 212-323] Starting verilog simulation...
INFO: [COSIM 212-15] Starting XSIM ...
INFO: [COSIM 212-316] Starting C post checking ...
