

================================================================
== Vitis HLS Report for 'transpose_2d_ap_fixed_16_6_5_3_0_ap_fixed_16_6_5_3_0_config4_s'
================================================================
* Date:           Mon Dec  9 05:26:41 2024

* Version:        2023.2 (Build 4023990 on Oct 11 2023)
* Project:        myproject_prj
* Solution:       solution1 (Vivado IP Flow Target)
* Product family: virtexuplus
* Target device:  xcvu13p-flga2577-2-e


================================================================
== Performance Estimates
================================================================
+ Timing: 
    * Summary: 
    +--------+---------+----------+------------+
    |  Clock |  Target | Estimated| Uncertainty|
    +--------+---------+----------+------------+
    |ap_clk  |  5.00 ns|      0 ns|     0.62 ns|
    +--------+---------+----------+------------+

+ Latency: 
    * Summary: 
    +---------+---------+----------+----------+-----+-----+---------+
    |  Latency (cycles) |  Latency (absolute) |  Interval | Pipeline|
    |   min   |   max   |    min   |    max   | min | max |   Type  |
    +---------+---------+----------+----------+-----+-----+---------+
    |        0|        0|      0 ns|      0 ns|    1|    1|      yes|
    +---------+---------+----------+----------+-----+-----+---------+

    + Detail: 
        * Instance: 
        N/A

        * Loop: 
        N/A

============================================================
+ Verbose Summary: Synthesis Manager
============================================================
InlineROM: 1
ExposeGlobal: 0
============================================================
+ Verbose Summary: CDFG Model
============================================================
IsTopModel: 0
ResetActiveHigh: 1
IsCombinational: 0
IsDatapathOnly: 0
HasWiredReturn: 1
HasMFsm: 2
HasVarLatency: 0
IsPipeline: 1
IsRtlPipelined: 0
IsInstanceOverlapped: 0
IsDontTouch: 0
HasImplIP: 0
IsGatedGlobalClock: 0

+ Individual pipeline summary: 
  * Pipeline-0: initiation interval (II) = 1, depth = 1


============================================================
+ Verbose Summary: Schedule
============================================================
* Number of FSM states : 1
* Pipeline : 1
  Pipeline-0 : II = 1, D = 1, States = { 1 }
* Dataflow Pipeline: 0

* FSM state transitions: 
1 --> 

* FSM state operations: 

State 1 <SV = 0> <Delay = 0.00>
ST_1 : Operation 2 [1/1] (0.00ns)   --->   "%specpipeline_ln21 = specpipeline void @_ssdm_op_SpecPipeline, i32 4294967295, i32 0, i32 0, i32 0, void @empty_0" [firmware/nnet_utils/nnet_array.h:21]   --->   Operation 2 'specpipeline' 'specpipeline_ln21' <Predicate = true> <Delay = 0.00>
ST_1 : Operation 3 [1/1] (0.00ns)   --->   "%data_199_val_read = read i16 @_ssdm_op_Read.ap_auto.i16, i16 %data_199_val" [firmware/nnet_utils/nnet_array.h:24]   --->   Operation 3 'read' 'data_199_val_read' <Predicate = true> <Delay = 0.00>
ST_1 : Operation 4 [1/1] (0.00ns)   --->   "%data_198_val_read = read i16 @_ssdm_op_Read.ap_auto.i16, i16 %data_198_val" [firmware/nnet_utils/nnet_array.h:24]   --->   Operation 4 'read' 'data_198_val_read' <Predicate = true> <Delay = 0.00>
ST_1 : Operation 5 [1/1] (0.00ns)   --->   "%data_197_val_read = read i16 @_ssdm_op_Read.ap_auto.i16, i16 %data_197_val" [firmware/nnet_utils/nnet_array.h:24]   --->   Operation 5 'read' 'data_197_val_read' <Predicate = true> <Delay = 0.00>
ST_1 : Operation 6 [1/1] (0.00ns)   --->   "%data_196_val_read = read i16 @_ssdm_op_Read.ap_auto.i16, i16 %data_196_val" [firmware/nnet_utils/nnet_array.h:24]   --->   Operation 6 'read' 'data_196_val_read' <Predicate = true> <Delay = 0.00>
ST_1 : Operation 7 [1/1] (0.00ns)   --->   "%data_195_val_read = read i16 @_ssdm_op_Read.ap_auto.i16, i16 %data_195_val" [firmware/nnet_utils/nnet_array.h:24]   --->   Operation 7 'read' 'data_195_val_read' <Predicate = true> <Delay = 0.00>
ST_1 : Operation 8 [1/1] (0.00ns)   --->   "%data_194_val_read = read i16 @_ssdm_op_Read.ap_auto.i16, i16 %data_194_val" [firmware/nnet_utils/nnet_array.h:24]   --->   Operation 8 'read' 'data_194_val_read' <Predicate = true> <Delay = 0.00>
ST_1 : Operation 9 [1/1] (0.00ns)   --->   "%data_193_val_read = read i16 @_ssdm_op_Read.ap_auto.i16, i16 %data_193_val" [firmware/nnet_utils/nnet_array.h:24]   --->   Operation 9 'read' 'data_193_val_read' <Predicate = true> <Delay = 0.00>
ST_1 : Operation 10 [1/1] (0.00ns)   --->   "%data_192_val_read = read i16 @_ssdm_op_Read.ap_auto.i16, i16 %data_192_val" [firmware/nnet_utils/nnet_array.h:24]   --->   Operation 10 'read' 'data_192_val_read' <Predicate = true> <Delay = 0.00>
ST_1 : Operation 11 [1/1] (0.00ns)   --->   "%data_191_val_read = read i16 @_ssdm_op_Read.ap_auto.i16, i16 %data_191_val" [firmware/nnet_utils/nnet_array.h:24]   --->   Operation 11 'read' 'data_191_val_read' <Predicate = true> <Delay = 0.00>
ST_1 : Operation 12 [1/1] (0.00ns)   --->   "%data_190_val_read = read i16 @_ssdm_op_Read.ap_auto.i16, i16 %data_190_val" [firmware/nnet_utils/nnet_array.h:24]   --->   Operation 12 'read' 'data_190_val_read' <Predicate = true> <Delay = 0.00>
ST_1 : Operation 13 [1/1] (0.00ns)   --->   "%data_189_val_read = read i16 @_ssdm_op_Read.ap_auto.i16, i16 %data_189_val" [firmware/nnet_utils/nnet_array.h:24]   --->   Operation 13 'read' 'data_189_val_read' <Predicate = true> <Delay = 0.00>
ST_1 : Operation 14 [1/1] (0.00ns)   --->   "%data_188_val_read = read i16 @_ssdm_op_Read.ap_auto.i16, i16 %data_188_val" [firmware/nnet_utils/nnet_array.h:24]   --->   Operation 14 'read' 'data_188_val_read' <Predicate = true> <Delay = 0.00>
ST_1 : Operation 15 [1/1] (0.00ns)   --->   "%data_187_val_read = read i16 @_ssdm_op_Read.ap_auto.i16, i16 %data_187_val" [firmware/nnet_utils/nnet_array.h:24]   --->   Operation 15 'read' 'data_187_val_read' <Predicate = true> <Delay = 0.00>
ST_1 : Operation 16 [1/1] (0.00ns)   --->   "%data_186_val_read = read i16 @_ssdm_op_Read.ap_auto.i16, i16 %data_186_val" [firmware/nnet_utils/nnet_array.h:24]   --->   Operation 16 'read' 'data_186_val_read' <Predicate = true> <Delay = 0.00>
ST_1 : Operation 17 [1/1] (0.00ns)   --->   "%data_185_val_read = read i16 @_ssdm_op_Read.ap_auto.i16, i16 %data_185_val" [firmware/nnet_utils/nnet_array.h:24]   --->   Operation 17 'read' 'data_185_val_read' <Predicate = true> <Delay = 0.00>
ST_1 : Operation 18 [1/1] (0.00ns)   --->   "%data_184_val_read = read i16 @_ssdm_op_Read.ap_auto.i16, i16 %data_184_val" [firmware/nnet_utils/nnet_array.h:24]   --->   Operation 18 'read' 'data_184_val_read' <Predicate = true> <Delay = 0.00>
ST_1 : Operation 19 [1/1] (0.00ns)   --->   "%data_183_val_read = read i16 @_ssdm_op_Read.ap_auto.i16, i16 %data_183_val" [firmware/nnet_utils/nnet_array.h:24]   --->   Operation 19 'read' 'data_183_val_read' <Predicate = true> <Delay = 0.00>
ST_1 : Operation 20 [1/1] (0.00ns)   --->   "%data_182_val_read = read i16 @_ssdm_op_Read.ap_auto.i16, i16 %data_182_val" [firmware/nnet_utils/nnet_array.h:24]   --->   Operation 20 'read' 'data_182_val_read' <Predicate = true> <Delay = 0.00>
ST_1 : Operation 21 [1/1] (0.00ns)   --->   "%data_181_val_read = read i16 @_ssdm_op_Read.ap_auto.i16, i16 %data_181_val" [firmware/nnet_utils/nnet_array.h:24]   --->   Operation 21 'read' 'data_181_val_read' <Predicate = true> <Delay = 0.00>
ST_1 : Operation 22 [1/1] (0.00ns)   --->   "%data_180_val_read = read i16 @_ssdm_op_Read.ap_auto.i16, i16 %data_180_val" [firmware/nnet_utils/nnet_array.h:24]   --->   Operation 22 'read' 'data_180_val_read' <Predicate = true> <Delay = 0.00>
ST_1 : Operation 23 [1/1] (0.00ns)   --->   "%data_179_val_read = read i16 @_ssdm_op_Read.ap_auto.i16, i16 %data_179_val" [firmware/nnet_utils/nnet_array.h:24]   --->   Operation 23 'read' 'data_179_val_read' <Predicate = true> <Delay = 0.00>
ST_1 : Operation 24 [1/1] (0.00ns)   --->   "%data_178_val_read = read i16 @_ssdm_op_Read.ap_auto.i16, i16 %data_178_val" [firmware/nnet_utils/nnet_array.h:24]   --->   Operation 24 'read' 'data_178_val_read' <Predicate = true> <Delay = 0.00>
ST_1 : Operation 25 [1/1] (0.00ns)   --->   "%data_177_val_read = read i16 @_ssdm_op_Read.ap_auto.i16, i16 %data_177_val" [firmware/nnet_utils/nnet_array.h:24]   --->   Operation 25 'read' 'data_177_val_read' <Predicate = true> <Delay = 0.00>
ST_1 : Operation 26 [1/1] (0.00ns)   --->   "%data_176_val_read = read i16 @_ssdm_op_Read.ap_auto.i16, i16 %data_176_val" [firmware/nnet_utils/nnet_array.h:24]   --->   Operation 26 'read' 'data_176_val_read' <Predicate = true> <Delay = 0.00>
ST_1 : Operation 27 [1/1] (0.00ns)   --->   "%data_175_val_read = read i16 @_ssdm_op_Read.ap_auto.i16, i16 %data_175_val" [firmware/nnet_utils/nnet_array.h:24]   --->   Operation 27 'read' 'data_175_val_read' <Predicate = true> <Delay = 0.00>
ST_1 : Operation 28 [1/1] (0.00ns)   --->   "%data_174_val_read = read i16 @_ssdm_op_Read.ap_auto.i16, i16 %data_174_val" [firmware/nnet_utils/nnet_array.h:24]   --->   Operation 28 'read' 'data_174_val_read' <Predicate = true> <Delay = 0.00>
ST_1 : Operation 29 [1/1] (0.00ns)   --->   "%data_173_val_read = read i16 @_ssdm_op_Read.ap_auto.i16, i16 %data_173_val" [firmware/nnet_utils/nnet_array.h:24]   --->   Operation 29 'read' 'data_173_val_read' <Predicate = true> <Delay = 0.00>
ST_1 : Operation 30 [1/1] (0.00ns)   --->   "%data_172_val_read = read i16 @_ssdm_op_Read.ap_auto.i16, i16 %data_172_val" [firmware/nnet_utils/nnet_array.h:24]   --->   Operation 30 'read' 'data_172_val_read' <Predicate = true> <Delay = 0.00>
ST_1 : Operation 31 [1/1] (0.00ns)   --->   "%data_171_val_read = read i16 @_ssdm_op_Read.ap_auto.i16, i16 %data_171_val" [firmware/nnet_utils/nnet_array.h:24]   --->   Operation 31 'read' 'data_171_val_read' <Predicate = true> <Delay = 0.00>
ST_1 : Operation 32 [1/1] (0.00ns)   --->   "%data_170_val_read = read i16 @_ssdm_op_Read.ap_auto.i16, i16 %data_170_val" [firmware/nnet_utils/nnet_array.h:24]   --->   Operation 32 'read' 'data_170_val_read' <Predicate = true> <Delay = 0.00>
ST_1 : Operation 33 [1/1] (0.00ns)   --->   "%data_169_val_read = read i16 @_ssdm_op_Read.ap_auto.i16, i16 %data_169_val" [firmware/nnet_utils/nnet_array.h:24]   --->   Operation 33 'read' 'data_169_val_read' <Predicate = true> <Delay = 0.00>
ST_1 : Operation 34 [1/1] (0.00ns)   --->   "%data_168_val_read = read i16 @_ssdm_op_Read.ap_auto.i16, i16 %data_168_val" [firmware/nnet_utils/nnet_array.h:24]   --->   Operation 34 'read' 'data_168_val_read' <Predicate = true> <Delay = 0.00>
ST_1 : Operation 35 [1/1] (0.00ns)   --->   "%data_167_val_read = read i16 @_ssdm_op_Read.ap_auto.i16, i16 %data_167_val" [firmware/nnet_utils/nnet_array.h:24]   --->   Operation 35 'read' 'data_167_val_read' <Predicate = true> <Delay = 0.00>
ST_1 : Operation 36 [1/1] (0.00ns)   --->   "%data_166_val_read = read i16 @_ssdm_op_Read.ap_auto.i16, i16 %data_166_val" [firmware/nnet_utils/nnet_array.h:24]   --->   Operation 36 'read' 'data_166_val_read' <Predicate = true> <Delay = 0.00>
ST_1 : Operation 37 [1/1] (0.00ns)   --->   "%data_165_val_read = read i16 @_ssdm_op_Read.ap_auto.i16, i16 %data_165_val" [firmware/nnet_utils/nnet_array.h:24]   --->   Operation 37 'read' 'data_165_val_read' <Predicate = true> <Delay = 0.00>
ST_1 : Operation 38 [1/1] (0.00ns)   --->   "%data_164_val_read = read i16 @_ssdm_op_Read.ap_auto.i16, i16 %data_164_val" [firmware/nnet_utils/nnet_array.h:24]   --->   Operation 38 'read' 'data_164_val_read' <Predicate = true> <Delay = 0.00>
ST_1 : Operation 39 [1/1] (0.00ns)   --->   "%data_163_val_read = read i16 @_ssdm_op_Read.ap_auto.i16, i16 %data_163_val" [firmware/nnet_utils/nnet_array.h:24]   --->   Operation 39 'read' 'data_163_val_read' <Predicate = true> <Delay = 0.00>
ST_1 : Operation 40 [1/1] (0.00ns)   --->   "%data_162_val_read = read i16 @_ssdm_op_Read.ap_auto.i16, i16 %data_162_val" [firmware/nnet_utils/nnet_array.h:24]   --->   Operation 40 'read' 'data_162_val_read' <Predicate = true> <Delay = 0.00>
ST_1 : Operation 41 [1/1] (0.00ns)   --->   "%data_161_val_read = read i16 @_ssdm_op_Read.ap_auto.i16, i16 %data_161_val" [firmware/nnet_utils/nnet_array.h:24]   --->   Operation 41 'read' 'data_161_val_read' <Predicate = true> <Delay = 0.00>
ST_1 : Operation 42 [1/1] (0.00ns)   --->   "%data_160_val_read = read i16 @_ssdm_op_Read.ap_auto.i16, i16 %data_160_val" [firmware/nnet_utils/nnet_array.h:24]   --->   Operation 42 'read' 'data_160_val_read' <Predicate = true> <Delay = 0.00>
ST_1 : Operation 43 [1/1] (0.00ns)   --->   "%data_159_val_read = read i16 @_ssdm_op_Read.ap_auto.i16, i16 %data_159_val" [firmware/nnet_utils/nnet_array.h:24]   --->   Operation 43 'read' 'data_159_val_read' <Predicate = true> <Delay = 0.00>
ST_1 : Operation 44 [1/1] (0.00ns)   --->   "%data_158_val_read = read i16 @_ssdm_op_Read.ap_auto.i16, i16 %data_158_val" [firmware/nnet_utils/nnet_array.h:24]   --->   Operation 44 'read' 'data_158_val_read' <Predicate = true> <Delay = 0.00>
ST_1 : Operation 45 [1/1] (0.00ns)   --->   "%data_157_val_read = read i16 @_ssdm_op_Read.ap_auto.i16, i16 %data_157_val" [firmware/nnet_utils/nnet_array.h:24]   --->   Operation 45 'read' 'data_157_val_read' <Predicate = true> <Delay = 0.00>
ST_1 : Operation 46 [1/1] (0.00ns)   --->   "%data_156_val_read = read i16 @_ssdm_op_Read.ap_auto.i16, i16 %data_156_val" [firmware/nnet_utils/nnet_array.h:24]   --->   Operation 46 'read' 'data_156_val_read' <Predicate = true> <Delay = 0.00>
ST_1 : Operation 47 [1/1] (0.00ns)   --->   "%data_155_val_read = read i16 @_ssdm_op_Read.ap_auto.i16, i16 %data_155_val" [firmware/nnet_utils/nnet_array.h:24]   --->   Operation 47 'read' 'data_155_val_read' <Predicate = true> <Delay = 0.00>
ST_1 : Operation 48 [1/1] (0.00ns)   --->   "%data_154_val_read = read i16 @_ssdm_op_Read.ap_auto.i16, i16 %data_154_val" [firmware/nnet_utils/nnet_array.h:24]   --->   Operation 48 'read' 'data_154_val_read' <Predicate = true> <Delay = 0.00>
ST_1 : Operation 49 [1/1] (0.00ns)   --->   "%data_153_val_read = read i16 @_ssdm_op_Read.ap_auto.i16, i16 %data_153_val" [firmware/nnet_utils/nnet_array.h:24]   --->   Operation 49 'read' 'data_153_val_read' <Predicate = true> <Delay = 0.00>
ST_1 : Operation 50 [1/1] (0.00ns)   --->   "%data_152_val_read = read i16 @_ssdm_op_Read.ap_auto.i16, i16 %data_152_val" [firmware/nnet_utils/nnet_array.h:24]   --->   Operation 50 'read' 'data_152_val_read' <Predicate = true> <Delay = 0.00>
ST_1 : Operation 51 [1/1] (0.00ns)   --->   "%data_151_val_read = read i16 @_ssdm_op_Read.ap_auto.i16, i16 %data_151_val" [firmware/nnet_utils/nnet_array.h:24]   --->   Operation 51 'read' 'data_151_val_read' <Predicate = true> <Delay = 0.00>
ST_1 : Operation 52 [1/1] (0.00ns)   --->   "%data_150_val_read = read i16 @_ssdm_op_Read.ap_auto.i16, i16 %data_150_val" [firmware/nnet_utils/nnet_array.h:24]   --->   Operation 52 'read' 'data_150_val_read' <Predicate = true> <Delay = 0.00>
ST_1 : Operation 53 [1/1] (0.00ns)   --->   "%data_149_val_read = read i16 @_ssdm_op_Read.ap_auto.i16, i16 %data_149_val" [firmware/nnet_utils/nnet_array.h:24]   --->   Operation 53 'read' 'data_149_val_read' <Predicate = true> <Delay = 0.00>
ST_1 : Operation 54 [1/1] (0.00ns)   --->   "%data_148_val_read = read i16 @_ssdm_op_Read.ap_auto.i16, i16 %data_148_val" [firmware/nnet_utils/nnet_array.h:24]   --->   Operation 54 'read' 'data_148_val_read' <Predicate = true> <Delay = 0.00>
ST_1 : Operation 55 [1/1] (0.00ns)   --->   "%data_147_val_read = read i16 @_ssdm_op_Read.ap_auto.i16, i16 %data_147_val" [firmware/nnet_utils/nnet_array.h:24]   --->   Operation 55 'read' 'data_147_val_read' <Predicate = true> <Delay = 0.00>
ST_1 : Operation 56 [1/1] (0.00ns)   --->   "%data_146_val_read = read i16 @_ssdm_op_Read.ap_auto.i16, i16 %data_146_val" [firmware/nnet_utils/nnet_array.h:24]   --->   Operation 56 'read' 'data_146_val_read' <Predicate = true> <Delay = 0.00>
ST_1 : Operation 57 [1/1] (0.00ns)   --->   "%data_145_val_read = read i16 @_ssdm_op_Read.ap_auto.i16, i16 %data_145_val" [firmware/nnet_utils/nnet_array.h:24]   --->   Operation 57 'read' 'data_145_val_read' <Predicate = true> <Delay = 0.00>
ST_1 : Operation 58 [1/1] (0.00ns)   --->   "%data_144_val_read = read i16 @_ssdm_op_Read.ap_auto.i16, i16 %data_144_val" [firmware/nnet_utils/nnet_array.h:24]   --->   Operation 58 'read' 'data_144_val_read' <Predicate = true> <Delay = 0.00>
ST_1 : Operation 59 [1/1] (0.00ns)   --->   "%data_143_val_read = read i16 @_ssdm_op_Read.ap_auto.i16, i16 %data_143_val" [firmware/nnet_utils/nnet_array.h:24]   --->   Operation 59 'read' 'data_143_val_read' <Predicate = true> <Delay = 0.00>
ST_1 : Operation 60 [1/1] (0.00ns)   --->   "%data_142_val_read = read i16 @_ssdm_op_Read.ap_auto.i16, i16 %data_142_val" [firmware/nnet_utils/nnet_array.h:24]   --->   Operation 60 'read' 'data_142_val_read' <Predicate = true> <Delay = 0.00>
ST_1 : Operation 61 [1/1] (0.00ns)   --->   "%data_141_val_read = read i16 @_ssdm_op_Read.ap_auto.i16, i16 %data_141_val" [firmware/nnet_utils/nnet_array.h:24]   --->   Operation 61 'read' 'data_141_val_read' <Predicate = true> <Delay = 0.00>
ST_1 : Operation 62 [1/1] (0.00ns)   --->   "%data_140_val_read = read i16 @_ssdm_op_Read.ap_auto.i16, i16 %data_140_val" [firmware/nnet_utils/nnet_array.h:24]   --->   Operation 62 'read' 'data_140_val_read' <Predicate = true> <Delay = 0.00>
ST_1 : Operation 63 [1/1] (0.00ns)   --->   "%data_139_val_read = read i16 @_ssdm_op_Read.ap_auto.i16, i16 %data_139_val" [firmware/nnet_utils/nnet_array.h:24]   --->   Operation 63 'read' 'data_139_val_read' <Predicate = true> <Delay = 0.00>
ST_1 : Operation 64 [1/1] (0.00ns)   --->   "%data_138_val_read = read i16 @_ssdm_op_Read.ap_auto.i16, i16 %data_138_val" [firmware/nnet_utils/nnet_array.h:24]   --->   Operation 64 'read' 'data_138_val_read' <Predicate = true> <Delay = 0.00>
ST_1 : Operation 65 [1/1] (0.00ns)   --->   "%data_137_val_read = read i16 @_ssdm_op_Read.ap_auto.i16, i16 %data_137_val" [firmware/nnet_utils/nnet_array.h:24]   --->   Operation 65 'read' 'data_137_val_read' <Predicate = true> <Delay = 0.00>
ST_1 : Operation 66 [1/1] (0.00ns)   --->   "%data_136_val_read = read i16 @_ssdm_op_Read.ap_auto.i16, i16 %data_136_val" [firmware/nnet_utils/nnet_array.h:24]   --->   Operation 66 'read' 'data_136_val_read' <Predicate = true> <Delay = 0.00>
ST_1 : Operation 67 [1/1] (0.00ns)   --->   "%data_135_val_read = read i16 @_ssdm_op_Read.ap_auto.i16, i16 %data_135_val" [firmware/nnet_utils/nnet_array.h:24]   --->   Operation 67 'read' 'data_135_val_read' <Predicate = true> <Delay = 0.00>
ST_1 : Operation 68 [1/1] (0.00ns)   --->   "%data_134_val_read = read i16 @_ssdm_op_Read.ap_auto.i16, i16 %data_134_val" [firmware/nnet_utils/nnet_array.h:24]   --->   Operation 68 'read' 'data_134_val_read' <Predicate = true> <Delay = 0.00>
ST_1 : Operation 69 [1/1] (0.00ns)   --->   "%data_133_val_read = read i16 @_ssdm_op_Read.ap_auto.i16, i16 %data_133_val" [firmware/nnet_utils/nnet_array.h:24]   --->   Operation 69 'read' 'data_133_val_read' <Predicate = true> <Delay = 0.00>
ST_1 : Operation 70 [1/1] (0.00ns)   --->   "%data_132_val_read = read i16 @_ssdm_op_Read.ap_auto.i16, i16 %data_132_val" [firmware/nnet_utils/nnet_array.h:24]   --->   Operation 70 'read' 'data_132_val_read' <Predicate = true> <Delay = 0.00>
ST_1 : Operation 71 [1/1] (0.00ns)   --->   "%data_131_val_read = read i16 @_ssdm_op_Read.ap_auto.i16, i16 %data_131_val" [firmware/nnet_utils/nnet_array.h:24]   --->   Operation 71 'read' 'data_131_val_read' <Predicate = true> <Delay = 0.00>
ST_1 : Operation 72 [1/1] (0.00ns)   --->   "%data_130_val_read = read i16 @_ssdm_op_Read.ap_auto.i16, i16 %data_130_val" [firmware/nnet_utils/nnet_array.h:24]   --->   Operation 72 'read' 'data_130_val_read' <Predicate = true> <Delay = 0.00>
ST_1 : Operation 73 [1/1] (0.00ns)   --->   "%data_129_val_read = read i16 @_ssdm_op_Read.ap_auto.i16, i16 %data_129_val" [firmware/nnet_utils/nnet_array.h:24]   --->   Operation 73 'read' 'data_129_val_read' <Predicate = true> <Delay = 0.00>
ST_1 : Operation 74 [1/1] (0.00ns)   --->   "%data_128_val_read = read i16 @_ssdm_op_Read.ap_auto.i16, i16 %data_128_val" [firmware/nnet_utils/nnet_array.h:24]   --->   Operation 74 'read' 'data_128_val_read' <Predicate = true> <Delay = 0.00>
ST_1 : Operation 75 [1/1] (0.00ns)   --->   "%data_127_val_read = read i16 @_ssdm_op_Read.ap_auto.i16, i16 %data_127_val" [firmware/nnet_utils/nnet_array.h:24]   --->   Operation 75 'read' 'data_127_val_read' <Predicate = true> <Delay = 0.00>
ST_1 : Operation 76 [1/1] (0.00ns)   --->   "%data_126_val_read = read i16 @_ssdm_op_Read.ap_auto.i16, i16 %data_126_val" [firmware/nnet_utils/nnet_array.h:24]   --->   Operation 76 'read' 'data_126_val_read' <Predicate = true> <Delay = 0.00>
ST_1 : Operation 77 [1/1] (0.00ns)   --->   "%data_125_val_read = read i16 @_ssdm_op_Read.ap_auto.i16, i16 %data_125_val" [firmware/nnet_utils/nnet_array.h:24]   --->   Operation 77 'read' 'data_125_val_read' <Predicate = true> <Delay = 0.00>
ST_1 : Operation 78 [1/1] (0.00ns)   --->   "%data_124_val_read = read i16 @_ssdm_op_Read.ap_auto.i16, i16 %data_124_val" [firmware/nnet_utils/nnet_array.h:24]   --->   Operation 78 'read' 'data_124_val_read' <Predicate = true> <Delay = 0.00>
ST_1 : Operation 79 [1/1] (0.00ns)   --->   "%data_123_val_read = read i16 @_ssdm_op_Read.ap_auto.i16, i16 %data_123_val" [firmware/nnet_utils/nnet_array.h:24]   --->   Operation 79 'read' 'data_123_val_read' <Predicate = true> <Delay = 0.00>
ST_1 : Operation 80 [1/1] (0.00ns)   --->   "%data_122_val_read = read i16 @_ssdm_op_Read.ap_auto.i16, i16 %data_122_val" [firmware/nnet_utils/nnet_array.h:24]   --->   Operation 80 'read' 'data_122_val_read' <Predicate = true> <Delay = 0.00>
ST_1 : Operation 81 [1/1] (0.00ns)   --->   "%data_121_val_read = read i16 @_ssdm_op_Read.ap_auto.i16, i16 %data_121_val" [firmware/nnet_utils/nnet_array.h:24]   --->   Operation 81 'read' 'data_121_val_read' <Predicate = true> <Delay = 0.00>
ST_1 : Operation 82 [1/1] (0.00ns)   --->   "%data_120_val_read = read i16 @_ssdm_op_Read.ap_auto.i16, i16 %data_120_val" [firmware/nnet_utils/nnet_array.h:24]   --->   Operation 82 'read' 'data_120_val_read' <Predicate = true> <Delay = 0.00>
ST_1 : Operation 83 [1/1] (0.00ns)   --->   "%data_119_val_read = read i16 @_ssdm_op_Read.ap_auto.i16, i16 %data_119_val" [firmware/nnet_utils/nnet_array.h:24]   --->   Operation 83 'read' 'data_119_val_read' <Predicate = true> <Delay = 0.00>
ST_1 : Operation 84 [1/1] (0.00ns)   --->   "%data_118_val_read = read i16 @_ssdm_op_Read.ap_auto.i16, i16 %data_118_val" [firmware/nnet_utils/nnet_array.h:24]   --->   Operation 84 'read' 'data_118_val_read' <Predicate = true> <Delay = 0.00>
ST_1 : Operation 85 [1/1] (0.00ns)   --->   "%data_117_val_read = read i16 @_ssdm_op_Read.ap_auto.i16, i16 %data_117_val" [firmware/nnet_utils/nnet_array.h:24]   --->   Operation 85 'read' 'data_117_val_read' <Predicate = true> <Delay = 0.00>
ST_1 : Operation 86 [1/1] (0.00ns)   --->   "%data_116_val_read = read i16 @_ssdm_op_Read.ap_auto.i16, i16 %data_116_val" [firmware/nnet_utils/nnet_array.h:24]   --->   Operation 86 'read' 'data_116_val_read' <Predicate = true> <Delay = 0.00>
ST_1 : Operation 87 [1/1] (0.00ns)   --->   "%data_115_val_read = read i16 @_ssdm_op_Read.ap_auto.i16, i16 %data_115_val" [firmware/nnet_utils/nnet_array.h:24]   --->   Operation 87 'read' 'data_115_val_read' <Predicate = true> <Delay = 0.00>
ST_1 : Operation 88 [1/1] (0.00ns)   --->   "%data_114_val_read = read i16 @_ssdm_op_Read.ap_auto.i16, i16 %data_114_val" [firmware/nnet_utils/nnet_array.h:24]   --->   Operation 88 'read' 'data_114_val_read' <Predicate = true> <Delay = 0.00>
ST_1 : Operation 89 [1/1] (0.00ns)   --->   "%data_113_val_read = read i16 @_ssdm_op_Read.ap_auto.i16, i16 %data_113_val" [firmware/nnet_utils/nnet_array.h:24]   --->   Operation 89 'read' 'data_113_val_read' <Predicate = true> <Delay = 0.00>
ST_1 : Operation 90 [1/1] (0.00ns)   --->   "%data_112_val_read = read i16 @_ssdm_op_Read.ap_auto.i16, i16 %data_112_val" [firmware/nnet_utils/nnet_array.h:24]   --->   Operation 90 'read' 'data_112_val_read' <Predicate = true> <Delay = 0.00>
ST_1 : Operation 91 [1/1] (0.00ns)   --->   "%data_111_val_read = read i16 @_ssdm_op_Read.ap_auto.i16, i16 %data_111_val" [firmware/nnet_utils/nnet_array.h:24]   --->   Operation 91 'read' 'data_111_val_read' <Predicate = true> <Delay = 0.00>
ST_1 : Operation 92 [1/1] (0.00ns)   --->   "%data_110_val_read = read i16 @_ssdm_op_Read.ap_auto.i16, i16 %data_110_val" [firmware/nnet_utils/nnet_array.h:24]   --->   Operation 92 'read' 'data_110_val_read' <Predicate = true> <Delay = 0.00>
ST_1 : Operation 93 [1/1] (0.00ns)   --->   "%data_109_val_read = read i16 @_ssdm_op_Read.ap_auto.i16, i16 %data_109_val" [firmware/nnet_utils/nnet_array.h:24]   --->   Operation 93 'read' 'data_109_val_read' <Predicate = true> <Delay = 0.00>
ST_1 : Operation 94 [1/1] (0.00ns)   --->   "%data_108_val_read = read i16 @_ssdm_op_Read.ap_auto.i16, i16 %data_108_val" [firmware/nnet_utils/nnet_array.h:24]   --->   Operation 94 'read' 'data_108_val_read' <Predicate = true> <Delay = 0.00>
ST_1 : Operation 95 [1/1] (0.00ns)   --->   "%data_107_val_read = read i16 @_ssdm_op_Read.ap_auto.i16, i16 %data_107_val" [firmware/nnet_utils/nnet_array.h:24]   --->   Operation 95 'read' 'data_107_val_read' <Predicate = true> <Delay = 0.00>
ST_1 : Operation 96 [1/1] (0.00ns)   --->   "%data_106_val_read = read i16 @_ssdm_op_Read.ap_auto.i16, i16 %data_106_val" [firmware/nnet_utils/nnet_array.h:24]   --->   Operation 96 'read' 'data_106_val_read' <Predicate = true> <Delay = 0.00>
ST_1 : Operation 97 [1/1] (0.00ns)   --->   "%data_105_val_read = read i16 @_ssdm_op_Read.ap_auto.i16, i16 %data_105_val" [firmware/nnet_utils/nnet_array.h:24]   --->   Operation 97 'read' 'data_105_val_read' <Predicate = true> <Delay = 0.00>
ST_1 : Operation 98 [1/1] (0.00ns)   --->   "%data_104_val_read = read i16 @_ssdm_op_Read.ap_auto.i16, i16 %data_104_val" [firmware/nnet_utils/nnet_array.h:24]   --->   Operation 98 'read' 'data_104_val_read' <Predicate = true> <Delay = 0.00>
ST_1 : Operation 99 [1/1] (0.00ns)   --->   "%data_103_val_read = read i16 @_ssdm_op_Read.ap_auto.i16, i16 %data_103_val" [firmware/nnet_utils/nnet_array.h:24]   --->   Operation 99 'read' 'data_103_val_read' <Predicate = true> <Delay = 0.00>
ST_1 : Operation 100 [1/1] (0.00ns)   --->   "%data_102_val_read = read i16 @_ssdm_op_Read.ap_auto.i16, i16 %data_102_val" [firmware/nnet_utils/nnet_array.h:24]   --->   Operation 100 'read' 'data_102_val_read' <Predicate = true> <Delay = 0.00>
ST_1 : Operation 101 [1/1] (0.00ns)   --->   "%data_101_val_read = read i16 @_ssdm_op_Read.ap_auto.i16, i16 %data_101_val" [firmware/nnet_utils/nnet_array.h:24]   --->   Operation 101 'read' 'data_101_val_read' <Predicate = true> <Delay = 0.00>
ST_1 : Operation 102 [1/1] (0.00ns)   --->   "%data_100_val_read = read i16 @_ssdm_op_Read.ap_auto.i16, i16 %data_100_val" [firmware/nnet_utils/nnet_array.h:24]   --->   Operation 102 'read' 'data_100_val_read' <Predicate = true> <Delay = 0.00>
ST_1 : Operation 103 [1/1] (0.00ns)   --->   "%data_99_val_read = read i16 @_ssdm_op_Read.ap_auto.i16, i16 %data_99_val" [firmware/nnet_utils/nnet_array.h:24]   --->   Operation 103 'read' 'data_99_val_read' <Predicate = true> <Delay = 0.00>
ST_1 : Operation 104 [1/1] (0.00ns)   --->   "%data_98_val_read = read i16 @_ssdm_op_Read.ap_auto.i16, i16 %data_98_val" [firmware/nnet_utils/nnet_array.h:24]   --->   Operation 104 'read' 'data_98_val_read' <Predicate = true> <Delay = 0.00>
ST_1 : Operation 105 [1/1] (0.00ns)   --->   "%data_97_val_read = read i16 @_ssdm_op_Read.ap_auto.i16, i16 %data_97_val" [firmware/nnet_utils/nnet_array.h:24]   --->   Operation 105 'read' 'data_97_val_read' <Predicate = true> <Delay = 0.00>
ST_1 : Operation 106 [1/1] (0.00ns)   --->   "%data_96_val_read = read i16 @_ssdm_op_Read.ap_auto.i16, i16 %data_96_val" [firmware/nnet_utils/nnet_array.h:24]   --->   Operation 106 'read' 'data_96_val_read' <Predicate = true> <Delay = 0.00>
ST_1 : Operation 107 [1/1] (0.00ns)   --->   "%data_95_val_read = read i16 @_ssdm_op_Read.ap_auto.i16, i16 %data_95_val" [firmware/nnet_utils/nnet_array.h:24]   --->   Operation 107 'read' 'data_95_val_read' <Predicate = true> <Delay = 0.00>
ST_1 : Operation 108 [1/1] (0.00ns)   --->   "%data_94_val_read = read i16 @_ssdm_op_Read.ap_auto.i16, i16 %data_94_val" [firmware/nnet_utils/nnet_array.h:24]   --->   Operation 108 'read' 'data_94_val_read' <Predicate = true> <Delay = 0.00>
ST_1 : Operation 109 [1/1] (0.00ns)   --->   "%data_93_val_read = read i16 @_ssdm_op_Read.ap_auto.i16, i16 %data_93_val" [firmware/nnet_utils/nnet_array.h:24]   --->   Operation 109 'read' 'data_93_val_read' <Predicate = true> <Delay = 0.00>
ST_1 : Operation 110 [1/1] (0.00ns)   --->   "%data_92_val_read = read i16 @_ssdm_op_Read.ap_auto.i16, i16 %data_92_val" [firmware/nnet_utils/nnet_array.h:24]   --->   Operation 110 'read' 'data_92_val_read' <Predicate = true> <Delay = 0.00>
ST_1 : Operation 111 [1/1] (0.00ns)   --->   "%data_91_val_read = read i16 @_ssdm_op_Read.ap_auto.i16, i16 %data_91_val" [firmware/nnet_utils/nnet_array.h:24]   --->   Operation 111 'read' 'data_91_val_read' <Predicate = true> <Delay = 0.00>
ST_1 : Operation 112 [1/1] (0.00ns)   --->   "%data_90_val_read = read i16 @_ssdm_op_Read.ap_auto.i16, i16 %data_90_val" [firmware/nnet_utils/nnet_array.h:24]   --->   Operation 112 'read' 'data_90_val_read' <Predicate = true> <Delay = 0.00>
ST_1 : Operation 113 [1/1] (0.00ns)   --->   "%data_89_val_read = read i16 @_ssdm_op_Read.ap_auto.i16, i16 %data_89_val" [firmware/nnet_utils/nnet_array.h:24]   --->   Operation 113 'read' 'data_89_val_read' <Predicate = true> <Delay = 0.00>
ST_1 : Operation 114 [1/1] (0.00ns)   --->   "%data_88_val_read = read i16 @_ssdm_op_Read.ap_auto.i16, i16 %data_88_val" [firmware/nnet_utils/nnet_array.h:24]   --->   Operation 114 'read' 'data_88_val_read' <Predicate = true> <Delay = 0.00>
ST_1 : Operation 115 [1/1] (0.00ns)   --->   "%data_87_val_read = read i16 @_ssdm_op_Read.ap_auto.i16, i16 %data_87_val" [firmware/nnet_utils/nnet_array.h:24]   --->   Operation 115 'read' 'data_87_val_read' <Predicate = true> <Delay = 0.00>
ST_1 : Operation 116 [1/1] (0.00ns)   --->   "%data_86_val_read = read i16 @_ssdm_op_Read.ap_auto.i16, i16 %data_86_val" [firmware/nnet_utils/nnet_array.h:24]   --->   Operation 116 'read' 'data_86_val_read' <Predicate = true> <Delay = 0.00>
ST_1 : Operation 117 [1/1] (0.00ns)   --->   "%data_85_val_read = read i16 @_ssdm_op_Read.ap_auto.i16, i16 %data_85_val" [firmware/nnet_utils/nnet_array.h:24]   --->   Operation 117 'read' 'data_85_val_read' <Predicate = true> <Delay = 0.00>
ST_1 : Operation 118 [1/1] (0.00ns)   --->   "%data_84_val_read = read i16 @_ssdm_op_Read.ap_auto.i16, i16 %data_84_val" [firmware/nnet_utils/nnet_array.h:24]   --->   Operation 118 'read' 'data_84_val_read' <Predicate = true> <Delay = 0.00>
ST_1 : Operation 119 [1/1] (0.00ns)   --->   "%data_83_val_read = read i16 @_ssdm_op_Read.ap_auto.i16, i16 %data_83_val" [firmware/nnet_utils/nnet_array.h:24]   --->   Operation 119 'read' 'data_83_val_read' <Predicate = true> <Delay = 0.00>
ST_1 : Operation 120 [1/1] (0.00ns)   --->   "%data_82_val_read = read i16 @_ssdm_op_Read.ap_auto.i16, i16 %data_82_val" [firmware/nnet_utils/nnet_array.h:24]   --->   Operation 120 'read' 'data_82_val_read' <Predicate = true> <Delay = 0.00>
ST_1 : Operation 121 [1/1] (0.00ns)   --->   "%data_81_val_read = read i16 @_ssdm_op_Read.ap_auto.i16, i16 %data_81_val" [firmware/nnet_utils/nnet_array.h:24]   --->   Operation 121 'read' 'data_81_val_read' <Predicate = true> <Delay = 0.00>
ST_1 : Operation 122 [1/1] (0.00ns)   --->   "%data_80_val_read = read i16 @_ssdm_op_Read.ap_auto.i16, i16 %data_80_val" [firmware/nnet_utils/nnet_array.h:24]   --->   Operation 122 'read' 'data_80_val_read' <Predicate = true> <Delay = 0.00>
ST_1 : Operation 123 [1/1] (0.00ns)   --->   "%data_79_val_read = read i16 @_ssdm_op_Read.ap_auto.i16, i16 %data_79_val" [firmware/nnet_utils/nnet_array.h:24]   --->   Operation 123 'read' 'data_79_val_read' <Predicate = true> <Delay = 0.00>
ST_1 : Operation 124 [1/1] (0.00ns)   --->   "%data_78_val_read = read i16 @_ssdm_op_Read.ap_auto.i16, i16 %data_78_val" [firmware/nnet_utils/nnet_array.h:24]   --->   Operation 124 'read' 'data_78_val_read' <Predicate = true> <Delay = 0.00>
ST_1 : Operation 125 [1/1] (0.00ns)   --->   "%data_77_val_read = read i16 @_ssdm_op_Read.ap_auto.i16, i16 %data_77_val" [firmware/nnet_utils/nnet_array.h:24]   --->   Operation 125 'read' 'data_77_val_read' <Predicate = true> <Delay = 0.00>
ST_1 : Operation 126 [1/1] (0.00ns)   --->   "%data_76_val_read = read i16 @_ssdm_op_Read.ap_auto.i16, i16 %data_76_val" [firmware/nnet_utils/nnet_array.h:24]   --->   Operation 126 'read' 'data_76_val_read' <Predicate = true> <Delay = 0.00>
ST_1 : Operation 127 [1/1] (0.00ns)   --->   "%data_75_val_read = read i16 @_ssdm_op_Read.ap_auto.i16, i16 %data_75_val" [firmware/nnet_utils/nnet_array.h:24]   --->   Operation 127 'read' 'data_75_val_read' <Predicate = true> <Delay = 0.00>
ST_1 : Operation 128 [1/1] (0.00ns)   --->   "%data_74_val_read = read i16 @_ssdm_op_Read.ap_auto.i16, i16 %data_74_val" [firmware/nnet_utils/nnet_array.h:24]   --->   Operation 128 'read' 'data_74_val_read' <Predicate = true> <Delay = 0.00>
ST_1 : Operation 129 [1/1] (0.00ns)   --->   "%data_73_val_read = read i16 @_ssdm_op_Read.ap_auto.i16, i16 %data_73_val" [firmware/nnet_utils/nnet_array.h:24]   --->   Operation 129 'read' 'data_73_val_read' <Predicate = true> <Delay = 0.00>
ST_1 : Operation 130 [1/1] (0.00ns)   --->   "%data_72_val_read = read i16 @_ssdm_op_Read.ap_auto.i16, i16 %data_72_val" [firmware/nnet_utils/nnet_array.h:24]   --->   Operation 130 'read' 'data_72_val_read' <Predicate = true> <Delay = 0.00>
ST_1 : Operation 131 [1/1] (0.00ns)   --->   "%data_71_val_read = read i16 @_ssdm_op_Read.ap_auto.i16, i16 %data_71_val" [firmware/nnet_utils/nnet_array.h:24]   --->   Operation 131 'read' 'data_71_val_read' <Predicate = true> <Delay = 0.00>
ST_1 : Operation 132 [1/1] (0.00ns)   --->   "%data_70_val_read = read i16 @_ssdm_op_Read.ap_auto.i16, i16 %data_70_val" [firmware/nnet_utils/nnet_array.h:24]   --->   Operation 132 'read' 'data_70_val_read' <Predicate = true> <Delay = 0.00>
ST_1 : Operation 133 [1/1] (0.00ns)   --->   "%data_69_val_read = read i16 @_ssdm_op_Read.ap_auto.i16, i16 %data_69_val" [firmware/nnet_utils/nnet_array.h:24]   --->   Operation 133 'read' 'data_69_val_read' <Predicate = true> <Delay = 0.00>
ST_1 : Operation 134 [1/1] (0.00ns)   --->   "%data_68_val_read = read i16 @_ssdm_op_Read.ap_auto.i16, i16 %data_68_val" [firmware/nnet_utils/nnet_array.h:24]   --->   Operation 134 'read' 'data_68_val_read' <Predicate = true> <Delay = 0.00>
ST_1 : Operation 135 [1/1] (0.00ns)   --->   "%data_67_val_read = read i16 @_ssdm_op_Read.ap_auto.i16, i16 %data_67_val" [firmware/nnet_utils/nnet_array.h:24]   --->   Operation 135 'read' 'data_67_val_read' <Predicate = true> <Delay = 0.00>
ST_1 : Operation 136 [1/1] (0.00ns)   --->   "%data_66_val_read = read i16 @_ssdm_op_Read.ap_auto.i16, i16 %data_66_val" [firmware/nnet_utils/nnet_array.h:24]   --->   Operation 136 'read' 'data_66_val_read' <Predicate = true> <Delay = 0.00>
ST_1 : Operation 137 [1/1] (0.00ns)   --->   "%data_65_val_read = read i16 @_ssdm_op_Read.ap_auto.i16, i16 %data_65_val" [firmware/nnet_utils/nnet_array.h:24]   --->   Operation 137 'read' 'data_65_val_read' <Predicate = true> <Delay = 0.00>
ST_1 : Operation 138 [1/1] (0.00ns)   --->   "%data_64_val_read = read i16 @_ssdm_op_Read.ap_auto.i16, i16 %data_64_val" [firmware/nnet_utils/nnet_array.h:24]   --->   Operation 138 'read' 'data_64_val_read' <Predicate = true> <Delay = 0.00>
ST_1 : Operation 139 [1/1] (0.00ns)   --->   "%data_63_val_read = read i16 @_ssdm_op_Read.ap_auto.i16, i16 %data_63_val" [firmware/nnet_utils/nnet_array.h:24]   --->   Operation 139 'read' 'data_63_val_read' <Predicate = true> <Delay = 0.00>
ST_1 : Operation 140 [1/1] (0.00ns)   --->   "%data_62_val_read = read i16 @_ssdm_op_Read.ap_auto.i16, i16 %data_62_val" [firmware/nnet_utils/nnet_array.h:24]   --->   Operation 140 'read' 'data_62_val_read' <Predicate = true> <Delay = 0.00>
ST_1 : Operation 141 [1/1] (0.00ns)   --->   "%data_61_val_read = read i16 @_ssdm_op_Read.ap_auto.i16, i16 %data_61_val" [firmware/nnet_utils/nnet_array.h:24]   --->   Operation 141 'read' 'data_61_val_read' <Predicate = true> <Delay = 0.00>
ST_1 : Operation 142 [1/1] (0.00ns)   --->   "%data_60_val_read = read i16 @_ssdm_op_Read.ap_auto.i16, i16 %data_60_val" [firmware/nnet_utils/nnet_array.h:24]   --->   Operation 142 'read' 'data_60_val_read' <Predicate = true> <Delay = 0.00>
ST_1 : Operation 143 [1/1] (0.00ns)   --->   "%data_59_val_read = read i16 @_ssdm_op_Read.ap_auto.i16, i16 %data_59_val" [firmware/nnet_utils/nnet_array.h:24]   --->   Operation 143 'read' 'data_59_val_read' <Predicate = true> <Delay = 0.00>
ST_1 : Operation 144 [1/1] (0.00ns)   --->   "%data_58_val_read = read i16 @_ssdm_op_Read.ap_auto.i16, i16 %data_58_val" [firmware/nnet_utils/nnet_array.h:24]   --->   Operation 144 'read' 'data_58_val_read' <Predicate = true> <Delay = 0.00>
ST_1 : Operation 145 [1/1] (0.00ns)   --->   "%data_57_val_read = read i16 @_ssdm_op_Read.ap_auto.i16, i16 %data_57_val" [firmware/nnet_utils/nnet_array.h:24]   --->   Operation 145 'read' 'data_57_val_read' <Predicate = true> <Delay = 0.00>
ST_1 : Operation 146 [1/1] (0.00ns)   --->   "%data_56_val_read = read i16 @_ssdm_op_Read.ap_auto.i16, i16 %data_56_val" [firmware/nnet_utils/nnet_array.h:24]   --->   Operation 146 'read' 'data_56_val_read' <Predicate = true> <Delay = 0.00>
ST_1 : Operation 147 [1/1] (0.00ns)   --->   "%data_55_val_read = read i16 @_ssdm_op_Read.ap_auto.i16, i16 %data_55_val" [firmware/nnet_utils/nnet_array.h:24]   --->   Operation 147 'read' 'data_55_val_read' <Predicate = true> <Delay = 0.00>
ST_1 : Operation 148 [1/1] (0.00ns)   --->   "%data_54_val_read = read i16 @_ssdm_op_Read.ap_auto.i16, i16 %data_54_val" [firmware/nnet_utils/nnet_array.h:24]   --->   Operation 148 'read' 'data_54_val_read' <Predicate = true> <Delay = 0.00>
ST_1 : Operation 149 [1/1] (0.00ns)   --->   "%data_53_val_read = read i16 @_ssdm_op_Read.ap_auto.i16, i16 %data_53_val" [firmware/nnet_utils/nnet_array.h:24]   --->   Operation 149 'read' 'data_53_val_read' <Predicate = true> <Delay = 0.00>
ST_1 : Operation 150 [1/1] (0.00ns)   --->   "%data_52_val_read = read i16 @_ssdm_op_Read.ap_auto.i16, i16 %data_52_val" [firmware/nnet_utils/nnet_array.h:24]   --->   Operation 150 'read' 'data_52_val_read' <Predicate = true> <Delay = 0.00>
ST_1 : Operation 151 [1/1] (0.00ns)   --->   "%data_51_val_read = read i16 @_ssdm_op_Read.ap_auto.i16, i16 %data_51_val" [firmware/nnet_utils/nnet_array.h:24]   --->   Operation 151 'read' 'data_51_val_read' <Predicate = true> <Delay = 0.00>
ST_1 : Operation 152 [1/1] (0.00ns)   --->   "%data_50_val_read = read i16 @_ssdm_op_Read.ap_auto.i16, i16 %data_50_val" [firmware/nnet_utils/nnet_array.h:24]   --->   Operation 152 'read' 'data_50_val_read' <Predicate = true> <Delay = 0.00>
ST_1 : Operation 153 [1/1] (0.00ns)   --->   "%data_49_val_read = read i16 @_ssdm_op_Read.ap_auto.i16, i16 %data_49_val" [firmware/nnet_utils/nnet_array.h:24]   --->   Operation 153 'read' 'data_49_val_read' <Predicate = true> <Delay = 0.00>
ST_1 : Operation 154 [1/1] (0.00ns)   --->   "%data_48_val_read = read i16 @_ssdm_op_Read.ap_auto.i16, i16 %data_48_val" [firmware/nnet_utils/nnet_array.h:24]   --->   Operation 154 'read' 'data_48_val_read' <Predicate = true> <Delay = 0.00>
ST_1 : Operation 155 [1/1] (0.00ns)   --->   "%data_47_val_read = read i16 @_ssdm_op_Read.ap_auto.i16, i16 %data_47_val" [firmware/nnet_utils/nnet_array.h:24]   --->   Operation 155 'read' 'data_47_val_read' <Predicate = true> <Delay = 0.00>
ST_1 : Operation 156 [1/1] (0.00ns)   --->   "%data_46_val_read = read i16 @_ssdm_op_Read.ap_auto.i16, i16 %data_46_val" [firmware/nnet_utils/nnet_array.h:24]   --->   Operation 156 'read' 'data_46_val_read' <Predicate = true> <Delay = 0.00>
ST_1 : Operation 157 [1/1] (0.00ns)   --->   "%data_45_val_read = read i16 @_ssdm_op_Read.ap_auto.i16, i16 %data_45_val" [firmware/nnet_utils/nnet_array.h:24]   --->   Operation 157 'read' 'data_45_val_read' <Predicate = true> <Delay = 0.00>
ST_1 : Operation 158 [1/1] (0.00ns)   --->   "%data_44_val_read = read i16 @_ssdm_op_Read.ap_auto.i16, i16 %data_44_val" [firmware/nnet_utils/nnet_array.h:24]   --->   Operation 158 'read' 'data_44_val_read' <Predicate = true> <Delay = 0.00>
ST_1 : Operation 159 [1/1] (0.00ns)   --->   "%data_43_val_read = read i16 @_ssdm_op_Read.ap_auto.i16, i16 %data_43_val" [firmware/nnet_utils/nnet_array.h:24]   --->   Operation 159 'read' 'data_43_val_read' <Predicate = true> <Delay = 0.00>
ST_1 : Operation 160 [1/1] (0.00ns)   --->   "%data_42_val_read = read i16 @_ssdm_op_Read.ap_auto.i16, i16 %data_42_val" [firmware/nnet_utils/nnet_array.h:24]   --->   Operation 160 'read' 'data_42_val_read' <Predicate = true> <Delay = 0.00>
ST_1 : Operation 161 [1/1] (0.00ns)   --->   "%data_41_val_read = read i16 @_ssdm_op_Read.ap_auto.i16, i16 %data_41_val" [firmware/nnet_utils/nnet_array.h:24]   --->   Operation 161 'read' 'data_41_val_read' <Predicate = true> <Delay = 0.00>
ST_1 : Operation 162 [1/1] (0.00ns)   --->   "%data_40_val_read = read i16 @_ssdm_op_Read.ap_auto.i16, i16 %data_40_val" [firmware/nnet_utils/nnet_array.h:24]   --->   Operation 162 'read' 'data_40_val_read' <Predicate = true> <Delay = 0.00>
ST_1 : Operation 163 [1/1] (0.00ns)   --->   "%data_39_val_read = read i16 @_ssdm_op_Read.ap_auto.i16, i16 %data_39_val" [firmware/nnet_utils/nnet_array.h:24]   --->   Operation 163 'read' 'data_39_val_read' <Predicate = true> <Delay = 0.00>
ST_1 : Operation 164 [1/1] (0.00ns)   --->   "%data_38_val_read = read i16 @_ssdm_op_Read.ap_auto.i16, i16 %data_38_val" [firmware/nnet_utils/nnet_array.h:24]   --->   Operation 164 'read' 'data_38_val_read' <Predicate = true> <Delay = 0.00>
ST_1 : Operation 165 [1/1] (0.00ns)   --->   "%data_37_val_read = read i16 @_ssdm_op_Read.ap_auto.i16, i16 %data_37_val" [firmware/nnet_utils/nnet_array.h:24]   --->   Operation 165 'read' 'data_37_val_read' <Predicate = true> <Delay = 0.00>
ST_1 : Operation 166 [1/1] (0.00ns)   --->   "%data_36_val_read = read i16 @_ssdm_op_Read.ap_auto.i16, i16 %data_36_val" [firmware/nnet_utils/nnet_array.h:24]   --->   Operation 166 'read' 'data_36_val_read' <Predicate = true> <Delay = 0.00>
ST_1 : Operation 167 [1/1] (0.00ns)   --->   "%data_35_val_read = read i16 @_ssdm_op_Read.ap_auto.i16, i16 %data_35_val" [firmware/nnet_utils/nnet_array.h:24]   --->   Operation 167 'read' 'data_35_val_read' <Predicate = true> <Delay = 0.00>
ST_1 : Operation 168 [1/1] (0.00ns)   --->   "%data_34_val_read = read i16 @_ssdm_op_Read.ap_auto.i16, i16 %data_34_val" [firmware/nnet_utils/nnet_array.h:24]   --->   Operation 168 'read' 'data_34_val_read' <Predicate = true> <Delay = 0.00>
ST_1 : Operation 169 [1/1] (0.00ns)   --->   "%data_33_val_read = read i16 @_ssdm_op_Read.ap_auto.i16, i16 %data_33_val" [firmware/nnet_utils/nnet_array.h:24]   --->   Operation 169 'read' 'data_33_val_read' <Predicate = true> <Delay = 0.00>
ST_1 : Operation 170 [1/1] (0.00ns)   --->   "%data_32_val_read = read i16 @_ssdm_op_Read.ap_auto.i16, i16 %data_32_val" [firmware/nnet_utils/nnet_array.h:24]   --->   Operation 170 'read' 'data_32_val_read' <Predicate = true> <Delay = 0.00>
ST_1 : Operation 171 [1/1] (0.00ns)   --->   "%data_31_val_read = read i16 @_ssdm_op_Read.ap_auto.i16, i16 %data_31_val" [firmware/nnet_utils/nnet_array.h:24]   --->   Operation 171 'read' 'data_31_val_read' <Predicate = true> <Delay = 0.00>
ST_1 : Operation 172 [1/1] (0.00ns)   --->   "%data_30_val_read = read i16 @_ssdm_op_Read.ap_auto.i16, i16 %data_30_val" [firmware/nnet_utils/nnet_array.h:24]   --->   Operation 172 'read' 'data_30_val_read' <Predicate = true> <Delay = 0.00>
ST_1 : Operation 173 [1/1] (0.00ns)   --->   "%data_29_val_read = read i16 @_ssdm_op_Read.ap_auto.i16, i16 %data_29_val" [firmware/nnet_utils/nnet_array.h:24]   --->   Operation 173 'read' 'data_29_val_read' <Predicate = true> <Delay = 0.00>
ST_1 : Operation 174 [1/1] (0.00ns)   --->   "%data_28_val_read = read i16 @_ssdm_op_Read.ap_auto.i16, i16 %data_28_val" [firmware/nnet_utils/nnet_array.h:24]   --->   Operation 174 'read' 'data_28_val_read' <Predicate = true> <Delay = 0.00>
ST_1 : Operation 175 [1/1] (0.00ns)   --->   "%data_27_val_read = read i16 @_ssdm_op_Read.ap_auto.i16, i16 %data_27_val" [firmware/nnet_utils/nnet_array.h:24]   --->   Operation 175 'read' 'data_27_val_read' <Predicate = true> <Delay = 0.00>
ST_1 : Operation 176 [1/1] (0.00ns)   --->   "%data_26_val_read = read i16 @_ssdm_op_Read.ap_auto.i16, i16 %data_26_val" [firmware/nnet_utils/nnet_array.h:24]   --->   Operation 176 'read' 'data_26_val_read' <Predicate = true> <Delay = 0.00>
ST_1 : Operation 177 [1/1] (0.00ns)   --->   "%data_25_val_read = read i16 @_ssdm_op_Read.ap_auto.i16, i16 %data_25_val" [firmware/nnet_utils/nnet_array.h:24]   --->   Operation 177 'read' 'data_25_val_read' <Predicate = true> <Delay = 0.00>
ST_1 : Operation 178 [1/1] (0.00ns)   --->   "%data_24_val_read = read i16 @_ssdm_op_Read.ap_auto.i16, i16 %data_24_val" [firmware/nnet_utils/nnet_array.h:24]   --->   Operation 178 'read' 'data_24_val_read' <Predicate = true> <Delay = 0.00>
ST_1 : Operation 179 [1/1] (0.00ns)   --->   "%data_23_val_read = read i16 @_ssdm_op_Read.ap_auto.i16, i16 %data_23_val" [firmware/nnet_utils/nnet_array.h:24]   --->   Operation 179 'read' 'data_23_val_read' <Predicate = true> <Delay = 0.00>
ST_1 : Operation 180 [1/1] (0.00ns)   --->   "%data_22_val_read = read i16 @_ssdm_op_Read.ap_auto.i16, i16 %data_22_val" [firmware/nnet_utils/nnet_array.h:24]   --->   Operation 180 'read' 'data_22_val_read' <Predicate = true> <Delay = 0.00>
ST_1 : Operation 181 [1/1] (0.00ns)   --->   "%data_21_val_read = read i16 @_ssdm_op_Read.ap_auto.i16, i16 %data_21_val" [firmware/nnet_utils/nnet_array.h:24]   --->   Operation 181 'read' 'data_21_val_read' <Predicate = true> <Delay = 0.00>
ST_1 : Operation 182 [1/1] (0.00ns)   --->   "%data_20_val_read = read i16 @_ssdm_op_Read.ap_auto.i16, i16 %data_20_val" [firmware/nnet_utils/nnet_array.h:24]   --->   Operation 182 'read' 'data_20_val_read' <Predicate = true> <Delay = 0.00>
ST_1 : Operation 183 [1/1] (0.00ns)   --->   "%data_19_val_read = read i16 @_ssdm_op_Read.ap_auto.i16, i16 %data_19_val" [firmware/nnet_utils/nnet_array.h:24]   --->   Operation 183 'read' 'data_19_val_read' <Predicate = true> <Delay = 0.00>
ST_1 : Operation 184 [1/1] (0.00ns)   --->   "%data_18_val_read = read i16 @_ssdm_op_Read.ap_auto.i16, i16 %data_18_val" [firmware/nnet_utils/nnet_array.h:24]   --->   Operation 184 'read' 'data_18_val_read' <Predicate = true> <Delay = 0.00>
ST_1 : Operation 185 [1/1] (0.00ns)   --->   "%data_17_val_read = read i16 @_ssdm_op_Read.ap_auto.i16, i16 %data_17_val" [firmware/nnet_utils/nnet_array.h:24]   --->   Operation 185 'read' 'data_17_val_read' <Predicate = true> <Delay = 0.00>
ST_1 : Operation 186 [1/1] (0.00ns)   --->   "%data_16_val_read = read i16 @_ssdm_op_Read.ap_auto.i16, i16 %data_16_val" [firmware/nnet_utils/nnet_array.h:24]   --->   Operation 186 'read' 'data_16_val_read' <Predicate = true> <Delay = 0.00>
ST_1 : Operation 187 [1/1] (0.00ns)   --->   "%data_15_val_read = read i16 @_ssdm_op_Read.ap_auto.i16, i16 %data_15_val" [firmware/nnet_utils/nnet_array.h:24]   --->   Operation 187 'read' 'data_15_val_read' <Predicate = true> <Delay = 0.00>
ST_1 : Operation 188 [1/1] (0.00ns)   --->   "%data_14_val_read = read i16 @_ssdm_op_Read.ap_auto.i16, i16 %data_14_val" [firmware/nnet_utils/nnet_array.h:24]   --->   Operation 188 'read' 'data_14_val_read' <Predicate = true> <Delay = 0.00>
ST_1 : Operation 189 [1/1] (0.00ns)   --->   "%data_13_val_read = read i16 @_ssdm_op_Read.ap_auto.i16, i16 %data_13_val" [firmware/nnet_utils/nnet_array.h:24]   --->   Operation 189 'read' 'data_13_val_read' <Predicate = true> <Delay = 0.00>
ST_1 : Operation 190 [1/1] (0.00ns)   --->   "%data_12_val_read = read i16 @_ssdm_op_Read.ap_auto.i16, i16 %data_12_val" [firmware/nnet_utils/nnet_array.h:24]   --->   Operation 190 'read' 'data_12_val_read' <Predicate = true> <Delay = 0.00>
ST_1 : Operation 191 [1/1] (0.00ns)   --->   "%data_11_val_read = read i16 @_ssdm_op_Read.ap_auto.i16, i16 %data_11_val" [firmware/nnet_utils/nnet_array.h:24]   --->   Operation 191 'read' 'data_11_val_read' <Predicate = true> <Delay = 0.00>
ST_1 : Operation 192 [1/1] (0.00ns)   --->   "%data_10_val_read = read i16 @_ssdm_op_Read.ap_auto.i16, i16 %data_10_val" [firmware/nnet_utils/nnet_array.h:24]   --->   Operation 192 'read' 'data_10_val_read' <Predicate = true> <Delay = 0.00>
ST_1 : Operation 193 [1/1] (0.00ns)   --->   "%data_9_val_read = read i16 @_ssdm_op_Read.ap_auto.i16, i16 %data_9_val" [firmware/nnet_utils/nnet_array.h:24]   --->   Operation 193 'read' 'data_9_val_read' <Predicate = true> <Delay = 0.00>
ST_1 : Operation 194 [1/1] (0.00ns)   --->   "%data_8_val_read = read i16 @_ssdm_op_Read.ap_auto.i16, i16 %data_8_val" [firmware/nnet_utils/nnet_array.h:24]   --->   Operation 194 'read' 'data_8_val_read' <Predicate = true> <Delay = 0.00>
ST_1 : Operation 195 [1/1] (0.00ns)   --->   "%data_7_val_read = read i16 @_ssdm_op_Read.ap_auto.i16, i16 %data_7_val" [firmware/nnet_utils/nnet_array.h:24]   --->   Operation 195 'read' 'data_7_val_read' <Predicate = true> <Delay = 0.00>
ST_1 : Operation 196 [1/1] (0.00ns)   --->   "%data_6_val_read = read i16 @_ssdm_op_Read.ap_auto.i16, i16 %data_6_val" [firmware/nnet_utils/nnet_array.h:24]   --->   Operation 196 'read' 'data_6_val_read' <Predicate = true> <Delay = 0.00>
ST_1 : Operation 197 [1/1] (0.00ns)   --->   "%data_5_val_read = read i16 @_ssdm_op_Read.ap_auto.i16, i16 %data_5_val" [firmware/nnet_utils/nnet_array.h:24]   --->   Operation 197 'read' 'data_5_val_read' <Predicate = true> <Delay = 0.00>
ST_1 : Operation 198 [1/1] (0.00ns)   --->   "%data_4_val_read = read i16 @_ssdm_op_Read.ap_auto.i16, i16 %data_4_val" [firmware/nnet_utils/nnet_array.h:24]   --->   Operation 198 'read' 'data_4_val_read' <Predicate = true> <Delay = 0.00>
ST_1 : Operation 199 [1/1] (0.00ns)   --->   "%data_3_val_read = read i16 @_ssdm_op_Read.ap_auto.i16, i16 %data_3_val" [firmware/nnet_utils/nnet_array.h:24]   --->   Operation 199 'read' 'data_3_val_read' <Predicate = true> <Delay = 0.00>
ST_1 : Operation 200 [1/1] (0.00ns)   --->   "%data_2_val_read = read i16 @_ssdm_op_Read.ap_auto.i16, i16 %data_2_val" [firmware/nnet_utils/nnet_array.h:24]   --->   Operation 200 'read' 'data_2_val_read' <Predicate = true> <Delay = 0.00>
ST_1 : Operation 201 [1/1] (0.00ns)   --->   "%data_1_val_read = read i16 @_ssdm_op_Read.ap_auto.i16, i16 %data_1_val" [firmware/nnet_utils/nnet_array.h:24]   --->   Operation 201 'read' 'data_1_val_read' <Predicate = true> <Delay = 0.00>
ST_1 : Operation 202 [1/1] (0.00ns)   --->   "%data_0_val_read = read i16 @_ssdm_op_Read.ap_auto.i16, i16 %data_0_val" [firmware/nnet_utils/nnet_array.h:24]   --->   Operation 202 'read' 'data_0_val_read' <Predicate = true> <Delay = 0.00>
ST_1 : Operation 203 [1/1] (0.00ns)   --->   "%mrv = insertvalue i3200 <undef>, i16 %data_0_val_read" [firmware/nnet_utils/nnet_array.h:24]   --->   Operation 203 'insertvalue' 'mrv' <Predicate = true> <Delay = 0.00>
ST_1 : Operation 204 [1/1] (0.00ns)   --->   "%mrv_1 = insertvalue i3200 %mrv, i16 %data_20_val_read" [firmware/nnet_utils/nnet_array.h:24]   --->   Operation 204 'insertvalue' 'mrv_1' <Predicate = true> <Delay = 0.00>
ST_1 : Operation 205 [1/1] (0.00ns)   --->   "%mrv_2 = insertvalue i3200 %mrv_1, i16 %data_40_val_read" [firmware/nnet_utils/nnet_array.h:24]   --->   Operation 205 'insertvalue' 'mrv_2' <Predicate = true> <Delay = 0.00>
ST_1 : Operation 206 [1/1] (0.00ns)   --->   "%mrv_3 = insertvalue i3200 %mrv_2, i16 %data_60_val_read" [firmware/nnet_utils/nnet_array.h:24]   --->   Operation 206 'insertvalue' 'mrv_3' <Predicate = true> <Delay = 0.00>
ST_1 : Operation 207 [1/1] (0.00ns)   --->   "%mrv_4 = insertvalue i3200 %mrv_3, i16 %data_80_val_read" [firmware/nnet_utils/nnet_array.h:24]   --->   Operation 207 'insertvalue' 'mrv_4' <Predicate = true> <Delay = 0.00>
ST_1 : Operation 208 [1/1] (0.00ns)   --->   "%mrv_5 = insertvalue i3200 %mrv_4, i16 %data_100_val_read" [firmware/nnet_utils/nnet_array.h:24]   --->   Operation 208 'insertvalue' 'mrv_5' <Predicate = true> <Delay = 0.00>
ST_1 : Operation 209 [1/1] (0.00ns)   --->   "%mrv_6 = insertvalue i3200 %mrv_5, i16 %data_120_val_read" [firmware/nnet_utils/nnet_array.h:24]   --->   Operation 209 'insertvalue' 'mrv_6' <Predicate = true> <Delay = 0.00>
ST_1 : Operation 210 [1/1] (0.00ns)   --->   "%mrv_7 = insertvalue i3200 %mrv_6, i16 %data_140_val_read" [firmware/nnet_utils/nnet_array.h:24]   --->   Operation 210 'insertvalue' 'mrv_7' <Predicate = true> <Delay = 0.00>
ST_1 : Operation 211 [1/1] (0.00ns)   --->   "%mrv_8 = insertvalue i3200 %mrv_7, i16 %data_160_val_read" [firmware/nnet_utils/nnet_array.h:24]   --->   Operation 211 'insertvalue' 'mrv_8' <Predicate = true> <Delay = 0.00>
ST_1 : Operation 212 [1/1] (0.00ns)   --->   "%mrv_9 = insertvalue i3200 %mrv_8, i16 %data_180_val_read" [firmware/nnet_utils/nnet_array.h:24]   --->   Operation 212 'insertvalue' 'mrv_9' <Predicate = true> <Delay = 0.00>
ST_1 : Operation 213 [1/1] (0.00ns)   --->   "%mrv_s = insertvalue i3200 %mrv_9, i16 %data_1_val_read" [firmware/nnet_utils/nnet_array.h:24]   --->   Operation 213 'insertvalue' 'mrv_s' <Predicate = true> <Delay = 0.00>
ST_1 : Operation 214 [1/1] (0.00ns)   --->   "%mrv_10 = insertvalue i3200 %mrv_s, i16 %data_21_val_read" [firmware/nnet_utils/nnet_array.h:24]   --->   Operation 214 'insertvalue' 'mrv_10' <Predicate = true> <Delay = 0.00>
ST_1 : Operation 215 [1/1] (0.00ns)   --->   "%mrv_11 = insertvalue i3200 %mrv_10, i16 %data_41_val_read" [firmware/nnet_utils/nnet_array.h:24]   --->   Operation 215 'insertvalue' 'mrv_11' <Predicate = true> <Delay = 0.00>
ST_1 : Operation 216 [1/1] (0.00ns)   --->   "%mrv_12 = insertvalue i3200 %mrv_11, i16 %data_61_val_read" [firmware/nnet_utils/nnet_array.h:24]   --->   Operation 216 'insertvalue' 'mrv_12' <Predicate = true> <Delay = 0.00>
ST_1 : Operation 217 [1/1] (0.00ns)   --->   "%mrv_13 = insertvalue i3200 %mrv_12, i16 %data_81_val_read" [firmware/nnet_utils/nnet_array.h:24]   --->   Operation 217 'insertvalue' 'mrv_13' <Predicate = true> <Delay = 0.00>
ST_1 : Operation 218 [1/1] (0.00ns)   --->   "%mrv_14 = insertvalue i3200 %mrv_13, i16 %data_101_val_read" [firmware/nnet_utils/nnet_array.h:24]   --->   Operation 218 'insertvalue' 'mrv_14' <Predicate = true> <Delay = 0.00>
ST_1 : Operation 219 [1/1] (0.00ns)   --->   "%mrv_15 = insertvalue i3200 %mrv_14, i16 %data_121_val_read" [firmware/nnet_utils/nnet_array.h:24]   --->   Operation 219 'insertvalue' 'mrv_15' <Predicate = true> <Delay = 0.00>
ST_1 : Operation 220 [1/1] (0.00ns)   --->   "%mrv_16 = insertvalue i3200 %mrv_15, i16 %data_141_val_read" [firmware/nnet_utils/nnet_array.h:24]   --->   Operation 220 'insertvalue' 'mrv_16' <Predicate = true> <Delay = 0.00>
ST_1 : Operation 221 [1/1] (0.00ns)   --->   "%mrv_17 = insertvalue i3200 %mrv_16, i16 %data_161_val_read" [firmware/nnet_utils/nnet_array.h:24]   --->   Operation 221 'insertvalue' 'mrv_17' <Predicate = true> <Delay = 0.00>
ST_1 : Operation 222 [1/1] (0.00ns)   --->   "%mrv_18 = insertvalue i3200 %mrv_17, i16 %data_181_val_read" [firmware/nnet_utils/nnet_array.h:24]   --->   Operation 222 'insertvalue' 'mrv_18' <Predicate = true> <Delay = 0.00>
ST_1 : Operation 223 [1/1] (0.00ns)   --->   "%mrv_19 = insertvalue i3200 %mrv_18, i16 %data_2_val_read" [firmware/nnet_utils/nnet_array.h:24]   --->   Operation 223 'insertvalue' 'mrv_19' <Predicate = true> <Delay = 0.00>
ST_1 : Operation 224 [1/1] (0.00ns)   --->   "%mrv_20 = insertvalue i3200 %mrv_19, i16 %data_22_val_read" [firmware/nnet_utils/nnet_array.h:24]   --->   Operation 224 'insertvalue' 'mrv_20' <Predicate = true> <Delay = 0.00>
ST_1 : Operation 225 [1/1] (0.00ns)   --->   "%mrv_21 = insertvalue i3200 %mrv_20, i16 %data_42_val_read" [firmware/nnet_utils/nnet_array.h:24]   --->   Operation 225 'insertvalue' 'mrv_21' <Predicate = true> <Delay = 0.00>
ST_1 : Operation 226 [1/1] (0.00ns)   --->   "%mrv_22 = insertvalue i3200 %mrv_21, i16 %data_62_val_read" [firmware/nnet_utils/nnet_array.h:24]   --->   Operation 226 'insertvalue' 'mrv_22' <Predicate = true> <Delay = 0.00>
ST_1 : Operation 227 [1/1] (0.00ns)   --->   "%mrv_23 = insertvalue i3200 %mrv_22, i16 %data_82_val_read" [firmware/nnet_utils/nnet_array.h:24]   --->   Operation 227 'insertvalue' 'mrv_23' <Predicate = true> <Delay = 0.00>
ST_1 : Operation 228 [1/1] (0.00ns)   --->   "%mrv_24 = insertvalue i3200 %mrv_23, i16 %data_102_val_read" [firmware/nnet_utils/nnet_array.h:24]   --->   Operation 228 'insertvalue' 'mrv_24' <Predicate = true> <Delay = 0.00>
ST_1 : Operation 229 [1/1] (0.00ns)   --->   "%mrv_25 = insertvalue i3200 %mrv_24, i16 %data_122_val_read" [firmware/nnet_utils/nnet_array.h:24]   --->   Operation 229 'insertvalue' 'mrv_25' <Predicate = true> <Delay = 0.00>
ST_1 : Operation 230 [1/1] (0.00ns)   --->   "%mrv_26 = insertvalue i3200 %mrv_25, i16 %data_142_val_read" [firmware/nnet_utils/nnet_array.h:24]   --->   Operation 230 'insertvalue' 'mrv_26' <Predicate = true> <Delay = 0.00>
ST_1 : Operation 231 [1/1] (0.00ns)   --->   "%mrv_27 = insertvalue i3200 %mrv_26, i16 %data_162_val_read" [firmware/nnet_utils/nnet_array.h:24]   --->   Operation 231 'insertvalue' 'mrv_27' <Predicate = true> <Delay = 0.00>
ST_1 : Operation 232 [1/1] (0.00ns)   --->   "%mrv_28 = insertvalue i3200 %mrv_27, i16 %data_182_val_read" [firmware/nnet_utils/nnet_array.h:24]   --->   Operation 232 'insertvalue' 'mrv_28' <Predicate = true> <Delay = 0.00>
ST_1 : Operation 233 [1/1] (0.00ns)   --->   "%mrv_29 = insertvalue i3200 %mrv_28, i16 %data_3_val_read" [firmware/nnet_utils/nnet_array.h:24]   --->   Operation 233 'insertvalue' 'mrv_29' <Predicate = true> <Delay = 0.00>
ST_1 : Operation 234 [1/1] (0.00ns)   --->   "%mrv_30 = insertvalue i3200 %mrv_29, i16 %data_23_val_read" [firmware/nnet_utils/nnet_array.h:24]   --->   Operation 234 'insertvalue' 'mrv_30' <Predicate = true> <Delay = 0.00>
ST_1 : Operation 235 [1/1] (0.00ns)   --->   "%mrv_31 = insertvalue i3200 %mrv_30, i16 %data_43_val_read" [firmware/nnet_utils/nnet_array.h:24]   --->   Operation 235 'insertvalue' 'mrv_31' <Predicate = true> <Delay = 0.00>
ST_1 : Operation 236 [1/1] (0.00ns)   --->   "%mrv_32 = insertvalue i3200 %mrv_31, i16 %data_63_val_read" [firmware/nnet_utils/nnet_array.h:24]   --->   Operation 236 'insertvalue' 'mrv_32' <Predicate = true> <Delay = 0.00>
ST_1 : Operation 237 [1/1] (0.00ns)   --->   "%mrv_33 = insertvalue i3200 %mrv_32, i16 %data_83_val_read" [firmware/nnet_utils/nnet_array.h:24]   --->   Operation 237 'insertvalue' 'mrv_33' <Predicate = true> <Delay = 0.00>
ST_1 : Operation 238 [1/1] (0.00ns)   --->   "%mrv_34 = insertvalue i3200 %mrv_33, i16 %data_103_val_read" [firmware/nnet_utils/nnet_array.h:24]   --->   Operation 238 'insertvalue' 'mrv_34' <Predicate = true> <Delay = 0.00>
ST_1 : Operation 239 [1/1] (0.00ns)   --->   "%mrv_35 = insertvalue i3200 %mrv_34, i16 %data_123_val_read" [firmware/nnet_utils/nnet_array.h:24]   --->   Operation 239 'insertvalue' 'mrv_35' <Predicate = true> <Delay = 0.00>
ST_1 : Operation 240 [1/1] (0.00ns)   --->   "%mrv_36 = insertvalue i3200 %mrv_35, i16 %data_143_val_read" [firmware/nnet_utils/nnet_array.h:24]   --->   Operation 240 'insertvalue' 'mrv_36' <Predicate = true> <Delay = 0.00>
ST_1 : Operation 241 [1/1] (0.00ns)   --->   "%mrv_37 = insertvalue i3200 %mrv_36, i16 %data_163_val_read" [firmware/nnet_utils/nnet_array.h:24]   --->   Operation 241 'insertvalue' 'mrv_37' <Predicate = true> <Delay = 0.00>
ST_1 : Operation 242 [1/1] (0.00ns)   --->   "%mrv_38 = insertvalue i3200 %mrv_37, i16 %data_183_val_read" [firmware/nnet_utils/nnet_array.h:24]   --->   Operation 242 'insertvalue' 'mrv_38' <Predicate = true> <Delay = 0.00>
ST_1 : Operation 243 [1/1] (0.00ns)   --->   "%mrv_39 = insertvalue i3200 %mrv_38, i16 %data_4_val_read" [firmware/nnet_utils/nnet_array.h:24]   --->   Operation 243 'insertvalue' 'mrv_39' <Predicate = true> <Delay = 0.00>
ST_1 : Operation 244 [1/1] (0.00ns)   --->   "%mrv_40 = insertvalue i3200 %mrv_39, i16 %data_24_val_read" [firmware/nnet_utils/nnet_array.h:24]   --->   Operation 244 'insertvalue' 'mrv_40' <Predicate = true> <Delay = 0.00>
ST_1 : Operation 245 [1/1] (0.00ns)   --->   "%mrv_41 = insertvalue i3200 %mrv_40, i16 %data_44_val_read" [firmware/nnet_utils/nnet_array.h:24]   --->   Operation 245 'insertvalue' 'mrv_41' <Predicate = true> <Delay = 0.00>
ST_1 : Operation 246 [1/1] (0.00ns)   --->   "%mrv_42 = insertvalue i3200 %mrv_41, i16 %data_64_val_read" [firmware/nnet_utils/nnet_array.h:24]   --->   Operation 246 'insertvalue' 'mrv_42' <Predicate = true> <Delay = 0.00>
ST_1 : Operation 247 [1/1] (0.00ns)   --->   "%mrv_43 = insertvalue i3200 %mrv_42, i16 %data_84_val_read" [firmware/nnet_utils/nnet_array.h:24]   --->   Operation 247 'insertvalue' 'mrv_43' <Predicate = true> <Delay = 0.00>
ST_1 : Operation 248 [1/1] (0.00ns)   --->   "%mrv_44 = insertvalue i3200 %mrv_43, i16 %data_104_val_read" [firmware/nnet_utils/nnet_array.h:24]   --->   Operation 248 'insertvalue' 'mrv_44' <Predicate = true> <Delay = 0.00>
ST_1 : Operation 249 [1/1] (0.00ns)   --->   "%mrv_45 = insertvalue i3200 %mrv_44, i16 %data_124_val_read" [firmware/nnet_utils/nnet_array.h:24]   --->   Operation 249 'insertvalue' 'mrv_45' <Predicate = true> <Delay = 0.00>
ST_1 : Operation 250 [1/1] (0.00ns)   --->   "%mrv_46 = insertvalue i3200 %mrv_45, i16 %data_144_val_read" [firmware/nnet_utils/nnet_array.h:24]   --->   Operation 250 'insertvalue' 'mrv_46' <Predicate = true> <Delay = 0.00>
ST_1 : Operation 251 [1/1] (0.00ns)   --->   "%mrv_47 = insertvalue i3200 %mrv_46, i16 %data_164_val_read" [firmware/nnet_utils/nnet_array.h:24]   --->   Operation 251 'insertvalue' 'mrv_47' <Predicate = true> <Delay = 0.00>
ST_1 : Operation 252 [1/1] (0.00ns)   --->   "%mrv_48 = insertvalue i3200 %mrv_47, i16 %data_184_val_read" [firmware/nnet_utils/nnet_array.h:24]   --->   Operation 252 'insertvalue' 'mrv_48' <Predicate = true> <Delay = 0.00>
ST_1 : Operation 253 [1/1] (0.00ns)   --->   "%mrv_49 = insertvalue i3200 %mrv_48, i16 %data_5_val_read" [firmware/nnet_utils/nnet_array.h:24]   --->   Operation 253 'insertvalue' 'mrv_49' <Predicate = true> <Delay = 0.00>
ST_1 : Operation 254 [1/1] (0.00ns)   --->   "%mrv_50 = insertvalue i3200 %mrv_49, i16 %data_25_val_read" [firmware/nnet_utils/nnet_array.h:24]   --->   Operation 254 'insertvalue' 'mrv_50' <Predicate = true> <Delay = 0.00>
ST_1 : Operation 255 [1/1] (0.00ns)   --->   "%mrv_51 = insertvalue i3200 %mrv_50, i16 %data_45_val_read" [firmware/nnet_utils/nnet_array.h:24]   --->   Operation 255 'insertvalue' 'mrv_51' <Predicate = true> <Delay = 0.00>
ST_1 : Operation 256 [1/1] (0.00ns)   --->   "%mrv_52 = insertvalue i3200 %mrv_51, i16 %data_65_val_read" [firmware/nnet_utils/nnet_array.h:24]   --->   Operation 256 'insertvalue' 'mrv_52' <Predicate = true> <Delay = 0.00>
ST_1 : Operation 257 [1/1] (0.00ns)   --->   "%mrv_53 = insertvalue i3200 %mrv_52, i16 %data_85_val_read" [firmware/nnet_utils/nnet_array.h:24]   --->   Operation 257 'insertvalue' 'mrv_53' <Predicate = true> <Delay = 0.00>
ST_1 : Operation 258 [1/1] (0.00ns)   --->   "%mrv_54 = insertvalue i3200 %mrv_53, i16 %data_105_val_read" [firmware/nnet_utils/nnet_array.h:24]   --->   Operation 258 'insertvalue' 'mrv_54' <Predicate = true> <Delay = 0.00>
ST_1 : Operation 259 [1/1] (0.00ns)   --->   "%mrv_55 = insertvalue i3200 %mrv_54, i16 %data_125_val_read" [firmware/nnet_utils/nnet_array.h:24]   --->   Operation 259 'insertvalue' 'mrv_55' <Predicate = true> <Delay = 0.00>
ST_1 : Operation 260 [1/1] (0.00ns)   --->   "%mrv_56 = insertvalue i3200 %mrv_55, i16 %data_145_val_read" [firmware/nnet_utils/nnet_array.h:24]   --->   Operation 260 'insertvalue' 'mrv_56' <Predicate = true> <Delay = 0.00>
ST_1 : Operation 261 [1/1] (0.00ns)   --->   "%mrv_57 = insertvalue i3200 %mrv_56, i16 %data_165_val_read" [firmware/nnet_utils/nnet_array.h:24]   --->   Operation 261 'insertvalue' 'mrv_57' <Predicate = true> <Delay = 0.00>
ST_1 : Operation 262 [1/1] (0.00ns)   --->   "%mrv_58 = insertvalue i3200 %mrv_57, i16 %data_185_val_read" [firmware/nnet_utils/nnet_array.h:24]   --->   Operation 262 'insertvalue' 'mrv_58' <Predicate = true> <Delay = 0.00>
ST_1 : Operation 263 [1/1] (0.00ns)   --->   "%mrv_59 = insertvalue i3200 %mrv_58, i16 %data_6_val_read" [firmware/nnet_utils/nnet_array.h:24]   --->   Operation 263 'insertvalue' 'mrv_59' <Predicate = true> <Delay = 0.00>
ST_1 : Operation 264 [1/1] (0.00ns)   --->   "%mrv_60 = insertvalue i3200 %mrv_59, i16 %data_26_val_read" [firmware/nnet_utils/nnet_array.h:24]   --->   Operation 264 'insertvalue' 'mrv_60' <Predicate = true> <Delay = 0.00>
ST_1 : Operation 265 [1/1] (0.00ns)   --->   "%mrv_61 = insertvalue i3200 %mrv_60, i16 %data_46_val_read" [firmware/nnet_utils/nnet_array.h:24]   --->   Operation 265 'insertvalue' 'mrv_61' <Predicate = true> <Delay = 0.00>
ST_1 : Operation 266 [1/1] (0.00ns)   --->   "%mrv_62 = insertvalue i3200 %mrv_61, i16 %data_66_val_read" [firmware/nnet_utils/nnet_array.h:24]   --->   Operation 266 'insertvalue' 'mrv_62' <Predicate = true> <Delay = 0.00>
ST_1 : Operation 267 [1/1] (0.00ns)   --->   "%mrv_63 = insertvalue i3200 %mrv_62, i16 %data_86_val_read" [firmware/nnet_utils/nnet_array.h:24]   --->   Operation 267 'insertvalue' 'mrv_63' <Predicate = true> <Delay = 0.00>
ST_1 : Operation 268 [1/1] (0.00ns)   --->   "%mrv_64 = insertvalue i3200 %mrv_63, i16 %data_106_val_read" [firmware/nnet_utils/nnet_array.h:24]   --->   Operation 268 'insertvalue' 'mrv_64' <Predicate = true> <Delay = 0.00>
ST_1 : Operation 269 [1/1] (0.00ns)   --->   "%mrv_65 = insertvalue i3200 %mrv_64, i16 %data_126_val_read" [firmware/nnet_utils/nnet_array.h:24]   --->   Operation 269 'insertvalue' 'mrv_65' <Predicate = true> <Delay = 0.00>
ST_1 : Operation 270 [1/1] (0.00ns)   --->   "%mrv_66 = insertvalue i3200 %mrv_65, i16 %data_146_val_read" [firmware/nnet_utils/nnet_array.h:24]   --->   Operation 270 'insertvalue' 'mrv_66' <Predicate = true> <Delay = 0.00>
ST_1 : Operation 271 [1/1] (0.00ns)   --->   "%mrv_67 = insertvalue i3200 %mrv_66, i16 %data_166_val_read" [firmware/nnet_utils/nnet_array.h:24]   --->   Operation 271 'insertvalue' 'mrv_67' <Predicate = true> <Delay = 0.00>
ST_1 : Operation 272 [1/1] (0.00ns)   --->   "%mrv_68 = insertvalue i3200 %mrv_67, i16 %data_186_val_read" [firmware/nnet_utils/nnet_array.h:24]   --->   Operation 272 'insertvalue' 'mrv_68' <Predicate = true> <Delay = 0.00>
ST_1 : Operation 273 [1/1] (0.00ns)   --->   "%mrv_69 = insertvalue i3200 %mrv_68, i16 %data_7_val_read" [firmware/nnet_utils/nnet_array.h:24]   --->   Operation 273 'insertvalue' 'mrv_69' <Predicate = true> <Delay = 0.00>
ST_1 : Operation 274 [1/1] (0.00ns)   --->   "%mrv_70 = insertvalue i3200 %mrv_69, i16 %data_27_val_read" [firmware/nnet_utils/nnet_array.h:24]   --->   Operation 274 'insertvalue' 'mrv_70' <Predicate = true> <Delay = 0.00>
ST_1 : Operation 275 [1/1] (0.00ns)   --->   "%mrv_71 = insertvalue i3200 %mrv_70, i16 %data_47_val_read" [firmware/nnet_utils/nnet_array.h:24]   --->   Operation 275 'insertvalue' 'mrv_71' <Predicate = true> <Delay = 0.00>
ST_1 : Operation 276 [1/1] (0.00ns)   --->   "%mrv_72 = insertvalue i3200 %mrv_71, i16 %data_67_val_read" [firmware/nnet_utils/nnet_array.h:24]   --->   Operation 276 'insertvalue' 'mrv_72' <Predicate = true> <Delay = 0.00>
ST_1 : Operation 277 [1/1] (0.00ns)   --->   "%mrv_73 = insertvalue i3200 %mrv_72, i16 %data_87_val_read" [firmware/nnet_utils/nnet_array.h:24]   --->   Operation 277 'insertvalue' 'mrv_73' <Predicate = true> <Delay = 0.00>
ST_1 : Operation 278 [1/1] (0.00ns)   --->   "%mrv_74 = insertvalue i3200 %mrv_73, i16 %data_107_val_read" [firmware/nnet_utils/nnet_array.h:24]   --->   Operation 278 'insertvalue' 'mrv_74' <Predicate = true> <Delay = 0.00>
ST_1 : Operation 279 [1/1] (0.00ns)   --->   "%mrv_75 = insertvalue i3200 %mrv_74, i16 %data_127_val_read" [firmware/nnet_utils/nnet_array.h:24]   --->   Operation 279 'insertvalue' 'mrv_75' <Predicate = true> <Delay = 0.00>
ST_1 : Operation 280 [1/1] (0.00ns)   --->   "%mrv_76 = insertvalue i3200 %mrv_75, i16 %data_147_val_read" [firmware/nnet_utils/nnet_array.h:24]   --->   Operation 280 'insertvalue' 'mrv_76' <Predicate = true> <Delay = 0.00>
ST_1 : Operation 281 [1/1] (0.00ns)   --->   "%mrv_77 = insertvalue i3200 %mrv_76, i16 %data_167_val_read" [firmware/nnet_utils/nnet_array.h:24]   --->   Operation 281 'insertvalue' 'mrv_77' <Predicate = true> <Delay = 0.00>
ST_1 : Operation 282 [1/1] (0.00ns)   --->   "%mrv_78 = insertvalue i3200 %mrv_77, i16 %data_187_val_read" [firmware/nnet_utils/nnet_array.h:24]   --->   Operation 282 'insertvalue' 'mrv_78' <Predicate = true> <Delay = 0.00>
ST_1 : Operation 283 [1/1] (0.00ns)   --->   "%mrv_79 = insertvalue i3200 %mrv_78, i16 %data_8_val_read" [firmware/nnet_utils/nnet_array.h:24]   --->   Operation 283 'insertvalue' 'mrv_79' <Predicate = true> <Delay = 0.00>
ST_1 : Operation 284 [1/1] (0.00ns)   --->   "%mrv_80 = insertvalue i3200 %mrv_79, i16 %data_28_val_read" [firmware/nnet_utils/nnet_array.h:24]   --->   Operation 284 'insertvalue' 'mrv_80' <Predicate = true> <Delay = 0.00>
ST_1 : Operation 285 [1/1] (0.00ns)   --->   "%mrv_81 = insertvalue i3200 %mrv_80, i16 %data_48_val_read" [firmware/nnet_utils/nnet_array.h:24]   --->   Operation 285 'insertvalue' 'mrv_81' <Predicate = true> <Delay = 0.00>
ST_1 : Operation 286 [1/1] (0.00ns)   --->   "%mrv_82 = insertvalue i3200 %mrv_81, i16 %data_68_val_read" [firmware/nnet_utils/nnet_array.h:24]   --->   Operation 286 'insertvalue' 'mrv_82' <Predicate = true> <Delay = 0.00>
ST_1 : Operation 287 [1/1] (0.00ns)   --->   "%mrv_83 = insertvalue i3200 %mrv_82, i16 %data_88_val_read" [firmware/nnet_utils/nnet_array.h:24]   --->   Operation 287 'insertvalue' 'mrv_83' <Predicate = true> <Delay = 0.00>
ST_1 : Operation 288 [1/1] (0.00ns)   --->   "%mrv_84 = insertvalue i3200 %mrv_83, i16 %data_108_val_read" [firmware/nnet_utils/nnet_array.h:24]   --->   Operation 288 'insertvalue' 'mrv_84' <Predicate = true> <Delay = 0.00>
ST_1 : Operation 289 [1/1] (0.00ns)   --->   "%mrv_85 = insertvalue i3200 %mrv_84, i16 %data_128_val_read" [firmware/nnet_utils/nnet_array.h:24]   --->   Operation 289 'insertvalue' 'mrv_85' <Predicate = true> <Delay = 0.00>
ST_1 : Operation 290 [1/1] (0.00ns)   --->   "%mrv_86 = insertvalue i3200 %mrv_85, i16 %data_148_val_read" [firmware/nnet_utils/nnet_array.h:24]   --->   Operation 290 'insertvalue' 'mrv_86' <Predicate = true> <Delay = 0.00>
ST_1 : Operation 291 [1/1] (0.00ns)   --->   "%mrv_87 = insertvalue i3200 %mrv_86, i16 %data_168_val_read" [firmware/nnet_utils/nnet_array.h:24]   --->   Operation 291 'insertvalue' 'mrv_87' <Predicate = true> <Delay = 0.00>
ST_1 : Operation 292 [1/1] (0.00ns)   --->   "%mrv_88 = insertvalue i3200 %mrv_87, i16 %data_188_val_read" [firmware/nnet_utils/nnet_array.h:24]   --->   Operation 292 'insertvalue' 'mrv_88' <Predicate = true> <Delay = 0.00>
ST_1 : Operation 293 [1/1] (0.00ns)   --->   "%mrv_89 = insertvalue i3200 %mrv_88, i16 %data_9_val_read" [firmware/nnet_utils/nnet_array.h:24]   --->   Operation 293 'insertvalue' 'mrv_89' <Predicate = true> <Delay = 0.00>
ST_1 : Operation 294 [1/1] (0.00ns)   --->   "%mrv_90 = insertvalue i3200 %mrv_89, i16 %data_29_val_read" [firmware/nnet_utils/nnet_array.h:24]   --->   Operation 294 'insertvalue' 'mrv_90' <Predicate = true> <Delay = 0.00>
ST_1 : Operation 295 [1/1] (0.00ns)   --->   "%mrv_91 = insertvalue i3200 %mrv_90, i16 %data_49_val_read" [firmware/nnet_utils/nnet_array.h:24]   --->   Operation 295 'insertvalue' 'mrv_91' <Predicate = true> <Delay = 0.00>
ST_1 : Operation 296 [1/1] (0.00ns)   --->   "%mrv_92 = insertvalue i3200 %mrv_91, i16 %data_69_val_read" [firmware/nnet_utils/nnet_array.h:24]   --->   Operation 296 'insertvalue' 'mrv_92' <Predicate = true> <Delay = 0.00>
ST_1 : Operation 297 [1/1] (0.00ns)   --->   "%mrv_93 = insertvalue i3200 %mrv_92, i16 %data_89_val_read" [firmware/nnet_utils/nnet_array.h:24]   --->   Operation 297 'insertvalue' 'mrv_93' <Predicate = true> <Delay = 0.00>
ST_1 : Operation 298 [1/1] (0.00ns)   --->   "%mrv_94 = insertvalue i3200 %mrv_93, i16 %data_109_val_read" [firmware/nnet_utils/nnet_array.h:24]   --->   Operation 298 'insertvalue' 'mrv_94' <Predicate = true> <Delay = 0.00>
ST_1 : Operation 299 [1/1] (0.00ns)   --->   "%mrv_95 = insertvalue i3200 %mrv_94, i16 %data_129_val_read" [firmware/nnet_utils/nnet_array.h:24]   --->   Operation 299 'insertvalue' 'mrv_95' <Predicate = true> <Delay = 0.00>
ST_1 : Operation 300 [1/1] (0.00ns)   --->   "%mrv_96 = insertvalue i3200 %mrv_95, i16 %data_149_val_read" [firmware/nnet_utils/nnet_array.h:24]   --->   Operation 300 'insertvalue' 'mrv_96' <Predicate = true> <Delay = 0.00>
ST_1 : Operation 301 [1/1] (0.00ns)   --->   "%mrv_97 = insertvalue i3200 %mrv_96, i16 %data_169_val_read" [firmware/nnet_utils/nnet_array.h:24]   --->   Operation 301 'insertvalue' 'mrv_97' <Predicate = true> <Delay = 0.00>
ST_1 : Operation 302 [1/1] (0.00ns)   --->   "%mrv_98 = insertvalue i3200 %mrv_97, i16 %data_189_val_read" [firmware/nnet_utils/nnet_array.h:24]   --->   Operation 302 'insertvalue' 'mrv_98' <Predicate = true> <Delay = 0.00>
ST_1 : Operation 303 [1/1] (0.00ns)   --->   "%mrv_99 = insertvalue i3200 %mrv_98, i16 %data_10_val_read" [firmware/nnet_utils/nnet_array.h:24]   --->   Operation 303 'insertvalue' 'mrv_99' <Predicate = true> <Delay = 0.00>
ST_1 : Operation 304 [1/1] (0.00ns)   --->   "%mrv_100 = insertvalue i3200 %mrv_99, i16 %data_30_val_read" [firmware/nnet_utils/nnet_array.h:24]   --->   Operation 304 'insertvalue' 'mrv_100' <Predicate = true> <Delay = 0.00>
ST_1 : Operation 305 [1/1] (0.00ns)   --->   "%mrv_101 = insertvalue i3200 %mrv_100, i16 %data_50_val_read" [firmware/nnet_utils/nnet_array.h:24]   --->   Operation 305 'insertvalue' 'mrv_101' <Predicate = true> <Delay = 0.00>
ST_1 : Operation 306 [1/1] (0.00ns)   --->   "%mrv_102 = insertvalue i3200 %mrv_101, i16 %data_70_val_read" [firmware/nnet_utils/nnet_array.h:24]   --->   Operation 306 'insertvalue' 'mrv_102' <Predicate = true> <Delay = 0.00>
ST_1 : Operation 307 [1/1] (0.00ns)   --->   "%mrv_103 = insertvalue i3200 %mrv_102, i16 %data_90_val_read" [firmware/nnet_utils/nnet_array.h:24]   --->   Operation 307 'insertvalue' 'mrv_103' <Predicate = true> <Delay = 0.00>
ST_1 : Operation 308 [1/1] (0.00ns)   --->   "%mrv_104 = insertvalue i3200 %mrv_103, i16 %data_110_val_read" [firmware/nnet_utils/nnet_array.h:24]   --->   Operation 308 'insertvalue' 'mrv_104' <Predicate = true> <Delay = 0.00>
ST_1 : Operation 309 [1/1] (0.00ns)   --->   "%mrv_105 = insertvalue i3200 %mrv_104, i16 %data_130_val_read" [firmware/nnet_utils/nnet_array.h:24]   --->   Operation 309 'insertvalue' 'mrv_105' <Predicate = true> <Delay = 0.00>
ST_1 : Operation 310 [1/1] (0.00ns)   --->   "%mrv_106 = insertvalue i3200 %mrv_105, i16 %data_150_val_read" [firmware/nnet_utils/nnet_array.h:24]   --->   Operation 310 'insertvalue' 'mrv_106' <Predicate = true> <Delay = 0.00>
ST_1 : Operation 311 [1/1] (0.00ns)   --->   "%mrv_107 = insertvalue i3200 %mrv_106, i16 %data_170_val_read" [firmware/nnet_utils/nnet_array.h:24]   --->   Operation 311 'insertvalue' 'mrv_107' <Predicate = true> <Delay = 0.00>
ST_1 : Operation 312 [1/1] (0.00ns)   --->   "%mrv_108 = insertvalue i3200 %mrv_107, i16 %data_190_val_read" [firmware/nnet_utils/nnet_array.h:24]   --->   Operation 312 'insertvalue' 'mrv_108' <Predicate = true> <Delay = 0.00>
ST_1 : Operation 313 [1/1] (0.00ns)   --->   "%mrv_109 = insertvalue i3200 %mrv_108, i16 %data_11_val_read" [firmware/nnet_utils/nnet_array.h:24]   --->   Operation 313 'insertvalue' 'mrv_109' <Predicate = true> <Delay = 0.00>
ST_1 : Operation 314 [1/1] (0.00ns)   --->   "%mrv_110 = insertvalue i3200 %mrv_109, i16 %data_31_val_read" [firmware/nnet_utils/nnet_array.h:24]   --->   Operation 314 'insertvalue' 'mrv_110' <Predicate = true> <Delay = 0.00>
ST_1 : Operation 315 [1/1] (0.00ns)   --->   "%mrv_111 = insertvalue i3200 %mrv_110, i16 %data_51_val_read" [firmware/nnet_utils/nnet_array.h:24]   --->   Operation 315 'insertvalue' 'mrv_111' <Predicate = true> <Delay = 0.00>
ST_1 : Operation 316 [1/1] (0.00ns)   --->   "%mrv_112 = insertvalue i3200 %mrv_111, i16 %data_71_val_read" [firmware/nnet_utils/nnet_array.h:24]   --->   Operation 316 'insertvalue' 'mrv_112' <Predicate = true> <Delay = 0.00>
ST_1 : Operation 317 [1/1] (0.00ns)   --->   "%mrv_113 = insertvalue i3200 %mrv_112, i16 %data_91_val_read" [firmware/nnet_utils/nnet_array.h:24]   --->   Operation 317 'insertvalue' 'mrv_113' <Predicate = true> <Delay = 0.00>
ST_1 : Operation 318 [1/1] (0.00ns)   --->   "%mrv_114 = insertvalue i3200 %mrv_113, i16 %data_111_val_read" [firmware/nnet_utils/nnet_array.h:24]   --->   Operation 318 'insertvalue' 'mrv_114' <Predicate = true> <Delay = 0.00>
ST_1 : Operation 319 [1/1] (0.00ns)   --->   "%mrv_115 = insertvalue i3200 %mrv_114, i16 %data_131_val_read" [firmware/nnet_utils/nnet_array.h:24]   --->   Operation 319 'insertvalue' 'mrv_115' <Predicate = true> <Delay = 0.00>
ST_1 : Operation 320 [1/1] (0.00ns)   --->   "%mrv_116 = insertvalue i3200 %mrv_115, i16 %data_151_val_read" [firmware/nnet_utils/nnet_array.h:24]   --->   Operation 320 'insertvalue' 'mrv_116' <Predicate = true> <Delay = 0.00>
ST_1 : Operation 321 [1/1] (0.00ns)   --->   "%mrv_117 = insertvalue i3200 %mrv_116, i16 %data_171_val_read" [firmware/nnet_utils/nnet_array.h:24]   --->   Operation 321 'insertvalue' 'mrv_117' <Predicate = true> <Delay = 0.00>
ST_1 : Operation 322 [1/1] (0.00ns)   --->   "%mrv_118 = insertvalue i3200 %mrv_117, i16 %data_191_val_read" [firmware/nnet_utils/nnet_array.h:24]   --->   Operation 322 'insertvalue' 'mrv_118' <Predicate = true> <Delay = 0.00>
ST_1 : Operation 323 [1/1] (0.00ns)   --->   "%mrv_119 = insertvalue i3200 %mrv_118, i16 %data_12_val_read" [firmware/nnet_utils/nnet_array.h:24]   --->   Operation 323 'insertvalue' 'mrv_119' <Predicate = true> <Delay = 0.00>
ST_1 : Operation 324 [1/1] (0.00ns)   --->   "%mrv_120 = insertvalue i3200 %mrv_119, i16 %data_32_val_read" [firmware/nnet_utils/nnet_array.h:24]   --->   Operation 324 'insertvalue' 'mrv_120' <Predicate = true> <Delay = 0.00>
ST_1 : Operation 325 [1/1] (0.00ns)   --->   "%mrv_121 = insertvalue i3200 %mrv_120, i16 %data_52_val_read" [firmware/nnet_utils/nnet_array.h:24]   --->   Operation 325 'insertvalue' 'mrv_121' <Predicate = true> <Delay = 0.00>
ST_1 : Operation 326 [1/1] (0.00ns)   --->   "%mrv_122 = insertvalue i3200 %mrv_121, i16 %data_72_val_read" [firmware/nnet_utils/nnet_array.h:24]   --->   Operation 326 'insertvalue' 'mrv_122' <Predicate = true> <Delay = 0.00>
ST_1 : Operation 327 [1/1] (0.00ns)   --->   "%mrv_123 = insertvalue i3200 %mrv_122, i16 %data_92_val_read" [firmware/nnet_utils/nnet_array.h:24]   --->   Operation 327 'insertvalue' 'mrv_123' <Predicate = true> <Delay = 0.00>
ST_1 : Operation 328 [1/1] (0.00ns)   --->   "%mrv_124 = insertvalue i3200 %mrv_123, i16 %data_112_val_read" [firmware/nnet_utils/nnet_array.h:24]   --->   Operation 328 'insertvalue' 'mrv_124' <Predicate = true> <Delay = 0.00>
ST_1 : Operation 329 [1/1] (0.00ns)   --->   "%mrv_125 = insertvalue i3200 %mrv_124, i16 %data_132_val_read" [firmware/nnet_utils/nnet_array.h:24]   --->   Operation 329 'insertvalue' 'mrv_125' <Predicate = true> <Delay = 0.00>
ST_1 : Operation 330 [1/1] (0.00ns)   --->   "%mrv_126 = insertvalue i3200 %mrv_125, i16 %data_152_val_read" [firmware/nnet_utils/nnet_array.h:24]   --->   Operation 330 'insertvalue' 'mrv_126' <Predicate = true> <Delay = 0.00>
ST_1 : Operation 331 [1/1] (0.00ns)   --->   "%mrv_127 = insertvalue i3200 %mrv_126, i16 %data_172_val_read" [firmware/nnet_utils/nnet_array.h:24]   --->   Operation 331 'insertvalue' 'mrv_127' <Predicate = true> <Delay = 0.00>
ST_1 : Operation 332 [1/1] (0.00ns)   --->   "%mrv_128 = insertvalue i3200 %mrv_127, i16 %data_192_val_read" [firmware/nnet_utils/nnet_array.h:24]   --->   Operation 332 'insertvalue' 'mrv_128' <Predicate = true> <Delay = 0.00>
ST_1 : Operation 333 [1/1] (0.00ns)   --->   "%mrv_129 = insertvalue i3200 %mrv_128, i16 %data_13_val_read" [firmware/nnet_utils/nnet_array.h:24]   --->   Operation 333 'insertvalue' 'mrv_129' <Predicate = true> <Delay = 0.00>
ST_1 : Operation 334 [1/1] (0.00ns)   --->   "%mrv_130 = insertvalue i3200 %mrv_129, i16 %data_33_val_read" [firmware/nnet_utils/nnet_array.h:24]   --->   Operation 334 'insertvalue' 'mrv_130' <Predicate = true> <Delay = 0.00>
ST_1 : Operation 335 [1/1] (0.00ns)   --->   "%mrv_131 = insertvalue i3200 %mrv_130, i16 %data_53_val_read" [firmware/nnet_utils/nnet_array.h:24]   --->   Operation 335 'insertvalue' 'mrv_131' <Predicate = true> <Delay = 0.00>
ST_1 : Operation 336 [1/1] (0.00ns)   --->   "%mrv_132 = insertvalue i3200 %mrv_131, i16 %data_73_val_read" [firmware/nnet_utils/nnet_array.h:24]   --->   Operation 336 'insertvalue' 'mrv_132' <Predicate = true> <Delay = 0.00>
ST_1 : Operation 337 [1/1] (0.00ns)   --->   "%mrv_133 = insertvalue i3200 %mrv_132, i16 %data_93_val_read" [firmware/nnet_utils/nnet_array.h:24]   --->   Operation 337 'insertvalue' 'mrv_133' <Predicate = true> <Delay = 0.00>
ST_1 : Operation 338 [1/1] (0.00ns)   --->   "%mrv_134 = insertvalue i3200 %mrv_133, i16 %data_113_val_read" [firmware/nnet_utils/nnet_array.h:24]   --->   Operation 338 'insertvalue' 'mrv_134' <Predicate = true> <Delay = 0.00>
ST_1 : Operation 339 [1/1] (0.00ns)   --->   "%mrv_135 = insertvalue i3200 %mrv_134, i16 %data_133_val_read" [firmware/nnet_utils/nnet_array.h:24]   --->   Operation 339 'insertvalue' 'mrv_135' <Predicate = true> <Delay = 0.00>
ST_1 : Operation 340 [1/1] (0.00ns)   --->   "%mrv_136 = insertvalue i3200 %mrv_135, i16 %data_153_val_read" [firmware/nnet_utils/nnet_array.h:24]   --->   Operation 340 'insertvalue' 'mrv_136' <Predicate = true> <Delay = 0.00>
ST_1 : Operation 341 [1/1] (0.00ns)   --->   "%mrv_137 = insertvalue i3200 %mrv_136, i16 %data_173_val_read" [firmware/nnet_utils/nnet_array.h:24]   --->   Operation 341 'insertvalue' 'mrv_137' <Predicate = true> <Delay = 0.00>
ST_1 : Operation 342 [1/1] (0.00ns)   --->   "%mrv_138 = insertvalue i3200 %mrv_137, i16 %data_193_val_read" [firmware/nnet_utils/nnet_array.h:24]   --->   Operation 342 'insertvalue' 'mrv_138' <Predicate = true> <Delay = 0.00>
ST_1 : Operation 343 [1/1] (0.00ns)   --->   "%mrv_139 = insertvalue i3200 %mrv_138, i16 %data_14_val_read" [firmware/nnet_utils/nnet_array.h:24]   --->   Operation 343 'insertvalue' 'mrv_139' <Predicate = true> <Delay = 0.00>
ST_1 : Operation 344 [1/1] (0.00ns)   --->   "%mrv_140 = insertvalue i3200 %mrv_139, i16 %data_34_val_read" [firmware/nnet_utils/nnet_array.h:24]   --->   Operation 344 'insertvalue' 'mrv_140' <Predicate = true> <Delay = 0.00>
ST_1 : Operation 345 [1/1] (0.00ns)   --->   "%mrv_141 = insertvalue i3200 %mrv_140, i16 %data_54_val_read" [firmware/nnet_utils/nnet_array.h:24]   --->   Operation 345 'insertvalue' 'mrv_141' <Predicate = true> <Delay = 0.00>
ST_1 : Operation 346 [1/1] (0.00ns)   --->   "%mrv_142 = insertvalue i3200 %mrv_141, i16 %data_74_val_read" [firmware/nnet_utils/nnet_array.h:24]   --->   Operation 346 'insertvalue' 'mrv_142' <Predicate = true> <Delay = 0.00>
ST_1 : Operation 347 [1/1] (0.00ns)   --->   "%mrv_143 = insertvalue i3200 %mrv_142, i16 %data_94_val_read" [firmware/nnet_utils/nnet_array.h:24]   --->   Operation 347 'insertvalue' 'mrv_143' <Predicate = true> <Delay = 0.00>
ST_1 : Operation 348 [1/1] (0.00ns)   --->   "%mrv_144 = insertvalue i3200 %mrv_143, i16 %data_114_val_read" [firmware/nnet_utils/nnet_array.h:24]   --->   Operation 348 'insertvalue' 'mrv_144' <Predicate = true> <Delay = 0.00>
ST_1 : Operation 349 [1/1] (0.00ns)   --->   "%mrv_145 = insertvalue i3200 %mrv_144, i16 %data_134_val_read" [firmware/nnet_utils/nnet_array.h:24]   --->   Operation 349 'insertvalue' 'mrv_145' <Predicate = true> <Delay = 0.00>
ST_1 : Operation 350 [1/1] (0.00ns)   --->   "%mrv_146 = insertvalue i3200 %mrv_145, i16 %data_154_val_read" [firmware/nnet_utils/nnet_array.h:24]   --->   Operation 350 'insertvalue' 'mrv_146' <Predicate = true> <Delay = 0.00>
ST_1 : Operation 351 [1/1] (0.00ns)   --->   "%mrv_147 = insertvalue i3200 %mrv_146, i16 %data_174_val_read" [firmware/nnet_utils/nnet_array.h:24]   --->   Operation 351 'insertvalue' 'mrv_147' <Predicate = true> <Delay = 0.00>
ST_1 : Operation 352 [1/1] (0.00ns)   --->   "%mrv_148 = insertvalue i3200 %mrv_147, i16 %data_194_val_read" [firmware/nnet_utils/nnet_array.h:24]   --->   Operation 352 'insertvalue' 'mrv_148' <Predicate = true> <Delay = 0.00>
ST_1 : Operation 353 [1/1] (0.00ns)   --->   "%mrv_149 = insertvalue i3200 %mrv_148, i16 %data_15_val_read" [firmware/nnet_utils/nnet_array.h:24]   --->   Operation 353 'insertvalue' 'mrv_149' <Predicate = true> <Delay = 0.00>
ST_1 : Operation 354 [1/1] (0.00ns)   --->   "%mrv_150 = insertvalue i3200 %mrv_149, i16 %data_35_val_read" [firmware/nnet_utils/nnet_array.h:24]   --->   Operation 354 'insertvalue' 'mrv_150' <Predicate = true> <Delay = 0.00>
ST_1 : Operation 355 [1/1] (0.00ns)   --->   "%mrv_151 = insertvalue i3200 %mrv_150, i16 %data_55_val_read" [firmware/nnet_utils/nnet_array.h:24]   --->   Operation 355 'insertvalue' 'mrv_151' <Predicate = true> <Delay = 0.00>
ST_1 : Operation 356 [1/1] (0.00ns)   --->   "%mrv_152 = insertvalue i3200 %mrv_151, i16 %data_75_val_read" [firmware/nnet_utils/nnet_array.h:24]   --->   Operation 356 'insertvalue' 'mrv_152' <Predicate = true> <Delay = 0.00>
ST_1 : Operation 357 [1/1] (0.00ns)   --->   "%mrv_153 = insertvalue i3200 %mrv_152, i16 %data_95_val_read" [firmware/nnet_utils/nnet_array.h:24]   --->   Operation 357 'insertvalue' 'mrv_153' <Predicate = true> <Delay = 0.00>
ST_1 : Operation 358 [1/1] (0.00ns)   --->   "%mrv_154 = insertvalue i3200 %mrv_153, i16 %data_115_val_read" [firmware/nnet_utils/nnet_array.h:24]   --->   Operation 358 'insertvalue' 'mrv_154' <Predicate = true> <Delay = 0.00>
ST_1 : Operation 359 [1/1] (0.00ns)   --->   "%mrv_155 = insertvalue i3200 %mrv_154, i16 %data_135_val_read" [firmware/nnet_utils/nnet_array.h:24]   --->   Operation 359 'insertvalue' 'mrv_155' <Predicate = true> <Delay = 0.00>
ST_1 : Operation 360 [1/1] (0.00ns)   --->   "%mrv_156 = insertvalue i3200 %mrv_155, i16 %data_155_val_read" [firmware/nnet_utils/nnet_array.h:24]   --->   Operation 360 'insertvalue' 'mrv_156' <Predicate = true> <Delay = 0.00>
ST_1 : Operation 361 [1/1] (0.00ns)   --->   "%mrv_157 = insertvalue i3200 %mrv_156, i16 %data_175_val_read" [firmware/nnet_utils/nnet_array.h:24]   --->   Operation 361 'insertvalue' 'mrv_157' <Predicate = true> <Delay = 0.00>
ST_1 : Operation 362 [1/1] (0.00ns)   --->   "%mrv_158 = insertvalue i3200 %mrv_157, i16 %data_195_val_read" [firmware/nnet_utils/nnet_array.h:24]   --->   Operation 362 'insertvalue' 'mrv_158' <Predicate = true> <Delay = 0.00>
ST_1 : Operation 363 [1/1] (0.00ns)   --->   "%mrv_159 = insertvalue i3200 %mrv_158, i16 %data_16_val_read" [firmware/nnet_utils/nnet_array.h:24]   --->   Operation 363 'insertvalue' 'mrv_159' <Predicate = true> <Delay = 0.00>
ST_1 : Operation 364 [1/1] (0.00ns)   --->   "%mrv_160 = insertvalue i3200 %mrv_159, i16 %data_36_val_read" [firmware/nnet_utils/nnet_array.h:24]   --->   Operation 364 'insertvalue' 'mrv_160' <Predicate = true> <Delay = 0.00>
ST_1 : Operation 365 [1/1] (0.00ns)   --->   "%mrv_161 = insertvalue i3200 %mrv_160, i16 %data_56_val_read" [firmware/nnet_utils/nnet_array.h:24]   --->   Operation 365 'insertvalue' 'mrv_161' <Predicate = true> <Delay = 0.00>
ST_1 : Operation 366 [1/1] (0.00ns)   --->   "%mrv_162 = insertvalue i3200 %mrv_161, i16 %data_76_val_read" [firmware/nnet_utils/nnet_array.h:24]   --->   Operation 366 'insertvalue' 'mrv_162' <Predicate = true> <Delay = 0.00>
ST_1 : Operation 367 [1/1] (0.00ns)   --->   "%mrv_163 = insertvalue i3200 %mrv_162, i16 %data_96_val_read" [firmware/nnet_utils/nnet_array.h:24]   --->   Operation 367 'insertvalue' 'mrv_163' <Predicate = true> <Delay = 0.00>
ST_1 : Operation 368 [1/1] (0.00ns)   --->   "%mrv_164 = insertvalue i3200 %mrv_163, i16 %data_116_val_read" [firmware/nnet_utils/nnet_array.h:24]   --->   Operation 368 'insertvalue' 'mrv_164' <Predicate = true> <Delay = 0.00>
ST_1 : Operation 369 [1/1] (0.00ns)   --->   "%mrv_165 = insertvalue i3200 %mrv_164, i16 %data_136_val_read" [firmware/nnet_utils/nnet_array.h:24]   --->   Operation 369 'insertvalue' 'mrv_165' <Predicate = true> <Delay = 0.00>
ST_1 : Operation 370 [1/1] (0.00ns)   --->   "%mrv_166 = insertvalue i3200 %mrv_165, i16 %data_156_val_read" [firmware/nnet_utils/nnet_array.h:24]   --->   Operation 370 'insertvalue' 'mrv_166' <Predicate = true> <Delay = 0.00>
ST_1 : Operation 371 [1/1] (0.00ns)   --->   "%mrv_167 = insertvalue i3200 %mrv_166, i16 %data_176_val_read" [firmware/nnet_utils/nnet_array.h:24]   --->   Operation 371 'insertvalue' 'mrv_167' <Predicate = true> <Delay = 0.00>
ST_1 : Operation 372 [1/1] (0.00ns)   --->   "%mrv_168 = insertvalue i3200 %mrv_167, i16 %data_196_val_read" [firmware/nnet_utils/nnet_array.h:24]   --->   Operation 372 'insertvalue' 'mrv_168' <Predicate = true> <Delay = 0.00>
ST_1 : Operation 373 [1/1] (0.00ns)   --->   "%mrv_169 = insertvalue i3200 %mrv_168, i16 %data_17_val_read" [firmware/nnet_utils/nnet_array.h:24]   --->   Operation 373 'insertvalue' 'mrv_169' <Predicate = true> <Delay = 0.00>
ST_1 : Operation 374 [1/1] (0.00ns)   --->   "%mrv_170 = insertvalue i3200 %mrv_169, i16 %data_37_val_read" [firmware/nnet_utils/nnet_array.h:24]   --->   Operation 374 'insertvalue' 'mrv_170' <Predicate = true> <Delay = 0.00>
ST_1 : Operation 375 [1/1] (0.00ns)   --->   "%mrv_171 = insertvalue i3200 %mrv_170, i16 %data_57_val_read" [firmware/nnet_utils/nnet_array.h:24]   --->   Operation 375 'insertvalue' 'mrv_171' <Predicate = true> <Delay = 0.00>
ST_1 : Operation 376 [1/1] (0.00ns)   --->   "%mrv_172 = insertvalue i3200 %mrv_171, i16 %data_77_val_read" [firmware/nnet_utils/nnet_array.h:24]   --->   Operation 376 'insertvalue' 'mrv_172' <Predicate = true> <Delay = 0.00>
ST_1 : Operation 377 [1/1] (0.00ns)   --->   "%mrv_173 = insertvalue i3200 %mrv_172, i16 %data_97_val_read" [firmware/nnet_utils/nnet_array.h:24]   --->   Operation 377 'insertvalue' 'mrv_173' <Predicate = true> <Delay = 0.00>
ST_1 : Operation 378 [1/1] (0.00ns)   --->   "%mrv_174 = insertvalue i3200 %mrv_173, i16 %data_117_val_read" [firmware/nnet_utils/nnet_array.h:24]   --->   Operation 378 'insertvalue' 'mrv_174' <Predicate = true> <Delay = 0.00>
ST_1 : Operation 379 [1/1] (0.00ns)   --->   "%mrv_175 = insertvalue i3200 %mrv_174, i16 %data_137_val_read" [firmware/nnet_utils/nnet_array.h:24]   --->   Operation 379 'insertvalue' 'mrv_175' <Predicate = true> <Delay = 0.00>
ST_1 : Operation 380 [1/1] (0.00ns)   --->   "%mrv_176 = insertvalue i3200 %mrv_175, i16 %data_157_val_read" [firmware/nnet_utils/nnet_array.h:24]   --->   Operation 380 'insertvalue' 'mrv_176' <Predicate = true> <Delay = 0.00>
ST_1 : Operation 381 [1/1] (0.00ns)   --->   "%mrv_177 = insertvalue i3200 %mrv_176, i16 %data_177_val_read" [firmware/nnet_utils/nnet_array.h:24]   --->   Operation 381 'insertvalue' 'mrv_177' <Predicate = true> <Delay = 0.00>
ST_1 : Operation 382 [1/1] (0.00ns)   --->   "%mrv_178 = insertvalue i3200 %mrv_177, i16 %data_197_val_read" [firmware/nnet_utils/nnet_array.h:24]   --->   Operation 382 'insertvalue' 'mrv_178' <Predicate = true> <Delay = 0.00>
ST_1 : Operation 383 [1/1] (0.00ns)   --->   "%mrv_179 = insertvalue i3200 %mrv_178, i16 %data_18_val_read" [firmware/nnet_utils/nnet_array.h:24]   --->   Operation 383 'insertvalue' 'mrv_179' <Predicate = true> <Delay = 0.00>
ST_1 : Operation 384 [1/1] (0.00ns)   --->   "%mrv_180 = insertvalue i3200 %mrv_179, i16 %data_38_val_read" [firmware/nnet_utils/nnet_array.h:24]   --->   Operation 384 'insertvalue' 'mrv_180' <Predicate = true> <Delay = 0.00>
ST_1 : Operation 385 [1/1] (0.00ns)   --->   "%mrv_181 = insertvalue i3200 %mrv_180, i16 %data_58_val_read" [firmware/nnet_utils/nnet_array.h:24]   --->   Operation 385 'insertvalue' 'mrv_181' <Predicate = true> <Delay = 0.00>
ST_1 : Operation 386 [1/1] (0.00ns)   --->   "%mrv_182 = insertvalue i3200 %mrv_181, i16 %data_78_val_read" [firmware/nnet_utils/nnet_array.h:24]   --->   Operation 386 'insertvalue' 'mrv_182' <Predicate = true> <Delay = 0.00>
ST_1 : Operation 387 [1/1] (0.00ns)   --->   "%mrv_183 = insertvalue i3200 %mrv_182, i16 %data_98_val_read" [firmware/nnet_utils/nnet_array.h:24]   --->   Operation 387 'insertvalue' 'mrv_183' <Predicate = true> <Delay = 0.00>
ST_1 : Operation 388 [1/1] (0.00ns)   --->   "%mrv_184 = insertvalue i3200 %mrv_183, i16 %data_118_val_read" [firmware/nnet_utils/nnet_array.h:24]   --->   Operation 388 'insertvalue' 'mrv_184' <Predicate = true> <Delay = 0.00>
ST_1 : Operation 389 [1/1] (0.00ns)   --->   "%mrv_185 = insertvalue i3200 %mrv_184, i16 %data_138_val_read" [firmware/nnet_utils/nnet_array.h:24]   --->   Operation 389 'insertvalue' 'mrv_185' <Predicate = true> <Delay = 0.00>
ST_1 : Operation 390 [1/1] (0.00ns)   --->   "%mrv_186 = insertvalue i3200 %mrv_185, i16 %data_158_val_read" [firmware/nnet_utils/nnet_array.h:24]   --->   Operation 390 'insertvalue' 'mrv_186' <Predicate = true> <Delay = 0.00>
ST_1 : Operation 391 [1/1] (0.00ns)   --->   "%mrv_187 = insertvalue i3200 %mrv_186, i16 %data_178_val_read" [firmware/nnet_utils/nnet_array.h:24]   --->   Operation 391 'insertvalue' 'mrv_187' <Predicate = true> <Delay = 0.00>
ST_1 : Operation 392 [1/1] (0.00ns)   --->   "%mrv_188 = insertvalue i3200 %mrv_187, i16 %data_198_val_read" [firmware/nnet_utils/nnet_array.h:24]   --->   Operation 392 'insertvalue' 'mrv_188' <Predicate = true> <Delay = 0.00>
ST_1 : Operation 393 [1/1] (0.00ns)   --->   "%mrv_189 = insertvalue i3200 %mrv_188, i16 %data_19_val_read" [firmware/nnet_utils/nnet_array.h:24]   --->   Operation 393 'insertvalue' 'mrv_189' <Predicate = true> <Delay = 0.00>
ST_1 : Operation 394 [1/1] (0.00ns)   --->   "%mrv_190 = insertvalue i3200 %mrv_189, i16 %data_39_val_read" [firmware/nnet_utils/nnet_array.h:24]   --->   Operation 394 'insertvalue' 'mrv_190' <Predicate = true> <Delay = 0.00>
ST_1 : Operation 395 [1/1] (0.00ns)   --->   "%mrv_191 = insertvalue i3200 %mrv_190, i16 %data_59_val_read" [firmware/nnet_utils/nnet_array.h:24]   --->   Operation 395 'insertvalue' 'mrv_191' <Predicate = true> <Delay = 0.00>
ST_1 : Operation 396 [1/1] (0.00ns)   --->   "%mrv_192 = insertvalue i3200 %mrv_191, i16 %data_79_val_read" [firmware/nnet_utils/nnet_array.h:24]   --->   Operation 396 'insertvalue' 'mrv_192' <Predicate = true> <Delay = 0.00>
ST_1 : Operation 397 [1/1] (0.00ns)   --->   "%mrv_193 = insertvalue i3200 %mrv_192, i16 %data_99_val_read" [firmware/nnet_utils/nnet_array.h:24]   --->   Operation 397 'insertvalue' 'mrv_193' <Predicate = true> <Delay = 0.00>
ST_1 : Operation 398 [1/1] (0.00ns)   --->   "%mrv_194 = insertvalue i3200 %mrv_193, i16 %data_119_val_read" [firmware/nnet_utils/nnet_array.h:24]   --->   Operation 398 'insertvalue' 'mrv_194' <Predicate = true> <Delay = 0.00>
ST_1 : Operation 399 [1/1] (0.00ns)   --->   "%mrv_195 = insertvalue i3200 %mrv_194, i16 %data_139_val_read" [firmware/nnet_utils/nnet_array.h:24]   --->   Operation 399 'insertvalue' 'mrv_195' <Predicate = true> <Delay = 0.00>
ST_1 : Operation 400 [1/1] (0.00ns)   --->   "%mrv_196 = insertvalue i3200 %mrv_195, i16 %data_159_val_read" [firmware/nnet_utils/nnet_array.h:24]   --->   Operation 400 'insertvalue' 'mrv_196' <Predicate = true> <Delay = 0.00>
ST_1 : Operation 401 [1/1] (0.00ns)   --->   "%mrv_197 = insertvalue i3200 %mrv_196, i16 %data_179_val_read" [firmware/nnet_utils/nnet_array.h:24]   --->   Operation 401 'insertvalue' 'mrv_197' <Predicate = true> <Delay = 0.00>
ST_1 : Operation 402 [1/1] (0.00ns)   --->   "%mrv_198 = insertvalue i3200 %mrv_197, i16 %data_199_val_read" [firmware/nnet_utils/nnet_array.h:24]   --->   Operation 402 'insertvalue' 'mrv_198' <Predicate = true> <Delay = 0.00>
ST_1 : Operation 403 [1/1] (0.00ns)   --->   "%ret_ln24 = ret i3200 %mrv_198" [firmware/nnet_utils/nnet_array.h:24]   --->   Operation 403 'ret' 'ret_ln24' <Predicate = true> <Delay = 0.00>


============================================================
+ Verbose Summary: Timing violations
============================================================
Target clock period: 5.000ns, clock uncertainty: 0.625ns.

 <State 1>: 0.000ns
The critical path consists of the following:


============================================================
+ Verbose Summary: Binding
============================================================
N/A
* FSMD analyzer results:
  - Output states:
 - Input state : 
  - Chain level:
	State 1


============================================================
+ Verbose Summary: Datapath Resource usage 
============================================================
N/A
