Processing input 0
Predictions
-0.159802 -0.07773 -0.018259 -0.175461 -0.289771 0.0504764 -0.0421345 -0.208114 0.279205 0.173648 -0.0560064 0.502479 -0.451606 -0.197229 -0.0360212 -0.538899 -0.466587 -0.156627 -0.0513203 -0.510472 0.259438 -0.0873359 -0.0175363 0.275348 -0.371625 0.0436609 -0.034098 -0.311064 -0.259093 -0.108432 -0.0291161 -0.287076 -0.208195 -0.222189 -0.0299404 -0.298783 0.0974469 -0.082187 -0.0154966 0.0982541 -0.09591 -0.223612 -0.025799 -0.183229 -0.372073 0.140399 -0.0589577 -0.220917 0.00802608 0.0812567 -0.0269448 0.113088 0.00644005 -0.190152 -0.0310287 -0.045128 -0.0517747 0.15677 -0.044657 0.116341 0.0444075 0.0877379 -0.0319256 0.162935 -0.320679 0.193749 -0.0634685 -0.127684 -0.157375 0.163881 -0.049956 0.0130445 -0.0769432 -0.061874 -0.029796 -0.0611747 -0.356465 -0.0420699 -0.0260532 -0.356573 
Quantized predictions
-0.163086 -0.0791016 -0.0224609 -0.175781 -0.291016 0.046875 -0.0449219 -0.208008 0.271484 0.170898 -0.0585938 0.49707 -0.455078 -0.198242 -0.0400391 -0.538086 -0.46875 -0.158203 -0.0546875 -0.509766 0.25293 -0.0898438 -0.0234375 0.271484 -0.374023 0.0410156 -0.0380859 -0.311523 -0.261719 -0.109375 -0.0332031 -0.286133 -0.151367 -0.0224609 -0.0292969 -0.120117 0.0917969 -0.0849609 -0.0214844 0.0957031 -0.0458984 -0.0253906 -0.0302734 -0.00488281 -0.373047 0.136719 -0.0605469 -0.22168 0.000976563 0.0771484 -0.0302734 0.108398 0 -0.192383 -0.0351563 -0.0478516 -0.0585938 0.155273 -0.0488281 0.113281 0.0371094 0.0849609 -0.0361328 0.157227 -0.323242 0.19043 -0.0664063 -0.128906 -0.15918 0.160156 -0.0517578 0.0117188 -0.0830078 -0.0634766 -0.0341797 -0.0654297 -0.360352 -0.0458984 -0.0292969 -0.357422 
INFO: Saved inference results to file: tb_data/rtl_cosim_results.log
INFO [HLS SIM]: The maximum depth reached by any hls::stream() instance in the design is 20
Processing input 0
Predictions
0.0871228 0.379008 0.204587 0.15679 -0.0191449 0.044459 0.0779457 0.0818422 0.0150899 0.0906444 0.0544724 0.0437103 -0.212102 -0.330707 -0.137927 0.0807002 0.104496 0.258079 0.0188506 -0.0243014 0.00163024 0.1532 0.132524 0.134116 -0.0859968 -0.403789 -0.258892 -0.22505 -0.0705281 -0.0479838 0.0537988 0.101595 -0.0460963 0.0459981 0.13156 0.151242 -0.032644 -0.096816 -0.0202228 -0.0228581 -0.0241569 0.116629 0.166203 0.173658 0.0119619 0.384008 0.366942 0.353083 -0.120848 -0.156866 -0.00247264 0.094103 -0.0234532 0.164157 0.181216 0.202793 0.0421698 0.321741 0.200155 0.196655 -0.189984 -0.150786 0.0910288 0.25366 -0.0930619 -0.24087 -0.0335406 -0.013398 -0.169005 -0.342499 -0.104912 0.0182636 -0.0743682 -0.243596 -0.256321 -0.150962 -0.0176345 0.116788 0.131577 0.144087 
Quantized predictions
0.0859375 0.374023 0.204102 0.15332 -0.0214844 0.0429688 0.0791016 0.0800781 0.0136719 0.0888672 0.0556641 0.0439453 -0.0078125 -0.00292969 -0.0361328 -0.0185547 0.102539 0.253906 0.0195313 -0.0263672 0 0.148438 0.132813 0.132813 -0.0849609 -0.405273 -0.259766 -0.227539 -0.0712891 -0.0478516 0.0556641 0.101563 -0.0478516 0.0429688 0.132813 0.150391 -0.0322266 -0.0986328 -0.0214844 -0.0253906 -0.0253906 0.113281 0.166992 0.171875 0.00878906 0.380859 0.367188 0.352539 -0.12207 -0.15918 0 0.09375 -0.0253906 0.160156 0.179688 0.200195 0.0410156 0.318359 0.200195 0.194336 -0.19043 -0.152344 0.0908203 0.25293 -0.0917969 -0.242188 -0.0332031 -0.0146484 0.00292969 -0.0136719 -0.0693359 -0.0566406 -0.0751953 -0.245117 -0.256836 -0.151367 -0.0195313 0.113281 0.132813 0.143555 
INFO: Saved inference results to file: tb_data/rtl_cosim_results.log
Processing input 0
Predictions
0.141667 -0.104393 0.0711662 -0.106403 0.0481296 0.00905165 0.0788532 -0.0268349 0.0699014 -0.0263008 0.0688811 -0.0423504 0.120169 -0.0815321 0.0704173 -0.0850384 0.174327 -0.128577 0.0735718 -0.125156 0.207057 -0.123633 0.0762878 -0.139103 0.142024 -0.0639207 0.077945 -0.096917 0.0129303 0.0161542 0.0621545 -0.005042 0.140524 -0.0798281 0.07211 -0.090085 0.120846 -0.0703446 0.0792225 -0.073126 0.0256342 0.0135107 0.0647483 -0.00610459 0.149906 -0.0892112 0.0718615 -0.104145 0.227584 -0.15831 0.0708819 -0.168073 0.14353 -0.0928316 0.0667587 -0.100229 -0.015186 0.0348477 0.0616593 0.0146877 0.18351 -0.128248 0.0714984 -0.134545 0.132569 -0.0739393 0.0776884 -0.0835378 0.129938 -0.0612576 0.0781075 -0.0829417 0.25446 -0.193165 0.0786749 -0.187392 0.0312265 0.0175053 0.0707175 -0.0128808 
Quantized predictions
0.141602 -0.103516 0.0693359 -0.104492 0.046875 0.00878906 0.0771484 -0.0253906 0.0693359 -0.0273438 0.0683594 -0.0419922 0.121094 -0.0820313 0.0693359 -0.0849609 0.173828 -0.12793 0.0712891 -0.124023 0.206055 -0.125 0.0742188 -0.138672 0.141602 -0.0634766 0.0761719 -0.0966797 0.0126953 0.0146484 0.0605469 -0.00390625 0.140625 -0.0820313 0.0712891 -0.0898438 0.121094 -0.0722656 0.0771484 -0.0742188 0.0273438 0.0117188 0.0625 -0.00683594 0.150391 -0.0888672 0.0693359 -0.103516 0.228516 -0.15918 0.0683594 -0.167969 0.143555 -0.09375 0.0644531 -0.0996094 -0.015625 0.0332031 0.0605469 0.0146484 0.182617 -0.129883 0.0703125 -0.133789 0.131836 -0.0751953 0.0761719 -0.0820313 0.129883 -0.0634766 0.0761719 -0.0830078 0.253906 -0.194336 0.0761719 -0.1875 0.03125 0.0166016 0.0683594 -0.0126953 
INFO: Saved inference results to file: tb_data/rtl_cosim_results.log
INFO [HLS SIM]: The maximum depth reached by any hls::stream() instance in the design is 20
