

================================================================
== Vitis HLS Report for 'layernormalize_ap_fixed_16_6_5_3_0_ap_fixed_33_13_5_3_0_config2_s'
================================================================
* Date:           Mon Dec 16 18:26:45 2024

* Version:        2023.2 (Build 4023990 on Oct 11 2023)
* Project:        myproject_prj
* Solution:       solution1 (Vivado IP Flow Target)
* Product family: virtexuplus
* Target device:  xcvu13p-flga2577-2-e


================================================================
== Performance Estimates
================================================================
+ Timing: 
    * Summary: 
    +--------+---------+----------+------------+
    |  Clock |  Target | Estimated| Uncertainty|
    +--------+---------+----------+------------+
    |ap_clk  |  5.00 ns|  4.097 ns|     0.62 ns|
    +--------+---------+----------+------------+

+ Latency: 
    * Summary: 
    +---------+---------+-----------+-----------+-----+-----+---------+
    |  Latency (cycles) |   Latency (absolute)  |  Interval | Pipeline|
    |   min   |   max   |    min    |    max    | min | max |   Type  |
    +---------+---------+-----------+-----------+-----+-----+---------+
    |        3|        3|  15.000 ns|  15.000 ns|    1|    1|      yes|
    +---------+---------+-----------+-----------+-----+-----+---------+

    + Detail: 
        * Instance: 
        N/A

        * Loop: 
        N/A

============================================================
+ Verbose Summary: Synthesis Manager
============================================================
InlineROM: 1
ExposeGlobal: 0
============================================================
+ Verbose Summary: CDFG Model
============================================================
IsTopModel: 0
ResetActiveHigh: 1
IsCombinational: 0
IsDatapathOnly: 0
HasWiredReturn: 1
HasMFsm: 2
HasVarLatency: 0
IsPipeline: 1
IsRtlPipelined: 1
IsInstanceOverlapped: 0
IsDontTouch: 0
HasImplIP: 0
IsGatedGlobalClock: 0

+ Individual pipeline summary: 
  * Pipeline-0: initiation interval (II) = 1, depth = 4


============================================================
+ Verbose Summary: Schedule
============================================================
* Number of FSM states : 4
* Pipeline : 1
  Pipeline-0 : II = 1, D = 4, States = { 1 2 3 4 }
* Dataflow Pipeline: 0

* FSM state transitions: 
1 --> 2 
2 --> 3 
3 --> 4 
4 --> 

* FSM state operations: 

State 1 <SV = 0> <Delay = 2.97>
ST_1 : Operation 5 [1/1] (0.00ns)   --->   "%data_val_read = read i1280 @_ssdm_op_Read.ap_auto.i1280, i1280 %data_val" [firmware/nnet_utils/nnet_layernorm.h:124]   --->   Operation 5 'read' 'data_val_read' <Predicate = true> <Delay = 0.00>
ST_1 : Operation 6 [1/1] (0.00ns)   --->   "%in_val = trunc i1280 %data_val_read" [firmware/nnet_utils/nnet_layernorm.h:124]   --->   Operation 6 'trunc' 'in_val' <Predicate = true> <Delay = 0.00>
ST_1 : Operation 7 [1/1] (0.00ns)   --->   "%in_val_79 = partselect i16 @_ssdm_op_PartSelect.i16.i1280.i32.i32, i1280 %data_val_read, i32 16, i32 31" [firmware/nnet_utils/nnet_layernorm.h:124]   --->   Operation 7 'partselect' 'in_val_79' <Predicate = true> <Delay = 0.00>
ST_1 : Operation 8 [1/1] (0.00ns)   --->   "%in_val_1 = partselect i16 @_ssdm_op_PartSelect.i16.i1280.i32.i32, i1280 %data_val_read, i32 32, i32 47" [firmware/nnet_utils/nnet_layernorm.h:124]   --->   Operation 8 'partselect' 'in_val_1' <Predicate = true> <Delay = 0.00>
ST_1 : Operation 9 [1/1] (0.00ns)   --->   "%in_val_2 = partselect i16 @_ssdm_op_PartSelect.i16.i1280.i32.i32, i1280 %data_val_read, i32 48, i32 63" [firmware/nnet_utils/nnet_layernorm.h:124]   --->   Operation 9 'partselect' 'in_val_2' <Predicate = true> <Delay = 0.00>
ST_1 : Operation 10 [1/1] (0.00ns)   --->   "%in_val_3 = partselect i16 @_ssdm_op_PartSelect.i16.i1280.i32.i32, i1280 %data_val_read, i32 64, i32 79" [firmware/nnet_utils/nnet_layernorm.h:124]   --->   Operation 10 'partselect' 'in_val_3' <Predicate = true> <Delay = 0.00>
ST_1 : Operation 11 [1/1] (0.00ns)   --->   "%in_val_4 = partselect i16 @_ssdm_op_PartSelect.i16.i1280.i32.i32, i1280 %data_val_read, i32 80, i32 95" [firmware/nnet_utils/nnet_layernorm.h:124]   --->   Operation 11 'partselect' 'in_val_4' <Predicate = true> <Delay = 0.00>
ST_1 : Operation 12 [1/1] (0.00ns)   --->   "%in_val_5 = partselect i16 @_ssdm_op_PartSelect.i16.i1280.i32.i32, i1280 %data_val_read, i32 96, i32 111" [firmware/nnet_utils/nnet_layernorm.h:124]   --->   Operation 12 'partselect' 'in_val_5' <Predicate = true> <Delay = 0.00>
ST_1 : Operation 13 [1/1] (0.00ns)   --->   "%in_val_6 = partselect i16 @_ssdm_op_PartSelect.i16.i1280.i32.i32, i1280 %data_val_read, i32 112, i32 127" [firmware/nnet_utils/nnet_layernorm.h:124]   --->   Operation 13 'partselect' 'in_val_6' <Predicate = true> <Delay = 0.00>
ST_1 : Operation 14 [1/1] (0.00ns)   --->   "%in_val_7 = partselect i16 @_ssdm_op_PartSelect.i16.i1280.i32.i32, i1280 %data_val_read, i32 128, i32 143" [firmware/nnet_utils/nnet_layernorm.h:124]   --->   Operation 14 'partselect' 'in_val_7' <Predicate = true> <Delay = 0.00>
ST_1 : Operation 15 [1/1] (0.00ns)   --->   "%in_val_8 = partselect i16 @_ssdm_op_PartSelect.i16.i1280.i32.i32, i1280 %data_val_read, i32 144, i32 159" [firmware/nnet_utils/nnet_layernorm.h:124]   --->   Operation 15 'partselect' 'in_val_8' <Predicate = true> <Delay = 0.00>
ST_1 : Operation 16 [1/1] (0.00ns)   --->   "%in_val_9 = partselect i16 @_ssdm_op_PartSelect.i16.i1280.i32.i32, i1280 %data_val_read, i32 160, i32 175" [firmware/nnet_utils/nnet_layernorm.h:124]   --->   Operation 16 'partselect' 'in_val_9' <Predicate = true> <Delay = 0.00>
ST_1 : Operation 17 [1/1] (0.00ns)   --->   "%in_val_10 = partselect i16 @_ssdm_op_PartSelect.i16.i1280.i32.i32, i1280 %data_val_read, i32 176, i32 191" [firmware/nnet_utils/nnet_layernorm.h:124]   --->   Operation 17 'partselect' 'in_val_10' <Predicate = true> <Delay = 0.00>
ST_1 : Operation 18 [1/1] (0.00ns)   --->   "%in_val_11 = partselect i16 @_ssdm_op_PartSelect.i16.i1280.i32.i32, i1280 %data_val_read, i32 192, i32 207" [firmware/nnet_utils/nnet_layernorm.h:124]   --->   Operation 18 'partselect' 'in_val_11' <Predicate = true> <Delay = 0.00>
ST_1 : Operation 19 [1/1] (0.00ns)   --->   "%in_val_12 = partselect i16 @_ssdm_op_PartSelect.i16.i1280.i32.i32, i1280 %data_val_read, i32 208, i32 223" [firmware/nnet_utils/nnet_layernorm.h:124]   --->   Operation 19 'partselect' 'in_val_12' <Predicate = true> <Delay = 0.00>
ST_1 : Operation 20 [1/1] (0.00ns)   --->   "%in_val_13 = partselect i16 @_ssdm_op_PartSelect.i16.i1280.i32.i32, i1280 %data_val_read, i32 224, i32 239" [firmware/nnet_utils/nnet_layernorm.h:124]   --->   Operation 20 'partselect' 'in_val_13' <Predicate = true> <Delay = 0.00>
ST_1 : Operation 21 [1/1] (0.00ns)   --->   "%in_val_14 = partselect i16 @_ssdm_op_PartSelect.i16.i1280.i32.i32, i1280 %data_val_read, i32 240, i32 255" [firmware/nnet_utils/nnet_layernorm.h:124]   --->   Operation 21 'partselect' 'in_val_14' <Predicate = true> <Delay = 0.00>
ST_1 : Operation 22 [1/1] (0.00ns)   --->   "%in_val_15 = partselect i16 @_ssdm_op_PartSelect.i16.i1280.i32.i32, i1280 %data_val_read, i32 256, i32 271" [firmware/nnet_utils/nnet_layernorm.h:124]   --->   Operation 22 'partselect' 'in_val_15' <Predicate = true> <Delay = 0.00>
ST_1 : Operation 23 [1/1] (0.00ns)   --->   "%in_val_16 = partselect i16 @_ssdm_op_PartSelect.i16.i1280.i32.i32, i1280 %data_val_read, i32 272, i32 287" [firmware/nnet_utils/nnet_layernorm.h:124]   --->   Operation 23 'partselect' 'in_val_16' <Predicate = true> <Delay = 0.00>
ST_1 : Operation 24 [1/1] (0.00ns)   --->   "%in_val_17 = partselect i16 @_ssdm_op_PartSelect.i16.i1280.i32.i32, i1280 %data_val_read, i32 288, i32 303" [firmware/nnet_utils/nnet_layernorm.h:124]   --->   Operation 24 'partselect' 'in_val_17' <Predicate = true> <Delay = 0.00>
ST_1 : Operation 25 [1/1] (0.00ns)   --->   "%in_val_18 = partselect i16 @_ssdm_op_PartSelect.i16.i1280.i32.i32, i1280 %data_val_read, i32 304, i32 319" [firmware/nnet_utils/nnet_layernorm.h:124]   --->   Operation 25 'partselect' 'in_val_18' <Predicate = true> <Delay = 0.00>
ST_1 : Operation 26 [1/1] (0.00ns)   --->   "%in_val_19 = partselect i16 @_ssdm_op_PartSelect.i16.i1280.i32.i32, i1280 %data_val_read, i32 320, i32 335" [firmware/nnet_utils/nnet_layernorm.h:124]   --->   Operation 26 'partselect' 'in_val_19' <Predicate = true> <Delay = 0.00>
ST_1 : Operation 27 [1/1] (0.00ns)   --->   "%in_val_20 = partselect i16 @_ssdm_op_PartSelect.i16.i1280.i32.i32, i1280 %data_val_read, i32 336, i32 351" [firmware/nnet_utils/nnet_layernorm.h:124]   --->   Operation 27 'partselect' 'in_val_20' <Predicate = true> <Delay = 0.00>
ST_1 : Operation 28 [1/1] (0.00ns)   --->   "%in_val_21 = partselect i16 @_ssdm_op_PartSelect.i16.i1280.i32.i32, i1280 %data_val_read, i32 352, i32 367" [firmware/nnet_utils/nnet_layernorm.h:124]   --->   Operation 28 'partselect' 'in_val_21' <Predicate = true> <Delay = 0.00>
ST_1 : Operation 29 [1/1] (0.00ns)   --->   "%in_val_22 = partselect i16 @_ssdm_op_PartSelect.i16.i1280.i32.i32, i1280 %data_val_read, i32 368, i32 383" [firmware/nnet_utils/nnet_layernorm.h:124]   --->   Operation 29 'partselect' 'in_val_22' <Predicate = true> <Delay = 0.00>
ST_1 : Operation 30 [1/1] (0.00ns)   --->   "%in_val_23 = partselect i16 @_ssdm_op_PartSelect.i16.i1280.i32.i32, i1280 %data_val_read, i32 384, i32 399" [firmware/nnet_utils/nnet_layernorm.h:124]   --->   Operation 30 'partselect' 'in_val_23' <Predicate = true> <Delay = 0.00>
ST_1 : Operation 31 [1/1] (0.00ns)   --->   "%in_val_24 = partselect i16 @_ssdm_op_PartSelect.i16.i1280.i32.i32, i1280 %data_val_read, i32 400, i32 415" [firmware/nnet_utils/nnet_layernorm.h:124]   --->   Operation 31 'partselect' 'in_val_24' <Predicate = true> <Delay = 0.00>
ST_1 : Operation 32 [1/1] (0.00ns)   --->   "%in_val_25 = partselect i16 @_ssdm_op_PartSelect.i16.i1280.i32.i32, i1280 %data_val_read, i32 416, i32 431" [firmware/nnet_utils/nnet_layernorm.h:124]   --->   Operation 32 'partselect' 'in_val_25' <Predicate = true> <Delay = 0.00>
ST_1 : Operation 33 [1/1] (0.00ns)   --->   "%in_val_26 = partselect i16 @_ssdm_op_PartSelect.i16.i1280.i32.i32, i1280 %data_val_read, i32 432, i32 447" [firmware/nnet_utils/nnet_layernorm.h:124]   --->   Operation 33 'partselect' 'in_val_26' <Predicate = true> <Delay = 0.00>
ST_1 : Operation 34 [1/1] (0.00ns)   --->   "%in_val_27 = partselect i16 @_ssdm_op_PartSelect.i16.i1280.i32.i32, i1280 %data_val_read, i32 448, i32 463" [firmware/nnet_utils/nnet_layernorm.h:124]   --->   Operation 34 'partselect' 'in_val_27' <Predicate = true> <Delay = 0.00>
ST_1 : Operation 35 [1/1] (0.00ns)   --->   "%in_val_28 = partselect i16 @_ssdm_op_PartSelect.i16.i1280.i32.i32, i1280 %data_val_read, i32 464, i32 479" [firmware/nnet_utils/nnet_layernorm.h:124]   --->   Operation 35 'partselect' 'in_val_28' <Predicate = true> <Delay = 0.00>
ST_1 : Operation 36 [1/1] (0.00ns)   --->   "%in_val_29 = partselect i16 @_ssdm_op_PartSelect.i16.i1280.i32.i32, i1280 %data_val_read, i32 480, i32 495" [firmware/nnet_utils/nnet_layernorm.h:124]   --->   Operation 36 'partselect' 'in_val_29' <Predicate = true> <Delay = 0.00>
ST_1 : Operation 37 [1/1] (0.00ns)   --->   "%in_val_30 = partselect i16 @_ssdm_op_PartSelect.i16.i1280.i32.i32, i1280 %data_val_read, i32 496, i32 511" [firmware/nnet_utils/nnet_layernorm.h:124]   --->   Operation 37 'partselect' 'in_val_30' <Predicate = true> <Delay = 0.00>
ST_1 : Operation 38 [1/1] (0.00ns)   --->   "%in_val_31 = partselect i16 @_ssdm_op_PartSelect.i16.i1280.i32.i32, i1280 %data_val_read, i32 512, i32 527" [firmware/nnet_utils/nnet_layernorm.h:124]   --->   Operation 38 'partselect' 'in_val_31' <Predicate = true> <Delay = 0.00>
ST_1 : Operation 39 [1/1] (0.00ns)   --->   "%in_val_32 = partselect i16 @_ssdm_op_PartSelect.i16.i1280.i32.i32, i1280 %data_val_read, i32 528, i32 543" [firmware/nnet_utils/nnet_layernorm.h:124]   --->   Operation 39 'partselect' 'in_val_32' <Predicate = true> <Delay = 0.00>
ST_1 : Operation 40 [1/1] (0.00ns)   --->   "%in_val_33 = partselect i16 @_ssdm_op_PartSelect.i16.i1280.i32.i32, i1280 %data_val_read, i32 544, i32 559" [firmware/nnet_utils/nnet_layernorm.h:124]   --->   Operation 40 'partselect' 'in_val_33' <Predicate = true> <Delay = 0.00>
ST_1 : Operation 41 [1/1] (0.00ns)   --->   "%in_val_34 = partselect i16 @_ssdm_op_PartSelect.i16.i1280.i32.i32, i1280 %data_val_read, i32 560, i32 575" [firmware/nnet_utils/nnet_layernorm.h:124]   --->   Operation 41 'partselect' 'in_val_34' <Predicate = true> <Delay = 0.00>
ST_1 : Operation 42 [1/1] (0.00ns)   --->   "%in_val_35 = partselect i16 @_ssdm_op_PartSelect.i16.i1280.i32.i32, i1280 %data_val_read, i32 576, i32 591" [firmware/nnet_utils/nnet_layernorm.h:124]   --->   Operation 42 'partselect' 'in_val_35' <Predicate = true> <Delay = 0.00>
ST_1 : Operation 43 [1/1] (0.00ns)   --->   "%in_val_36 = partselect i16 @_ssdm_op_PartSelect.i16.i1280.i32.i32, i1280 %data_val_read, i32 592, i32 607" [firmware/nnet_utils/nnet_layernorm.h:124]   --->   Operation 43 'partselect' 'in_val_36' <Predicate = true> <Delay = 0.00>
ST_1 : Operation 44 [1/1] (0.00ns)   --->   "%in_val_37 = partselect i16 @_ssdm_op_PartSelect.i16.i1280.i32.i32, i1280 %data_val_read, i32 608, i32 623" [firmware/nnet_utils/nnet_layernorm.h:124]   --->   Operation 44 'partselect' 'in_val_37' <Predicate = true> <Delay = 0.00>
ST_1 : Operation 45 [1/1] (0.00ns)   --->   "%in_val_38 = partselect i16 @_ssdm_op_PartSelect.i16.i1280.i32.i32, i1280 %data_val_read, i32 624, i32 639" [firmware/nnet_utils/nnet_layernorm.h:124]   --->   Operation 45 'partselect' 'in_val_38' <Predicate = true> <Delay = 0.00>
ST_1 : Operation 46 [1/1] (0.00ns)   --->   "%in_val_39 = partselect i16 @_ssdm_op_PartSelect.i16.i1280.i32.i32, i1280 %data_val_read, i32 640, i32 655" [firmware/nnet_utils/nnet_layernorm.h:124]   --->   Operation 46 'partselect' 'in_val_39' <Predicate = true> <Delay = 0.00>
ST_1 : Operation 47 [1/1] (0.00ns)   --->   "%in_val_40 = partselect i16 @_ssdm_op_PartSelect.i16.i1280.i32.i32, i1280 %data_val_read, i32 656, i32 671" [firmware/nnet_utils/nnet_layernorm.h:124]   --->   Operation 47 'partselect' 'in_val_40' <Predicate = true> <Delay = 0.00>
ST_1 : Operation 48 [1/1] (0.00ns)   --->   "%in_val_41 = partselect i16 @_ssdm_op_PartSelect.i16.i1280.i32.i32, i1280 %data_val_read, i32 672, i32 687" [firmware/nnet_utils/nnet_layernorm.h:124]   --->   Operation 48 'partselect' 'in_val_41' <Predicate = true> <Delay = 0.00>
ST_1 : Operation 49 [1/1] (0.00ns)   --->   "%in_val_42 = partselect i16 @_ssdm_op_PartSelect.i16.i1280.i32.i32, i1280 %data_val_read, i32 688, i32 703" [firmware/nnet_utils/nnet_layernorm.h:124]   --->   Operation 49 'partselect' 'in_val_42' <Predicate = true> <Delay = 0.00>
ST_1 : Operation 50 [1/1] (0.00ns)   --->   "%in_val_43 = partselect i16 @_ssdm_op_PartSelect.i16.i1280.i32.i32, i1280 %data_val_read, i32 704, i32 719" [firmware/nnet_utils/nnet_layernorm.h:124]   --->   Operation 50 'partselect' 'in_val_43' <Predicate = true> <Delay = 0.00>
ST_1 : Operation 51 [1/1] (0.00ns)   --->   "%in_val_44 = partselect i16 @_ssdm_op_PartSelect.i16.i1280.i32.i32, i1280 %data_val_read, i32 720, i32 735" [firmware/nnet_utils/nnet_layernorm.h:124]   --->   Operation 51 'partselect' 'in_val_44' <Predicate = true> <Delay = 0.00>
ST_1 : Operation 52 [1/1] (0.00ns)   --->   "%in_val_45 = partselect i16 @_ssdm_op_PartSelect.i16.i1280.i32.i32, i1280 %data_val_read, i32 736, i32 751" [firmware/nnet_utils/nnet_layernorm.h:124]   --->   Operation 52 'partselect' 'in_val_45' <Predicate = true> <Delay = 0.00>
ST_1 : Operation 53 [1/1] (0.00ns)   --->   "%in_val_46 = partselect i16 @_ssdm_op_PartSelect.i16.i1280.i32.i32, i1280 %data_val_read, i32 752, i32 767" [firmware/nnet_utils/nnet_layernorm.h:124]   --->   Operation 53 'partselect' 'in_val_46' <Predicate = true> <Delay = 0.00>
ST_1 : Operation 54 [1/1] (0.00ns)   --->   "%in_val_47 = partselect i16 @_ssdm_op_PartSelect.i16.i1280.i32.i32, i1280 %data_val_read, i32 768, i32 783" [firmware/nnet_utils/nnet_layernorm.h:124]   --->   Operation 54 'partselect' 'in_val_47' <Predicate = true> <Delay = 0.00>
ST_1 : Operation 55 [1/1] (0.00ns)   --->   "%in_val_48 = partselect i16 @_ssdm_op_PartSelect.i16.i1280.i32.i32, i1280 %data_val_read, i32 784, i32 799" [firmware/nnet_utils/nnet_layernorm.h:124]   --->   Operation 55 'partselect' 'in_val_48' <Predicate = true> <Delay = 0.00>
ST_1 : Operation 56 [1/1] (0.00ns)   --->   "%in_val_49 = partselect i16 @_ssdm_op_PartSelect.i16.i1280.i32.i32, i1280 %data_val_read, i32 800, i32 815" [firmware/nnet_utils/nnet_layernorm.h:124]   --->   Operation 56 'partselect' 'in_val_49' <Predicate = true> <Delay = 0.00>
ST_1 : Operation 57 [1/1] (0.00ns)   --->   "%in_val_50 = partselect i16 @_ssdm_op_PartSelect.i16.i1280.i32.i32, i1280 %data_val_read, i32 816, i32 831" [firmware/nnet_utils/nnet_layernorm.h:124]   --->   Operation 57 'partselect' 'in_val_50' <Predicate = true> <Delay = 0.00>
ST_1 : Operation 58 [1/1] (0.00ns)   --->   "%in_val_51 = partselect i16 @_ssdm_op_PartSelect.i16.i1280.i32.i32, i1280 %data_val_read, i32 832, i32 847" [firmware/nnet_utils/nnet_layernorm.h:124]   --->   Operation 58 'partselect' 'in_val_51' <Predicate = true> <Delay = 0.00>
ST_1 : Operation 59 [1/1] (0.00ns)   --->   "%in_val_52 = partselect i16 @_ssdm_op_PartSelect.i16.i1280.i32.i32, i1280 %data_val_read, i32 848, i32 863" [firmware/nnet_utils/nnet_layernorm.h:124]   --->   Operation 59 'partselect' 'in_val_52' <Predicate = true> <Delay = 0.00>
ST_1 : Operation 60 [1/1] (0.00ns)   --->   "%in_val_53 = partselect i16 @_ssdm_op_PartSelect.i16.i1280.i32.i32, i1280 %data_val_read, i32 864, i32 879" [firmware/nnet_utils/nnet_layernorm.h:124]   --->   Operation 60 'partselect' 'in_val_53' <Predicate = true> <Delay = 0.00>
ST_1 : Operation 61 [1/1] (0.00ns)   --->   "%in_val_54 = partselect i16 @_ssdm_op_PartSelect.i16.i1280.i32.i32, i1280 %data_val_read, i32 880, i32 895" [firmware/nnet_utils/nnet_layernorm.h:124]   --->   Operation 61 'partselect' 'in_val_54' <Predicate = true> <Delay = 0.00>
ST_1 : Operation 62 [1/1] (0.00ns)   --->   "%in_val_55 = partselect i16 @_ssdm_op_PartSelect.i16.i1280.i32.i32, i1280 %data_val_read, i32 896, i32 911" [firmware/nnet_utils/nnet_layernorm.h:124]   --->   Operation 62 'partselect' 'in_val_55' <Predicate = true> <Delay = 0.00>
ST_1 : Operation 63 [1/1] (0.00ns)   --->   "%in_val_56 = partselect i16 @_ssdm_op_PartSelect.i16.i1280.i32.i32, i1280 %data_val_read, i32 912, i32 927" [firmware/nnet_utils/nnet_layernorm.h:124]   --->   Operation 63 'partselect' 'in_val_56' <Predicate = true> <Delay = 0.00>
ST_1 : Operation 64 [1/1] (0.00ns)   --->   "%in_val_57 = partselect i16 @_ssdm_op_PartSelect.i16.i1280.i32.i32, i1280 %data_val_read, i32 928, i32 943" [firmware/nnet_utils/nnet_layernorm.h:124]   --->   Operation 64 'partselect' 'in_val_57' <Predicate = true> <Delay = 0.00>
ST_1 : Operation 65 [1/1] (0.00ns)   --->   "%in_val_58 = partselect i16 @_ssdm_op_PartSelect.i16.i1280.i32.i32, i1280 %data_val_read, i32 944, i32 959" [firmware/nnet_utils/nnet_layernorm.h:124]   --->   Operation 65 'partselect' 'in_val_58' <Predicate = true> <Delay = 0.00>
ST_1 : Operation 66 [1/1] (0.00ns)   --->   "%in_val_59 = partselect i16 @_ssdm_op_PartSelect.i16.i1280.i32.i32, i1280 %data_val_read, i32 960, i32 975" [firmware/nnet_utils/nnet_layernorm.h:124]   --->   Operation 66 'partselect' 'in_val_59' <Predicate = true> <Delay = 0.00>
ST_1 : Operation 67 [1/1] (0.00ns)   --->   "%in_val_60 = partselect i16 @_ssdm_op_PartSelect.i16.i1280.i32.i32, i1280 %data_val_read, i32 976, i32 991" [firmware/nnet_utils/nnet_layernorm.h:124]   --->   Operation 67 'partselect' 'in_val_60' <Predicate = true> <Delay = 0.00>
ST_1 : Operation 68 [1/1] (0.00ns)   --->   "%in_val_61 = partselect i16 @_ssdm_op_PartSelect.i16.i1280.i32.i32, i1280 %data_val_read, i32 992, i32 1007" [firmware/nnet_utils/nnet_layernorm.h:124]   --->   Operation 68 'partselect' 'in_val_61' <Predicate = true> <Delay = 0.00>
ST_1 : Operation 69 [1/1] (0.00ns)   --->   "%in_val_62 = partselect i16 @_ssdm_op_PartSelect.i16.i1280.i32.i32, i1280 %data_val_read, i32 1008, i32 1023" [firmware/nnet_utils/nnet_layernorm.h:124]   --->   Operation 69 'partselect' 'in_val_62' <Predicate = true> <Delay = 0.00>
ST_1 : Operation 70 [1/1] (0.00ns)   --->   "%in_val_63 = partselect i16 @_ssdm_op_PartSelect.i16.i1280.i32.i32, i1280 %data_val_read, i32 1024, i32 1039" [firmware/nnet_utils/nnet_layernorm.h:124]   --->   Operation 70 'partselect' 'in_val_63' <Predicate = true> <Delay = 0.00>
ST_1 : Operation 71 [1/1] (0.00ns)   --->   "%in_val_64 = partselect i16 @_ssdm_op_PartSelect.i16.i1280.i32.i32, i1280 %data_val_read, i32 1040, i32 1055" [firmware/nnet_utils/nnet_layernorm.h:124]   --->   Operation 71 'partselect' 'in_val_64' <Predicate = true> <Delay = 0.00>
ST_1 : Operation 72 [1/1] (0.00ns)   --->   "%in_val_65 = partselect i16 @_ssdm_op_PartSelect.i16.i1280.i32.i32, i1280 %data_val_read, i32 1056, i32 1071" [firmware/nnet_utils/nnet_layernorm.h:124]   --->   Operation 72 'partselect' 'in_val_65' <Predicate = true> <Delay = 0.00>
ST_1 : Operation 73 [1/1] (0.00ns)   --->   "%in_val_66 = partselect i16 @_ssdm_op_PartSelect.i16.i1280.i32.i32, i1280 %data_val_read, i32 1072, i32 1087" [firmware/nnet_utils/nnet_layernorm.h:124]   --->   Operation 73 'partselect' 'in_val_66' <Predicate = true> <Delay = 0.00>
ST_1 : Operation 74 [1/1] (0.00ns)   --->   "%in_val_67 = partselect i16 @_ssdm_op_PartSelect.i16.i1280.i32.i32, i1280 %data_val_read, i32 1088, i32 1103" [firmware/nnet_utils/nnet_layernorm.h:124]   --->   Operation 74 'partselect' 'in_val_67' <Predicate = true> <Delay = 0.00>
ST_1 : Operation 75 [1/1] (0.00ns)   --->   "%in_val_68 = partselect i16 @_ssdm_op_PartSelect.i16.i1280.i32.i32, i1280 %data_val_read, i32 1104, i32 1119" [firmware/nnet_utils/nnet_layernorm.h:124]   --->   Operation 75 'partselect' 'in_val_68' <Predicate = true> <Delay = 0.00>
ST_1 : Operation 76 [1/1] (0.00ns)   --->   "%in_val_69 = partselect i16 @_ssdm_op_PartSelect.i16.i1280.i32.i32, i1280 %data_val_read, i32 1120, i32 1135" [firmware/nnet_utils/nnet_layernorm.h:124]   --->   Operation 76 'partselect' 'in_val_69' <Predicate = true> <Delay = 0.00>
ST_1 : Operation 77 [1/1] (0.00ns)   --->   "%in_val_70 = partselect i16 @_ssdm_op_PartSelect.i16.i1280.i32.i32, i1280 %data_val_read, i32 1136, i32 1151" [firmware/nnet_utils/nnet_layernorm.h:124]   --->   Operation 77 'partselect' 'in_val_70' <Predicate = true> <Delay = 0.00>
ST_1 : Operation 78 [1/1] (0.00ns)   --->   "%in_val_71 = partselect i16 @_ssdm_op_PartSelect.i16.i1280.i32.i32, i1280 %data_val_read, i32 1152, i32 1167" [firmware/nnet_utils/nnet_layernorm.h:124]   --->   Operation 78 'partselect' 'in_val_71' <Predicate = true> <Delay = 0.00>
ST_1 : Operation 79 [1/1] (0.00ns)   --->   "%in_val_72 = partselect i16 @_ssdm_op_PartSelect.i16.i1280.i32.i32, i1280 %data_val_read, i32 1168, i32 1183" [firmware/nnet_utils/nnet_layernorm.h:124]   --->   Operation 79 'partselect' 'in_val_72' <Predicate = true> <Delay = 0.00>
ST_1 : Operation 80 [1/1] (0.00ns)   --->   "%in_val_73 = partselect i16 @_ssdm_op_PartSelect.i16.i1280.i32.i32, i1280 %data_val_read, i32 1184, i32 1199" [firmware/nnet_utils/nnet_layernorm.h:124]   --->   Operation 80 'partselect' 'in_val_73' <Predicate = true> <Delay = 0.00>
ST_1 : Operation 81 [1/1] (0.00ns)   --->   "%in_val_74 = partselect i16 @_ssdm_op_PartSelect.i16.i1280.i32.i32, i1280 %data_val_read, i32 1200, i32 1215" [firmware/nnet_utils/nnet_layernorm.h:124]   --->   Operation 81 'partselect' 'in_val_74' <Predicate = true> <Delay = 0.00>
ST_1 : Operation 82 [1/1] (0.00ns)   --->   "%in_val_75 = partselect i16 @_ssdm_op_PartSelect.i16.i1280.i32.i32, i1280 %data_val_read, i32 1216, i32 1231" [firmware/nnet_utils/nnet_layernorm.h:124]   --->   Operation 82 'partselect' 'in_val_75' <Predicate = true> <Delay = 0.00>
ST_1 : Operation 83 [1/1] (0.00ns)   --->   "%in_val_76 = partselect i16 @_ssdm_op_PartSelect.i16.i1280.i32.i32, i1280 %data_val_read, i32 1232, i32 1247" [firmware/nnet_utils/nnet_layernorm.h:124]   --->   Operation 83 'partselect' 'in_val_76' <Predicate = true> <Delay = 0.00>
ST_1 : Operation 84 [1/1] (0.00ns)   --->   "%in_val_77 = partselect i16 @_ssdm_op_PartSelect.i16.i1280.i32.i32, i1280 %data_val_read, i32 1248, i32 1263" [firmware/nnet_utils/nnet_layernorm.h:124]   --->   Operation 84 'partselect' 'in_val_77' <Predicate = true> <Delay = 0.00>
ST_1 : Operation 85 [1/1] (0.00ns)   --->   "%in_val_78 = partselect i16 @_ssdm_op_PartSelect.i16.i1280.i32.i32, i1280 %data_val_read, i32 1264, i32 1279" [firmware/nnet_utils/nnet_layernorm.h:124]   --->   Operation 85 'partselect' 'in_val_78' <Predicate = true> <Delay = 0.00>
ST_1 : Operation 86 [4/4] (2.97ns)   --->   "%call_ret9 = call i264 @layernorm_1d<ap_fixed<16, 6, 5, 3, 0>, ap_fixed<33, 13, 5, 3, 0>, config2>, i16 %in_val, i16 %in_val_79, i16 %in_val_1, i16 %in_val_2, i16 %in_val_3, i16 %in_val_4, i16 %in_val_5, i16 %in_val_6, i15 %invert_sqr_table" [firmware/nnet_utils/nnet_layernorm.h:126]   --->   Operation 86 'call' 'call_ret9' <Predicate = true> <Delay = 2.97> <CoreType = "Generic">   --->   Core 0 '' <Latency = 0> <II = 1> <Delay = 1.00> <Generic> <Opcode : >
ST_1 : Operation 87 [4/4] (2.97ns)   --->   "%call_ret1 = call i264 @layernorm_1d<ap_fixed<16, 6, 5, 3, 0>, ap_fixed<33, 13, 5, 3, 0>, config2>, i16 %in_val_7, i16 %in_val_8, i16 %in_val_9, i16 %in_val_10, i16 %in_val_11, i16 %in_val_12, i16 %in_val_13, i16 %in_val_14, i15 %invert_sqr_table" [firmware/nnet_utils/nnet_layernorm.h:126]   --->   Operation 87 'call' 'call_ret1' <Predicate = true> <Delay = 2.97> <CoreType = "Generic">   --->   Core 0 '' <Latency = 0> <II = 1> <Delay = 1.00> <Generic> <Opcode : >
ST_1 : Operation 88 [4/4] (2.97ns)   --->   "%call_ret2 = call i264 @layernorm_1d<ap_fixed<16, 6, 5, 3, 0>, ap_fixed<33, 13, 5, 3, 0>, config2>, i16 %in_val_15, i16 %in_val_16, i16 %in_val_17, i16 %in_val_18, i16 %in_val_19, i16 %in_val_20, i16 %in_val_21, i16 %in_val_22, i15 %invert_sqr_table" [firmware/nnet_utils/nnet_layernorm.h:126]   --->   Operation 88 'call' 'call_ret2' <Predicate = true> <Delay = 2.97> <CoreType = "Generic">   --->   Core 0 '' <Latency = 0> <II = 1> <Delay = 1.00> <Generic> <Opcode : >
ST_1 : Operation 89 [4/4] (2.97ns)   --->   "%call_ret3 = call i264 @layernorm_1d<ap_fixed<16, 6, 5, 3, 0>, ap_fixed<33, 13, 5, 3, 0>, config2>, i16 %in_val_23, i16 %in_val_24, i16 %in_val_25, i16 %in_val_26, i16 %in_val_27, i16 %in_val_28, i16 %in_val_29, i16 %in_val_30, i15 %invert_sqr_table" [firmware/nnet_utils/nnet_layernorm.h:126]   --->   Operation 89 'call' 'call_ret3' <Predicate = true> <Delay = 2.97> <CoreType = "Generic">   --->   Core 0 '' <Latency = 0> <II = 1> <Delay = 1.00> <Generic> <Opcode : >
ST_1 : Operation 90 [4/4] (2.97ns)   --->   "%call_ret4 = call i264 @layernorm_1d<ap_fixed<16, 6, 5, 3, 0>, ap_fixed<33, 13, 5, 3, 0>, config2>, i16 %in_val_31, i16 %in_val_32, i16 %in_val_33, i16 %in_val_34, i16 %in_val_35, i16 %in_val_36, i16 %in_val_37, i16 %in_val_38, i15 %invert_sqr_table" [firmware/nnet_utils/nnet_layernorm.h:126]   --->   Operation 90 'call' 'call_ret4' <Predicate = true> <Delay = 2.97> <CoreType = "Generic">   --->   Core 0 '' <Latency = 0> <II = 1> <Delay = 1.00> <Generic> <Opcode : >
ST_1 : Operation 91 [4/4] (2.97ns)   --->   "%call_ret5 = call i264 @layernorm_1d<ap_fixed<16, 6, 5, 3, 0>, ap_fixed<33, 13, 5, 3, 0>, config2>, i16 %in_val_39, i16 %in_val_40, i16 %in_val_41, i16 %in_val_42, i16 %in_val_43, i16 %in_val_44, i16 %in_val_45, i16 %in_val_46, i15 %invert_sqr_table" [firmware/nnet_utils/nnet_layernorm.h:126]   --->   Operation 91 'call' 'call_ret5' <Predicate = true> <Delay = 2.97> <CoreType = "Generic">   --->   Core 0 '' <Latency = 0> <II = 1> <Delay = 1.00> <Generic> <Opcode : >
ST_1 : Operation 92 [4/4] (2.97ns)   --->   "%call_ret6 = call i264 @layernorm_1d<ap_fixed<16, 6, 5, 3, 0>, ap_fixed<33, 13, 5, 3, 0>, config2>, i16 %in_val_47, i16 %in_val_48, i16 %in_val_49, i16 %in_val_50, i16 %in_val_51, i16 %in_val_52, i16 %in_val_53, i16 %in_val_54, i15 %invert_sqr_table" [firmware/nnet_utils/nnet_layernorm.h:126]   --->   Operation 92 'call' 'call_ret6' <Predicate = true> <Delay = 2.97> <CoreType = "Generic">   --->   Core 0 '' <Latency = 0> <II = 1> <Delay = 1.00> <Generic> <Opcode : >
ST_1 : Operation 93 [4/4] (2.97ns)   --->   "%call_ret7 = call i264 @layernorm_1d<ap_fixed<16, 6, 5, 3, 0>, ap_fixed<33, 13, 5, 3, 0>, config2>, i16 %in_val_55, i16 %in_val_56, i16 %in_val_57, i16 %in_val_58, i16 %in_val_59, i16 %in_val_60, i16 %in_val_61, i16 %in_val_62, i15 %invert_sqr_table" [firmware/nnet_utils/nnet_layernorm.h:126]   --->   Operation 93 'call' 'call_ret7' <Predicate = true> <Delay = 2.97> <CoreType = "Generic">   --->   Core 0 '' <Latency = 0> <II = 1> <Delay = 1.00> <Generic> <Opcode : >
ST_1 : Operation 94 [4/4] (2.97ns)   --->   "%call_ret8 = call i264 @layernorm_1d<ap_fixed<16, 6, 5, 3, 0>, ap_fixed<33, 13, 5, 3, 0>, config2>, i16 %in_val_63, i16 %in_val_64, i16 %in_val_65, i16 %in_val_66, i16 %in_val_67, i16 %in_val_68, i16 %in_val_69, i16 %in_val_70, i15 %invert_sqr_table" [firmware/nnet_utils/nnet_layernorm.h:126]   --->   Operation 94 'call' 'call_ret8' <Predicate = true> <Delay = 2.97> <CoreType = "Generic">   --->   Core 0 '' <Latency = 0> <II = 1> <Delay = 1.00> <Generic> <Opcode : >
ST_1 : Operation 95 [4/4] (2.97ns)   --->   "%call_ret = call i264 @layernorm_1d<ap_fixed<16, 6, 5, 3, 0>, ap_fixed<33, 13, 5, 3, 0>, config2>, i16 %in_val_71, i16 %in_val_72, i16 %in_val_73, i16 %in_val_74, i16 %in_val_75, i16 %in_val_76, i16 %in_val_77, i16 %in_val_78, i15 %invert_sqr_table" [firmware/nnet_utils/nnet_layernorm.h:126]   --->   Operation 95 'call' 'call_ret' <Predicate = true> <Delay = 2.97> <CoreType = "Generic">   --->   Core 0 '' <Latency = 0> <II = 1> <Delay = 1.00> <Generic> <Opcode : >

State 2 <SV = 1> <Delay = 4.09>
ST_2 : Operation 96 [3/4] (4.09ns)   --->   "%call_ret9 = call i264 @layernorm_1d<ap_fixed<16, 6, 5, 3, 0>, ap_fixed<33, 13, 5, 3, 0>, config2>, i16 %in_val, i16 %in_val_79, i16 %in_val_1, i16 %in_val_2, i16 %in_val_3, i16 %in_val_4, i16 %in_val_5, i16 %in_val_6, i15 %invert_sqr_table" [firmware/nnet_utils/nnet_layernorm.h:126]   --->   Operation 96 'call' 'call_ret9' <Predicate = true> <Delay = 4.09> <CoreType = "Generic">   --->   Core 0 '' <Latency = 0> <II = 1> <Delay = 1.00> <Generic> <Opcode : >
ST_2 : Operation 97 [3/4] (4.09ns)   --->   "%call_ret1 = call i264 @layernorm_1d<ap_fixed<16, 6, 5, 3, 0>, ap_fixed<33, 13, 5, 3, 0>, config2>, i16 %in_val_7, i16 %in_val_8, i16 %in_val_9, i16 %in_val_10, i16 %in_val_11, i16 %in_val_12, i16 %in_val_13, i16 %in_val_14, i15 %invert_sqr_table" [firmware/nnet_utils/nnet_layernorm.h:126]   --->   Operation 97 'call' 'call_ret1' <Predicate = true> <Delay = 4.09> <CoreType = "Generic">   --->   Core 0 '' <Latency = 0> <II = 1> <Delay = 1.00> <Generic> <Opcode : >
ST_2 : Operation 98 [3/4] (4.09ns)   --->   "%call_ret2 = call i264 @layernorm_1d<ap_fixed<16, 6, 5, 3, 0>, ap_fixed<33, 13, 5, 3, 0>, config2>, i16 %in_val_15, i16 %in_val_16, i16 %in_val_17, i16 %in_val_18, i16 %in_val_19, i16 %in_val_20, i16 %in_val_21, i16 %in_val_22, i15 %invert_sqr_table" [firmware/nnet_utils/nnet_layernorm.h:126]   --->   Operation 98 'call' 'call_ret2' <Predicate = true> <Delay = 4.09> <CoreType = "Generic">   --->   Core 0 '' <Latency = 0> <II = 1> <Delay = 1.00> <Generic> <Opcode : >
ST_2 : Operation 99 [3/4] (4.09ns)   --->   "%call_ret3 = call i264 @layernorm_1d<ap_fixed<16, 6, 5, 3, 0>, ap_fixed<33, 13, 5, 3, 0>, config2>, i16 %in_val_23, i16 %in_val_24, i16 %in_val_25, i16 %in_val_26, i16 %in_val_27, i16 %in_val_28, i16 %in_val_29, i16 %in_val_30, i15 %invert_sqr_table" [firmware/nnet_utils/nnet_layernorm.h:126]   --->   Operation 99 'call' 'call_ret3' <Predicate = true> <Delay = 4.09> <CoreType = "Generic">   --->   Core 0 '' <Latency = 0> <II = 1> <Delay = 1.00> <Generic> <Opcode : >
ST_2 : Operation 100 [3/4] (4.09ns)   --->   "%call_ret4 = call i264 @layernorm_1d<ap_fixed<16, 6, 5, 3, 0>, ap_fixed<33, 13, 5, 3, 0>, config2>, i16 %in_val_31, i16 %in_val_32, i16 %in_val_33, i16 %in_val_34, i16 %in_val_35, i16 %in_val_36, i16 %in_val_37, i16 %in_val_38, i15 %invert_sqr_table" [firmware/nnet_utils/nnet_layernorm.h:126]   --->   Operation 100 'call' 'call_ret4' <Predicate = true> <Delay = 4.09> <CoreType = "Generic">   --->   Core 0 '' <Latency = 0> <II = 1> <Delay = 1.00> <Generic> <Opcode : >
ST_2 : Operation 101 [3/4] (4.09ns)   --->   "%call_ret5 = call i264 @layernorm_1d<ap_fixed<16, 6, 5, 3, 0>, ap_fixed<33, 13, 5, 3, 0>, config2>, i16 %in_val_39, i16 %in_val_40, i16 %in_val_41, i16 %in_val_42, i16 %in_val_43, i16 %in_val_44, i16 %in_val_45, i16 %in_val_46, i15 %invert_sqr_table" [firmware/nnet_utils/nnet_layernorm.h:126]   --->   Operation 101 'call' 'call_ret5' <Predicate = true> <Delay = 4.09> <CoreType = "Generic">   --->   Core 0 '' <Latency = 0> <II = 1> <Delay = 1.00> <Generic> <Opcode : >
ST_2 : Operation 102 [3/4] (4.09ns)   --->   "%call_ret6 = call i264 @layernorm_1d<ap_fixed<16, 6, 5, 3, 0>, ap_fixed<33, 13, 5, 3, 0>, config2>, i16 %in_val_47, i16 %in_val_48, i16 %in_val_49, i16 %in_val_50, i16 %in_val_51, i16 %in_val_52, i16 %in_val_53, i16 %in_val_54, i15 %invert_sqr_table" [firmware/nnet_utils/nnet_layernorm.h:126]   --->   Operation 102 'call' 'call_ret6' <Predicate = true> <Delay = 4.09> <CoreType = "Generic">   --->   Core 0 '' <Latency = 0> <II = 1> <Delay = 1.00> <Generic> <Opcode : >
ST_2 : Operation 103 [3/4] (4.09ns)   --->   "%call_ret7 = call i264 @layernorm_1d<ap_fixed<16, 6, 5, 3, 0>, ap_fixed<33, 13, 5, 3, 0>, config2>, i16 %in_val_55, i16 %in_val_56, i16 %in_val_57, i16 %in_val_58, i16 %in_val_59, i16 %in_val_60, i16 %in_val_61, i16 %in_val_62, i15 %invert_sqr_table" [firmware/nnet_utils/nnet_layernorm.h:126]   --->   Operation 103 'call' 'call_ret7' <Predicate = true> <Delay = 4.09> <CoreType = "Generic">   --->   Core 0 '' <Latency = 0> <II = 1> <Delay = 1.00> <Generic> <Opcode : >
ST_2 : Operation 104 [3/4] (4.09ns)   --->   "%call_ret8 = call i264 @layernorm_1d<ap_fixed<16, 6, 5, 3, 0>, ap_fixed<33, 13, 5, 3, 0>, config2>, i16 %in_val_63, i16 %in_val_64, i16 %in_val_65, i16 %in_val_66, i16 %in_val_67, i16 %in_val_68, i16 %in_val_69, i16 %in_val_70, i15 %invert_sqr_table" [firmware/nnet_utils/nnet_layernorm.h:126]   --->   Operation 104 'call' 'call_ret8' <Predicate = true> <Delay = 4.09> <CoreType = "Generic">   --->   Core 0 '' <Latency = 0> <II = 1> <Delay = 1.00> <Generic> <Opcode : >
ST_2 : Operation 105 [3/4] (4.09ns)   --->   "%call_ret = call i264 @layernorm_1d<ap_fixed<16, 6, 5, 3, 0>, ap_fixed<33, 13, 5, 3, 0>, config2>, i16 %in_val_71, i16 %in_val_72, i16 %in_val_73, i16 %in_val_74, i16 %in_val_75, i16 %in_val_76, i16 %in_val_77, i16 %in_val_78, i15 %invert_sqr_table" [firmware/nnet_utils/nnet_layernorm.h:126]   --->   Operation 105 'call' 'call_ret' <Predicate = true> <Delay = 4.09> <CoreType = "Generic">   --->   Core 0 '' <Latency = 0> <II = 1> <Delay = 1.00> <Generic> <Opcode : >

State 3 <SV = 2> <Delay = 4.09>
ST_3 : Operation 106 [2/4] (4.09ns)   --->   "%call_ret9 = call i264 @layernorm_1d<ap_fixed<16, 6, 5, 3, 0>, ap_fixed<33, 13, 5, 3, 0>, config2>, i16 %in_val, i16 %in_val_79, i16 %in_val_1, i16 %in_val_2, i16 %in_val_3, i16 %in_val_4, i16 %in_val_5, i16 %in_val_6, i15 %invert_sqr_table" [firmware/nnet_utils/nnet_layernorm.h:126]   --->   Operation 106 'call' 'call_ret9' <Predicate = true> <Delay = 4.09> <CoreType = "Generic">   --->   Core 0 '' <Latency = 0> <II = 1> <Delay = 1.00> <Generic> <Opcode : >
ST_3 : Operation 107 [2/4] (4.09ns)   --->   "%call_ret1 = call i264 @layernorm_1d<ap_fixed<16, 6, 5, 3, 0>, ap_fixed<33, 13, 5, 3, 0>, config2>, i16 %in_val_7, i16 %in_val_8, i16 %in_val_9, i16 %in_val_10, i16 %in_val_11, i16 %in_val_12, i16 %in_val_13, i16 %in_val_14, i15 %invert_sqr_table" [firmware/nnet_utils/nnet_layernorm.h:126]   --->   Operation 107 'call' 'call_ret1' <Predicate = true> <Delay = 4.09> <CoreType = "Generic">   --->   Core 0 '' <Latency = 0> <II = 1> <Delay = 1.00> <Generic> <Opcode : >
ST_3 : Operation 108 [2/4] (4.09ns)   --->   "%call_ret2 = call i264 @layernorm_1d<ap_fixed<16, 6, 5, 3, 0>, ap_fixed<33, 13, 5, 3, 0>, config2>, i16 %in_val_15, i16 %in_val_16, i16 %in_val_17, i16 %in_val_18, i16 %in_val_19, i16 %in_val_20, i16 %in_val_21, i16 %in_val_22, i15 %invert_sqr_table" [firmware/nnet_utils/nnet_layernorm.h:126]   --->   Operation 108 'call' 'call_ret2' <Predicate = true> <Delay = 4.09> <CoreType = "Generic">   --->   Core 0 '' <Latency = 0> <II = 1> <Delay = 1.00> <Generic> <Opcode : >
ST_3 : Operation 109 [2/4] (4.09ns)   --->   "%call_ret3 = call i264 @layernorm_1d<ap_fixed<16, 6, 5, 3, 0>, ap_fixed<33, 13, 5, 3, 0>, config2>, i16 %in_val_23, i16 %in_val_24, i16 %in_val_25, i16 %in_val_26, i16 %in_val_27, i16 %in_val_28, i16 %in_val_29, i16 %in_val_30, i15 %invert_sqr_table" [firmware/nnet_utils/nnet_layernorm.h:126]   --->   Operation 109 'call' 'call_ret3' <Predicate = true> <Delay = 4.09> <CoreType = "Generic">   --->   Core 0 '' <Latency = 0> <II = 1> <Delay = 1.00> <Generic> <Opcode : >
ST_3 : Operation 110 [2/4] (4.09ns)   --->   "%call_ret4 = call i264 @layernorm_1d<ap_fixed<16, 6, 5, 3, 0>, ap_fixed<33, 13, 5, 3, 0>, config2>, i16 %in_val_31, i16 %in_val_32, i16 %in_val_33, i16 %in_val_34, i16 %in_val_35, i16 %in_val_36, i16 %in_val_37, i16 %in_val_38, i15 %invert_sqr_table" [firmware/nnet_utils/nnet_layernorm.h:126]   --->   Operation 110 'call' 'call_ret4' <Predicate = true> <Delay = 4.09> <CoreType = "Generic">   --->   Core 0 '' <Latency = 0> <II = 1> <Delay = 1.00> <Generic> <Opcode : >
ST_3 : Operation 111 [2/4] (4.09ns)   --->   "%call_ret5 = call i264 @layernorm_1d<ap_fixed<16, 6, 5, 3, 0>, ap_fixed<33, 13, 5, 3, 0>, config2>, i16 %in_val_39, i16 %in_val_40, i16 %in_val_41, i16 %in_val_42, i16 %in_val_43, i16 %in_val_44, i16 %in_val_45, i16 %in_val_46, i15 %invert_sqr_table" [firmware/nnet_utils/nnet_layernorm.h:126]   --->   Operation 111 'call' 'call_ret5' <Predicate = true> <Delay = 4.09> <CoreType = "Generic">   --->   Core 0 '' <Latency = 0> <II = 1> <Delay = 1.00> <Generic> <Opcode : >
ST_3 : Operation 112 [2/4] (4.09ns)   --->   "%call_ret6 = call i264 @layernorm_1d<ap_fixed<16, 6, 5, 3, 0>, ap_fixed<33, 13, 5, 3, 0>, config2>, i16 %in_val_47, i16 %in_val_48, i16 %in_val_49, i16 %in_val_50, i16 %in_val_51, i16 %in_val_52, i16 %in_val_53, i16 %in_val_54, i15 %invert_sqr_table" [firmware/nnet_utils/nnet_layernorm.h:126]   --->   Operation 112 'call' 'call_ret6' <Predicate = true> <Delay = 4.09> <CoreType = "Generic">   --->   Core 0 '' <Latency = 0> <II = 1> <Delay = 1.00> <Generic> <Opcode : >
ST_3 : Operation 113 [2/4] (4.09ns)   --->   "%call_ret7 = call i264 @layernorm_1d<ap_fixed<16, 6, 5, 3, 0>, ap_fixed<33, 13, 5, 3, 0>, config2>, i16 %in_val_55, i16 %in_val_56, i16 %in_val_57, i16 %in_val_58, i16 %in_val_59, i16 %in_val_60, i16 %in_val_61, i16 %in_val_62, i15 %invert_sqr_table" [firmware/nnet_utils/nnet_layernorm.h:126]   --->   Operation 113 'call' 'call_ret7' <Predicate = true> <Delay = 4.09> <CoreType = "Generic">   --->   Core 0 '' <Latency = 0> <II = 1> <Delay = 1.00> <Generic> <Opcode : >
ST_3 : Operation 114 [2/4] (4.09ns)   --->   "%call_ret8 = call i264 @layernorm_1d<ap_fixed<16, 6, 5, 3, 0>, ap_fixed<33, 13, 5, 3, 0>, config2>, i16 %in_val_63, i16 %in_val_64, i16 %in_val_65, i16 %in_val_66, i16 %in_val_67, i16 %in_val_68, i16 %in_val_69, i16 %in_val_70, i15 %invert_sqr_table" [firmware/nnet_utils/nnet_layernorm.h:126]   --->   Operation 114 'call' 'call_ret8' <Predicate = true> <Delay = 4.09> <CoreType = "Generic">   --->   Core 0 '' <Latency = 0> <II = 1> <Delay = 1.00> <Generic> <Opcode : >
ST_3 : Operation 115 [2/4] (4.09ns)   --->   "%call_ret = call i264 @layernorm_1d<ap_fixed<16, 6, 5, 3, 0>, ap_fixed<33, 13, 5, 3, 0>, config2>, i16 %in_val_71, i16 %in_val_72, i16 %in_val_73, i16 %in_val_74, i16 %in_val_75, i16 %in_val_76, i16 %in_val_77, i16 %in_val_78, i15 %invert_sqr_table" [firmware/nnet_utils/nnet_layernorm.h:126]   --->   Operation 115 'call' 'call_ret' <Predicate = true> <Delay = 4.09> <CoreType = "Generic">   --->   Core 0 '' <Latency = 0> <II = 1> <Delay = 1.00> <Generic> <Opcode : >

State 4 <SV = 3> <Delay = 3.31>
ST_4 : Operation 116 [1/4] (3.31ns)   --->   "%call_ret9 = call i264 @layernorm_1d<ap_fixed<16, 6, 5, 3, 0>, ap_fixed<33, 13, 5, 3, 0>, config2>, i16 %in_val, i16 %in_val_79, i16 %in_val_1, i16 %in_val_2, i16 %in_val_3, i16 %in_val_4, i16 %in_val_5, i16 %in_val_6, i15 %invert_sqr_table" [firmware/nnet_utils/nnet_layernorm.h:126]   --->   Operation 116 'call' 'call_ret9' <Predicate = true> <Delay = 3.31> <CoreType = "Generic">   --->   Core 0 '' <Latency = 0> <II = 1> <Delay = 1.00> <Generic> <Opcode : >
ST_4 : Operation 117 [1/1] (0.00ns)   --->   "%outval = extractvalue i264 %call_ret9" [firmware/nnet_utils/nnet_layernorm.h:126]   --->   Operation 117 'extractvalue' 'outval' <Predicate = true> <Delay = 0.00>
ST_4 : Operation 118 [1/1] (0.00ns)   --->   "%outval_1 = extractvalue i264 %call_ret9" [firmware/nnet_utils/nnet_layernorm.h:126]   --->   Operation 118 'extractvalue' 'outval_1' <Predicate = true> <Delay = 0.00>
ST_4 : Operation 119 [1/1] (0.00ns)   --->   "%outval_2 = extractvalue i264 %call_ret9" [firmware/nnet_utils/nnet_layernorm.h:126]   --->   Operation 119 'extractvalue' 'outval_2' <Predicate = true> <Delay = 0.00>
ST_4 : Operation 120 [1/1] (0.00ns)   --->   "%outval_3 = extractvalue i264 %call_ret9" [firmware/nnet_utils/nnet_layernorm.h:126]   --->   Operation 120 'extractvalue' 'outval_3' <Predicate = true> <Delay = 0.00>
ST_4 : Operation 121 [1/1] (0.00ns)   --->   "%outval_4 = extractvalue i264 %call_ret9" [firmware/nnet_utils/nnet_layernorm.h:126]   --->   Operation 121 'extractvalue' 'outval_4' <Predicate = true> <Delay = 0.00>
ST_4 : Operation 122 [1/1] (0.00ns)   --->   "%outval_5 = extractvalue i264 %call_ret9" [firmware/nnet_utils/nnet_layernorm.h:126]   --->   Operation 122 'extractvalue' 'outval_5' <Predicate = true> <Delay = 0.00>
ST_4 : Operation 123 [1/1] (0.00ns)   --->   "%outval_6 = extractvalue i264 %call_ret9" [firmware/nnet_utils/nnet_layernorm.h:126]   --->   Operation 123 'extractvalue' 'outval_6' <Predicate = true> <Delay = 0.00>
ST_4 : Operation 124 [1/1] (0.00ns)   --->   "%outval_7 = extractvalue i264 %call_ret9" [firmware/nnet_utils/nnet_layernorm.h:126]   --->   Operation 124 'extractvalue' 'outval_7' <Predicate = true> <Delay = 0.00>
ST_4 : Operation 125 [1/4] (3.31ns)   --->   "%call_ret1 = call i264 @layernorm_1d<ap_fixed<16, 6, 5, 3, 0>, ap_fixed<33, 13, 5, 3, 0>, config2>, i16 %in_val_7, i16 %in_val_8, i16 %in_val_9, i16 %in_val_10, i16 %in_val_11, i16 %in_val_12, i16 %in_val_13, i16 %in_val_14, i15 %invert_sqr_table" [firmware/nnet_utils/nnet_layernorm.h:126]   --->   Operation 125 'call' 'call_ret1' <Predicate = true> <Delay = 3.31> <CoreType = "Generic">   --->   Core 0 '' <Latency = 0> <II = 1> <Delay = 1.00> <Generic> <Opcode : >
ST_4 : Operation 126 [1/1] (0.00ns)   --->   "%outval_8 = extractvalue i264 %call_ret1" [firmware/nnet_utils/nnet_layernorm.h:126]   --->   Operation 126 'extractvalue' 'outval_8' <Predicate = true> <Delay = 0.00>
ST_4 : Operation 127 [1/1] (0.00ns)   --->   "%outval_9 = extractvalue i264 %call_ret1" [firmware/nnet_utils/nnet_layernorm.h:126]   --->   Operation 127 'extractvalue' 'outval_9' <Predicate = true> <Delay = 0.00>
ST_4 : Operation 128 [1/1] (0.00ns)   --->   "%outval_10 = extractvalue i264 %call_ret1" [firmware/nnet_utils/nnet_layernorm.h:126]   --->   Operation 128 'extractvalue' 'outval_10' <Predicate = true> <Delay = 0.00>
ST_4 : Operation 129 [1/1] (0.00ns)   --->   "%outval_11 = extractvalue i264 %call_ret1" [firmware/nnet_utils/nnet_layernorm.h:126]   --->   Operation 129 'extractvalue' 'outval_11' <Predicate = true> <Delay = 0.00>
ST_4 : Operation 130 [1/1] (0.00ns)   --->   "%outval_12 = extractvalue i264 %call_ret1" [firmware/nnet_utils/nnet_layernorm.h:126]   --->   Operation 130 'extractvalue' 'outval_12' <Predicate = true> <Delay = 0.00>
ST_4 : Operation 131 [1/1] (0.00ns)   --->   "%outval_13 = extractvalue i264 %call_ret1" [firmware/nnet_utils/nnet_layernorm.h:126]   --->   Operation 131 'extractvalue' 'outval_13' <Predicate = true> <Delay = 0.00>
ST_4 : Operation 132 [1/1] (0.00ns)   --->   "%outval_14 = extractvalue i264 %call_ret1" [firmware/nnet_utils/nnet_layernorm.h:126]   --->   Operation 132 'extractvalue' 'outval_14' <Predicate = true> <Delay = 0.00>
ST_4 : Operation 133 [1/1] (0.00ns)   --->   "%outval_15 = extractvalue i264 %call_ret1" [firmware/nnet_utils/nnet_layernorm.h:126]   --->   Operation 133 'extractvalue' 'outval_15' <Predicate = true> <Delay = 0.00>
ST_4 : Operation 134 [1/4] (3.31ns)   --->   "%call_ret2 = call i264 @layernorm_1d<ap_fixed<16, 6, 5, 3, 0>, ap_fixed<33, 13, 5, 3, 0>, config2>, i16 %in_val_15, i16 %in_val_16, i16 %in_val_17, i16 %in_val_18, i16 %in_val_19, i16 %in_val_20, i16 %in_val_21, i16 %in_val_22, i15 %invert_sqr_table" [firmware/nnet_utils/nnet_layernorm.h:126]   --->   Operation 134 'call' 'call_ret2' <Predicate = true> <Delay = 3.31> <CoreType = "Generic">   --->   Core 0 '' <Latency = 0> <II = 1> <Delay = 1.00> <Generic> <Opcode : >
ST_4 : Operation 135 [1/1] (0.00ns)   --->   "%outval_16 = extractvalue i264 %call_ret2" [firmware/nnet_utils/nnet_layernorm.h:126]   --->   Operation 135 'extractvalue' 'outval_16' <Predicate = true> <Delay = 0.00>
ST_4 : Operation 136 [1/1] (0.00ns)   --->   "%outval_17 = extractvalue i264 %call_ret2" [firmware/nnet_utils/nnet_layernorm.h:126]   --->   Operation 136 'extractvalue' 'outval_17' <Predicate = true> <Delay = 0.00>
ST_4 : Operation 137 [1/1] (0.00ns)   --->   "%outval_18 = extractvalue i264 %call_ret2" [firmware/nnet_utils/nnet_layernorm.h:126]   --->   Operation 137 'extractvalue' 'outval_18' <Predicate = true> <Delay = 0.00>
ST_4 : Operation 138 [1/1] (0.00ns)   --->   "%outval_19 = extractvalue i264 %call_ret2" [firmware/nnet_utils/nnet_layernorm.h:126]   --->   Operation 138 'extractvalue' 'outval_19' <Predicate = true> <Delay = 0.00>
ST_4 : Operation 139 [1/1] (0.00ns)   --->   "%outval_20 = extractvalue i264 %call_ret2" [firmware/nnet_utils/nnet_layernorm.h:126]   --->   Operation 139 'extractvalue' 'outval_20' <Predicate = true> <Delay = 0.00>
ST_4 : Operation 140 [1/1] (0.00ns)   --->   "%outval_21 = extractvalue i264 %call_ret2" [firmware/nnet_utils/nnet_layernorm.h:126]   --->   Operation 140 'extractvalue' 'outval_21' <Predicate = true> <Delay = 0.00>
ST_4 : Operation 141 [1/1] (0.00ns)   --->   "%outval_22 = extractvalue i264 %call_ret2" [firmware/nnet_utils/nnet_layernorm.h:126]   --->   Operation 141 'extractvalue' 'outval_22' <Predicate = true> <Delay = 0.00>
ST_4 : Operation 142 [1/1] (0.00ns)   --->   "%outval_23 = extractvalue i264 %call_ret2" [firmware/nnet_utils/nnet_layernorm.h:126]   --->   Operation 142 'extractvalue' 'outval_23' <Predicate = true> <Delay = 0.00>
ST_4 : Operation 143 [1/4] (3.31ns)   --->   "%call_ret3 = call i264 @layernorm_1d<ap_fixed<16, 6, 5, 3, 0>, ap_fixed<33, 13, 5, 3, 0>, config2>, i16 %in_val_23, i16 %in_val_24, i16 %in_val_25, i16 %in_val_26, i16 %in_val_27, i16 %in_val_28, i16 %in_val_29, i16 %in_val_30, i15 %invert_sqr_table" [firmware/nnet_utils/nnet_layernorm.h:126]   --->   Operation 143 'call' 'call_ret3' <Predicate = true> <Delay = 3.31> <CoreType = "Generic">   --->   Core 0 '' <Latency = 0> <II = 1> <Delay = 1.00> <Generic> <Opcode : >
ST_4 : Operation 144 [1/1] (0.00ns)   --->   "%outval_24 = extractvalue i264 %call_ret3" [firmware/nnet_utils/nnet_layernorm.h:126]   --->   Operation 144 'extractvalue' 'outval_24' <Predicate = true> <Delay = 0.00>
ST_4 : Operation 145 [1/1] (0.00ns)   --->   "%outval_25 = extractvalue i264 %call_ret3" [firmware/nnet_utils/nnet_layernorm.h:126]   --->   Operation 145 'extractvalue' 'outval_25' <Predicate = true> <Delay = 0.00>
ST_4 : Operation 146 [1/1] (0.00ns)   --->   "%outval_26 = extractvalue i264 %call_ret3" [firmware/nnet_utils/nnet_layernorm.h:126]   --->   Operation 146 'extractvalue' 'outval_26' <Predicate = true> <Delay = 0.00>
ST_4 : Operation 147 [1/1] (0.00ns)   --->   "%outval_27 = extractvalue i264 %call_ret3" [firmware/nnet_utils/nnet_layernorm.h:126]   --->   Operation 147 'extractvalue' 'outval_27' <Predicate = true> <Delay = 0.00>
ST_4 : Operation 148 [1/1] (0.00ns)   --->   "%outval_28 = extractvalue i264 %call_ret3" [firmware/nnet_utils/nnet_layernorm.h:126]   --->   Operation 148 'extractvalue' 'outval_28' <Predicate = true> <Delay = 0.00>
ST_4 : Operation 149 [1/1] (0.00ns)   --->   "%outval_29 = extractvalue i264 %call_ret3" [firmware/nnet_utils/nnet_layernorm.h:126]   --->   Operation 149 'extractvalue' 'outval_29' <Predicate = true> <Delay = 0.00>
ST_4 : Operation 150 [1/1] (0.00ns)   --->   "%outval_30 = extractvalue i264 %call_ret3" [firmware/nnet_utils/nnet_layernorm.h:126]   --->   Operation 150 'extractvalue' 'outval_30' <Predicate = true> <Delay = 0.00>
ST_4 : Operation 151 [1/1] (0.00ns)   --->   "%outval_31 = extractvalue i264 %call_ret3" [firmware/nnet_utils/nnet_layernorm.h:126]   --->   Operation 151 'extractvalue' 'outval_31' <Predicate = true> <Delay = 0.00>
ST_4 : Operation 152 [1/4] (3.31ns)   --->   "%call_ret4 = call i264 @layernorm_1d<ap_fixed<16, 6, 5, 3, 0>, ap_fixed<33, 13, 5, 3, 0>, config2>, i16 %in_val_31, i16 %in_val_32, i16 %in_val_33, i16 %in_val_34, i16 %in_val_35, i16 %in_val_36, i16 %in_val_37, i16 %in_val_38, i15 %invert_sqr_table" [firmware/nnet_utils/nnet_layernorm.h:126]   --->   Operation 152 'call' 'call_ret4' <Predicate = true> <Delay = 3.31> <CoreType = "Generic">   --->   Core 0 '' <Latency = 0> <II = 1> <Delay = 1.00> <Generic> <Opcode : >
ST_4 : Operation 153 [1/1] (0.00ns)   --->   "%outval_32 = extractvalue i264 %call_ret4" [firmware/nnet_utils/nnet_layernorm.h:126]   --->   Operation 153 'extractvalue' 'outval_32' <Predicate = true> <Delay = 0.00>
ST_4 : Operation 154 [1/1] (0.00ns)   --->   "%outval_33 = extractvalue i264 %call_ret4" [firmware/nnet_utils/nnet_layernorm.h:126]   --->   Operation 154 'extractvalue' 'outval_33' <Predicate = true> <Delay = 0.00>
ST_4 : Operation 155 [1/1] (0.00ns)   --->   "%outval_34 = extractvalue i264 %call_ret4" [firmware/nnet_utils/nnet_layernorm.h:126]   --->   Operation 155 'extractvalue' 'outval_34' <Predicate = true> <Delay = 0.00>
ST_4 : Operation 156 [1/1] (0.00ns)   --->   "%outval_35 = extractvalue i264 %call_ret4" [firmware/nnet_utils/nnet_layernorm.h:126]   --->   Operation 156 'extractvalue' 'outval_35' <Predicate = true> <Delay = 0.00>
ST_4 : Operation 157 [1/1] (0.00ns)   --->   "%outval_36 = extractvalue i264 %call_ret4" [firmware/nnet_utils/nnet_layernorm.h:126]   --->   Operation 157 'extractvalue' 'outval_36' <Predicate = true> <Delay = 0.00>
ST_4 : Operation 158 [1/1] (0.00ns)   --->   "%outval_37 = extractvalue i264 %call_ret4" [firmware/nnet_utils/nnet_layernorm.h:126]   --->   Operation 158 'extractvalue' 'outval_37' <Predicate = true> <Delay = 0.00>
ST_4 : Operation 159 [1/1] (0.00ns)   --->   "%outval_38 = extractvalue i264 %call_ret4" [firmware/nnet_utils/nnet_layernorm.h:126]   --->   Operation 159 'extractvalue' 'outval_38' <Predicate = true> <Delay = 0.00>
ST_4 : Operation 160 [1/1] (0.00ns)   --->   "%outval_39 = extractvalue i264 %call_ret4" [firmware/nnet_utils/nnet_layernorm.h:126]   --->   Operation 160 'extractvalue' 'outval_39' <Predicate = true> <Delay = 0.00>
ST_4 : Operation 161 [1/4] (3.31ns)   --->   "%call_ret5 = call i264 @layernorm_1d<ap_fixed<16, 6, 5, 3, 0>, ap_fixed<33, 13, 5, 3, 0>, config2>, i16 %in_val_39, i16 %in_val_40, i16 %in_val_41, i16 %in_val_42, i16 %in_val_43, i16 %in_val_44, i16 %in_val_45, i16 %in_val_46, i15 %invert_sqr_table" [firmware/nnet_utils/nnet_layernorm.h:126]   --->   Operation 161 'call' 'call_ret5' <Predicate = true> <Delay = 3.31> <CoreType = "Generic">   --->   Core 0 '' <Latency = 0> <II = 1> <Delay = 1.00> <Generic> <Opcode : >
ST_4 : Operation 162 [1/1] (0.00ns)   --->   "%outval_40 = extractvalue i264 %call_ret5" [firmware/nnet_utils/nnet_layernorm.h:126]   --->   Operation 162 'extractvalue' 'outval_40' <Predicate = true> <Delay = 0.00>
ST_4 : Operation 163 [1/1] (0.00ns)   --->   "%outval_41 = extractvalue i264 %call_ret5" [firmware/nnet_utils/nnet_layernorm.h:126]   --->   Operation 163 'extractvalue' 'outval_41' <Predicate = true> <Delay = 0.00>
ST_4 : Operation 164 [1/1] (0.00ns)   --->   "%outval_42 = extractvalue i264 %call_ret5" [firmware/nnet_utils/nnet_layernorm.h:126]   --->   Operation 164 'extractvalue' 'outval_42' <Predicate = true> <Delay = 0.00>
ST_4 : Operation 165 [1/1] (0.00ns)   --->   "%outval_43 = extractvalue i264 %call_ret5" [firmware/nnet_utils/nnet_layernorm.h:126]   --->   Operation 165 'extractvalue' 'outval_43' <Predicate = true> <Delay = 0.00>
ST_4 : Operation 166 [1/1] (0.00ns)   --->   "%outval_44 = extractvalue i264 %call_ret5" [firmware/nnet_utils/nnet_layernorm.h:126]   --->   Operation 166 'extractvalue' 'outval_44' <Predicate = true> <Delay = 0.00>
ST_4 : Operation 167 [1/1] (0.00ns)   --->   "%outval_45 = extractvalue i264 %call_ret5" [firmware/nnet_utils/nnet_layernorm.h:126]   --->   Operation 167 'extractvalue' 'outval_45' <Predicate = true> <Delay = 0.00>
ST_4 : Operation 168 [1/1] (0.00ns)   --->   "%outval_46 = extractvalue i264 %call_ret5" [firmware/nnet_utils/nnet_layernorm.h:126]   --->   Operation 168 'extractvalue' 'outval_46' <Predicate = true> <Delay = 0.00>
ST_4 : Operation 169 [1/1] (0.00ns)   --->   "%outval_47 = extractvalue i264 %call_ret5" [firmware/nnet_utils/nnet_layernorm.h:126]   --->   Operation 169 'extractvalue' 'outval_47' <Predicate = true> <Delay = 0.00>
ST_4 : Operation 170 [1/4] (3.31ns)   --->   "%call_ret6 = call i264 @layernorm_1d<ap_fixed<16, 6, 5, 3, 0>, ap_fixed<33, 13, 5, 3, 0>, config2>, i16 %in_val_47, i16 %in_val_48, i16 %in_val_49, i16 %in_val_50, i16 %in_val_51, i16 %in_val_52, i16 %in_val_53, i16 %in_val_54, i15 %invert_sqr_table" [firmware/nnet_utils/nnet_layernorm.h:126]   --->   Operation 170 'call' 'call_ret6' <Predicate = true> <Delay = 3.31> <CoreType = "Generic">   --->   Core 0 '' <Latency = 0> <II = 1> <Delay = 1.00> <Generic> <Opcode : >
ST_4 : Operation 171 [1/1] (0.00ns)   --->   "%outval_48 = extractvalue i264 %call_ret6" [firmware/nnet_utils/nnet_layernorm.h:126]   --->   Operation 171 'extractvalue' 'outval_48' <Predicate = true> <Delay = 0.00>
ST_4 : Operation 172 [1/1] (0.00ns)   --->   "%outval_49 = extractvalue i264 %call_ret6" [firmware/nnet_utils/nnet_layernorm.h:126]   --->   Operation 172 'extractvalue' 'outval_49' <Predicate = true> <Delay = 0.00>
ST_4 : Operation 173 [1/1] (0.00ns)   --->   "%outval_50 = extractvalue i264 %call_ret6" [firmware/nnet_utils/nnet_layernorm.h:126]   --->   Operation 173 'extractvalue' 'outval_50' <Predicate = true> <Delay = 0.00>
ST_4 : Operation 174 [1/1] (0.00ns)   --->   "%outval_51 = extractvalue i264 %call_ret6" [firmware/nnet_utils/nnet_layernorm.h:126]   --->   Operation 174 'extractvalue' 'outval_51' <Predicate = true> <Delay = 0.00>
ST_4 : Operation 175 [1/1] (0.00ns)   --->   "%outval_52 = extractvalue i264 %call_ret6" [firmware/nnet_utils/nnet_layernorm.h:126]   --->   Operation 175 'extractvalue' 'outval_52' <Predicate = true> <Delay = 0.00>
ST_4 : Operation 176 [1/1] (0.00ns)   --->   "%outval_53 = extractvalue i264 %call_ret6" [firmware/nnet_utils/nnet_layernorm.h:126]   --->   Operation 176 'extractvalue' 'outval_53' <Predicate = true> <Delay = 0.00>
ST_4 : Operation 177 [1/1] (0.00ns)   --->   "%outval_54 = extractvalue i264 %call_ret6" [firmware/nnet_utils/nnet_layernorm.h:126]   --->   Operation 177 'extractvalue' 'outval_54' <Predicate = true> <Delay = 0.00>
ST_4 : Operation 178 [1/1] (0.00ns)   --->   "%outval_55 = extractvalue i264 %call_ret6" [firmware/nnet_utils/nnet_layernorm.h:126]   --->   Operation 178 'extractvalue' 'outval_55' <Predicate = true> <Delay = 0.00>
ST_4 : Operation 179 [1/4] (3.31ns)   --->   "%call_ret7 = call i264 @layernorm_1d<ap_fixed<16, 6, 5, 3, 0>, ap_fixed<33, 13, 5, 3, 0>, config2>, i16 %in_val_55, i16 %in_val_56, i16 %in_val_57, i16 %in_val_58, i16 %in_val_59, i16 %in_val_60, i16 %in_val_61, i16 %in_val_62, i15 %invert_sqr_table" [firmware/nnet_utils/nnet_layernorm.h:126]   --->   Operation 179 'call' 'call_ret7' <Predicate = true> <Delay = 3.31> <CoreType = "Generic">   --->   Core 0 '' <Latency = 0> <II = 1> <Delay = 1.00> <Generic> <Opcode : >
ST_4 : Operation 180 [1/1] (0.00ns)   --->   "%outval_56 = extractvalue i264 %call_ret7" [firmware/nnet_utils/nnet_layernorm.h:126]   --->   Operation 180 'extractvalue' 'outval_56' <Predicate = true> <Delay = 0.00>
ST_4 : Operation 181 [1/1] (0.00ns)   --->   "%outval_57 = extractvalue i264 %call_ret7" [firmware/nnet_utils/nnet_layernorm.h:126]   --->   Operation 181 'extractvalue' 'outval_57' <Predicate = true> <Delay = 0.00>
ST_4 : Operation 182 [1/1] (0.00ns)   --->   "%outval_58 = extractvalue i264 %call_ret7" [firmware/nnet_utils/nnet_layernorm.h:126]   --->   Operation 182 'extractvalue' 'outval_58' <Predicate = true> <Delay = 0.00>
ST_4 : Operation 183 [1/1] (0.00ns)   --->   "%outval_59 = extractvalue i264 %call_ret7" [firmware/nnet_utils/nnet_layernorm.h:126]   --->   Operation 183 'extractvalue' 'outval_59' <Predicate = true> <Delay = 0.00>
ST_4 : Operation 184 [1/1] (0.00ns)   --->   "%outval_60 = extractvalue i264 %call_ret7" [firmware/nnet_utils/nnet_layernorm.h:126]   --->   Operation 184 'extractvalue' 'outval_60' <Predicate = true> <Delay = 0.00>
ST_4 : Operation 185 [1/1] (0.00ns)   --->   "%outval_61 = extractvalue i264 %call_ret7" [firmware/nnet_utils/nnet_layernorm.h:126]   --->   Operation 185 'extractvalue' 'outval_61' <Predicate = true> <Delay = 0.00>
ST_4 : Operation 186 [1/1] (0.00ns)   --->   "%outval_62 = extractvalue i264 %call_ret7" [firmware/nnet_utils/nnet_layernorm.h:126]   --->   Operation 186 'extractvalue' 'outval_62' <Predicate = true> <Delay = 0.00>
ST_4 : Operation 187 [1/1] (0.00ns)   --->   "%outval_63 = extractvalue i264 %call_ret7" [firmware/nnet_utils/nnet_layernorm.h:126]   --->   Operation 187 'extractvalue' 'outval_63' <Predicate = true> <Delay = 0.00>
ST_4 : Operation 188 [1/4] (3.31ns)   --->   "%call_ret8 = call i264 @layernorm_1d<ap_fixed<16, 6, 5, 3, 0>, ap_fixed<33, 13, 5, 3, 0>, config2>, i16 %in_val_63, i16 %in_val_64, i16 %in_val_65, i16 %in_val_66, i16 %in_val_67, i16 %in_val_68, i16 %in_val_69, i16 %in_val_70, i15 %invert_sqr_table" [firmware/nnet_utils/nnet_layernorm.h:126]   --->   Operation 188 'call' 'call_ret8' <Predicate = true> <Delay = 3.31> <CoreType = "Generic">   --->   Core 0 '' <Latency = 0> <II = 1> <Delay = 1.00> <Generic> <Opcode : >
ST_4 : Operation 189 [1/1] (0.00ns)   --->   "%outval_64 = extractvalue i264 %call_ret8" [firmware/nnet_utils/nnet_layernorm.h:126]   --->   Operation 189 'extractvalue' 'outval_64' <Predicate = true> <Delay = 0.00>
ST_4 : Operation 190 [1/1] (0.00ns)   --->   "%outval_65 = extractvalue i264 %call_ret8" [firmware/nnet_utils/nnet_layernorm.h:126]   --->   Operation 190 'extractvalue' 'outval_65' <Predicate = true> <Delay = 0.00>
ST_4 : Operation 191 [1/1] (0.00ns)   --->   "%outval_66 = extractvalue i264 %call_ret8" [firmware/nnet_utils/nnet_layernorm.h:126]   --->   Operation 191 'extractvalue' 'outval_66' <Predicate = true> <Delay = 0.00>
ST_4 : Operation 192 [1/1] (0.00ns)   --->   "%outval_67 = extractvalue i264 %call_ret8" [firmware/nnet_utils/nnet_layernorm.h:126]   --->   Operation 192 'extractvalue' 'outval_67' <Predicate = true> <Delay = 0.00>
ST_4 : Operation 193 [1/1] (0.00ns)   --->   "%outval_68 = extractvalue i264 %call_ret8" [firmware/nnet_utils/nnet_layernorm.h:126]   --->   Operation 193 'extractvalue' 'outval_68' <Predicate = true> <Delay = 0.00>
ST_4 : Operation 194 [1/1] (0.00ns)   --->   "%outval_69 = extractvalue i264 %call_ret8" [firmware/nnet_utils/nnet_layernorm.h:126]   --->   Operation 194 'extractvalue' 'outval_69' <Predicate = true> <Delay = 0.00>
ST_4 : Operation 195 [1/1] (0.00ns)   --->   "%outval_70 = extractvalue i264 %call_ret8" [firmware/nnet_utils/nnet_layernorm.h:126]   --->   Operation 195 'extractvalue' 'outval_70' <Predicate = true> <Delay = 0.00>
ST_4 : Operation 196 [1/1] (0.00ns)   --->   "%outval_71 = extractvalue i264 %call_ret8" [firmware/nnet_utils/nnet_layernorm.h:126]   --->   Operation 196 'extractvalue' 'outval_71' <Predicate = true> <Delay = 0.00>
ST_4 : Operation 197 [1/4] (3.31ns)   --->   "%call_ret = call i264 @layernorm_1d<ap_fixed<16, 6, 5, 3, 0>, ap_fixed<33, 13, 5, 3, 0>, config2>, i16 %in_val_71, i16 %in_val_72, i16 %in_val_73, i16 %in_val_74, i16 %in_val_75, i16 %in_val_76, i16 %in_val_77, i16 %in_val_78, i15 %invert_sqr_table" [firmware/nnet_utils/nnet_layernorm.h:126]   --->   Operation 197 'call' 'call_ret' <Predicate = true> <Delay = 3.31> <CoreType = "Generic">   --->   Core 0 '' <Latency = 0> <II = 1> <Delay = 1.00> <Generic> <Opcode : >
ST_4 : Operation 198 [1/1] (0.00ns)   --->   "%outval_72 = extractvalue i264 %call_ret" [firmware/nnet_utils/nnet_layernorm.h:126]   --->   Operation 198 'extractvalue' 'outval_72' <Predicate = true> <Delay = 0.00>
ST_4 : Operation 199 [1/1] (0.00ns)   --->   "%outval_73 = extractvalue i264 %call_ret" [firmware/nnet_utils/nnet_layernorm.h:126]   --->   Operation 199 'extractvalue' 'outval_73' <Predicate = true> <Delay = 0.00>
ST_4 : Operation 200 [1/1] (0.00ns)   --->   "%outval_74 = extractvalue i264 %call_ret" [firmware/nnet_utils/nnet_layernorm.h:126]   --->   Operation 200 'extractvalue' 'outval_74' <Predicate = true> <Delay = 0.00>
ST_4 : Operation 201 [1/1] (0.00ns)   --->   "%outval_75 = extractvalue i264 %call_ret" [firmware/nnet_utils/nnet_layernorm.h:126]   --->   Operation 201 'extractvalue' 'outval_75' <Predicate = true> <Delay = 0.00>
ST_4 : Operation 202 [1/1] (0.00ns)   --->   "%outval_76 = extractvalue i264 %call_ret" [firmware/nnet_utils/nnet_layernorm.h:126]   --->   Operation 202 'extractvalue' 'outval_76' <Predicate = true> <Delay = 0.00>
ST_4 : Operation 203 [1/1] (0.00ns)   --->   "%outval_77 = extractvalue i264 %call_ret" [firmware/nnet_utils/nnet_layernorm.h:126]   --->   Operation 203 'extractvalue' 'outval_77' <Predicate = true> <Delay = 0.00>
ST_4 : Operation 204 [1/1] (0.00ns)   --->   "%outval_78 = extractvalue i264 %call_ret" [firmware/nnet_utils/nnet_layernorm.h:126]   --->   Operation 204 'extractvalue' 'outval_78' <Predicate = true> <Delay = 0.00>
ST_4 : Operation 205 [1/1] (0.00ns)   --->   "%outval_79 = extractvalue i264 %call_ret" [firmware/nnet_utils/nnet_layernorm.h:126]   --->   Operation 205 'extractvalue' 'outval_79' <Predicate = true> <Delay = 0.00>
ST_4 : Operation 206 [1/1] (0.00ns)   --->   "%mrv = insertvalue i2640 <undef>, i33 %outval" [firmware/nnet_utils/nnet_layernorm.h:133]   --->   Operation 206 'insertvalue' 'mrv' <Predicate = true> <Delay = 0.00>
ST_4 : Operation 207 [1/1] (0.00ns)   --->   "%mrv_1 = insertvalue i2640 %mrv, i33 %outval_1" [firmware/nnet_utils/nnet_layernorm.h:133]   --->   Operation 207 'insertvalue' 'mrv_1' <Predicate = true> <Delay = 0.00>
ST_4 : Operation 208 [1/1] (0.00ns)   --->   "%mrv_2 = insertvalue i2640 %mrv_1, i33 %outval_2" [firmware/nnet_utils/nnet_layernorm.h:133]   --->   Operation 208 'insertvalue' 'mrv_2' <Predicate = true> <Delay = 0.00>
ST_4 : Operation 209 [1/1] (0.00ns)   --->   "%mrv_3 = insertvalue i2640 %mrv_2, i33 %outval_3" [firmware/nnet_utils/nnet_layernorm.h:133]   --->   Operation 209 'insertvalue' 'mrv_3' <Predicate = true> <Delay = 0.00>
ST_4 : Operation 210 [1/1] (0.00ns)   --->   "%mrv_4 = insertvalue i2640 %mrv_3, i33 %outval_4" [firmware/nnet_utils/nnet_layernorm.h:133]   --->   Operation 210 'insertvalue' 'mrv_4' <Predicate = true> <Delay = 0.00>
ST_4 : Operation 211 [1/1] (0.00ns)   --->   "%mrv_5 = insertvalue i2640 %mrv_4, i33 %outval_5" [firmware/nnet_utils/nnet_layernorm.h:133]   --->   Operation 211 'insertvalue' 'mrv_5' <Predicate = true> <Delay = 0.00>
ST_4 : Operation 212 [1/1] (0.00ns)   --->   "%mrv_6 = insertvalue i2640 %mrv_5, i33 %outval_6" [firmware/nnet_utils/nnet_layernorm.h:133]   --->   Operation 212 'insertvalue' 'mrv_6' <Predicate = true> <Delay = 0.00>
ST_4 : Operation 213 [1/1] (0.00ns)   --->   "%mrv_7 = insertvalue i2640 %mrv_6, i33 %outval_7" [firmware/nnet_utils/nnet_layernorm.h:133]   --->   Operation 213 'insertvalue' 'mrv_7' <Predicate = true> <Delay = 0.00>
ST_4 : Operation 214 [1/1] (0.00ns)   --->   "%mrv_8 = insertvalue i2640 %mrv_7, i33 %outval_8" [firmware/nnet_utils/nnet_layernorm.h:133]   --->   Operation 214 'insertvalue' 'mrv_8' <Predicate = true> <Delay = 0.00>
ST_4 : Operation 215 [1/1] (0.00ns)   --->   "%mrv_9 = insertvalue i2640 %mrv_8, i33 %outval_9" [firmware/nnet_utils/nnet_layernorm.h:133]   --->   Operation 215 'insertvalue' 'mrv_9' <Predicate = true> <Delay = 0.00>
ST_4 : Operation 216 [1/1] (0.00ns)   --->   "%mrv_s = insertvalue i2640 %mrv_9, i33 %outval_10" [firmware/nnet_utils/nnet_layernorm.h:133]   --->   Operation 216 'insertvalue' 'mrv_s' <Predicate = true> <Delay = 0.00>
ST_4 : Operation 217 [1/1] (0.00ns)   --->   "%mrv_10 = insertvalue i2640 %mrv_s, i33 %outval_11" [firmware/nnet_utils/nnet_layernorm.h:133]   --->   Operation 217 'insertvalue' 'mrv_10' <Predicate = true> <Delay = 0.00>
ST_4 : Operation 218 [1/1] (0.00ns)   --->   "%mrv_11 = insertvalue i2640 %mrv_10, i33 %outval_12" [firmware/nnet_utils/nnet_layernorm.h:133]   --->   Operation 218 'insertvalue' 'mrv_11' <Predicate = true> <Delay = 0.00>
ST_4 : Operation 219 [1/1] (0.00ns)   --->   "%mrv_12 = insertvalue i2640 %mrv_11, i33 %outval_13" [firmware/nnet_utils/nnet_layernorm.h:133]   --->   Operation 219 'insertvalue' 'mrv_12' <Predicate = true> <Delay = 0.00>
ST_4 : Operation 220 [1/1] (0.00ns)   --->   "%mrv_13 = insertvalue i2640 %mrv_12, i33 %outval_14" [firmware/nnet_utils/nnet_layernorm.h:133]   --->   Operation 220 'insertvalue' 'mrv_13' <Predicate = true> <Delay = 0.00>
ST_4 : Operation 221 [1/1] (0.00ns)   --->   "%mrv_14 = insertvalue i2640 %mrv_13, i33 %outval_15" [firmware/nnet_utils/nnet_layernorm.h:133]   --->   Operation 221 'insertvalue' 'mrv_14' <Predicate = true> <Delay = 0.00>
ST_4 : Operation 222 [1/1] (0.00ns)   --->   "%mrv_15 = insertvalue i2640 %mrv_14, i33 %outval_16" [firmware/nnet_utils/nnet_layernorm.h:133]   --->   Operation 222 'insertvalue' 'mrv_15' <Predicate = true> <Delay = 0.00>
ST_4 : Operation 223 [1/1] (0.00ns)   --->   "%mrv_16 = insertvalue i2640 %mrv_15, i33 %outval_17" [firmware/nnet_utils/nnet_layernorm.h:133]   --->   Operation 223 'insertvalue' 'mrv_16' <Predicate = true> <Delay = 0.00>
ST_4 : Operation 224 [1/1] (0.00ns)   --->   "%mrv_17 = insertvalue i2640 %mrv_16, i33 %outval_18" [firmware/nnet_utils/nnet_layernorm.h:133]   --->   Operation 224 'insertvalue' 'mrv_17' <Predicate = true> <Delay = 0.00>
ST_4 : Operation 225 [1/1] (0.00ns)   --->   "%mrv_18 = insertvalue i2640 %mrv_17, i33 %outval_19" [firmware/nnet_utils/nnet_layernorm.h:133]   --->   Operation 225 'insertvalue' 'mrv_18' <Predicate = true> <Delay = 0.00>
ST_4 : Operation 226 [1/1] (0.00ns)   --->   "%mrv_19 = insertvalue i2640 %mrv_18, i33 %outval_20" [firmware/nnet_utils/nnet_layernorm.h:133]   --->   Operation 226 'insertvalue' 'mrv_19' <Predicate = true> <Delay = 0.00>
ST_4 : Operation 227 [1/1] (0.00ns)   --->   "%mrv_20 = insertvalue i2640 %mrv_19, i33 %outval_21" [firmware/nnet_utils/nnet_layernorm.h:133]   --->   Operation 227 'insertvalue' 'mrv_20' <Predicate = true> <Delay = 0.00>
ST_4 : Operation 228 [1/1] (0.00ns)   --->   "%mrv_21 = insertvalue i2640 %mrv_20, i33 %outval_22" [firmware/nnet_utils/nnet_layernorm.h:133]   --->   Operation 228 'insertvalue' 'mrv_21' <Predicate = true> <Delay = 0.00>
ST_4 : Operation 229 [1/1] (0.00ns)   --->   "%mrv_22 = insertvalue i2640 %mrv_21, i33 %outval_23" [firmware/nnet_utils/nnet_layernorm.h:133]   --->   Operation 229 'insertvalue' 'mrv_22' <Predicate = true> <Delay = 0.00>
ST_4 : Operation 230 [1/1] (0.00ns)   --->   "%mrv_23 = insertvalue i2640 %mrv_22, i33 %outval_24" [firmware/nnet_utils/nnet_layernorm.h:133]   --->   Operation 230 'insertvalue' 'mrv_23' <Predicate = true> <Delay = 0.00>
ST_4 : Operation 231 [1/1] (0.00ns)   --->   "%mrv_24 = insertvalue i2640 %mrv_23, i33 %outval_25" [firmware/nnet_utils/nnet_layernorm.h:133]   --->   Operation 231 'insertvalue' 'mrv_24' <Predicate = true> <Delay = 0.00>
ST_4 : Operation 232 [1/1] (0.00ns)   --->   "%mrv_25 = insertvalue i2640 %mrv_24, i33 %outval_26" [firmware/nnet_utils/nnet_layernorm.h:133]   --->   Operation 232 'insertvalue' 'mrv_25' <Predicate = true> <Delay = 0.00>
ST_4 : Operation 233 [1/1] (0.00ns)   --->   "%mrv_26 = insertvalue i2640 %mrv_25, i33 %outval_27" [firmware/nnet_utils/nnet_layernorm.h:133]   --->   Operation 233 'insertvalue' 'mrv_26' <Predicate = true> <Delay = 0.00>
ST_4 : Operation 234 [1/1] (0.00ns)   --->   "%mrv_27 = insertvalue i2640 %mrv_26, i33 %outval_28" [firmware/nnet_utils/nnet_layernorm.h:133]   --->   Operation 234 'insertvalue' 'mrv_27' <Predicate = true> <Delay = 0.00>
ST_4 : Operation 235 [1/1] (0.00ns)   --->   "%mrv_28 = insertvalue i2640 %mrv_27, i33 %outval_29" [firmware/nnet_utils/nnet_layernorm.h:133]   --->   Operation 235 'insertvalue' 'mrv_28' <Predicate = true> <Delay = 0.00>
ST_4 : Operation 236 [1/1] (0.00ns)   --->   "%mrv_29 = insertvalue i2640 %mrv_28, i33 %outval_30" [firmware/nnet_utils/nnet_layernorm.h:133]   --->   Operation 236 'insertvalue' 'mrv_29' <Predicate = true> <Delay = 0.00>
ST_4 : Operation 237 [1/1] (0.00ns)   --->   "%mrv_30 = insertvalue i2640 %mrv_29, i33 %outval_31" [firmware/nnet_utils/nnet_layernorm.h:133]   --->   Operation 237 'insertvalue' 'mrv_30' <Predicate = true> <Delay = 0.00>
ST_4 : Operation 238 [1/1] (0.00ns)   --->   "%mrv_31 = insertvalue i2640 %mrv_30, i33 %outval_32" [firmware/nnet_utils/nnet_layernorm.h:133]   --->   Operation 238 'insertvalue' 'mrv_31' <Predicate = true> <Delay = 0.00>
ST_4 : Operation 239 [1/1] (0.00ns)   --->   "%mrv_32 = insertvalue i2640 %mrv_31, i33 %outval_33" [firmware/nnet_utils/nnet_layernorm.h:133]   --->   Operation 239 'insertvalue' 'mrv_32' <Predicate = true> <Delay = 0.00>
ST_4 : Operation 240 [1/1] (0.00ns)   --->   "%mrv_33 = insertvalue i2640 %mrv_32, i33 %outval_34" [firmware/nnet_utils/nnet_layernorm.h:133]   --->   Operation 240 'insertvalue' 'mrv_33' <Predicate = true> <Delay = 0.00>
ST_4 : Operation 241 [1/1] (0.00ns)   --->   "%mrv_34 = insertvalue i2640 %mrv_33, i33 %outval_35" [firmware/nnet_utils/nnet_layernorm.h:133]   --->   Operation 241 'insertvalue' 'mrv_34' <Predicate = true> <Delay = 0.00>
ST_4 : Operation 242 [1/1] (0.00ns)   --->   "%mrv_35 = insertvalue i2640 %mrv_34, i33 %outval_36" [firmware/nnet_utils/nnet_layernorm.h:133]   --->   Operation 242 'insertvalue' 'mrv_35' <Predicate = true> <Delay = 0.00>
ST_4 : Operation 243 [1/1] (0.00ns)   --->   "%mrv_36 = insertvalue i2640 %mrv_35, i33 %outval_37" [firmware/nnet_utils/nnet_layernorm.h:133]   --->   Operation 243 'insertvalue' 'mrv_36' <Predicate = true> <Delay = 0.00>
ST_4 : Operation 244 [1/1] (0.00ns)   --->   "%mrv_37 = insertvalue i2640 %mrv_36, i33 %outval_38" [firmware/nnet_utils/nnet_layernorm.h:133]   --->   Operation 244 'insertvalue' 'mrv_37' <Predicate = true> <Delay = 0.00>
ST_4 : Operation 245 [1/1] (0.00ns)   --->   "%mrv_38 = insertvalue i2640 %mrv_37, i33 %outval_39" [firmware/nnet_utils/nnet_layernorm.h:133]   --->   Operation 245 'insertvalue' 'mrv_38' <Predicate = true> <Delay = 0.00>
ST_4 : Operation 246 [1/1] (0.00ns)   --->   "%mrv_39 = insertvalue i2640 %mrv_38, i33 %outval_40" [firmware/nnet_utils/nnet_layernorm.h:133]   --->   Operation 246 'insertvalue' 'mrv_39' <Predicate = true> <Delay = 0.00>
ST_4 : Operation 247 [1/1] (0.00ns)   --->   "%mrv_40 = insertvalue i2640 %mrv_39, i33 %outval_41" [firmware/nnet_utils/nnet_layernorm.h:133]   --->   Operation 247 'insertvalue' 'mrv_40' <Predicate = true> <Delay = 0.00>
ST_4 : Operation 248 [1/1] (0.00ns)   --->   "%mrv_41 = insertvalue i2640 %mrv_40, i33 %outval_42" [firmware/nnet_utils/nnet_layernorm.h:133]   --->   Operation 248 'insertvalue' 'mrv_41' <Predicate = true> <Delay = 0.00>
ST_4 : Operation 249 [1/1] (0.00ns)   --->   "%mrv_42 = insertvalue i2640 %mrv_41, i33 %outval_43" [firmware/nnet_utils/nnet_layernorm.h:133]   --->   Operation 249 'insertvalue' 'mrv_42' <Predicate = true> <Delay = 0.00>
ST_4 : Operation 250 [1/1] (0.00ns)   --->   "%mrv_43 = insertvalue i2640 %mrv_42, i33 %outval_44" [firmware/nnet_utils/nnet_layernorm.h:133]   --->   Operation 250 'insertvalue' 'mrv_43' <Predicate = true> <Delay = 0.00>
ST_4 : Operation 251 [1/1] (0.00ns)   --->   "%mrv_44 = insertvalue i2640 %mrv_43, i33 %outval_45" [firmware/nnet_utils/nnet_layernorm.h:133]   --->   Operation 251 'insertvalue' 'mrv_44' <Predicate = true> <Delay = 0.00>
ST_4 : Operation 252 [1/1] (0.00ns)   --->   "%mrv_45 = insertvalue i2640 %mrv_44, i33 %outval_46" [firmware/nnet_utils/nnet_layernorm.h:133]   --->   Operation 252 'insertvalue' 'mrv_45' <Predicate = true> <Delay = 0.00>
ST_4 : Operation 253 [1/1] (0.00ns)   --->   "%mrv_46 = insertvalue i2640 %mrv_45, i33 %outval_47" [firmware/nnet_utils/nnet_layernorm.h:133]   --->   Operation 253 'insertvalue' 'mrv_46' <Predicate = true> <Delay = 0.00>
ST_4 : Operation 254 [1/1] (0.00ns)   --->   "%mrv_47 = insertvalue i2640 %mrv_46, i33 %outval_48" [firmware/nnet_utils/nnet_layernorm.h:133]   --->   Operation 254 'insertvalue' 'mrv_47' <Predicate = true> <Delay = 0.00>
ST_4 : Operation 255 [1/1] (0.00ns)   --->   "%mrv_48 = insertvalue i2640 %mrv_47, i33 %outval_49" [firmware/nnet_utils/nnet_layernorm.h:133]   --->   Operation 255 'insertvalue' 'mrv_48' <Predicate = true> <Delay = 0.00>
ST_4 : Operation 256 [1/1] (0.00ns)   --->   "%mrv_49 = insertvalue i2640 %mrv_48, i33 %outval_50" [firmware/nnet_utils/nnet_layernorm.h:133]   --->   Operation 256 'insertvalue' 'mrv_49' <Predicate = true> <Delay = 0.00>
ST_4 : Operation 257 [1/1] (0.00ns)   --->   "%mrv_50 = insertvalue i2640 %mrv_49, i33 %outval_51" [firmware/nnet_utils/nnet_layernorm.h:133]   --->   Operation 257 'insertvalue' 'mrv_50' <Predicate = true> <Delay = 0.00>
ST_4 : Operation 258 [1/1] (0.00ns)   --->   "%mrv_51 = insertvalue i2640 %mrv_50, i33 %outval_52" [firmware/nnet_utils/nnet_layernorm.h:133]   --->   Operation 258 'insertvalue' 'mrv_51' <Predicate = true> <Delay = 0.00>
ST_4 : Operation 259 [1/1] (0.00ns)   --->   "%mrv_52 = insertvalue i2640 %mrv_51, i33 %outval_53" [firmware/nnet_utils/nnet_layernorm.h:133]   --->   Operation 259 'insertvalue' 'mrv_52' <Predicate = true> <Delay = 0.00>
ST_4 : Operation 260 [1/1] (0.00ns)   --->   "%mrv_53 = insertvalue i2640 %mrv_52, i33 %outval_54" [firmware/nnet_utils/nnet_layernorm.h:133]   --->   Operation 260 'insertvalue' 'mrv_53' <Predicate = true> <Delay = 0.00>
ST_4 : Operation 261 [1/1] (0.00ns)   --->   "%mrv_54 = insertvalue i2640 %mrv_53, i33 %outval_55" [firmware/nnet_utils/nnet_layernorm.h:133]   --->   Operation 261 'insertvalue' 'mrv_54' <Predicate = true> <Delay = 0.00>
ST_4 : Operation 262 [1/1] (0.00ns)   --->   "%mrv_55 = insertvalue i2640 %mrv_54, i33 %outval_56" [firmware/nnet_utils/nnet_layernorm.h:133]   --->   Operation 262 'insertvalue' 'mrv_55' <Predicate = true> <Delay = 0.00>
ST_4 : Operation 263 [1/1] (0.00ns)   --->   "%mrv_56 = insertvalue i2640 %mrv_55, i33 %outval_57" [firmware/nnet_utils/nnet_layernorm.h:133]   --->   Operation 263 'insertvalue' 'mrv_56' <Predicate = true> <Delay = 0.00>
ST_4 : Operation 264 [1/1] (0.00ns)   --->   "%mrv_57 = insertvalue i2640 %mrv_56, i33 %outval_58" [firmware/nnet_utils/nnet_layernorm.h:133]   --->   Operation 264 'insertvalue' 'mrv_57' <Predicate = true> <Delay = 0.00>
ST_4 : Operation 265 [1/1] (0.00ns)   --->   "%mrv_58 = insertvalue i2640 %mrv_57, i33 %outval_59" [firmware/nnet_utils/nnet_layernorm.h:133]   --->   Operation 265 'insertvalue' 'mrv_58' <Predicate = true> <Delay = 0.00>
ST_4 : Operation 266 [1/1] (0.00ns)   --->   "%mrv_59 = insertvalue i2640 %mrv_58, i33 %outval_60" [firmware/nnet_utils/nnet_layernorm.h:133]   --->   Operation 266 'insertvalue' 'mrv_59' <Predicate = true> <Delay = 0.00>
ST_4 : Operation 267 [1/1] (0.00ns)   --->   "%mrv_60 = insertvalue i2640 %mrv_59, i33 %outval_61" [firmware/nnet_utils/nnet_layernorm.h:133]   --->   Operation 267 'insertvalue' 'mrv_60' <Predicate = true> <Delay = 0.00>
ST_4 : Operation 268 [1/1] (0.00ns)   --->   "%mrv_61 = insertvalue i2640 %mrv_60, i33 %outval_62" [firmware/nnet_utils/nnet_layernorm.h:133]   --->   Operation 268 'insertvalue' 'mrv_61' <Predicate = true> <Delay = 0.00>
ST_4 : Operation 269 [1/1] (0.00ns)   --->   "%mrv_62 = insertvalue i2640 %mrv_61, i33 %outval_63" [firmware/nnet_utils/nnet_layernorm.h:133]   --->   Operation 269 'insertvalue' 'mrv_62' <Predicate = true> <Delay = 0.00>
ST_4 : Operation 270 [1/1] (0.00ns)   --->   "%mrv_63 = insertvalue i2640 %mrv_62, i33 %outval_64" [firmware/nnet_utils/nnet_layernorm.h:133]   --->   Operation 270 'insertvalue' 'mrv_63' <Predicate = true> <Delay = 0.00>
ST_4 : Operation 271 [1/1] (0.00ns)   --->   "%mrv_64 = insertvalue i2640 %mrv_63, i33 %outval_65" [firmware/nnet_utils/nnet_layernorm.h:133]   --->   Operation 271 'insertvalue' 'mrv_64' <Predicate = true> <Delay = 0.00>
ST_4 : Operation 272 [1/1] (0.00ns)   --->   "%mrv_65 = insertvalue i2640 %mrv_64, i33 %outval_66" [firmware/nnet_utils/nnet_layernorm.h:133]   --->   Operation 272 'insertvalue' 'mrv_65' <Predicate = true> <Delay = 0.00>
ST_4 : Operation 273 [1/1] (0.00ns)   --->   "%mrv_66 = insertvalue i2640 %mrv_65, i33 %outval_67" [firmware/nnet_utils/nnet_layernorm.h:133]   --->   Operation 273 'insertvalue' 'mrv_66' <Predicate = true> <Delay = 0.00>
ST_4 : Operation 274 [1/1] (0.00ns)   --->   "%mrv_67 = insertvalue i2640 %mrv_66, i33 %outval_68" [firmware/nnet_utils/nnet_layernorm.h:133]   --->   Operation 274 'insertvalue' 'mrv_67' <Predicate = true> <Delay = 0.00>
ST_4 : Operation 275 [1/1] (0.00ns)   --->   "%mrv_68 = insertvalue i2640 %mrv_67, i33 %outval_69" [firmware/nnet_utils/nnet_layernorm.h:133]   --->   Operation 275 'insertvalue' 'mrv_68' <Predicate = true> <Delay = 0.00>
ST_4 : Operation 276 [1/1] (0.00ns)   --->   "%mrv_69 = insertvalue i2640 %mrv_68, i33 %outval_70" [firmware/nnet_utils/nnet_layernorm.h:133]   --->   Operation 276 'insertvalue' 'mrv_69' <Predicate = true> <Delay = 0.00>
ST_4 : Operation 277 [1/1] (0.00ns)   --->   "%mrv_70 = insertvalue i2640 %mrv_69, i33 %outval_71" [firmware/nnet_utils/nnet_layernorm.h:133]   --->   Operation 277 'insertvalue' 'mrv_70' <Predicate = true> <Delay = 0.00>
ST_4 : Operation 278 [1/1] (0.00ns)   --->   "%mrv_71 = insertvalue i2640 %mrv_70, i33 %outval_72" [firmware/nnet_utils/nnet_layernorm.h:133]   --->   Operation 278 'insertvalue' 'mrv_71' <Predicate = true> <Delay = 0.00>
ST_4 : Operation 279 [1/1] (0.00ns)   --->   "%mrv_72 = insertvalue i2640 %mrv_71, i33 %outval_73" [firmware/nnet_utils/nnet_layernorm.h:133]   --->   Operation 279 'insertvalue' 'mrv_72' <Predicate = true> <Delay = 0.00>
ST_4 : Operation 280 [1/1] (0.00ns)   --->   "%mrv_73 = insertvalue i2640 %mrv_72, i33 %outval_74" [firmware/nnet_utils/nnet_layernorm.h:133]   --->   Operation 280 'insertvalue' 'mrv_73' <Predicate = true> <Delay = 0.00>
ST_4 : Operation 281 [1/1] (0.00ns)   --->   "%mrv_74 = insertvalue i2640 %mrv_73, i33 %outval_75" [firmware/nnet_utils/nnet_layernorm.h:133]   --->   Operation 281 'insertvalue' 'mrv_74' <Predicate = true> <Delay = 0.00>
ST_4 : Operation 282 [1/1] (0.00ns)   --->   "%mrv_75 = insertvalue i2640 %mrv_74, i33 %outval_76" [firmware/nnet_utils/nnet_layernorm.h:133]   --->   Operation 282 'insertvalue' 'mrv_75' <Predicate = true> <Delay = 0.00>
ST_4 : Operation 283 [1/1] (0.00ns)   --->   "%mrv_76 = insertvalue i2640 %mrv_75, i33 %outval_77" [firmware/nnet_utils/nnet_layernorm.h:133]   --->   Operation 283 'insertvalue' 'mrv_76' <Predicate = true> <Delay = 0.00>
ST_4 : Operation 284 [1/1] (0.00ns)   --->   "%mrv_77 = insertvalue i2640 %mrv_76, i33 %outval_78" [firmware/nnet_utils/nnet_layernorm.h:133]   --->   Operation 284 'insertvalue' 'mrv_77' <Predicate = true> <Delay = 0.00>
ST_4 : Operation 285 [1/1] (0.00ns)   --->   "%mrv_78 = insertvalue i2640 %mrv_77, i33 %outval_79" [firmware/nnet_utils/nnet_layernorm.h:133]   --->   Operation 285 'insertvalue' 'mrv_78' <Predicate = true> <Delay = 0.00>
ST_4 : Operation 286 [1/1] (0.00ns)   --->   "%ret_ln133 = ret i2640 %mrv_78" [firmware/nnet_utils/nnet_layernorm.h:133]   --->   Operation 286 'ret' 'ret_ln133' <Predicate = true> <Delay = 0.00>


============================================================
+ Verbose Summary: Timing violations
============================================================
Target clock period: 5.000ns, clock uncertainty: 0.625ns.

 <State 1>: 2.977ns
The critical path consists of the following:
	wire read operation ('data_val_read', firmware/nnet_utils/nnet_layernorm.h:124) on port 'data_val' (firmware/nnet_utils/nnet_layernorm.h:124) [3]  (0.000 ns)
	'call' operation 264 bit ('call_ret9', firmware/nnet_utils/nnet_layernorm.h:126) to 'layernorm_1d<ap_fixed<16, 6, 5, 3, 0>, ap_fixed<33, 13, 5, 3, 0>, config2>' [84]  (2.977 ns)

 <State 2>: 4.097ns
The critical path consists of the following:
	'call' operation 264 bit ('call_ret9', firmware/nnet_utils/nnet_layernorm.h:126) to 'layernorm_1d<ap_fixed<16, 6, 5, 3, 0>, ap_fixed<33, 13, 5, 3, 0>, config2>' [84]  (4.097 ns)

 <State 3>: 4.097ns
The critical path consists of the following:
	'call' operation 264 bit ('call_ret9', firmware/nnet_utils/nnet_layernorm.h:126) to 'layernorm_1d<ap_fixed<16, 6, 5, 3, 0>, ap_fixed<33, 13, 5, 3, 0>, config2>' [84]  (4.097 ns)

 <State 4>: 3.310ns
The critical path consists of the following:
	'call' operation 264 bit ('call_ret9', firmware/nnet_utils/nnet_layernorm.h:126) to 'layernorm_1d<ap_fixed<16, 6, 5, 3, 0>, ap_fixed<33, 13, 5, 3, 0>, config2>' [84]  (3.310 ns)


============================================================
+ Verbose Summary: Binding
============================================================
N/A
* FSMD analyzer results:
  - Output states:
 - Input state : 
  - Chain level:
	State 1
	State 2
	State 3
	State 4


============================================================
+ Verbose Summary: Datapath Resource usage 
============================================================
N/A
