/data/hlssynt-users/rflynn/transformer-synthesis/hls4ml_projects/keras_layernorm_uniform_10_8/myproject_prj/solution1/.autopilot/db/myproject.pp.0.cpp:28369:7: warning: Added loop label VITIS_LOOP_1207_1:   [xilinx-label-all-loops]
      for (i = 0; i < __N - 1; ++i) {
      ^~~
      VITIS_LOOP_1207_1: 
/data/hlssynt-users/rflynn/transformer-synthesis/hls4ml_projects/keras_layernorm_uniform_10_8/myproject_prj/solution1/.autopilot/db/myproject.pp.0.cpp:28369:7: note: FIX-IT applied suggested code changes
/data/hlssynt-users/rflynn/transformer-synthesis/hls4ml_projects/keras_layernorm_uniform_10_8/myproject_prj/solution1/.autopilot/db/myproject.pp.0.cpp:29343:5: warning: Added loop label VITIS_LOOP_676_1:   [xilinx-label-all-loops]
    for (unsigned i = low; i != high; ++i) {
    ^~~
    VITIS_LOOP_676_1: 
/data/hlssynt-users/rflynn/transformer-synthesis/hls4ml_projects/keras_layernorm_uniform_10_8/myproject_prj/solution1/.autopilot/db/myproject.pp.0.cpp:29343:5: note: FIX-IT applied suggested code changes
/data/hlssynt-users/rflynn/transformer-synthesis/hls4ml_projects/keras_layernorm_uniform_10_8/myproject_prj/solution1/.autopilot/db/myproject.pp.0.cpp:29357:5: warning: Added loop label VITIS_LOOP_690_1:   [xilinx-label-all-loops]
    for (unsigned i = low; i != high; ++i) {
    ^~~
    VITIS_LOOP_690_1: 
/data/hlssynt-users/rflynn/transformer-synthesis/hls4ml_projects/keras_layernorm_uniform_10_8/myproject_prj/solution1/.autopilot/db/myproject.pp.0.cpp:29357:5: note: FIX-IT applied suggested code changes
/data/hlssynt-users/rflynn/transformer-synthesis/hls4ml_projects/keras_layernorm_uniform_10_8/myproject_prj/solution1/.autopilot/db/myproject.pp.0.cpp:29371:5: warning: Added loop label VITIS_LOOP_704_1:   [xilinx-label-all-loops]
    for (unsigned i = low; i != high; ++i) {
    ^~~
    VITIS_LOOP_704_1: 
/data/hlssynt-users/rflynn/transformer-synthesis/hls4ml_projects/keras_layernorm_uniform_10_8/myproject_prj/solution1/.autopilot/db/myproject.pp.0.cpp:29371:5: note: FIX-IT applied suggested code changes
/data/hlssynt-users/rflynn/transformer-synthesis/hls4ml_projects/keras_layernorm_uniform_10_8/myproject_prj/solution1/.autopilot/db/myproject.pp.0.cpp:30988:7: warning: Added loop label VITIS_LOOP_1247_1:   [xilinx-label-all-loops]
      for (i = 0; i < __N - 1; ++i) {
      ^~~
      VITIS_LOOP_1247_1: 
/data/hlssynt-users/rflynn/transformer-synthesis/hls4ml_projects/keras_layernorm_uniform_10_8/myproject_prj/solution1/.autopilot/db/myproject.pp.0.cpp:30988:7: note: FIX-IT applied suggested code changes
/data/hlssynt-users/rflynn/transformer-synthesis/hls4ml_projects/keras_layernorm_uniform_10_8/myproject_prj/solution1/.autopilot/db/myproject.pp.0.cpp:32971:9: warning: Added loop label VITIS_LOOP_27_1:   [xilinx-label-all-loops]
        for (unsigned i = 0; i < N; i++) {
        ^~~
        VITIS_LOOP_27_1: 
/data/hlssynt-users/rflynn/transformer-synthesis/hls4ml_projects/keras_layernorm_uniform_10_8/myproject_prj/solution1/.autopilot/db/myproject.pp.0.cpp:32971:9: note: FIX-IT applied suggested code changes
/data/hlssynt-users/rflynn/transformer-synthesis/hls4ml_projects/keras_layernorm_uniform_10_8/myproject_prj/solution1/.autopilot/db/myproject.pp.0.cpp:32984:9: warning: Added loop label VITIS_LOOP_40_1:   [xilinx-label-all-loops]
        for (size_t i = 0; i < N; i++) {
        ^~~
        VITIS_LOOP_40_1: 
/data/hlssynt-users/rflynn/transformer-synthesis/hls4ml_projects/keras_layernorm_uniform_10_8/myproject_prj/solution1/.autopilot/db/myproject.pp.0.cpp:32984:9: note: FIX-IT applied suggested code changes
/data/hlssynt-users/rflynn/transformer-synthesis/hls4ml_projects/keras_layernorm_uniform_10_8/myproject_prj/solution1/.autopilot/db/myproject.pp.0.cpp:55908:5: warning: Added loop label VITIS_LOOP_265_1:   [xilinx-label-all-loops]
    for (typename std::vector<src_T>::const_iterator i = in_begin; i != in_end; ++i) {
    ^~~
    VITIS_LOOP_265_1: 
/data/hlssynt-users/rflynn/transformer-synthesis/hls4ml_projects/keras_layernorm_uniform_10_8/myproject_prj/solution1/.autopilot/db/myproject.pp.0.cpp:55908:5: note: FIX-IT applied suggested code changes
/data/hlssynt-users/rflynn/transformer-synthesis/hls4ml_projects/keras_layernorm_uniform_10_8/myproject_prj/solution1/.autopilot/db/myproject.pp.0.cpp:55918:5: warning: Added loop label VITIS_LOOP_275_1:   [xilinx-label-all-loops]
    for (auto i = 0; i < SIZE; i++)
    ^~~
    VITIS_LOOP_275_1: 
/data/hlssynt-users/rflynn/transformer-synthesis/hls4ml_projects/keras_layernorm_uniform_10_8/myproject_prj/solution1/.autopilot/db/myproject.pp.0.cpp:55918:5: note: FIX-IT applied suggested code changes
/data/hlssynt-users/rflynn/transformer-synthesis/hls4ml_projects/keras_layernorm_uniform_10_8/myproject_prj/solution1/.autopilot/db/myproject.pp.0.cpp:55929:5: warning: Added loop label VITIS_LOOP_286_1:   [xilinx-label-all-loops]
    for (int i = 0; i < SIZE; i++) {
    ^~~
    VITIS_LOOP_286_1: 
/data/hlssynt-users/rflynn/transformer-synthesis/hls4ml_projects/keras_layernorm_uniform_10_8/myproject_prj/solution1/.autopilot/db/myproject.pp.0.cpp:55929:5: note: FIX-IT applied suggested code changes
/data/hlssynt-users/rflynn/transformer-synthesis/hls4ml_projects/keras_layernorm_uniform_10_8/myproject_prj/solution1/.autopilot/db/myproject.pp.0.cpp:55936:5: warning: Added loop label VITIS_LOOP_293_1:   [xilinx-label-all-loops]
    for (int i = 0; i < SIZE / res_T::size; i++) {
    ^~~
    VITIS_LOOP_293_1: 
/data/hlssynt-users/rflynn/transformer-synthesis/hls4ml_projects/keras_layernorm_uniform_10_8/myproject_prj/solution1/.autopilot/db/myproject.pp.0.cpp:55936:5: note: FIX-IT applied suggested code changes
/data/hlssynt-users/rflynn/transformer-synthesis/hls4ml_projects/keras_layernorm_uniform_10_8/myproject_prj/solution1/.autopilot/db/myproject.pp.0.cpp:55938:9: warning: Added loop label VITIS_LOOP_295_2:   [xilinx-label-all-loops]
        for (int j = 0; j < res_T::size; j++) {
        ^~~
        VITIS_LOOP_295_2: 
/data/hlssynt-users/rflynn/transformer-synthesis/hls4ml_projects/keras_layernorm_uniform_10_8/myproject_prj/solution1/.autopilot/db/myproject.pp.0.cpp:55938:9: note: FIX-IT applied suggested code changes
/data/hlssynt-users/rflynn/transformer-synthesis/hls4ml_projects/keras_layernorm_uniform_10_8/myproject_prj/solution1/.autopilot/db/myproject.pp.0.cpp:55950:5: warning: Added loop label VITIS_LOOP_307_1:   [xilinx-label-all-loops]
    for (int i = 0; i < SIZE / data_T::size; i++) {
    ^~~
    VITIS_LOOP_307_1: 
/data/hlssynt-users/rflynn/transformer-synthesis/hls4ml_projects/keras_layernorm_uniform_10_8/myproject_prj/solution1/.autopilot/db/myproject.pp.0.cpp:55950:5: note: FIX-IT applied suggested code changes
/data/hlssynt-users/rflynn/transformer-synthesis/hls4ml_projects/keras_layernorm_uniform_10_8/myproject_prj/solution1/.autopilot/db/myproject.pp.0.cpp:55952:9: warning: Added loop label VITIS_LOOP_309_2:   [xilinx-label-all-loops]
        for (int j = 0; j < data_T::size; j++) {
        ^~~
        VITIS_LOOP_309_2: 
/data/hlssynt-users/rflynn/transformer-synthesis/hls4ml_projects/keras_layernorm_uniform_10_8/myproject_prj/solution1/.autopilot/db/myproject.pp.0.cpp:55952:9: note: FIX-IT applied suggested code changes
/data/hlssynt-users/rflynn/transformer-synthesis/hls4ml_projects/keras_layernorm_uniform_10_8/myproject_prj/solution1/.autopilot/db/myproject.pp.0.cpp:55967:5: warning: Added loop label VITIS_LOOP_324_1:   [xilinx-label-all-loops]
    for (int ii = 0; ii < nrows; ii++) {
    ^~~
    VITIS_LOOP_324_1: 
/data/hlssynt-users/rflynn/transformer-synthesis/hls4ml_projects/keras_layernorm_uniform_10_8/myproject_prj/solution1/.autopilot/db/myproject.pp.0.cpp:55967:5: note: FIX-IT applied suggested code changes
/data/hlssynt-users/rflynn/transformer-synthesis/hls4ml_projects/keras_layernorm_uniform_10_8/myproject_prj/solution1/.autopilot/db/myproject.pp.0.cpp:55987:5: warning: Added loop label VITIS_LOOP_344_1:   [xilinx-label-all-loops]
    for (int ii = 0; ii < nrows; ii++) {
    ^~~
    VITIS_LOOP_344_1: 
/data/hlssynt-users/rflynn/transformer-synthesis/hls4ml_projects/keras_layernorm_uniform_10_8/myproject_prj/solution1/.autopilot/db/myproject.pp.0.cpp:55987:5: note: FIX-IT applied suggested code changes
/data/hlssynt-users/rflynn/transformer-synthesis/hls4ml_projects/keras_layernorm_uniform_10_8/myproject_prj/solution1/.autopilot/db/myproject.pp.0.cpp:55988:9: warning: Added loop label VITIS_LOOP_345_2:   [xilinx-label-all-loops]
        for (int jj = 0; jj < ncols; jj++) {
        ^~~
        VITIS_LOOP_345_2: 
/data/hlssynt-users/rflynn/transformer-synthesis/hls4ml_projects/keras_layernorm_uniform_10_8/myproject_prj/solution1/.autopilot/db/myproject.pp.0.cpp:55988:9: note: FIX-IT applied suggested code changes
/data/hlssynt-users/rflynn/transformer-synthesis/hls4ml_projects/keras_layernorm_uniform_10_8/myproject_prj/solution1/.autopilot/db/myproject.pp.0.cpp:56003:5: warning: Added loop label VITIS_LOOP_360_1:   [xilinx-label-all-loops]
    for (int ii = 0; ii < N_IN; ii++) {
    ^~~
    VITIS_LOOP_360_1: 
/data/hlssynt-users/rflynn/transformer-synthesis/hls4ml_projects/keras_layernorm_uniform_10_8/myproject_prj/solution1/.autopilot/db/myproject.pp.0.cpp:56003:5: note: FIX-IT applied suggested code changes
/data/hlssynt-users/rflynn/transformer-synthesis/hls4ml_projects/keras_layernorm_uniform_10_8/myproject_prj/solution1/.autopilot/db/myproject.pp.0.cpp:56010:5: warning: Added loop label VITIS_LOOP_367_1:   [xilinx-label-all-loops]
    for (int ii = 0; ii < N_IN; ii++) {
    ^~~
    VITIS_LOOP_367_1: 
/data/hlssynt-users/rflynn/transformer-synthesis/hls4ml_projects/keras_layernorm_uniform_10_8/myproject_prj/solution1/.autopilot/db/myproject.pp.0.cpp:56010:5: note: FIX-IT applied suggested code changes
/data/hlssynt-users/rflynn/transformer-synthesis/hls4ml_projects/keras_layernorm_uniform_10_8/myproject_prj/solution1/.autopilot/db/myproject.pp.0.cpp:56319:5: warning: Added loop label VITIS_LOOP_135_1:   [xilinx-label-all-loops]
    for (int ii = 0; ii < CONFIG_T::out_width / CONFIG_T::reuse_factor; ii++) {
    ^~~
    VITIS_LOOP_135_1: 
/data/hlssynt-users/rflynn/transformer-synthesis/hls4ml_projects/keras_layernorm_uniform_10_8/myproject_prj/solution1/.autopilot/db/myproject.pp.0.cpp:56319:5: note: FIX-IT applied suggested code changes
/data/hlssynt-users/rflynn/transformer-synthesis/hls4ml_projects/keras_layernorm_uniform_10_8/myproject_prj/solution1/.autopilot/db/myproject.pp.0.cpp:56320:9: warning: Added loop label VITIS_LOOP_136_2:   [xilinx-label-all-loops]
        for (int ff = 0; ff < CONFIG_T::n_filt; ff++) {
        ^~~
        VITIS_LOOP_136_2: 
/data/hlssynt-users/rflynn/transformer-synthesis/hls4ml_projects/keras_layernorm_uniform_10_8/myproject_prj/solution1/.autopilot/db/myproject.pp.0.cpp:56320:9: note: FIX-IT applied suggested code changes
/data/hlssynt-users/rflynn/transformer-synthesis/hls4ml_projects/keras_layernorm_uniform_10_8/myproject_prj/solution1/.autopilot/db/myproject.pp.0.cpp:56341:5: warning: Added loop label VITIS_LOOP_157_3:   [xilinx-label-all-loops]
    for (int ii = 0; ii < CONFIG_T::out_width / CONFIG_T::reuse_factor; ii++) {
    ^~~
    VITIS_LOOP_157_3: 
/data/hlssynt-users/rflynn/transformer-synthesis/hls4ml_projects/keras_layernorm_uniform_10_8/myproject_prj/solution1/.autopilot/db/myproject.pp.0.cpp:56341:5: note: FIX-IT applied suggested code changes
/data/hlssynt-users/rflynn/transformer-synthesis/hls4ml_projects/keras_layernorm_uniform_10_8/myproject_prj/solution1/.autopilot/db/myproject.pp.0.cpp:56342:9: warning: Added loop label VITIS_LOOP_158_4:   [xilinx-label-all-loops]
        for (int ff = 0; ff < CONFIG_T::n_filt; ff++) {
        ^~~
        VITIS_LOOP_158_4: 
/data/hlssynt-users/rflynn/transformer-synthesis/hls4ml_projects/keras_layernorm_uniform_10_8/myproject_prj/solution1/.autopilot/db/myproject.pp.0.cpp:56342:9: note: FIX-IT applied suggested code changes
/data/hlssynt-users/rflynn/transformer-synthesis/hls4ml_projects/keras_layernorm_uniform_10_8/myproject_prj/solution1/.autopilot/db/myproject.pp.0.cpp:56559:9: error: Resource with core_name: ROM_nP_BRAM pragma is ignored, because this core doesn't exist at all  [clang-diagnostic-error]
#pragma HLS RESOURCE variable=weights core=ROM_nP_BRAM
        ^
/data/hlssynt-users/rflynn/transformer-synthesis/hls4ml_projects/keras_layernorm_uniform_10_8/myproject_prj/solution1/.autopilot/db/myproject.pp.0.cpp:56633:9: error: Resource with core_name: ROM_nP_BRAM pragma is ignored, because this core doesn't exist at all  [clang-diagnostic-error]
#pragma HLS RESOURCE variable=weights core=ROM_nP_BRAM
        ^
/data/hlssynt-users/rflynn/transformer-synthesis/hls4ml_projects/keras_layernorm_uniform_10_8/myproject_prj/solution1/.autopilot/db/myproject.pp.0.cpp:56715:9: error: Resource with core_name: ROM_nP_BRAM pragma is ignored, because this core doesn't exist at all  [clang-diagnostic-error]
#pragma HLS RESOURCE variable=weights core=ROM_nP_BRAM
        ^
/data/hlssynt-users/rflynn/transformer-synthesis/hls4ml_projects/keras_layernorm_uniform_10_8/myproject_prj/solution1/.autopilot/db/myproject.pp.0.cpp:58821:72: error: Invalid Directive: for current device, ROM_1P + LUTRAM is invalid combination for BIND_STORAGE's option 'type + impl' [clang-diagnostic-error]
#pragma HLS BIND_STORAGE variable=fourth_order_double::sin_cos_K0 type=ROM_1P impl=LUTRAM
                                                                       ^
/data/hlssynt-users/rflynn/transformer-synthesis/hls4ml_projects/keras_layernorm_uniform_10_8/myproject_prj/solution1/.autopilot/db/myproject.pp.0.cpp:58822:72: error: Invalid Directive: for current device, ROM_1P + LUTRAM is invalid combination for BIND_STORAGE's option 'type + impl' [clang-diagnostic-error]
#pragma HLS BIND_STORAGE variable=fourth_order_double::sin_cos_K1 type=ROM_1P impl=LUTRAM
                                                                       ^
/data/hlssynt-users/rflynn/transformer-synthesis/hls4ml_projects/keras_layernorm_uniform_10_8/myproject_prj/solution1/.autopilot/db/myproject.pp.0.cpp:58823:72: error: Invalid Directive: for current device, ROM_1P + LUTRAM is invalid combination for BIND_STORAGE's option 'type + impl' [clang-diagnostic-error]
#pragma HLS BIND_STORAGE variable=fourth_order_double::sin_cos_K2 type=ROM_1P impl=LUTRAM
                                                                       ^
/data/hlssynt-users/rflynn/transformer-synthesis/hls4ml_projects/keras_layernorm_uniform_10_8/myproject_prj/solution1/.autopilot/db/myproject.pp.0.cpp:58824:72: error: Invalid Directive: for current device, ROM_1P + LUTRAM is invalid combination for BIND_STORAGE's option 'type + impl' [clang-diagnostic-error]
#pragma HLS BIND_STORAGE variable=fourth_order_double::sin_cos_K3 type=ROM_1P impl=LUTRAM
                                                                       ^
/data/hlssynt-users/rflynn/transformer-synthesis/hls4ml_projects/keras_layernorm_uniform_10_8/myproject_prj/solution1/.autopilot/db/myproject.pp.0.cpp:58825:72: error: Invalid Directive: for current device, ROM_1P + LUTRAM is invalid combination for BIND_STORAGE's option 'type + impl' [clang-diagnostic-error]
#pragma HLS BIND_STORAGE variable=fourth_order_double::sin_cos_K4 type=ROM_1P impl=LUTRAM
                                                                       ^
/data/hlssynt-users/rflynn/transformer-synthesis/hls4ml_projects/keras_layernorm_uniform_10_8/myproject_prj/solution1/.autopilot/db/myproject.pp.0.cpp:58855:68: error: Invalid Directive: for current device, ROM_1P + LUTRAM is invalid combination for BIND_STORAGE's option 'type + impl' [clang-diagnostic-error]
#pragma HLS BIND_STORAGE variable=fourth_order_double::cos_K0 type=ROM_1P impl=LUTRAM
                                                                   ^
/data/hlssynt-users/rflynn/transformer-synthesis/hls4ml_projects/keras_layernorm_uniform_10_8/myproject_prj/solution1/.autopilot/db/myproject.pp.0.cpp:58856:68: error: Invalid Directive: for current device, ROM_1P + LUTRAM is invalid combination for BIND_STORAGE's option 'type + impl' [clang-diagnostic-error]
#pragma HLS BIND_STORAGE variable=fourth_order_double::cos_K1 type=ROM_1P impl=LUTRAM
                                                                   ^
/data/hlssynt-users/rflynn/transformer-synthesis/hls4ml_projects/keras_layernorm_uniform_10_8/myproject_prj/solution1/.autopilot/db/myproject.pp.0.cpp:58857:68: error: Invalid Directive: for current device, ROM_1P + LUTRAM is invalid combination for BIND_STORAGE's option 'type + impl' [clang-diagnostic-error]
#pragma HLS BIND_STORAGE variable=fourth_order_double::cos_K2 type=ROM_1P impl=LUTRAM
                                                                   ^
/data/hlssynt-users/rflynn/transformer-synthesis/hls4ml_projects/keras_layernorm_uniform_10_8/myproject_prj/solution1/.autopilot/db/myproject.pp.0.cpp:58858:68: error: Invalid Directive: for current device, ROM_1P + LUTRAM is invalid combination for BIND_STORAGE's option 'type + impl' [clang-diagnostic-error]
#pragma HLS BIND_STORAGE variable=fourth_order_double::cos_K3 type=ROM_1P impl=LUTRAM
                                                                   ^
/data/hlssynt-users/rflynn/transformer-synthesis/hls4ml_projects/keras_layernorm_uniform_10_8/myproject_prj/solution1/.autopilot/db/myproject.pp.0.cpp:58859:68: error: Invalid Directive: for current device, ROM_1P + LUTRAM is invalid combination for BIND_STORAGE's option 'type + impl' [clang-diagnostic-error]
#pragma HLS BIND_STORAGE variable=fourth_order_double::cos_K4 type=ROM_1P impl=LUTRAM
                                                                   ^
/data/hlssynt-users/rflynn/transformer-synthesis/hls4ml_projects/keras_layernorm_uniform_10_8/myproject_prj/solution1/.autopilot/db/myproject.pp.0.cpp:58860:68: error: Invalid Directive: for current device, ROM_1P + LUTRAM is invalid combination for BIND_STORAGE's option 'type + impl' [clang-diagnostic-error]
#pragma HLS BIND_STORAGE variable=fourth_order_double::sin_K0 type=ROM_1P impl=LUTRAM
                                                                   ^
/data/hlssynt-users/rflynn/transformer-synthesis/hls4ml_projects/keras_layernorm_uniform_10_8/myproject_prj/solution1/.autopilot/db/myproject.pp.0.cpp:58861:68: error: Invalid Directive: for current device, ROM_1P + LUTRAM is invalid combination for BIND_STORAGE's option 'type + impl' [clang-diagnostic-error]
#pragma HLS BIND_STORAGE variable=fourth_order_double::sin_K1 type=ROM_1P impl=LUTRAM
                                                                   ^
/data/hlssynt-users/rflynn/transformer-synthesis/hls4ml_projects/keras_layernorm_uniform_10_8/myproject_prj/solution1/.autopilot/db/myproject.pp.0.cpp:58862:68: error: Invalid Directive: for current device, ROM_1P + LUTRAM is invalid combination for BIND_STORAGE's option 'type + impl' [clang-diagnostic-error]
#pragma HLS BIND_STORAGE variable=fourth_order_double::sin_K2 type=ROM_1P impl=LUTRAM
                                                                   ^
/data/hlssynt-users/rflynn/transformer-synthesis/hls4ml_projects/keras_layernorm_uniform_10_8/myproject_prj/solution1/.autopilot/db/myproject.pp.0.cpp:58863:68: error: Invalid Directive: for current device, ROM_1P + LUTRAM is invalid combination for BIND_STORAGE's option 'type + impl' [clang-diagnostic-error]
#pragma HLS BIND_STORAGE variable=fourth_order_double::sin_K3 type=ROM_1P impl=LUTRAM
                                                                   ^
/data/hlssynt-users/rflynn/transformer-synthesis/hls4ml_projects/keras_layernorm_uniform_10_8/myproject_prj/solution1/.autopilot/db/myproject.pp.0.cpp:58864:68: error: Invalid Directive: for current device, ROM_1P + LUTRAM is invalid combination for BIND_STORAGE's option 'type + impl' [clang-diagnostic-error]
#pragma HLS BIND_STORAGE variable=fourth_order_double::sin_K4 type=ROM_1P impl=LUTRAM
                                                                   ^
/data/hlssynt-users/rflynn/transformer-synthesis/hls4ml_projects/keras_layernorm_uniform_10_8/myproject_prj/solution1/.autopilot/db/myproject.pp.0.cpp:58914:71: error: Invalid Directive: for current device, ROM_1P + LUTRAM is invalid combination for BIND_STORAGE's option 'type + impl' [clang-diagnostic-error]
#pragma HLS BIND_STORAGE variable=second_order_float::sin_cos_K0 type=ROM_1P impl=LUTRAM
                                                                      ^
/data/hlssynt-users/rflynn/transformer-synthesis/hls4ml_projects/keras_layernorm_uniform_10_8/myproject_prj/solution1/.autopilot/db/myproject.pp.0.cpp:58915:71: error: Invalid Directive: for current device, ROM_1P + LUTRAM is invalid combination for BIND_STORAGE's option 'type + impl' [clang-diagnostic-error]
#pragma HLS BIND_STORAGE variable=second_order_float::sin_cos_K1 type=ROM_1P impl=LUTRAM
                                                                      ^
/data/hlssynt-users/rflynn/transformer-synthesis/hls4ml_projects/keras_layernorm_uniform_10_8/myproject_prj/solution1/.autopilot/db/myproject.pp.0.cpp:58916:71: error: Invalid Directive: for current device, ROM_1P + LUTRAM is invalid combination for BIND_STORAGE's option 'type + impl' [clang-diagnostic-error]
#pragma HLS BIND_STORAGE variable=second_order_float::sin_cos_K2 type=ROM_1P impl=LUTRAM
                                                                      ^
/data/hlssynt-users/rflynn/transformer-synthesis/hls4ml_projects/keras_layernorm_uniform_10_8/myproject_prj/solution1/.autopilot/db/myproject.pp.0.cpp:58943:67: error: Invalid Directive: for current device, ROM_1P + LUTRAM is invalid combination for BIND_STORAGE's option 'type + impl' [clang-diagnostic-error]
#pragma HLS BIND_STORAGE variable=second_order_float::cos_K0 type=ROM_1P impl=LUTRAM
                                                                  ^
/data/hlssynt-users/rflynn/transformer-synthesis/hls4ml_projects/keras_layernorm_uniform_10_8/myproject_prj/solution1/.autopilot/db/myproject.pp.0.cpp:58944:67: error: Invalid Directive: for current device, ROM_1P + LUTRAM is invalid combination for BIND_STORAGE's option 'type + impl' [clang-diagnostic-error]
#pragma HLS BIND_STORAGE variable=second_order_float::cos_K1 type=ROM_1P impl=LUTRAM
                                                                  ^
/data/hlssynt-users/rflynn/transformer-synthesis/hls4ml_projects/keras_layernorm_uniform_10_8/myproject_prj/solution1/.autopilot/db/myproject.pp.0.cpp:58945:67: error: Invalid Directive: for current device, ROM_1P + LUTRAM is invalid combination for BIND_STORAGE's option 'type + impl' [clang-diagnostic-error]
#pragma HLS BIND_STORAGE variable=second_order_float::cos_K2 type=ROM_1P impl=LUTRAM
                                                                  ^
/data/hlssynt-users/rflynn/transformer-synthesis/hls4ml_projects/keras_layernorm_uniform_10_8/myproject_prj/solution1/.autopilot/db/myproject.pp.0.cpp:58946:67: error: Invalid Directive: for current device, ROM_1P + LUTRAM is invalid combination for BIND_STORAGE's option 'type + impl' [clang-diagnostic-error]
#pragma HLS BIND_STORAGE variable=second_order_float::sin_K0 type=ROM_1P impl=LUTRAM
                                                                  ^
/data/hlssynt-users/rflynn/transformer-synthesis/hls4ml_projects/keras_layernorm_uniform_10_8/myproject_prj/solution1/.autopilot/db/myproject.pp.0.cpp:58947:67: error: Invalid Directive: for current device, ROM_1P + LUTRAM is invalid combination for BIND_STORAGE's option 'type + impl' [clang-diagnostic-error]
#pragma HLS BIND_STORAGE variable=second_order_float::sin_K1 type=ROM_1P impl=LUTRAM
                                                                  ^
/data/hlssynt-users/rflynn/transformer-synthesis/hls4ml_projects/keras_layernorm_uniform_10_8/myproject_prj/solution1/.autopilot/db/myproject.pp.0.cpp:58948:67: error: Invalid Directive: for current device, ROM_1P + LUTRAM is invalid combination for BIND_STORAGE's option 'type + impl' [clang-diagnostic-error]
#pragma HLS BIND_STORAGE variable=second_order_float::sin_K2 type=ROM_1P impl=LUTRAM
                                                                  ^
/data/hlssynt-users/rflynn/transformer-synthesis/hls4ml_projects/keras_layernorm_uniform_10_8/myproject_prj/solution1/.autopilot/db/myproject.pp.0.cpp:58984:73: error: Invalid Directive: for current device, ROM_1P + LUTRAM is invalid combination for BIND_STORAGE's option 'type + impl' [clang-diagnostic-error]
#pragma HLS BIND_STORAGE variable=first_order_fixed_16::sin_cos_K0 type=ROM_1P impl=LUTRAM
                                                                        ^
/data/hlssynt-users/rflynn/transformer-synthesis/hls4ml_projects/keras_layernorm_uniform_10_8/myproject_prj/solution1/.autopilot/db/myproject.pp.0.cpp:58985:73: error: Invalid Directive: for current device, ROM_1P + LUTRAM is invalid combination for BIND_STORAGE's option 'type + impl' [clang-diagnostic-error]
#pragma HLS BIND_STORAGE variable=first_order_fixed_16::sin_cos_K1 type=ROM_1P impl=LUTRAM
                                                                        ^
/data/hlssynt-users/rflynn/transformer-synthesis/hls4ml_projects/keras_layernorm_uniform_10_8/myproject_prj/solution1/.autopilot/db/myproject.pp.0.cpp:59259:5: warning: Added loop label VITIS_LOOP_61_1:   [xilinx-label-all-loops]
    for (int n=0; n<Nmax; n++){
    ^~~
    VITIS_LOOP_61_1: 
/data/hlssynt-users/rflynn/transformer-synthesis/hls4ml_projects/keras_layernorm_uniform_10_8/myproject_prj/solution1/.autopilot/db/myproject.pp.0.cpp:59259:5: note: FIX-IT applied suggested code changes
/data/hlssynt-users/rflynn/transformer-synthesis/hls4ml_projects/keras_layernorm_uniform_10_8/myproject_prj/solution1/.autopilot/db/myproject.pp.0.cpp:59305:5: warning: Added loop label VITIS_LOOP_117_1:   [xilinx-label-all-loops]
    for (int n=0; n<Nmax; n++){
    ^~~
    VITIS_LOOP_117_1: 
/data/hlssynt-users/rflynn/transformer-synthesis/hls4ml_projects/keras_layernorm_uniform_10_8/myproject_prj/solution1/.autopilot/db/myproject.pp.0.cpp:59305:5: note: FIX-IT applied suggested code changes
/data/hlssynt-users/rflynn/transformer-synthesis/hls4ml_projects/keras_layernorm_uniform_10_8/myproject_prj/solution1/.autopilot/db/myproject.pp.0.cpp:59468:9: warning: Added loop label VITIS_LOOP_289_1:   [xilinx-label-all-loops]
        for(int i=0;i<W-1;i++){
        ^~~
        VITIS_LOOP_289_1: 
/data/hlssynt-users/rflynn/transformer-synthesis/hls4ml_projects/keras_layernorm_uniform_10_8/myproject_prj/solution1/.autopilot/db/myproject.pp.0.cpp:59468:9: note: FIX-IT applied suggested code changes
/data/hlssynt-users/rflynn/transformer-synthesis/hls4ml_projects/keras_layernorm_uniform_10_8/myproject_prj/solution1/.autopilot/db/myproject.pp.0.cpp:59620:9: warning: Added loop label VITIS_LOOP_449_1:   [xilinx-label-all-loops]
        for(int i=0;i<W-1;i++){
        ^~~
        VITIS_LOOP_449_1: 
/data/hlssynt-users/rflynn/transformer-synthesis/hls4ml_projects/keras_layernorm_uniform_10_8/myproject_prj/solution1/.autopilot/db/myproject.pp.0.cpp:59620:9: note: FIX-IT applied suggested code changes
/data/hlssynt-users/rflynn/transformer-synthesis/hls4ml_projects/keras_layernorm_uniform_10_8/myproject_prj/solution1/.autopilot/db/myproject.pp.0.cpp:59800:5: warning: Added loop label VITIS_LOOP_629_1:   [xilinx-label-all-loops]
    for(int i=0;i<W+1;i++){
    ^~~
    VITIS_LOOP_629_1: 
/data/hlssynt-users/rflynn/transformer-synthesis/hls4ml_projects/keras_layernorm_uniform_10_8/myproject_prj/solution1/.autopilot/db/myproject.pp.0.cpp:59800:5: note: FIX-IT applied suggested code changes
/data/hlssynt-users/rflynn/transformer-synthesis/hls4ml_projects/keras_layernorm_uniform_10_8/myproject_prj/solution1/.autopilot/db/myproject.pp.0.cpp:59804:5: warning: Added loop label VITIS_LOOP_633_2:   [xilinx-label-all-loops]
    for(int i=0;i<W+1;i++){
    ^~~
    VITIS_LOOP_633_2: 
/data/hlssynt-users/rflynn/transformer-synthesis/hls4ml_projects/keras_layernorm_uniform_10_8/myproject_prj/solution1/.autopilot/db/myproject.pp.0.cpp:59804:5: note: FIX-IT applied suggested code changes
/data/hlssynt-users/rflynn/transformer-synthesis/hls4ml_projects/keras_layernorm_uniform_10_8/myproject_prj/solution1/.autopilot/db/myproject.pp.0.cpp:59914:5: warning: Added loop label VITIS_LOOP_743_1:   [xilinx-label-all-loops]
    for (int n=0; n<Nmax; n++){
    ^~~
    VITIS_LOOP_743_1: 
/data/hlssynt-users/rflynn/transformer-synthesis/hls4ml_projects/keras_layernorm_uniform_10_8/myproject_prj/solution1/.autopilot/db/myproject.pp.0.cpp:59914:5: note: FIX-IT applied suggested code changes
/data/hlssynt-users/rflynn/transformer-synthesis/hls4ml_projects/keras_layernorm_uniform_10_8/myproject_prj/solution1/.autopilot/db/myproject.pp.0.cpp:60004:7: warning: Added loop label VITIS_LOOP_840_1:   [xilinx-label-all-loops]
      for(int i=0;i<W-1;i++){
      ^~~
      VITIS_LOOP_840_1: 
/data/hlssynt-users/rflynn/transformer-synthesis/hls4ml_projects/keras_layernorm_uniform_10_8/myproject_prj/solution1/.autopilot/db/myproject.pp.0.cpp:60004:7: note: FIX-IT applied suggested code changes
/data/hlssynt-users/rflynn/transformer-synthesis/hls4ml_projects/keras_layernorm_uniform_10_8/myproject_prj/solution1/.autopilot/db/myproject.pp.0.cpp:60023:7: warning: Added loop label VITIS_LOOP_859_2:   [xilinx-label-all-loops]
      for(int i=0;i<W-1;i++){
      ^~~
      VITIS_LOOP_859_2: 
/data/hlssynt-users/rflynn/transformer-synthesis/hls4ml_projects/keras_layernorm_uniform_10_8/myproject_prj/solution1/.autopilot/db/myproject.pp.0.cpp:60023:7: note: FIX-IT applied suggested code changes
/data/hlssynt-users/rflynn/transformer-synthesis/hls4ml_projects/keras_layernorm_uniform_10_8/myproject_prj/solution1/.autopilot/db/myproject.pp.0.cpp:60313:5: warning: Added loop label VITIS_LOOP_1173_1:   [xilinx-label-all-loops]
    for(int i=0; i<Nmax; i++) {
    ^~~
    VITIS_LOOP_1173_1: 
/data/hlssynt-users/rflynn/transformer-synthesis/hls4ml_projects/keras_layernorm_uniform_10_8/myproject_prj/solution1/.autopilot/db/myproject.pp.0.cpp:60313:5: note: FIX-IT applied suggested code changes
/data/hlssynt-users/rflynn/transformer-synthesis/hls4ml_projects/keras_layernorm_uniform_10_8/myproject_prj/solution1/.autopilot/db/myproject.pp.0.cpp:60396:5: warning: Added loop label VITIS_LOOP_1256_1:   [xilinx-label-all-loops]
    for(int i=0; i<Nmax; i++) {
    ^~~
    VITIS_LOOP_1256_1: 
/data/hlssynt-users/rflynn/transformer-synthesis/hls4ml_projects/keras_layernorm_uniform_10_8/myproject_prj/solution1/.autopilot/db/myproject.pp.0.cpp:60396:5: note: FIX-IT applied suggested code changes
/data/hlssynt-users/rflynn/transformer-synthesis/hls4ml_projects/keras_layernorm_uniform_10_8/myproject_prj/solution1/.autopilot/db/myproject.pp.0.cpp:60802:13: warning: Added loop label VITIS_LOOP_68_1:   [xilinx-label-all-loops]
            for (int j = 3; j >= I_+1; j--) {
            ^~~
            VITIS_LOOP_68_1: 
/data/hlssynt-users/rflynn/transformer-synthesis/hls4ml_projects/keras_layernorm_uniform_10_8/myproject_prj/solution1/.autopilot/db/myproject.pp.0.cpp:60802:13: note: FIX-IT applied suggested code changes
/data/hlssynt-users/rflynn/transformer-synthesis/hls4ml_projects/keras_layernorm_uniform_10_8/myproject_prj/solution1/.autopilot/db/myproject.pp.0.cpp:60808:17: warning: Added loop label VITIS_LOOP_74_2:   [xilinx-label-all-loops]
                for (int j = 3; j >= I_+1; j--){
                ^~~
                VITIS_LOOP_74_2: 
/data/hlssynt-users/rflynn/transformer-synthesis/hls4ml_projects/keras_layernorm_uniform_10_8/myproject_prj/solution1/.autopilot/db/myproject.pp.0.cpp:60808:17: note: FIX-IT applied suggested code changes
/data/hlssynt-users/rflynn/transformer-synthesis/hls4ml_projects/keras_layernorm_uniform_10_8/myproject_prj/solution1/.autopilot/db/myproject.pp.0.cpp:60812:17: warning: Added loop label VITIS_LOOP_78_3:   [xilinx-label-all-loops]
                for (int j = I_; j >= 0; j--){
                ^~~
                VITIS_LOOP_78_3: 
/data/hlssynt-users/rflynn/transformer-synthesis/hls4ml_projects/keras_layernorm_uniform_10_8/myproject_prj/solution1/.autopilot/db/myproject.pp.0.cpp:60812:17: note: FIX-IT applied suggested code changes
/data/hlssynt-users/rflynn/transformer-synthesis/hls4ml_projects/keras_layernorm_uniform_10_8/myproject_prj/solution1/.autopilot/db/myproject.pp.0.cpp:60860:13: warning: Added loop label VITIS_LOOP_145_4:   [xilinx-label-all-loops]
            for (int j = 9; j >= I_+4; j--) {
            ^~~
            VITIS_LOOP_145_4: 
/data/hlssynt-users/rflynn/transformer-synthesis/hls4ml_projects/keras_layernorm_uniform_10_8/myproject_prj/solution1/.autopilot/db/myproject.pp.0.cpp:60860:13: note: FIX-IT applied suggested code changes
/data/hlssynt-users/rflynn/transformer-synthesis/hls4ml_projects/keras_layernorm_uniform_10_8/myproject_prj/solution1/.autopilot/db/myproject.pp.0.cpp:60866:17: warning: Added loop label VITIS_LOOP_151_5:   [xilinx-label-all-loops]
                for (int j = 9; j >= I_+4; j--){
                ^~~
                VITIS_LOOP_151_5: 
/data/hlssynt-users/rflynn/transformer-synthesis/hls4ml_projects/keras_layernorm_uniform_10_8/myproject_prj/solution1/.autopilot/db/myproject.pp.0.cpp:60866:17: note: FIX-IT applied suggested code changes
/data/hlssynt-users/rflynn/transformer-synthesis/hls4ml_projects/keras_layernorm_uniform_10_8/myproject_prj/solution1/.autopilot/db/myproject.pp.0.cpp:60870:17: warning: Added loop label VITIS_LOOP_155_6:   [xilinx-label-all-loops]
                for (int j = I_+3; j >= 0; j--){
                ^~~
                VITIS_LOOP_155_6: 
/data/hlssynt-users/rflynn/transformer-synthesis/hls4ml_projects/keras_layernorm_uniform_10_8/myproject_prj/solution1/.autopilot/db/myproject.pp.0.cpp:60870:17: note: FIX-IT applied suggested code changes
/data/hlssynt-users/rflynn/transformer-synthesis/hls4ml_projects/keras_layernorm_uniform_10_8/myproject_prj/solution1/.autopilot/db/myproject.pp.0.cpp:60885:9: warning: Added loop label VITIS_LOOP_170_7:   [xilinx-label-all-loops]
        for (int j = 14; j < 22; j++){
        ^~~
        VITIS_LOOP_170_7: 
/data/hlssynt-users/rflynn/transformer-synthesis/hls4ml_projects/keras_layernorm_uniform_10_8/myproject_prj/solution1/.autopilot/db/myproject.pp.0.cpp:60885:9: note: FIX-IT applied suggested code changes
/data/hlssynt-users/rflynn/transformer-synthesis/hls4ml_projects/keras_layernorm_uniform_10_8/myproject_prj/solution1/.autopilot/db/myproject.pp.0.cpp:60893:17: warning: Added loop label VITIS_LOOP_178_8:   [xilinx-label-all-loops]
                for (int j = 0; j < 22; j++){
                ^~~
                VITIS_LOOP_178_8: 
/data/hlssynt-users/rflynn/transformer-synthesis/hls4ml_projects/keras_layernorm_uniform_10_8/myproject_prj/solution1/.autopilot/db/myproject.pp.0.cpp:60893:17: note: FIX-IT applied suggested code changes
/data/hlssynt-users/rflynn/transformer-synthesis/hls4ml_projects/keras_layernorm_uniform_10_8/myproject_prj/solution1/.autopilot/db/myproject.pp.0.cpp:60958:13: warning: Added loop label VITIS_LOOP_243_9:   [xilinx-label-all-loops]
            for (int j = 21; j >= I_+10; j--) {
            ^~~
            VITIS_LOOP_243_9: 
/data/hlssynt-users/rflynn/transformer-synthesis/hls4ml_projects/keras_layernorm_uniform_10_8/myproject_prj/solution1/.autopilot/db/myproject.pp.0.cpp:60958:13: note: FIX-IT applied suggested code changes
/data/hlssynt-users/rflynn/transformer-synthesis/hls4ml_projects/keras_layernorm_uniform_10_8/myproject_prj/solution1/.autopilot/db/myproject.pp.0.cpp:60964:17: warning: Added loop label VITIS_LOOP_249_10:   [xilinx-label-all-loops]
                for (int j = 21; j >= I_+10; j--) {
                ^~~
                VITIS_LOOP_249_10: 
/data/hlssynt-users/rflynn/transformer-synthesis/hls4ml_projects/keras_layernorm_uniform_10_8/myproject_prj/solution1/.autopilot/db/myproject.pp.0.cpp:60964:17: note: FIX-IT applied suggested code changes
/data/hlssynt-users/rflynn/transformer-synthesis/hls4ml_projects/keras_layernorm_uniform_10_8/myproject_prj/solution1/.autopilot/db/myproject.pp.0.cpp:60968:17: warning: Added loop label VITIS_LOOP_253_11:   [xilinx-label-all-loops]
                for (int j = I_+9; j >= 0; j--) {
                ^~~
                VITIS_LOOP_253_11: 
/data/hlssynt-users/rflynn/transformer-synthesis/hls4ml_projects/keras_layernorm_uniform_10_8/myproject_prj/solution1/.autopilot/db/myproject.pp.0.cpp:60968:17: note: FIX-IT applied suggested code changes
/data/hlssynt-users/rflynn/transformer-synthesis/hls4ml_projects/keras_layernorm_uniform_10_8/myproject_prj/solution1/.autopilot/db/myproject.pp.0.cpp:60983:9: warning: Added loop label VITIS_LOOP_268_12:   [xilinx-label-all-loops]
        for (int j = 27; j < 46; j++){
        ^~~
        VITIS_LOOP_268_12: 
/data/hlssynt-users/rflynn/transformer-synthesis/hls4ml_projects/keras_layernorm_uniform_10_8/myproject_prj/solution1/.autopilot/db/myproject.pp.0.cpp:60983:9: note: FIX-IT applied suggested code changes
/data/hlssynt-users/rflynn/transformer-synthesis/hls4ml_projects/keras_layernorm_uniform_10_8/myproject_prj/solution1/.autopilot/db/myproject.pp.0.cpp:60991:17: warning: Added loop label VITIS_LOOP_276_13:   [xilinx-label-all-loops]
                for (int j = 0; j < 46; j++) {
                ^~~
                VITIS_LOOP_276_13: 
/data/hlssynt-users/rflynn/transformer-synthesis/hls4ml_projects/keras_layernorm_uniform_10_8/myproject_prj/solution1/.autopilot/db/myproject.pp.0.cpp:60991:17: note: FIX-IT applied suggested code changes
/data/hlssynt-users/rflynn/transformer-synthesis/hls4ml_projects/keras_layernorm_uniform_10_8/myproject_prj/solution1/.autopilot/db/myproject.pp.0.cpp:61220:13: warning: Added loop label VITIS_LOOP_505_14:   [xilinx-label-all-loops]
            for (int j = 45; j >= I_+22; j--) {
            ^~~
            VITIS_LOOP_505_14: 
/data/hlssynt-users/rflynn/transformer-synthesis/hls4ml_projects/keras_layernorm_uniform_10_8/myproject_prj/solution1/.autopilot/db/myproject.pp.0.cpp:61220:13: note: FIX-IT applied suggested code changes
/data/hlssynt-users/rflynn/transformer-synthesis/hls4ml_projects/keras_layernorm_uniform_10_8/myproject_prj/solution1/.autopilot/db/myproject.pp.0.cpp:61226:17: warning: Added loop label VITIS_LOOP_511_15:   [xilinx-label-all-loops]
                for (int j = 45; j >= I_+22; j--){
                ^~~
                VITIS_LOOP_511_15: 
/data/hlssynt-users/rflynn/transformer-synthesis/hls4ml_projects/keras_layernorm_uniform_10_8/myproject_prj/solution1/.autopilot/db/myproject.pp.0.cpp:61226:17: note: FIX-IT applied suggested code changes
/data/hlssynt-users/rflynn/transformer-synthesis/hls4ml_projects/keras_layernorm_uniform_10_8/myproject_prj/solution1/.autopilot/db/myproject.pp.0.cpp:61230:17: warning: Added loop label VITIS_LOOP_515_16:   [xilinx-label-all-loops]
                for (int j = I_+21; j >= 0; j--) {
                ^~~
                VITIS_LOOP_515_16: 
/data/hlssynt-users/rflynn/transformer-synthesis/hls4ml_projects/keras_layernorm_uniform_10_8/myproject_prj/solution1/.autopilot/db/myproject.pp.0.cpp:61230:17: note: FIX-IT applied suggested code changes
/data/hlssynt-users/rflynn/transformer-synthesis/hls4ml_projects/keras_layernorm_uniform_10_8/myproject_prj/solution1/.autopilot/db/myproject.pp.0.cpp:61240:9: warning: Added loop label VITIS_LOOP_525_17:   [xilinx-label-all-loops]
        for (int j = 32-F_; j < 32+I_; j++){
        ^~~
        VITIS_LOOP_525_17: 
/data/hlssynt-users/rflynn/transformer-synthesis/hls4ml_projects/keras_layernorm_uniform_10_8/myproject_prj/solution1/.autopilot/db/myproject.pp.0.cpp:61240:9: note: FIX-IT applied suggested code changes
/data/hlssynt-users/rflynn/transformer-synthesis/hls4ml_projects/keras_layernorm_uniform_10_8/myproject_prj/solution1/.autopilot/db/myproject.pp.0.cpp:61244:9: warning: Added loop label VITIS_LOOP_529_18:   [xilinx-label-all-loops]
        for (int j = 32+I_; j <= 64; j++){
        ^~~
        VITIS_LOOP_529_18: 
/data/hlssynt-users/rflynn/transformer-synthesis/hls4ml_projects/keras_layernorm_uniform_10_8/myproject_prj/solution1/.autopilot/db/myproject.pp.0.cpp:61244:9: note: FIX-IT applied suggested code changes
/data/hlssynt-users/rflynn/transformer-synthesis/hls4ml_projects/keras_layernorm_uniform_10_8/myproject_prj/solution1/.autopilot/db/myproject.pp.0.cpp:61254:9: warning: Added loop label VITIS_LOOP_539_19:   [xilinx-label-all-loops]
        for (int j = 37; j < 64; j++) {
        ^~~
        VITIS_LOOP_539_19: 
/data/hlssynt-users/rflynn/transformer-synthesis/hls4ml_projects/keras_layernorm_uniform_10_8/myproject_prj/solution1/.autopilot/db/myproject.pp.0.cpp:61254:9: note: FIX-IT applied suggested code changes
/data/hlssynt-users/rflynn/transformer-synthesis/hls4ml_projects/keras_layernorm_uniform_10_8/myproject_prj/solution1/.autopilot/db/myproject.pp.0.cpp:61262:17: warning: Added loop label VITIS_LOOP_547_20:   [xilinx-label-all-loops]
                for (int j = 0; j < 64; j++){
                ^~~
                VITIS_LOOP_547_20: 
/data/hlssynt-users/rflynn/transformer-synthesis/hls4ml_projects/keras_layernorm_uniform_10_8/myproject_prj/solution1/.autopilot/db/myproject.pp.0.cpp:61262:17: note: FIX-IT applied suggested code changes
/data/hlssynt-users/rflynn/transformer-synthesis/hls4ml_projects/keras_layernorm_uniform_10_8/myproject_prj/solution1/.autopilot/db/myproject.pp.0.cpp:61623:13: warning: Added loop label VITIS_LOOP_908_21:   [xilinx-label-all-loops]
            for (int j = 63; j >= I_+31; j--) {
            ^~~
            VITIS_LOOP_908_21: 
/data/hlssynt-users/rflynn/transformer-synthesis/hls4ml_projects/keras_layernorm_uniform_10_8/myproject_prj/solution1/.autopilot/db/myproject.pp.0.cpp:61623:13: note: FIX-IT applied suggested code changes
/data/hlssynt-users/rflynn/transformer-synthesis/hls4ml_projects/keras_layernorm_uniform_10_8/myproject_prj/solution1/.autopilot/db/myproject.pp.0.cpp:61629:17: warning: Added loop label VITIS_LOOP_914_22:   [xilinx-label-all-loops]
                for (int j = 63; j >= I_+31; j--) {
                ^~~
                VITIS_LOOP_914_22: 
/data/hlssynt-users/rflynn/transformer-synthesis/hls4ml_projects/keras_layernorm_uniform_10_8/myproject_prj/solution1/.autopilot/db/myproject.pp.0.cpp:61629:17: note: FIX-IT applied suggested code changes
/data/hlssynt-users/rflynn/transformer-synthesis/hls4ml_projects/keras_layernorm_uniform_10_8/myproject_prj/solution1/.autopilot/db/myproject.pp.0.cpp:61633:17: warning: Added loop label VITIS_LOOP_918_23:   [xilinx-label-all-loops]
                for (int j = I_+30; j >= 0; j--) {
                ^~~
                VITIS_LOOP_918_23: 
/data/hlssynt-users/rflynn/transformer-synthesis/hls4ml_projects/keras_layernorm_uniform_10_8/myproject_prj/solution1/.autopilot/db/myproject.pp.0.cpp:61633:17: note: FIX-IT applied suggested code changes
/data/hlssynt-users/rflynn/transformer-synthesis/hls4ml_projects/keras_layernorm_uniform_10_8/myproject_prj/solution1/.autopilot/db/myproject.pp.0.cpp:61749:13: warning: Added loop label VITIS_LOOP_1034_1:   [xilinx-label-all-loops]
            for (int j = 4; j >= I_+1; j--) {
            ^~~
            VITIS_LOOP_1034_1: 
/data/hlssynt-users/rflynn/transformer-synthesis/hls4ml_projects/keras_layernorm_uniform_10_8/myproject_prj/solution1/.autopilot/db/myproject.pp.0.cpp:61749:13: note: FIX-IT applied suggested code changes
/data/hlssynt-users/rflynn/transformer-synthesis/hls4ml_projects/keras_layernorm_uniform_10_8/myproject_prj/solution1/.autopilot/db/myproject.pp.0.cpp:61755:17: warning: Added loop label VITIS_LOOP_1040_2:   [xilinx-label-all-loops]
                for (int j = 4; j >= I_+1; j--) {
                ^~~
                VITIS_LOOP_1040_2: 
/data/hlssynt-users/rflynn/transformer-synthesis/hls4ml_projects/keras_layernorm_uniform_10_8/myproject_prj/solution1/.autopilot/db/myproject.pp.0.cpp:61755:17: note: FIX-IT applied suggested code changes
/data/hlssynt-users/rflynn/transformer-synthesis/hls4ml_projects/keras_layernorm_uniform_10_8/myproject_prj/solution1/.autopilot/db/myproject.pp.0.cpp:61759:17: warning: Added loop label VITIS_LOOP_1044_3:   [xilinx-label-all-loops]
                for (int j = I_; j >= 0; j--) {
                ^~~
                VITIS_LOOP_1044_3: 
/data/hlssynt-users/rflynn/transformer-synthesis/hls4ml_projects/keras_layernorm_uniform_10_8/myproject_prj/solution1/.autopilot/db/myproject.pp.0.cpp:61759:17: note: FIX-IT applied suggested code changes
/data/hlssynt-users/rflynn/transformer-synthesis/hls4ml_projects/keras_layernorm_uniform_10_8/myproject_prj/solution1/.autopilot/db/myproject.pp.0.cpp:61846:13: warning: Added loop label VITIS_LOOP_1131_4:   [xilinx-label-all-loops]
            for (int j = 10; j >= I_+4; j--) {
            ^~~
            VITIS_LOOP_1131_4: 
/data/hlssynt-users/rflynn/transformer-synthesis/hls4ml_projects/keras_layernorm_uniform_10_8/myproject_prj/solution1/.autopilot/db/myproject.pp.0.cpp:61846:13: note: FIX-IT applied suggested code changes
/data/hlssynt-users/rflynn/transformer-synthesis/hls4ml_projects/keras_layernorm_uniform_10_8/myproject_prj/solution1/.autopilot/db/myproject.pp.0.cpp:61852:17: warning: Added loop label VITIS_LOOP_1137_5:   [xilinx-label-all-loops]
                for (int j = 10; j >= I_+4; j--) {
                ^~~
                VITIS_LOOP_1137_5: 
/data/hlssynt-users/rflynn/transformer-synthesis/hls4ml_projects/keras_layernorm_uniform_10_8/myproject_prj/solution1/.autopilot/db/myproject.pp.0.cpp:61852:17: note: FIX-IT applied suggested code changes
/data/hlssynt-users/rflynn/transformer-synthesis/hls4ml_projects/keras_layernorm_uniform_10_8/myproject_prj/solution1/.autopilot/db/myproject.pp.0.cpp:61856:17: warning: Added loop label VITIS_LOOP_1141_6:   [xilinx-label-all-loops]
                for (int j = I_+3; j >= 0; j--) {
                ^~~
                VITIS_LOOP_1141_6: 
/data/hlssynt-users/rflynn/transformer-synthesis/hls4ml_projects/keras_layernorm_uniform_10_8/myproject_prj/solution1/.autopilot/db/myproject.pp.0.cpp:61856:17: note: FIX-IT applied suggested code changes
/data/hlssynt-users/rflynn/transformer-synthesis/hls4ml_projects/keras_layernorm_uniform_10_8/myproject_prj/solution1/.autopilot/db/myproject.pp.0.cpp:61875:9: warning: Added loop label VITIS_LOOP_1160_7:   [xilinx-label-all-loops]
        for (int j = wf+3; j < w-1; j++) {
        ^~~
        VITIS_LOOP_1160_7: 
/data/hlssynt-users/rflynn/transformer-synthesis/hls4ml_projects/keras_layernorm_uniform_10_8/myproject_prj/solution1/.autopilot/db/myproject.pp.0.cpp:61875:9: note: FIX-IT applied suggested code changes
/data/hlssynt-users/rflynn/transformer-synthesis/hls4ml_projects/keras_layernorm_uniform_10_8/myproject_prj/solution1/.autopilot/db/myproject.pp.0.cpp:61882:17: warning: Added loop label VITIS_LOOP_1167_8:   [xilinx-label-all-loops]
                for (int j = 0; j < 22; j++) {
                ^~~
                VITIS_LOOP_1167_8: 
/data/hlssynt-users/rflynn/transformer-synthesis/hls4ml_projects/keras_layernorm_uniform_10_8/myproject_prj/solution1/.autopilot/db/myproject.pp.0.cpp:61882:17: note: FIX-IT applied suggested code changes
/data/hlssynt-users/rflynn/transformer-synthesis/hls4ml_projects/keras_layernorm_uniform_10_8/myproject_prj/solution1/.autopilot/db/myproject.pp.0.cpp:61998:13: warning: Added loop label VITIS_LOOP_1283_9:   [xilinx-label-all-loops]
            for (int j = 22; j >= I_+10; j--) {
            ^~~
            VITIS_LOOP_1283_9: 
/data/hlssynt-users/rflynn/transformer-synthesis/hls4ml_projects/keras_layernorm_uniform_10_8/myproject_prj/solution1/.autopilot/db/myproject.pp.0.cpp:61998:13: note: FIX-IT applied suggested code changes
/data/hlssynt-users/rflynn/transformer-synthesis/hls4ml_projects/keras_layernorm_uniform_10_8/myproject_prj/solution1/.autopilot/db/myproject.pp.0.cpp:62004:17: warning: Added loop label VITIS_LOOP_1289_10:   [xilinx-label-all-loops]
                for (int j = 22; j >= I_+10; j--){
                ^~~
                VITIS_LOOP_1289_10: 
/data/hlssynt-users/rflynn/transformer-synthesis/hls4ml_projects/keras_layernorm_uniform_10_8/myproject_prj/solution1/.autopilot/db/myproject.pp.0.cpp:62004:17: note: FIX-IT applied suggested code changes
/data/hlssynt-users/rflynn/transformer-synthesis/hls4ml_projects/keras_layernorm_uniform_10_8/myproject_prj/solution1/.autopilot/db/myproject.pp.0.cpp:62008:17: warning: Added loop label VITIS_LOOP_1293_11:   [xilinx-label-all-loops]
                for (int j = I_+9; j >= 0; j--) {
                ^~~
                VITIS_LOOP_1293_11: 
/data/hlssynt-users/rflynn/transformer-synthesis/hls4ml_projects/keras_layernorm_uniform_10_8/myproject_prj/solution1/.autopilot/db/myproject.pp.0.cpp:62008:17: note: FIX-IT applied suggested code changes
/data/hlssynt-users/rflynn/transformer-synthesis/hls4ml_projects/keras_layernorm_uniform_10_8/myproject_prj/solution1/.autopilot/db/myproject.pp.0.cpp:62028:9: warning: Added loop label VITIS_LOOP_1313_12:   [xilinx-label-all-loops]
        for (int j = wf+4; j < w-1; j++){
        ^~~
        VITIS_LOOP_1313_12: 
/data/hlssynt-users/rflynn/transformer-synthesis/hls4ml_projects/keras_layernorm_uniform_10_8/myproject_prj/solution1/.autopilot/db/myproject.pp.0.cpp:62028:9: note: FIX-IT applied suggested code changes
/data/hlssynt-users/rflynn/transformer-synthesis/hls4ml_projects/keras_layernorm_uniform_10_8/myproject_prj/solution1/.autopilot/db/myproject.pp.0.cpp:62035:17: warning: Added loop label VITIS_LOOP_1320_13:   [xilinx-label-all-loops]
                for (int j = 0; j < 46; j++) {
                ^~~
                VITIS_LOOP_1320_13: 
/data/hlssynt-users/rflynn/transformer-synthesis/hls4ml_projects/keras_layernorm_uniform_10_8/myproject_prj/solution1/.autopilot/db/myproject.pp.0.cpp:62035:17: note: FIX-IT applied suggested code changes
/data/hlssynt-users/rflynn/transformer-synthesis/hls4ml_projects/keras_layernorm_uniform_10_8/myproject_prj/solution1/.autopilot/db/myproject.pp.0.cpp:62297:13: warning: Added loop label VITIS_LOOP_1582_14:   [xilinx-label-all-loops]
            for (int j = 46; j >= I_+22; j--) {
            ^~~
            VITIS_LOOP_1582_14: 
/data/hlssynt-users/rflynn/transformer-synthesis/hls4ml_projects/keras_layernorm_uniform_10_8/myproject_prj/solution1/.autopilot/db/myproject.pp.0.cpp:62297:13: note: FIX-IT applied suggested code changes
/data/hlssynt-users/rflynn/transformer-synthesis/hls4ml_projects/keras_layernorm_uniform_10_8/myproject_prj/solution1/.autopilot/db/myproject.pp.0.cpp:62303:17: warning: Added loop label VITIS_LOOP_1588_15:   [xilinx-label-all-loops]
                for (int j = 46; j >= I_+22; j--) {
                ^~~
                VITIS_LOOP_1588_15: 
/data/hlssynt-users/rflynn/transformer-synthesis/hls4ml_projects/keras_layernorm_uniform_10_8/myproject_prj/solution1/.autopilot/db/myproject.pp.0.cpp:62303:17: note: FIX-IT applied suggested code changes
/data/hlssynt-users/rflynn/transformer-synthesis/hls4ml_projects/keras_layernorm_uniform_10_8/myproject_prj/solution1/.autopilot/db/myproject.pp.0.cpp:62307:17: warning: Added loop label VITIS_LOOP_1592_16:   [xilinx-label-all-loops]
                for (int j = I_+21; j >= 0; j--) {
                ^~~
                VITIS_LOOP_1592_16: 
/data/hlssynt-users/rflynn/transformer-synthesis/hls4ml_projects/keras_layernorm_uniform_10_8/myproject_prj/solution1/.autopilot/db/myproject.pp.0.cpp:62307:17: note: FIX-IT applied suggested code changes
/data/hlssynt-users/rflynn/transformer-synthesis/hls4ml_projects/keras_layernorm_uniform_10_8/myproject_prj/solution1/.autopilot/db/myproject.pp.0.cpp:62331:9: warning: Added loop label VITIS_LOOP_1616_17:   [xilinx-label-all-loops]
        for (int j = wf+5; j < w-1; j++){
        ^~~
        VITIS_LOOP_1616_17: 
/data/hlssynt-users/rflynn/transformer-synthesis/hls4ml_projects/keras_layernorm_uniform_10_8/myproject_prj/solution1/.autopilot/db/myproject.pp.0.cpp:62331:9: note: FIX-IT applied suggested code changes
/data/hlssynt-users/rflynn/transformer-synthesis/hls4ml_projects/keras_layernorm_uniform_10_8/myproject_prj/solution1/.autopilot/db/myproject.pp.0.cpp:62338:17: warning: Added loop label VITIS_LOOP_1623_18:   [xilinx-label-all-loops]
                for (int j = 0; j < 64; j++) {
                ^~~
                VITIS_LOOP_1623_18: 
/data/hlssynt-users/rflynn/transformer-synthesis/hls4ml_projects/keras_layernorm_uniform_10_8/myproject_prj/solution1/.autopilot/db/myproject.pp.0.cpp:62338:17: note: FIX-IT applied suggested code changes
/data/hlssynt-users/rflynn/transformer-synthesis/hls4ml_projects/keras_layernorm_uniform_10_8/myproject_prj/solution1/.autopilot/db/myproject.pp.0.cpp:62768:13: warning: Added loop label VITIS_LOOP_2053_19:   [xilinx-label-all-loops]
            for (int j = 64; j >= I_+31; j--) {
            ^~~
            VITIS_LOOP_2053_19: 
/data/hlssynt-users/rflynn/transformer-synthesis/hls4ml_projects/keras_layernorm_uniform_10_8/myproject_prj/solution1/.autopilot/db/myproject.pp.0.cpp:62768:13: note: FIX-IT applied suggested code changes
/data/hlssynt-users/rflynn/transformer-synthesis/hls4ml_projects/keras_layernorm_uniform_10_8/myproject_prj/solution1/.autopilot/db/myproject.pp.0.cpp:62774:17: warning: Added loop label VITIS_LOOP_2059_20:   [xilinx-label-all-loops]
                for (int j = 64; j >= I_+31; j--) {
                ^~~
                VITIS_LOOP_2059_20: 
/data/hlssynt-users/rflynn/transformer-synthesis/hls4ml_projects/keras_layernorm_uniform_10_8/myproject_prj/solution1/.autopilot/db/myproject.pp.0.cpp:62774:17: note: FIX-IT applied suggested code changes
/data/hlssynt-users/rflynn/transformer-synthesis/hls4ml_projects/keras_layernorm_uniform_10_8/myproject_prj/solution1/.autopilot/db/myproject.pp.0.cpp:62778:17: warning: Added loop label VITIS_LOOP_2063_21:   [xilinx-label-all-loops]
                for (int j = I_+30; j >= 0; j--) {
                ^~~
                VITIS_LOOP_2063_21: 
/data/hlssynt-users/rflynn/transformer-synthesis/hls4ml_projects/keras_layernorm_uniform_10_8/myproject_prj/solution1/.autopilot/db/myproject.pp.0.cpp:62778:17: note: FIX-IT applied suggested code changes
/data/hlssynt-users/rflynn/transformer-synthesis/hls4ml_projects/keras_layernorm_uniform_10_8/myproject_prj/solution1/.autopilot/db/myproject.pp.0.cpp:62908:13: warning: Added loop label VITIS_LOOP_2193_1:   [xilinx-label-all-loops]
            for(int j=3; j>=I+1; j--) {
            ^~~
            VITIS_LOOP_2193_1: 
/data/hlssynt-users/rflynn/transformer-synthesis/hls4ml_projects/keras_layernorm_uniform_10_8/myproject_prj/solution1/.autopilot/db/myproject.pp.0.cpp:62908:13: note: FIX-IT applied suggested code changes
/data/hlssynt-users/rflynn/transformer-synthesis/hls4ml_projects/keras_layernorm_uniform_10_8/myproject_prj/solution1/.autopilot/db/myproject.pp.0.cpp:62915:17: warning: Added loop label VITIS_LOOP_2200_2:   [xilinx-label-all-loops]
                for(int j=3; j>=I+1; j--) {
                ^~~
                VITIS_LOOP_2200_2: 
/data/hlssynt-users/rflynn/transformer-synthesis/hls4ml_projects/keras_layernorm_uniform_10_8/myproject_prj/solution1/.autopilot/db/myproject.pp.0.cpp:62915:17: note: FIX-IT applied suggested code changes
/data/hlssynt-users/rflynn/transformer-synthesis/hls4ml_projects/keras_layernorm_uniform_10_8/myproject_prj/solution1/.autopilot/db/myproject.pp.0.cpp:62919:17: warning: Added loop label VITIS_LOOP_2204_3:   [xilinx-label-all-loops]
                for(int j=I; j>=0; j--) {
                ^~~
                VITIS_LOOP_2204_3: 
/data/hlssynt-users/rflynn/transformer-synthesis/hls4ml_projects/keras_layernorm_uniform_10_8/myproject_prj/solution1/.autopilot/db/myproject.pp.0.cpp:62919:17: note: FIX-IT applied suggested code changes
/data/hlssynt-users/rflynn/transformer-synthesis/hls4ml_projects/keras_layernorm_uniform_10_8/myproject_prj/solution1/.autopilot/db/myproject.pp.0.cpp:62966:13: warning: Added loop label VITIS_LOOP_2251_4:   [xilinx-label-all-loops]
            for(int j=7; j>=3+I; j--) {
            ^~~
            VITIS_LOOP_2251_4: 
/data/hlssynt-users/rflynn/transformer-synthesis/hls4ml_projects/keras_layernorm_uniform_10_8/myproject_prj/solution1/.autopilot/db/myproject.pp.0.cpp:62966:13: note: FIX-IT applied suggested code changes
/data/hlssynt-users/rflynn/transformer-synthesis/hls4ml_projects/keras_layernorm_uniform_10_8/myproject_prj/solution1/.autopilot/db/myproject.pp.0.cpp:62973:17: warning: Added loop label VITIS_LOOP_2258_5:   [xilinx-label-all-loops]
                for(int j=7; j>=3+I; j--) {
                ^~~
                VITIS_LOOP_2258_5: 
/data/hlssynt-users/rflynn/transformer-synthesis/hls4ml_projects/keras_layernorm_uniform_10_8/myproject_prj/solution1/.autopilot/db/myproject.pp.0.cpp:62973:17: note: FIX-IT applied suggested code changes
/data/hlssynt-users/rflynn/transformer-synthesis/hls4ml_projects/keras_layernorm_uniform_10_8/myproject_prj/solution1/.autopilot/db/myproject.pp.0.cpp:62977:17: warning: Added loop label VITIS_LOOP_2262_6:   [xilinx-label-all-loops]
                for(int j=I+2; j>=0; j--) {
                ^~~
                VITIS_LOOP_2262_6: 
/data/hlssynt-users/rflynn/transformer-synthesis/hls4ml_projects/keras_layernorm_uniform_10_8/myproject_prj/solution1/.autopilot/db/myproject.pp.0.cpp:62977:17: note: FIX-IT applied suggested code changes
/data/hlssynt-users/rflynn/transformer-synthesis/hls4ml_projects/keras_layernorm_uniform_10_8/myproject_prj/solution1/.autopilot/db/myproject.pp.0.cpp:62995:9: warning: Added loop label VITIS_LOOP_2280_7:   [xilinx-label-all-loops]
        for(int j=11; j<16; j++) {
        ^~~
        VITIS_LOOP_2280_7: 
/data/hlssynt-users/rflynn/transformer-synthesis/hls4ml_projects/keras_layernorm_uniform_10_8/myproject_prj/solution1/.autopilot/db/myproject.pp.0.cpp:62995:9: note: FIX-IT applied suggested code changes
/data/hlssynt-users/rflynn/transformer-synthesis/hls4ml_projects/keras_layernorm_uniform_10_8/myproject_prj/solution1/.autopilot/db/myproject.pp.0.cpp:63050:13: warning: Added loop label VITIS_LOOP_2335_8:   [xilinx-label-all-loops]
            for(int j=15; j>=7+I; j--) {
            ^~~
            VITIS_LOOP_2335_8: 
/data/hlssynt-users/rflynn/transformer-synthesis/hls4ml_projects/keras_layernorm_uniform_10_8/myproject_prj/solution1/.autopilot/db/myproject.pp.0.cpp:63050:13: note: FIX-IT applied suggested code changes
/data/hlssynt-users/rflynn/transformer-synthesis/hls4ml_projects/keras_layernorm_uniform_10_8/myproject_prj/solution1/.autopilot/db/myproject.pp.0.cpp:63057:17: warning: Added loop label VITIS_LOOP_2342_9:   [xilinx-label-all-loops]
                for(int j=15; j>=7+I; j--) {
                ^~~
                VITIS_LOOP_2342_9: 
/data/hlssynt-users/rflynn/transformer-synthesis/hls4ml_projects/keras_layernorm_uniform_10_8/myproject_prj/solution1/.autopilot/db/myproject.pp.0.cpp:63057:17: note: FIX-IT applied suggested code changes
/data/hlssynt-users/rflynn/transformer-synthesis/hls4ml_projects/keras_layernorm_uniform_10_8/myproject_prj/solution1/.autopilot/db/myproject.pp.0.cpp:63061:17: warning: Added loop label VITIS_LOOP_2346_10:   [xilinx-label-all-loops]
                for(int j=6+I; j>=0; j--) {
                ^~~
                VITIS_LOOP_2346_10: 
/data/hlssynt-users/rflynn/transformer-synthesis/hls4ml_projects/keras_layernorm_uniform_10_8/myproject_prj/solution1/.autopilot/db/myproject.pp.0.cpp:63061:17: note: FIX-IT applied suggested code changes
/data/hlssynt-users/rflynn/transformer-synthesis/hls4ml_projects/keras_layernorm_uniform_10_8/myproject_prj/solution1/.autopilot/db/myproject.pp.0.cpp:63079:9: warning: Added loop label VITIS_LOOP_2364_11:   [xilinx-label-all-loops]
        for(int j=20; j<32; j++) {
        ^~~
        VITIS_LOOP_2364_11: 
/data/hlssynt-users/rflynn/transformer-synthesis/hls4ml_projects/keras_layernorm_uniform_10_8/myproject_prj/solution1/.autopilot/db/myproject.pp.0.cpp:63079:9: note: FIX-IT applied suggested code changes
/data/hlssynt-users/rflynn/transformer-synthesis/hls4ml_projects/keras_layernorm_uniform_10_8/myproject_prj/solution1/.autopilot/db/myproject.pp.0.cpp:63168:13: warning: Added loop label VITIS_LOOP_2453_12:   [xilinx-label-all-loops]
            for(int j=31; j>=I+15; j--) {
            ^~~
            VITIS_LOOP_2453_12: 
/data/hlssynt-users/rflynn/transformer-synthesis/hls4ml_projects/keras_layernorm_uniform_10_8/myproject_prj/solution1/.autopilot/db/myproject.pp.0.cpp:63168:13: note: FIX-IT applied suggested code changes
/data/hlssynt-users/rflynn/transformer-synthesis/hls4ml_projects/keras_layernorm_uniform_10_8/myproject_prj/solution1/.autopilot/db/myproject.pp.0.cpp:63175:17: warning: Added loop label VITIS_LOOP_2460_13:   [xilinx-label-all-loops]
                for(int j=31; j>=I+15; j--) {
                ^~~
                VITIS_LOOP_2460_13: 
/data/hlssynt-users/rflynn/transformer-synthesis/hls4ml_projects/keras_layernorm_uniform_10_8/myproject_prj/solution1/.autopilot/db/myproject.pp.0.cpp:63175:17: note: FIX-IT applied suggested code changes
/data/hlssynt-users/rflynn/transformer-synthesis/hls4ml_projects/keras_layernorm_uniform_10_8/myproject_prj/solution1/.autopilot/db/myproject.pp.0.cpp:63179:17: warning: Added loop label VITIS_LOOP_2464_14:   [xilinx-label-all-loops]
                for(int j=I+14; j>=0; j--) {
                ^~~
                VITIS_LOOP_2464_14: 
/data/hlssynt-users/rflynn/transformer-synthesis/hls4ml_projects/keras_layernorm_uniform_10_8/myproject_prj/solution1/.autopilot/db/myproject.pp.0.cpp:63179:17: note: FIX-IT applied suggested code changes
/data/hlssynt-users/rflynn/transformer-synthesis/hls4ml_projects/keras_layernorm_uniform_10_8/myproject_prj/solution1/.autopilot/db/myproject.pp.0.cpp:63189:9: warning: Added loop label VITIS_LOOP_2474_15:   [xilinx-label-all-loops]
        for(int j=32-F; j<32+I; j++) {
        ^~~
        VITIS_LOOP_2474_15: 
/data/hlssynt-users/rflynn/transformer-synthesis/hls4ml_projects/keras_layernorm_uniform_10_8/myproject_prj/solution1/.autopilot/db/myproject.pp.0.cpp:63189:9: note: FIX-IT applied suggested code changes
/data/hlssynt-users/rflynn/transformer-synthesis/hls4ml_projects/keras_layernorm_uniform_10_8/myproject_prj/solution1/.autopilot/db/myproject.pp.0.cpp:63193:9: warning: Added loop label VITIS_LOOP_2478_16:   [xilinx-label-all-loops]
        for(int j=32+I; j<=64; j++) {
        ^~~
        VITIS_LOOP_2478_16: 
/data/hlssynt-users/rflynn/transformer-synthesis/hls4ml_projects/keras_layernorm_uniform_10_8/myproject_prj/solution1/.autopilot/db/myproject.pp.0.cpp:63193:9: note: FIX-IT applied suggested code changes
/data/hlssynt-users/rflynn/transformer-synthesis/hls4ml_projects/keras_layernorm_uniform_10_8/myproject_prj/solution1/.autopilot/db/myproject.pp.0.cpp:63204:9: warning: Added loop label VITIS_LOOP_2489_17:   [xilinx-label-all-loops]
        for(int j=37; j<64; j++) {
        ^~~
        VITIS_LOOP_2489_17: 
/data/hlssynt-users/rflynn/transformer-synthesis/hls4ml_projects/keras_layernorm_uniform_10_8/myproject_prj/solution1/.autopilot/db/myproject.pp.0.cpp:63204:9: note: FIX-IT applied suggested code changes
/data/hlssynt-users/rflynn/transformer-synthesis/hls4ml_projects/keras_layernorm_uniform_10_8/myproject_prj/solution1/.autopilot/db/myproject.pp.0.cpp:63212:17: warning: Added loop label VITIS_LOOP_2497_18:   [xilinx-label-all-loops]
                for(int j=0; j<64; j++) {
                ^~~
                VITIS_LOOP_2497_18: 
/data/hlssynt-users/rflynn/transformer-synthesis/hls4ml_projects/keras_layernorm_uniform_10_8/myproject_prj/solution1/.autopilot/db/myproject.pp.0.cpp:63212:17: note: FIX-IT applied suggested code changes
/data/hlssynt-users/rflynn/transformer-synthesis/hls4ml_projects/keras_layernorm_uniform_10_8/myproject_prj/solution1/.autopilot/db/myproject.pp.0.cpp:63537:13: warning: Added loop label VITIS_LOOP_2822_19:   [xilinx-label-all-loops]
            for(int j=63; j>=I+31; j--) {
            ^~~
            VITIS_LOOP_2822_19: 
/data/hlssynt-users/rflynn/transformer-synthesis/hls4ml_projects/keras_layernorm_uniform_10_8/myproject_prj/solution1/.autopilot/db/myproject.pp.0.cpp:63537:13: note: FIX-IT applied suggested code changes
/data/hlssynt-users/rflynn/transformer-synthesis/hls4ml_projects/keras_layernorm_uniform_10_8/myproject_prj/solution1/.autopilot/db/myproject.pp.0.cpp:63544:17: warning: Added loop label VITIS_LOOP_2829_20:   [xilinx-label-all-loops]
                for(int j=63; j>=I+31; j--) {
                ^~~
                VITIS_LOOP_2829_20: 
/data/hlssynt-users/rflynn/transformer-synthesis/hls4ml_projects/keras_layernorm_uniform_10_8/myproject_prj/solution1/.autopilot/db/myproject.pp.0.cpp:63544:17: note: FIX-IT applied suggested code changes
/data/hlssynt-users/rflynn/transformer-synthesis/hls4ml_projects/keras_layernorm_uniform_10_8/myproject_prj/solution1/.autopilot/db/myproject.pp.0.cpp:63548:17: warning: Added loop label VITIS_LOOP_2833_21:   [xilinx-label-all-loops]
                for(int j=I+30; j>=0; j--) {
                ^~~
                VITIS_LOOP_2833_21: 
/data/hlssynt-users/rflynn/transformer-synthesis/hls4ml_projects/keras_layernorm_uniform_10_8/myproject_prj/solution1/.autopilot/db/myproject.pp.0.cpp:63548:17: note: FIX-IT applied suggested code changes
/data/hlssynt-users/rflynn/transformer-synthesis/hls4ml_projects/keras_layernorm_uniform_10_8/myproject_prj/solution1/.autopilot/db/myproject.pp.0.cpp:63636:4: warning: Added loop label VITIS_LOOP_2921_1:   [xilinx-label-all-loops]
   for(int j = 5; j>=I_+2; j--) {
   ^~~
   VITIS_LOOP_2921_1: 
/data/hlssynt-users/rflynn/transformer-synthesis/hls4ml_projects/keras_layernorm_uniform_10_8/myproject_prj/solution1/.autopilot/db/myproject.pp.0.cpp:63636:4: note: FIX-IT applied suggested code changes
/data/hlssynt-users/rflynn/transformer-synthesis/hls4ml_projects/keras_layernorm_uniform_10_8/myproject_prj/solution1/.autopilot/db/myproject.pp.0.cpp:63643:5: warning: Added loop label VITIS_LOOP_2928_2:   [xilinx-label-all-loops]
    for(int j = 5; j>=I_+2; j--) {
    ^~~
    VITIS_LOOP_2928_2: 
/data/hlssynt-users/rflynn/transformer-synthesis/hls4ml_projects/keras_layernorm_uniform_10_8/myproject_prj/solution1/.autopilot/db/myproject.pp.0.cpp:63643:5: note: FIX-IT applied suggested code changes
/data/hlssynt-users/rflynn/transformer-synthesis/hls4ml_projects/keras_layernorm_uniform_10_8/myproject_prj/solution1/.autopilot/db/myproject.pp.0.cpp:63647:5: warning: Added loop label VITIS_LOOP_2932_3:   [xilinx-label-all-loops]
    for(int j = I_+1; j>=0; j--) {
    ^~~
    VITIS_LOOP_2932_3: 
/data/hlssynt-users/rflynn/transformer-synthesis/hls4ml_projects/keras_layernorm_uniform_10_8/myproject_prj/solution1/.autopilot/db/myproject.pp.0.cpp:63647:5: note: FIX-IT applied suggested code changes
/data/hlssynt-users/rflynn/transformer-synthesis/hls4ml_projects/keras_layernorm_uniform_10_8/myproject_prj/solution1/.autopilot/db/myproject.pp.0.cpp:63662:3: warning: Added loop label VITIS_LOOP_2947_4:   [xilinx-label-all-loops]
  for(int j = 11; j >=7; j--) {
  ^~~
  VITIS_LOOP_2947_4: 
/data/hlssynt-users/rflynn/transformer-synthesis/hls4ml_projects/keras_layernorm_uniform_10_8/myproject_prj/solution1/.autopilot/db/myproject.pp.0.cpp:63662:3: note: FIX-IT applied suggested code changes
/data/hlssynt-users/rflynn/transformer-synthesis/hls4ml_projects/keras_layernorm_uniform_10_8/myproject_prj/solution1/.autopilot/db/myproject.pp.0.cpp:63694:4: warning: Added loop label VITIS_LOOP_2979_5:   [xilinx-label-all-loops]
   for(int j = 11; j >= I_+5; j--) {
   ^~~
   VITIS_LOOP_2979_5: 
/data/hlssynt-users/rflynn/transformer-synthesis/hls4ml_projects/keras_layernorm_uniform_10_8/myproject_prj/solution1/.autopilot/db/myproject.pp.0.cpp:63694:4: note: FIX-IT applied suggested code changes
/data/hlssynt-users/rflynn/transformer-synthesis/hls4ml_projects/keras_layernorm_uniform_10_8/myproject_prj/solution1/.autopilot/db/myproject.pp.0.cpp:63701:5: warning: Added loop label VITIS_LOOP_2986_6:   [xilinx-label-all-loops]
    for(int j = 11; j>= I_+5; j--) {
    ^~~
    VITIS_LOOP_2986_6: 
/data/hlssynt-users/rflynn/transformer-synthesis/hls4ml_projects/keras_layernorm_uniform_10_8/myproject_prj/solution1/.autopilot/db/myproject.pp.0.cpp:63701:5: note: FIX-IT applied suggested code changes
/data/hlssynt-users/rflynn/transformer-synthesis/hls4ml_projects/keras_layernorm_uniform_10_8/myproject_prj/solution1/.autopilot/db/myproject.pp.0.cpp:63705:5: warning: Added loop label VITIS_LOOP_2990_7:   [xilinx-label-all-loops]
    for(int j = I_+4; j>=0; j--) {
    ^~~
    VITIS_LOOP_2990_7: 
/data/hlssynt-users/rflynn/transformer-synthesis/hls4ml_projects/keras_layernorm_uniform_10_8/myproject_prj/solution1/.autopilot/db/myproject.pp.0.cpp:63705:5: note: FIX-IT applied suggested code changes
/data/hlssynt-users/rflynn/transformer-synthesis/hls4ml_projects/keras_layernorm_uniform_10_8/myproject_prj/solution1/.autopilot/db/myproject.pp.0.cpp:63720:3: warning: Added loop label VITIS_LOOP_3005_8:   [xilinx-label-all-loops]
  for(int j = 25; j>=15; j--) {
  ^~~
  VITIS_LOOP_3005_8: 
/data/hlssynt-users/rflynn/transformer-synthesis/hls4ml_projects/keras_layernorm_uniform_10_8/myproject_prj/solution1/.autopilot/db/myproject.pp.0.cpp:63720:3: note: FIX-IT applied suggested code changes
/data/hlssynt-users/rflynn/transformer-synthesis/hls4ml_projects/keras_layernorm_uniform_10_8/myproject_prj/solution1/.autopilot/db/myproject.pp.0.cpp:63770:4: warning: Added loop label VITIS_LOOP_3055_9:   [xilinx-label-all-loops]
   for(int j = 25; j>= I_+12; j--) {
   ^~~
   VITIS_LOOP_3055_9: 
/data/hlssynt-users/rflynn/transformer-synthesis/hls4ml_projects/keras_layernorm_uniform_10_8/myproject_prj/solution1/.autopilot/db/myproject.pp.0.cpp:63770:4: note: FIX-IT applied suggested code changes
/data/hlssynt-users/rflynn/transformer-synthesis/hls4ml_projects/keras_layernorm_uniform_10_8/myproject_prj/solution1/.autopilot/db/myproject.pp.0.cpp:63777:5: warning: Added loop label VITIS_LOOP_3062_10:   [xilinx-label-all-loops]
    for(int j = 25; j>=I_+12; j--) {
    ^~~
    VITIS_LOOP_3062_10: 
/data/hlssynt-users/rflynn/transformer-synthesis/hls4ml_projects/keras_layernorm_uniform_10_8/myproject_prj/solution1/.autopilot/db/myproject.pp.0.cpp:63777:5: note: FIX-IT applied suggested code changes
/data/hlssynt-users/rflynn/transformer-synthesis/hls4ml_projects/keras_layernorm_uniform_10_8/myproject_prj/solution1/.autopilot/db/myproject.pp.0.cpp:63781:5: warning: Added loop label VITIS_LOOP_3066_11:   [xilinx-label-all-loops]
    for(int j = I_+11; j>=0; j--) {
    ^~~
    VITIS_LOOP_3066_11: 
/data/hlssynt-users/rflynn/transformer-synthesis/hls4ml_projects/keras_layernorm_uniform_10_8/myproject_prj/solution1/.autopilot/db/myproject.pp.0.cpp:63781:5: note: FIX-IT applied suggested code changes
/data/hlssynt-users/rflynn/transformer-synthesis/hls4ml_projects/keras_layernorm_uniform_10_8/myproject_prj/solution1/.autopilot/db/myproject.pp.0.cpp:63796:3: warning: Added loop label VITIS_LOOP_3081_12:   [xilinx-label-all-loops]
  for(int j = 51; j >= 29; j--) {
  ^~~
  VITIS_LOOP_3081_12: 
/data/hlssynt-users/rflynn/transformer-synthesis/hls4ml_projects/keras_layernorm_uniform_10_8/myproject_prj/solution1/.autopilot/db/myproject.pp.0.cpp:63796:3: note: FIX-IT applied suggested code changes
/data/hlssynt-users/rflynn/transformer-synthesis/hls4ml_projects/keras_layernorm_uniform_10_8/myproject_prj/solution1/.autopilot/db/myproject.pp.0.cpp:63933:4: warning: Added loop label VITIS_LOOP_3218_13:   [xilinx-label-all-loops]
   for(int j = 51; j >= 25 + I_; j--) {
   ^~~
   VITIS_LOOP_3218_13: 
/data/hlssynt-users/rflynn/transformer-synthesis/hls4ml_projects/keras_layernorm_uniform_10_8/myproject_prj/solution1/.autopilot/db/myproject.pp.0.cpp:63933:4: note: FIX-IT applied suggested code changes
/data/hlssynt-users/rflynn/transformer-synthesis/hls4ml_projects/keras_layernorm_uniform_10_8/myproject_prj/solution1/.autopilot/db/myproject.pp.0.cpp:63940:5: warning: Added loop label VITIS_LOOP_3225_14:   [xilinx-label-all-loops]
    for(int j = 51; j>=25 + I_; j--) {
    ^~~
    VITIS_LOOP_3225_14: 
/data/hlssynt-users/rflynn/transformer-synthesis/hls4ml_projects/keras_layernorm_uniform_10_8/myproject_prj/solution1/.autopilot/db/myproject.pp.0.cpp:63940:5: note: FIX-IT applied suggested code changes
/data/hlssynt-users/rflynn/transformer-synthesis/hls4ml_projects/keras_layernorm_uniform_10_8/myproject_prj/solution1/.autopilot/db/myproject.pp.0.cpp:63944:5: warning: Added loop label VITIS_LOOP_3229_15:   [xilinx-label-all-loops]
    for(int j = 24 + I_; j >= 0; j--) {
    ^~~
    VITIS_LOOP_3229_15: 
/data/hlssynt-users/rflynn/transformer-synthesis/hls4ml_projects/keras_layernorm_uniform_10_8/myproject_prj/solution1/.autopilot/db/myproject.pp.0.cpp:63944:5: note: FIX-IT applied suggested code changes
/data/hlssynt-users/rflynn/transformer-synthesis/hls4ml_projects/keras_layernorm_uniform_10_8/myproject_prj/solution1/.autopilot/db/myproject.pp.0.cpp:63959:3: warning: Added loop label VITIS_LOOP_3244_16:   [xilinx-label-all-loops]
  for(int j = 63; j >= 36; j--) {
  ^~~
  VITIS_LOOP_3244_16: 
/data/hlssynt-users/rflynn/transformer-synthesis/hls4ml_projects/keras_layernorm_uniform_10_8/myproject_prj/solution1/.autopilot/db/myproject.pp.0.cpp:63959:3: note: FIX-IT applied suggested code changes
/data/hlssynt-users/rflynn/transformer-synthesis/hls4ml_projects/keras_layernorm_uniform_10_8/myproject_prj/solution1/.autopilot/db/myproject.pp.0.cpp:64119:4: warning: Added loop label VITIS_LOOP_3404_17:   [xilinx-label-all-loops]
   for(int j = 63; j >= 31 + I_; j--) {
   ^~~
   VITIS_LOOP_3404_17: 
/data/hlssynt-users/rflynn/transformer-synthesis/hls4ml_projects/keras_layernorm_uniform_10_8/myproject_prj/solution1/.autopilot/db/myproject.pp.0.cpp:64119:4: note: FIX-IT applied suggested code changes
/data/hlssynt-users/rflynn/transformer-synthesis/hls4ml_projects/keras_layernorm_uniform_10_8/myproject_prj/solution1/.autopilot/db/myproject.pp.0.cpp:64126:5: warning: Added loop label VITIS_LOOP_3411_18:   [xilinx-label-all-loops]
    for(int j = 63; j >= 31 + I_; j--) {
    ^~~
    VITIS_LOOP_3411_18: 
/data/hlssynt-users/rflynn/transformer-synthesis/hls4ml_projects/keras_layernorm_uniform_10_8/myproject_prj/solution1/.autopilot/db/myproject.pp.0.cpp:64126:5: note: FIX-IT applied suggested code changes
/data/hlssynt-users/rflynn/transformer-synthesis/hls4ml_projects/keras_layernorm_uniform_10_8/myproject_prj/solution1/.autopilot/db/myproject.pp.0.cpp:64130:5: warning: Added loop label VITIS_LOOP_3415_19:   [xilinx-label-all-loops]
    for(int j = 30 + I_; j >= 0; j--) {
    ^~~
    VITIS_LOOP_3415_19: 
/data/hlssynt-users/rflynn/transformer-synthesis/hls4ml_projects/keras_layernorm_uniform_10_8/myproject_prj/solution1/.autopilot/db/myproject.pp.0.cpp:64130:5: note: FIX-IT applied suggested code changes
/data/hlssynt-users/rflynn/transformer-synthesis/hls4ml_projects/keras_layernorm_uniform_10_8/myproject_prj/solution1/.autopilot/db/myproject.pp.0.cpp:64845:13: warning: Added loop label VITIS_LOOP_703_1:   [xilinx-label-all-loops]
            for (b_exp = I_-1; b_exp >= -F_; b_exp--) {
            ^~~
            VITIS_LOOP_703_1: 
/data/hlssynt-users/rflynn/transformer-synthesis/hls4ml_projects/keras_layernorm_uniform_10_8/myproject_prj/solution1/.autopilot/db/myproject.pp.0.cpp:64845:13: note: FIX-IT applied suggested code changes
/data/hlssynt-users/rflynn/transformer-synthesis/hls4ml_projects/keras_layernorm_uniform_10_8/myproject_prj/solution1/.autopilot/db/myproject.pp.0.cpp:65063:13: warning: Added loop label VITIS_LOOP_921_1:   [xilinx-label-all-loops]
            for (b_exp = I_-1; b_exp >= -F_; b_exp--) {
            ^~~
            VITIS_LOOP_921_1: 
/data/hlssynt-users/rflynn/transformer-synthesis/hls4ml_projects/keras_layernorm_uniform_10_8/myproject_prj/solution1/.autopilot/db/myproject.pp.0.cpp:65063:13: note: FIX-IT applied suggested code changes
/data/hlssynt-users/rflynn/transformer-synthesis/hls4ml_projects/keras_layernorm_uniform_10_8/myproject_prj/solution1/.autopilot/db/myproject.pp.0.cpp:65480:13: warning: Added loop label VITIS_LOOP_1345_1:   [xilinx-label-all-loops]
            for (b_exp = I_-1; b_exp >= -F_; b_exp--) {
            ^~~
            VITIS_LOOP_1345_1: 
/data/hlssynt-users/rflynn/transformer-synthesis/hls4ml_projects/keras_layernorm_uniform_10_8/myproject_prj/solution1/.autopilot/db/myproject.pp.0.cpp:65480:13: note: FIX-IT applied suggested code changes
/data/hlssynt-users/rflynn/transformer-synthesis/hls4ml_projects/keras_layernorm_uniform_10_8/myproject_prj/solution1/.autopilot/db/myproject.pp.0.cpp:65800:9: warning: Added loop label VITIS_LOOP_240_1:   [xilinx-label-all-loops]
        for ( int pos = msbr-1; pos >= 0; pos-- ) {
        ^~~
        VITIS_LOOP_240_1: 
/data/hlssynt-users/rflynn/transformer-synthesis/hls4ml_projects/keras_layernorm_uniform_10_8/myproject_prj/solution1/.autopilot/db/myproject.pp.0.cpp:65800:9: note: FIX-IT applied suggested code changes
/data/hlssynt-users/rflynn/transformer-synthesis/hls4ml_projects/keras_layernorm_uniform_10_8/myproject_prj/solution1/.autopilot/db/myproject.pp.0.cpp:65828:9: warning: Added loop label VITIS_LOOP_268_2:   [xilinx-label-all-loops]
        for ( int pos = -1; pos >= -F_-1; pos-- ) {
        ^~~
        VITIS_LOOP_268_2: 
/data/hlssynt-users/rflynn/transformer-synthesis/hls4ml_projects/keras_layernorm_uniform_10_8/myproject_prj/solution1/.autopilot/db/myproject.pp.0.cpp:65828:9: note: FIX-IT applied suggested code changes
/data/hlssynt-users/rflynn/transformer-synthesis/hls4ml_projects/keras_layernorm_uniform_10_8/myproject_prj/solution1/.autopilot/db/myproject.pp.0.cpp:66530:13: warning: Added loop label VITIS_LOOP_48_1:   [xilinx-label-all-loops]
            for (int j = 0; j < W_-1; j++){
            ^~~
            VITIS_LOOP_48_1: 
/data/hlssynt-users/rflynn/transformer-synthesis/hls4ml_projects/keras_layernorm_uniform_10_8/myproject_prj/solution1/.autopilot/db/myproject.pp.0.cpp:66530:13: note: FIX-IT applied suggested code changes
/data/hlssynt-users/rflynn/transformer-synthesis/hls4ml_projects/keras_layernorm_uniform_10_8/myproject_prj/solution1/.autopilot/db/myproject.pp.0.cpp:66583:5: warning: Added loop label VITIS_LOOP_109_2:   [xilinx-label-all-loops]
    for (int j = F_l+F_+I_m-1; j < F_l+W_+5; j++){
    ^~~
    VITIS_LOOP_109_2: 
/data/hlssynt-users/rflynn/transformer-synthesis/hls4ml_projects/keras_layernorm_uniform_10_8/myproject_prj/solution1/.autopilot/db/myproject.pp.0.cpp:66583:5: note: FIX-IT applied suggested code changes
/data/hlssynt-users/rflynn/transformer-synthesis/hls4ml_projects/keras_layernorm_uniform_10_8/myproject_prj/solution1/.autopilot/db/myproject.pp.0.cpp:66597:13: warning: Added loop label VITIS_LOOP_123_3:   [xilinx-label-all-loops]
            for (int j = WO_m-1; j >= W_-1; j--) {
            ^~~
            VITIS_LOOP_123_3: 
/data/hlssynt-users/rflynn/transformer-synthesis/hls4ml_projects/keras_layernorm_uniform_10_8/myproject_prj/solution1/.autopilot/db/myproject.pp.0.cpp:66597:13: note: FIX-IT applied suggested code changes
/data/hlssynt-users/rflynn/transformer-synthesis/hls4ml_projects/keras_layernorm_uniform_10_8/myproject_prj/solution1/.autopilot/db/myproject.pp.0.cpp:66627:13: warning: Added loop label VITIS_LOOP_153_4:   [xilinx-label-all-loops]
            for (int j = W_-2; j >= 0; j--){
            ^~~
            VITIS_LOOP_153_4: 
/data/hlssynt-users/rflynn/transformer-synthesis/hls4ml_projects/keras_layernorm_uniform_10_8/myproject_prj/solution1/.autopilot/db/myproject.pp.0.cpp:66627:13: note: FIX-IT applied suggested code changes
/data/hlssynt-users/rflynn/transformer-synthesis/hls4ml_projects/keras_layernorm_uniform_10_8/myproject_prj/solution1/.autopilot/db/myproject.pp.0.cpp:66712:12: warning: Added loop label VITIS_LOOP_281_1:   [xilinx-label-all-loops]
           for(int i = wf_log+we_log-2; i > WI_e - 2; --i) {
           ^~~
           VITIS_LOOP_281_1: 
/data/hlssynt-users/rflynn/transformer-synthesis/hls4ml_projects/keras_layernorm_uniform_10_8/myproject_prj/solution1/.autopilot/db/myproject.pp.0.cpp:66712:12: note: FIX-IT applied suggested code changes
/data/hlssynt-users/rflynn/transformer-synthesis/hls4ml_projects/keras_layernorm_uniform_10_8/myproject_prj/solution1/.autopilot/db/myproject.pp.0.cpp:66732:16: warning: Added loop label VITIS_LOOP_301_2:   [xilinx-label-all-loops]
               for (int j = WO_e-1; j >= W_-1; j--) {
               ^~~
               VITIS_LOOP_301_2: 
/data/hlssynt-users/rflynn/transformer-synthesis/hls4ml_projects/keras_layernorm_uniform_10_8/myproject_prj/solution1/.autopilot/db/myproject.pp.0.cpp:66732:16: note: FIX-IT applied suggested code changes
/data/hlssynt-users/rflynn/transformer-synthesis/hls4ml_projects/keras_layernorm_uniform_10_8/myproject_prj/solution1/.autopilot/db/myproject.pp.0.cpp:66746:20: warning: Added loop label VITIS_LOOP_315_3:   [xilinx-label-all-loops]
                   for(int i = 0; i < W_-1; ++i) {
                   ^~~
                   VITIS_LOOP_315_3: 
/data/hlssynt-users/rflynn/transformer-synthesis/hls4ml_projects/keras_layernorm_uniform_10_8/myproject_prj/solution1/.autopilot/db/myproject.pp.0.cpp:66746:20: note: FIX-IT applied suggested code changes
/data/hlssynt-users/rflynn/transformer-synthesis/hls4ml_projects/keras_layernorm_uniform_10_8/myproject_prj/solution1/.autopilot/db/myproject.pp.0.cpp:66839:12: warning: Added loop label VITIS_LOOP_433_1:   [xilinx-label-all-loops]
           for (int j =WO_d-1; j >= W_-1; j--) {
           ^~~
           VITIS_LOOP_433_1: 
/data/hlssynt-users/rflynn/transformer-synthesis/hls4ml_projects/keras_layernorm_uniform_10_8/myproject_prj/solution1/.autopilot/db/myproject.pp.0.cpp:66839:12: note: FIX-IT applied suggested code changes
/data/hlssynt-users/rflynn/transformer-synthesis/hls4ml_projects/keras_layernorm_uniform_10_8/myproject_prj/solution1/.autopilot/db/myproject.pp.0.cpp:66853:15: warning: Added loop label VITIS_LOOP_447_2:   [xilinx-label-all-loops]
              for(int i = 0; i < W_-1; ++i) {
              ^~~
              VITIS_LOOP_447_2: 
/data/hlssynt-users/rflynn/transformer-synthesis/hls4ml_projects/keras_layernorm_uniform_10_8/myproject_prj/solution1/.autopilot/db/myproject.pp.0.cpp:66853:15: note: FIX-IT applied suggested code changes
/data/hlssynt-users/rflynn/transformer-synthesis/hls4ml_projects/keras_layernorm_uniform_10_8/myproject_prj/solution1/.autopilot/db/myproject.pp.0.cpp:66973:13: warning: Added loop label VITIS_LOOP_33_1:   [xilinx-label-all-loops]
            for (int i = 0; i < W_-1; i++){
            ^~~
            VITIS_LOOP_33_1: 
/data/hlssynt-users/rflynn/transformer-synthesis/hls4ml_projects/keras_layernorm_uniform_10_8/myproject_prj/solution1/.autopilot/db/myproject.pp.0.cpp:66973:13: note: FIX-IT applied suggested code changes
/data/hlssynt-users/rflynn/transformer-synthesis/hls4ml_projects/keras_layernorm_uniform_10_8/myproject_prj/solution1/.autopilot/db/myproject.pp.0.cpp:67097:13: warning: Added loop label VITIS_LOOP_183_1:   [xilinx-label-all-loops]
            for (int i = 0; i < W_-1; i++){
            ^~~
            VITIS_LOOP_183_1: 
/data/hlssynt-users/rflynn/transformer-synthesis/hls4ml_projects/keras_layernorm_uniform_10_8/myproject_prj/solution1/.autopilot/db/myproject.pp.0.cpp:67097:13: note: FIX-IT applied suggested code changes
/data/hlssynt-users/rflynn/transformer-synthesis/hls4ml_projects/keras_layernorm_uniform_10_8/myproject_prj/solution1/.autopilot/db/myproject.pp.0.cpp:67152:13: warning: Added loop label VITIS_LOOP_248_1:   [xilinx-label-all-loops]
            for (int i = 0; i < W_-1; i++){
            ^~~
            VITIS_LOOP_248_1: 
/data/hlssynt-users/rflynn/transformer-synthesis/hls4ml_projects/keras_layernorm_uniform_10_8/myproject_prj/solution1/.autopilot/db/myproject.pp.0.cpp:67152:13: note: FIX-IT applied suggested code changes
/data/hlssynt-users/rflynn/transformer-synthesis/hls4ml_projects/keras_layernorm_uniform_10_8/myproject_prj/solution1/.autopilot/db/myproject.pp.0.cpp:67671:2: warning: Added loop label VITIS_LOOP_16_1:   [xilinx-label-all-loops]
 for (int i=0; i<W_;i++)
 ^~~
 VITIS_LOOP_16_1: 
/data/hlssynt-users/rflynn/transformer-synthesis/hls4ml_projects/keras_layernorm_uniform_10_8/myproject_prj/solution1/.autopilot/db/myproject.pp.0.cpp:67671:2: note: FIX-IT applied suggested code changes
/data/hlssynt-users/rflynn/transformer-synthesis/hls4ml_projects/keras_layernorm_uniform_10_8/myproject_prj/solution1/.autopilot/db/myproject.pp.0.cpp:67682:2: warning: Added loop label VITIS_LOOP_27_1:   [xilinx-label-all-loops]
 for (int i=0; i<W_;i++)
 ^~~
 VITIS_LOOP_27_1: 
/data/hlssynt-users/rflynn/transformer-synthesis/hls4ml_projects/keras_layernorm_uniform_10_8/myproject_prj/solution1/.autopilot/db/myproject.pp.0.cpp:67682:2: note: FIX-IT applied suggested code changes
/data/hlssynt-users/rflynn/transformer-synthesis/hls4ml_projects/keras_layernorm_uniform_10_8/myproject_prj/solution1/.autopilot/db/myproject.pp.0.cpp:67693:2: warning: Added loop label VITIS_LOOP_38_1:   [xilinx-label-all-loops]
 for (int i=0; i<I_;i++)
 ^~~
 VITIS_LOOP_38_1: 
/data/hlssynt-users/rflynn/transformer-synthesis/hls4ml_projects/keras_layernorm_uniform_10_8/myproject_prj/solution1/.autopilot/db/myproject.pp.0.cpp:67693:2: note: FIX-IT applied suggested code changes
/data/hlssynt-users/rflynn/transformer-synthesis/hls4ml_projects/keras_layernorm_uniform_10_8/myproject_prj/solution1/.autopilot/db/myproject.pp.0.cpp:67704:2: warning: Added loop label VITIS_LOOP_49_1:   [xilinx-label-all-loops]
 for (int i=0; i<I_;i++)
 ^~~
 VITIS_LOOP_49_1: 
/data/hlssynt-users/rflynn/transformer-synthesis/hls4ml_projects/keras_layernorm_uniform_10_8/myproject_prj/solution1/.autopilot/db/myproject.pp.0.cpp:67704:2: note: FIX-IT applied suggested code changes
/data/hlssynt-users/rflynn/transformer-synthesis/hls4ml_projects/keras_layernorm_uniform_10_8/myproject_prj/solution1/.autopilot/db/myproject.pp.0.cpp:67715:2: warning: Added loop label VITIS_LOOP_60_1:   [xilinx-label-all-loops]
 for (int i=0; i<W_;i++)
 ^~~
 VITIS_LOOP_60_1: 
/data/hlssynt-users/rflynn/transformer-synthesis/hls4ml_projects/keras_layernorm_uniform_10_8/myproject_prj/solution1/.autopilot/db/myproject.pp.0.cpp:67715:2: note: FIX-IT applied suggested code changes
/data/hlssynt-users/rflynn/transformer-synthesis/hls4ml_projects/keras_layernorm_uniform_10_8/myproject_prj/solution1/.autopilot/db/myproject.pp.0.cpp:67726:2: warning: Added loop label VITIS_LOOP_71_1:   [xilinx-label-all-loops]
 for (int i=0; i<W_;i++)
 ^~~
 VITIS_LOOP_71_1: 
/data/hlssynt-users/rflynn/transformer-synthesis/hls4ml_projects/keras_layernorm_uniform_10_8/myproject_prj/solution1/.autopilot/db/myproject.pp.0.cpp:67726:2: note: FIX-IT applied suggested code changes
/data/hlssynt-users/rflynn/transformer-synthesis/hls4ml_projects/keras_layernorm_uniform_10_8/myproject_prj/solution1/.autopilot/db/myproject.pp.0.cpp:67737:2: warning: Added loop label VITIS_LOOP_82_1:   [xilinx-label-all-loops]
 for (int i=0; i<I_;i++)
 ^~~
 VITIS_LOOP_82_1: 
/data/hlssynt-users/rflynn/transformer-synthesis/hls4ml_projects/keras_layernorm_uniform_10_8/myproject_prj/solution1/.autopilot/db/myproject.pp.0.cpp:67737:2: note: FIX-IT applied suggested code changes
/data/hlssynt-users/rflynn/transformer-synthesis/hls4ml_projects/keras_layernorm_uniform_10_8/myproject_prj/solution1/.autopilot/db/myproject.pp.0.cpp:67748:2: warning: Added loop label VITIS_LOOP_93_1:   [xilinx-label-all-loops]
 for (int i=0; i<I_;i++)
 ^~~
 VITIS_LOOP_93_1: 
/data/hlssynt-users/rflynn/transformer-synthesis/hls4ml_projects/keras_layernorm_uniform_10_8/myproject_prj/solution1/.autopilot/db/myproject.pp.0.cpp:67748:2: note: FIX-IT applied suggested code changes
/data/hlssynt-users/rflynn/transformer-synthesis/hls4ml_projects/keras_layernorm_uniform_10_8/myproject_prj/solution1/.autopilot/db/myproject.pp.0.cpp:70073:12: warning: Added loop label VITIS_LOOP_26_1:   [xilinx-label-all-loops]
           for(int i = 0; i < W_-1; ++i) {
           ^~~
           VITIS_LOOP_26_1: 
/data/hlssynt-users/rflynn/transformer-synthesis/hls4ml_projects/keras_layernorm_uniform_10_8/myproject_prj/solution1/.autopilot/db/myproject.pp.0.cpp:70073:12: note: FIX-IT applied suggested code changes
/data/hlssynt-users/rflynn/transformer-synthesis/hls4ml_projects/keras_layernorm_uniform_10_8/myproject_prj/solution1/.autopilot/db/myproject.pp.0.cpp:70137:7: warning: Added loop label VITIS_LOOP_40_1:   [xilinx-label-all-loops]
      for(int pos = msbr - 1 ; pos >= -F-1; pos--) {
      ^~~
      VITIS_LOOP_40_1: 
/data/hlssynt-users/rflynn/transformer-synthesis/hls4ml_projects/keras_layernorm_uniform_10_8/myproject_prj/solution1/.autopilot/db/myproject.pp.0.cpp:70137:7: note: FIX-IT applied suggested code changes
/data/hlssynt-users/rflynn/transformer-synthesis/hls4ml_projects/keras_layernorm_uniform_10_8/myproject_prj/solution1/.autopilot/db/myproject.pp.0.cpp:70254:9: warning: Added loop label VITIS_LOOP_49_1:   [xilinx-label-all-loops]
        for(int pos = msbr - 1; pos >= 0; pos--) {
        ^~~
        VITIS_LOOP_49_1: 
/data/hlssynt-users/rflynn/transformer-synthesis/hls4ml_projects/keras_layernorm_uniform_10_8/myproject_prj/solution1/.autopilot/db/myproject.pp.0.cpp:70254:9: note: FIX-IT applied suggested code changes
/data/hlssynt-users/rflynn/transformer-synthesis/hls4ml_projects/keras_layernorm_uniform_10_8/myproject_prj/solution1/.autopilot/db/myproject.pp.0.cpp:70279:5: warning: Added loop label VITIS_LOOP_81_2:   [xilinx-label-all-loops]
    for(int pos = -1; pos >= -F-1; pos--) {
    ^~~
    VITIS_LOOP_81_2: 
/data/hlssynt-users/rflynn/transformer-synthesis/hls4ml_projects/keras_layernorm_uniform_10_8/myproject_prj/solution1/.autopilot/db/myproject.pp.0.cpp:70279:5: note: FIX-IT applied suggested code changes
/data/hlssynt-users/rflynn/transformer-synthesis/hls4ml_projects/keras_layernorm_uniform_10_8/myproject_prj/solution1/.autopilot/db/myproject.pp.0.cpp:70349:8: warning: Added loop label VITIS_LOOP_169_3:   [xilinx-label-all-loops]
       for(int i = 0; i < W - 1; ++i) {
       ^~~
       VITIS_LOOP_169_3: 
/data/hlssynt-users/rflynn/transformer-synthesis/hls4ml_projects/keras_layernorm_uniform_10_8/myproject_prj/solution1/.autopilot/db/myproject.pp.0.cpp:70349:8: note: FIX-IT applied suggested code changes
/data/hlssynt-users/rflynn/transformer-synthesis/hls4ml_projects/keras_layernorm_uniform_10_8/myproject_prj/solution1/.autopilot/db/myproject.pp.0.cpp:72599:5: warning: Added loop label VITIS_LOOP_39_1:   [xilinx-label-all-loops]
    for (int ii = 0; ii < N_TABLE; ii++) {
    ^~~
    VITIS_LOOP_39_1: 
/data/hlssynt-users/rflynn/transformer-synthesis/hls4ml_projects/keras_layernorm_uniform_10_8/myproject_prj/solution1/.autopilot/db/myproject.pp.0.cpp:72599:5: note: FIX-IT applied suggested code changes
