

================================================================
== Vitis HLS Report for 'myproject'
================================================================
* Date:           Mon Dec 16 18:26:45 2024

* Version:        2023.2 (Build 4023990 on Oct 11 2023)
* Project:        myproject_prj
* Solution:       solution1 (Vivado IP Flow Target)
* Product family: virtexuplus
* Target device:  xcvu13p-flga2577-2-e


================================================================
== Performance Estimates
================================================================
+ Timing: 
    * Summary: 
    +--------+---------+----------+------------+
    |  Clock |  Target | Estimated| Uncertainty|
    +--------+---------+----------+------------+
    |ap_clk  |  5.00 ns|  4.097 ns|     0.62 ns|
    +--------+---------+----------+------------+

+ Latency: 
    * Summary: 
    +---------+---------+-----------+-----------+-----+-----+---------+
    |  Latency (cycles) |   Latency (absolute)  |  Interval | Pipeline|
    |   min   |   max   |    min    |    max    | min | max |   Type  |
    +---------+---------+-----------+-----------+-----+-----+---------+
    |        3|        3|  15.000 ns|  15.000 ns|    1|    1|      yes|
    +---------+---------+-----------+-----------+-----+-----+---------+

    + Detail: 
        * Instance: 
        N/A

        * Loop: 
        N/A

============================================================
+ Verbose Summary: Synthesis Manager
============================================================
InlineROM: 1
ExposeGlobal: 0
============================================================
+ Verbose Summary: CDFG Model
============================================================
IsTopModel: 1
ResetActiveHigh: 1
IsCombinational: 0
IsDatapathOnly: 0
HasWiredReturn: 1
HasMFsm: 2
HasVarLatency: 0
IsPipeline: 1
IsRtlPipelined: 1
IsInstanceOverlapped: 0
IsDontTouch: 0
HasImplIP: 0
IsGatedGlobalClock: 0

+ Individual pipeline summary: 
  * Pipeline-0: initiation interval (II) = 1, depth = 4


============================================================
+ Verbose Summary: Schedule
============================================================
* Number of FSM states : 4
* Pipeline : 1
  Pipeline-0 : II = 1, D = 4, States = { 1 2 3 4 }
* Dataflow Pipeline: 0

* FSM state transitions: 
1 --> 2 
2 --> 3 
3 --> 4 
4 --> 

* FSM state operations: 

State 1 <SV = 0> <Delay = 2.97>
ST_1 : Operation 5 [1/1] (0.00ns)   --->   "%layer_normalization_input_read = read i1280 @_ssdm_op_Read.ap_vld.i1280P0A, i1280 %layer_normalization_input"   --->   Operation 5 'read' 'layer_normalization_input_read' <Predicate = true> <Delay = 0.00>
ST_1 : Operation 6 [4/4] (2.97ns)   --->   "%call_ret = call i2640 @layernormalize<ap_fixed<16, 6, 5, 3, 0>, ap_fixed<33, 13, 5, 3, 0>, config2>, i1280 %layer_normalization_input_read, i15 %invert_sqr_table" [firmware/myproject.cpp:32]   --->   Operation 6 'call' 'call_ret' <Predicate = true> <Delay = 2.97> <CoreType = "Generic">   --->   Core 0 '' <Latency = 0> <II = 1> <Delay = 1.00> <Generic> <Opcode : >

State 2 <SV = 1> <Delay = 4.09>
ST_2 : Operation 7 [3/4] (4.09ns)   --->   "%call_ret = call i2640 @layernormalize<ap_fixed<16, 6, 5, 3, 0>, ap_fixed<33, 13, 5, 3, 0>, config2>, i1280 %layer_normalization_input_read, i15 %invert_sqr_table" [firmware/myproject.cpp:32]   --->   Operation 7 'call' 'call_ret' <Predicate = true> <Delay = 4.09> <CoreType = "Generic">   --->   Core 0 '' <Latency = 0> <II = 1> <Delay = 1.00> <Generic> <Opcode : >

State 3 <SV = 2> <Delay = 4.09>
ST_3 : Operation 8 [2/4] (4.09ns)   --->   "%call_ret = call i2640 @layernormalize<ap_fixed<16, 6, 5, 3, 0>, ap_fixed<33, 13, 5, 3, 0>, config2>, i1280 %layer_normalization_input_read, i15 %invert_sqr_table" [firmware/myproject.cpp:32]   --->   Operation 8 'call' 'call_ret' <Predicate = true> <Delay = 4.09> <CoreType = "Generic">   --->   Core 0 '' <Latency = 0> <II = 1> <Delay = 1.00> <Generic> <Opcode : >

State 4 <SV = 3> <Delay = 3.31>
ST_4 : Operation 9 [1/1] (0.00ns)   --->   "%specpipeline_ln0 = specpipeline void @_ssdm_op_SpecPipeline, i32 4294967295, i32 0, i32 0, i32 0, void @empty_0"   --->   Operation 9 'specpipeline' 'specpipeline_ln0' <Predicate = true> <Delay = 0.00>
ST_4 : Operation 10 [1/1] (0.00ns)   --->   "%spectopmodule_ln0 = spectopmodule void @_ssdm_op_SpecTopModule, void @empty_1"   --->   Operation 10 'spectopmodule' 'spectopmodule_ln0' <Predicate = true> <Delay = 0.00>
ST_4 : Operation 11 [1/1] (0.00ns)   --->   "%specbitsmap_ln0 = specbitsmap void @_ssdm_op_SpecBitsMap, i1280 %layer_normalization_input"   --->   Operation 11 'specbitsmap' 'specbitsmap_ln0' <Predicate = true> <Delay = 0.00>
ST_4 : Operation 12 [1/1] (0.00ns)   --->   "%specinterface_ln0 = specinterface void @_ssdm_op_SpecInterface, i1280 %layer_normalization_input, void @empty, i32 0, i32 0, void @empty_0, i32 0, i32 0, void @empty_0, void @empty_0, void @empty_0, i32 0, i32 0, i32 0, i32 0, void @empty_0, void @empty_0, i32 4294967295, i32 0"   --->   Operation 12 'specinterface' 'specinterface_ln0' <Predicate = true> <Delay = 0.00>
ST_4 : Operation 13 [1/1] (0.00ns)   --->   "%specbitsmap_ln0 = specbitsmap void @_ssdm_op_SpecBitsMap, i33 %layer2_out_0"   --->   Operation 13 'specbitsmap' 'specbitsmap_ln0' <Predicate = true> <Delay = 0.00>
ST_4 : Operation 14 [1/1] (0.00ns)   --->   "%specinterface_ln0 = specinterface void @_ssdm_op_SpecInterface, i33 %layer2_out_0, void @empty, i32 0, i32 0, void @empty_0, i32 0, i32 0, void @empty_0, void @empty_0, void @empty_0, i32 0, i32 0, i32 0, i32 0, void @empty_0, void @empty_0, i32 4294967295, i32 0"   --->   Operation 14 'specinterface' 'specinterface_ln0' <Predicate = true> <Delay = 0.00>
ST_4 : Operation 15 [1/1] (0.00ns)   --->   "%specbitsmap_ln0 = specbitsmap void @_ssdm_op_SpecBitsMap, i33 %layer2_out_1"   --->   Operation 15 'specbitsmap' 'specbitsmap_ln0' <Predicate = true> <Delay = 0.00>
ST_4 : Operation 16 [1/1] (0.00ns)   --->   "%specinterface_ln0 = specinterface void @_ssdm_op_SpecInterface, i33 %layer2_out_1, void @empty, i32 0, i32 0, void @empty_0, i32 0, i32 0, void @empty_0, void @empty_0, void @empty_0, i32 0, i32 0, i32 0, i32 0, void @empty_0, void @empty_0, i32 4294967295, i32 0"   --->   Operation 16 'specinterface' 'specinterface_ln0' <Predicate = true> <Delay = 0.00>
ST_4 : Operation 17 [1/1] (0.00ns)   --->   "%specbitsmap_ln0 = specbitsmap void @_ssdm_op_SpecBitsMap, i33 %layer2_out_2"   --->   Operation 17 'specbitsmap' 'specbitsmap_ln0' <Predicate = true> <Delay = 0.00>
ST_4 : Operation 18 [1/1] (0.00ns)   --->   "%specinterface_ln0 = specinterface void @_ssdm_op_SpecInterface, i33 %layer2_out_2, void @empty, i32 0, i32 0, void @empty_0, i32 0, i32 0, void @empty_0, void @empty_0, void @empty_0, i32 0, i32 0, i32 0, i32 0, void @empty_0, void @empty_0, i32 4294967295, i32 0"   --->   Operation 18 'specinterface' 'specinterface_ln0' <Predicate = true> <Delay = 0.00>
ST_4 : Operation 19 [1/1] (0.00ns)   --->   "%specbitsmap_ln0 = specbitsmap void @_ssdm_op_SpecBitsMap, i33 %layer2_out_3"   --->   Operation 19 'specbitsmap' 'specbitsmap_ln0' <Predicate = true> <Delay = 0.00>
ST_4 : Operation 20 [1/1] (0.00ns)   --->   "%specinterface_ln0 = specinterface void @_ssdm_op_SpecInterface, i33 %layer2_out_3, void @empty, i32 0, i32 0, void @empty_0, i32 0, i32 0, void @empty_0, void @empty_0, void @empty_0, i32 0, i32 0, i32 0, i32 0, void @empty_0, void @empty_0, i32 4294967295, i32 0"   --->   Operation 20 'specinterface' 'specinterface_ln0' <Predicate = true> <Delay = 0.00>
ST_4 : Operation 21 [1/1] (0.00ns)   --->   "%specbitsmap_ln0 = specbitsmap void @_ssdm_op_SpecBitsMap, i33 %layer2_out_4"   --->   Operation 21 'specbitsmap' 'specbitsmap_ln0' <Predicate = true> <Delay = 0.00>
ST_4 : Operation 22 [1/1] (0.00ns)   --->   "%specinterface_ln0 = specinterface void @_ssdm_op_SpecInterface, i33 %layer2_out_4, void @empty, i32 0, i32 0, void @empty_0, i32 0, i32 0, void @empty_0, void @empty_0, void @empty_0, i32 0, i32 0, i32 0, i32 0, void @empty_0, void @empty_0, i32 4294967295, i32 0"   --->   Operation 22 'specinterface' 'specinterface_ln0' <Predicate = true> <Delay = 0.00>
ST_4 : Operation 23 [1/1] (0.00ns)   --->   "%specbitsmap_ln0 = specbitsmap void @_ssdm_op_SpecBitsMap, i33 %layer2_out_5"   --->   Operation 23 'specbitsmap' 'specbitsmap_ln0' <Predicate = true> <Delay = 0.00>
ST_4 : Operation 24 [1/1] (0.00ns)   --->   "%specinterface_ln0 = specinterface void @_ssdm_op_SpecInterface, i33 %layer2_out_5, void @empty, i32 0, i32 0, void @empty_0, i32 0, i32 0, void @empty_0, void @empty_0, void @empty_0, i32 0, i32 0, i32 0, i32 0, void @empty_0, void @empty_0, i32 4294967295, i32 0"   --->   Operation 24 'specinterface' 'specinterface_ln0' <Predicate = true> <Delay = 0.00>
ST_4 : Operation 25 [1/1] (0.00ns)   --->   "%specbitsmap_ln0 = specbitsmap void @_ssdm_op_SpecBitsMap, i33 %layer2_out_6"   --->   Operation 25 'specbitsmap' 'specbitsmap_ln0' <Predicate = true> <Delay = 0.00>
ST_4 : Operation 26 [1/1] (0.00ns)   --->   "%specinterface_ln0 = specinterface void @_ssdm_op_SpecInterface, i33 %layer2_out_6, void @empty, i32 0, i32 0, void @empty_0, i32 0, i32 0, void @empty_0, void @empty_0, void @empty_0, i32 0, i32 0, i32 0, i32 0, void @empty_0, void @empty_0, i32 4294967295, i32 0"   --->   Operation 26 'specinterface' 'specinterface_ln0' <Predicate = true> <Delay = 0.00>
ST_4 : Operation 27 [1/1] (0.00ns)   --->   "%specbitsmap_ln0 = specbitsmap void @_ssdm_op_SpecBitsMap, i33 %layer2_out_7"   --->   Operation 27 'specbitsmap' 'specbitsmap_ln0' <Predicate = true> <Delay = 0.00>
ST_4 : Operation 28 [1/1] (0.00ns)   --->   "%specinterface_ln0 = specinterface void @_ssdm_op_SpecInterface, i33 %layer2_out_7, void @empty, i32 0, i32 0, void @empty_0, i32 0, i32 0, void @empty_0, void @empty_0, void @empty_0, i32 0, i32 0, i32 0, i32 0, void @empty_0, void @empty_0, i32 4294967295, i32 0"   --->   Operation 28 'specinterface' 'specinterface_ln0' <Predicate = true> <Delay = 0.00>
ST_4 : Operation 29 [1/1] (0.00ns)   --->   "%specbitsmap_ln0 = specbitsmap void @_ssdm_op_SpecBitsMap, i33 %layer2_out_8"   --->   Operation 29 'specbitsmap' 'specbitsmap_ln0' <Predicate = true> <Delay = 0.00>
ST_4 : Operation 30 [1/1] (0.00ns)   --->   "%specinterface_ln0 = specinterface void @_ssdm_op_SpecInterface, i33 %layer2_out_8, void @empty, i32 0, i32 0, void @empty_0, i32 0, i32 0, void @empty_0, void @empty_0, void @empty_0, i32 0, i32 0, i32 0, i32 0, void @empty_0, void @empty_0, i32 4294967295, i32 0"   --->   Operation 30 'specinterface' 'specinterface_ln0' <Predicate = true> <Delay = 0.00>
ST_4 : Operation 31 [1/1] (0.00ns)   --->   "%specbitsmap_ln0 = specbitsmap void @_ssdm_op_SpecBitsMap, i33 %layer2_out_9"   --->   Operation 31 'specbitsmap' 'specbitsmap_ln0' <Predicate = true> <Delay = 0.00>
ST_4 : Operation 32 [1/1] (0.00ns)   --->   "%specinterface_ln0 = specinterface void @_ssdm_op_SpecInterface, i33 %layer2_out_9, void @empty, i32 0, i32 0, void @empty_0, i32 0, i32 0, void @empty_0, void @empty_0, void @empty_0, i32 0, i32 0, i32 0, i32 0, void @empty_0, void @empty_0, i32 4294967295, i32 0"   --->   Operation 32 'specinterface' 'specinterface_ln0' <Predicate = true> <Delay = 0.00>
ST_4 : Operation 33 [1/1] (0.00ns)   --->   "%specbitsmap_ln0 = specbitsmap void @_ssdm_op_SpecBitsMap, i33 %layer2_out_10"   --->   Operation 33 'specbitsmap' 'specbitsmap_ln0' <Predicate = true> <Delay = 0.00>
ST_4 : Operation 34 [1/1] (0.00ns)   --->   "%specinterface_ln0 = specinterface void @_ssdm_op_SpecInterface, i33 %layer2_out_10, void @empty, i32 0, i32 0, void @empty_0, i32 0, i32 0, void @empty_0, void @empty_0, void @empty_0, i32 0, i32 0, i32 0, i32 0, void @empty_0, void @empty_0, i32 4294967295, i32 0"   --->   Operation 34 'specinterface' 'specinterface_ln0' <Predicate = true> <Delay = 0.00>
ST_4 : Operation 35 [1/1] (0.00ns)   --->   "%specbitsmap_ln0 = specbitsmap void @_ssdm_op_SpecBitsMap, i33 %layer2_out_11"   --->   Operation 35 'specbitsmap' 'specbitsmap_ln0' <Predicate = true> <Delay = 0.00>
ST_4 : Operation 36 [1/1] (0.00ns)   --->   "%specinterface_ln0 = specinterface void @_ssdm_op_SpecInterface, i33 %layer2_out_11, void @empty, i32 0, i32 0, void @empty_0, i32 0, i32 0, void @empty_0, void @empty_0, void @empty_0, i32 0, i32 0, i32 0, i32 0, void @empty_0, void @empty_0, i32 4294967295, i32 0"   --->   Operation 36 'specinterface' 'specinterface_ln0' <Predicate = true> <Delay = 0.00>
ST_4 : Operation 37 [1/1] (0.00ns)   --->   "%specbitsmap_ln0 = specbitsmap void @_ssdm_op_SpecBitsMap, i33 %layer2_out_12"   --->   Operation 37 'specbitsmap' 'specbitsmap_ln0' <Predicate = true> <Delay = 0.00>
ST_4 : Operation 38 [1/1] (0.00ns)   --->   "%specinterface_ln0 = specinterface void @_ssdm_op_SpecInterface, i33 %layer2_out_12, void @empty, i32 0, i32 0, void @empty_0, i32 0, i32 0, void @empty_0, void @empty_0, void @empty_0, i32 0, i32 0, i32 0, i32 0, void @empty_0, void @empty_0, i32 4294967295, i32 0"   --->   Operation 38 'specinterface' 'specinterface_ln0' <Predicate = true> <Delay = 0.00>
ST_4 : Operation 39 [1/1] (0.00ns)   --->   "%specbitsmap_ln0 = specbitsmap void @_ssdm_op_SpecBitsMap, i33 %layer2_out_13"   --->   Operation 39 'specbitsmap' 'specbitsmap_ln0' <Predicate = true> <Delay = 0.00>
ST_4 : Operation 40 [1/1] (0.00ns)   --->   "%specinterface_ln0 = specinterface void @_ssdm_op_SpecInterface, i33 %layer2_out_13, void @empty, i32 0, i32 0, void @empty_0, i32 0, i32 0, void @empty_0, void @empty_0, void @empty_0, i32 0, i32 0, i32 0, i32 0, void @empty_0, void @empty_0, i32 4294967295, i32 0"   --->   Operation 40 'specinterface' 'specinterface_ln0' <Predicate = true> <Delay = 0.00>
ST_4 : Operation 41 [1/1] (0.00ns)   --->   "%specbitsmap_ln0 = specbitsmap void @_ssdm_op_SpecBitsMap, i33 %layer2_out_14"   --->   Operation 41 'specbitsmap' 'specbitsmap_ln0' <Predicate = true> <Delay = 0.00>
ST_4 : Operation 42 [1/1] (0.00ns)   --->   "%specinterface_ln0 = specinterface void @_ssdm_op_SpecInterface, i33 %layer2_out_14, void @empty, i32 0, i32 0, void @empty_0, i32 0, i32 0, void @empty_0, void @empty_0, void @empty_0, i32 0, i32 0, i32 0, i32 0, void @empty_0, void @empty_0, i32 4294967295, i32 0"   --->   Operation 42 'specinterface' 'specinterface_ln0' <Predicate = true> <Delay = 0.00>
ST_4 : Operation 43 [1/1] (0.00ns)   --->   "%specbitsmap_ln0 = specbitsmap void @_ssdm_op_SpecBitsMap, i33 %layer2_out_15"   --->   Operation 43 'specbitsmap' 'specbitsmap_ln0' <Predicate = true> <Delay = 0.00>
ST_4 : Operation 44 [1/1] (0.00ns)   --->   "%specinterface_ln0 = specinterface void @_ssdm_op_SpecInterface, i33 %layer2_out_15, void @empty, i32 0, i32 0, void @empty_0, i32 0, i32 0, void @empty_0, void @empty_0, void @empty_0, i32 0, i32 0, i32 0, i32 0, void @empty_0, void @empty_0, i32 4294967295, i32 0"   --->   Operation 44 'specinterface' 'specinterface_ln0' <Predicate = true> <Delay = 0.00>
ST_4 : Operation 45 [1/1] (0.00ns)   --->   "%specbitsmap_ln0 = specbitsmap void @_ssdm_op_SpecBitsMap, i33 %layer2_out_16"   --->   Operation 45 'specbitsmap' 'specbitsmap_ln0' <Predicate = true> <Delay = 0.00>
ST_4 : Operation 46 [1/1] (0.00ns)   --->   "%specinterface_ln0 = specinterface void @_ssdm_op_SpecInterface, i33 %layer2_out_16, void @empty, i32 0, i32 0, void @empty_0, i32 0, i32 0, void @empty_0, void @empty_0, void @empty_0, i32 0, i32 0, i32 0, i32 0, void @empty_0, void @empty_0, i32 4294967295, i32 0"   --->   Operation 46 'specinterface' 'specinterface_ln0' <Predicate = true> <Delay = 0.00>
ST_4 : Operation 47 [1/1] (0.00ns)   --->   "%specbitsmap_ln0 = specbitsmap void @_ssdm_op_SpecBitsMap, i33 %layer2_out_17"   --->   Operation 47 'specbitsmap' 'specbitsmap_ln0' <Predicate = true> <Delay = 0.00>
ST_4 : Operation 48 [1/1] (0.00ns)   --->   "%specinterface_ln0 = specinterface void @_ssdm_op_SpecInterface, i33 %layer2_out_17, void @empty, i32 0, i32 0, void @empty_0, i32 0, i32 0, void @empty_0, void @empty_0, void @empty_0, i32 0, i32 0, i32 0, i32 0, void @empty_0, void @empty_0, i32 4294967295, i32 0"   --->   Operation 48 'specinterface' 'specinterface_ln0' <Predicate = true> <Delay = 0.00>
ST_4 : Operation 49 [1/1] (0.00ns)   --->   "%specbitsmap_ln0 = specbitsmap void @_ssdm_op_SpecBitsMap, i33 %layer2_out_18"   --->   Operation 49 'specbitsmap' 'specbitsmap_ln0' <Predicate = true> <Delay = 0.00>
ST_4 : Operation 50 [1/1] (0.00ns)   --->   "%specinterface_ln0 = specinterface void @_ssdm_op_SpecInterface, i33 %layer2_out_18, void @empty, i32 0, i32 0, void @empty_0, i32 0, i32 0, void @empty_0, void @empty_0, void @empty_0, i32 0, i32 0, i32 0, i32 0, void @empty_0, void @empty_0, i32 4294967295, i32 0"   --->   Operation 50 'specinterface' 'specinterface_ln0' <Predicate = true> <Delay = 0.00>
ST_4 : Operation 51 [1/1] (0.00ns)   --->   "%specbitsmap_ln0 = specbitsmap void @_ssdm_op_SpecBitsMap, i33 %layer2_out_19"   --->   Operation 51 'specbitsmap' 'specbitsmap_ln0' <Predicate = true> <Delay = 0.00>
ST_4 : Operation 52 [1/1] (0.00ns)   --->   "%specinterface_ln0 = specinterface void @_ssdm_op_SpecInterface, i33 %layer2_out_19, void @empty, i32 0, i32 0, void @empty_0, i32 0, i32 0, void @empty_0, void @empty_0, void @empty_0, i32 0, i32 0, i32 0, i32 0, void @empty_0, void @empty_0, i32 4294967295, i32 0"   --->   Operation 52 'specinterface' 'specinterface_ln0' <Predicate = true> <Delay = 0.00>
ST_4 : Operation 53 [1/1] (0.00ns)   --->   "%specbitsmap_ln0 = specbitsmap void @_ssdm_op_SpecBitsMap, i33 %layer2_out_20"   --->   Operation 53 'specbitsmap' 'specbitsmap_ln0' <Predicate = true> <Delay = 0.00>
ST_4 : Operation 54 [1/1] (0.00ns)   --->   "%specinterface_ln0 = specinterface void @_ssdm_op_SpecInterface, i33 %layer2_out_20, void @empty, i32 0, i32 0, void @empty_0, i32 0, i32 0, void @empty_0, void @empty_0, void @empty_0, i32 0, i32 0, i32 0, i32 0, void @empty_0, void @empty_0, i32 4294967295, i32 0"   --->   Operation 54 'specinterface' 'specinterface_ln0' <Predicate = true> <Delay = 0.00>
ST_4 : Operation 55 [1/1] (0.00ns)   --->   "%specbitsmap_ln0 = specbitsmap void @_ssdm_op_SpecBitsMap, i33 %layer2_out_21"   --->   Operation 55 'specbitsmap' 'specbitsmap_ln0' <Predicate = true> <Delay = 0.00>
ST_4 : Operation 56 [1/1] (0.00ns)   --->   "%specinterface_ln0 = specinterface void @_ssdm_op_SpecInterface, i33 %layer2_out_21, void @empty, i32 0, i32 0, void @empty_0, i32 0, i32 0, void @empty_0, void @empty_0, void @empty_0, i32 0, i32 0, i32 0, i32 0, void @empty_0, void @empty_0, i32 4294967295, i32 0"   --->   Operation 56 'specinterface' 'specinterface_ln0' <Predicate = true> <Delay = 0.00>
ST_4 : Operation 57 [1/1] (0.00ns)   --->   "%specbitsmap_ln0 = specbitsmap void @_ssdm_op_SpecBitsMap, i33 %layer2_out_22"   --->   Operation 57 'specbitsmap' 'specbitsmap_ln0' <Predicate = true> <Delay = 0.00>
ST_4 : Operation 58 [1/1] (0.00ns)   --->   "%specinterface_ln0 = specinterface void @_ssdm_op_SpecInterface, i33 %layer2_out_22, void @empty, i32 0, i32 0, void @empty_0, i32 0, i32 0, void @empty_0, void @empty_0, void @empty_0, i32 0, i32 0, i32 0, i32 0, void @empty_0, void @empty_0, i32 4294967295, i32 0"   --->   Operation 58 'specinterface' 'specinterface_ln0' <Predicate = true> <Delay = 0.00>
ST_4 : Operation 59 [1/1] (0.00ns)   --->   "%specbitsmap_ln0 = specbitsmap void @_ssdm_op_SpecBitsMap, i33 %layer2_out_23"   --->   Operation 59 'specbitsmap' 'specbitsmap_ln0' <Predicate = true> <Delay = 0.00>
ST_4 : Operation 60 [1/1] (0.00ns)   --->   "%specinterface_ln0 = specinterface void @_ssdm_op_SpecInterface, i33 %layer2_out_23, void @empty, i32 0, i32 0, void @empty_0, i32 0, i32 0, void @empty_0, void @empty_0, void @empty_0, i32 0, i32 0, i32 0, i32 0, void @empty_0, void @empty_0, i32 4294967295, i32 0"   --->   Operation 60 'specinterface' 'specinterface_ln0' <Predicate = true> <Delay = 0.00>
ST_4 : Operation 61 [1/1] (0.00ns)   --->   "%specbitsmap_ln0 = specbitsmap void @_ssdm_op_SpecBitsMap, i33 %layer2_out_24"   --->   Operation 61 'specbitsmap' 'specbitsmap_ln0' <Predicate = true> <Delay = 0.00>
ST_4 : Operation 62 [1/1] (0.00ns)   --->   "%specinterface_ln0 = specinterface void @_ssdm_op_SpecInterface, i33 %layer2_out_24, void @empty, i32 0, i32 0, void @empty_0, i32 0, i32 0, void @empty_0, void @empty_0, void @empty_0, i32 0, i32 0, i32 0, i32 0, void @empty_0, void @empty_0, i32 4294967295, i32 0"   --->   Operation 62 'specinterface' 'specinterface_ln0' <Predicate = true> <Delay = 0.00>
ST_4 : Operation 63 [1/1] (0.00ns)   --->   "%specbitsmap_ln0 = specbitsmap void @_ssdm_op_SpecBitsMap, i33 %layer2_out_25"   --->   Operation 63 'specbitsmap' 'specbitsmap_ln0' <Predicate = true> <Delay = 0.00>
ST_4 : Operation 64 [1/1] (0.00ns)   --->   "%specinterface_ln0 = specinterface void @_ssdm_op_SpecInterface, i33 %layer2_out_25, void @empty, i32 0, i32 0, void @empty_0, i32 0, i32 0, void @empty_0, void @empty_0, void @empty_0, i32 0, i32 0, i32 0, i32 0, void @empty_0, void @empty_0, i32 4294967295, i32 0"   --->   Operation 64 'specinterface' 'specinterface_ln0' <Predicate = true> <Delay = 0.00>
ST_4 : Operation 65 [1/1] (0.00ns)   --->   "%specbitsmap_ln0 = specbitsmap void @_ssdm_op_SpecBitsMap, i33 %layer2_out_26"   --->   Operation 65 'specbitsmap' 'specbitsmap_ln0' <Predicate = true> <Delay = 0.00>
ST_4 : Operation 66 [1/1] (0.00ns)   --->   "%specinterface_ln0 = specinterface void @_ssdm_op_SpecInterface, i33 %layer2_out_26, void @empty, i32 0, i32 0, void @empty_0, i32 0, i32 0, void @empty_0, void @empty_0, void @empty_0, i32 0, i32 0, i32 0, i32 0, void @empty_0, void @empty_0, i32 4294967295, i32 0"   --->   Operation 66 'specinterface' 'specinterface_ln0' <Predicate = true> <Delay = 0.00>
ST_4 : Operation 67 [1/1] (0.00ns)   --->   "%specbitsmap_ln0 = specbitsmap void @_ssdm_op_SpecBitsMap, i33 %layer2_out_27"   --->   Operation 67 'specbitsmap' 'specbitsmap_ln0' <Predicate = true> <Delay = 0.00>
ST_4 : Operation 68 [1/1] (0.00ns)   --->   "%specinterface_ln0 = specinterface void @_ssdm_op_SpecInterface, i33 %layer2_out_27, void @empty, i32 0, i32 0, void @empty_0, i32 0, i32 0, void @empty_0, void @empty_0, void @empty_0, i32 0, i32 0, i32 0, i32 0, void @empty_0, void @empty_0, i32 4294967295, i32 0"   --->   Operation 68 'specinterface' 'specinterface_ln0' <Predicate = true> <Delay = 0.00>
ST_4 : Operation 69 [1/1] (0.00ns)   --->   "%specbitsmap_ln0 = specbitsmap void @_ssdm_op_SpecBitsMap, i33 %layer2_out_28"   --->   Operation 69 'specbitsmap' 'specbitsmap_ln0' <Predicate = true> <Delay = 0.00>
ST_4 : Operation 70 [1/1] (0.00ns)   --->   "%specinterface_ln0 = specinterface void @_ssdm_op_SpecInterface, i33 %layer2_out_28, void @empty, i32 0, i32 0, void @empty_0, i32 0, i32 0, void @empty_0, void @empty_0, void @empty_0, i32 0, i32 0, i32 0, i32 0, void @empty_0, void @empty_0, i32 4294967295, i32 0"   --->   Operation 70 'specinterface' 'specinterface_ln0' <Predicate = true> <Delay = 0.00>
ST_4 : Operation 71 [1/1] (0.00ns)   --->   "%specbitsmap_ln0 = specbitsmap void @_ssdm_op_SpecBitsMap, i33 %layer2_out_29"   --->   Operation 71 'specbitsmap' 'specbitsmap_ln0' <Predicate = true> <Delay = 0.00>
ST_4 : Operation 72 [1/1] (0.00ns)   --->   "%specinterface_ln0 = specinterface void @_ssdm_op_SpecInterface, i33 %layer2_out_29, void @empty, i32 0, i32 0, void @empty_0, i32 0, i32 0, void @empty_0, void @empty_0, void @empty_0, i32 0, i32 0, i32 0, i32 0, void @empty_0, void @empty_0, i32 4294967295, i32 0"   --->   Operation 72 'specinterface' 'specinterface_ln0' <Predicate = true> <Delay = 0.00>
ST_4 : Operation 73 [1/1] (0.00ns)   --->   "%specbitsmap_ln0 = specbitsmap void @_ssdm_op_SpecBitsMap, i33 %layer2_out_30"   --->   Operation 73 'specbitsmap' 'specbitsmap_ln0' <Predicate = true> <Delay = 0.00>
ST_4 : Operation 74 [1/1] (0.00ns)   --->   "%specinterface_ln0 = specinterface void @_ssdm_op_SpecInterface, i33 %layer2_out_30, void @empty, i32 0, i32 0, void @empty_0, i32 0, i32 0, void @empty_0, void @empty_0, void @empty_0, i32 0, i32 0, i32 0, i32 0, void @empty_0, void @empty_0, i32 4294967295, i32 0"   --->   Operation 74 'specinterface' 'specinterface_ln0' <Predicate = true> <Delay = 0.00>
ST_4 : Operation 75 [1/1] (0.00ns)   --->   "%specbitsmap_ln0 = specbitsmap void @_ssdm_op_SpecBitsMap, i33 %layer2_out_31"   --->   Operation 75 'specbitsmap' 'specbitsmap_ln0' <Predicate = true> <Delay = 0.00>
ST_4 : Operation 76 [1/1] (0.00ns)   --->   "%specinterface_ln0 = specinterface void @_ssdm_op_SpecInterface, i33 %layer2_out_31, void @empty, i32 0, i32 0, void @empty_0, i32 0, i32 0, void @empty_0, void @empty_0, void @empty_0, i32 0, i32 0, i32 0, i32 0, void @empty_0, void @empty_0, i32 4294967295, i32 0"   --->   Operation 76 'specinterface' 'specinterface_ln0' <Predicate = true> <Delay = 0.00>
ST_4 : Operation 77 [1/1] (0.00ns)   --->   "%specbitsmap_ln0 = specbitsmap void @_ssdm_op_SpecBitsMap, i33 %layer2_out_32"   --->   Operation 77 'specbitsmap' 'specbitsmap_ln0' <Predicate = true> <Delay = 0.00>
ST_4 : Operation 78 [1/1] (0.00ns)   --->   "%specinterface_ln0 = specinterface void @_ssdm_op_SpecInterface, i33 %layer2_out_32, void @empty, i32 0, i32 0, void @empty_0, i32 0, i32 0, void @empty_0, void @empty_0, void @empty_0, i32 0, i32 0, i32 0, i32 0, void @empty_0, void @empty_0, i32 4294967295, i32 0"   --->   Operation 78 'specinterface' 'specinterface_ln0' <Predicate = true> <Delay = 0.00>
ST_4 : Operation 79 [1/1] (0.00ns)   --->   "%specbitsmap_ln0 = specbitsmap void @_ssdm_op_SpecBitsMap, i33 %layer2_out_33"   --->   Operation 79 'specbitsmap' 'specbitsmap_ln0' <Predicate = true> <Delay = 0.00>
ST_4 : Operation 80 [1/1] (0.00ns)   --->   "%specinterface_ln0 = specinterface void @_ssdm_op_SpecInterface, i33 %layer2_out_33, void @empty, i32 0, i32 0, void @empty_0, i32 0, i32 0, void @empty_0, void @empty_0, void @empty_0, i32 0, i32 0, i32 0, i32 0, void @empty_0, void @empty_0, i32 4294967295, i32 0"   --->   Operation 80 'specinterface' 'specinterface_ln0' <Predicate = true> <Delay = 0.00>
ST_4 : Operation 81 [1/1] (0.00ns)   --->   "%specbitsmap_ln0 = specbitsmap void @_ssdm_op_SpecBitsMap, i33 %layer2_out_34"   --->   Operation 81 'specbitsmap' 'specbitsmap_ln0' <Predicate = true> <Delay = 0.00>
ST_4 : Operation 82 [1/1] (0.00ns)   --->   "%specinterface_ln0 = specinterface void @_ssdm_op_SpecInterface, i33 %layer2_out_34, void @empty, i32 0, i32 0, void @empty_0, i32 0, i32 0, void @empty_0, void @empty_0, void @empty_0, i32 0, i32 0, i32 0, i32 0, void @empty_0, void @empty_0, i32 4294967295, i32 0"   --->   Operation 82 'specinterface' 'specinterface_ln0' <Predicate = true> <Delay = 0.00>
ST_4 : Operation 83 [1/1] (0.00ns)   --->   "%specbitsmap_ln0 = specbitsmap void @_ssdm_op_SpecBitsMap, i33 %layer2_out_35"   --->   Operation 83 'specbitsmap' 'specbitsmap_ln0' <Predicate = true> <Delay = 0.00>
ST_4 : Operation 84 [1/1] (0.00ns)   --->   "%specinterface_ln0 = specinterface void @_ssdm_op_SpecInterface, i33 %layer2_out_35, void @empty, i32 0, i32 0, void @empty_0, i32 0, i32 0, void @empty_0, void @empty_0, void @empty_0, i32 0, i32 0, i32 0, i32 0, void @empty_0, void @empty_0, i32 4294967295, i32 0"   --->   Operation 84 'specinterface' 'specinterface_ln0' <Predicate = true> <Delay = 0.00>
ST_4 : Operation 85 [1/1] (0.00ns)   --->   "%specbitsmap_ln0 = specbitsmap void @_ssdm_op_SpecBitsMap, i33 %layer2_out_36"   --->   Operation 85 'specbitsmap' 'specbitsmap_ln0' <Predicate = true> <Delay = 0.00>
ST_4 : Operation 86 [1/1] (0.00ns)   --->   "%specinterface_ln0 = specinterface void @_ssdm_op_SpecInterface, i33 %layer2_out_36, void @empty, i32 0, i32 0, void @empty_0, i32 0, i32 0, void @empty_0, void @empty_0, void @empty_0, i32 0, i32 0, i32 0, i32 0, void @empty_0, void @empty_0, i32 4294967295, i32 0"   --->   Operation 86 'specinterface' 'specinterface_ln0' <Predicate = true> <Delay = 0.00>
ST_4 : Operation 87 [1/1] (0.00ns)   --->   "%specbitsmap_ln0 = specbitsmap void @_ssdm_op_SpecBitsMap, i33 %layer2_out_37"   --->   Operation 87 'specbitsmap' 'specbitsmap_ln0' <Predicate = true> <Delay = 0.00>
ST_4 : Operation 88 [1/1] (0.00ns)   --->   "%specinterface_ln0 = specinterface void @_ssdm_op_SpecInterface, i33 %layer2_out_37, void @empty, i32 0, i32 0, void @empty_0, i32 0, i32 0, void @empty_0, void @empty_0, void @empty_0, i32 0, i32 0, i32 0, i32 0, void @empty_0, void @empty_0, i32 4294967295, i32 0"   --->   Operation 88 'specinterface' 'specinterface_ln0' <Predicate = true> <Delay = 0.00>
ST_4 : Operation 89 [1/1] (0.00ns)   --->   "%specbitsmap_ln0 = specbitsmap void @_ssdm_op_SpecBitsMap, i33 %layer2_out_38"   --->   Operation 89 'specbitsmap' 'specbitsmap_ln0' <Predicate = true> <Delay = 0.00>
ST_4 : Operation 90 [1/1] (0.00ns)   --->   "%specinterface_ln0 = specinterface void @_ssdm_op_SpecInterface, i33 %layer2_out_38, void @empty, i32 0, i32 0, void @empty_0, i32 0, i32 0, void @empty_0, void @empty_0, void @empty_0, i32 0, i32 0, i32 0, i32 0, void @empty_0, void @empty_0, i32 4294967295, i32 0"   --->   Operation 90 'specinterface' 'specinterface_ln0' <Predicate = true> <Delay = 0.00>
ST_4 : Operation 91 [1/1] (0.00ns)   --->   "%specbitsmap_ln0 = specbitsmap void @_ssdm_op_SpecBitsMap, i33 %layer2_out_39"   --->   Operation 91 'specbitsmap' 'specbitsmap_ln0' <Predicate = true> <Delay = 0.00>
ST_4 : Operation 92 [1/1] (0.00ns)   --->   "%specinterface_ln0 = specinterface void @_ssdm_op_SpecInterface, i33 %layer2_out_39, void @empty, i32 0, i32 0, void @empty_0, i32 0, i32 0, void @empty_0, void @empty_0, void @empty_0, i32 0, i32 0, i32 0, i32 0, void @empty_0, void @empty_0, i32 4294967295, i32 0"   --->   Operation 92 'specinterface' 'specinterface_ln0' <Predicate = true> <Delay = 0.00>
ST_4 : Operation 93 [1/1] (0.00ns)   --->   "%specbitsmap_ln0 = specbitsmap void @_ssdm_op_SpecBitsMap, i33 %layer2_out_40"   --->   Operation 93 'specbitsmap' 'specbitsmap_ln0' <Predicate = true> <Delay = 0.00>
ST_4 : Operation 94 [1/1] (0.00ns)   --->   "%specinterface_ln0 = specinterface void @_ssdm_op_SpecInterface, i33 %layer2_out_40, void @empty, i32 0, i32 0, void @empty_0, i32 0, i32 0, void @empty_0, void @empty_0, void @empty_0, i32 0, i32 0, i32 0, i32 0, void @empty_0, void @empty_0, i32 4294967295, i32 0"   --->   Operation 94 'specinterface' 'specinterface_ln0' <Predicate = true> <Delay = 0.00>
ST_4 : Operation 95 [1/1] (0.00ns)   --->   "%specbitsmap_ln0 = specbitsmap void @_ssdm_op_SpecBitsMap, i33 %layer2_out_41"   --->   Operation 95 'specbitsmap' 'specbitsmap_ln0' <Predicate = true> <Delay = 0.00>
ST_4 : Operation 96 [1/1] (0.00ns)   --->   "%specinterface_ln0 = specinterface void @_ssdm_op_SpecInterface, i33 %layer2_out_41, void @empty, i32 0, i32 0, void @empty_0, i32 0, i32 0, void @empty_0, void @empty_0, void @empty_0, i32 0, i32 0, i32 0, i32 0, void @empty_0, void @empty_0, i32 4294967295, i32 0"   --->   Operation 96 'specinterface' 'specinterface_ln0' <Predicate = true> <Delay = 0.00>
ST_4 : Operation 97 [1/1] (0.00ns)   --->   "%specbitsmap_ln0 = specbitsmap void @_ssdm_op_SpecBitsMap, i33 %layer2_out_42"   --->   Operation 97 'specbitsmap' 'specbitsmap_ln0' <Predicate = true> <Delay = 0.00>
ST_4 : Operation 98 [1/1] (0.00ns)   --->   "%specinterface_ln0 = specinterface void @_ssdm_op_SpecInterface, i33 %layer2_out_42, void @empty, i32 0, i32 0, void @empty_0, i32 0, i32 0, void @empty_0, void @empty_0, void @empty_0, i32 0, i32 0, i32 0, i32 0, void @empty_0, void @empty_0, i32 4294967295, i32 0"   --->   Operation 98 'specinterface' 'specinterface_ln0' <Predicate = true> <Delay = 0.00>
ST_4 : Operation 99 [1/1] (0.00ns)   --->   "%specbitsmap_ln0 = specbitsmap void @_ssdm_op_SpecBitsMap, i33 %layer2_out_43"   --->   Operation 99 'specbitsmap' 'specbitsmap_ln0' <Predicate = true> <Delay = 0.00>
ST_4 : Operation 100 [1/1] (0.00ns)   --->   "%specinterface_ln0 = specinterface void @_ssdm_op_SpecInterface, i33 %layer2_out_43, void @empty, i32 0, i32 0, void @empty_0, i32 0, i32 0, void @empty_0, void @empty_0, void @empty_0, i32 0, i32 0, i32 0, i32 0, void @empty_0, void @empty_0, i32 4294967295, i32 0"   --->   Operation 100 'specinterface' 'specinterface_ln0' <Predicate = true> <Delay = 0.00>
ST_4 : Operation 101 [1/1] (0.00ns)   --->   "%specbitsmap_ln0 = specbitsmap void @_ssdm_op_SpecBitsMap, i33 %layer2_out_44"   --->   Operation 101 'specbitsmap' 'specbitsmap_ln0' <Predicate = true> <Delay = 0.00>
ST_4 : Operation 102 [1/1] (0.00ns)   --->   "%specinterface_ln0 = specinterface void @_ssdm_op_SpecInterface, i33 %layer2_out_44, void @empty, i32 0, i32 0, void @empty_0, i32 0, i32 0, void @empty_0, void @empty_0, void @empty_0, i32 0, i32 0, i32 0, i32 0, void @empty_0, void @empty_0, i32 4294967295, i32 0"   --->   Operation 102 'specinterface' 'specinterface_ln0' <Predicate = true> <Delay = 0.00>
ST_4 : Operation 103 [1/1] (0.00ns)   --->   "%specbitsmap_ln0 = specbitsmap void @_ssdm_op_SpecBitsMap, i33 %layer2_out_45"   --->   Operation 103 'specbitsmap' 'specbitsmap_ln0' <Predicate = true> <Delay = 0.00>
ST_4 : Operation 104 [1/1] (0.00ns)   --->   "%specinterface_ln0 = specinterface void @_ssdm_op_SpecInterface, i33 %layer2_out_45, void @empty, i32 0, i32 0, void @empty_0, i32 0, i32 0, void @empty_0, void @empty_0, void @empty_0, i32 0, i32 0, i32 0, i32 0, void @empty_0, void @empty_0, i32 4294967295, i32 0"   --->   Operation 104 'specinterface' 'specinterface_ln0' <Predicate = true> <Delay = 0.00>
ST_4 : Operation 105 [1/1] (0.00ns)   --->   "%specbitsmap_ln0 = specbitsmap void @_ssdm_op_SpecBitsMap, i33 %layer2_out_46"   --->   Operation 105 'specbitsmap' 'specbitsmap_ln0' <Predicate = true> <Delay = 0.00>
ST_4 : Operation 106 [1/1] (0.00ns)   --->   "%specinterface_ln0 = specinterface void @_ssdm_op_SpecInterface, i33 %layer2_out_46, void @empty, i32 0, i32 0, void @empty_0, i32 0, i32 0, void @empty_0, void @empty_0, void @empty_0, i32 0, i32 0, i32 0, i32 0, void @empty_0, void @empty_0, i32 4294967295, i32 0"   --->   Operation 106 'specinterface' 'specinterface_ln0' <Predicate = true> <Delay = 0.00>
ST_4 : Operation 107 [1/1] (0.00ns)   --->   "%specbitsmap_ln0 = specbitsmap void @_ssdm_op_SpecBitsMap, i33 %layer2_out_47"   --->   Operation 107 'specbitsmap' 'specbitsmap_ln0' <Predicate = true> <Delay = 0.00>
ST_4 : Operation 108 [1/1] (0.00ns)   --->   "%specinterface_ln0 = specinterface void @_ssdm_op_SpecInterface, i33 %layer2_out_47, void @empty, i32 0, i32 0, void @empty_0, i32 0, i32 0, void @empty_0, void @empty_0, void @empty_0, i32 0, i32 0, i32 0, i32 0, void @empty_0, void @empty_0, i32 4294967295, i32 0"   --->   Operation 108 'specinterface' 'specinterface_ln0' <Predicate = true> <Delay = 0.00>
ST_4 : Operation 109 [1/1] (0.00ns)   --->   "%specbitsmap_ln0 = specbitsmap void @_ssdm_op_SpecBitsMap, i33 %layer2_out_48"   --->   Operation 109 'specbitsmap' 'specbitsmap_ln0' <Predicate = true> <Delay = 0.00>
ST_4 : Operation 110 [1/1] (0.00ns)   --->   "%specinterface_ln0 = specinterface void @_ssdm_op_SpecInterface, i33 %layer2_out_48, void @empty, i32 0, i32 0, void @empty_0, i32 0, i32 0, void @empty_0, void @empty_0, void @empty_0, i32 0, i32 0, i32 0, i32 0, void @empty_0, void @empty_0, i32 4294967295, i32 0"   --->   Operation 110 'specinterface' 'specinterface_ln0' <Predicate = true> <Delay = 0.00>
ST_4 : Operation 111 [1/1] (0.00ns)   --->   "%specbitsmap_ln0 = specbitsmap void @_ssdm_op_SpecBitsMap, i33 %layer2_out_49"   --->   Operation 111 'specbitsmap' 'specbitsmap_ln0' <Predicate = true> <Delay = 0.00>
ST_4 : Operation 112 [1/1] (0.00ns)   --->   "%specinterface_ln0 = specinterface void @_ssdm_op_SpecInterface, i33 %layer2_out_49, void @empty, i32 0, i32 0, void @empty_0, i32 0, i32 0, void @empty_0, void @empty_0, void @empty_0, i32 0, i32 0, i32 0, i32 0, void @empty_0, void @empty_0, i32 4294967295, i32 0"   --->   Operation 112 'specinterface' 'specinterface_ln0' <Predicate = true> <Delay = 0.00>
ST_4 : Operation 113 [1/1] (0.00ns)   --->   "%specbitsmap_ln0 = specbitsmap void @_ssdm_op_SpecBitsMap, i33 %layer2_out_50"   --->   Operation 113 'specbitsmap' 'specbitsmap_ln0' <Predicate = true> <Delay = 0.00>
ST_4 : Operation 114 [1/1] (0.00ns)   --->   "%specinterface_ln0 = specinterface void @_ssdm_op_SpecInterface, i33 %layer2_out_50, void @empty, i32 0, i32 0, void @empty_0, i32 0, i32 0, void @empty_0, void @empty_0, void @empty_0, i32 0, i32 0, i32 0, i32 0, void @empty_0, void @empty_0, i32 4294967295, i32 0"   --->   Operation 114 'specinterface' 'specinterface_ln0' <Predicate = true> <Delay = 0.00>
ST_4 : Operation 115 [1/1] (0.00ns)   --->   "%specbitsmap_ln0 = specbitsmap void @_ssdm_op_SpecBitsMap, i33 %layer2_out_51"   --->   Operation 115 'specbitsmap' 'specbitsmap_ln0' <Predicate = true> <Delay = 0.00>
ST_4 : Operation 116 [1/1] (0.00ns)   --->   "%specinterface_ln0 = specinterface void @_ssdm_op_SpecInterface, i33 %layer2_out_51, void @empty, i32 0, i32 0, void @empty_0, i32 0, i32 0, void @empty_0, void @empty_0, void @empty_0, i32 0, i32 0, i32 0, i32 0, void @empty_0, void @empty_0, i32 4294967295, i32 0"   --->   Operation 116 'specinterface' 'specinterface_ln0' <Predicate = true> <Delay = 0.00>
ST_4 : Operation 117 [1/1] (0.00ns)   --->   "%specbitsmap_ln0 = specbitsmap void @_ssdm_op_SpecBitsMap, i33 %layer2_out_52"   --->   Operation 117 'specbitsmap' 'specbitsmap_ln0' <Predicate = true> <Delay = 0.00>
ST_4 : Operation 118 [1/1] (0.00ns)   --->   "%specinterface_ln0 = specinterface void @_ssdm_op_SpecInterface, i33 %layer2_out_52, void @empty, i32 0, i32 0, void @empty_0, i32 0, i32 0, void @empty_0, void @empty_0, void @empty_0, i32 0, i32 0, i32 0, i32 0, void @empty_0, void @empty_0, i32 4294967295, i32 0"   --->   Operation 118 'specinterface' 'specinterface_ln0' <Predicate = true> <Delay = 0.00>
ST_4 : Operation 119 [1/1] (0.00ns)   --->   "%specbitsmap_ln0 = specbitsmap void @_ssdm_op_SpecBitsMap, i33 %layer2_out_53"   --->   Operation 119 'specbitsmap' 'specbitsmap_ln0' <Predicate = true> <Delay = 0.00>
ST_4 : Operation 120 [1/1] (0.00ns)   --->   "%specinterface_ln0 = specinterface void @_ssdm_op_SpecInterface, i33 %layer2_out_53, void @empty, i32 0, i32 0, void @empty_0, i32 0, i32 0, void @empty_0, void @empty_0, void @empty_0, i32 0, i32 0, i32 0, i32 0, void @empty_0, void @empty_0, i32 4294967295, i32 0"   --->   Operation 120 'specinterface' 'specinterface_ln0' <Predicate = true> <Delay = 0.00>
ST_4 : Operation 121 [1/1] (0.00ns)   --->   "%specbitsmap_ln0 = specbitsmap void @_ssdm_op_SpecBitsMap, i33 %layer2_out_54"   --->   Operation 121 'specbitsmap' 'specbitsmap_ln0' <Predicate = true> <Delay = 0.00>
ST_4 : Operation 122 [1/1] (0.00ns)   --->   "%specinterface_ln0 = specinterface void @_ssdm_op_SpecInterface, i33 %layer2_out_54, void @empty, i32 0, i32 0, void @empty_0, i32 0, i32 0, void @empty_0, void @empty_0, void @empty_0, i32 0, i32 0, i32 0, i32 0, void @empty_0, void @empty_0, i32 4294967295, i32 0"   --->   Operation 122 'specinterface' 'specinterface_ln0' <Predicate = true> <Delay = 0.00>
ST_4 : Operation 123 [1/1] (0.00ns)   --->   "%specbitsmap_ln0 = specbitsmap void @_ssdm_op_SpecBitsMap, i33 %layer2_out_55"   --->   Operation 123 'specbitsmap' 'specbitsmap_ln0' <Predicate = true> <Delay = 0.00>
ST_4 : Operation 124 [1/1] (0.00ns)   --->   "%specinterface_ln0 = specinterface void @_ssdm_op_SpecInterface, i33 %layer2_out_55, void @empty, i32 0, i32 0, void @empty_0, i32 0, i32 0, void @empty_0, void @empty_0, void @empty_0, i32 0, i32 0, i32 0, i32 0, void @empty_0, void @empty_0, i32 4294967295, i32 0"   --->   Operation 124 'specinterface' 'specinterface_ln0' <Predicate = true> <Delay = 0.00>
ST_4 : Operation 125 [1/1] (0.00ns)   --->   "%specbitsmap_ln0 = specbitsmap void @_ssdm_op_SpecBitsMap, i33 %layer2_out_56"   --->   Operation 125 'specbitsmap' 'specbitsmap_ln0' <Predicate = true> <Delay = 0.00>
ST_4 : Operation 126 [1/1] (0.00ns)   --->   "%specinterface_ln0 = specinterface void @_ssdm_op_SpecInterface, i33 %layer2_out_56, void @empty, i32 0, i32 0, void @empty_0, i32 0, i32 0, void @empty_0, void @empty_0, void @empty_0, i32 0, i32 0, i32 0, i32 0, void @empty_0, void @empty_0, i32 4294967295, i32 0"   --->   Operation 126 'specinterface' 'specinterface_ln0' <Predicate = true> <Delay = 0.00>
ST_4 : Operation 127 [1/1] (0.00ns)   --->   "%specbitsmap_ln0 = specbitsmap void @_ssdm_op_SpecBitsMap, i33 %layer2_out_57"   --->   Operation 127 'specbitsmap' 'specbitsmap_ln0' <Predicate = true> <Delay = 0.00>
ST_4 : Operation 128 [1/1] (0.00ns)   --->   "%specinterface_ln0 = specinterface void @_ssdm_op_SpecInterface, i33 %layer2_out_57, void @empty, i32 0, i32 0, void @empty_0, i32 0, i32 0, void @empty_0, void @empty_0, void @empty_0, i32 0, i32 0, i32 0, i32 0, void @empty_0, void @empty_0, i32 4294967295, i32 0"   --->   Operation 128 'specinterface' 'specinterface_ln0' <Predicate = true> <Delay = 0.00>
ST_4 : Operation 129 [1/1] (0.00ns)   --->   "%specbitsmap_ln0 = specbitsmap void @_ssdm_op_SpecBitsMap, i33 %layer2_out_58"   --->   Operation 129 'specbitsmap' 'specbitsmap_ln0' <Predicate = true> <Delay = 0.00>
ST_4 : Operation 130 [1/1] (0.00ns)   --->   "%specinterface_ln0 = specinterface void @_ssdm_op_SpecInterface, i33 %layer2_out_58, void @empty, i32 0, i32 0, void @empty_0, i32 0, i32 0, void @empty_0, void @empty_0, void @empty_0, i32 0, i32 0, i32 0, i32 0, void @empty_0, void @empty_0, i32 4294967295, i32 0"   --->   Operation 130 'specinterface' 'specinterface_ln0' <Predicate = true> <Delay = 0.00>
ST_4 : Operation 131 [1/1] (0.00ns)   --->   "%specbitsmap_ln0 = specbitsmap void @_ssdm_op_SpecBitsMap, i33 %layer2_out_59"   --->   Operation 131 'specbitsmap' 'specbitsmap_ln0' <Predicate = true> <Delay = 0.00>
ST_4 : Operation 132 [1/1] (0.00ns)   --->   "%specinterface_ln0 = specinterface void @_ssdm_op_SpecInterface, i33 %layer2_out_59, void @empty, i32 0, i32 0, void @empty_0, i32 0, i32 0, void @empty_0, void @empty_0, void @empty_0, i32 0, i32 0, i32 0, i32 0, void @empty_0, void @empty_0, i32 4294967295, i32 0"   --->   Operation 132 'specinterface' 'specinterface_ln0' <Predicate = true> <Delay = 0.00>
ST_4 : Operation 133 [1/1] (0.00ns)   --->   "%specbitsmap_ln0 = specbitsmap void @_ssdm_op_SpecBitsMap, i33 %layer2_out_60"   --->   Operation 133 'specbitsmap' 'specbitsmap_ln0' <Predicate = true> <Delay = 0.00>
ST_4 : Operation 134 [1/1] (0.00ns)   --->   "%specinterface_ln0 = specinterface void @_ssdm_op_SpecInterface, i33 %layer2_out_60, void @empty, i32 0, i32 0, void @empty_0, i32 0, i32 0, void @empty_0, void @empty_0, void @empty_0, i32 0, i32 0, i32 0, i32 0, void @empty_0, void @empty_0, i32 4294967295, i32 0"   --->   Operation 134 'specinterface' 'specinterface_ln0' <Predicate = true> <Delay = 0.00>
ST_4 : Operation 135 [1/1] (0.00ns)   --->   "%specbitsmap_ln0 = specbitsmap void @_ssdm_op_SpecBitsMap, i33 %layer2_out_61"   --->   Operation 135 'specbitsmap' 'specbitsmap_ln0' <Predicate = true> <Delay = 0.00>
ST_4 : Operation 136 [1/1] (0.00ns)   --->   "%specinterface_ln0 = specinterface void @_ssdm_op_SpecInterface, i33 %layer2_out_61, void @empty, i32 0, i32 0, void @empty_0, i32 0, i32 0, void @empty_0, void @empty_0, void @empty_0, i32 0, i32 0, i32 0, i32 0, void @empty_0, void @empty_0, i32 4294967295, i32 0"   --->   Operation 136 'specinterface' 'specinterface_ln0' <Predicate = true> <Delay = 0.00>
ST_4 : Operation 137 [1/1] (0.00ns)   --->   "%specbitsmap_ln0 = specbitsmap void @_ssdm_op_SpecBitsMap, i33 %layer2_out_62"   --->   Operation 137 'specbitsmap' 'specbitsmap_ln0' <Predicate = true> <Delay = 0.00>
ST_4 : Operation 138 [1/1] (0.00ns)   --->   "%specinterface_ln0 = specinterface void @_ssdm_op_SpecInterface, i33 %layer2_out_62, void @empty, i32 0, i32 0, void @empty_0, i32 0, i32 0, void @empty_0, void @empty_0, void @empty_0, i32 0, i32 0, i32 0, i32 0, void @empty_0, void @empty_0, i32 4294967295, i32 0"   --->   Operation 138 'specinterface' 'specinterface_ln0' <Predicate = true> <Delay = 0.00>
ST_4 : Operation 139 [1/1] (0.00ns)   --->   "%specbitsmap_ln0 = specbitsmap void @_ssdm_op_SpecBitsMap, i33 %layer2_out_63"   --->   Operation 139 'specbitsmap' 'specbitsmap_ln0' <Predicate = true> <Delay = 0.00>
ST_4 : Operation 140 [1/1] (0.00ns)   --->   "%specinterface_ln0 = specinterface void @_ssdm_op_SpecInterface, i33 %layer2_out_63, void @empty, i32 0, i32 0, void @empty_0, i32 0, i32 0, void @empty_0, void @empty_0, void @empty_0, i32 0, i32 0, i32 0, i32 0, void @empty_0, void @empty_0, i32 4294967295, i32 0"   --->   Operation 140 'specinterface' 'specinterface_ln0' <Predicate = true> <Delay = 0.00>
ST_4 : Operation 141 [1/1] (0.00ns)   --->   "%specbitsmap_ln0 = specbitsmap void @_ssdm_op_SpecBitsMap, i33 %layer2_out_64"   --->   Operation 141 'specbitsmap' 'specbitsmap_ln0' <Predicate = true> <Delay = 0.00>
ST_4 : Operation 142 [1/1] (0.00ns)   --->   "%specinterface_ln0 = specinterface void @_ssdm_op_SpecInterface, i33 %layer2_out_64, void @empty, i32 0, i32 0, void @empty_0, i32 0, i32 0, void @empty_0, void @empty_0, void @empty_0, i32 0, i32 0, i32 0, i32 0, void @empty_0, void @empty_0, i32 4294967295, i32 0"   --->   Operation 142 'specinterface' 'specinterface_ln0' <Predicate = true> <Delay = 0.00>
ST_4 : Operation 143 [1/1] (0.00ns)   --->   "%specbitsmap_ln0 = specbitsmap void @_ssdm_op_SpecBitsMap, i33 %layer2_out_65"   --->   Operation 143 'specbitsmap' 'specbitsmap_ln0' <Predicate = true> <Delay = 0.00>
ST_4 : Operation 144 [1/1] (0.00ns)   --->   "%specinterface_ln0 = specinterface void @_ssdm_op_SpecInterface, i33 %layer2_out_65, void @empty, i32 0, i32 0, void @empty_0, i32 0, i32 0, void @empty_0, void @empty_0, void @empty_0, i32 0, i32 0, i32 0, i32 0, void @empty_0, void @empty_0, i32 4294967295, i32 0"   --->   Operation 144 'specinterface' 'specinterface_ln0' <Predicate = true> <Delay = 0.00>
ST_4 : Operation 145 [1/1] (0.00ns)   --->   "%specbitsmap_ln0 = specbitsmap void @_ssdm_op_SpecBitsMap, i33 %layer2_out_66"   --->   Operation 145 'specbitsmap' 'specbitsmap_ln0' <Predicate = true> <Delay = 0.00>
ST_4 : Operation 146 [1/1] (0.00ns)   --->   "%specinterface_ln0 = specinterface void @_ssdm_op_SpecInterface, i33 %layer2_out_66, void @empty, i32 0, i32 0, void @empty_0, i32 0, i32 0, void @empty_0, void @empty_0, void @empty_0, i32 0, i32 0, i32 0, i32 0, void @empty_0, void @empty_0, i32 4294967295, i32 0"   --->   Operation 146 'specinterface' 'specinterface_ln0' <Predicate = true> <Delay = 0.00>
ST_4 : Operation 147 [1/1] (0.00ns)   --->   "%specbitsmap_ln0 = specbitsmap void @_ssdm_op_SpecBitsMap, i33 %layer2_out_67"   --->   Operation 147 'specbitsmap' 'specbitsmap_ln0' <Predicate = true> <Delay = 0.00>
ST_4 : Operation 148 [1/1] (0.00ns)   --->   "%specinterface_ln0 = specinterface void @_ssdm_op_SpecInterface, i33 %layer2_out_67, void @empty, i32 0, i32 0, void @empty_0, i32 0, i32 0, void @empty_0, void @empty_0, void @empty_0, i32 0, i32 0, i32 0, i32 0, void @empty_0, void @empty_0, i32 4294967295, i32 0"   --->   Operation 148 'specinterface' 'specinterface_ln0' <Predicate = true> <Delay = 0.00>
ST_4 : Operation 149 [1/1] (0.00ns)   --->   "%specbitsmap_ln0 = specbitsmap void @_ssdm_op_SpecBitsMap, i33 %layer2_out_68"   --->   Operation 149 'specbitsmap' 'specbitsmap_ln0' <Predicate = true> <Delay = 0.00>
ST_4 : Operation 150 [1/1] (0.00ns)   --->   "%specinterface_ln0 = specinterface void @_ssdm_op_SpecInterface, i33 %layer2_out_68, void @empty, i32 0, i32 0, void @empty_0, i32 0, i32 0, void @empty_0, void @empty_0, void @empty_0, i32 0, i32 0, i32 0, i32 0, void @empty_0, void @empty_0, i32 4294967295, i32 0"   --->   Operation 150 'specinterface' 'specinterface_ln0' <Predicate = true> <Delay = 0.00>
ST_4 : Operation 151 [1/1] (0.00ns)   --->   "%specbitsmap_ln0 = specbitsmap void @_ssdm_op_SpecBitsMap, i33 %layer2_out_69"   --->   Operation 151 'specbitsmap' 'specbitsmap_ln0' <Predicate = true> <Delay = 0.00>
ST_4 : Operation 152 [1/1] (0.00ns)   --->   "%specinterface_ln0 = specinterface void @_ssdm_op_SpecInterface, i33 %layer2_out_69, void @empty, i32 0, i32 0, void @empty_0, i32 0, i32 0, void @empty_0, void @empty_0, void @empty_0, i32 0, i32 0, i32 0, i32 0, void @empty_0, void @empty_0, i32 4294967295, i32 0"   --->   Operation 152 'specinterface' 'specinterface_ln0' <Predicate = true> <Delay = 0.00>
ST_4 : Operation 153 [1/1] (0.00ns)   --->   "%specbitsmap_ln0 = specbitsmap void @_ssdm_op_SpecBitsMap, i33 %layer2_out_70"   --->   Operation 153 'specbitsmap' 'specbitsmap_ln0' <Predicate = true> <Delay = 0.00>
ST_4 : Operation 154 [1/1] (0.00ns)   --->   "%specinterface_ln0 = specinterface void @_ssdm_op_SpecInterface, i33 %layer2_out_70, void @empty, i32 0, i32 0, void @empty_0, i32 0, i32 0, void @empty_0, void @empty_0, void @empty_0, i32 0, i32 0, i32 0, i32 0, void @empty_0, void @empty_0, i32 4294967295, i32 0"   --->   Operation 154 'specinterface' 'specinterface_ln0' <Predicate = true> <Delay = 0.00>
ST_4 : Operation 155 [1/1] (0.00ns)   --->   "%specbitsmap_ln0 = specbitsmap void @_ssdm_op_SpecBitsMap, i33 %layer2_out_71"   --->   Operation 155 'specbitsmap' 'specbitsmap_ln0' <Predicate = true> <Delay = 0.00>
ST_4 : Operation 156 [1/1] (0.00ns)   --->   "%specinterface_ln0 = specinterface void @_ssdm_op_SpecInterface, i33 %layer2_out_71, void @empty, i32 0, i32 0, void @empty_0, i32 0, i32 0, void @empty_0, void @empty_0, void @empty_0, i32 0, i32 0, i32 0, i32 0, void @empty_0, void @empty_0, i32 4294967295, i32 0"   --->   Operation 156 'specinterface' 'specinterface_ln0' <Predicate = true> <Delay = 0.00>
ST_4 : Operation 157 [1/1] (0.00ns)   --->   "%specbitsmap_ln0 = specbitsmap void @_ssdm_op_SpecBitsMap, i33 %layer2_out_72"   --->   Operation 157 'specbitsmap' 'specbitsmap_ln0' <Predicate = true> <Delay = 0.00>
ST_4 : Operation 158 [1/1] (0.00ns)   --->   "%specinterface_ln0 = specinterface void @_ssdm_op_SpecInterface, i33 %layer2_out_72, void @empty, i32 0, i32 0, void @empty_0, i32 0, i32 0, void @empty_0, void @empty_0, void @empty_0, i32 0, i32 0, i32 0, i32 0, void @empty_0, void @empty_0, i32 4294967295, i32 0"   --->   Operation 158 'specinterface' 'specinterface_ln0' <Predicate = true> <Delay = 0.00>
ST_4 : Operation 159 [1/1] (0.00ns)   --->   "%specbitsmap_ln0 = specbitsmap void @_ssdm_op_SpecBitsMap, i33 %layer2_out_73"   --->   Operation 159 'specbitsmap' 'specbitsmap_ln0' <Predicate = true> <Delay = 0.00>
ST_4 : Operation 160 [1/1] (0.00ns)   --->   "%specinterface_ln0 = specinterface void @_ssdm_op_SpecInterface, i33 %layer2_out_73, void @empty, i32 0, i32 0, void @empty_0, i32 0, i32 0, void @empty_0, void @empty_0, void @empty_0, i32 0, i32 0, i32 0, i32 0, void @empty_0, void @empty_0, i32 4294967295, i32 0"   --->   Operation 160 'specinterface' 'specinterface_ln0' <Predicate = true> <Delay = 0.00>
ST_4 : Operation 161 [1/1] (0.00ns)   --->   "%specbitsmap_ln0 = specbitsmap void @_ssdm_op_SpecBitsMap, i33 %layer2_out_74"   --->   Operation 161 'specbitsmap' 'specbitsmap_ln0' <Predicate = true> <Delay = 0.00>
ST_4 : Operation 162 [1/1] (0.00ns)   --->   "%specinterface_ln0 = specinterface void @_ssdm_op_SpecInterface, i33 %layer2_out_74, void @empty, i32 0, i32 0, void @empty_0, i32 0, i32 0, void @empty_0, void @empty_0, void @empty_0, i32 0, i32 0, i32 0, i32 0, void @empty_0, void @empty_0, i32 4294967295, i32 0"   --->   Operation 162 'specinterface' 'specinterface_ln0' <Predicate = true> <Delay = 0.00>
ST_4 : Operation 163 [1/1] (0.00ns)   --->   "%specbitsmap_ln0 = specbitsmap void @_ssdm_op_SpecBitsMap, i33 %layer2_out_75"   --->   Operation 163 'specbitsmap' 'specbitsmap_ln0' <Predicate = true> <Delay = 0.00>
ST_4 : Operation 164 [1/1] (0.00ns)   --->   "%specinterface_ln0 = specinterface void @_ssdm_op_SpecInterface, i33 %layer2_out_75, void @empty, i32 0, i32 0, void @empty_0, i32 0, i32 0, void @empty_0, void @empty_0, void @empty_0, i32 0, i32 0, i32 0, i32 0, void @empty_0, void @empty_0, i32 4294967295, i32 0"   --->   Operation 164 'specinterface' 'specinterface_ln0' <Predicate = true> <Delay = 0.00>
ST_4 : Operation 165 [1/1] (0.00ns)   --->   "%specbitsmap_ln0 = specbitsmap void @_ssdm_op_SpecBitsMap, i33 %layer2_out_76"   --->   Operation 165 'specbitsmap' 'specbitsmap_ln0' <Predicate = true> <Delay = 0.00>
ST_4 : Operation 166 [1/1] (0.00ns)   --->   "%specinterface_ln0 = specinterface void @_ssdm_op_SpecInterface, i33 %layer2_out_76, void @empty, i32 0, i32 0, void @empty_0, i32 0, i32 0, void @empty_0, void @empty_0, void @empty_0, i32 0, i32 0, i32 0, i32 0, void @empty_0, void @empty_0, i32 4294967295, i32 0"   --->   Operation 166 'specinterface' 'specinterface_ln0' <Predicate = true> <Delay = 0.00>
ST_4 : Operation 167 [1/1] (0.00ns)   --->   "%specbitsmap_ln0 = specbitsmap void @_ssdm_op_SpecBitsMap, i33 %layer2_out_77"   --->   Operation 167 'specbitsmap' 'specbitsmap_ln0' <Predicate = true> <Delay = 0.00>
ST_4 : Operation 168 [1/1] (0.00ns)   --->   "%specinterface_ln0 = specinterface void @_ssdm_op_SpecInterface, i33 %layer2_out_77, void @empty, i32 0, i32 0, void @empty_0, i32 0, i32 0, void @empty_0, void @empty_0, void @empty_0, i32 0, i32 0, i32 0, i32 0, void @empty_0, void @empty_0, i32 4294967295, i32 0"   --->   Operation 168 'specinterface' 'specinterface_ln0' <Predicate = true> <Delay = 0.00>
ST_4 : Operation 169 [1/1] (0.00ns)   --->   "%specbitsmap_ln0 = specbitsmap void @_ssdm_op_SpecBitsMap, i33 %layer2_out_78"   --->   Operation 169 'specbitsmap' 'specbitsmap_ln0' <Predicate = true> <Delay = 0.00>
ST_4 : Operation 170 [1/1] (0.00ns)   --->   "%specinterface_ln0 = specinterface void @_ssdm_op_SpecInterface, i33 %layer2_out_78, void @empty, i32 0, i32 0, void @empty_0, i32 0, i32 0, void @empty_0, void @empty_0, void @empty_0, i32 0, i32 0, i32 0, i32 0, void @empty_0, void @empty_0, i32 4294967295, i32 0"   --->   Operation 170 'specinterface' 'specinterface_ln0' <Predicate = true> <Delay = 0.00>
ST_4 : Operation 171 [1/1] (0.00ns)   --->   "%specbitsmap_ln0 = specbitsmap void @_ssdm_op_SpecBitsMap, i33 %layer2_out_79"   --->   Operation 171 'specbitsmap' 'specbitsmap_ln0' <Predicate = true> <Delay = 0.00>
ST_4 : Operation 172 [1/1] (0.00ns)   --->   "%specinterface_ln0 = specinterface void @_ssdm_op_SpecInterface, i33 %layer2_out_79, void @empty, i32 0, i32 0, void @empty_0, i32 0, i32 0, void @empty_0, void @empty_0, void @empty_0, i32 0, i32 0, i32 0, i32 0, void @empty_0, void @empty_0, i32 4294967295, i32 0"   --->   Operation 172 'specinterface' 'specinterface_ln0' <Predicate = true> <Delay = 0.00>
ST_4 : Operation 173 [1/4] (3.31ns)   --->   "%call_ret = call i2640 @layernormalize<ap_fixed<16, 6, 5, 3, 0>, ap_fixed<33, 13, 5, 3, 0>, config2>, i1280 %layer_normalization_input_read, i15 %invert_sqr_table" [firmware/myproject.cpp:32]   --->   Operation 173 'call' 'call_ret' <Predicate = true> <Delay = 3.31> <CoreType = "Generic">   --->   Core 0 '' <Latency = 0> <II = 1> <Delay = 1.00> <Generic> <Opcode : >
ST_4 : Operation 174 [1/1] (0.00ns)   --->   "%layer2_out_0_ret = extractvalue i2640 %call_ret" [firmware/myproject.cpp:32]   --->   Operation 174 'extractvalue' 'layer2_out_0_ret' <Predicate = true> <Delay = 0.00>
ST_4 : Operation 175 [1/1] (0.00ns)   --->   "%write_ln32 = write void @_ssdm_op_Write.ap_vld.i33P0A, i33 %layer2_out_0, i33 %layer2_out_0_ret" [firmware/myproject.cpp:32]   --->   Operation 175 'write' 'write_ln32' <Predicate = true> <Delay = 0.00>
ST_4 : Operation 176 [1/1] (0.00ns)   --->   "%layer2_out_1_ret = extractvalue i2640 %call_ret" [firmware/myproject.cpp:32]   --->   Operation 176 'extractvalue' 'layer2_out_1_ret' <Predicate = true> <Delay = 0.00>
ST_4 : Operation 177 [1/1] (0.00ns)   --->   "%write_ln32 = write void @_ssdm_op_Write.ap_vld.i33P0A, i33 %layer2_out_1, i33 %layer2_out_1_ret" [firmware/myproject.cpp:32]   --->   Operation 177 'write' 'write_ln32' <Predicate = true> <Delay = 0.00>
ST_4 : Operation 178 [1/1] (0.00ns)   --->   "%layer2_out_2_ret = extractvalue i2640 %call_ret" [firmware/myproject.cpp:32]   --->   Operation 178 'extractvalue' 'layer2_out_2_ret' <Predicate = true> <Delay = 0.00>
ST_4 : Operation 179 [1/1] (0.00ns)   --->   "%write_ln32 = write void @_ssdm_op_Write.ap_vld.i33P0A, i33 %layer2_out_2, i33 %layer2_out_2_ret" [firmware/myproject.cpp:32]   --->   Operation 179 'write' 'write_ln32' <Predicate = true> <Delay = 0.00>
ST_4 : Operation 180 [1/1] (0.00ns)   --->   "%layer2_out_3_ret = extractvalue i2640 %call_ret" [firmware/myproject.cpp:32]   --->   Operation 180 'extractvalue' 'layer2_out_3_ret' <Predicate = true> <Delay = 0.00>
ST_4 : Operation 181 [1/1] (0.00ns)   --->   "%write_ln32 = write void @_ssdm_op_Write.ap_vld.i33P0A, i33 %layer2_out_3, i33 %layer2_out_3_ret" [firmware/myproject.cpp:32]   --->   Operation 181 'write' 'write_ln32' <Predicate = true> <Delay = 0.00>
ST_4 : Operation 182 [1/1] (0.00ns)   --->   "%layer2_out_4_ret = extractvalue i2640 %call_ret" [firmware/myproject.cpp:32]   --->   Operation 182 'extractvalue' 'layer2_out_4_ret' <Predicate = true> <Delay = 0.00>
ST_4 : Operation 183 [1/1] (0.00ns)   --->   "%write_ln32 = write void @_ssdm_op_Write.ap_vld.i33P0A, i33 %layer2_out_4, i33 %layer2_out_4_ret" [firmware/myproject.cpp:32]   --->   Operation 183 'write' 'write_ln32' <Predicate = true> <Delay = 0.00>
ST_4 : Operation 184 [1/1] (0.00ns)   --->   "%layer2_out_5_ret = extractvalue i2640 %call_ret" [firmware/myproject.cpp:32]   --->   Operation 184 'extractvalue' 'layer2_out_5_ret' <Predicate = true> <Delay = 0.00>
ST_4 : Operation 185 [1/1] (0.00ns)   --->   "%write_ln32 = write void @_ssdm_op_Write.ap_vld.i33P0A, i33 %layer2_out_5, i33 %layer2_out_5_ret" [firmware/myproject.cpp:32]   --->   Operation 185 'write' 'write_ln32' <Predicate = true> <Delay = 0.00>
ST_4 : Operation 186 [1/1] (0.00ns)   --->   "%layer2_out_6_ret = extractvalue i2640 %call_ret" [firmware/myproject.cpp:32]   --->   Operation 186 'extractvalue' 'layer2_out_6_ret' <Predicate = true> <Delay = 0.00>
ST_4 : Operation 187 [1/1] (0.00ns)   --->   "%write_ln32 = write void @_ssdm_op_Write.ap_vld.i33P0A, i33 %layer2_out_6, i33 %layer2_out_6_ret" [firmware/myproject.cpp:32]   --->   Operation 187 'write' 'write_ln32' <Predicate = true> <Delay = 0.00>
ST_4 : Operation 188 [1/1] (0.00ns)   --->   "%layer2_out_7_ret = extractvalue i2640 %call_ret" [firmware/myproject.cpp:32]   --->   Operation 188 'extractvalue' 'layer2_out_7_ret' <Predicate = true> <Delay = 0.00>
ST_4 : Operation 189 [1/1] (0.00ns)   --->   "%write_ln32 = write void @_ssdm_op_Write.ap_vld.i33P0A, i33 %layer2_out_7, i33 %layer2_out_7_ret" [firmware/myproject.cpp:32]   --->   Operation 189 'write' 'write_ln32' <Predicate = true> <Delay = 0.00>
ST_4 : Operation 190 [1/1] (0.00ns)   --->   "%layer2_out_8_ret = extractvalue i2640 %call_ret" [firmware/myproject.cpp:32]   --->   Operation 190 'extractvalue' 'layer2_out_8_ret' <Predicate = true> <Delay = 0.00>
ST_4 : Operation 191 [1/1] (0.00ns)   --->   "%write_ln32 = write void @_ssdm_op_Write.ap_vld.i33P0A, i33 %layer2_out_8, i33 %layer2_out_8_ret" [firmware/myproject.cpp:32]   --->   Operation 191 'write' 'write_ln32' <Predicate = true> <Delay = 0.00>
ST_4 : Operation 192 [1/1] (0.00ns)   --->   "%layer2_out_9_ret = extractvalue i2640 %call_ret" [firmware/myproject.cpp:32]   --->   Operation 192 'extractvalue' 'layer2_out_9_ret' <Predicate = true> <Delay = 0.00>
ST_4 : Operation 193 [1/1] (0.00ns)   --->   "%write_ln32 = write void @_ssdm_op_Write.ap_vld.i33P0A, i33 %layer2_out_9, i33 %layer2_out_9_ret" [firmware/myproject.cpp:32]   --->   Operation 193 'write' 'write_ln32' <Predicate = true> <Delay = 0.00>
ST_4 : Operation 194 [1/1] (0.00ns)   --->   "%layer2_out_10_ret = extractvalue i2640 %call_ret" [firmware/myproject.cpp:32]   --->   Operation 194 'extractvalue' 'layer2_out_10_ret' <Predicate = true> <Delay = 0.00>
ST_4 : Operation 195 [1/1] (0.00ns)   --->   "%write_ln32 = write void @_ssdm_op_Write.ap_vld.i33P0A, i33 %layer2_out_10, i33 %layer2_out_10_ret" [firmware/myproject.cpp:32]   --->   Operation 195 'write' 'write_ln32' <Predicate = true> <Delay = 0.00>
ST_4 : Operation 196 [1/1] (0.00ns)   --->   "%layer2_out_11_ret = extractvalue i2640 %call_ret" [firmware/myproject.cpp:32]   --->   Operation 196 'extractvalue' 'layer2_out_11_ret' <Predicate = true> <Delay = 0.00>
ST_4 : Operation 197 [1/1] (0.00ns)   --->   "%write_ln32 = write void @_ssdm_op_Write.ap_vld.i33P0A, i33 %layer2_out_11, i33 %layer2_out_11_ret" [firmware/myproject.cpp:32]   --->   Operation 197 'write' 'write_ln32' <Predicate = true> <Delay = 0.00>
ST_4 : Operation 198 [1/1] (0.00ns)   --->   "%layer2_out_12_ret = extractvalue i2640 %call_ret" [firmware/myproject.cpp:32]   --->   Operation 198 'extractvalue' 'layer2_out_12_ret' <Predicate = true> <Delay = 0.00>
ST_4 : Operation 199 [1/1] (0.00ns)   --->   "%write_ln32 = write void @_ssdm_op_Write.ap_vld.i33P0A, i33 %layer2_out_12, i33 %layer2_out_12_ret" [firmware/myproject.cpp:32]   --->   Operation 199 'write' 'write_ln32' <Predicate = true> <Delay = 0.00>
ST_4 : Operation 200 [1/1] (0.00ns)   --->   "%layer2_out_13_ret = extractvalue i2640 %call_ret" [firmware/myproject.cpp:32]   --->   Operation 200 'extractvalue' 'layer2_out_13_ret' <Predicate = true> <Delay = 0.00>
ST_4 : Operation 201 [1/1] (0.00ns)   --->   "%write_ln32 = write void @_ssdm_op_Write.ap_vld.i33P0A, i33 %layer2_out_13, i33 %layer2_out_13_ret" [firmware/myproject.cpp:32]   --->   Operation 201 'write' 'write_ln32' <Predicate = true> <Delay = 0.00>
ST_4 : Operation 202 [1/1] (0.00ns)   --->   "%layer2_out_14_ret = extractvalue i2640 %call_ret" [firmware/myproject.cpp:32]   --->   Operation 202 'extractvalue' 'layer2_out_14_ret' <Predicate = true> <Delay = 0.00>
ST_4 : Operation 203 [1/1] (0.00ns)   --->   "%write_ln32 = write void @_ssdm_op_Write.ap_vld.i33P0A, i33 %layer2_out_14, i33 %layer2_out_14_ret" [firmware/myproject.cpp:32]   --->   Operation 203 'write' 'write_ln32' <Predicate = true> <Delay = 0.00>
ST_4 : Operation 204 [1/1] (0.00ns)   --->   "%layer2_out_15_ret = extractvalue i2640 %call_ret" [firmware/myproject.cpp:32]   --->   Operation 204 'extractvalue' 'layer2_out_15_ret' <Predicate = true> <Delay = 0.00>
ST_4 : Operation 205 [1/1] (0.00ns)   --->   "%write_ln32 = write void @_ssdm_op_Write.ap_vld.i33P0A, i33 %layer2_out_15, i33 %layer2_out_15_ret" [firmware/myproject.cpp:32]   --->   Operation 205 'write' 'write_ln32' <Predicate = true> <Delay = 0.00>
ST_4 : Operation 206 [1/1] (0.00ns)   --->   "%layer2_out_16_ret = extractvalue i2640 %call_ret" [firmware/myproject.cpp:32]   --->   Operation 206 'extractvalue' 'layer2_out_16_ret' <Predicate = true> <Delay = 0.00>
ST_4 : Operation 207 [1/1] (0.00ns)   --->   "%write_ln32 = write void @_ssdm_op_Write.ap_vld.i33P0A, i33 %layer2_out_16, i33 %layer2_out_16_ret" [firmware/myproject.cpp:32]   --->   Operation 207 'write' 'write_ln32' <Predicate = true> <Delay = 0.00>
ST_4 : Operation 208 [1/1] (0.00ns)   --->   "%layer2_out_17_ret = extractvalue i2640 %call_ret" [firmware/myproject.cpp:32]   --->   Operation 208 'extractvalue' 'layer2_out_17_ret' <Predicate = true> <Delay = 0.00>
ST_4 : Operation 209 [1/1] (0.00ns)   --->   "%write_ln32 = write void @_ssdm_op_Write.ap_vld.i33P0A, i33 %layer2_out_17, i33 %layer2_out_17_ret" [firmware/myproject.cpp:32]   --->   Operation 209 'write' 'write_ln32' <Predicate = true> <Delay = 0.00>
ST_4 : Operation 210 [1/1] (0.00ns)   --->   "%layer2_out_18_ret = extractvalue i2640 %call_ret" [firmware/myproject.cpp:32]   --->   Operation 210 'extractvalue' 'layer2_out_18_ret' <Predicate = true> <Delay = 0.00>
ST_4 : Operation 211 [1/1] (0.00ns)   --->   "%write_ln32 = write void @_ssdm_op_Write.ap_vld.i33P0A, i33 %layer2_out_18, i33 %layer2_out_18_ret" [firmware/myproject.cpp:32]   --->   Operation 211 'write' 'write_ln32' <Predicate = true> <Delay = 0.00>
ST_4 : Operation 212 [1/1] (0.00ns)   --->   "%layer2_out_19_ret = extractvalue i2640 %call_ret" [firmware/myproject.cpp:32]   --->   Operation 212 'extractvalue' 'layer2_out_19_ret' <Predicate = true> <Delay = 0.00>
ST_4 : Operation 213 [1/1] (0.00ns)   --->   "%write_ln32 = write void @_ssdm_op_Write.ap_vld.i33P0A, i33 %layer2_out_19, i33 %layer2_out_19_ret" [firmware/myproject.cpp:32]   --->   Operation 213 'write' 'write_ln32' <Predicate = true> <Delay = 0.00>
ST_4 : Operation 214 [1/1] (0.00ns)   --->   "%layer2_out_20_ret = extractvalue i2640 %call_ret" [firmware/myproject.cpp:32]   --->   Operation 214 'extractvalue' 'layer2_out_20_ret' <Predicate = true> <Delay = 0.00>
ST_4 : Operation 215 [1/1] (0.00ns)   --->   "%write_ln32 = write void @_ssdm_op_Write.ap_vld.i33P0A, i33 %layer2_out_20, i33 %layer2_out_20_ret" [firmware/myproject.cpp:32]   --->   Operation 215 'write' 'write_ln32' <Predicate = true> <Delay = 0.00>
ST_4 : Operation 216 [1/1] (0.00ns)   --->   "%layer2_out_21_ret = extractvalue i2640 %call_ret" [firmware/myproject.cpp:32]   --->   Operation 216 'extractvalue' 'layer2_out_21_ret' <Predicate = true> <Delay = 0.00>
ST_4 : Operation 217 [1/1] (0.00ns)   --->   "%write_ln32 = write void @_ssdm_op_Write.ap_vld.i33P0A, i33 %layer2_out_21, i33 %layer2_out_21_ret" [firmware/myproject.cpp:32]   --->   Operation 217 'write' 'write_ln32' <Predicate = true> <Delay = 0.00>
ST_4 : Operation 218 [1/1] (0.00ns)   --->   "%layer2_out_22_ret = extractvalue i2640 %call_ret" [firmware/myproject.cpp:32]   --->   Operation 218 'extractvalue' 'layer2_out_22_ret' <Predicate = true> <Delay = 0.00>
ST_4 : Operation 219 [1/1] (0.00ns)   --->   "%write_ln32 = write void @_ssdm_op_Write.ap_vld.i33P0A, i33 %layer2_out_22, i33 %layer2_out_22_ret" [firmware/myproject.cpp:32]   --->   Operation 219 'write' 'write_ln32' <Predicate = true> <Delay = 0.00>
ST_4 : Operation 220 [1/1] (0.00ns)   --->   "%layer2_out_23_ret = extractvalue i2640 %call_ret" [firmware/myproject.cpp:32]   --->   Operation 220 'extractvalue' 'layer2_out_23_ret' <Predicate = true> <Delay = 0.00>
ST_4 : Operation 221 [1/1] (0.00ns)   --->   "%write_ln32 = write void @_ssdm_op_Write.ap_vld.i33P0A, i33 %layer2_out_23, i33 %layer2_out_23_ret" [firmware/myproject.cpp:32]   --->   Operation 221 'write' 'write_ln32' <Predicate = true> <Delay = 0.00>
ST_4 : Operation 222 [1/1] (0.00ns)   --->   "%layer2_out_24_ret = extractvalue i2640 %call_ret" [firmware/myproject.cpp:32]   --->   Operation 222 'extractvalue' 'layer2_out_24_ret' <Predicate = true> <Delay = 0.00>
ST_4 : Operation 223 [1/1] (0.00ns)   --->   "%write_ln32 = write void @_ssdm_op_Write.ap_vld.i33P0A, i33 %layer2_out_24, i33 %layer2_out_24_ret" [firmware/myproject.cpp:32]   --->   Operation 223 'write' 'write_ln32' <Predicate = true> <Delay = 0.00>
ST_4 : Operation 224 [1/1] (0.00ns)   --->   "%layer2_out_25_ret = extractvalue i2640 %call_ret" [firmware/myproject.cpp:32]   --->   Operation 224 'extractvalue' 'layer2_out_25_ret' <Predicate = true> <Delay = 0.00>
ST_4 : Operation 225 [1/1] (0.00ns)   --->   "%write_ln32 = write void @_ssdm_op_Write.ap_vld.i33P0A, i33 %layer2_out_25, i33 %layer2_out_25_ret" [firmware/myproject.cpp:32]   --->   Operation 225 'write' 'write_ln32' <Predicate = true> <Delay = 0.00>
ST_4 : Operation 226 [1/1] (0.00ns)   --->   "%layer2_out_26_ret = extractvalue i2640 %call_ret" [firmware/myproject.cpp:32]   --->   Operation 226 'extractvalue' 'layer2_out_26_ret' <Predicate = true> <Delay = 0.00>
ST_4 : Operation 227 [1/1] (0.00ns)   --->   "%write_ln32 = write void @_ssdm_op_Write.ap_vld.i33P0A, i33 %layer2_out_26, i33 %layer2_out_26_ret" [firmware/myproject.cpp:32]   --->   Operation 227 'write' 'write_ln32' <Predicate = true> <Delay = 0.00>
ST_4 : Operation 228 [1/1] (0.00ns)   --->   "%layer2_out_27_ret = extractvalue i2640 %call_ret" [firmware/myproject.cpp:32]   --->   Operation 228 'extractvalue' 'layer2_out_27_ret' <Predicate = true> <Delay = 0.00>
ST_4 : Operation 229 [1/1] (0.00ns)   --->   "%write_ln32 = write void @_ssdm_op_Write.ap_vld.i33P0A, i33 %layer2_out_27, i33 %layer2_out_27_ret" [firmware/myproject.cpp:32]   --->   Operation 229 'write' 'write_ln32' <Predicate = true> <Delay = 0.00>
ST_4 : Operation 230 [1/1] (0.00ns)   --->   "%layer2_out_28_ret = extractvalue i2640 %call_ret" [firmware/myproject.cpp:32]   --->   Operation 230 'extractvalue' 'layer2_out_28_ret' <Predicate = true> <Delay = 0.00>
ST_4 : Operation 231 [1/1] (0.00ns)   --->   "%write_ln32 = write void @_ssdm_op_Write.ap_vld.i33P0A, i33 %layer2_out_28, i33 %layer2_out_28_ret" [firmware/myproject.cpp:32]   --->   Operation 231 'write' 'write_ln32' <Predicate = true> <Delay = 0.00>
ST_4 : Operation 232 [1/1] (0.00ns)   --->   "%layer2_out_29_ret = extractvalue i2640 %call_ret" [firmware/myproject.cpp:32]   --->   Operation 232 'extractvalue' 'layer2_out_29_ret' <Predicate = true> <Delay = 0.00>
ST_4 : Operation 233 [1/1] (0.00ns)   --->   "%write_ln32 = write void @_ssdm_op_Write.ap_vld.i33P0A, i33 %layer2_out_29, i33 %layer2_out_29_ret" [firmware/myproject.cpp:32]   --->   Operation 233 'write' 'write_ln32' <Predicate = true> <Delay = 0.00>
ST_4 : Operation 234 [1/1] (0.00ns)   --->   "%layer2_out_30_ret = extractvalue i2640 %call_ret" [firmware/myproject.cpp:32]   --->   Operation 234 'extractvalue' 'layer2_out_30_ret' <Predicate = true> <Delay = 0.00>
ST_4 : Operation 235 [1/1] (0.00ns)   --->   "%write_ln32 = write void @_ssdm_op_Write.ap_vld.i33P0A, i33 %layer2_out_30, i33 %layer2_out_30_ret" [firmware/myproject.cpp:32]   --->   Operation 235 'write' 'write_ln32' <Predicate = true> <Delay = 0.00>
ST_4 : Operation 236 [1/1] (0.00ns)   --->   "%layer2_out_31_ret = extractvalue i2640 %call_ret" [firmware/myproject.cpp:32]   --->   Operation 236 'extractvalue' 'layer2_out_31_ret' <Predicate = true> <Delay = 0.00>
ST_4 : Operation 237 [1/1] (0.00ns)   --->   "%write_ln32 = write void @_ssdm_op_Write.ap_vld.i33P0A, i33 %layer2_out_31, i33 %layer2_out_31_ret" [firmware/myproject.cpp:32]   --->   Operation 237 'write' 'write_ln32' <Predicate = true> <Delay = 0.00>
ST_4 : Operation 238 [1/1] (0.00ns)   --->   "%layer2_out_32_ret = extractvalue i2640 %call_ret" [firmware/myproject.cpp:32]   --->   Operation 238 'extractvalue' 'layer2_out_32_ret' <Predicate = true> <Delay = 0.00>
ST_4 : Operation 239 [1/1] (0.00ns)   --->   "%write_ln32 = write void @_ssdm_op_Write.ap_vld.i33P0A, i33 %layer2_out_32, i33 %layer2_out_32_ret" [firmware/myproject.cpp:32]   --->   Operation 239 'write' 'write_ln32' <Predicate = true> <Delay = 0.00>
ST_4 : Operation 240 [1/1] (0.00ns)   --->   "%layer2_out_33_ret = extractvalue i2640 %call_ret" [firmware/myproject.cpp:32]   --->   Operation 240 'extractvalue' 'layer2_out_33_ret' <Predicate = true> <Delay = 0.00>
ST_4 : Operation 241 [1/1] (0.00ns)   --->   "%write_ln32 = write void @_ssdm_op_Write.ap_vld.i33P0A, i33 %layer2_out_33, i33 %layer2_out_33_ret" [firmware/myproject.cpp:32]   --->   Operation 241 'write' 'write_ln32' <Predicate = true> <Delay = 0.00>
ST_4 : Operation 242 [1/1] (0.00ns)   --->   "%layer2_out_34_ret = extractvalue i2640 %call_ret" [firmware/myproject.cpp:32]   --->   Operation 242 'extractvalue' 'layer2_out_34_ret' <Predicate = true> <Delay = 0.00>
ST_4 : Operation 243 [1/1] (0.00ns)   --->   "%write_ln32 = write void @_ssdm_op_Write.ap_vld.i33P0A, i33 %layer2_out_34, i33 %layer2_out_34_ret" [firmware/myproject.cpp:32]   --->   Operation 243 'write' 'write_ln32' <Predicate = true> <Delay = 0.00>
ST_4 : Operation 244 [1/1] (0.00ns)   --->   "%layer2_out_35_ret = extractvalue i2640 %call_ret" [firmware/myproject.cpp:32]   --->   Operation 244 'extractvalue' 'layer2_out_35_ret' <Predicate = true> <Delay = 0.00>
ST_4 : Operation 245 [1/1] (0.00ns)   --->   "%write_ln32 = write void @_ssdm_op_Write.ap_vld.i33P0A, i33 %layer2_out_35, i33 %layer2_out_35_ret" [firmware/myproject.cpp:32]   --->   Operation 245 'write' 'write_ln32' <Predicate = true> <Delay = 0.00>
ST_4 : Operation 246 [1/1] (0.00ns)   --->   "%layer2_out_36_ret = extractvalue i2640 %call_ret" [firmware/myproject.cpp:32]   --->   Operation 246 'extractvalue' 'layer2_out_36_ret' <Predicate = true> <Delay = 0.00>
ST_4 : Operation 247 [1/1] (0.00ns)   --->   "%write_ln32 = write void @_ssdm_op_Write.ap_vld.i33P0A, i33 %layer2_out_36, i33 %layer2_out_36_ret" [firmware/myproject.cpp:32]   --->   Operation 247 'write' 'write_ln32' <Predicate = true> <Delay = 0.00>
ST_4 : Operation 248 [1/1] (0.00ns)   --->   "%layer2_out_37_ret = extractvalue i2640 %call_ret" [firmware/myproject.cpp:32]   --->   Operation 248 'extractvalue' 'layer2_out_37_ret' <Predicate = true> <Delay = 0.00>
ST_4 : Operation 249 [1/1] (0.00ns)   --->   "%write_ln32 = write void @_ssdm_op_Write.ap_vld.i33P0A, i33 %layer2_out_37, i33 %layer2_out_37_ret" [firmware/myproject.cpp:32]   --->   Operation 249 'write' 'write_ln32' <Predicate = true> <Delay = 0.00>
ST_4 : Operation 250 [1/1] (0.00ns)   --->   "%layer2_out_38_ret = extractvalue i2640 %call_ret" [firmware/myproject.cpp:32]   --->   Operation 250 'extractvalue' 'layer2_out_38_ret' <Predicate = true> <Delay = 0.00>
ST_4 : Operation 251 [1/1] (0.00ns)   --->   "%write_ln32 = write void @_ssdm_op_Write.ap_vld.i33P0A, i33 %layer2_out_38, i33 %layer2_out_38_ret" [firmware/myproject.cpp:32]   --->   Operation 251 'write' 'write_ln32' <Predicate = true> <Delay = 0.00>
ST_4 : Operation 252 [1/1] (0.00ns)   --->   "%layer2_out_39_ret = extractvalue i2640 %call_ret" [firmware/myproject.cpp:32]   --->   Operation 252 'extractvalue' 'layer2_out_39_ret' <Predicate = true> <Delay = 0.00>
ST_4 : Operation 253 [1/1] (0.00ns)   --->   "%write_ln32 = write void @_ssdm_op_Write.ap_vld.i33P0A, i33 %layer2_out_39, i33 %layer2_out_39_ret" [firmware/myproject.cpp:32]   --->   Operation 253 'write' 'write_ln32' <Predicate = true> <Delay = 0.00>
ST_4 : Operation 254 [1/1] (0.00ns)   --->   "%layer2_out_40_ret = extractvalue i2640 %call_ret" [firmware/myproject.cpp:32]   --->   Operation 254 'extractvalue' 'layer2_out_40_ret' <Predicate = true> <Delay = 0.00>
ST_4 : Operation 255 [1/1] (0.00ns)   --->   "%write_ln32 = write void @_ssdm_op_Write.ap_vld.i33P0A, i33 %layer2_out_40, i33 %layer2_out_40_ret" [firmware/myproject.cpp:32]   --->   Operation 255 'write' 'write_ln32' <Predicate = true> <Delay = 0.00>
ST_4 : Operation 256 [1/1] (0.00ns)   --->   "%layer2_out_41_ret = extractvalue i2640 %call_ret" [firmware/myproject.cpp:32]   --->   Operation 256 'extractvalue' 'layer2_out_41_ret' <Predicate = true> <Delay = 0.00>
ST_4 : Operation 257 [1/1] (0.00ns)   --->   "%write_ln32 = write void @_ssdm_op_Write.ap_vld.i33P0A, i33 %layer2_out_41, i33 %layer2_out_41_ret" [firmware/myproject.cpp:32]   --->   Operation 257 'write' 'write_ln32' <Predicate = true> <Delay = 0.00>
ST_4 : Operation 258 [1/1] (0.00ns)   --->   "%layer2_out_42_ret = extractvalue i2640 %call_ret" [firmware/myproject.cpp:32]   --->   Operation 258 'extractvalue' 'layer2_out_42_ret' <Predicate = true> <Delay = 0.00>
ST_4 : Operation 259 [1/1] (0.00ns)   --->   "%write_ln32 = write void @_ssdm_op_Write.ap_vld.i33P0A, i33 %layer2_out_42, i33 %layer2_out_42_ret" [firmware/myproject.cpp:32]   --->   Operation 259 'write' 'write_ln32' <Predicate = true> <Delay = 0.00>
ST_4 : Operation 260 [1/1] (0.00ns)   --->   "%layer2_out_43_ret = extractvalue i2640 %call_ret" [firmware/myproject.cpp:32]   --->   Operation 260 'extractvalue' 'layer2_out_43_ret' <Predicate = true> <Delay = 0.00>
ST_4 : Operation 261 [1/1] (0.00ns)   --->   "%write_ln32 = write void @_ssdm_op_Write.ap_vld.i33P0A, i33 %layer2_out_43, i33 %layer2_out_43_ret" [firmware/myproject.cpp:32]   --->   Operation 261 'write' 'write_ln32' <Predicate = true> <Delay = 0.00>
ST_4 : Operation 262 [1/1] (0.00ns)   --->   "%layer2_out_44_ret = extractvalue i2640 %call_ret" [firmware/myproject.cpp:32]   --->   Operation 262 'extractvalue' 'layer2_out_44_ret' <Predicate = true> <Delay = 0.00>
ST_4 : Operation 263 [1/1] (0.00ns)   --->   "%write_ln32 = write void @_ssdm_op_Write.ap_vld.i33P0A, i33 %layer2_out_44, i33 %layer2_out_44_ret" [firmware/myproject.cpp:32]   --->   Operation 263 'write' 'write_ln32' <Predicate = true> <Delay = 0.00>
ST_4 : Operation 264 [1/1] (0.00ns)   --->   "%layer2_out_45_ret = extractvalue i2640 %call_ret" [firmware/myproject.cpp:32]   --->   Operation 264 'extractvalue' 'layer2_out_45_ret' <Predicate = true> <Delay = 0.00>
ST_4 : Operation 265 [1/1] (0.00ns)   --->   "%write_ln32 = write void @_ssdm_op_Write.ap_vld.i33P0A, i33 %layer2_out_45, i33 %layer2_out_45_ret" [firmware/myproject.cpp:32]   --->   Operation 265 'write' 'write_ln32' <Predicate = true> <Delay = 0.00>
ST_4 : Operation 266 [1/1] (0.00ns)   --->   "%layer2_out_46_ret = extractvalue i2640 %call_ret" [firmware/myproject.cpp:32]   --->   Operation 266 'extractvalue' 'layer2_out_46_ret' <Predicate = true> <Delay = 0.00>
ST_4 : Operation 267 [1/1] (0.00ns)   --->   "%write_ln32 = write void @_ssdm_op_Write.ap_vld.i33P0A, i33 %layer2_out_46, i33 %layer2_out_46_ret" [firmware/myproject.cpp:32]   --->   Operation 267 'write' 'write_ln32' <Predicate = true> <Delay = 0.00>
ST_4 : Operation 268 [1/1] (0.00ns)   --->   "%layer2_out_47_ret = extractvalue i2640 %call_ret" [firmware/myproject.cpp:32]   --->   Operation 268 'extractvalue' 'layer2_out_47_ret' <Predicate = true> <Delay = 0.00>
ST_4 : Operation 269 [1/1] (0.00ns)   --->   "%write_ln32 = write void @_ssdm_op_Write.ap_vld.i33P0A, i33 %layer2_out_47, i33 %layer2_out_47_ret" [firmware/myproject.cpp:32]   --->   Operation 269 'write' 'write_ln32' <Predicate = true> <Delay = 0.00>
ST_4 : Operation 270 [1/1] (0.00ns)   --->   "%layer2_out_48_ret = extractvalue i2640 %call_ret" [firmware/myproject.cpp:32]   --->   Operation 270 'extractvalue' 'layer2_out_48_ret' <Predicate = true> <Delay = 0.00>
ST_4 : Operation 271 [1/1] (0.00ns)   --->   "%write_ln32 = write void @_ssdm_op_Write.ap_vld.i33P0A, i33 %layer2_out_48, i33 %layer2_out_48_ret" [firmware/myproject.cpp:32]   --->   Operation 271 'write' 'write_ln32' <Predicate = true> <Delay = 0.00>
ST_4 : Operation 272 [1/1] (0.00ns)   --->   "%layer2_out_49_ret = extractvalue i2640 %call_ret" [firmware/myproject.cpp:32]   --->   Operation 272 'extractvalue' 'layer2_out_49_ret' <Predicate = true> <Delay = 0.00>
ST_4 : Operation 273 [1/1] (0.00ns)   --->   "%write_ln32 = write void @_ssdm_op_Write.ap_vld.i33P0A, i33 %layer2_out_49, i33 %layer2_out_49_ret" [firmware/myproject.cpp:32]   --->   Operation 273 'write' 'write_ln32' <Predicate = true> <Delay = 0.00>
ST_4 : Operation 274 [1/1] (0.00ns)   --->   "%layer2_out_50_ret = extractvalue i2640 %call_ret" [firmware/myproject.cpp:32]   --->   Operation 274 'extractvalue' 'layer2_out_50_ret' <Predicate = true> <Delay = 0.00>
ST_4 : Operation 275 [1/1] (0.00ns)   --->   "%write_ln32 = write void @_ssdm_op_Write.ap_vld.i33P0A, i33 %layer2_out_50, i33 %layer2_out_50_ret" [firmware/myproject.cpp:32]   --->   Operation 275 'write' 'write_ln32' <Predicate = true> <Delay = 0.00>
ST_4 : Operation 276 [1/1] (0.00ns)   --->   "%layer2_out_51_ret = extractvalue i2640 %call_ret" [firmware/myproject.cpp:32]   --->   Operation 276 'extractvalue' 'layer2_out_51_ret' <Predicate = true> <Delay = 0.00>
ST_4 : Operation 277 [1/1] (0.00ns)   --->   "%write_ln32 = write void @_ssdm_op_Write.ap_vld.i33P0A, i33 %layer2_out_51, i33 %layer2_out_51_ret" [firmware/myproject.cpp:32]   --->   Operation 277 'write' 'write_ln32' <Predicate = true> <Delay = 0.00>
ST_4 : Operation 278 [1/1] (0.00ns)   --->   "%layer2_out_52_ret = extractvalue i2640 %call_ret" [firmware/myproject.cpp:32]   --->   Operation 278 'extractvalue' 'layer2_out_52_ret' <Predicate = true> <Delay = 0.00>
ST_4 : Operation 279 [1/1] (0.00ns)   --->   "%write_ln32 = write void @_ssdm_op_Write.ap_vld.i33P0A, i33 %layer2_out_52, i33 %layer2_out_52_ret" [firmware/myproject.cpp:32]   --->   Operation 279 'write' 'write_ln32' <Predicate = true> <Delay = 0.00>
ST_4 : Operation 280 [1/1] (0.00ns)   --->   "%layer2_out_53_ret = extractvalue i2640 %call_ret" [firmware/myproject.cpp:32]   --->   Operation 280 'extractvalue' 'layer2_out_53_ret' <Predicate = true> <Delay = 0.00>
ST_4 : Operation 281 [1/1] (0.00ns)   --->   "%write_ln32 = write void @_ssdm_op_Write.ap_vld.i33P0A, i33 %layer2_out_53, i33 %layer2_out_53_ret" [firmware/myproject.cpp:32]   --->   Operation 281 'write' 'write_ln32' <Predicate = true> <Delay = 0.00>
ST_4 : Operation 282 [1/1] (0.00ns)   --->   "%layer2_out_54_ret = extractvalue i2640 %call_ret" [firmware/myproject.cpp:32]   --->   Operation 282 'extractvalue' 'layer2_out_54_ret' <Predicate = true> <Delay = 0.00>
ST_4 : Operation 283 [1/1] (0.00ns)   --->   "%write_ln32 = write void @_ssdm_op_Write.ap_vld.i33P0A, i33 %layer2_out_54, i33 %layer2_out_54_ret" [firmware/myproject.cpp:32]   --->   Operation 283 'write' 'write_ln32' <Predicate = true> <Delay = 0.00>
ST_4 : Operation 284 [1/1] (0.00ns)   --->   "%layer2_out_55_ret = extractvalue i2640 %call_ret" [firmware/myproject.cpp:32]   --->   Operation 284 'extractvalue' 'layer2_out_55_ret' <Predicate = true> <Delay = 0.00>
ST_4 : Operation 285 [1/1] (0.00ns)   --->   "%write_ln32 = write void @_ssdm_op_Write.ap_vld.i33P0A, i33 %layer2_out_55, i33 %layer2_out_55_ret" [firmware/myproject.cpp:32]   --->   Operation 285 'write' 'write_ln32' <Predicate = true> <Delay = 0.00>
ST_4 : Operation 286 [1/1] (0.00ns)   --->   "%layer2_out_56_ret = extractvalue i2640 %call_ret" [firmware/myproject.cpp:32]   --->   Operation 286 'extractvalue' 'layer2_out_56_ret' <Predicate = true> <Delay = 0.00>
ST_4 : Operation 287 [1/1] (0.00ns)   --->   "%write_ln32 = write void @_ssdm_op_Write.ap_vld.i33P0A, i33 %layer2_out_56, i33 %layer2_out_56_ret" [firmware/myproject.cpp:32]   --->   Operation 287 'write' 'write_ln32' <Predicate = true> <Delay = 0.00>
ST_4 : Operation 288 [1/1] (0.00ns)   --->   "%layer2_out_57_ret = extractvalue i2640 %call_ret" [firmware/myproject.cpp:32]   --->   Operation 288 'extractvalue' 'layer2_out_57_ret' <Predicate = true> <Delay = 0.00>
ST_4 : Operation 289 [1/1] (0.00ns)   --->   "%write_ln32 = write void @_ssdm_op_Write.ap_vld.i33P0A, i33 %layer2_out_57, i33 %layer2_out_57_ret" [firmware/myproject.cpp:32]   --->   Operation 289 'write' 'write_ln32' <Predicate = true> <Delay = 0.00>
ST_4 : Operation 290 [1/1] (0.00ns)   --->   "%layer2_out_58_ret = extractvalue i2640 %call_ret" [firmware/myproject.cpp:32]   --->   Operation 290 'extractvalue' 'layer2_out_58_ret' <Predicate = true> <Delay = 0.00>
ST_4 : Operation 291 [1/1] (0.00ns)   --->   "%write_ln32 = write void @_ssdm_op_Write.ap_vld.i33P0A, i33 %layer2_out_58, i33 %layer2_out_58_ret" [firmware/myproject.cpp:32]   --->   Operation 291 'write' 'write_ln32' <Predicate = true> <Delay = 0.00>
ST_4 : Operation 292 [1/1] (0.00ns)   --->   "%layer2_out_59_ret = extractvalue i2640 %call_ret" [firmware/myproject.cpp:32]   --->   Operation 292 'extractvalue' 'layer2_out_59_ret' <Predicate = true> <Delay = 0.00>
ST_4 : Operation 293 [1/1] (0.00ns)   --->   "%write_ln32 = write void @_ssdm_op_Write.ap_vld.i33P0A, i33 %layer2_out_59, i33 %layer2_out_59_ret" [firmware/myproject.cpp:32]   --->   Operation 293 'write' 'write_ln32' <Predicate = true> <Delay = 0.00>
ST_4 : Operation 294 [1/1] (0.00ns)   --->   "%layer2_out_60_ret = extractvalue i2640 %call_ret" [firmware/myproject.cpp:32]   --->   Operation 294 'extractvalue' 'layer2_out_60_ret' <Predicate = true> <Delay = 0.00>
ST_4 : Operation 295 [1/1] (0.00ns)   --->   "%write_ln32 = write void @_ssdm_op_Write.ap_vld.i33P0A, i33 %layer2_out_60, i33 %layer2_out_60_ret" [firmware/myproject.cpp:32]   --->   Operation 295 'write' 'write_ln32' <Predicate = true> <Delay = 0.00>
ST_4 : Operation 296 [1/1] (0.00ns)   --->   "%layer2_out_61_ret = extractvalue i2640 %call_ret" [firmware/myproject.cpp:32]   --->   Operation 296 'extractvalue' 'layer2_out_61_ret' <Predicate = true> <Delay = 0.00>
ST_4 : Operation 297 [1/1] (0.00ns)   --->   "%write_ln32 = write void @_ssdm_op_Write.ap_vld.i33P0A, i33 %layer2_out_61, i33 %layer2_out_61_ret" [firmware/myproject.cpp:32]   --->   Operation 297 'write' 'write_ln32' <Predicate = true> <Delay = 0.00>
ST_4 : Operation 298 [1/1] (0.00ns)   --->   "%layer2_out_62_ret = extractvalue i2640 %call_ret" [firmware/myproject.cpp:32]   --->   Operation 298 'extractvalue' 'layer2_out_62_ret' <Predicate = true> <Delay = 0.00>
ST_4 : Operation 299 [1/1] (0.00ns)   --->   "%write_ln32 = write void @_ssdm_op_Write.ap_vld.i33P0A, i33 %layer2_out_62, i33 %layer2_out_62_ret" [firmware/myproject.cpp:32]   --->   Operation 299 'write' 'write_ln32' <Predicate = true> <Delay = 0.00>
ST_4 : Operation 300 [1/1] (0.00ns)   --->   "%layer2_out_63_ret = extractvalue i2640 %call_ret" [firmware/myproject.cpp:32]   --->   Operation 300 'extractvalue' 'layer2_out_63_ret' <Predicate = true> <Delay = 0.00>
ST_4 : Operation 301 [1/1] (0.00ns)   --->   "%write_ln32 = write void @_ssdm_op_Write.ap_vld.i33P0A, i33 %layer2_out_63, i33 %layer2_out_63_ret" [firmware/myproject.cpp:32]   --->   Operation 301 'write' 'write_ln32' <Predicate = true> <Delay = 0.00>
ST_4 : Operation 302 [1/1] (0.00ns)   --->   "%layer2_out_64_ret = extractvalue i2640 %call_ret" [firmware/myproject.cpp:32]   --->   Operation 302 'extractvalue' 'layer2_out_64_ret' <Predicate = true> <Delay = 0.00>
ST_4 : Operation 303 [1/1] (0.00ns)   --->   "%write_ln32 = write void @_ssdm_op_Write.ap_vld.i33P0A, i33 %layer2_out_64, i33 %layer2_out_64_ret" [firmware/myproject.cpp:32]   --->   Operation 303 'write' 'write_ln32' <Predicate = true> <Delay = 0.00>
ST_4 : Operation 304 [1/1] (0.00ns)   --->   "%layer2_out_65_ret = extractvalue i2640 %call_ret" [firmware/myproject.cpp:32]   --->   Operation 304 'extractvalue' 'layer2_out_65_ret' <Predicate = true> <Delay = 0.00>
ST_4 : Operation 305 [1/1] (0.00ns)   --->   "%write_ln32 = write void @_ssdm_op_Write.ap_vld.i33P0A, i33 %layer2_out_65, i33 %layer2_out_65_ret" [firmware/myproject.cpp:32]   --->   Operation 305 'write' 'write_ln32' <Predicate = true> <Delay = 0.00>
ST_4 : Operation 306 [1/1] (0.00ns)   --->   "%layer2_out_66_ret = extractvalue i2640 %call_ret" [firmware/myproject.cpp:32]   --->   Operation 306 'extractvalue' 'layer2_out_66_ret' <Predicate = true> <Delay = 0.00>
ST_4 : Operation 307 [1/1] (0.00ns)   --->   "%write_ln32 = write void @_ssdm_op_Write.ap_vld.i33P0A, i33 %layer2_out_66, i33 %layer2_out_66_ret" [firmware/myproject.cpp:32]   --->   Operation 307 'write' 'write_ln32' <Predicate = true> <Delay = 0.00>
ST_4 : Operation 308 [1/1] (0.00ns)   --->   "%layer2_out_67_ret = extractvalue i2640 %call_ret" [firmware/myproject.cpp:32]   --->   Operation 308 'extractvalue' 'layer2_out_67_ret' <Predicate = true> <Delay = 0.00>
ST_4 : Operation 309 [1/1] (0.00ns)   --->   "%write_ln32 = write void @_ssdm_op_Write.ap_vld.i33P0A, i33 %layer2_out_67, i33 %layer2_out_67_ret" [firmware/myproject.cpp:32]   --->   Operation 309 'write' 'write_ln32' <Predicate = true> <Delay = 0.00>
ST_4 : Operation 310 [1/1] (0.00ns)   --->   "%layer2_out_68_ret = extractvalue i2640 %call_ret" [firmware/myproject.cpp:32]   --->   Operation 310 'extractvalue' 'layer2_out_68_ret' <Predicate = true> <Delay = 0.00>
ST_4 : Operation 311 [1/1] (0.00ns)   --->   "%write_ln32 = write void @_ssdm_op_Write.ap_vld.i33P0A, i33 %layer2_out_68, i33 %layer2_out_68_ret" [firmware/myproject.cpp:32]   --->   Operation 311 'write' 'write_ln32' <Predicate = true> <Delay = 0.00>
ST_4 : Operation 312 [1/1] (0.00ns)   --->   "%layer2_out_69_ret = extractvalue i2640 %call_ret" [firmware/myproject.cpp:32]   --->   Operation 312 'extractvalue' 'layer2_out_69_ret' <Predicate = true> <Delay = 0.00>
ST_4 : Operation 313 [1/1] (0.00ns)   --->   "%write_ln32 = write void @_ssdm_op_Write.ap_vld.i33P0A, i33 %layer2_out_69, i33 %layer2_out_69_ret" [firmware/myproject.cpp:32]   --->   Operation 313 'write' 'write_ln32' <Predicate = true> <Delay = 0.00>
ST_4 : Operation 314 [1/1] (0.00ns)   --->   "%layer2_out_70_ret = extractvalue i2640 %call_ret" [firmware/myproject.cpp:32]   --->   Operation 314 'extractvalue' 'layer2_out_70_ret' <Predicate = true> <Delay = 0.00>
ST_4 : Operation 315 [1/1] (0.00ns)   --->   "%write_ln32 = write void @_ssdm_op_Write.ap_vld.i33P0A, i33 %layer2_out_70, i33 %layer2_out_70_ret" [firmware/myproject.cpp:32]   --->   Operation 315 'write' 'write_ln32' <Predicate = true> <Delay = 0.00>
ST_4 : Operation 316 [1/1] (0.00ns)   --->   "%layer2_out_71_ret = extractvalue i2640 %call_ret" [firmware/myproject.cpp:32]   --->   Operation 316 'extractvalue' 'layer2_out_71_ret' <Predicate = true> <Delay = 0.00>
ST_4 : Operation 317 [1/1] (0.00ns)   --->   "%write_ln32 = write void @_ssdm_op_Write.ap_vld.i33P0A, i33 %layer2_out_71, i33 %layer2_out_71_ret" [firmware/myproject.cpp:32]   --->   Operation 317 'write' 'write_ln32' <Predicate = true> <Delay = 0.00>
ST_4 : Operation 318 [1/1] (0.00ns)   --->   "%layer2_out_72_ret = extractvalue i2640 %call_ret" [firmware/myproject.cpp:32]   --->   Operation 318 'extractvalue' 'layer2_out_72_ret' <Predicate = true> <Delay = 0.00>
ST_4 : Operation 319 [1/1] (0.00ns)   --->   "%write_ln32 = write void @_ssdm_op_Write.ap_vld.i33P0A, i33 %layer2_out_72, i33 %layer2_out_72_ret" [firmware/myproject.cpp:32]   --->   Operation 319 'write' 'write_ln32' <Predicate = true> <Delay = 0.00>
ST_4 : Operation 320 [1/1] (0.00ns)   --->   "%layer2_out_73_ret = extractvalue i2640 %call_ret" [firmware/myproject.cpp:32]   --->   Operation 320 'extractvalue' 'layer2_out_73_ret' <Predicate = true> <Delay = 0.00>
ST_4 : Operation 321 [1/1] (0.00ns)   --->   "%write_ln32 = write void @_ssdm_op_Write.ap_vld.i33P0A, i33 %layer2_out_73, i33 %layer2_out_73_ret" [firmware/myproject.cpp:32]   --->   Operation 321 'write' 'write_ln32' <Predicate = true> <Delay = 0.00>
ST_4 : Operation 322 [1/1] (0.00ns)   --->   "%layer2_out_74_ret = extractvalue i2640 %call_ret" [firmware/myproject.cpp:32]   --->   Operation 322 'extractvalue' 'layer2_out_74_ret' <Predicate = true> <Delay = 0.00>
ST_4 : Operation 323 [1/1] (0.00ns)   --->   "%write_ln32 = write void @_ssdm_op_Write.ap_vld.i33P0A, i33 %layer2_out_74, i33 %layer2_out_74_ret" [firmware/myproject.cpp:32]   --->   Operation 323 'write' 'write_ln32' <Predicate = true> <Delay = 0.00>
ST_4 : Operation 324 [1/1] (0.00ns)   --->   "%layer2_out_75_ret = extractvalue i2640 %call_ret" [firmware/myproject.cpp:32]   --->   Operation 324 'extractvalue' 'layer2_out_75_ret' <Predicate = true> <Delay = 0.00>
ST_4 : Operation 325 [1/1] (0.00ns)   --->   "%write_ln32 = write void @_ssdm_op_Write.ap_vld.i33P0A, i33 %layer2_out_75, i33 %layer2_out_75_ret" [firmware/myproject.cpp:32]   --->   Operation 325 'write' 'write_ln32' <Predicate = true> <Delay = 0.00>
ST_4 : Operation 326 [1/1] (0.00ns)   --->   "%layer2_out_76_ret = extractvalue i2640 %call_ret" [firmware/myproject.cpp:32]   --->   Operation 326 'extractvalue' 'layer2_out_76_ret' <Predicate = true> <Delay = 0.00>
ST_4 : Operation 327 [1/1] (0.00ns)   --->   "%write_ln32 = write void @_ssdm_op_Write.ap_vld.i33P0A, i33 %layer2_out_76, i33 %layer2_out_76_ret" [firmware/myproject.cpp:32]   --->   Operation 327 'write' 'write_ln32' <Predicate = true> <Delay = 0.00>
ST_4 : Operation 328 [1/1] (0.00ns)   --->   "%layer2_out_77_ret = extractvalue i2640 %call_ret" [firmware/myproject.cpp:32]   --->   Operation 328 'extractvalue' 'layer2_out_77_ret' <Predicate = true> <Delay = 0.00>
ST_4 : Operation 329 [1/1] (0.00ns)   --->   "%write_ln32 = write void @_ssdm_op_Write.ap_vld.i33P0A, i33 %layer2_out_77, i33 %layer2_out_77_ret" [firmware/myproject.cpp:32]   --->   Operation 329 'write' 'write_ln32' <Predicate = true> <Delay = 0.00>
ST_4 : Operation 330 [1/1] (0.00ns)   --->   "%layer2_out_78_ret = extractvalue i2640 %call_ret" [firmware/myproject.cpp:32]   --->   Operation 330 'extractvalue' 'layer2_out_78_ret' <Predicate = true> <Delay = 0.00>
ST_4 : Operation 331 [1/1] (0.00ns)   --->   "%write_ln32 = write void @_ssdm_op_Write.ap_vld.i33P0A, i33 %layer2_out_78, i33 %layer2_out_78_ret" [firmware/myproject.cpp:32]   --->   Operation 331 'write' 'write_ln32' <Predicate = true> <Delay = 0.00>
ST_4 : Operation 332 [1/1] (0.00ns)   --->   "%layer2_out_79_ret = extractvalue i2640 %call_ret" [firmware/myproject.cpp:32]   --->   Operation 332 'extractvalue' 'layer2_out_79_ret' <Predicate = true> <Delay = 0.00>
ST_4 : Operation 333 [1/1] (0.00ns)   --->   "%write_ln32 = write void @_ssdm_op_Write.ap_vld.i33P0A, i33 %layer2_out_79, i33 %layer2_out_79_ret" [firmware/myproject.cpp:32]   --->   Operation 333 'write' 'write_ln32' <Predicate = true> <Delay = 0.00>
ST_4 : Operation 334 [1/1] (0.00ns)   --->   "%ret_ln34 = ret" [firmware/myproject.cpp:34]   --->   Operation 334 'ret' 'ret_ln34' <Predicate = true> <Delay = 0.00>


============================================================
+ Verbose Summary: Timing violations
============================================================
Target clock period: 5.000ns, clock uncertainty: 0.625ns.

 <State 1>: 2.977ns
The critical path consists of the following:
	wire read operation ('layer_normalization_input_read') on port 'layer_normalization_input' [247]  (0.000 ns)
	'call' operation 2640 bit ('call_ret', firmware/myproject.cpp:32) to 'layernormalize<ap_fixed<16, 6, 5, 3, 0>, ap_fixed<33, 13, 5, 3, 0>, config2>' [248]  (2.977 ns)

 <State 2>: 4.097ns
The critical path consists of the following:
	'call' operation 2640 bit ('call_ret', firmware/myproject.cpp:32) to 'layernormalize<ap_fixed<16, 6, 5, 3, 0>, ap_fixed<33, 13, 5, 3, 0>, config2>' [248]  (4.097 ns)

 <State 3>: 4.097ns
The critical path consists of the following:
	'call' operation 2640 bit ('call_ret', firmware/myproject.cpp:32) to 'layernormalize<ap_fixed<16, 6, 5, 3, 0>, ap_fixed<33, 13, 5, 3, 0>, config2>' [248]  (4.097 ns)

 <State 4>: 3.310ns
The critical path consists of the following:
	'call' operation 2640 bit ('call_ret', firmware/myproject.cpp:32) to 'layernormalize<ap_fixed<16, 6, 5, 3, 0>, ap_fixed<33, 13, 5, 3, 0>, config2>' [248]  (3.310 ns)


============================================================
+ Verbose Summary: Binding
============================================================
N/A
* FSMD analyzer results:
  - Output states:
 - Input state : 
  - Chain level:
	State 1
	State 2
	State 3
	State 4


============================================================
+ Verbose Summary: Datapath Resource usage 
============================================================
N/A
