Processing input 0
Predictions
-0.154065 0.84694 1.32687 -0.533891 -1.48585 -0.46386 -1.6253 0.0767808 1.23998 0.772402 1.44409 -0.435708 -0.334128 0.75401 -1.42826 -0.507532 -0.655138 0.08742 1.90082 -0.825574 
Quantized predictions
-0.153801 0.847224 1.32763 -0.534211 -1.48678 -0.581833 -2.03886 0.0968781 1.55489 0.968948 1.49358 -0.45076 -0.345291 0.779709 -1.47713 -0.510568 -0.658097 0.0882282 1.91065 -0.830215 
INFO: Saved inference results to file: tb_data/rtl_cosim_results.log
Processing input 0
Predictions
-0.154065 0.84694 1.32687 -0.533891 -1.48585 -0.46386 -1.6253 0.0767808 1.23998 0.772402 1.44409 -0.435708 -0.334128 0.75401 -1.42826 -0.507532 -0.655138 0.08742 1.90082 -0.825574 
Quantized predictions
-0.153801 0.847224 1.32763 -0.534211 -1.48678 -0.581833 -2.03886 0.0968781 1.55489 0.968948 1.49358 -0.45076 -0.345291 0.779709 -1.47713 -0.510568 -0.658097 0.0882282 1.91065 -0.830215 
INFO: Saved inference results to file: tb_data/rtl_cosim_results.log
Processing input 0
Predictions
-1.44878 0.744615 -0.877581 1.18824 0.393506 1.83396 -1.195 -0.397101 -0.189458 -0.0523976 -1.08803 1.72111 0.475868 -0.502505 -0.606447 0.975737 -0.0578753 -0.525102 1.16108 -1.55384 
Quantized predictions
-1.45973 0.750297 -0.884271 1.19696 0.396803 1.85856 -1.21063 -0.402707 -0.192212 -0.0529146 -1.095 1.73223 0.478569 -0.505942 -0.609824 0.980728 -0.0584507 -0.527295 1.16606 -1.56096 
INFO: Saved inference results to file: tb_data/rtl_cosim_results.log
Processing input 0
Predictions
-1.44878 0.744615 -0.877581 1.18824 0.393506 1.83396 -1.195 -0.397101 -0.189458 -0.0523976 -1.08803 1.72111 0.475868 -0.502505 -0.606447 0.975737 -0.0578753 -0.525102 1.16108 -1.55384 
Quantized predictions
-1.45973 0.750297 -0.884271 1.19696 0.396803 1.85856 -1.21063 -0.402707 -0.192212 -0.0529146 -1.095 1.73223 0.478569 -0.505942 -0.609824 0.980728 -0.0584507 -0.527295 1.16606 -1.56096 
INFO: Saved inference results to file: tb_data/rtl_cosim_results.log
