

================================================================
== Vitis HLS Report for 'dense_latency_ap_fixed_ap_fixed_16_6_5_3_0_config3_2_s'
================================================================
* Date:           Wed Nov 13 10:38:57 2024

* Version:        2023.2 (Build 4023990 on Oct 11 2023)
* Project:        myproject_prj
* Solution:       solution1 (Vivado IP Flow Target)
* Product family: kintexu
* Target device:  xcku115-flvb2104-2-i


================================================================
== Performance Estimates
================================================================
+ Timing: 
    * Summary: 
    +--------+---------+----------+------------+
    |  Clock |  Target | Estimated| Uncertainty|
    +--------+---------+----------+------------+
    |ap_clk  |  5.00 ns|  3.570 ns|     1.35 ns|
    +--------+---------+----------+------------+

+ Latency: 
    * Summary: 
    +---------+---------+----------+----------+-----+-----+---------+
    |  Latency (cycles) |  Latency (absolute) |  Interval | Pipeline|
    |   min   |   max   |    min   |    max   | min | max |   Type  |
    +---------+---------+----------+----------+-----+-----+---------+
    |        1|        1|  5.000 ns|  5.000 ns|    1|    1|      yes|
    +---------+---------+----------+----------+-----+-----+---------+

    + Detail: 
        * Instance: 
        N/A

        * Loop: 
        N/A



================================================================
== Utilization Estimates
================================================================
* Summary: 
+---------------------+---------+------+---------+--------+-----+
|         Name        | BRAM_18K|  DSP |    FF   |   LUT  | URAM|
+---------------------+---------+------+---------+--------+-----+
|DSP                  |        -|     -|        -|       -|    -|
|Expression           |        -|     -|        0|     268|    -|
|FIFO                 |        -|     -|        -|       -|    -|
|Instance             |        -|    15|        0|      60|    -|
|Memory               |        -|     -|        -|       -|    -|
|Multiplexer          |        -|     -|        -|      56|    -|
|Register             |        -|     -|      315|       -|    -|
+---------------------+---------+------+---------+--------+-----+
|Total                |        0|    15|      315|     384|    0|
+---------------------+---------+------+---------+--------+-----+
|Available SLR        |     2160|  2760|   663360|  331680|    0|
+---------------------+---------+------+---------+--------+-----+
|Utilization SLR (%)  |        0|    ~0|       ~0|      ~0|  100|
+---------------------+---------+------+---------+--------+-----+
|Available            |     4320|  5520|  1326720|  663360|    0|
+---------------------+---------+------+---------+--------+-----+
|Utilization (%)      |        0|    ~0|       ~0|      ~0|    0|
+---------------------+---------+------+---------+--------+-----+

+ Detail: 
    * Instance: 
    +---------------------------+---------------------+---------+----+---+----+-----+
    |          Instance         |        Module       | BRAM_18K| DSP| FF| LUT| URAM|
    +---------------------------+---------------------+---------+----+---+----+-----+
    |mul_16s_10ns_26_1_0_U4947  |mul_16s_10ns_26_1_0  |        0|   1|  0|   4|    0|
    |mul_16s_10ns_26_1_0_U4949  |mul_16s_10ns_26_1_0  |        0|   1|  0|   4|    0|
    |mul_16s_10ns_26_1_0_U4954  |mul_16s_10ns_26_1_0  |        0|   1|  0|   4|    0|
    |mul_16s_10s_26_1_0_U4945   |mul_16s_10s_26_1_0   |        0|   1|  0|   4|    0|
    |mul_16s_10s_26_1_0_U4948   |mul_16s_10s_26_1_0   |        0|   1|  0|   4|    0|
    |mul_16s_10s_26_1_0_U4957   |mul_16s_10s_26_1_0   |        0|   1|  0|   4|    0|
    |mul_16s_11ns_26_1_1_U4958  |mul_16s_11ns_26_1_1  |        0|   1|  0|   4|    0|
    |mul_16s_11s_26_1_1_U4950   |mul_16s_11s_26_1_1   |        0|   1|  0|   4|    0|
    |mul_16s_11s_26_1_1_U4951   |mul_16s_11s_26_1_1   |        0|   1|  0|   4|    0|
    |mul_16s_11s_26_1_1_U4952   |mul_16s_11s_26_1_1   |        0|   1|  0|   4|    0|
    |mul_16s_11s_26_1_1_U4955   |mul_16s_11s_26_1_1   |        0|   1|  0|   4|    0|
    |mul_16s_9ns_25_1_0_U4946   |mul_16s_9ns_25_1_0   |        0|   1|  0|   4|    0|
    |mul_16s_9ns_25_1_0_U4953   |mul_16s_9ns_25_1_0   |        0|   1|  0|   4|    0|
    |mul_16s_9ns_25_1_0_U4956   |mul_16s_9ns_25_1_0   |        0|   1|  0|   4|    0|
    |mul_16s_9ns_25_1_0_U4959   |mul_16s_9ns_25_1_0   |        0|   1|  0|   4|    0|
    +---------------------------+---------------------+---------+----+---+----+-----+
    |Total                      |                     |        0|  15|  0|  60|    0|
    +---------------------------+---------------------+---------+----+---+----+-----+

    * DSP: 
    N/A

    * Memory: 
    N/A

    * FIFO: 
    N/A

    * Expression: 
    +-----------------------+----------+----+---+----+------------+------------+
    |     Variable Name     | Operation| DSP| FF| LUT| Bitwidth P0| Bitwidth P1|
    +-----------------------+----------+----+---+----+------------+------------+
    |add_ln76_10_fu_477_p2  |         +|   0|  0|  23|          16|          16|
    |add_ln76_11_fu_482_p2  |         +|   0|  0|  16|          16|          16|
    |add_ln76_1_fu_431_p2   |         +|   0|  0|  23|          16|          16|
    |add_ln76_2_fu_437_p2   |         +|   0|  0|  16|          16|          16|
    |add_ln76_3_fu_443_p2   |         +|   0|  0|  16|          16|          16|
    |add_ln76_4_fu_447_p2   |         +|   0|  0|  23|          16|          16|
    |add_ln76_5_fu_453_p2   |         +|   0|  0|  16|          16|          16|
    |add_ln76_6_fu_459_p2   |         +|   0|  0|  16|          16|          16|
    |add_ln76_7_fu_463_p2   |         +|   0|  0|  23|          16|          16|
    |add_ln76_8_fu_467_p2   |         +|   0|  0|  16|          16|          16|
    |add_ln76_9_fu_473_p2   |         +|   0|  0|  16|          16|          16|
    |add_ln76_fu_427_p2     |         +|   0|  0|  16|          16|          16|
    |sub_ln78_1_fu_204_p2   |         -|   0|  0|  24|          24|          24|
    |sub_ln78_fu_186_p2     |         -|   0|  0|  24|           1|          24|
    +-----------------------+----------+----+---+----+------------+------------+
    |Total                  |          |   0|  0| 268|         217|         240|
    +-----------------------+----------+----+---+----+------------+------------+

    * Multiplexer: 
    +-------------+----+-----------+-----+-----------+
    |     Name    | LUT| Input Size| Bits| Total Bits|
    +-------------+----+-----------+-----+-----------+
    |ap_return_0  |  14|          3|   16|         48|
    |ap_return_1  |  14|          3|   16|         48|
    |ap_return_2  |  14|          3|   16|         48|
    |ap_return_3  |  14|          3|   16|         48|
    +-------------+----+-----------+-----+-----------+
    |Total        |  56|         12|   64|        192|
    +-------------+----+-----------+-----+-----------+

    * Register: 
    +-----------------------+----+----+-----+-----------+
    |          Name         | FF | LUT| Bits| Const Bits|
    +-----------------------+----+----+-----+-----------+
    |ap_ce_reg              |   1|   0|    1|          0|
    |ap_return_0_int_reg    |  16|   0|   16|          0|
    |ap_return_1_int_reg    |  16|   0|   16|          0|
    |ap_return_2_int_reg    |  16|   0|   16|          0|
    |ap_return_3_int_reg    |  16|   0|   16|          0|
    |trunc_ln63_10_reg_567  |  16|   0|   16|          0|
    |trunc_ln63_11_reg_572  |  15|   0|   15|          0|
    |trunc_ln63_12_reg_577  |  16|   0|   16|          0|
    |trunc_ln63_13_reg_582  |  16|   0|   16|          0|
    |trunc_ln63_14_reg_587  |  15|   0|   15|          0|
    |trunc_ln63_1_reg_517   |  15|   0|   15|          0|
    |trunc_ln63_2_reg_522   |  16|   0|   16|          0|
    |trunc_ln63_3_reg_527   |  16|   0|   16|          0|
    |trunc_ln63_4_reg_532   |  14|   0|   14|          0|
    |trunc_ln63_5_reg_537   |  16|   0|   16|          0|
    |trunc_ln63_6_reg_542   |  16|   0|   16|          0|
    |trunc_ln63_7_reg_547   |  16|   0|   16|          0|
    |trunc_ln63_8_reg_552   |  16|   0|   16|          0|
    |trunc_ln63_9_reg_557   |  15|   0|   15|          0|
    |trunc_ln63_s_reg_562   |  16|   0|   16|          0|
    |trunc_ln_reg_512       |  16|   0|   16|          0|
    +-----------------------+----+----+-----+-----------+
    |Total                  | 315|   0|  315|          0|
    +-----------------------+----+----+-----+-----------+



================================================================
== Interface
================================================================
* Summary: 
+-------------+-----+-----+------------+--------------------------------------------------------+--------------+
|  RTL Ports  | Dir | Bits|  Protocol  |                      Source Object                     |    C Type    |
+-------------+-----+-----+------------+--------------------------------------------------------+--------------+
|ap_clk       |   in|    1|  ap_ctrl_hs|  dense_latency<ap_fixed,ap_fixed<16,6,5,3,0>,config3_2>|  return value|
|ap_rst       |   in|    1|  ap_ctrl_hs|  dense_latency<ap_fixed,ap_fixed<16,6,5,3,0>,config3_2>|  return value|
|ap_return_0  |  out|   16|  ap_ctrl_hs|  dense_latency<ap_fixed,ap_fixed<16,6,5,3,0>,config3_2>|  return value|
|ap_return_1  |  out|   16|  ap_ctrl_hs|  dense_latency<ap_fixed,ap_fixed<16,6,5,3,0>,config3_2>|  return value|
|ap_return_2  |  out|   16|  ap_ctrl_hs|  dense_latency<ap_fixed,ap_fixed<16,6,5,3,0>,config3_2>|  return value|
|ap_return_3  |  out|   16|  ap_ctrl_hs|  dense_latency<ap_fixed,ap_fixed<16,6,5,3,0>,config3_2>|  return value|
|ap_ce        |   in|    1|  ap_ctrl_hs|  dense_latency<ap_fixed,ap_fixed<16,6,5,3,0>,config3_2>|  return value|
|data_0_val   |   in|   16|     ap_none|                                              data_0_val|        scalar|
|data_1_val   |   in|   16|     ap_none|                                              data_1_val|        scalar|
|data_2_val   |   in|   16|     ap_none|                                              data_2_val|        scalar|
|data_3_val   |   in|   16|     ap_none|                                              data_3_val|        scalar|
+-------------+-----+-----+------------+--------------------------------------------------------+--------------+

============================================================
+ Verbose Summary: Synthesis Manager
============================================================
InlineROM: 1
ExposeGlobal: 0
============================================================
+ Verbose Summary: CDFG Model
============================================================
IsTopModel: 0
ResetActiveHigh: 1
IsCombinational: 2
IsDatapathOnly: 1
HasWiredReturn: 1
HasMFsm: 2
HasVarLatency: 0
IsPipeline: 1
IsRtlPipelined: 1
IsInstanceOverlapped: 1
IsDontTouch: 0
HasImplIP: 0
IsGatedGlobalClock: 0

+ Individual pipeline summary: 
  * Pipeline-0: initiation interval (II) = 1, depth = 2


============================================================
+ Verbose Summary: Schedule
============================================================
* Number of FSM states : 2
* Pipeline : 1
  Pipeline-0 : II = 1, D = 2, States = { 1 2 }
* Dataflow Pipeline: 0

* FSM state transitions: 
1 --> 2 
2 --> 

* FSM state operations: 

State 1 <SV = 0> <Delay = 3.57>
ST_1 : Operation 3 [1/1] (0.00ns)   --->   "%data_3_val_read = read i16 @_ssdm_op_Read.ap_auto.i16, i16 %data_3_val" [firmware/nnet_utils/nnet_mult.h:74->firmware/nnet_utils/nnet_dense_latency.h:63]   --->   Operation 3 'read' 'data_3_val_read' <Predicate = true> <Delay = 0.00>
ST_1 : Operation 4 [1/1] (0.00ns)   --->   "%data_2_val_read = read i16 @_ssdm_op_Read.ap_auto.i16, i16 %data_2_val" [firmware/nnet_utils/nnet_mult.h:74->firmware/nnet_utils/nnet_dense_latency.h:63]   --->   Operation 4 'read' 'data_2_val_read' <Predicate = true> <Delay = 0.00>
ST_1 : Operation 5 [1/1] (0.00ns)   --->   "%data_1_val_read = read i16 @_ssdm_op_Read.ap_auto.i16, i16 %data_1_val" [firmware/nnet_utils/nnet_mult.h:74->firmware/nnet_utils/nnet_dense_latency.h:63]   --->   Operation 5 'read' 'data_1_val_read' <Predicate = true> <Delay = 0.00>
ST_1 : Operation 6 [1/1] (0.00ns)   --->   "%data_0_val_read = read i16 @_ssdm_op_Read.ap_auto.i16, i16 %data_0_val" [firmware/nnet_utils/nnet_mult.h:74->firmware/nnet_utils/nnet_dense_latency.h:63]   --->   Operation 6 'read' 'data_0_val_read' <Predicate = true> <Delay = 0.00>
ST_1 : Operation 7 [1/1] (0.00ns)   --->   "%sext_ln74 = sext i16 %data_0_val_read" [firmware/nnet_utils/nnet_mult.h:74->firmware/nnet_utils/nnet_dense_latency.h:63]   --->   Operation 7 'sext' 'sext_ln74' <Predicate = true> <Delay = 0.00>
ST_1 : Operation 8 [1/1] (0.00ns)   --->   "%sext_ln74_1 = sext i16 %data_0_val_read" [firmware/nnet_utils/nnet_mult.h:74->firmware/nnet_utils/nnet_dense_latency.h:63]   --->   Operation 8 'sext' 'sext_ln74_1' <Predicate = true> <Delay = 0.00>
ST_1 : Operation 9 [1/1] (3.57ns)   --->   "%mul_ln78 = mul i26 %sext_ln74_1, i26 67108419" [firmware/nnet_utils/nnet_mult.h:78->firmware/nnet_utils/nnet_dense_latency.h:63]   --->   Operation 9 'mul' 'mul_ln78' <Predicate = true> <Delay = 3.57> <CoreInst = "Multiplier">   --->   Core 3 'Multiplier' <Latency = 0> <II = 1> <Delay = 3.57> <FuncUnit> <Opcode : 'mul'> <InPorts = 2> <OutPorts = 1>
ST_1 : Operation 10 [1/1] (0.00ns)   --->   "%trunc_ln = partselect i16 @_ssdm_op_PartSelect.i16.i26.i32.i32, i26 %mul_ln78, i32 10, i32 25" [firmware/nnet_utils/nnet_dense_latency.h:63]   --->   Operation 10 'partselect' 'trunc_ln' <Predicate = true> <Delay = 0.00>
ST_1 : Operation 11 [1/1] (3.57ns)   --->   "%mul_ln78_1 = mul i25 %sext_ln74, i25 211" [firmware/nnet_utils/nnet_mult.h:78->firmware/nnet_utils/nnet_dense_latency.h:63]   --->   Operation 11 'mul' 'mul_ln78_1' <Predicate = true> <Delay = 3.57> <CoreInst = "Multiplier">   --->   Core 3 'Multiplier' <Latency = 0> <II = 1> <Delay = 3.57> <FuncUnit> <Opcode : 'mul'> <InPorts = 2> <OutPorts = 1>
ST_1 : Operation 12 [1/1] (0.00ns)   --->   "%trunc_ln63_1 = partselect i15 @_ssdm_op_PartSelect.i15.i25.i32.i32, i25 %mul_ln78_1, i32 10, i32 24" [firmware/nnet_utils/nnet_dense_latency.h:63]   --->   Operation 12 'partselect' 'trunc_ln63_1' <Predicate = true> <Delay = 0.00>
ST_1 : Operation 13 [1/1] (3.57ns)   --->   "%mul_ln78_2 = mul i26 %sext_ln74_1, i26 457" [firmware/nnet_utils/nnet_mult.h:78->firmware/nnet_utils/nnet_dense_latency.h:63]   --->   Operation 13 'mul' 'mul_ln78_2' <Predicate = true> <Delay = 3.57> <CoreInst = "Multiplier">   --->   Core 3 'Multiplier' <Latency = 0> <II = 1> <Delay = 3.57> <FuncUnit> <Opcode : 'mul'> <InPorts = 2> <OutPorts = 1>
ST_1 : Operation 14 [1/1] (0.00ns)   --->   "%trunc_ln63_2 = partselect i16 @_ssdm_op_PartSelect.i16.i26.i32.i32, i26 %mul_ln78_2, i32 10, i32 25" [firmware/nnet_utils/nnet_dense_latency.h:63]   --->   Operation 14 'partselect' 'trunc_ln63_2' <Predicate = true> <Delay = 0.00>
ST_1 : Operation 15 [1/1] (3.57ns)   --->   "%mul_ln78_3 = mul i26 %sext_ln74_1, i26 67108415" [firmware/nnet_utils/nnet_mult.h:78->firmware/nnet_utils/nnet_dense_latency.h:63]   --->   Operation 15 'mul' 'mul_ln78_3' <Predicate = true> <Delay = 3.57> <CoreInst = "Multiplier">   --->   Core 3 'Multiplier' <Latency = 0> <II = 1> <Delay = 3.57> <FuncUnit> <Opcode : 'mul'> <InPorts = 2> <OutPorts = 1>
ST_1 : Operation 16 [1/1] (0.00ns)   --->   "%trunc_ln63_3 = partselect i16 @_ssdm_op_PartSelect.i16.i26.i32.i32, i26 %mul_ln78_3, i32 10, i32 25" [firmware/nnet_utils/nnet_dense_latency.h:63]   --->   Operation 16 'partselect' 'trunc_ln63_3' <Predicate = true> <Delay = 0.00>
ST_1 : Operation 17 [1/1] (0.00ns)   --->   "%sext_ln74_2 = sext i16 %data_1_val_read" [firmware/nnet_utils/nnet_mult.h:74->firmware/nnet_utils/nnet_dense_latency.h:63]   --->   Operation 17 'sext' 'sext_ln74_2' <Predicate = true> <Delay = 0.00>
ST_1 : Operation 18 [1/1] (0.00ns)   --->   "%shl_ln = bitconcatenate i23 @_ssdm_op_BitConcatenate.i23.i16.i7, i16 %data_1_val_read, i7 0" [firmware/nnet_utils/nnet_mult.h:78->firmware/nnet_utils/nnet_dense_latency.h:63]   --->   Operation 18 'bitconcatenate' 'shl_ln' <Predicate = true> <Delay = 0.00>
ST_1 : Operation 19 [1/1] (0.00ns)   --->   "%sext_ln78 = sext i23 %shl_ln" [firmware/nnet_utils/nnet_mult.h:78->firmware/nnet_utils/nnet_dense_latency.h:63]   --->   Operation 19 'sext' 'sext_ln78' <Predicate = true> <Delay = 0.00>
ST_1 : Operation 20 [1/1] (0.00ns) (grouped into TernaryAdder)   --->   "%sub_ln78 = sub i24 0, i24 %sext_ln78" [firmware/nnet_utils/nnet_mult.h:78->firmware/nnet_utils/nnet_dense_latency.h:63]   --->   Operation 20 'sub' 'sub_ln78' <Predicate = true> <Delay = 0.00> <CoreInst = "TAddSub">   --->   Core 10 'TAddSub' <Latency = 0> <II = 1> <Delay = 0.51> <IPBlock> <Opcode : '' 'add' 'sub'> <InPorts = 3> <OutPorts = 1> <Sync> <CReg>
ST_1 : Operation 21 [1/1] (0.00ns)   --->   "%shl_ln78_1 = bitconcatenate i17 @_ssdm_op_BitConcatenate.i17.i16.i1, i16 %data_1_val_read, i1 0" [firmware/nnet_utils/nnet_mult.h:78->firmware/nnet_utils/nnet_dense_latency.h:63]   --->   Operation 21 'bitconcatenate' 'shl_ln78_1' <Predicate = true> <Delay = 0.00>
ST_1 : Operation 22 [1/1] (0.00ns)   --->   "%sext_ln78_598 = sext i17 %shl_ln78_1" [firmware/nnet_utils/nnet_mult.h:78->firmware/nnet_utils/nnet_dense_latency.h:63]   --->   Operation 22 'sext' 'sext_ln78_598' <Predicate = true> <Delay = 0.00>
ST_1 : Operation 23 [1/1] (1.03ns) (root node of TernaryAdder)   --->   "%sub_ln78_1 = sub i24 %sub_ln78, i24 %sext_ln78_598" [firmware/nnet_utils/nnet_mult.h:78->firmware/nnet_utils/nnet_dense_latency.h:63]   --->   Operation 23 'sub' 'sub_ln78_1' <Predicate = true> <Delay = 1.03> <CoreInst = "TAddSub">   --->   Core 10 'TAddSub' <Latency = 0> <II = 1> <Delay = 0.51> <IPBlock> <Opcode : '' 'add' 'sub'> <InPorts = 3> <OutPorts = 1> <Sync> <CReg>
ST_1 : Operation 24 [1/1] (0.00ns)   --->   "%trunc_ln63_4 = partselect i14 @_ssdm_op_PartSelect.i14.i24.i32.i32, i24 %sub_ln78_1, i32 10, i32 23" [firmware/nnet_utils/nnet_dense_latency.h:63]   --->   Operation 24 'partselect' 'trunc_ln63_4' <Predicate = true> <Delay = 0.00>
ST_1 : Operation 25 [1/1] (3.57ns)   --->   "%mul_ln78_4 = mul i26 %sext_ln74_2, i26 340" [firmware/nnet_utils/nnet_mult.h:78->firmware/nnet_utils/nnet_dense_latency.h:63]   --->   Operation 25 'mul' 'mul_ln78_4' <Predicate = true> <Delay = 3.57> <CoreInst = "Multiplier">   --->   Core 3 'Multiplier' <Latency = 0> <II = 1> <Delay = 3.57> <FuncUnit> <Opcode : 'mul'> <InPorts = 2> <OutPorts = 1>
ST_1 : Operation 26 [1/1] (0.00ns)   --->   "%trunc_ln63_5 = partselect i16 @_ssdm_op_PartSelect.i16.i26.i32.i32, i26 %mul_ln78_4, i32 10, i32 25" [firmware/nnet_utils/nnet_dense_latency.h:63]   --->   Operation 26 'partselect' 'trunc_ln63_5' <Predicate = true> <Delay = 0.00>
ST_1 : Operation 27 [1/1] (3.57ns)   --->   "%mul_ln63 = mul i26 %sext_ln74_2, i26 67108210" [firmware/nnet_utils/nnet_dense_latency.h:63]   --->   Operation 27 'mul' 'mul_ln63' <Predicate = true> <Delay = 3.57> <CoreInst = "Multiplier">   --->   Core 3 'Multiplier' <Latency = 0> <II = 1> <Delay = 3.57> <FuncUnit> <Opcode : 'mul'> <InPorts = 2> <OutPorts = 1>
ST_1 : Operation 28 [1/1] (0.00ns)   --->   "%trunc_ln63_6 = partselect i16 @_ssdm_op_PartSelect.i16.i26.i32.i32, i26 %mul_ln63, i32 10, i32 25" [firmware/nnet_utils/nnet_dense_latency.h:63]   --->   Operation 28 'partselect' 'trunc_ln63_6' <Predicate = true> <Delay = 0.00>
ST_1 : Operation 29 [1/1] (3.57ns)   --->   "%mul_ln63_1 = mul i26 %sext_ln74_2, i26 67108303" [firmware/nnet_utils/nnet_dense_latency.h:63]   --->   Operation 29 'mul' 'mul_ln63_1' <Predicate = true> <Delay = 3.57> <CoreInst = "Multiplier">   --->   Core 3 'Multiplier' <Latency = 0> <II = 1> <Delay = 3.57> <FuncUnit> <Opcode : 'mul'> <InPorts = 2> <OutPorts = 1>
ST_1 : Operation 30 [1/1] (0.00ns)   --->   "%trunc_ln63_7 = partselect i16 @_ssdm_op_PartSelect.i16.i26.i32.i32, i26 %mul_ln63_1, i32 10, i32 25" [firmware/nnet_utils/nnet_dense_latency.h:63]   --->   Operation 30 'partselect' 'trunc_ln63_7' <Predicate = true> <Delay = 0.00>
ST_1 : Operation 31 [1/1] (0.00ns)   --->   "%sext_ln74_3 = sext i16 %data_2_val_read" [firmware/nnet_utils/nnet_mult.h:74->firmware/nnet_utils/nnet_dense_latency.h:63]   --->   Operation 31 'sext' 'sext_ln74_3' <Predicate = true> <Delay = 0.00>
ST_1 : Operation 32 [1/1] (0.00ns)   --->   "%sext_ln74_4 = sext i16 %data_2_val_read" [firmware/nnet_utils/nnet_mult.h:74->firmware/nnet_utils/nnet_dense_latency.h:63]   --->   Operation 32 'sext' 'sext_ln74_4' <Predicate = true> <Delay = 0.00>
ST_1 : Operation 33 [1/1] (3.57ns)   --->   "%mul_ln63_2 = mul i26 %sext_ln74_3, i26 67108314" [firmware/nnet_utils/nnet_dense_latency.h:63]   --->   Operation 33 'mul' 'mul_ln63_2' <Predicate = true> <Delay = 3.57> <CoreInst = "Multiplier">   --->   Core 3 'Multiplier' <Latency = 0> <II = 1> <Delay = 3.57> <FuncUnit> <Opcode : 'mul'> <InPorts = 2> <OutPorts = 1>
ST_1 : Operation 34 [1/1] (0.00ns)   --->   "%trunc_ln63_8 = partselect i16 @_ssdm_op_PartSelect.i16.i26.i32.i32, i26 %mul_ln63_2, i32 10, i32 25" [firmware/nnet_utils/nnet_dense_latency.h:63]   --->   Operation 34 'partselect' 'trunc_ln63_8' <Predicate = true> <Delay = 0.00>
ST_1 : Operation 35 [1/1] (3.57ns)   --->   "%mul_ln78_5 = mul i25 %sext_ln74_4, i25 158" [firmware/nnet_utils/nnet_mult.h:78->firmware/nnet_utils/nnet_dense_latency.h:63]   --->   Operation 35 'mul' 'mul_ln78_5' <Predicate = true> <Delay = 3.57> <CoreInst = "Multiplier">   --->   Core 3 'Multiplier' <Latency = 0> <II = 1> <Delay = 3.57> <FuncUnit> <Opcode : 'mul'> <InPorts = 2> <OutPorts = 1>
ST_1 : Operation 36 [1/1] (0.00ns)   --->   "%trunc_ln63_9 = partselect i15 @_ssdm_op_PartSelect.i15.i25.i32.i32, i25 %mul_ln78_5, i32 10, i32 24" [firmware/nnet_utils/nnet_dense_latency.h:63]   --->   Operation 36 'partselect' 'trunc_ln63_9' <Predicate = true> <Delay = 0.00>
ST_1 : Operation 37 [1/1] (3.57ns)   --->   "%mul_ln78_6 = mul i26 %sext_ln74_3, i26 363" [firmware/nnet_utils/nnet_mult.h:78->firmware/nnet_utils/nnet_dense_latency.h:63]   --->   Operation 37 'mul' 'mul_ln78_6' <Predicate = true> <Delay = 3.57> <CoreInst = "Multiplier">   --->   Core 3 'Multiplier' <Latency = 0> <II = 1> <Delay = 3.57> <FuncUnit> <Opcode : 'mul'> <InPorts = 2> <OutPorts = 1>
ST_1 : Operation 38 [1/1] (0.00ns)   --->   "%trunc_ln63_s = partselect i16 @_ssdm_op_PartSelect.i16.i26.i32.i32, i26 %mul_ln78_6, i32 10, i32 25" [firmware/nnet_utils/nnet_dense_latency.h:63]   --->   Operation 38 'partselect' 'trunc_ln63_s' <Predicate = true> <Delay = 0.00>
ST_1 : Operation 39 [1/1] (3.57ns)   --->   "%mul_ln63_3 = mul i26 %sext_ln74_3, i26 67108251" [firmware/nnet_utils/nnet_dense_latency.h:63]   --->   Operation 39 'mul' 'mul_ln63_3' <Predicate = true> <Delay = 3.57> <CoreInst = "Multiplier">   --->   Core 3 'Multiplier' <Latency = 0> <II = 1> <Delay = 3.57> <FuncUnit> <Opcode : 'mul'> <InPorts = 2> <OutPorts = 1>
ST_1 : Operation 40 [1/1] (0.00ns)   --->   "%trunc_ln63_10 = partselect i16 @_ssdm_op_PartSelect.i16.i26.i32.i32, i26 %mul_ln63_3, i32 10, i32 25" [firmware/nnet_utils/nnet_dense_latency.h:63]   --->   Operation 40 'partselect' 'trunc_ln63_10' <Predicate = true> <Delay = 0.00>
ST_1 : Operation 41 [1/1] (0.00ns)   --->   "%sext_ln63_3 = sext i16 %data_3_val_read" [firmware/nnet_utils/nnet_dense_latency.h:63]   --->   Operation 41 'sext' 'sext_ln63_3' <Predicate = true> <Delay = 0.00>
ST_1 : Operation 42 [1/1] (0.00ns)   --->   "%sext_ln74_5 = sext i16 %data_3_val_read" [firmware/nnet_utils/nnet_mult.h:74->firmware/nnet_utils/nnet_dense_latency.h:63]   --->   Operation 42 'sext' 'sext_ln74_5' <Predicate = true> <Delay = 0.00>
ST_1 : Operation 43 [1/1] (3.57ns)   --->   "%mul_ln78_7 = mul i25 %sext_ln74_5, i25 139" [firmware/nnet_utils/nnet_mult.h:78->firmware/nnet_utils/nnet_dense_latency.h:63]   --->   Operation 43 'mul' 'mul_ln78_7' <Predicate = true> <Delay = 3.57> <CoreInst = "Multiplier">   --->   Core 3 'Multiplier' <Latency = 0> <II = 1> <Delay = 3.57> <FuncUnit> <Opcode : 'mul'> <InPorts = 2> <OutPorts = 1>
ST_1 : Operation 44 [1/1] (0.00ns)   --->   "%trunc_ln63_11 = partselect i15 @_ssdm_op_PartSelect.i15.i25.i32.i32, i25 %mul_ln78_7, i32 10, i32 24" [firmware/nnet_utils/nnet_dense_latency.h:63]   --->   Operation 44 'partselect' 'trunc_ln63_11' <Predicate = true> <Delay = 0.00>
ST_1 : Operation 45 [1/1] (3.57ns)   --->   "%mul_ln78_8 = mul i26 %sext_ln63_3, i26 67108407" [firmware/nnet_utils/nnet_mult.h:78->firmware/nnet_utils/nnet_dense_latency.h:63]   --->   Operation 45 'mul' 'mul_ln78_8' <Predicate = true> <Delay = 3.57> <CoreInst = "Multiplier">   --->   Core 3 'Multiplier' <Latency = 0> <II = 1> <Delay = 3.57> <FuncUnit> <Opcode : 'mul'> <InPorts = 2> <OutPorts = 1>
ST_1 : Operation 46 [1/1] (0.00ns)   --->   "%trunc_ln63_12 = partselect i16 @_ssdm_op_PartSelect.i16.i26.i32.i32, i26 %mul_ln78_8, i32 10, i32 25" [firmware/nnet_utils/nnet_dense_latency.h:63]   --->   Operation 46 'partselect' 'trunc_ln63_12' <Predicate = true> <Delay = 0.00>
ST_1 : Operation 47 [1/1] (3.57ns)   --->   "%mul_ln63_4 = mul i26 %sext_ln63_3, i26 539" [firmware/nnet_utils/nnet_dense_latency.h:63]   --->   Operation 47 'mul' 'mul_ln63_4' <Predicate = true> <Delay = 3.57> <CoreInst = "Multiplier">   --->   Core 3 'Multiplier' <Latency = 0> <II = 1> <Delay = 3.57> <FuncUnit> <Opcode : 'mul'> <InPorts = 2> <OutPorts = 1>
ST_1 : Operation 48 [1/1] (0.00ns)   --->   "%trunc_ln63_13 = partselect i16 @_ssdm_op_PartSelect.i16.i26.i32.i32, i26 %mul_ln63_4, i32 10, i32 25" [firmware/nnet_utils/nnet_dense_latency.h:63]   --->   Operation 48 'partselect' 'trunc_ln63_13' <Predicate = true> <Delay = 0.00>
ST_1 : Operation 49 [1/1] (3.57ns)   --->   "%mul_ln78_9 = mul i25 %sext_ln74_5, i25 213" [firmware/nnet_utils/nnet_mult.h:78->firmware/nnet_utils/nnet_dense_latency.h:63]   --->   Operation 49 'mul' 'mul_ln78_9' <Predicate = true> <Delay = 3.57> <CoreInst = "Multiplier">   --->   Core 3 'Multiplier' <Latency = 0> <II = 1> <Delay = 3.57> <FuncUnit> <Opcode : 'mul'> <InPorts = 2> <OutPorts = 1>
ST_1 : Operation 50 [1/1] (0.00ns)   --->   "%trunc_ln63_14 = partselect i15 @_ssdm_op_PartSelect.i15.i25.i32.i32, i25 %mul_ln78_9, i32 10, i32 24" [firmware/nnet_utils/nnet_dense_latency.h:63]   --->   Operation 50 'partselect' 'trunc_ln63_14' <Predicate = true> <Delay = 0.00>

State 2 <SV = 1> <Delay = 2.41>
ST_2 : Operation 51 [1/1] (0.00ns)   --->   "%specpipeline_ln0 = specpipeline void @_ssdm_op_SpecPipeline, i32 1, i32 0, i32 0, i32 0, void @empty_1"   --->   Operation 51 'specpipeline' 'specpipeline_ln0' <Predicate = true> <Delay = 0.00>
ST_2 : Operation 52 [1/1] (0.00ns)   --->   "%sext_ln63 = sext i15 %trunc_ln63_1" [firmware/nnet_utils/nnet_dense_latency.h:63]   --->   Operation 52 'sext' 'sext_ln63' <Predicate = true> <Delay = 0.00>
ST_2 : Operation 53 [1/1] (0.00ns)   --->   "%sext_ln63_1 = sext i14 %trunc_ln63_4" [firmware/nnet_utils/nnet_dense_latency.h:63]   --->   Operation 53 'sext' 'sext_ln63_1' <Predicate = true> <Delay = 0.00>
ST_2 : Operation 54 [1/1] (0.00ns)   --->   "%sext_ln63_2 = sext i15 %trunc_ln63_9" [firmware/nnet_utils/nnet_dense_latency.h:63]   --->   Operation 54 'sext' 'sext_ln63_2' <Predicate = true> <Delay = 0.00>
ST_2 : Operation 55 [1/1] (0.00ns)   --->   "%sext_ln63_4 = sext i15 %trunc_ln63_11" [firmware/nnet_utils/nnet_dense_latency.h:63]   --->   Operation 55 'sext' 'sext_ln63_4' <Predicate = true> <Delay = 0.00>
ST_2 : Operation 56 [1/1] (0.00ns)   --->   "%sext_ln63_5 = sext i15 %trunc_ln63_14" [firmware/nnet_utils/nnet_dense_latency.h:63]   --->   Operation 56 'sext' 'sext_ln63_5' <Predicate = true> <Delay = 0.00>
ST_2 : Operation 57 [1/1] (0.00ns) (grouped into TernaryAdder)   --->   "%add_ln76 = add i16 %trunc_ln63_8, i16 %trunc_ln" [firmware/nnet_utils/nnet_dense_latency.h:76]   --->   Operation 57 'add' 'add_ln76' <Predicate = true> <Delay = 0.00> <CoreInst = "TAddSub">   --->   Core 10 'TAddSub' <Latency = 0> <II = 1> <Delay = 0.51> <IPBlock> <Opcode : '' 'add' 'sub'> <InPorts = 3> <OutPorts = 1> <Sync> <CReg>
ST_2 : Operation 58 [1/1] (1.40ns)   --->   "%add_ln76_1 = add i16 %sext_ln63_4, i16 %sext_ln63_1" [firmware/nnet_utils/nnet_dense_latency.h:76]   --->   Operation 58 'add' 'add_ln76_1' <Predicate = true> <Delay = 1.40> <CoreInst = "Adder">   --->   Core 1 'Adder' <Latency = 0> <II = 1> <Delay = 1.41> <FuncUnit> <Opcode : 'add' 'sub'> <InPorts = 2> <OutPorts = 1>
ST_2 : Operation 59 [1/1] (0.99ns) (root node of TernaryAdder)   --->   "%add_ln76_2 = add i16 %add_ln76_1, i16 %add_ln76" [firmware/nnet_utils/nnet_dense_latency.h:76]   --->   Operation 59 'add' 'add_ln76_2' <Predicate = true> <Delay = 0.99> <CoreInst = "TAddSub">   --->   Core 10 'TAddSub' <Latency = 0> <II = 1> <Delay = 0.51> <IPBlock> <Opcode : '' 'add' 'sub'> <InPorts = 3> <OutPorts = 1> <Sync> <CReg>
ST_2 : Operation 60 [1/1] (0.00ns) (grouped into TernaryAdder)   --->   "%add_ln76_3 = add i16 %trunc_ln63_5, i16 %trunc_ln63_12" [firmware/nnet_utils/nnet_dense_latency.h:76]   --->   Operation 60 'add' 'add_ln76_3' <Predicate = true> <Delay = 0.00> <CoreInst = "TAddSub">   --->   Core 10 'TAddSub' <Latency = 0> <II = 1> <Delay = 0.51> <IPBlock> <Opcode : '' 'add' 'sub'> <InPorts = 3> <OutPorts = 1> <Sync> <CReg>
ST_2 : Operation 61 [1/1] (1.40ns)   --->   "%add_ln76_4 = add i16 %sext_ln63, i16 %sext_ln63_2" [firmware/nnet_utils/nnet_dense_latency.h:76]   --->   Operation 61 'add' 'add_ln76_4' <Predicate = true> <Delay = 1.40> <CoreInst = "Adder">   --->   Core 1 'Adder' <Latency = 0> <II = 1> <Delay = 1.41> <FuncUnit> <Opcode : 'add' 'sub'> <InPorts = 2> <OutPorts = 1>
ST_2 : Operation 62 [1/1] (0.99ns) (root node of TernaryAdder)   --->   "%add_ln76_5 = add i16 %add_ln76_4, i16 %add_ln76_3" [firmware/nnet_utils/nnet_dense_latency.h:76]   --->   Operation 62 'add' 'add_ln76_5' <Predicate = true> <Delay = 0.99> <CoreInst = "TAddSub">   --->   Core 10 'TAddSub' <Latency = 0> <II = 1> <Delay = 0.51> <IPBlock> <Opcode : '' 'add' 'sub'> <InPorts = 3> <OutPorts = 1> <Sync> <CReg>
ST_2 : Operation 63 [1/1] (0.00ns) (grouped into TernaryAdder)   --->   "%add_ln76_6 = add i16 %trunc_ln63_6, i16 %trunc_ln63_2" [firmware/nnet_utils/nnet_dense_latency.h:76]   --->   Operation 63 'add' 'add_ln76_6' <Predicate = true> <Delay = 0.00> <CoreInst = "TAddSub">   --->   Core 10 'TAddSub' <Latency = 0> <II = 1> <Delay = 0.51> <IPBlock> <Opcode : '' 'add' 'sub'> <InPorts = 3> <OutPorts = 1> <Sync> <CReg>
ST_2 : Operation 64 [1/1] (1.41ns)   --->   "%add_ln76_7 = add i16 %trunc_ln63_s, i16 %trunc_ln63_13" [firmware/nnet_utils/nnet_dense_latency.h:76]   --->   Operation 64 'add' 'add_ln76_7' <Predicate = true> <Delay = 1.41> <CoreInst = "Adder">   --->   Core 1 'Adder' <Latency = 0> <II = 1> <Delay = 1.41> <FuncUnit> <Opcode : 'add' 'sub'> <InPorts = 2> <OutPorts = 1>
ST_2 : Operation 65 [1/1] (0.99ns) (root node of TernaryAdder)   --->   "%add_ln76_8 = add i16 %add_ln76_7, i16 %add_ln76_6" [firmware/nnet_utils/nnet_dense_latency.h:76]   --->   Operation 65 'add' 'add_ln76_8' <Predicate = true> <Delay = 0.99> <CoreInst = "TAddSub">   --->   Core 10 'TAddSub' <Latency = 0> <II = 1> <Delay = 0.51> <IPBlock> <Opcode : '' 'add' 'sub'> <InPorts = 3> <OutPorts = 1> <Sync> <CReg>
ST_2 : Operation 66 [1/1] (0.00ns) (grouped into TernaryAdder)   --->   "%add_ln76_9 = add i16 %trunc_ln63_7, i16 %trunc_ln63_3" [firmware/nnet_utils/nnet_dense_latency.h:76]   --->   Operation 66 'add' 'add_ln76_9' <Predicate = true> <Delay = 0.00> <CoreInst = "TAddSub">   --->   Core 10 'TAddSub' <Latency = 0> <II = 1> <Delay = 0.51> <IPBlock> <Opcode : '' 'add' 'sub'> <InPorts = 3> <OutPorts = 1> <Sync> <CReg>
ST_2 : Operation 67 [1/1] (1.41ns)   --->   "%add_ln76_10 = add i16 %trunc_ln63_10, i16 %sext_ln63_5" [firmware/nnet_utils/nnet_dense_latency.h:76]   --->   Operation 67 'add' 'add_ln76_10' <Predicate = true> <Delay = 1.41> <CoreInst = "Adder">   --->   Core 1 'Adder' <Latency = 0> <II = 1> <Delay = 1.41> <FuncUnit> <Opcode : 'add' 'sub'> <InPorts = 2> <OutPorts = 1>
ST_2 : Operation 68 [1/1] (0.99ns) (root node of TernaryAdder)   --->   "%add_ln76_11 = add i16 %add_ln76_10, i16 %add_ln76_9" [firmware/nnet_utils/nnet_dense_latency.h:76]   --->   Operation 68 'add' 'add_ln76_11' <Predicate = true> <Delay = 0.99> <CoreInst = "TAddSub">   --->   Core 10 'TAddSub' <Latency = 0> <II = 1> <Delay = 0.51> <IPBlock> <Opcode : '' 'add' 'sub'> <InPorts = 3> <OutPorts = 1> <Sync> <CReg>
ST_2 : Operation 69 [1/1] (0.00ns)   --->   "%mrv = insertvalue i64 <undef>, i16 %add_ln76_2" [firmware/nnet_utils/nnet_dense_latency.h:85]   --->   Operation 69 'insertvalue' 'mrv' <Predicate = true> <Delay = 0.00>
ST_2 : Operation 70 [1/1] (0.00ns)   --->   "%mrv_1 = insertvalue i64 %mrv, i16 %add_ln76_5" [firmware/nnet_utils/nnet_dense_latency.h:85]   --->   Operation 70 'insertvalue' 'mrv_1' <Predicate = true> <Delay = 0.00>
ST_2 : Operation 71 [1/1] (0.00ns)   --->   "%mrv_2 = insertvalue i64 %mrv_1, i16 %add_ln76_8" [firmware/nnet_utils/nnet_dense_latency.h:85]   --->   Operation 71 'insertvalue' 'mrv_2' <Predicate = true> <Delay = 0.00>
ST_2 : Operation 72 [1/1] (0.00ns)   --->   "%mrv_3 = insertvalue i64 %mrv_2, i16 %add_ln76_11" [firmware/nnet_utils/nnet_dense_latency.h:85]   --->   Operation 72 'insertvalue' 'mrv_3' <Predicate = true> <Delay = 0.00>
ST_2 : Operation 73 [1/1] (0.00ns)   --->   "%ret_ln85 = ret i64 %mrv_3" [firmware/nnet_utils/nnet_dense_latency.h:85]   --->   Operation 73 'ret' 'ret_ln85' <Predicate = true> <Delay = 0.00>


============================================================
+ Verbose Summary: Binding
============================================================
STG Binding: 
---------------- STG Properties BEGIN ----------------
- Is combinational: 0
- Is one-state seq: 0
- Is datapath-only: 1
- Is pipelined: 1
- Is top level: 0
Port [ Return ] is wired: 1; IO mode=ap_ctrl_hs:ce=0
Port [ data_0_val]:  wired=1; compound=0; hidden=0; nouse=0; global=0; static=0; extern=0; dir=0; type=0; pingpong=0; private_global=0; IO mode=ap_none:ce=0
Port [ data_1_val]:  wired=1; compound=0; hidden=0; nouse=0; global=0; static=0; extern=0; dir=0; type=0; pingpong=0; private_global=0; IO mode=ap_none:ce=0
Port [ data_2_val]:  wired=1; compound=0; hidden=0; nouse=0; global=0; static=0; extern=0; dir=0; type=0; pingpong=0; private_global=0; IO mode=ap_none:ce=0
Port [ data_3_val]:  wired=1; compound=0; hidden=0; nouse=0; global=0; static=0; extern=0; dir=0; type=0; pingpong=0; private_global=0; IO mode=ap_none:ce=0
---------------- STG Properties END ------------------

---------------- Datapath Model BEGIN ----------------

<LifeTime>
<method=bitvector/>
data_3_val_read  (read          ) [ 000]
data_2_val_read  (read          ) [ 000]
data_1_val_read  (read          ) [ 000]
data_0_val_read  (read          ) [ 000]
sext_ln74        (sext          ) [ 000]
sext_ln74_1      (sext          ) [ 000]
mul_ln78         (mul           ) [ 000]
trunc_ln         (partselect    ) [ 011]
mul_ln78_1       (mul           ) [ 000]
trunc_ln63_1     (partselect    ) [ 011]
mul_ln78_2       (mul           ) [ 000]
trunc_ln63_2     (partselect    ) [ 011]
mul_ln78_3       (mul           ) [ 000]
trunc_ln63_3     (partselect    ) [ 011]
sext_ln74_2      (sext          ) [ 000]
shl_ln           (bitconcatenate) [ 000]
sext_ln78        (sext          ) [ 000]
sub_ln78         (sub           ) [ 000]
shl_ln78_1       (bitconcatenate) [ 000]
sext_ln78_598    (sext          ) [ 000]
sub_ln78_1       (sub           ) [ 000]
trunc_ln63_4     (partselect    ) [ 011]
mul_ln78_4       (mul           ) [ 000]
trunc_ln63_5     (partselect    ) [ 011]
mul_ln63         (mul           ) [ 000]
trunc_ln63_6     (partselect    ) [ 011]
mul_ln63_1       (mul           ) [ 000]
trunc_ln63_7     (partselect    ) [ 011]
sext_ln74_3      (sext          ) [ 000]
sext_ln74_4      (sext          ) [ 000]
mul_ln63_2       (mul           ) [ 000]
trunc_ln63_8     (partselect    ) [ 011]
mul_ln78_5       (mul           ) [ 000]
trunc_ln63_9     (partselect    ) [ 011]
mul_ln78_6       (mul           ) [ 000]
trunc_ln63_s     (partselect    ) [ 011]
mul_ln63_3       (mul           ) [ 000]
trunc_ln63_10    (partselect    ) [ 011]
sext_ln63_3      (sext          ) [ 000]
sext_ln74_5      (sext          ) [ 000]
mul_ln78_7       (mul           ) [ 000]
trunc_ln63_11    (partselect    ) [ 011]
mul_ln78_8       (mul           ) [ 000]
trunc_ln63_12    (partselect    ) [ 011]
mul_ln63_4       (mul           ) [ 000]
trunc_ln63_13    (partselect    ) [ 011]
mul_ln78_9       (mul           ) [ 000]
trunc_ln63_14    (partselect    ) [ 011]
specpipeline_ln0 (specpipeline  ) [ 000]
sext_ln63        (sext          ) [ 000]
sext_ln63_1      (sext          ) [ 000]
sext_ln63_2      (sext          ) [ 000]
sext_ln63_4      (sext          ) [ 000]
sext_ln63_5      (sext          ) [ 000]
add_ln76         (add           ) [ 000]
add_ln76_1       (add           ) [ 000]
add_ln76_2       (add           ) [ 000]
add_ln76_3       (add           ) [ 000]
add_ln76_4       (add           ) [ 000]
add_ln76_5       (add           ) [ 000]
add_ln76_6       (add           ) [ 000]
add_ln76_7       (add           ) [ 000]
add_ln76_8       (add           ) [ 000]
add_ln76_9       (add           ) [ 000]
add_ln76_10      (add           ) [ 000]
add_ln76_11      (add           ) [ 000]
mrv              (insertvalue   ) [ 000]
mrv_1            (insertvalue   ) [ 000]
mrv_2            (insertvalue   ) [ 000]
mrv_3            (insertvalue   ) [ 000]
ret_ln85         (ret           ) [ 000]
</LifeTime>

<model>

<comp_list>
<comp id="0" class="1000" name="data_0_val">
<pin_list>
<pin id="1" dir="1" index="0" bw="1" slack="0"/>
</pin_list>
<bind>
<StgValue><ssdm name="data_0_val"/></StgValue>
</bind>
</comp>

<comp id="2" class="1000" name="data_1_val">
<pin_list>
<pin id="3" dir="1" index="0" bw="1" slack="0"/>
</pin_list>
<bind>
<StgValue><ssdm name="data_1_val"/></StgValue>
</bind>
</comp>

<comp id="4" class="1000" name="data_2_val">
<pin_list>
<pin id="5" dir="1" index="0" bw="1" slack="0"/>
</pin_list>
<bind>
<StgValue><ssdm name="data_2_val"/></StgValue>
</bind>
</comp>

<comp id="6" class="1000" name="data_3_val">
<pin_list>
<pin id="7" dir="1" index="0" bw="1" slack="0"/>
</pin_list>
<bind>
<StgValue><ssdm name="data_3_val"/></StgValue>
</bind>
</comp>

<comp id="8" class="1001" name="const_8">
<pin_list>
<pin id="9" dir="1" index="0" bw="1" slack="0"/>
</pin_list>
<bind>
<StgValue><ssdm name="_ssdm_op_Read.ap_auto.i16"/></StgValue>
</bind>
</comp>

<comp id="10" class="1001" name="const_10">
<pin_list>
<pin id="11" dir="1" index="0" bw="1" slack="0"/>
</pin_list>
<bind>
<StgValue><ssdm name=""/></StgValue>
</bind>
</comp>

<comp id="12" class="1001" name="const_12">
<pin_list>
<pin id="13" dir="1" index="0" bw="1" slack="0"/>
</pin_list>
<bind>
<StgValue><ssdm name="_ssdm_op_PartSelect.i16.i26.i32.i32"/></StgValue>
</bind>
</comp>

<comp id="14" class="1001" name="const_14">
<pin_list>
<pin id="15" dir="1" index="0" bw="1" slack="0"/>
</pin_list>
<bind>
<StgValue><ssdm name=""/></StgValue>
</bind>
</comp>

<comp id="16" class="1001" name="const_16">
<pin_list>
<pin id="17" dir="1" index="0" bw="1" slack="0"/>
</pin_list>
<bind>
<StgValue><ssdm name=""/></StgValue>
</bind>
</comp>

<comp id="18" class="1001" name="const_18">
<pin_list>
<pin id="19" dir="1" index="0" bw="1" slack="0"/>
</pin_list>
<bind>
<StgValue><ssdm name=""/></StgValue>
</bind>
</comp>

<comp id="20" class="1001" name="const_20">
<pin_list>
<pin id="21" dir="1" index="0" bw="1" slack="0"/>
</pin_list>
<bind>
<StgValue><ssdm name="_ssdm_op_PartSelect.i15.i25.i32.i32"/></StgValue>
</bind>
</comp>

<comp id="22" class="1001" name="const_22">
<pin_list>
<pin id="23" dir="1" index="0" bw="1" slack="0"/>
</pin_list>
<bind>
<StgValue><ssdm name=""/></StgValue>
</bind>
</comp>

<comp id="24" class="1001" name="const_24">
<pin_list>
<pin id="25" dir="1" index="0" bw="1" slack="0"/>
</pin_list>
<bind>
<StgValue><ssdm name=""/></StgValue>
</bind>
</comp>

<comp id="26" class="1001" name="const_26">
<pin_list>
<pin id="27" dir="1" index="0" bw="1" slack="0"/>
</pin_list>
<bind>
<StgValue><ssdm name=""/></StgValue>
</bind>
</comp>

<comp id="28" class="1001" name="const_28">
<pin_list>
<pin id="29" dir="1" index="0" bw="1" slack="0"/>
</pin_list>
<bind>
<StgValue><ssdm name="_ssdm_op_BitConcatenate.i23.i16.i7"/></StgValue>
</bind>
</comp>

<comp id="30" class="1001" name="const_30">
<pin_list>
<pin id="31" dir="1" index="0" bw="1" slack="0"/>
</pin_list>
<bind>
<StgValue><ssdm name=""/></StgValue>
</bind>
</comp>

<comp id="32" class="1001" name="const_32">
<pin_list>
<pin id="33" dir="1" index="0" bw="1" slack="0"/>
</pin_list>
<bind>
<StgValue><ssdm name=""/></StgValue>
</bind>
</comp>

<comp id="34" class="1001" name="const_34">
<pin_list>
<pin id="35" dir="1" index="0" bw="1" slack="0"/>
</pin_list>
<bind>
<StgValue><ssdm name="_ssdm_op_BitConcatenate.i17.i16.i1"/></StgValue>
</bind>
</comp>

<comp id="36" class="1001" name="const_36">
<pin_list>
<pin id="37" dir="1" index="0" bw="1" slack="0"/>
</pin_list>
<bind>
<StgValue><ssdm name=""/></StgValue>
</bind>
</comp>

<comp id="38" class="1001" name="const_38">
<pin_list>
<pin id="39" dir="1" index="0" bw="1" slack="0"/>
</pin_list>
<bind>
<StgValue><ssdm name="_ssdm_op_PartSelect.i14.i24.i32.i32"/></StgValue>
</bind>
</comp>

<comp id="40" class="1001" name="const_40">
<pin_list>
<pin id="41" dir="1" index="0" bw="1" slack="0"/>
</pin_list>
<bind>
<StgValue><ssdm name=""/></StgValue>
</bind>
</comp>

<comp id="42" class="1001" name="const_42">
<pin_list>
<pin id="43" dir="1" index="0" bw="1" slack="0"/>
</pin_list>
<bind>
<StgValue><ssdm name=""/></StgValue>
</bind>
</comp>

<comp id="44" class="1001" name="const_44">
<pin_list>
<pin id="45" dir="1" index="0" bw="1" slack="0"/>
</pin_list>
<bind>
<StgValue><ssdm name=""/></StgValue>
</bind>
</comp>

<comp id="46" class="1001" name="const_46">
<pin_list>
<pin id="47" dir="1" index="0" bw="1" slack="0"/>
</pin_list>
<bind>
<StgValue><ssdm name=""/></StgValue>
</bind>
</comp>

<comp id="48" class="1001" name="const_48">
<pin_list>
<pin id="49" dir="1" index="0" bw="1" slack="0"/>
</pin_list>
<bind>
<StgValue><ssdm name=""/></StgValue>
</bind>
</comp>

<comp id="50" class="1001" name="const_50">
<pin_list>
<pin id="51" dir="1" index="0" bw="1" slack="0"/>
</pin_list>
<bind>
<StgValue><ssdm name=""/></StgValue>
</bind>
</comp>

<comp id="52" class="1001" name="const_52">
<pin_list>
<pin id="53" dir="1" index="0" bw="1" slack="0"/>
</pin_list>
<bind>
<StgValue><ssdm name=""/></StgValue>
</bind>
</comp>

<comp id="54" class="1001" name="const_54">
<pin_list>
<pin id="55" dir="1" index="0" bw="1" slack="0"/>
</pin_list>
<bind>
<StgValue><ssdm name=""/></StgValue>
</bind>
</comp>

<comp id="56" class="1001" name="const_56">
<pin_list>
<pin id="57" dir="1" index="0" bw="1" slack="0"/>
</pin_list>
<bind>
<StgValue><ssdm name=""/></StgValue>
</bind>
</comp>

<comp id="58" class="1001" name="const_58">
<pin_list>
<pin id="59" dir="1" index="0" bw="1" slack="0"/>
</pin_list>
<bind>
<StgValue><ssdm name=""/></StgValue>
</bind>
</comp>

<comp id="60" class="1001" name="const_60">
<pin_list>
<pin id="61" dir="1" index="0" bw="1" slack="0"/>
</pin_list>
<bind>
<StgValue><ssdm name=""/></StgValue>
</bind>
</comp>

<comp id="62" class="1001" name="const_62">
<pin_list>
<pin id="63" dir="1" index="0" bw="1" slack="0"/>
</pin_list>
<bind>
<StgValue><ssdm name=""/></StgValue>
</bind>
</comp>

<comp id="64" class="1001" name="const_64">
<pin_list>
<pin id="65" dir="1" index="0" bw="1" slack="2147483647"/>
</pin_list>
<bind>
<StgValue><ssdm name="_ssdm_op_SpecPipeline"/></StgValue>
</bind>
</comp>

<comp id="66" class="1001" name="const_66">
<pin_list>
<pin id="67" dir="1" index="0" bw="1" slack="2147483647"/>
</pin_list>
<bind>
<StgValue><ssdm name=""/></StgValue>
</bind>
</comp>

<comp id="68" class="1001" name="const_68">
<pin_list>
<pin id="69" dir="1" index="0" bw="1" slack="2147483647"/>
</pin_list>
<bind>
<StgValue><ssdm name=""/></StgValue>
</bind>
</comp>

<comp id="70" class="1001" name="const_70">
<pin_list>
<pin id="71" dir="1" index="0" bw="1" slack="2147483647"/>
</pin_list>
<bind>
<StgValue><ssdm name="empty_1"/></StgValue>
</bind>
</comp>

<comp id="72" class="1001" name="const_72">
<pin_list>
<pin id="73" dir="1" index="0" bw="1" slack="0"/>
</pin_list>
<bind>
<StgValue><ssdm name=""/></StgValue>
</bind>
</comp>

<comp id="74" class="1004" name="data_3_val_read_read_fu_74">
<pin_list>
<pin id="75" dir="0" index="0" bw="16" slack="0"/>
<pin id="76" dir="0" index="1" bw="16" slack="0"/>
<pin id="77" dir="1" index="2" bw="16" slack="0"/>
</pin_list>
<bind>
<opcode="read(1150) " fcode="read"/>
<opset="data_3_val_read/1 "/>
</bind>
</comp>

<comp id="80" class="1004" name="data_2_val_read_read_fu_80">
<pin_list>
<pin id="81" dir="0" index="0" bw="16" slack="0"/>
<pin id="82" dir="0" index="1" bw="16" slack="0"/>
<pin id="83" dir="1" index="2" bw="16" slack="0"/>
</pin_list>
<bind>
<opcode="read(1150) " fcode="read"/>
<opset="data_2_val_read/1 "/>
</bind>
</comp>

<comp id="86" class="1004" name="data_1_val_read_read_fu_86">
<pin_list>
<pin id="87" dir="0" index="0" bw="16" slack="0"/>
<pin id="88" dir="0" index="1" bw="16" slack="0"/>
<pin id="89" dir="1" index="2" bw="16" slack="0"/>
</pin_list>
<bind>
<opcode="read(1150) " fcode="read"/>
<opset="data_1_val_read/1 "/>
</bind>
</comp>

<comp id="92" class="1004" name="data_0_val_read_read_fu_92">
<pin_list>
<pin id="93" dir="0" index="0" bw="16" slack="0"/>
<pin id="94" dir="0" index="1" bw="16" slack="0"/>
<pin id="95" dir="1" index="2" bw="16" slack="0"/>
</pin_list>
<bind>
<opcode="read(1150) " fcode="read"/>
<opset="data_0_val_read/1 "/>
</bind>
</comp>

<comp id="98" class="1004" name="sext_ln74_fu_98">
<pin_list>
<pin id="99" dir="0" index="0" bw="16" slack="0"/>
<pin id="100" dir="1" index="1" bw="25" slack="0"/>
</pin_list>
<bind>
<opcode="sext(35) " fcode="sext"/>
<opset="sext_ln74/1 "/>
</bind>
</comp>

<comp id="102" class="1004" name="sext_ln74_1_fu_102">
<pin_list>
<pin id="103" dir="0" index="0" bw="16" slack="0"/>
<pin id="104" dir="1" index="1" bw="26" slack="0"/>
</pin_list>
<bind>
<opcode="sext(35) " fcode="sext"/>
<opset="sext_ln74_1/1 "/>
</bind>
</comp>

<comp id="106" class="1004" name="mul_ln78_fu_106">
<pin_list>
<pin id="107" dir="0" index="0" bw="16" slack="0"/>
<pin id="108" dir="0" index="1" bw="10" slack="0"/>
<pin id="109" dir="1" index="2" bw="26" slack="0"/>
</pin_list>
<bind>
<opcode="mul(12) " fcode="mul"/>
<opset="mul_ln78/1 "/>
</bind>
</comp>

<comp id="112" class="1004" name="trunc_ln_fu_112">
<pin_list>
<pin id="113" dir="0" index="0" bw="16" slack="0"/>
<pin id="114" dir="0" index="1" bw="26" slack="0"/>
<pin id="115" dir="0" index="2" bw="5" slack="0"/>
<pin id="116" dir="0" index="3" bw="6" slack="0"/>
<pin id="117" dir="1" index="4" bw="16" slack="1"/>
</pin_list>
<bind>
<opcode="partselect(1002) " fcode="partselect"/>
<opset="trunc_ln/1 "/>
</bind>
</comp>

<comp id="122" class="1004" name="mul_ln78_1_fu_122">
<pin_list>
<pin id="123" dir="0" index="0" bw="16" slack="0"/>
<pin id="124" dir="0" index="1" bw="9" slack="0"/>
<pin id="125" dir="1" index="2" bw="25" slack="0"/>
</pin_list>
<bind>
<opcode="mul(12) " fcode="mul"/>
<opset="mul_ln78_1/1 "/>
</bind>
</comp>

<comp id="128" class="1004" name="trunc_ln63_1_fu_128">
<pin_list>
<pin id="129" dir="0" index="0" bw="15" slack="0"/>
<pin id="130" dir="0" index="1" bw="25" slack="0"/>
<pin id="131" dir="0" index="2" bw="5" slack="0"/>
<pin id="132" dir="0" index="3" bw="6" slack="0"/>
<pin id="133" dir="1" index="4" bw="15" slack="1"/>
</pin_list>
<bind>
<opcode="partselect(1002) " fcode="partselect"/>
<opset="trunc_ln63_1/1 "/>
</bind>
</comp>

<comp id="138" class="1004" name="mul_ln78_2_fu_138">
<pin_list>
<pin id="139" dir="0" index="0" bw="16" slack="0"/>
<pin id="140" dir="0" index="1" bw="10" slack="0"/>
<pin id="141" dir="1" index="2" bw="26" slack="0"/>
</pin_list>
<bind>
<opcode="mul(12) " fcode="mul"/>
<opset="mul_ln78_2/1 "/>
</bind>
</comp>

<comp id="144" class="1004" name="trunc_ln63_2_fu_144">
<pin_list>
<pin id="145" dir="0" index="0" bw="16" slack="0"/>
<pin id="146" dir="0" index="1" bw="26" slack="0"/>
<pin id="147" dir="0" index="2" bw="5" slack="0"/>
<pin id="148" dir="0" index="3" bw="6" slack="0"/>
<pin id="149" dir="1" index="4" bw="16" slack="1"/>
</pin_list>
<bind>
<opcode="partselect(1002) " fcode="partselect"/>
<opset="trunc_ln63_2/1 "/>
</bind>
</comp>

<comp id="154" class="1004" name="mul_ln78_3_fu_154">
<pin_list>
<pin id="155" dir="0" index="0" bw="16" slack="0"/>
<pin id="156" dir="0" index="1" bw="10" slack="0"/>
<pin id="157" dir="1" index="2" bw="26" slack="0"/>
</pin_list>
<bind>
<opcode="mul(12) " fcode="mul"/>
<opset="mul_ln78_3/1 "/>
</bind>
</comp>

<comp id="160" class="1004" name="trunc_ln63_3_fu_160">
<pin_list>
<pin id="161" dir="0" index="0" bw="16" slack="0"/>
<pin id="162" dir="0" index="1" bw="26" slack="0"/>
<pin id="163" dir="0" index="2" bw="5" slack="0"/>
<pin id="164" dir="0" index="3" bw="6" slack="0"/>
<pin id="165" dir="1" index="4" bw="16" slack="1"/>
</pin_list>
<bind>
<opcode="partselect(1002) " fcode="partselect"/>
<opset="trunc_ln63_3/1 "/>
</bind>
</comp>

<comp id="170" class="1004" name="sext_ln74_2_fu_170">
<pin_list>
<pin id="171" dir="0" index="0" bw="16" slack="0"/>
<pin id="172" dir="1" index="1" bw="26" slack="0"/>
</pin_list>
<bind>
<opcode="sext(35) " fcode="sext"/>
<opset="sext_ln74_2/1 "/>
</bind>
</comp>

<comp id="174" class="1004" name="shl_ln_fu_174">
<pin_list>
<pin id="175" dir="0" index="0" bw="23" slack="0"/>
<pin id="176" dir="0" index="1" bw="16" slack="0"/>
<pin id="177" dir="0" index="2" bw="1" slack="0"/>
<pin id="178" dir="1" index="3" bw="23" slack="0"/>
</pin_list>
<bind>
<opcode="bitconcatenate(1004) " fcode="bitconcatenate"/>
<opset="shl_ln/1 "/>
</bind>
</comp>

<comp id="182" class="1004" name="sext_ln78_fu_182">
<pin_list>
<pin id="183" dir="0" index="0" bw="23" slack="0"/>
<pin id="184" dir="1" index="1" bw="24" slack="0"/>
</pin_list>
<bind>
<opcode="sext(35) " fcode="sext"/>
<opset="sext_ln78/1 "/>
</bind>
</comp>

<comp id="186" class="1004" name="sub_ln78_fu_186">
<pin_list>
<pin id="187" dir="0" index="0" bw="1" slack="0"/>
<pin id="188" dir="0" index="1" bw="23" slack="0"/>
<pin id="189" dir="1" index="2" bw="24" slack="0"/>
</pin_list>
<bind>
<opcode="sub(10) " fcode="sub"/>
<opset="sub_ln78/1 "/>
</bind>
</comp>

<comp id="192" class="1004" name="shl_ln78_1_fu_192">
<pin_list>
<pin id="193" dir="0" index="0" bw="17" slack="0"/>
<pin id="194" dir="0" index="1" bw="16" slack="0"/>
<pin id="195" dir="0" index="2" bw="1" slack="0"/>
<pin id="196" dir="1" index="3" bw="17" slack="0"/>
</pin_list>
<bind>
<opcode="bitconcatenate(1004) " fcode="bitconcatenate"/>
<opset="shl_ln78_1/1 "/>
</bind>
</comp>

<comp id="200" class="1004" name="sext_ln78_598_fu_200">
<pin_list>
<pin id="201" dir="0" index="0" bw="17" slack="0"/>
<pin id="202" dir="1" index="1" bw="24" slack="0"/>
</pin_list>
<bind>
<opcode="sext(35) " fcode="sext"/>
<opset="sext_ln78_598/1 "/>
</bind>
</comp>

<comp id="204" class="1004" name="sub_ln78_1_fu_204">
<pin_list>
<pin id="205" dir="0" index="0" bw="24" slack="0"/>
<pin id="206" dir="0" index="1" bw="17" slack="0"/>
<pin id="207" dir="1" index="2" bw="24" slack="0"/>
</pin_list>
<bind>
<opcode="sub(10) " fcode="sub"/>
<opset="sub_ln78_1/1 "/>
</bind>
</comp>

<comp id="210" class="1004" name="trunc_ln63_4_fu_210">
<pin_list>
<pin id="211" dir="0" index="0" bw="14" slack="0"/>
<pin id="212" dir="0" index="1" bw="24" slack="0"/>
<pin id="213" dir="0" index="2" bw="5" slack="0"/>
<pin id="214" dir="0" index="3" bw="6" slack="0"/>
<pin id="215" dir="1" index="4" bw="14" slack="1"/>
</pin_list>
<bind>
<opcode="partselect(1002) " fcode="partselect"/>
<opset="trunc_ln63_4/1 "/>
</bind>
</comp>

<comp id="220" class="1004" name="mul_ln78_4_fu_220">
<pin_list>
<pin id="221" dir="0" index="0" bw="16" slack="0"/>
<pin id="222" dir="0" index="1" bw="10" slack="0"/>
<pin id="223" dir="1" index="2" bw="26" slack="0"/>
</pin_list>
<bind>
<opcode="mul(12) " fcode="mul"/>
<opset="mul_ln78_4/1 "/>
</bind>
</comp>

<comp id="226" class="1004" name="trunc_ln63_5_fu_226">
<pin_list>
<pin id="227" dir="0" index="0" bw="16" slack="0"/>
<pin id="228" dir="0" index="1" bw="26" slack="0"/>
<pin id="229" dir="0" index="2" bw="5" slack="0"/>
<pin id="230" dir="0" index="3" bw="6" slack="0"/>
<pin id="231" dir="1" index="4" bw="16" slack="1"/>
</pin_list>
<bind>
<opcode="partselect(1002) " fcode="partselect"/>
<opset="trunc_ln63_5/1 "/>
</bind>
</comp>

<comp id="236" class="1004" name="mul_ln63_fu_236">
<pin_list>
<pin id="237" dir="0" index="0" bw="16" slack="0"/>
<pin id="238" dir="0" index="1" bw="11" slack="0"/>
<pin id="239" dir="1" index="2" bw="26" slack="0"/>
</pin_list>
<bind>
<opcode="mul(12) " fcode="mul"/>
<opset="mul_ln63/1 "/>
</bind>
</comp>

<comp id="242" class="1004" name="trunc_ln63_6_fu_242">
<pin_list>
<pin id="243" dir="0" index="0" bw="16" slack="0"/>
<pin id="244" dir="0" index="1" bw="26" slack="0"/>
<pin id="245" dir="0" index="2" bw="5" slack="0"/>
<pin id="246" dir="0" index="3" bw="6" slack="0"/>
<pin id="247" dir="1" index="4" bw="16" slack="1"/>
</pin_list>
<bind>
<opcode="partselect(1002) " fcode="partselect"/>
<opset="trunc_ln63_6/1 "/>
</bind>
</comp>

<comp id="252" class="1004" name="mul_ln63_1_fu_252">
<pin_list>
<pin id="253" dir="0" index="0" bw="16" slack="0"/>
<pin id="254" dir="0" index="1" bw="11" slack="0"/>
<pin id="255" dir="1" index="2" bw="26" slack="0"/>
</pin_list>
<bind>
<opcode="mul(12) " fcode="mul"/>
<opset="mul_ln63_1/1 "/>
</bind>
</comp>

<comp id="258" class="1004" name="trunc_ln63_7_fu_258">
<pin_list>
<pin id="259" dir="0" index="0" bw="16" slack="0"/>
<pin id="260" dir="0" index="1" bw="26" slack="0"/>
<pin id="261" dir="0" index="2" bw="5" slack="0"/>
<pin id="262" dir="0" index="3" bw="6" slack="0"/>
<pin id="263" dir="1" index="4" bw="16" slack="1"/>
</pin_list>
<bind>
<opcode="partselect(1002) " fcode="partselect"/>
<opset="trunc_ln63_7/1 "/>
</bind>
</comp>

<comp id="268" class="1004" name="sext_ln74_3_fu_268">
<pin_list>
<pin id="269" dir="0" index="0" bw="16" slack="0"/>
<pin id="270" dir="1" index="1" bw="26" slack="0"/>
</pin_list>
<bind>
<opcode="sext(35) " fcode="sext"/>
<opset="sext_ln74_3/1 "/>
</bind>
</comp>

<comp id="272" class="1004" name="sext_ln74_4_fu_272">
<pin_list>
<pin id="273" dir="0" index="0" bw="16" slack="0"/>
<pin id="274" dir="1" index="1" bw="25" slack="0"/>
</pin_list>
<bind>
<opcode="sext(35) " fcode="sext"/>
<opset="sext_ln74_4/1 "/>
</bind>
</comp>

<comp id="276" class="1004" name="mul_ln63_2_fu_276">
<pin_list>
<pin id="277" dir="0" index="0" bw="16" slack="0"/>
<pin id="278" dir="0" index="1" bw="11" slack="0"/>
<pin id="279" dir="1" index="2" bw="26" slack="0"/>
</pin_list>
<bind>
<opcode="mul(12) " fcode="mul"/>
<opset="mul_ln63_2/1 "/>
</bind>
</comp>

<comp id="282" class="1004" name="trunc_ln63_8_fu_282">
<pin_list>
<pin id="283" dir="0" index="0" bw="16" slack="0"/>
<pin id="284" dir="0" index="1" bw="26" slack="0"/>
<pin id="285" dir="0" index="2" bw="5" slack="0"/>
<pin id="286" dir="0" index="3" bw="6" slack="0"/>
<pin id="287" dir="1" index="4" bw="16" slack="1"/>
</pin_list>
<bind>
<opcode="partselect(1002) " fcode="partselect"/>
<opset="trunc_ln63_8/1 "/>
</bind>
</comp>

<comp id="292" class="1004" name="mul_ln78_5_fu_292">
<pin_list>
<pin id="293" dir="0" index="0" bw="16" slack="0"/>
<pin id="294" dir="0" index="1" bw="9" slack="0"/>
<pin id="295" dir="1" index="2" bw="25" slack="0"/>
</pin_list>
<bind>
<opcode="mul(12) " fcode="mul"/>
<opset="mul_ln78_5/1 "/>
</bind>
</comp>

<comp id="298" class="1004" name="trunc_ln63_9_fu_298">
<pin_list>
<pin id="299" dir="0" index="0" bw="15" slack="0"/>
<pin id="300" dir="0" index="1" bw="25" slack="0"/>
<pin id="301" dir="0" index="2" bw="5" slack="0"/>
<pin id="302" dir="0" index="3" bw="6" slack="0"/>
<pin id="303" dir="1" index="4" bw="15" slack="1"/>
</pin_list>
<bind>
<opcode="partselect(1002) " fcode="partselect"/>
<opset="trunc_ln63_9/1 "/>
</bind>
</comp>

<comp id="308" class="1004" name="mul_ln78_6_fu_308">
<pin_list>
<pin id="309" dir="0" index="0" bw="16" slack="0"/>
<pin id="310" dir="0" index="1" bw="10" slack="0"/>
<pin id="311" dir="1" index="2" bw="26" slack="0"/>
</pin_list>
<bind>
<opcode="mul(12) " fcode="mul"/>
<opset="mul_ln78_6/1 "/>
</bind>
</comp>

<comp id="314" class="1004" name="trunc_ln63_s_fu_314">
<pin_list>
<pin id="315" dir="0" index="0" bw="16" slack="0"/>
<pin id="316" dir="0" index="1" bw="26" slack="0"/>
<pin id="317" dir="0" index="2" bw="5" slack="0"/>
<pin id="318" dir="0" index="3" bw="6" slack="0"/>
<pin id="319" dir="1" index="4" bw="16" slack="1"/>
</pin_list>
<bind>
<opcode="partselect(1002) " fcode="partselect"/>
<opset="trunc_ln63_s/1 "/>
</bind>
</comp>

<comp id="324" class="1004" name="mul_ln63_3_fu_324">
<pin_list>
<pin id="325" dir="0" index="0" bw="16" slack="0"/>
<pin id="326" dir="0" index="1" bw="11" slack="0"/>
<pin id="327" dir="1" index="2" bw="26" slack="0"/>
</pin_list>
<bind>
<opcode="mul(12) " fcode="mul"/>
<opset="mul_ln63_3/1 "/>
</bind>
</comp>

<comp id="330" class="1004" name="trunc_ln63_10_fu_330">
<pin_list>
<pin id="331" dir="0" index="0" bw="16" slack="0"/>
<pin id="332" dir="0" index="1" bw="26" slack="0"/>
<pin id="333" dir="0" index="2" bw="5" slack="0"/>
<pin id="334" dir="0" index="3" bw="6" slack="0"/>
<pin id="335" dir="1" index="4" bw="16" slack="1"/>
</pin_list>
<bind>
<opcode="partselect(1002) " fcode="partselect"/>
<opset="trunc_ln63_10/1 "/>
</bind>
</comp>

<comp id="340" class="1004" name="sext_ln63_3_fu_340">
<pin_list>
<pin id="341" dir="0" index="0" bw="16" slack="0"/>
<pin id="342" dir="1" index="1" bw="26" slack="0"/>
</pin_list>
<bind>
<opcode="sext(35) " fcode="sext"/>
<opset="sext_ln63_3/1 "/>
</bind>
</comp>

<comp id="344" class="1004" name="sext_ln74_5_fu_344">
<pin_list>
<pin id="345" dir="0" index="0" bw="16" slack="0"/>
<pin id="346" dir="1" index="1" bw="25" slack="0"/>
</pin_list>
<bind>
<opcode="sext(35) " fcode="sext"/>
<opset="sext_ln74_5/1 "/>
</bind>
</comp>

<comp id="348" class="1004" name="mul_ln78_7_fu_348">
<pin_list>
<pin id="349" dir="0" index="0" bw="16" slack="0"/>
<pin id="350" dir="0" index="1" bw="9" slack="0"/>
<pin id="351" dir="1" index="2" bw="25" slack="0"/>
</pin_list>
<bind>
<opcode="mul(12) " fcode="mul"/>
<opset="mul_ln78_7/1 "/>
</bind>
</comp>

<comp id="354" class="1004" name="trunc_ln63_11_fu_354">
<pin_list>
<pin id="355" dir="0" index="0" bw="15" slack="0"/>
<pin id="356" dir="0" index="1" bw="25" slack="0"/>
<pin id="357" dir="0" index="2" bw="5" slack="0"/>
<pin id="358" dir="0" index="3" bw="6" slack="0"/>
<pin id="359" dir="1" index="4" bw="15" slack="1"/>
</pin_list>
<bind>
<opcode="partselect(1002) " fcode="partselect"/>
<opset="trunc_ln63_11/1 "/>
</bind>
</comp>

<comp id="364" class="1004" name="mul_ln78_8_fu_364">
<pin_list>
<pin id="365" dir="0" index="0" bw="16" slack="0"/>
<pin id="366" dir="0" index="1" bw="10" slack="0"/>
<pin id="367" dir="1" index="2" bw="26" slack="0"/>
</pin_list>
<bind>
<opcode="mul(12) " fcode="mul"/>
<opset="mul_ln78_8/1 "/>
</bind>
</comp>

<comp id="370" class="1004" name="trunc_ln63_12_fu_370">
<pin_list>
<pin id="371" dir="0" index="0" bw="16" slack="0"/>
<pin id="372" dir="0" index="1" bw="26" slack="0"/>
<pin id="373" dir="0" index="2" bw="5" slack="0"/>
<pin id="374" dir="0" index="3" bw="6" slack="0"/>
<pin id="375" dir="1" index="4" bw="16" slack="1"/>
</pin_list>
<bind>
<opcode="partselect(1002) " fcode="partselect"/>
<opset="trunc_ln63_12/1 "/>
</bind>
</comp>

<comp id="380" class="1004" name="mul_ln63_4_fu_380">
<pin_list>
<pin id="381" dir="0" index="0" bw="16" slack="0"/>
<pin id="382" dir="0" index="1" bw="11" slack="0"/>
<pin id="383" dir="1" index="2" bw="26" slack="0"/>
</pin_list>
<bind>
<opcode="mul(12) " fcode="mul"/>
<opset="mul_ln63_4/1 "/>
</bind>
</comp>

<comp id="386" class="1004" name="trunc_ln63_13_fu_386">
<pin_list>
<pin id="387" dir="0" index="0" bw="16" slack="0"/>
<pin id="388" dir="0" index="1" bw="26" slack="0"/>
<pin id="389" dir="0" index="2" bw="5" slack="0"/>
<pin id="390" dir="0" index="3" bw="6" slack="0"/>
<pin id="391" dir="1" index="4" bw="16" slack="1"/>
</pin_list>
<bind>
<opcode="partselect(1002) " fcode="partselect"/>
<opset="trunc_ln63_13/1 "/>
</bind>
</comp>

<comp id="396" class="1004" name="mul_ln78_9_fu_396">
<pin_list>
<pin id="397" dir="0" index="0" bw="16" slack="0"/>
<pin id="398" dir="0" index="1" bw="9" slack="0"/>
<pin id="399" dir="1" index="2" bw="25" slack="0"/>
</pin_list>
<bind>
<opcode="mul(12) " fcode="mul"/>
<opset="mul_ln78_9/1 "/>
</bind>
</comp>

<comp id="402" class="1004" name="trunc_ln63_14_fu_402">
<pin_list>
<pin id="403" dir="0" index="0" bw="15" slack="0"/>
<pin id="404" dir="0" index="1" bw="25" slack="0"/>
<pin id="405" dir="0" index="2" bw="5" slack="0"/>
<pin id="406" dir="0" index="3" bw="6" slack="0"/>
<pin id="407" dir="1" index="4" bw="15" slack="1"/>
</pin_list>
<bind>
<opcode="partselect(1002) " fcode="partselect"/>
<opset="trunc_ln63_14/1 "/>
</bind>
</comp>

<comp id="412" class="1004" name="sext_ln63_fu_412">
<pin_list>
<pin id="413" dir="0" index="0" bw="15" slack="1"/>
<pin id="414" dir="1" index="1" bw="16" slack="0"/>
</pin_list>
<bind>
<opcode="sext(35) " fcode="sext"/>
<opset="sext_ln63/2 "/>
</bind>
</comp>

<comp id="415" class="1004" name="sext_ln63_1_fu_415">
<pin_list>
<pin id="416" dir="0" index="0" bw="14" slack="1"/>
<pin id="417" dir="1" index="1" bw="16" slack="0"/>
</pin_list>
<bind>
<opcode="sext(35) " fcode="sext"/>
<opset="sext_ln63_1/2 "/>
</bind>
</comp>

<comp id="418" class="1004" name="sext_ln63_2_fu_418">
<pin_list>
<pin id="419" dir="0" index="0" bw="15" slack="1"/>
<pin id="420" dir="1" index="1" bw="16" slack="0"/>
</pin_list>
<bind>
<opcode="sext(35) " fcode="sext"/>
<opset="sext_ln63_2/2 "/>
</bind>
</comp>

<comp id="421" class="1004" name="sext_ln63_4_fu_421">
<pin_list>
<pin id="422" dir="0" index="0" bw="15" slack="1"/>
<pin id="423" dir="1" index="1" bw="16" slack="0"/>
</pin_list>
<bind>
<opcode="sext(35) " fcode="sext"/>
<opset="sext_ln63_4/2 "/>
</bind>
</comp>

<comp id="424" class="1004" name="sext_ln63_5_fu_424">
<pin_list>
<pin id="425" dir="0" index="0" bw="15" slack="1"/>
<pin id="426" dir="1" index="1" bw="16" slack="0"/>
</pin_list>
<bind>
<opcode="sext(35) " fcode="sext"/>
<opset="sext_ln63_5/2 "/>
</bind>
</comp>

<comp id="427" class="1004" name="add_ln76_fu_427">
<pin_list>
<pin id="428" dir="0" index="0" bw="16" slack="1"/>
<pin id="429" dir="0" index="1" bw="16" slack="1"/>
<pin id="430" dir="1" index="2" bw="16" slack="0"/>
</pin_list>
<bind>
<opcode="add(8) " fcode="add"/>
<opset="add_ln76/2 "/>
</bind>
</comp>

<comp id="431" class="1004" name="add_ln76_1_fu_431">
<pin_list>
<pin id="432" dir="0" index="0" bw="15" slack="0"/>
<pin id="433" dir="0" index="1" bw="14" slack="0"/>
<pin id="434" dir="1" index="2" bw="16" slack="0"/>
</pin_list>
<bind>
<opcode="add(8) " fcode="add"/>
<opset="add_ln76_1/2 "/>
</bind>
</comp>

<comp id="437" class="1004" name="add_ln76_2_fu_437">
<pin_list>
<pin id="438" dir="0" index="0" bw="16" slack="0"/>
<pin id="439" dir="0" index="1" bw="16" slack="0"/>
<pin id="440" dir="1" index="2" bw="16" slack="0"/>
</pin_list>
<bind>
<opcode="add(8) " fcode="add"/>
<opset="add_ln76_2/2 "/>
</bind>
</comp>

<comp id="443" class="1004" name="add_ln76_3_fu_443">
<pin_list>
<pin id="444" dir="0" index="0" bw="16" slack="1"/>
<pin id="445" dir="0" index="1" bw="16" slack="1"/>
<pin id="446" dir="1" index="2" bw="16" slack="0"/>
</pin_list>
<bind>
<opcode="add(8) " fcode="add"/>
<opset="add_ln76_3/2 "/>
</bind>
</comp>

<comp id="447" class="1004" name="add_ln76_4_fu_447">
<pin_list>
<pin id="448" dir="0" index="0" bw="15" slack="0"/>
<pin id="449" dir="0" index="1" bw="15" slack="0"/>
<pin id="450" dir="1" index="2" bw="16" slack="0"/>
</pin_list>
<bind>
<opcode="add(8) " fcode="add"/>
<opset="add_ln76_4/2 "/>
</bind>
</comp>

<comp id="453" class="1004" name="add_ln76_5_fu_453">
<pin_list>
<pin id="454" dir="0" index="0" bw="16" slack="0"/>
<pin id="455" dir="0" index="1" bw="16" slack="0"/>
<pin id="456" dir="1" index="2" bw="16" slack="0"/>
</pin_list>
<bind>
<opcode="add(8) " fcode="add"/>
<opset="add_ln76_5/2 "/>
</bind>
</comp>

<comp id="459" class="1004" name="add_ln76_6_fu_459">
<pin_list>
<pin id="460" dir="0" index="0" bw="16" slack="1"/>
<pin id="461" dir="0" index="1" bw="16" slack="1"/>
<pin id="462" dir="1" index="2" bw="16" slack="0"/>
</pin_list>
<bind>
<opcode="add(8) " fcode="add"/>
<opset="add_ln76_6/2 "/>
</bind>
</comp>

<comp id="463" class="1004" name="add_ln76_7_fu_463">
<pin_list>
<pin id="464" dir="0" index="0" bw="16" slack="1"/>
<pin id="465" dir="0" index="1" bw="16" slack="1"/>
<pin id="466" dir="1" index="2" bw="16" slack="0"/>
</pin_list>
<bind>
<opcode="add(8) " fcode="add"/>
<opset="add_ln76_7/2 "/>
</bind>
</comp>

<comp id="467" class="1004" name="add_ln76_8_fu_467">
<pin_list>
<pin id="468" dir="0" index="0" bw="16" slack="0"/>
<pin id="469" dir="0" index="1" bw="16" slack="0"/>
<pin id="470" dir="1" index="2" bw="16" slack="0"/>
</pin_list>
<bind>
<opcode="add(8) " fcode="add"/>
<opset="add_ln76_8/2 "/>
</bind>
</comp>

<comp id="473" class="1004" name="add_ln76_9_fu_473">
<pin_list>
<pin id="474" dir="0" index="0" bw="16" slack="1"/>
<pin id="475" dir="0" index="1" bw="16" slack="1"/>
<pin id="476" dir="1" index="2" bw="16" slack="0"/>
</pin_list>
<bind>
<opcode="add(8) " fcode="add"/>
<opset="add_ln76_9/2 "/>
</bind>
</comp>

<comp id="477" class="1004" name="add_ln76_10_fu_477">
<pin_list>
<pin id="478" dir="0" index="0" bw="16" slack="1"/>
<pin id="479" dir="0" index="1" bw="15" slack="0"/>
<pin id="480" dir="1" index="2" bw="16" slack="0"/>
</pin_list>
<bind>
<opcode="add(8) " fcode="add"/>
<opset="add_ln76_10/2 "/>
</bind>
</comp>

<comp id="482" class="1004" name="add_ln76_11_fu_482">
<pin_list>
<pin id="483" dir="0" index="0" bw="16" slack="0"/>
<pin id="484" dir="0" index="1" bw="16" slack="0"/>
<pin id="485" dir="1" index="2" bw="16" slack="0"/>
</pin_list>
<bind>
<opcode="add(8) " fcode="add"/>
<opset="add_ln76_11/2 "/>
</bind>
</comp>

<comp id="488" class="1004" name="mrv_fu_488">
<pin_list>
<pin id="489" dir="0" index="0" bw="64" slack="0"/>
<pin id="490" dir="0" index="1" bw="16" slack="0"/>
<pin id="491" dir="1" index="2" bw="64" slack="0"/>
</pin_list>
<bind>
<opcode="insertvalue(57) " fcode="insertvalue"/>
<opset="mrv/2 "/>
</bind>
</comp>

<comp id="494" class="1004" name="mrv_1_fu_494">
<pin_list>
<pin id="495" dir="0" index="0" bw="64" slack="0"/>
<pin id="496" dir="0" index="1" bw="16" slack="0"/>
<pin id="497" dir="1" index="2" bw="64" slack="0"/>
</pin_list>
<bind>
<opcode="insertvalue(57) " fcode="insertvalue"/>
<opset="mrv_1/2 "/>
</bind>
</comp>

<comp id="500" class="1004" name="mrv_2_fu_500">
<pin_list>
<pin id="501" dir="0" index="0" bw="64" slack="0"/>
<pin id="502" dir="0" index="1" bw="16" slack="0"/>
<pin id="503" dir="1" index="2" bw="64" slack="0"/>
</pin_list>
<bind>
<opcode="insertvalue(57) " fcode="insertvalue"/>
<opset="mrv_2/2 "/>
</bind>
</comp>

<comp id="506" class="1004" name="mrv_3_fu_506">
<pin_list>
<pin id="507" dir="0" index="0" bw="64" slack="0"/>
<pin id="508" dir="0" index="1" bw="16" slack="0"/>
<pin id="509" dir="1" index="2" bw="64" slack="2147483647"/>
</pin_list>
<bind>
<opcode="insertvalue(57) " fcode="insertvalue"/>
<opset="mrv_3/2 "/>
</bind>
</comp>

<comp id="512" class="1005" name="trunc_ln_reg_512">
<pin_list>
<pin id="513" dir="0" index="0" bw="16" slack="1"/>
<pin id="514" dir="1" index="1" bw="16" slack="1"/>
</pin_list>
<bind>
<opset="trunc_ln "/>
</bind>
</comp>

<comp id="517" class="1005" name="trunc_ln63_1_reg_517">
<pin_list>
<pin id="518" dir="0" index="0" bw="15" slack="1"/>
<pin id="519" dir="1" index="1" bw="15" slack="1"/>
</pin_list>
<bind>
<opset="trunc_ln63_1 "/>
</bind>
</comp>

<comp id="522" class="1005" name="trunc_ln63_2_reg_522">
<pin_list>
<pin id="523" dir="0" index="0" bw="16" slack="1"/>
<pin id="524" dir="1" index="1" bw="16" slack="1"/>
</pin_list>
<bind>
<opset="trunc_ln63_2 "/>
</bind>
</comp>

<comp id="527" class="1005" name="trunc_ln63_3_reg_527">
<pin_list>
<pin id="528" dir="0" index="0" bw="16" slack="1"/>
<pin id="529" dir="1" index="1" bw="16" slack="1"/>
</pin_list>
<bind>
<opset="trunc_ln63_3 "/>
</bind>
</comp>

<comp id="532" class="1005" name="trunc_ln63_4_reg_532">
<pin_list>
<pin id="533" dir="0" index="0" bw="14" slack="1"/>
<pin id="534" dir="1" index="1" bw="14" slack="1"/>
</pin_list>
<bind>
<opset="trunc_ln63_4 "/>
</bind>
</comp>

<comp id="537" class="1005" name="trunc_ln63_5_reg_537">
<pin_list>
<pin id="538" dir="0" index="0" bw="16" slack="1"/>
<pin id="539" dir="1" index="1" bw="16" slack="1"/>
</pin_list>
<bind>
<opset="trunc_ln63_5 "/>
</bind>
</comp>

<comp id="542" class="1005" name="trunc_ln63_6_reg_542">
<pin_list>
<pin id="543" dir="0" index="0" bw="16" slack="1"/>
<pin id="544" dir="1" index="1" bw="16" slack="1"/>
</pin_list>
<bind>
<opset="trunc_ln63_6 "/>
</bind>
</comp>

<comp id="547" class="1005" name="trunc_ln63_7_reg_547">
<pin_list>
<pin id="548" dir="0" index="0" bw="16" slack="1"/>
<pin id="549" dir="1" index="1" bw="16" slack="1"/>
</pin_list>
<bind>
<opset="trunc_ln63_7 "/>
</bind>
</comp>

<comp id="552" class="1005" name="trunc_ln63_8_reg_552">
<pin_list>
<pin id="553" dir="0" index="0" bw="16" slack="1"/>
<pin id="554" dir="1" index="1" bw="16" slack="1"/>
</pin_list>
<bind>
<opset="trunc_ln63_8 "/>
</bind>
</comp>

<comp id="557" class="1005" name="trunc_ln63_9_reg_557">
<pin_list>
<pin id="558" dir="0" index="0" bw="15" slack="1"/>
<pin id="559" dir="1" index="1" bw="15" slack="1"/>
</pin_list>
<bind>
<opset="trunc_ln63_9 "/>
</bind>
</comp>

<comp id="562" class="1005" name="trunc_ln63_s_reg_562">
<pin_list>
<pin id="563" dir="0" index="0" bw="16" slack="1"/>
<pin id="564" dir="1" index="1" bw="16" slack="1"/>
</pin_list>
<bind>
<opset="trunc_ln63_s "/>
</bind>
</comp>

<comp id="567" class="1005" name="trunc_ln63_10_reg_567">
<pin_list>
<pin id="568" dir="0" index="0" bw="16" slack="1"/>
<pin id="569" dir="1" index="1" bw="16" slack="1"/>
</pin_list>
<bind>
<opset="trunc_ln63_10 "/>
</bind>
</comp>

<comp id="572" class="1005" name="trunc_ln63_11_reg_572">
<pin_list>
<pin id="573" dir="0" index="0" bw="15" slack="1"/>
<pin id="574" dir="1" index="1" bw="15" slack="1"/>
</pin_list>
<bind>
<opset="trunc_ln63_11 "/>
</bind>
</comp>

<comp id="577" class="1005" name="trunc_ln63_12_reg_577">
<pin_list>
<pin id="578" dir="0" index="0" bw="16" slack="1"/>
<pin id="579" dir="1" index="1" bw="16" slack="1"/>
</pin_list>
<bind>
<opset="trunc_ln63_12 "/>
</bind>
</comp>

<comp id="582" class="1005" name="trunc_ln63_13_reg_582">
<pin_list>
<pin id="583" dir="0" index="0" bw="16" slack="1"/>
<pin id="584" dir="1" index="1" bw="16" slack="1"/>
</pin_list>
<bind>
<opset="trunc_ln63_13 "/>
</bind>
</comp>

<comp id="587" class="1005" name="trunc_ln63_14_reg_587">
<pin_list>
<pin id="588" dir="0" index="0" bw="15" slack="1"/>
<pin id="589" dir="1" index="1" bw="15" slack="1"/>
</pin_list>
<bind>
<opset="trunc_ln63_14 "/>
</bind>
</comp>

</comp_list>

<net_list>
<net id="78"><net_src comp="8" pin="0"/><net_sink comp="74" pin=0"/></net>

<net id="79"><net_src comp="6" pin="0"/><net_sink comp="74" pin=1"/></net>

<net id="84"><net_src comp="8" pin="0"/><net_sink comp="80" pin=0"/></net>

<net id="85"><net_src comp="4" pin="0"/><net_sink comp="80" pin=1"/></net>

<net id="90"><net_src comp="8" pin="0"/><net_sink comp="86" pin=0"/></net>

<net id="91"><net_src comp="2" pin="0"/><net_sink comp="86" pin=1"/></net>

<net id="96"><net_src comp="8" pin="0"/><net_sink comp="92" pin=0"/></net>

<net id="97"><net_src comp="0" pin="0"/><net_sink comp="92" pin=1"/></net>

<net id="101"><net_src comp="92" pin="2"/><net_sink comp="98" pin=0"/></net>

<net id="105"><net_src comp="92" pin="2"/><net_sink comp="102" pin=0"/></net>

<net id="110"><net_src comp="102" pin="1"/><net_sink comp="106" pin=0"/></net>

<net id="111"><net_src comp="10" pin="0"/><net_sink comp="106" pin=1"/></net>

<net id="118"><net_src comp="12" pin="0"/><net_sink comp="112" pin=0"/></net>

<net id="119"><net_src comp="106" pin="2"/><net_sink comp="112" pin=1"/></net>

<net id="120"><net_src comp="14" pin="0"/><net_sink comp="112" pin=2"/></net>

<net id="121"><net_src comp="16" pin="0"/><net_sink comp="112" pin=3"/></net>

<net id="126"><net_src comp="98" pin="1"/><net_sink comp="122" pin=0"/></net>

<net id="127"><net_src comp="18" pin="0"/><net_sink comp="122" pin=1"/></net>

<net id="134"><net_src comp="20" pin="0"/><net_sink comp="128" pin=0"/></net>

<net id="135"><net_src comp="122" pin="2"/><net_sink comp="128" pin=1"/></net>

<net id="136"><net_src comp="14" pin="0"/><net_sink comp="128" pin=2"/></net>

<net id="137"><net_src comp="22" pin="0"/><net_sink comp="128" pin=3"/></net>

<net id="142"><net_src comp="102" pin="1"/><net_sink comp="138" pin=0"/></net>

<net id="143"><net_src comp="24" pin="0"/><net_sink comp="138" pin=1"/></net>

<net id="150"><net_src comp="12" pin="0"/><net_sink comp="144" pin=0"/></net>

<net id="151"><net_src comp="138" pin="2"/><net_sink comp="144" pin=1"/></net>

<net id="152"><net_src comp="14" pin="0"/><net_sink comp="144" pin=2"/></net>

<net id="153"><net_src comp="16" pin="0"/><net_sink comp="144" pin=3"/></net>

<net id="158"><net_src comp="102" pin="1"/><net_sink comp="154" pin=0"/></net>

<net id="159"><net_src comp="26" pin="0"/><net_sink comp="154" pin=1"/></net>

<net id="166"><net_src comp="12" pin="0"/><net_sink comp="160" pin=0"/></net>

<net id="167"><net_src comp="154" pin="2"/><net_sink comp="160" pin=1"/></net>

<net id="168"><net_src comp="14" pin="0"/><net_sink comp="160" pin=2"/></net>

<net id="169"><net_src comp="16" pin="0"/><net_sink comp="160" pin=3"/></net>

<net id="173"><net_src comp="86" pin="2"/><net_sink comp="170" pin=0"/></net>

<net id="179"><net_src comp="28" pin="0"/><net_sink comp="174" pin=0"/></net>

<net id="180"><net_src comp="86" pin="2"/><net_sink comp="174" pin=1"/></net>

<net id="181"><net_src comp="30" pin="0"/><net_sink comp="174" pin=2"/></net>

<net id="185"><net_src comp="174" pin="3"/><net_sink comp="182" pin=0"/></net>

<net id="190"><net_src comp="32" pin="0"/><net_sink comp="186" pin=0"/></net>

<net id="191"><net_src comp="182" pin="1"/><net_sink comp="186" pin=1"/></net>

<net id="197"><net_src comp="34" pin="0"/><net_sink comp="192" pin=0"/></net>

<net id="198"><net_src comp="86" pin="2"/><net_sink comp="192" pin=1"/></net>

<net id="199"><net_src comp="36" pin="0"/><net_sink comp="192" pin=2"/></net>

<net id="203"><net_src comp="192" pin="3"/><net_sink comp="200" pin=0"/></net>

<net id="208"><net_src comp="186" pin="2"/><net_sink comp="204" pin=0"/></net>

<net id="209"><net_src comp="200" pin="1"/><net_sink comp="204" pin=1"/></net>

<net id="216"><net_src comp="38" pin="0"/><net_sink comp="210" pin=0"/></net>

<net id="217"><net_src comp="204" pin="2"/><net_sink comp="210" pin=1"/></net>

<net id="218"><net_src comp="14" pin="0"/><net_sink comp="210" pin=2"/></net>

<net id="219"><net_src comp="40" pin="0"/><net_sink comp="210" pin=3"/></net>

<net id="224"><net_src comp="170" pin="1"/><net_sink comp="220" pin=0"/></net>

<net id="225"><net_src comp="42" pin="0"/><net_sink comp="220" pin=1"/></net>

<net id="232"><net_src comp="12" pin="0"/><net_sink comp="226" pin=0"/></net>

<net id="233"><net_src comp="220" pin="2"/><net_sink comp="226" pin=1"/></net>

<net id="234"><net_src comp="14" pin="0"/><net_sink comp="226" pin=2"/></net>

<net id="235"><net_src comp="16" pin="0"/><net_sink comp="226" pin=3"/></net>

<net id="240"><net_src comp="170" pin="1"/><net_sink comp="236" pin=0"/></net>

<net id="241"><net_src comp="44" pin="0"/><net_sink comp="236" pin=1"/></net>

<net id="248"><net_src comp="12" pin="0"/><net_sink comp="242" pin=0"/></net>

<net id="249"><net_src comp="236" pin="2"/><net_sink comp="242" pin=1"/></net>

<net id="250"><net_src comp="14" pin="0"/><net_sink comp="242" pin=2"/></net>

<net id="251"><net_src comp="16" pin="0"/><net_sink comp="242" pin=3"/></net>

<net id="256"><net_src comp="170" pin="1"/><net_sink comp="252" pin=0"/></net>

<net id="257"><net_src comp="46" pin="0"/><net_sink comp="252" pin=1"/></net>

<net id="264"><net_src comp="12" pin="0"/><net_sink comp="258" pin=0"/></net>

<net id="265"><net_src comp="252" pin="2"/><net_sink comp="258" pin=1"/></net>

<net id="266"><net_src comp="14" pin="0"/><net_sink comp="258" pin=2"/></net>

<net id="267"><net_src comp="16" pin="0"/><net_sink comp="258" pin=3"/></net>

<net id="271"><net_src comp="80" pin="2"/><net_sink comp="268" pin=0"/></net>

<net id="275"><net_src comp="80" pin="2"/><net_sink comp="272" pin=0"/></net>

<net id="280"><net_src comp="268" pin="1"/><net_sink comp="276" pin=0"/></net>

<net id="281"><net_src comp="48" pin="0"/><net_sink comp="276" pin=1"/></net>

<net id="288"><net_src comp="12" pin="0"/><net_sink comp="282" pin=0"/></net>

<net id="289"><net_src comp="276" pin="2"/><net_sink comp="282" pin=1"/></net>

<net id="290"><net_src comp="14" pin="0"/><net_sink comp="282" pin=2"/></net>

<net id="291"><net_src comp="16" pin="0"/><net_sink comp="282" pin=3"/></net>

<net id="296"><net_src comp="272" pin="1"/><net_sink comp="292" pin=0"/></net>

<net id="297"><net_src comp="50" pin="0"/><net_sink comp="292" pin=1"/></net>

<net id="304"><net_src comp="20" pin="0"/><net_sink comp="298" pin=0"/></net>

<net id="305"><net_src comp="292" pin="2"/><net_sink comp="298" pin=1"/></net>

<net id="306"><net_src comp="14" pin="0"/><net_sink comp="298" pin=2"/></net>

<net id="307"><net_src comp="22" pin="0"/><net_sink comp="298" pin=3"/></net>

<net id="312"><net_src comp="268" pin="1"/><net_sink comp="308" pin=0"/></net>

<net id="313"><net_src comp="52" pin="0"/><net_sink comp="308" pin=1"/></net>

<net id="320"><net_src comp="12" pin="0"/><net_sink comp="314" pin=0"/></net>

<net id="321"><net_src comp="308" pin="2"/><net_sink comp="314" pin=1"/></net>

<net id="322"><net_src comp="14" pin="0"/><net_sink comp="314" pin=2"/></net>

<net id="323"><net_src comp="16" pin="0"/><net_sink comp="314" pin=3"/></net>

<net id="328"><net_src comp="268" pin="1"/><net_sink comp="324" pin=0"/></net>

<net id="329"><net_src comp="54" pin="0"/><net_sink comp="324" pin=1"/></net>

<net id="336"><net_src comp="12" pin="0"/><net_sink comp="330" pin=0"/></net>

<net id="337"><net_src comp="324" pin="2"/><net_sink comp="330" pin=1"/></net>

<net id="338"><net_src comp="14" pin="0"/><net_sink comp="330" pin=2"/></net>

<net id="339"><net_src comp="16" pin="0"/><net_sink comp="330" pin=3"/></net>

<net id="343"><net_src comp="74" pin="2"/><net_sink comp="340" pin=0"/></net>

<net id="347"><net_src comp="74" pin="2"/><net_sink comp="344" pin=0"/></net>

<net id="352"><net_src comp="344" pin="1"/><net_sink comp="348" pin=0"/></net>

<net id="353"><net_src comp="56" pin="0"/><net_sink comp="348" pin=1"/></net>

<net id="360"><net_src comp="20" pin="0"/><net_sink comp="354" pin=0"/></net>

<net id="361"><net_src comp="348" pin="2"/><net_sink comp="354" pin=1"/></net>

<net id="362"><net_src comp="14" pin="0"/><net_sink comp="354" pin=2"/></net>

<net id="363"><net_src comp="22" pin="0"/><net_sink comp="354" pin=3"/></net>

<net id="368"><net_src comp="340" pin="1"/><net_sink comp="364" pin=0"/></net>

<net id="369"><net_src comp="58" pin="0"/><net_sink comp="364" pin=1"/></net>

<net id="376"><net_src comp="12" pin="0"/><net_sink comp="370" pin=0"/></net>

<net id="377"><net_src comp="364" pin="2"/><net_sink comp="370" pin=1"/></net>

<net id="378"><net_src comp="14" pin="0"/><net_sink comp="370" pin=2"/></net>

<net id="379"><net_src comp="16" pin="0"/><net_sink comp="370" pin=3"/></net>

<net id="384"><net_src comp="340" pin="1"/><net_sink comp="380" pin=0"/></net>

<net id="385"><net_src comp="60" pin="0"/><net_sink comp="380" pin=1"/></net>

<net id="392"><net_src comp="12" pin="0"/><net_sink comp="386" pin=0"/></net>

<net id="393"><net_src comp="380" pin="2"/><net_sink comp="386" pin=1"/></net>

<net id="394"><net_src comp="14" pin="0"/><net_sink comp="386" pin=2"/></net>

<net id="395"><net_src comp="16" pin="0"/><net_sink comp="386" pin=3"/></net>

<net id="400"><net_src comp="344" pin="1"/><net_sink comp="396" pin=0"/></net>

<net id="401"><net_src comp="62" pin="0"/><net_sink comp="396" pin=1"/></net>

<net id="408"><net_src comp="20" pin="0"/><net_sink comp="402" pin=0"/></net>

<net id="409"><net_src comp="396" pin="2"/><net_sink comp="402" pin=1"/></net>

<net id="410"><net_src comp="14" pin="0"/><net_sink comp="402" pin=2"/></net>

<net id="411"><net_src comp="22" pin="0"/><net_sink comp="402" pin=3"/></net>

<net id="435"><net_src comp="421" pin="1"/><net_sink comp="431" pin=0"/></net>

<net id="436"><net_src comp="415" pin="1"/><net_sink comp="431" pin=1"/></net>

<net id="441"><net_src comp="431" pin="2"/><net_sink comp="437" pin=0"/></net>

<net id="442"><net_src comp="427" pin="2"/><net_sink comp="437" pin=1"/></net>

<net id="451"><net_src comp="412" pin="1"/><net_sink comp="447" pin=0"/></net>

<net id="452"><net_src comp="418" pin="1"/><net_sink comp="447" pin=1"/></net>

<net id="457"><net_src comp="447" pin="2"/><net_sink comp="453" pin=0"/></net>

<net id="458"><net_src comp="443" pin="2"/><net_sink comp="453" pin=1"/></net>

<net id="471"><net_src comp="463" pin="2"/><net_sink comp="467" pin=0"/></net>

<net id="472"><net_src comp="459" pin="2"/><net_sink comp="467" pin=1"/></net>

<net id="481"><net_src comp="424" pin="1"/><net_sink comp="477" pin=1"/></net>

<net id="486"><net_src comp="477" pin="2"/><net_sink comp="482" pin=0"/></net>

<net id="487"><net_src comp="473" pin="2"/><net_sink comp="482" pin=1"/></net>

<net id="492"><net_src comp="72" pin="0"/><net_sink comp="488" pin=0"/></net>

<net id="493"><net_src comp="437" pin="2"/><net_sink comp="488" pin=1"/></net>

<net id="498"><net_src comp="488" pin="2"/><net_sink comp="494" pin=0"/></net>

<net id="499"><net_src comp="453" pin="2"/><net_sink comp="494" pin=1"/></net>

<net id="504"><net_src comp="494" pin="2"/><net_sink comp="500" pin=0"/></net>

<net id="505"><net_src comp="467" pin="2"/><net_sink comp="500" pin=1"/></net>

<net id="510"><net_src comp="500" pin="2"/><net_sink comp="506" pin=0"/></net>

<net id="511"><net_src comp="482" pin="2"/><net_sink comp="506" pin=1"/></net>

<net id="515"><net_src comp="112" pin="4"/><net_sink comp="512" pin=0"/></net>

<net id="516"><net_src comp="512" pin="1"/><net_sink comp="427" pin=1"/></net>

<net id="520"><net_src comp="128" pin="4"/><net_sink comp="517" pin=0"/></net>

<net id="521"><net_src comp="517" pin="1"/><net_sink comp="412" pin=0"/></net>

<net id="525"><net_src comp="144" pin="4"/><net_sink comp="522" pin=0"/></net>

<net id="526"><net_src comp="522" pin="1"/><net_sink comp="459" pin=1"/></net>

<net id="530"><net_src comp="160" pin="4"/><net_sink comp="527" pin=0"/></net>

<net id="531"><net_src comp="527" pin="1"/><net_sink comp="473" pin=1"/></net>

<net id="535"><net_src comp="210" pin="4"/><net_sink comp="532" pin=0"/></net>

<net id="536"><net_src comp="532" pin="1"/><net_sink comp="415" pin=0"/></net>

<net id="540"><net_src comp="226" pin="4"/><net_sink comp="537" pin=0"/></net>

<net id="541"><net_src comp="537" pin="1"/><net_sink comp="443" pin=0"/></net>

<net id="545"><net_src comp="242" pin="4"/><net_sink comp="542" pin=0"/></net>

<net id="546"><net_src comp="542" pin="1"/><net_sink comp="459" pin=0"/></net>

<net id="550"><net_src comp="258" pin="4"/><net_sink comp="547" pin=0"/></net>

<net id="551"><net_src comp="547" pin="1"/><net_sink comp="473" pin=0"/></net>

<net id="555"><net_src comp="282" pin="4"/><net_sink comp="552" pin=0"/></net>

<net id="556"><net_src comp="552" pin="1"/><net_sink comp="427" pin=0"/></net>

<net id="560"><net_src comp="298" pin="4"/><net_sink comp="557" pin=0"/></net>

<net id="561"><net_src comp="557" pin="1"/><net_sink comp="418" pin=0"/></net>

<net id="565"><net_src comp="314" pin="4"/><net_sink comp="562" pin=0"/></net>

<net id="566"><net_src comp="562" pin="1"/><net_sink comp="463" pin=0"/></net>

<net id="570"><net_src comp="330" pin="4"/><net_sink comp="567" pin=0"/></net>

<net id="571"><net_src comp="567" pin="1"/><net_sink comp="477" pin=0"/></net>

<net id="575"><net_src comp="354" pin="4"/><net_sink comp="572" pin=0"/></net>

<net id="576"><net_src comp="572" pin="1"/><net_sink comp="421" pin=0"/></net>

<net id="580"><net_src comp="370" pin="4"/><net_sink comp="577" pin=0"/></net>

<net id="581"><net_src comp="577" pin="1"/><net_sink comp="443" pin=1"/></net>

<net id="585"><net_src comp="386" pin="4"/><net_sink comp="582" pin=0"/></net>

<net id="586"><net_src comp="582" pin="1"/><net_sink comp="463" pin=1"/></net>

<net id="590"><net_src comp="402" pin="4"/><net_sink comp="587" pin=0"/></net>

<net id="591"><net_src comp="587" pin="1"/><net_sink comp="424" pin=0"/></net>

</net_list>

</model> 
---------------- Datapath Model END ------------------

* FSMD analyzer results:
  - Output states:
	Port: data_0_val | {}
	Port: data_1_val | {}
	Port: data_2_val | {}
	Port: data_3_val | {}
 - Input state : 
	Port: dense_latency<ap_fixed,ap_fixed<16,6,5,3,0>,config3_2> : data_0_val | {1 }
	Port: dense_latency<ap_fixed,ap_fixed<16,6,5,3,0>,config3_2> : data_1_val | {1 }
	Port: dense_latency<ap_fixed,ap_fixed<16,6,5,3,0>,config3_2> : data_2_val | {1 }
	Port: dense_latency<ap_fixed,ap_fixed<16,6,5,3,0>,config3_2> : data_3_val | {1 }
  - Chain level:
	State 1
		mul_ln78 : 1
		trunc_ln : 2
		mul_ln78_1 : 1
		trunc_ln63_1 : 2
		mul_ln78_2 : 1
		trunc_ln63_2 : 2
		mul_ln78_3 : 1
		trunc_ln63_3 : 2
		sext_ln78 : 1
		sub_ln78 : 2
		sext_ln78_598 : 1
		sub_ln78_1 : 3
		trunc_ln63_4 : 4
		mul_ln78_4 : 1
		trunc_ln63_5 : 2
		mul_ln63 : 1
		trunc_ln63_6 : 2
		mul_ln63_1 : 1
		trunc_ln63_7 : 2
		mul_ln63_2 : 1
		trunc_ln63_8 : 2
		mul_ln78_5 : 1
		trunc_ln63_9 : 2
		mul_ln78_6 : 1
		trunc_ln63_s : 2
		mul_ln63_3 : 1
		trunc_ln63_10 : 2
		mul_ln78_7 : 1
		trunc_ln63_11 : 2
		mul_ln78_8 : 1
		trunc_ln63_12 : 2
		mul_ln63_4 : 1
		trunc_ln63_13 : 2
		mul_ln78_9 : 1
		trunc_ln63_14 : 2
	State 2
		add_ln76_1 : 1
		add_ln76_2 : 2
		add_ln76_4 : 1
		add_ln76_5 : 2
		add_ln76_8 : 1
		add_ln76_10 : 1
		add_ln76_11 : 2
		mrv : 3
		mrv_1 : 4
		mrv_2 : 5
		mrv_3 : 6
		ret_ln85 : 7


============================================================
+ Verbose Summary: Datapath Resource usage 
============================================================

* Functional unit list:
|----------|----------------------------|---------|---------|---------|
| Operation|       Functional Unit      |   DSP   |    FF   |   LUT   |
|----------|----------------------------|---------|---------|---------|
|          |       add_ln76_fu_427      |    0    |    0    |    16   |
|          |      add_ln76_1_fu_431     |    0    |    0    |    22   |
|          |      add_ln76_2_fu_437     |    0    |    0    |    16   |
|          |      add_ln76_3_fu_443     |    0    |    0    |    16   |
|          |      add_ln76_4_fu_447     |    0    |    0    |    22   |
|    add   |      add_ln76_5_fu_453     |    0    |    0    |    16   |
|          |      add_ln76_6_fu_459     |    0    |    0    |    16   |
|          |      add_ln76_7_fu_463     |    0    |    0    |    23   |
|          |      add_ln76_8_fu_467     |    0    |    0    |    16   |
|          |      add_ln76_9_fu_473     |    0    |    0    |    16   |
|          |     add_ln76_10_fu_477     |    0    |    0    |    23   |
|          |     add_ln76_11_fu_482     |    0    |    0    |    16   |
|----------|----------------------------|---------|---------|---------|
|          |       mul_ln78_fu_106      |    1    |    0    |    4    |
|          |      mul_ln78_1_fu_122     |    1    |    0    |    4    |
|          |      mul_ln78_2_fu_138     |    1    |    0    |    4    |
|          |      mul_ln78_3_fu_154     |    1    |    0    |    4    |
|          |      mul_ln78_4_fu_220     |    1    |    0    |    4    |
|          |       mul_ln63_fu_236      |    1    |    0    |    4    |
|          |      mul_ln63_1_fu_252     |    1    |    0    |    4    |
|    mul   |      mul_ln63_2_fu_276     |    1    |    0    |    4    |
|          |      mul_ln78_5_fu_292     |    1    |    0    |    4    |
|          |      mul_ln78_6_fu_308     |    1    |    0    |    4    |
|          |      mul_ln63_3_fu_324     |    1    |    0    |    4    |
|          |      mul_ln78_7_fu_348     |    1    |    0    |    4    |
|          |      mul_ln78_8_fu_364     |    1    |    0    |    4    |
|          |      mul_ln63_4_fu_380     |    1    |    0    |    4    |
|          |      mul_ln78_9_fu_396     |    1    |    0    |    4    |
|----------|----------------------------|---------|---------|---------|
|    sub   |       sub_ln78_fu_186      |    0    |    0    |    23   |
|          |      sub_ln78_1_fu_204     |    0    |    0    |    24   |
|----------|----------------------------|---------|---------|---------|
|          | data_3_val_read_read_fu_74 |    0    |    0    |    0    |
|   read   | data_2_val_read_read_fu_80 |    0    |    0    |    0    |
|          | data_1_val_read_read_fu_86 |    0    |    0    |    0    |
|          | data_0_val_read_read_fu_92 |    0    |    0    |    0    |
|----------|----------------------------|---------|---------|---------|
|          |       sext_ln74_fu_98      |    0    |    0    |    0    |
|          |     sext_ln74_1_fu_102     |    0    |    0    |    0    |
|          |     sext_ln74_2_fu_170     |    0    |    0    |    0    |
|          |      sext_ln78_fu_182      |    0    |    0    |    0    |
|          |    sext_ln78_598_fu_200    |    0    |    0    |    0    |
|          |     sext_ln74_3_fu_268     |    0    |    0    |    0    |
|   sext   |     sext_ln74_4_fu_272     |    0    |    0    |    0    |
|          |     sext_ln63_3_fu_340     |    0    |    0    |    0    |
|          |     sext_ln74_5_fu_344     |    0    |    0    |    0    |
|          |      sext_ln63_fu_412      |    0    |    0    |    0    |
|          |     sext_ln63_1_fu_415     |    0    |    0    |    0    |
|          |     sext_ln63_2_fu_418     |    0    |    0    |    0    |
|          |     sext_ln63_4_fu_421     |    0    |    0    |    0    |
|          |     sext_ln63_5_fu_424     |    0    |    0    |    0    |
|----------|----------------------------|---------|---------|---------|
|          |       trunc_ln_fu_112      |    0    |    0    |    0    |
|          |     trunc_ln63_1_fu_128    |    0    |    0    |    0    |
|          |     trunc_ln63_2_fu_144    |    0    |    0    |    0    |
|          |     trunc_ln63_3_fu_160    |    0    |    0    |    0    |
|          |     trunc_ln63_4_fu_210    |    0    |    0    |    0    |
|          |     trunc_ln63_5_fu_226    |    0    |    0    |    0    |
|          |     trunc_ln63_6_fu_242    |    0    |    0    |    0    |
|partselect|     trunc_ln63_7_fu_258    |    0    |    0    |    0    |
|          |     trunc_ln63_8_fu_282    |    0    |    0    |    0    |
|          |     trunc_ln63_9_fu_298    |    0    |    0    |    0    |
|          |     trunc_ln63_s_fu_314    |    0    |    0    |    0    |
|          |    trunc_ln63_10_fu_330    |    0    |    0    |    0    |
|          |    trunc_ln63_11_fu_354    |    0    |    0    |    0    |
|          |    trunc_ln63_12_fu_370    |    0    |    0    |    0    |
|          |    trunc_ln63_13_fu_386    |    0    |    0    |    0    |
|          |    trunc_ln63_14_fu_402    |    0    |    0    |    0    |
|----------|----------------------------|---------|---------|---------|
|bitconcatenate|        shl_ln_fu_174       |    0    |    0    |    0    |
|          |      shl_ln78_1_fu_192     |    0    |    0    |    0    |
|----------|----------------------------|---------|---------|---------|
|          |         mrv_fu_488         |    0    |    0    |    0    |
|insertvalue|        mrv_1_fu_494        |    0    |    0    |    0    |
|          |        mrv_2_fu_500        |    0    |    0    |    0    |
|          |        mrv_3_fu_506        |    0    |    0    |    0    |
|----------|----------------------------|---------|---------|---------|
|   Total  |                            |    15   |    0    |   325   |
|----------|----------------------------|---------|---------|---------|

Memories:
N/A

* Register list:
+---------------------+--------+
|                     |   FF   |
+---------------------+--------+
|trunc_ln63_10_reg_567|   16   |
|trunc_ln63_11_reg_572|   15   |
|trunc_ln63_12_reg_577|   16   |
|trunc_ln63_13_reg_582|   16   |
|trunc_ln63_14_reg_587|   15   |
| trunc_ln63_1_reg_517|   15   |
| trunc_ln63_2_reg_522|   16   |
| trunc_ln63_3_reg_527|   16   |
| trunc_ln63_4_reg_532|   14   |
| trunc_ln63_5_reg_537|   16   |
| trunc_ln63_6_reg_542|   16   |
| trunc_ln63_7_reg_547|   16   |
| trunc_ln63_8_reg_552|   16   |
| trunc_ln63_9_reg_557|   15   |
| trunc_ln63_s_reg_562|   16   |
|   trunc_ln_reg_512  |   16   |
+---------------------+--------+
|        Total        |   250  |
+---------------------+--------+

* Multiplexer (MUX) list: 
|--------|------|------|------|--------|
|  Comp  |  Pin | Size |  BW  | S x BW |
|--------|------|------|------|--------|
|  Total |      |      |      |    0   |
|--------|------|------|------|--------|



* Summary:
+-----------+--------+--------+--------+
|           |   DSP  |   FF   |   LUT  |
+-----------+--------+--------+--------+
|  Function |   15   |    0   |   325  |
|   Memory  |    -   |    -   |    -   |
|Multiplexer|    -   |    -   |    -   |
|  Register |    -   |   250  |    -   |
+-----------+--------+--------+--------+
|   Total   |   15   |   250  |   325  |
+-----------+--------+--------+--------+
