

================================================================
== Vitis HLS Report for 'transpose_2d_ap_fixed_16_6_5_3_0_ap_fixed_16_6_5_3_0_config4_s'
================================================================
* Date:           Mon Dec  9 05:26:46 2024

* Version:        2023.2 (Build 4023990 on Oct 11 2023)
* Project:        myproject_prj
* Solution:       solution1 (Vivado IP Flow Target)
* Product family: virtexuplus
* Target device:  xcvu13p-flga2577-2-e


================================================================
== Performance Estimates
================================================================
+ Timing: 
    * Summary: 
    +--------+---------+----------+------------+
    |  Clock |  Target | Estimated| Uncertainty|
    +--------+---------+----------+------------+
    |ap_clk  |  5.00 ns|      0 ns|     0.62 ns|
    +--------+---------+----------+------------+

+ Latency: 
    * Summary: 
    +---------+---------+----------+----------+-----+-----+---------+
    |  Latency (cycles) |  Latency (absolute) |  Interval | Pipeline|
    |   min   |   max   |    min   |    max   | min | max |   Type  |
    +---------+---------+----------+----------+-----+-----+---------+
    |        0|        0|      0 ns|      0 ns|    1|    1|      yes|
    +---------+---------+----------+----------+-----+-----+---------+

    + Detail: 
        * Instance: 
        N/A

        * Loop: 
        N/A



================================================================
== Utilization Estimates
================================================================
* Summary: 
+---------------------+---------+-------+---------+---------+------+
|         Name        | BRAM_18K|  DSP  |    FF   |   LUT   | URAM |
+---------------------+---------+-------+---------+---------+------+
|DSP                  |        -|      -|        -|        -|     -|
|Expression           |        -|      -|        -|        -|     -|
|FIFO                 |        -|      -|        -|        -|     -|
|Instance             |        -|      -|        -|        -|     -|
|Memory               |        -|      -|        -|        -|     -|
|Multiplexer          |        -|      -|        -|        -|     -|
|Register             |        -|      -|        -|        -|     -|
+---------------------+---------+-------+---------+---------+------+
|Total                |        0|      0|        0|        0|     0|
+---------------------+---------+-------+---------+---------+------+
|Available SLR        |     1344|   3072|   864000|   432000|   320|
+---------------------+---------+-------+---------+---------+------+
|Utilization SLR (%)  |        0|      0|        0|        0|     0|
+---------------------+---------+-------+---------+---------+------+
|Available            |     5376|  12288|  3456000|  1728000|  1280|
+---------------------+---------+-------+---------+---------+------+
|Utilization (%)      |        0|      0|        0|        0|     0|
+---------------------+---------+-------+---------+---------+------+

+ Detail: 
    * Instance: 
    N/A

    * DSP: 
    N/A

    * Memory: 
    N/A

    * FIFO: 
    N/A

    * Expression: 
    N/A

    * Multiplexer: 
    N/A

    * Register: 
    N/A



================================================================
== Interface
================================================================
* Summary: 
+---------------+-----+-----+------------+---------------------------------------------------------------------------+--------------+
|   RTL Ports   | Dir | Bits|  Protocol  |                               Source Object                               |    C Type    |
+---------------+-----+-----+------------+---------------------------------------------------------------------------+--------------+
|ap_ready       |  out|    1|  ap_ctrl_hs|  transpose_2d<ap_fixed<16, 6, 5, 3, 0>, ap_fixed<16, 6, 5, 3, 0>, config4>|  return value|
|ap_return_0    |  out|   16|  ap_ctrl_hs|  transpose_2d<ap_fixed<16, 6, 5, 3, 0>, ap_fixed<16, 6, 5, 3, 0>, config4>|  return value|
|ap_return_1    |  out|   16|  ap_ctrl_hs|  transpose_2d<ap_fixed<16, 6, 5, 3, 0>, ap_fixed<16, 6, 5, 3, 0>, config4>|  return value|
|ap_return_2    |  out|   16|  ap_ctrl_hs|  transpose_2d<ap_fixed<16, 6, 5, 3, 0>, ap_fixed<16, 6, 5, 3, 0>, config4>|  return value|
|ap_return_3    |  out|   16|  ap_ctrl_hs|  transpose_2d<ap_fixed<16, 6, 5, 3, 0>, ap_fixed<16, 6, 5, 3, 0>, config4>|  return value|
|ap_return_4    |  out|   16|  ap_ctrl_hs|  transpose_2d<ap_fixed<16, 6, 5, 3, 0>, ap_fixed<16, 6, 5, 3, 0>, config4>|  return value|
|ap_return_5    |  out|   16|  ap_ctrl_hs|  transpose_2d<ap_fixed<16, 6, 5, 3, 0>, ap_fixed<16, 6, 5, 3, 0>, config4>|  return value|
|ap_return_6    |  out|   16|  ap_ctrl_hs|  transpose_2d<ap_fixed<16, 6, 5, 3, 0>, ap_fixed<16, 6, 5, 3, 0>, config4>|  return value|
|ap_return_7    |  out|   16|  ap_ctrl_hs|  transpose_2d<ap_fixed<16, 6, 5, 3, 0>, ap_fixed<16, 6, 5, 3, 0>, config4>|  return value|
|ap_return_8    |  out|   16|  ap_ctrl_hs|  transpose_2d<ap_fixed<16, 6, 5, 3, 0>, ap_fixed<16, 6, 5, 3, 0>, config4>|  return value|
|ap_return_9    |  out|   16|  ap_ctrl_hs|  transpose_2d<ap_fixed<16, 6, 5, 3, 0>, ap_fixed<16, 6, 5, 3, 0>, config4>|  return value|
|ap_return_10   |  out|   16|  ap_ctrl_hs|  transpose_2d<ap_fixed<16, 6, 5, 3, 0>, ap_fixed<16, 6, 5, 3, 0>, config4>|  return value|
|ap_return_11   |  out|   16|  ap_ctrl_hs|  transpose_2d<ap_fixed<16, 6, 5, 3, 0>, ap_fixed<16, 6, 5, 3, 0>, config4>|  return value|
|ap_return_12   |  out|   16|  ap_ctrl_hs|  transpose_2d<ap_fixed<16, 6, 5, 3, 0>, ap_fixed<16, 6, 5, 3, 0>, config4>|  return value|
|ap_return_13   |  out|   16|  ap_ctrl_hs|  transpose_2d<ap_fixed<16, 6, 5, 3, 0>, ap_fixed<16, 6, 5, 3, 0>, config4>|  return value|
|ap_return_14   |  out|   16|  ap_ctrl_hs|  transpose_2d<ap_fixed<16, 6, 5, 3, 0>, ap_fixed<16, 6, 5, 3, 0>, config4>|  return value|
|ap_return_15   |  out|   16|  ap_ctrl_hs|  transpose_2d<ap_fixed<16, 6, 5, 3, 0>, ap_fixed<16, 6, 5, 3, 0>, config4>|  return value|
|ap_return_16   |  out|   16|  ap_ctrl_hs|  transpose_2d<ap_fixed<16, 6, 5, 3, 0>, ap_fixed<16, 6, 5, 3, 0>, config4>|  return value|
|ap_return_17   |  out|   16|  ap_ctrl_hs|  transpose_2d<ap_fixed<16, 6, 5, 3, 0>, ap_fixed<16, 6, 5, 3, 0>, config4>|  return value|
|ap_return_18   |  out|   16|  ap_ctrl_hs|  transpose_2d<ap_fixed<16, 6, 5, 3, 0>, ap_fixed<16, 6, 5, 3, 0>, config4>|  return value|
|ap_return_19   |  out|   16|  ap_ctrl_hs|  transpose_2d<ap_fixed<16, 6, 5, 3, 0>, ap_fixed<16, 6, 5, 3, 0>, config4>|  return value|
|ap_return_20   |  out|   16|  ap_ctrl_hs|  transpose_2d<ap_fixed<16, 6, 5, 3, 0>, ap_fixed<16, 6, 5, 3, 0>, config4>|  return value|
|ap_return_21   |  out|   16|  ap_ctrl_hs|  transpose_2d<ap_fixed<16, 6, 5, 3, 0>, ap_fixed<16, 6, 5, 3, 0>, config4>|  return value|
|ap_return_22   |  out|   16|  ap_ctrl_hs|  transpose_2d<ap_fixed<16, 6, 5, 3, 0>, ap_fixed<16, 6, 5, 3, 0>, config4>|  return value|
|ap_return_23   |  out|   16|  ap_ctrl_hs|  transpose_2d<ap_fixed<16, 6, 5, 3, 0>, ap_fixed<16, 6, 5, 3, 0>, config4>|  return value|
|ap_return_24   |  out|   16|  ap_ctrl_hs|  transpose_2d<ap_fixed<16, 6, 5, 3, 0>, ap_fixed<16, 6, 5, 3, 0>, config4>|  return value|
|ap_return_25   |  out|   16|  ap_ctrl_hs|  transpose_2d<ap_fixed<16, 6, 5, 3, 0>, ap_fixed<16, 6, 5, 3, 0>, config4>|  return value|
|ap_return_26   |  out|   16|  ap_ctrl_hs|  transpose_2d<ap_fixed<16, 6, 5, 3, 0>, ap_fixed<16, 6, 5, 3, 0>, config4>|  return value|
|ap_return_27   |  out|   16|  ap_ctrl_hs|  transpose_2d<ap_fixed<16, 6, 5, 3, 0>, ap_fixed<16, 6, 5, 3, 0>, config4>|  return value|
|ap_return_28   |  out|   16|  ap_ctrl_hs|  transpose_2d<ap_fixed<16, 6, 5, 3, 0>, ap_fixed<16, 6, 5, 3, 0>, config4>|  return value|
|ap_return_29   |  out|   16|  ap_ctrl_hs|  transpose_2d<ap_fixed<16, 6, 5, 3, 0>, ap_fixed<16, 6, 5, 3, 0>, config4>|  return value|
|ap_return_30   |  out|   16|  ap_ctrl_hs|  transpose_2d<ap_fixed<16, 6, 5, 3, 0>, ap_fixed<16, 6, 5, 3, 0>, config4>|  return value|
|ap_return_31   |  out|   16|  ap_ctrl_hs|  transpose_2d<ap_fixed<16, 6, 5, 3, 0>, ap_fixed<16, 6, 5, 3, 0>, config4>|  return value|
|ap_return_32   |  out|   16|  ap_ctrl_hs|  transpose_2d<ap_fixed<16, 6, 5, 3, 0>, ap_fixed<16, 6, 5, 3, 0>, config4>|  return value|
|ap_return_33   |  out|   16|  ap_ctrl_hs|  transpose_2d<ap_fixed<16, 6, 5, 3, 0>, ap_fixed<16, 6, 5, 3, 0>, config4>|  return value|
|ap_return_34   |  out|   16|  ap_ctrl_hs|  transpose_2d<ap_fixed<16, 6, 5, 3, 0>, ap_fixed<16, 6, 5, 3, 0>, config4>|  return value|
|ap_return_35   |  out|   16|  ap_ctrl_hs|  transpose_2d<ap_fixed<16, 6, 5, 3, 0>, ap_fixed<16, 6, 5, 3, 0>, config4>|  return value|
|ap_return_36   |  out|   16|  ap_ctrl_hs|  transpose_2d<ap_fixed<16, 6, 5, 3, 0>, ap_fixed<16, 6, 5, 3, 0>, config4>|  return value|
|ap_return_37   |  out|   16|  ap_ctrl_hs|  transpose_2d<ap_fixed<16, 6, 5, 3, 0>, ap_fixed<16, 6, 5, 3, 0>, config4>|  return value|
|ap_return_38   |  out|   16|  ap_ctrl_hs|  transpose_2d<ap_fixed<16, 6, 5, 3, 0>, ap_fixed<16, 6, 5, 3, 0>, config4>|  return value|
|ap_return_39   |  out|   16|  ap_ctrl_hs|  transpose_2d<ap_fixed<16, 6, 5, 3, 0>, ap_fixed<16, 6, 5, 3, 0>, config4>|  return value|
|ap_return_40   |  out|   16|  ap_ctrl_hs|  transpose_2d<ap_fixed<16, 6, 5, 3, 0>, ap_fixed<16, 6, 5, 3, 0>, config4>|  return value|
|ap_return_41   |  out|   16|  ap_ctrl_hs|  transpose_2d<ap_fixed<16, 6, 5, 3, 0>, ap_fixed<16, 6, 5, 3, 0>, config4>|  return value|
|ap_return_42   |  out|   16|  ap_ctrl_hs|  transpose_2d<ap_fixed<16, 6, 5, 3, 0>, ap_fixed<16, 6, 5, 3, 0>, config4>|  return value|
|ap_return_43   |  out|   16|  ap_ctrl_hs|  transpose_2d<ap_fixed<16, 6, 5, 3, 0>, ap_fixed<16, 6, 5, 3, 0>, config4>|  return value|
|ap_return_44   |  out|   16|  ap_ctrl_hs|  transpose_2d<ap_fixed<16, 6, 5, 3, 0>, ap_fixed<16, 6, 5, 3, 0>, config4>|  return value|
|ap_return_45   |  out|   16|  ap_ctrl_hs|  transpose_2d<ap_fixed<16, 6, 5, 3, 0>, ap_fixed<16, 6, 5, 3, 0>, config4>|  return value|
|ap_return_46   |  out|   16|  ap_ctrl_hs|  transpose_2d<ap_fixed<16, 6, 5, 3, 0>, ap_fixed<16, 6, 5, 3, 0>, config4>|  return value|
|ap_return_47   |  out|   16|  ap_ctrl_hs|  transpose_2d<ap_fixed<16, 6, 5, 3, 0>, ap_fixed<16, 6, 5, 3, 0>, config4>|  return value|
|ap_return_48   |  out|   16|  ap_ctrl_hs|  transpose_2d<ap_fixed<16, 6, 5, 3, 0>, ap_fixed<16, 6, 5, 3, 0>, config4>|  return value|
|ap_return_49   |  out|   16|  ap_ctrl_hs|  transpose_2d<ap_fixed<16, 6, 5, 3, 0>, ap_fixed<16, 6, 5, 3, 0>, config4>|  return value|
|ap_return_50   |  out|   16|  ap_ctrl_hs|  transpose_2d<ap_fixed<16, 6, 5, 3, 0>, ap_fixed<16, 6, 5, 3, 0>, config4>|  return value|
|ap_return_51   |  out|   16|  ap_ctrl_hs|  transpose_2d<ap_fixed<16, 6, 5, 3, 0>, ap_fixed<16, 6, 5, 3, 0>, config4>|  return value|
|ap_return_52   |  out|   16|  ap_ctrl_hs|  transpose_2d<ap_fixed<16, 6, 5, 3, 0>, ap_fixed<16, 6, 5, 3, 0>, config4>|  return value|
|ap_return_53   |  out|   16|  ap_ctrl_hs|  transpose_2d<ap_fixed<16, 6, 5, 3, 0>, ap_fixed<16, 6, 5, 3, 0>, config4>|  return value|
|ap_return_54   |  out|   16|  ap_ctrl_hs|  transpose_2d<ap_fixed<16, 6, 5, 3, 0>, ap_fixed<16, 6, 5, 3, 0>, config4>|  return value|
|ap_return_55   |  out|   16|  ap_ctrl_hs|  transpose_2d<ap_fixed<16, 6, 5, 3, 0>, ap_fixed<16, 6, 5, 3, 0>, config4>|  return value|
|ap_return_56   |  out|   16|  ap_ctrl_hs|  transpose_2d<ap_fixed<16, 6, 5, 3, 0>, ap_fixed<16, 6, 5, 3, 0>, config4>|  return value|
|ap_return_57   |  out|   16|  ap_ctrl_hs|  transpose_2d<ap_fixed<16, 6, 5, 3, 0>, ap_fixed<16, 6, 5, 3, 0>, config4>|  return value|
|ap_return_58   |  out|   16|  ap_ctrl_hs|  transpose_2d<ap_fixed<16, 6, 5, 3, 0>, ap_fixed<16, 6, 5, 3, 0>, config4>|  return value|
|ap_return_59   |  out|   16|  ap_ctrl_hs|  transpose_2d<ap_fixed<16, 6, 5, 3, 0>, ap_fixed<16, 6, 5, 3, 0>, config4>|  return value|
|ap_return_60   |  out|   16|  ap_ctrl_hs|  transpose_2d<ap_fixed<16, 6, 5, 3, 0>, ap_fixed<16, 6, 5, 3, 0>, config4>|  return value|
|ap_return_61   |  out|   16|  ap_ctrl_hs|  transpose_2d<ap_fixed<16, 6, 5, 3, 0>, ap_fixed<16, 6, 5, 3, 0>, config4>|  return value|
|ap_return_62   |  out|   16|  ap_ctrl_hs|  transpose_2d<ap_fixed<16, 6, 5, 3, 0>, ap_fixed<16, 6, 5, 3, 0>, config4>|  return value|
|ap_return_63   |  out|   16|  ap_ctrl_hs|  transpose_2d<ap_fixed<16, 6, 5, 3, 0>, ap_fixed<16, 6, 5, 3, 0>, config4>|  return value|
|ap_return_64   |  out|   16|  ap_ctrl_hs|  transpose_2d<ap_fixed<16, 6, 5, 3, 0>, ap_fixed<16, 6, 5, 3, 0>, config4>|  return value|
|ap_return_65   |  out|   16|  ap_ctrl_hs|  transpose_2d<ap_fixed<16, 6, 5, 3, 0>, ap_fixed<16, 6, 5, 3, 0>, config4>|  return value|
|ap_return_66   |  out|   16|  ap_ctrl_hs|  transpose_2d<ap_fixed<16, 6, 5, 3, 0>, ap_fixed<16, 6, 5, 3, 0>, config4>|  return value|
|ap_return_67   |  out|   16|  ap_ctrl_hs|  transpose_2d<ap_fixed<16, 6, 5, 3, 0>, ap_fixed<16, 6, 5, 3, 0>, config4>|  return value|
|ap_return_68   |  out|   16|  ap_ctrl_hs|  transpose_2d<ap_fixed<16, 6, 5, 3, 0>, ap_fixed<16, 6, 5, 3, 0>, config4>|  return value|
|ap_return_69   |  out|   16|  ap_ctrl_hs|  transpose_2d<ap_fixed<16, 6, 5, 3, 0>, ap_fixed<16, 6, 5, 3, 0>, config4>|  return value|
|ap_return_70   |  out|   16|  ap_ctrl_hs|  transpose_2d<ap_fixed<16, 6, 5, 3, 0>, ap_fixed<16, 6, 5, 3, 0>, config4>|  return value|
|ap_return_71   |  out|   16|  ap_ctrl_hs|  transpose_2d<ap_fixed<16, 6, 5, 3, 0>, ap_fixed<16, 6, 5, 3, 0>, config4>|  return value|
|ap_return_72   |  out|   16|  ap_ctrl_hs|  transpose_2d<ap_fixed<16, 6, 5, 3, 0>, ap_fixed<16, 6, 5, 3, 0>, config4>|  return value|
|ap_return_73   |  out|   16|  ap_ctrl_hs|  transpose_2d<ap_fixed<16, 6, 5, 3, 0>, ap_fixed<16, 6, 5, 3, 0>, config4>|  return value|
|ap_return_74   |  out|   16|  ap_ctrl_hs|  transpose_2d<ap_fixed<16, 6, 5, 3, 0>, ap_fixed<16, 6, 5, 3, 0>, config4>|  return value|
|ap_return_75   |  out|   16|  ap_ctrl_hs|  transpose_2d<ap_fixed<16, 6, 5, 3, 0>, ap_fixed<16, 6, 5, 3, 0>, config4>|  return value|
|ap_return_76   |  out|   16|  ap_ctrl_hs|  transpose_2d<ap_fixed<16, 6, 5, 3, 0>, ap_fixed<16, 6, 5, 3, 0>, config4>|  return value|
|ap_return_77   |  out|   16|  ap_ctrl_hs|  transpose_2d<ap_fixed<16, 6, 5, 3, 0>, ap_fixed<16, 6, 5, 3, 0>, config4>|  return value|
|ap_return_78   |  out|   16|  ap_ctrl_hs|  transpose_2d<ap_fixed<16, 6, 5, 3, 0>, ap_fixed<16, 6, 5, 3, 0>, config4>|  return value|
|ap_return_79   |  out|   16|  ap_ctrl_hs|  transpose_2d<ap_fixed<16, 6, 5, 3, 0>, ap_fixed<16, 6, 5, 3, 0>, config4>|  return value|
|ap_return_80   |  out|   16|  ap_ctrl_hs|  transpose_2d<ap_fixed<16, 6, 5, 3, 0>, ap_fixed<16, 6, 5, 3, 0>, config4>|  return value|
|ap_return_81   |  out|   16|  ap_ctrl_hs|  transpose_2d<ap_fixed<16, 6, 5, 3, 0>, ap_fixed<16, 6, 5, 3, 0>, config4>|  return value|
|ap_return_82   |  out|   16|  ap_ctrl_hs|  transpose_2d<ap_fixed<16, 6, 5, 3, 0>, ap_fixed<16, 6, 5, 3, 0>, config4>|  return value|
|ap_return_83   |  out|   16|  ap_ctrl_hs|  transpose_2d<ap_fixed<16, 6, 5, 3, 0>, ap_fixed<16, 6, 5, 3, 0>, config4>|  return value|
|ap_return_84   |  out|   16|  ap_ctrl_hs|  transpose_2d<ap_fixed<16, 6, 5, 3, 0>, ap_fixed<16, 6, 5, 3, 0>, config4>|  return value|
|ap_return_85   |  out|   16|  ap_ctrl_hs|  transpose_2d<ap_fixed<16, 6, 5, 3, 0>, ap_fixed<16, 6, 5, 3, 0>, config4>|  return value|
|ap_return_86   |  out|   16|  ap_ctrl_hs|  transpose_2d<ap_fixed<16, 6, 5, 3, 0>, ap_fixed<16, 6, 5, 3, 0>, config4>|  return value|
|ap_return_87   |  out|   16|  ap_ctrl_hs|  transpose_2d<ap_fixed<16, 6, 5, 3, 0>, ap_fixed<16, 6, 5, 3, 0>, config4>|  return value|
|ap_return_88   |  out|   16|  ap_ctrl_hs|  transpose_2d<ap_fixed<16, 6, 5, 3, 0>, ap_fixed<16, 6, 5, 3, 0>, config4>|  return value|
|ap_return_89   |  out|   16|  ap_ctrl_hs|  transpose_2d<ap_fixed<16, 6, 5, 3, 0>, ap_fixed<16, 6, 5, 3, 0>, config4>|  return value|
|ap_return_90   |  out|   16|  ap_ctrl_hs|  transpose_2d<ap_fixed<16, 6, 5, 3, 0>, ap_fixed<16, 6, 5, 3, 0>, config4>|  return value|
|ap_return_91   |  out|   16|  ap_ctrl_hs|  transpose_2d<ap_fixed<16, 6, 5, 3, 0>, ap_fixed<16, 6, 5, 3, 0>, config4>|  return value|
|ap_return_92   |  out|   16|  ap_ctrl_hs|  transpose_2d<ap_fixed<16, 6, 5, 3, 0>, ap_fixed<16, 6, 5, 3, 0>, config4>|  return value|
|ap_return_93   |  out|   16|  ap_ctrl_hs|  transpose_2d<ap_fixed<16, 6, 5, 3, 0>, ap_fixed<16, 6, 5, 3, 0>, config4>|  return value|
|ap_return_94   |  out|   16|  ap_ctrl_hs|  transpose_2d<ap_fixed<16, 6, 5, 3, 0>, ap_fixed<16, 6, 5, 3, 0>, config4>|  return value|
|ap_return_95   |  out|   16|  ap_ctrl_hs|  transpose_2d<ap_fixed<16, 6, 5, 3, 0>, ap_fixed<16, 6, 5, 3, 0>, config4>|  return value|
|ap_return_96   |  out|   16|  ap_ctrl_hs|  transpose_2d<ap_fixed<16, 6, 5, 3, 0>, ap_fixed<16, 6, 5, 3, 0>, config4>|  return value|
|ap_return_97   |  out|   16|  ap_ctrl_hs|  transpose_2d<ap_fixed<16, 6, 5, 3, 0>, ap_fixed<16, 6, 5, 3, 0>, config4>|  return value|
|ap_return_98   |  out|   16|  ap_ctrl_hs|  transpose_2d<ap_fixed<16, 6, 5, 3, 0>, ap_fixed<16, 6, 5, 3, 0>, config4>|  return value|
|ap_return_99   |  out|   16|  ap_ctrl_hs|  transpose_2d<ap_fixed<16, 6, 5, 3, 0>, ap_fixed<16, 6, 5, 3, 0>, config4>|  return value|
|ap_return_100  |  out|   16|  ap_ctrl_hs|  transpose_2d<ap_fixed<16, 6, 5, 3, 0>, ap_fixed<16, 6, 5, 3, 0>, config4>|  return value|
|ap_return_101  |  out|   16|  ap_ctrl_hs|  transpose_2d<ap_fixed<16, 6, 5, 3, 0>, ap_fixed<16, 6, 5, 3, 0>, config4>|  return value|
|ap_return_102  |  out|   16|  ap_ctrl_hs|  transpose_2d<ap_fixed<16, 6, 5, 3, 0>, ap_fixed<16, 6, 5, 3, 0>, config4>|  return value|
|ap_return_103  |  out|   16|  ap_ctrl_hs|  transpose_2d<ap_fixed<16, 6, 5, 3, 0>, ap_fixed<16, 6, 5, 3, 0>, config4>|  return value|
|ap_return_104  |  out|   16|  ap_ctrl_hs|  transpose_2d<ap_fixed<16, 6, 5, 3, 0>, ap_fixed<16, 6, 5, 3, 0>, config4>|  return value|
|ap_return_105  |  out|   16|  ap_ctrl_hs|  transpose_2d<ap_fixed<16, 6, 5, 3, 0>, ap_fixed<16, 6, 5, 3, 0>, config4>|  return value|
|ap_return_106  |  out|   16|  ap_ctrl_hs|  transpose_2d<ap_fixed<16, 6, 5, 3, 0>, ap_fixed<16, 6, 5, 3, 0>, config4>|  return value|
|ap_return_107  |  out|   16|  ap_ctrl_hs|  transpose_2d<ap_fixed<16, 6, 5, 3, 0>, ap_fixed<16, 6, 5, 3, 0>, config4>|  return value|
|ap_return_108  |  out|   16|  ap_ctrl_hs|  transpose_2d<ap_fixed<16, 6, 5, 3, 0>, ap_fixed<16, 6, 5, 3, 0>, config4>|  return value|
|ap_return_109  |  out|   16|  ap_ctrl_hs|  transpose_2d<ap_fixed<16, 6, 5, 3, 0>, ap_fixed<16, 6, 5, 3, 0>, config4>|  return value|
|ap_return_110  |  out|   16|  ap_ctrl_hs|  transpose_2d<ap_fixed<16, 6, 5, 3, 0>, ap_fixed<16, 6, 5, 3, 0>, config4>|  return value|
|ap_return_111  |  out|   16|  ap_ctrl_hs|  transpose_2d<ap_fixed<16, 6, 5, 3, 0>, ap_fixed<16, 6, 5, 3, 0>, config4>|  return value|
|ap_return_112  |  out|   16|  ap_ctrl_hs|  transpose_2d<ap_fixed<16, 6, 5, 3, 0>, ap_fixed<16, 6, 5, 3, 0>, config4>|  return value|
|ap_return_113  |  out|   16|  ap_ctrl_hs|  transpose_2d<ap_fixed<16, 6, 5, 3, 0>, ap_fixed<16, 6, 5, 3, 0>, config4>|  return value|
|ap_return_114  |  out|   16|  ap_ctrl_hs|  transpose_2d<ap_fixed<16, 6, 5, 3, 0>, ap_fixed<16, 6, 5, 3, 0>, config4>|  return value|
|ap_return_115  |  out|   16|  ap_ctrl_hs|  transpose_2d<ap_fixed<16, 6, 5, 3, 0>, ap_fixed<16, 6, 5, 3, 0>, config4>|  return value|
|ap_return_116  |  out|   16|  ap_ctrl_hs|  transpose_2d<ap_fixed<16, 6, 5, 3, 0>, ap_fixed<16, 6, 5, 3, 0>, config4>|  return value|
|ap_return_117  |  out|   16|  ap_ctrl_hs|  transpose_2d<ap_fixed<16, 6, 5, 3, 0>, ap_fixed<16, 6, 5, 3, 0>, config4>|  return value|
|ap_return_118  |  out|   16|  ap_ctrl_hs|  transpose_2d<ap_fixed<16, 6, 5, 3, 0>, ap_fixed<16, 6, 5, 3, 0>, config4>|  return value|
|ap_return_119  |  out|   16|  ap_ctrl_hs|  transpose_2d<ap_fixed<16, 6, 5, 3, 0>, ap_fixed<16, 6, 5, 3, 0>, config4>|  return value|
|ap_return_120  |  out|   16|  ap_ctrl_hs|  transpose_2d<ap_fixed<16, 6, 5, 3, 0>, ap_fixed<16, 6, 5, 3, 0>, config4>|  return value|
|ap_return_121  |  out|   16|  ap_ctrl_hs|  transpose_2d<ap_fixed<16, 6, 5, 3, 0>, ap_fixed<16, 6, 5, 3, 0>, config4>|  return value|
|ap_return_122  |  out|   16|  ap_ctrl_hs|  transpose_2d<ap_fixed<16, 6, 5, 3, 0>, ap_fixed<16, 6, 5, 3, 0>, config4>|  return value|
|ap_return_123  |  out|   16|  ap_ctrl_hs|  transpose_2d<ap_fixed<16, 6, 5, 3, 0>, ap_fixed<16, 6, 5, 3, 0>, config4>|  return value|
|ap_return_124  |  out|   16|  ap_ctrl_hs|  transpose_2d<ap_fixed<16, 6, 5, 3, 0>, ap_fixed<16, 6, 5, 3, 0>, config4>|  return value|
|ap_return_125  |  out|   16|  ap_ctrl_hs|  transpose_2d<ap_fixed<16, 6, 5, 3, 0>, ap_fixed<16, 6, 5, 3, 0>, config4>|  return value|
|ap_return_126  |  out|   16|  ap_ctrl_hs|  transpose_2d<ap_fixed<16, 6, 5, 3, 0>, ap_fixed<16, 6, 5, 3, 0>, config4>|  return value|
|ap_return_127  |  out|   16|  ap_ctrl_hs|  transpose_2d<ap_fixed<16, 6, 5, 3, 0>, ap_fixed<16, 6, 5, 3, 0>, config4>|  return value|
|ap_return_128  |  out|   16|  ap_ctrl_hs|  transpose_2d<ap_fixed<16, 6, 5, 3, 0>, ap_fixed<16, 6, 5, 3, 0>, config4>|  return value|
|ap_return_129  |  out|   16|  ap_ctrl_hs|  transpose_2d<ap_fixed<16, 6, 5, 3, 0>, ap_fixed<16, 6, 5, 3, 0>, config4>|  return value|
|ap_return_130  |  out|   16|  ap_ctrl_hs|  transpose_2d<ap_fixed<16, 6, 5, 3, 0>, ap_fixed<16, 6, 5, 3, 0>, config4>|  return value|
|ap_return_131  |  out|   16|  ap_ctrl_hs|  transpose_2d<ap_fixed<16, 6, 5, 3, 0>, ap_fixed<16, 6, 5, 3, 0>, config4>|  return value|
|ap_return_132  |  out|   16|  ap_ctrl_hs|  transpose_2d<ap_fixed<16, 6, 5, 3, 0>, ap_fixed<16, 6, 5, 3, 0>, config4>|  return value|
|ap_return_133  |  out|   16|  ap_ctrl_hs|  transpose_2d<ap_fixed<16, 6, 5, 3, 0>, ap_fixed<16, 6, 5, 3, 0>, config4>|  return value|
|ap_return_134  |  out|   16|  ap_ctrl_hs|  transpose_2d<ap_fixed<16, 6, 5, 3, 0>, ap_fixed<16, 6, 5, 3, 0>, config4>|  return value|
|ap_return_135  |  out|   16|  ap_ctrl_hs|  transpose_2d<ap_fixed<16, 6, 5, 3, 0>, ap_fixed<16, 6, 5, 3, 0>, config4>|  return value|
|ap_return_136  |  out|   16|  ap_ctrl_hs|  transpose_2d<ap_fixed<16, 6, 5, 3, 0>, ap_fixed<16, 6, 5, 3, 0>, config4>|  return value|
|ap_return_137  |  out|   16|  ap_ctrl_hs|  transpose_2d<ap_fixed<16, 6, 5, 3, 0>, ap_fixed<16, 6, 5, 3, 0>, config4>|  return value|
|ap_return_138  |  out|   16|  ap_ctrl_hs|  transpose_2d<ap_fixed<16, 6, 5, 3, 0>, ap_fixed<16, 6, 5, 3, 0>, config4>|  return value|
|ap_return_139  |  out|   16|  ap_ctrl_hs|  transpose_2d<ap_fixed<16, 6, 5, 3, 0>, ap_fixed<16, 6, 5, 3, 0>, config4>|  return value|
|ap_return_140  |  out|   16|  ap_ctrl_hs|  transpose_2d<ap_fixed<16, 6, 5, 3, 0>, ap_fixed<16, 6, 5, 3, 0>, config4>|  return value|
|ap_return_141  |  out|   16|  ap_ctrl_hs|  transpose_2d<ap_fixed<16, 6, 5, 3, 0>, ap_fixed<16, 6, 5, 3, 0>, config4>|  return value|
|ap_return_142  |  out|   16|  ap_ctrl_hs|  transpose_2d<ap_fixed<16, 6, 5, 3, 0>, ap_fixed<16, 6, 5, 3, 0>, config4>|  return value|
|ap_return_143  |  out|   16|  ap_ctrl_hs|  transpose_2d<ap_fixed<16, 6, 5, 3, 0>, ap_fixed<16, 6, 5, 3, 0>, config4>|  return value|
|ap_return_144  |  out|   16|  ap_ctrl_hs|  transpose_2d<ap_fixed<16, 6, 5, 3, 0>, ap_fixed<16, 6, 5, 3, 0>, config4>|  return value|
|ap_return_145  |  out|   16|  ap_ctrl_hs|  transpose_2d<ap_fixed<16, 6, 5, 3, 0>, ap_fixed<16, 6, 5, 3, 0>, config4>|  return value|
|ap_return_146  |  out|   16|  ap_ctrl_hs|  transpose_2d<ap_fixed<16, 6, 5, 3, 0>, ap_fixed<16, 6, 5, 3, 0>, config4>|  return value|
|ap_return_147  |  out|   16|  ap_ctrl_hs|  transpose_2d<ap_fixed<16, 6, 5, 3, 0>, ap_fixed<16, 6, 5, 3, 0>, config4>|  return value|
|ap_return_148  |  out|   16|  ap_ctrl_hs|  transpose_2d<ap_fixed<16, 6, 5, 3, 0>, ap_fixed<16, 6, 5, 3, 0>, config4>|  return value|
|ap_return_149  |  out|   16|  ap_ctrl_hs|  transpose_2d<ap_fixed<16, 6, 5, 3, 0>, ap_fixed<16, 6, 5, 3, 0>, config4>|  return value|
|ap_return_150  |  out|   16|  ap_ctrl_hs|  transpose_2d<ap_fixed<16, 6, 5, 3, 0>, ap_fixed<16, 6, 5, 3, 0>, config4>|  return value|
|ap_return_151  |  out|   16|  ap_ctrl_hs|  transpose_2d<ap_fixed<16, 6, 5, 3, 0>, ap_fixed<16, 6, 5, 3, 0>, config4>|  return value|
|ap_return_152  |  out|   16|  ap_ctrl_hs|  transpose_2d<ap_fixed<16, 6, 5, 3, 0>, ap_fixed<16, 6, 5, 3, 0>, config4>|  return value|
|ap_return_153  |  out|   16|  ap_ctrl_hs|  transpose_2d<ap_fixed<16, 6, 5, 3, 0>, ap_fixed<16, 6, 5, 3, 0>, config4>|  return value|
|ap_return_154  |  out|   16|  ap_ctrl_hs|  transpose_2d<ap_fixed<16, 6, 5, 3, 0>, ap_fixed<16, 6, 5, 3, 0>, config4>|  return value|
|ap_return_155  |  out|   16|  ap_ctrl_hs|  transpose_2d<ap_fixed<16, 6, 5, 3, 0>, ap_fixed<16, 6, 5, 3, 0>, config4>|  return value|
|ap_return_156  |  out|   16|  ap_ctrl_hs|  transpose_2d<ap_fixed<16, 6, 5, 3, 0>, ap_fixed<16, 6, 5, 3, 0>, config4>|  return value|
|ap_return_157  |  out|   16|  ap_ctrl_hs|  transpose_2d<ap_fixed<16, 6, 5, 3, 0>, ap_fixed<16, 6, 5, 3, 0>, config4>|  return value|
|ap_return_158  |  out|   16|  ap_ctrl_hs|  transpose_2d<ap_fixed<16, 6, 5, 3, 0>, ap_fixed<16, 6, 5, 3, 0>, config4>|  return value|
|ap_return_159  |  out|   16|  ap_ctrl_hs|  transpose_2d<ap_fixed<16, 6, 5, 3, 0>, ap_fixed<16, 6, 5, 3, 0>, config4>|  return value|
|ap_return_160  |  out|   16|  ap_ctrl_hs|  transpose_2d<ap_fixed<16, 6, 5, 3, 0>, ap_fixed<16, 6, 5, 3, 0>, config4>|  return value|
|ap_return_161  |  out|   16|  ap_ctrl_hs|  transpose_2d<ap_fixed<16, 6, 5, 3, 0>, ap_fixed<16, 6, 5, 3, 0>, config4>|  return value|
|ap_return_162  |  out|   16|  ap_ctrl_hs|  transpose_2d<ap_fixed<16, 6, 5, 3, 0>, ap_fixed<16, 6, 5, 3, 0>, config4>|  return value|
|ap_return_163  |  out|   16|  ap_ctrl_hs|  transpose_2d<ap_fixed<16, 6, 5, 3, 0>, ap_fixed<16, 6, 5, 3, 0>, config4>|  return value|
|ap_return_164  |  out|   16|  ap_ctrl_hs|  transpose_2d<ap_fixed<16, 6, 5, 3, 0>, ap_fixed<16, 6, 5, 3, 0>, config4>|  return value|
|ap_return_165  |  out|   16|  ap_ctrl_hs|  transpose_2d<ap_fixed<16, 6, 5, 3, 0>, ap_fixed<16, 6, 5, 3, 0>, config4>|  return value|
|ap_return_166  |  out|   16|  ap_ctrl_hs|  transpose_2d<ap_fixed<16, 6, 5, 3, 0>, ap_fixed<16, 6, 5, 3, 0>, config4>|  return value|
|ap_return_167  |  out|   16|  ap_ctrl_hs|  transpose_2d<ap_fixed<16, 6, 5, 3, 0>, ap_fixed<16, 6, 5, 3, 0>, config4>|  return value|
|ap_return_168  |  out|   16|  ap_ctrl_hs|  transpose_2d<ap_fixed<16, 6, 5, 3, 0>, ap_fixed<16, 6, 5, 3, 0>, config4>|  return value|
|ap_return_169  |  out|   16|  ap_ctrl_hs|  transpose_2d<ap_fixed<16, 6, 5, 3, 0>, ap_fixed<16, 6, 5, 3, 0>, config4>|  return value|
|ap_return_170  |  out|   16|  ap_ctrl_hs|  transpose_2d<ap_fixed<16, 6, 5, 3, 0>, ap_fixed<16, 6, 5, 3, 0>, config4>|  return value|
|ap_return_171  |  out|   16|  ap_ctrl_hs|  transpose_2d<ap_fixed<16, 6, 5, 3, 0>, ap_fixed<16, 6, 5, 3, 0>, config4>|  return value|
|ap_return_172  |  out|   16|  ap_ctrl_hs|  transpose_2d<ap_fixed<16, 6, 5, 3, 0>, ap_fixed<16, 6, 5, 3, 0>, config4>|  return value|
|ap_return_173  |  out|   16|  ap_ctrl_hs|  transpose_2d<ap_fixed<16, 6, 5, 3, 0>, ap_fixed<16, 6, 5, 3, 0>, config4>|  return value|
|ap_return_174  |  out|   16|  ap_ctrl_hs|  transpose_2d<ap_fixed<16, 6, 5, 3, 0>, ap_fixed<16, 6, 5, 3, 0>, config4>|  return value|
|ap_return_175  |  out|   16|  ap_ctrl_hs|  transpose_2d<ap_fixed<16, 6, 5, 3, 0>, ap_fixed<16, 6, 5, 3, 0>, config4>|  return value|
|ap_return_176  |  out|   16|  ap_ctrl_hs|  transpose_2d<ap_fixed<16, 6, 5, 3, 0>, ap_fixed<16, 6, 5, 3, 0>, config4>|  return value|
|ap_return_177  |  out|   16|  ap_ctrl_hs|  transpose_2d<ap_fixed<16, 6, 5, 3, 0>, ap_fixed<16, 6, 5, 3, 0>, config4>|  return value|
|ap_return_178  |  out|   16|  ap_ctrl_hs|  transpose_2d<ap_fixed<16, 6, 5, 3, 0>, ap_fixed<16, 6, 5, 3, 0>, config4>|  return value|
|ap_return_179  |  out|   16|  ap_ctrl_hs|  transpose_2d<ap_fixed<16, 6, 5, 3, 0>, ap_fixed<16, 6, 5, 3, 0>, config4>|  return value|
|ap_return_180  |  out|   16|  ap_ctrl_hs|  transpose_2d<ap_fixed<16, 6, 5, 3, 0>, ap_fixed<16, 6, 5, 3, 0>, config4>|  return value|
|ap_return_181  |  out|   16|  ap_ctrl_hs|  transpose_2d<ap_fixed<16, 6, 5, 3, 0>, ap_fixed<16, 6, 5, 3, 0>, config4>|  return value|
|ap_return_182  |  out|   16|  ap_ctrl_hs|  transpose_2d<ap_fixed<16, 6, 5, 3, 0>, ap_fixed<16, 6, 5, 3, 0>, config4>|  return value|
|ap_return_183  |  out|   16|  ap_ctrl_hs|  transpose_2d<ap_fixed<16, 6, 5, 3, 0>, ap_fixed<16, 6, 5, 3, 0>, config4>|  return value|
|ap_return_184  |  out|   16|  ap_ctrl_hs|  transpose_2d<ap_fixed<16, 6, 5, 3, 0>, ap_fixed<16, 6, 5, 3, 0>, config4>|  return value|
|ap_return_185  |  out|   16|  ap_ctrl_hs|  transpose_2d<ap_fixed<16, 6, 5, 3, 0>, ap_fixed<16, 6, 5, 3, 0>, config4>|  return value|
|ap_return_186  |  out|   16|  ap_ctrl_hs|  transpose_2d<ap_fixed<16, 6, 5, 3, 0>, ap_fixed<16, 6, 5, 3, 0>, config4>|  return value|
|ap_return_187  |  out|   16|  ap_ctrl_hs|  transpose_2d<ap_fixed<16, 6, 5, 3, 0>, ap_fixed<16, 6, 5, 3, 0>, config4>|  return value|
|ap_return_188  |  out|   16|  ap_ctrl_hs|  transpose_2d<ap_fixed<16, 6, 5, 3, 0>, ap_fixed<16, 6, 5, 3, 0>, config4>|  return value|
|ap_return_189  |  out|   16|  ap_ctrl_hs|  transpose_2d<ap_fixed<16, 6, 5, 3, 0>, ap_fixed<16, 6, 5, 3, 0>, config4>|  return value|
|ap_return_190  |  out|   16|  ap_ctrl_hs|  transpose_2d<ap_fixed<16, 6, 5, 3, 0>, ap_fixed<16, 6, 5, 3, 0>, config4>|  return value|
|ap_return_191  |  out|   16|  ap_ctrl_hs|  transpose_2d<ap_fixed<16, 6, 5, 3, 0>, ap_fixed<16, 6, 5, 3, 0>, config4>|  return value|
|ap_return_192  |  out|   16|  ap_ctrl_hs|  transpose_2d<ap_fixed<16, 6, 5, 3, 0>, ap_fixed<16, 6, 5, 3, 0>, config4>|  return value|
|ap_return_193  |  out|   16|  ap_ctrl_hs|  transpose_2d<ap_fixed<16, 6, 5, 3, 0>, ap_fixed<16, 6, 5, 3, 0>, config4>|  return value|
|ap_return_194  |  out|   16|  ap_ctrl_hs|  transpose_2d<ap_fixed<16, 6, 5, 3, 0>, ap_fixed<16, 6, 5, 3, 0>, config4>|  return value|
|ap_return_195  |  out|   16|  ap_ctrl_hs|  transpose_2d<ap_fixed<16, 6, 5, 3, 0>, ap_fixed<16, 6, 5, 3, 0>, config4>|  return value|
|ap_return_196  |  out|   16|  ap_ctrl_hs|  transpose_2d<ap_fixed<16, 6, 5, 3, 0>, ap_fixed<16, 6, 5, 3, 0>, config4>|  return value|
|ap_return_197  |  out|   16|  ap_ctrl_hs|  transpose_2d<ap_fixed<16, 6, 5, 3, 0>, ap_fixed<16, 6, 5, 3, 0>, config4>|  return value|
|ap_return_198  |  out|   16|  ap_ctrl_hs|  transpose_2d<ap_fixed<16, 6, 5, 3, 0>, ap_fixed<16, 6, 5, 3, 0>, config4>|  return value|
|ap_return_199  |  out|   16|  ap_ctrl_hs|  transpose_2d<ap_fixed<16, 6, 5, 3, 0>, ap_fixed<16, 6, 5, 3, 0>, config4>|  return value|
|data_0_val     |   in|   16|     ap_none|                                                                 data_0_val|        scalar|
|data_1_val     |   in|   16|     ap_none|                                                                 data_1_val|        scalar|
|data_2_val     |   in|   16|     ap_none|                                                                 data_2_val|        scalar|
|data_3_val     |   in|   16|     ap_none|                                                                 data_3_val|        scalar|
|data_4_val     |   in|   16|     ap_none|                                                                 data_4_val|        scalar|
|data_5_val     |   in|   16|     ap_none|                                                                 data_5_val|        scalar|
|data_6_val     |   in|   16|     ap_none|                                                                 data_6_val|        scalar|
|data_7_val     |   in|   16|     ap_none|                                                                 data_7_val|        scalar|
|data_8_val     |   in|   16|     ap_none|                                                                 data_8_val|        scalar|
|data_9_val     |   in|   16|     ap_none|                                                                 data_9_val|        scalar|
|data_10_val    |   in|   16|     ap_none|                                                                data_10_val|        scalar|
|data_11_val    |   in|   16|     ap_none|                                                                data_11_val|        scalar|
|data_12_val    |   in|   16|     ap_none|                                                                data_12_val|        scalar|
|data_13_val    |   in|   16|     ap_none|                                                                data_13_val|        scalar|
|data_14_val    |   in|   16|     ap_none|                                                                data_14_val|        scalar|
|data_15_val    |   in|   16|     ap_none|                                                                data_15_val|        scalar|
|data_16_val    |   in|   16|     ap_none|                                                                data_16_val|        scalar|
|data_17_val    |   in|   16|     ap_none|                                                                data_17_val|        scalar|
|data_18_val    |   in|   16|     ap_none|                                                                data_18_val|        scalar|
|data_19_val    |   in|   16|     ap_none|                                                                data_19_val|        scalar|
|data_20_val    |   in|   16|     ap_none|                                                                data_20_val|        scalar|
|data_21_val    |   in|   16|     ap_none|                                                                data_21_val|        scalar|
|data_22_val    |   in|   16|     ap_none|                                                                data_22_val|        scalar|
|data_23_val    |   in|   16|     ap_none|                                                                data_23_val|        scalar|
|data_24_val    |   in|   16|     ap_none|                                                                data_24_val|        scalar|
|data_25_val    |   in|   16|     ap_none|                                                                data_25_val|        scalar|
|data_26_val    |   in|   16|     ap_none|                                                                data_26_val|        scalar|
|data_27_val    |   in|   16|     ap_none|                                                                data_27_val|        scalar|
|data_28_val    |   in|   16|     ap_none|                                                                data_28_val|        scalar|
|data_29_val    |   in|   16|     ap_none|                                                                data_29_val|        scalar|
|data_30_val    |   in|   16|     ap_none|                                                                data_30_val|        scalar|
|data_31_val    |   in|   16|     ap_none|                                                                data_31_val|        scalar|
|data_32_val    |   in|   16|     ap_none|                                                                data_32_val|        scalar|
|data_33_val    |   in|   16|     ap_none|                                                                data_33_val|        scalar|
|data_34_val    |   in|   16|     ap_none|                                                                data_34_val|        scalar|
|data_35_val    |   in|   16|     ap_none|                                                                data_35_val|        scalar|
|data_36_val    |   in|   16|     ap_none|                                                                data_36_val|        scalar|
|data_37_val    |   in|   16|     ap_none|                                                                data_37_val|        scalar|
|data_38_val    |   in|   16|     ap_none|                                                                data_38_val|        scalar|
|data_39_val    |   in|   16|     ap_none|                                                                data_39_val|        scalar|
|data_40_val    |   in|   16|     ap_none|                                                                data_40_val|        scalar|
|data_41_val    |   in|   16|     ap_none|                                                                data_41_val|        scalar|
|data_42_val    |   in|   16|     ap_none|                                                                data_42_val|        scalar|
|data_43_val    |   in|   16|     ap_none|                                                                data_43_val|        scalar|
|data_44_val    |   in|   16|     ap_none|                                                                data_44_val|        scalar|
|data_45_val    |   in|   16|     ap_none|                                                                data_45_val|        scalar|
|data_46_val    |   in|   16|     ap_none|                                                                data_46_val|        scalar|
|data_47_val    |   in|   16|     ap_none|                                                                data_47_val|        scalar|
|data_48_val    |   in|   16|     ap_none|                                                                data_48_val|        scalar|
|data_49_val    |   in|   16|     ap_none|                                                                data_49_val|        scalar|
|data_50_val    |   in|   16|     ap_none|                                                                data_50_val|        scalar|
|data_51_val    |   in|   16|     ap_none|                                                                data_51_val|        scalar|
|data_52_val    |   in|   16|     ap_none|                                                                data_52_val|        scalar|
|data_53_val    |   in|   16|     ap_none|                                                                data_53_val|        scalar|
|data_54_val    |   in|   16|     ap_none|                                                                data_54_val|        scalar|
|data_55_val    |   in|   16|     ap_none|                                                                data_55_val|        scalar|
|data_56_val    |   in|   16|     ap_none|                                                                data_56_val|        scalar|
|data_57_val    |   in|   16|     ap_none|                                                                data_57_val|        scalar|
|data_58_val    |   in|   16|     ap_none|                                                                data_58_val|        scalar|
|data_59_val    |   in|   16|     ap_none|                                                                data_59_val|        scalar|
|data_60_val    |   in|   16|     ap_none|                                                                data_60_val|        scalar|
|data_61_val    |   in|   16|     ap_none|                                                                data_61_val|        scalar|
|data_62_val    |   in|   16|     ap_none|                                                                data_62_val|        scalar|
|data_63_val    |   in|   16|     ap_none|                                                                data_63_val|        scalar|
|data_64_val    |   in|   16|     ap_none|                                                                data_64_val|        scalar|
|data_65_val    |   in|   16|     ap_none|                                                                data_65_val|        scalar|
|data_66_val    |   in|   16|     ap_none|                                                                data_66_val|        scalar|
|data_67_val    |   in|   16|     ap_none|                                                                data_67_val|        scalar|
|data_68_val    |   in|   16|     ap_none|                                                                data_68_val|        scalar|
|data_69_val    |   in|   16|     ap_none|                                                                data_69_val|        scalar|
|data_70_val    |   in|   16|     ap_none|                                                                data_70_val|        scalar|
|data_71_val    |   in|   16|     ap_none|                                                                data_71_val|        scalar|
|data_72_val    |   in|   16|     ap_none|                                                                data_72_val|        scalar|
|data_73_val    |   in|   16|     ap_none|                                                                data_73_val|        scalar|
|data_74_val    |   in|   16|     ap_none|                                                                data_74_val|        scalar|
|data_75_val    |   in|   16|     ap_none|                                                                data_75_val|        scalar|
|data_76_val    |   in|   16|     ap_none|                                                                data_76_val|        scalar|
|data_77_val    |   in|   16|     ap_none|                                                                data_77_val|        scalar|
|data_78_val    |   in|   16|     ap_none|                                                                data_78_val|        scalar|
|data_79_val    |   in|   16|     ap_none|                                                                data_79_val|        scalar|
|data_80_val    |   in|   16|     ap_none|                                                                data_80_val|        scalar|
|data_81_val    |   in|   16|     ap_none|                                                                data_81_val|        scalar|
|data_82_val    |   in|   16|     ap_none|                                                                data_82_val|        scalar|
|data_83_val    |   in|   16|     ap_none|                                                                data_83_val|        scalar|
|data_84_val    |   in|   16|     ap_none|                                                                data_84_val|        scalar|
|data_85_val    |   in|   16|     ap_none|                                                                data_85_val|        scalar|
|data_86_val    |   in|   16|     ap_none|                                                                data_86_val|        scalar|
|data_87_val    |   in|   16|     ap_none|                                                                data_87_val|        scalar|
|data_88_val    |   in|   16|     ap_none|                                                                data_88_val|        scalar|
|data_89_val    |   in|   16|     ap_none|                                                                data_89_val|        scalar|
|data_90_val    |   in|   16|     ap_none|                                                                data_90_val|        scalar|
|data_91_val    |   in|   16|     ap_none|                                                                data_91_val|        scalar|
|data_92_val    |   in|   16|     ap_none|                                                                data_92_val|        scalar|
|data_93_val    |   in|   16|     ap_none|                                                                data_93_val|        scalar|
|data_94_val    |   in|   16|     ap_none|                                                                data_94_val|        scalar|
|data_95_val    |   in|   16|     ap_none|                                                                data_95_val|        scalar|
|data_96_val    |   in|   16|     ap_none|                                                                data_96_val|        scalar|
|data_97_val    |   in|   16|     ap_none|                                                                data_97_val|        scalar|
|data_98_val    |   in|   16|     ap_none|                                                                data_98_val|        scalar|
|data_99_val    |   in|   16|     ap_none|                                                                data_99_val|        scalar|
|data_100_val   |   in|   16|     ap_none|                                                               data_100_val|        scalar|
|data_101_val   |   in|   16|     ap_none|                                                               data_101_val|        scalar|
|data_102_val   |   in|   16|     ap_none|                                                               data_102_val|        scalar|
|data_103_val   |   in|   16|     ap_none|                                                               data_103_val|        scalar|
|data_104_val   |   in|   16|     ap_none|                                                               data_104_val|        scalar|
|data_105_val   |   in|   16|     ap_none|                                                               data_105_val|        scalar|
|data_106_val   |   in|   16|     ap_none|                                                               data_106_val|        scalar|
|data_107_val   |   in|   16|     ap_none|                                                               data_107_val|        scalar|
|data_108_val   |   in|   16|     ap_none|                                                               data_108_val|        scalar|
|data_109_val   |   in|   16|     ap_none|                                                               data_109_val|        scalar|
|data_110_val   |   in|   16|     ap_none|                                                               data_110_val|        scalar|
|data_111_val   |   in|   16|     ap_none|                                                               data_111_val|        scalar|
|data_112_val   |   in|   16|     ap_none|                                                               data_112_val|        scalar|
|data_113_val   |   in|   16|     ap_none|                                                               data_113_val|        scalar|
|data_114_val   |   in|   16|     ap_none|                                                               data_114_val|        scalar|
|data_115_val   |   in|   16|     ap_none|                                                               data_115_val|        scalar|
|data_116_val   |   in|   16|     ap_none|                                                               data_116_val|        scalar|
|data_117_val   |   in|   16|     ap_none|                                                               data_117_val|        scalar|
|data_118_val   |   in|   16|     ap_none|                                                               data_118_val|        scalar|
|data_119_val   |   in|   16|     ap_none|                                                               data_119_val|        scalar|
|data_120_val   |   in|   16|     ap_none|                                                               data_120_val|        scalar|
|data_121_val   |   in|   16|     ap_none|                                                               data_121_val|        scalar|
|data_122_val   |   in|   16|     ap_none|                                                               data_122_val|        scalar|
|data_123_val   |   in|   16|     ap_none|                                                               data_123_val|        scalar|
|data_124_val   |   in|   16|     ap_none|                                                               data_124_val|        scalar|
|data_125_val   |   in|   16|     ap_none|                                                               data_125_val|        scalar|
|data_126_val   |   in|   16|     ap_none|                                                               data_126_val|        scalar|
|data_127_val   |   in|   16|     ap_none|                                                               data_127_val|        scalar|
|data_128_val   |   in|   16|     ap_none|                                                               data_128_val|        scalar|
|data_129_val   |   in|   16|     ap_none|                                                               data_129_val|        scalar|
|data_130_val   |   in|   16|     ap_none|                                                               data_130_val|        scalar|
|data_131_val   |   in|   16|     ap_none|                                                               data_131_val|        scalar|
|data_132_val   |   in|   16|     ap_none|                                                               data_132_val|        scalar|
|data_133_val   |   in|   16|     ap_none|                                                               data_133_val|        scalar|
|data_134_val   |   in|   16|     ap_none|                                                               data_134_val|        scalar|
|data_135_val   |   in|   16|     ap_none|                                                               data_135_val|        scalar|
|data_136_val   |   in|   16|     ap_none|                                                               data_136_val|        scalar|
|data_137_val   |   in|   16|     ap_none|                                                               data_137_val|        scalar|
|data_138_val   |   in|   16|     ap_none|                                                               data_138_val|        scalar|
|data_139_val   |   in|   16|     ap_none|                                                               data_139_val|        scalar|
|data_140_val   |   in|   16|     ap_none|                                                               data_140_val|        scalar|
|data_141_val   |   in|   16|     ap_none|                                                               data_141_val|        scalar|
|data_142_val   |   in|   16|     ap_none|                                                               data_142_val|        scalar|
|data_143_val   |   in|   16|     ap_none|                                                               data_143_val|        scalar|
|data_144_val   |   in|   16|     ap_none|                                                               data_144_val|        scalar|
|data_145_val   |   in|   16|     ap_none|                                                               data_145_val|        scalar|
|data_146_val   |   in|   16|     ap_none|                                                               data_146_val|        scalar|
|data_147_val   |   in|   16|     ap_none|                                                               data_147_val|        scalar|
|data_148_val   |   in|   16|     ap_none|                                                               data_148_val|        scalar|
|data_149_val   |   in|   16|     ap_none|                                                               data_149_val|        scalar|
|data_150_val   |   in|   16|     ap_none|                                                               data_150_val|        scalar|
|data_151_val   |   in|   16|     ap_none|                                                               data_151_val|        scalar|
|data_152_val   |   in|   16|     ap_none|                                                               data_152_val|        scalar|
|data_153_val   |   in|   16|     ap_none|                                                               data_153_val|        scalar|
|data_154_val   |   in|   16|     ap_none|                                                               data_154_val|        scalar|
|data_155_val   |   in|   16|     ap_none|                                                               data_155_val|        scalar|
|data_156_val   |   in|   16|     ap_none|                                                               data_156_val|        scalar|
|data_157_val   |   in|   16|     ap_none|                                                               data_157_val|        scalar|
|data_158_val   |   in|   16|     ap_none|                                                               data_158_val|        scalar|
|data_159_val   |   in|   16|     ap_none|                                                               data_159_val|        scalar|
|data_160_val   |   in|   16|     ap_none|                                                               data_160_val|        scalar|
|data_161_val   |   in|   16|     ap_none|                                                               data_161_val|        scalar|
|data_162_val   |   in|   16|     ap_none|                                                               data_162_val|        scalar|
|data_163_val   |   in|   16|     ap_none|                                                               data_163_val|        scalar|
|data_164_val   |   in|   16|     ap_none|                                                               data_164_val|        scalar|
|data_165_val   |   in|   16|     ap_none|                                                               data_165_val|        scalar|
|data_166_val   |   in|   16|     ap_none|                                                               data_166_val|        scalar|
|data_167_val   |   in|   16|     ap_none|                                                               data_167_val|        scalar|
|data_168_val   |   in|   16|     ap_none|                                                               data_168_val|        scalar|
|data_169_val   |   in|   16|     ap_none|                                                               data_169_val|        scalar|
|data_170_val   |   in|   16|     ap_none|                                                               data_170_val|        scalar|
|data_171_val   |   in|   16|     ap_none|                                                               data_171_val|        scalar|
|data_172_val   |   in|   16|     ap_none|                                                               data_172_val|        scalar|
|data_173_val   |   in|   16|     ap_none|                                                               data_173_val|        scalar|
|data_174_val   |   in|   16|     ap_none|                                                               data_174_val|        scalar|
|data_175_val   |   in|   16|     ap_none|                                                               data_175_val|        scalar|
|data_176_val   |   in|   16|     ap_none|                                                               data_176_val|        scalar|
|data_177_val   |   in|   16|     ap_none|                                                               data_177_val|        scalar|
|data_178_val   |   in|   16|     ap_none|                                                               data_178_val|        scalar|
|data_179_val   |   in|   16|     ap_none|                                                               data_179_val|        scalar|
|data_180_val   |   in|   16|     ap_none|                                                               data_180_val|        scalar|
|data_181_val   |   in|   16|     ap_none|                                                               data_181_val|        scalar|
|data_182_val   |   in|   16|     ap_none|                                                               data_182_val|        scalar|
|data_183_val   |   in|   16|     ap_none|                                                               data_183_val|        scalar|
|data_184_val   |   in|   16|     ap_none|                                                               data_184_val|        scalar|
|data_185_val   |   in|   16|     ap_none|                                                               data_185_val|        scalar|
|data_186_val   |   in|   16|     ap_none|                                                               data_186_val|        scalar|
|data_187_val   |   in|   16|     ap_none|                                                               data_187_val|        scalar|
|data_188_val   |   in|   16|     ap_none|                                                               data_188_val|        scalar|
|data_189_val   |   in|   16|     ap_none|                                                               data_189_val|        scalar|
|data_190_val   |   in|   16|     ap_none|                                                               data_190_val|        scalar|
|data_191_val   |   in|   16|     ap_none|                                                               data_191_val|        scalar|
|data_192_val   |   in|   16|     ap_none|                                                               data_192_val|        scalar|
|data_193_val   |   in|   16|     ap_none|                                                               data_193_val|        scalar|
|data_194_val   |   in|   16|     ap_none|                                                               data_194_val|        scalar|
|data_195_val   |   in|   16|     ap_none|                                                               data_195_val|        scalar|
|data_196_val   |   in|   16|     ap_none|                                                               data_196_val|        scalar|
|data_197_val   |   in|   16|     ap_none|                                                               data_197_val|        scalar|
|data_198_val   |   in|   16|     ap_none|                                                               data_198_val|        scalar|
|data_199_val   |   in|   16|     ap_none|                                                               data_199_val|        scalar|
+---------------+-----+-----+------------+---------------------------------------------------------------------------+--------------+

